[2024-08-03T08:30:08.777+0000] {local_task_job_runner.py:120} INFO - ::group::Pre task execution logs
[2024-08-03T08:30:08.790+0000] {taskinstance.py:2076} INFO - Dependencies all met for dep_context=non-requeueable deps ti=<TaskInstance: weather-app.extract_weather_data scheduled__2024-08-02T00:00:00+00:00 [queued]>
[2024-08-03T08:30:08.797+0000] {taskinstance.py:2076} INFO - Dependencies all met for dep_context=requeueable deps ti=<TaskInstance: weather-app.extract_weather_data scheduled__2024-08-02T00:00:00+00:00 [queued]>
[2024-08-03T08:30:08.797+0000] {taskinstance.py:2306} INFO - Starting attempt 1 of 3
[2024-08-03T08:30:08.814+0000] {taskinstance.py:2330} INFO - Executing <Task(SimpleHttpOperator): extract_weather_data> on 2024-08-02 00:00:00+00:00
[2024-08-03T08:30:08.820+0000] {standard_task_runner.py:64} INFO - Started process 1788 to run task
[2024-08-03T08:30:08.823+0000] {standard_task_runner.py:90} INFO - Running: ['airflow', 'tasks', 'run', 'weather-app', 'extract_weather_data', 'scheduled__2024-08-02T00:00:00+00:00', '--job-id', '42', '--raw', '--subdir', 'DAGS_FOLDER/weather_dags.py', '--cfg-path', '/tmp/tmp0qzreq2p']
[2024-08-03T08:30:08.824+0000] {standard_task_runner.py:91} INFO - Job 42: Subtask extract_weather_data
[2024-08-03T08:30:08.865+0000] {task_command.py:426} INFO - Running <TaskInstance: weather-app.extract_weather_data scheduled__2024-08-02T00:00:00+00:00 [running]> on host ip-172-31-15-224.ap-southeast-2.compute.internal
[2024-08-03T08:30:08.935+0000] {taskinstance.py:2648} INFO - Exporting env vars: AIRFLOW_CTX_DAG_OWNER='airflow' AIRFLOW_CTX_DAG_ID='weather-app' AIRFLOW_CTX_TASK_ID='extract_weather_data' AIRFLOW_CTX_EXECUTION_DATE='2024-08-02T00:00:00+00:00' AIRFLOW_CTX_TRY_NUMBER='1' AIRFLOW_CTX_DAG_RUN_ID='scheduled__2024-08-02T00:00:00+00:00'
[2024-08-03T08:30:08.936+0000] {taskinstance.py:430} INFO - ::endgroup::
[2024-08-03T08:30:08.936+0000] {http.py:173} INFO - Calling HTTP method
[2024-08-03T08:30:08.941+0000] {base.py:84} INFO - Using connection ID 'weatherapp_api' for task execution.
[2024-08-03T08:30:08.944+0000] {base.py:84} INFO - Using connection ID 'weatherapp_api' for task execution.
[2024-08-03T08:30:09.275+0000] {http.py:222} INFO - {"coord":{"lon":-122.6762,"lat":45.5234},"weather":[{"id":800,"main":"Clear","description":"clear sky","icon":"01n"}],"base":"stations","main":{"temp":293.17,"feels_like":293.32,"temp_min":291.18,"temp_max":294.51,"pressure":1019,"humidity":80,"sea_level":1019,"grnd_level":1018},"visibility":10000,"wind":{"speed":3.6,"deg":320},"clouds":{"all":0},"dt":1722673662,"sys":{"type":2,"id":2008548,"country":"US","sunrise":1722689854,"sunset":1722742562},"timezone":-25200,"id":5746545,"name":"Portland","cod":200}
[2024-08-03T08:30:09.276+0000] {taskinstance.py:441} INFO - ::group::Post task execution logs
[2024-08-03T08:30:09.293+0000] {taskinstance.py:1206} INFO - Marking task as SUCCESS. dag_id=weather-app, task_id=extract_weather_data, run_id=scheduled__2024-08-02T00:00:00+00:00, execution_date=20240802T000000, start_date=20240803T083008, end_date=20240803T083009
[2024-08-03T08:30:09.317+0000] {local_task_job_runner.py:243} INFO - Task exited with return code 0
[2024-08-03T08:30:09.328+0000] {logging_mixin.py:188} WARNING - /home/ubuntu/airflow-venv/lib/python3.12/site-packages/airflow/models/baseoperator.py:1297 AirflowProviderDeprecationWarning: Call to deprecated class SimpleHttpOperator. (Class `SimpleHttpOperator` is deprecated and will be removed in a future release. Please use `HttpOperator` instead.)
[2024-08-03T08:30:09.338+0000] {taskinstance.py:3503} INFO - 1 downstream tasks scheduled from follow-on schedule check
[2024-08-03T08:30:09.344+0000] {local_task_job_runner.py:222} INFO - ::endgroup::
