2024-08-03 08:28:00.942 [info] Extension host with pid 1315 started
2024-08-03 08:28:00.942 [error] Error: EEXIST: file already exists, open '/home/ubuntu/.vscode-server/data/User/workspaceStorage/f2aff1616d7e7c4045a368d90b9b8c8e/vscode.lock'
2024-08-03 08:28:00.947 [info] Lock '/home/ubuntu/.vscode-server/data/User/workspaceStorage/f2aff1616d7e7c4045a368d90b9b8c8e/vscode.lock': Could not acquire lock, checking if the file is stale.
2024-08-03 08:28:00.959 [info] Lock '/home/ubuntu/.vscode-server/data/User/workspaceStorage/f2aff1616d7e7c4045a368d90b9b8c8e/vscode.lock': The pid 4073 appears to be gone.
2024-08-03 08:28:00.959 [info] Lock '/home/ubuntu/.vscode-server/data/User/workspaceStorage/f2aff1616d7e7c4045a368d90b9b8c8e/vscode.lock': Deleting a stale lock.
2024-08-03 08:28:00.993 [info] Lock '/home/ubuntu/.vscode-server/data/User/workspaceStorage/f2aff1616d7e7c4045a368d90b9b8c8e/vscode.lock': Lock acquired.
2024-08-03 08:28:19.560 [info] ExtensionService#_doActivateExtension vscode.emmet, startup: false, activationEvent: 'onLanguage'
2024-08-03 08:28:20.562 [info] ExtensionService#_doActivateExtension vscode.git-base, startup: true, activationEvent: '*', root cause: vscode.git
2024-08-03 08:28:24.289 [info] ExtensionService#_doActivateExtension vscode.git, startup: true, activationEvent: '*'
2024-08-03 08:28:24.290 [info] ExtensionService#_doActivateExtension vscode.github, startup: true, activationEvent: '*'
2024-08-03 08:28:27.432 [info] Eager extensions activated
2024-08-03 08:28:27.432 [info] ExtensionService#_doActivateExtension vscode.debug-auto-launch, startup: false, activationEvent: 'onStartupFinished'
2024-08-03 08:28:27.433 [info] ExtensionService#_doActivateExtension vscode.merge-conflict, startup: false, activationEvent: 'onStartupFinished'
2024-08-03 08:29:41.451 [info] ExtensionService#_doActivateExtension ms-python.python, startup: false, activationEvent: 'onLanguage:python', root cause: ms-python.debugpy
2024-08-03 08:29:42.740 [info] ExtensionService#_doActivateExtension ms-python.debugpy, startup: false, activationEvent: 'onLanguage:python'
2024-08-03 08:29:42.740 [info] ExtensionService#_doActivateExtension ms-python.vscode-pylance, startup: false, activationEvent: 'onLanguage:python'
2024-08-03 08:37:44.531 [info] ExtensionService#_doActivateExtension mechatroner.rainbow-csv, startup: false, activationEvent: 'onLanguage:plaintext'
2024-08-03 08:44:27.849 [info] ExtensionService#_doActivateExtension vscode.npm, startup: false, activationEvent: 'onTerminalQuickFixRequest:ms-vscode.npm-command'
2024-08-03 08:56:58.765 [warning] [Decorations] CAPPING events from decorations provider vscode.git 10000
2024-08-03 08:57:00.459 [warning] [Decorations] CAPPING events from decorations provider vscode.git 10000
2024-08-03 08:57:01.795 [error] Error: No such branch: master.
	at N.getBranch (/home/ubuntu/.vscode-server/cli/servers/Stable-b1c0a14de1414fcdaa400695b4db1c0799bc3124/server/extensions/git/dist/main.js:2:936645)
	at async T.retryRun (/home/ubuntu/.vscode-server/cli/servers/Stable-b1c0a14de1414fcdaa400695b4db1c0799bc3124/server/extensions/git/dist/main.js:2:1032124)
	at async T.run (/home/ubuntu/.vscode-server/cli/servers/Stable-b1c0a14de1414fcdaa400695b4db1c0799bc3124/server/extensions/git/dist/main.js:2:1031728)
	at async T.getBranch (/home/ubuntu/.vscode-server/cli/servers/Stable-b1c0a14de1414fcdaa400695b4db1c0799bc3124/server/extensions/git/dist/main.js:2:1020077)
	at async T.getBranchBase (/home/ubuntu/.vscode-server/cli/servers/Stable-b1c0a14de1414fcdaa400695b4db1c0799bc3124/server/extensions/git/dist/main.js:2:1020363)
	at async t.GitHistoryProvider.resolveHEADMergeBase (/home/ubuntu/.vscode-server/cli/servers/Stable-b1c0a14de1414fcdaa400695b4db1c0799bc3124/server/extensions/git/dist/main.js:2:948043)
	at async t.GitHistoryProvider.onDidRunGitStatus (/home/ubuntu/.vscode-server/cli/servers/Stable-b1c0a14de1414fcdaa400695b4db1c0799bc3124/server/extensions/git/dist/main.js:2:941421)
2024-08-03 08:57:01.797 [error] Error: No such branch: master.
	at N.getBranch (/home/ubuntu/.vscode-server/cli/servers/Stable-b1c0a14de1414fcdaa400695b4db1c0799bc3124/server/extensions/git/dist/main.js:2:936645)
	at async T.retryRun (/home/ubuntu/.vscode-server/cli/servers/Stable-b1c0a14de1414fcdaa400695b4db1c0799bc3124/server/extensions/git/dist/main.js:2:1032124)
	at async T.run (/home/ubuntu/.vscode-server/cli/servers/Stable-b1c0a14de1414fcdaa400695b4db1c0799bc3124/server/extensions/git/dist/main.js:2:1031728)
	at async T.getBranch (/home/ubuntu/.vscode-server/cli/servers/Stable-b1c0a14de1414fcdaa400695b4db1c0799bc3124/server/extensions/git/dist/main.js:2:1020077)
	at async T.getBranchBase (/home/ubuntu/.vscode-server/cli/servers/Stable-b1c0a14de1414fcdaa400695b4db1c0799bc3124/server/extensions/git/dist/main.js:2:1020363)
	at async t.GitHistoryProvider.resolveHEADMergeBase (/home/ubuntu/.vscode-server/cli/servers/Stable-b1c0a14de1414fcdaa400695b4db1c0799bc3124/server/extensions/git/dist/main.js:2:948043)
	at async t.GitHistoryProvider.onDidRunGitStatus (/home/ubuntu/.vscode-server/cli/servers/Stable-b1c0a14de1414fcdaa400695b4db1c0799bc3124/server/extensions/git/dist/main.js:2:941421)
2024-08-03 08:59:29.669 [warning] [Decorations] CAPPING events from decorations provider vscode.git 10000
2024-08-03 08:59:32.081 [error] Error: No such branch: master.
	at N.getBranch (/home/ubuntu/.vscode-server/cli/servers/Stable-b1c0a14de1414fcdaa400695b4db1c0799bc3124/server/extensions/git/dist/main.js:2:936645)
	at async T.retryRun (/home/ubuntu/.vscode-server/cli/servers/Stable-b1c0a14de1414fcdaa400695b4db1c0799bc3124/server/extensions/git/dist/main.js:2:1032124)
	at async T.run (/home/ubuntu/.vscode-server/cli/servers/Stable-b1c0a14de1414fcdaa400695b4db1c0799bc3124/server/extensions/git/dist/main.js:2:1031728)
	at async T.getBranch (/home/ubuntu/.vscode-server/cli/servers/Stable-b1c0a14de1414fcdaa400695b4db1c0799bc3124/server/extensions/git/dist/main.js:2:1020077)
	at async T.getBranchBase (/home/ubuntu/.vscode-server/cli/servers/Stable-b1c0a14de1414fcdaa400695b4db1c0799bc3124/server/extensions/git/dist/main.js:2:1020363)
	at async t.GitHistoryProvider.resolveHEADMergeBase (/home/ubuntu/.vscode-server/cli/servers/Stable-b1c0a14de1414fcdaa400695b4db1c0799bc3124/server/extensions/git/dist/main.js:2:948043)
	at async t.GitHistoryProvider.onDidRunGitStatus (/home/ubuntu/.vscode-server/cli/servers/Stable-b1c0a14de1414fcdaa400695b4db1c0799bc3124/server/extensions/git/dist/main.js:2:941421)
2024-08-03 09:00:06.401 [warning] [Decorations] CAPPING events from decorations provider vscode.git 10000
2024-08-03 09:00:08.031 [error] Error: No such branch: main.
	at N.getBranch (/home/ubuntu/.vscode-server/cli/servers/Stable-b1c0a14de1414fcdaa400695b4db1c0799bc3124/server/extensions/git/dist/main.js:2:936645)
	at async T.retryRun (/home/ubuntu/.vscode-server/cli/servers/Stable-b1c0a14de1414fcdaa400695b4db1c0799bc3124/server/extensions/git/dist/main.js:2:1032124)
	at async T.run (/home/ubuntu/.vscode-server/cli/servers/Stable-b1c0a14de1414fcdaa400695b4db1c0799bc3124/server/extensions/git/dist/main.js:2:1031728)
	at async T.getBranch (/home/ubuntu/.vscode-server/cli/servers/Stable-b1c0a14de1414fcdaa400695b4db1c0799bc3124/server/extensions/git/dist/main.js:2:1020077)
	at async T.getBranchBase (/home/ubuntu/.vscode-server/cli/servers/Stable-b1c0a14de1414fcdaa400695b4db1c0799bc3124/server/extensions/git/dist/main.js:2:1020363)
	at async t.GitHistoryProvider.resolveHEADMergeBase (/home/ubuntu/.vscode-server/cli/servers/Stable-b1c0a14de1414fcdaa400695b4db1c0799bc3124/server/extensions/git/dist/main.js:2:948043)
	at async t.GitHistoryProvider.onDidRunGitStatus (/home/ubuntu/.vscode-server/cli/servers/Stable-b1c0a14de1414fcdaa400695b4db1c0799bc3124/server/extensions/git/dist/main.js:2:941421)
2024-08-03 09:00:20.676 [warning] [Decorations] CAPPING events from decorations provider vscode.git 10000
2024-08-03 09:00:21.984 [error] Error: No such branch: master.
	at N.getBranch (/home/ubuntu/.vscode-server/cli/servers/Stable-b1c0a14de1414fcdaa400695b4db1c0799bc3124/server/extensions/git/dist/main.js:2:936645)
	at async T.retryRun (/home/ubuntu/.vscode-server/cli/servers/Stable-b1c0a14de1414fcdaa400695b4db1c0799bc3124/server/extensions/git/dist/main.js:2:1032124)
	at async T.run (/home/ubuntu/.vscode-server/cli/servers/Stable-b1c0a14de1414fcdaa400695b4db1c0799bc3124/server/extensions/git/dist/main.js:2:1031728)
	at async T.getBranch (/home/ubuntu/.vscode-server/cli/servers/Stable-b1c0a14de1414fcdaa400695b4db1c0799bc3124/server/extensions/git/dist/main.js:2:1020077)
	at async T.getBranchBase (/home/ubuntu/.vscode-server/cli/servers/Stable-b1c0a14de1414fcdaa400695b4db1c0799bc3124/server/extensions/git/dist/main.js:2:1020363)
	at async t.GitHistoryProvider.resolveHEADMergeBase (/home/ubuntu/.vscode-server/cli/servers/Stable-b1c0a14de1414fcdaa400695b4db1c0799bc3124/server/extensions/git/dist/main.js:2:948043)
	at async t.GitHistoryProvider.onDidRunGitStatus (/home/ubuntu/.vscode-server/cli/servers/Stable-b1c0a14de1414fcdaa400695b4db1c0799bc3124/server/extensions/git/dist/main.js:2:941421)
2024-08-03 09:01:59.977 [warning] [Decorations] CAPPING events from decorations provider vscode.git 10000
2024-08-03 09:02:01.390 [error] Error: No such branch: main.
	at N.getBranch (/home/ubuntu/.vscode-server/cli/servers/Stable-b1c0a14de1414fcdaa400695b4db1c0799bc3124/server/extensions/git/dist/main.js:2:936645)
	at async T.retryRun (/home/ubuntu/.vscode-server/cli/servers/Stable-b1c0a14de1414fcdaa400695b4db1c0799bc3124/server/extensions/git/dist/main.js:2:1032124)
	at async T.run (/home/ubuntu/.vscode-server/cli/servers/Stable-b1c0a14de1414fcdaa400695b4db1c0799bc3124/server/extensions/git/dist/main.js:2:1031728)
	at async T.getBranch (/home/ubuntu/.vscode-server/cli/servers/Stable-b1c0a14de1414fcdaa400695b4db1c0799bc3124/server/extensions/git/dist/main.js:2:1020077)
	at async T.getBranchBase (/home/ubuntu/.vscode-server/cli/servers/Stable-b1c0a14de1414fcdaa400695b4db1c0799bc3124/server/extensions/git/dist/main.js:2:1020363)
	at async t.GitHistoryProvider.resolveHEADMergeBase (/home/ubuntu/.vscode-server/cli/servers/Stable-b1c0a14de1414fcdaa400695b4db1c0799bc3124/server/extensions/git/dist/main.js:2:948043)
	at async t.GitHistoryProvider.onDidRunGitStatus (/home/ubuntu/.vscode-server/cli/servers/Stable-b1c0a14de1414fcdaa400695b4db1c0799bc3124/server/extensions/git/dist/main.js:2:941421)
2024-08-03 09:03:06.514 [warning] [Decorations] CAPPING events from decorations provider vscode.git 10000
2024-08-03 09:03:07.920 [error] Error: No such branch: main.
	at N.getBranch (/home/ubuntu/.vscode-server/cli/servers/Stable-b1c0a14de1414fcdaa400695b4db1c0799bc3124/server/extensions/git/dist/main.js:2:936645)
	at async T.retryRun (/home/ubuntu/.vscode-server/cli/servers/Stable-b1c0a14de1414fcdaa400695b4db1c0799bc3124/server/extensions/git/dist/main.js:2:1032124)
	at async T.run (/home/ubuntu/.vscode-server/cli/servers/Stable-b1c0a14de1414fcdaa400695b4db1c0799bc3124/server/extensions/git/dist/main.js:2:1031728)
	at async T.getBranch (/home/ubuntu/.vscode-server/cli/servers/Stable-b1c0a14de1414fcdaa400695b4db1c0799bc3124/server/extensions/git/dist/main.js:2:1020077)
	at async T.getBranchBase (/home/ubuntu/.vscode-server/cli/servers/Stable-b1c0a14de1414fcdaa400695b4db1c0799bc3124/server/extensions/git/dist/main.js:2:1020363)
	at async t.GitHistoryProvider.resolveHEADMergeBase (/home/ubuntu/.vscode-server/cli/servers/Stable-b1c0a14de1414fcdaa400695b4db1c0799bc3124/server/extensions/git/dist/main.js:2:948043)
	at async t.GitHistoryProvider.onDidRunGitStatus (/home/ubuntu/.vscode-server/cli/servers/Stable-b1c0a14de1414fcdaa400695b4db1c0799bc3124/server/extensions/git/dist/main.js:2:941421)
2024-08-03 09:06:00.485 [warning] [Decorations] CAPPING events from decorations provider vscode.git 10000
2024-08-03 09:06:01.912 [error] Error: No such branch: main.
	at N.getBranch (/home/ubuntu/.vscode-server/cli/servers/Stable-b1c0a14de1414fcdaa400695b4db1c0799bc3124/server/extensions/git/dist/main.js:2:936645)
	at async T.retryRun (/home/ubuntu/.vscode-server/cli/servers/Stable-b1c0a14de1414fcdaa400695b4db1c0799bc3124/server/extensions/git/dist/main.js:2:1032124)
	at async T.run (/home/ubuntu/.vscode-server/cli/servers/Stable-b1c0a14de1414fcdaa400695b4db1c0799bc3124/server/extensions/git/dist/main.js:2:1031728)
	at async T.getBranch (/home/ubuntu/.vscode-server/cli/servers/Stable-b1c0a14de1414fcdaa400695b4db1c0799bc3124/server/extensions/git/dist/main.js:2:1020077)
	at async T.getBranchBase (/home/ubuntu/.vscode-server/cli/servers/Stable-b1c0a14de1414fcdaa400695b4db1c0799bc3124/server/extensions/git/dist/main.js:2:1020363)
	at async t.GitHistoryProvider.resolveHEADMergeBase (/home/ubuntu/.vscode-server/cli/servers/Stable-b1c0a14de1414fcdaa400695b4db1c0799bc3124/server/extensions/git/dist/main.js:2:948043)
	at async t.GitHistoryProvider.onDidRunGitStatus (/home/ubuntu/.vscode-server/cli/servers/Stable-b1c0a14de1414fcdaa400695b4db1c0799bc3124/server/extensions/git/dist/main.js:2:941421)
2024-08-03 09:06:13.361 [warning] [Decorations] CAPPING events from decorations provider vscode.git 10000
2024-08-03 09:06:14.656 [error] Error: No such branch: main.
	at N.getBranch (/home/ubuntu/.vscode-server/cli/servers/Stable-b1c0a14de1414fcdaa400695b4db1c0799bc3124/server/extensions/git/dist/main.js:2:936645)
	at async T.retryRun (/home/ubuntu/.vscode-server/cli/servers/Stable-b1c0a14de1414fcdaa400695b4db1c0799bc3124/server/extensions/git/dist/main.js:2:1032124)
	at async T.run (/home/ubuntu/.vscode-server/cli/servers/Stable-b1c0a14de1414fcdaa400695b4db1c0799bc3124/server/extensions/git/dist/main.js:2:1031728)
	at async T.getBranch (/home/ubuntu/.vscode-server/cli/servers/Stable-b1c0a14de1414fcdaa400695b4db1c0799bc3124/server/extensions/git/dist/main.js:2:1020077)
	at async T.getBranchBase (/home/ubuntu/.vscode-server/cli/servers/Stable-b1c0a14de1414fcdaa400695b4db1c0799bc3124/server/extensions/git/dist/main.js:2:1020363)
	at async t.GitHistoryProvider.resolveHEADMergeBase (/home/ubuntu/.vscode-server/cli/servers/Stable-b1c0a14de1414fcdaa400695b4db1c0799bc3124/server/extensions/git/dist/main.js:2:948043)
	at async t.GitHistoryProvider.onDidRunGitStatus (/home/ubuntu/.vscode-server/cli/servers/Stable-b1c0a14de1414fcdaa400695b4db1c0799bc3124/server/extensions/git/dist/main.js:2:941421)
2024-08-03 09:08:14.599 [warning] [Decorations] CAPPING events from decorations provider vscode.git 10000
2024-08-03 09:08:15.979 [error] Error: No such branch: main.
	at N.getBranch (/home/ubuntu/.vscode-server/cli/servers/Stable-b1c0a14de1414fcdaa400695b4db1c0799bc3124/server/extensions/git/dist/main.js:2:936645)
	at async T.retryRun (/home/ubuntu/.vscode-server/cli/servers/Stable-b1c0a14de1414fcdaa400695b4db1c0799bc3124/server/extensions/git/dist/main.js:2:1032124)
	at async T.run (/home/ubuntu/.vscode-server/cli/servers/Stable-b1c0a14de1414fcdaa400695b4db1c0799bc3124/server/extensions/git/dist/main.js:2:1031728)
	at async T.getBranch (/home/ubuntu/.vscode-server/cli/servers/Stable-b1c0a14de1414fcdaa400695b4db1c0799bc3124/server/extensions/git/dist/main.js:2:1020077)
	at async T.getBranchBase (/home/ubuntu/.vscode-server/cli/servers/Stable-b1c0a14de1414fcdaa400695b4db1c0799bc3124/server/extensions/git/dist/main.js:2:1020363)
	at async t.GitHistoryProvider.resolveHEADMergeBase (/home/ubuntu/.vscode-server/cli/servers/Stable-b1c0a14de1414fcdaa400695b4db1c0799bc3124/server/extensions/git/dist/main.js:2:948043)
	at async t.GitHistoryProvider.onDidRunGitStatus (/home/ubuntu/.vscode-server/cli/servers/Stable-b1c0a14de1414fcdaa400695b4db1c0799bc3124/server/extensions/git/dist/main.js:2:941421)
2024-08-03 09:09:08.103 [warning] [Decorations] CAPPING events from decorations provider vscode.git 10000
2024-08-03 09:09:09.478 [error] Error: No such branch: main.
	at N.getBranch (/home/ubuntu/.vscode-server/cli/servers/Stable-b1c0a14de1414fcdaa400695b4db1c0799bc3124/server/extensions/git/dist/main.js:2:936645)
	at async T.retryRun (/home/ubuntu/.vscode-server/cli/servers/Stable-b1c0a14de1414fcdaa400695b4db1c0799bc3124/server/extensions/git/dist/main.js:2:1032124)
	at async T.run (/home/ubuntu/.vscode-server/cli/servers/Stable-b1c0a14de1414fcdaa400695b4db1c0799bc3124/server/extensions/git/dist/main.js:2:1031728)
	at async T.getBranch (/home/ubuntu/.vscode-server/cli/servers/Stable-b1c0a14de1414fcdaa400695b4db1c0799bc3124/server/extensions/git/dist/main.js:2:1020077)
	at async T.getBranchBase (/home/ubuntu/.vscode-server/cli/servers/Stable-b1c0a14de1414fcdaa400695b4db1c0799bc3124/server/extensions/git/dist/main.js:2:1020363)
	at async t.GitHistoryProvider.resolveHEADMergeBase (/home/ubuntu/.vscode-server/cli/servers/Stable-b1c0a14de1414fcdaa400695b4db1c0799bc3124/server/extensions/git/dist/main.js:2:948043)
	at async t.GitHistoryProvider.onDidRunGitStatus (/home/ubuntu/.vscode-server/cli/servers/Stable-b1c0a14de1414fcdaa400695b4db1c0799bc3124/server/extensions/git/dist/main.js:2:941421)
2024-08-03 09:10:17.746 [warning] [Decorations] CAPPING events from decorations provider vscode.git 10000
2024-08-03 09:10:19.189 [error] Error: No such branch: main.
	at N.getBranch (/home/ubuntu/.vscode-server/cli/servers/Stable-b1c0a14de1414fcdaa400695b4db1c0799bc3124/server/extensions/git/dist/main.js:2:936645)
	at async T.retryRun (/home/ubuntu/.vscode-server/cli/servers/Stable-b1c0a14de1414fcdaa400695b4db1c0799bc3124/server/extensions/git/dist/main.js:2:1032124)
	at async T.run (/home/ubuntu/.vscode-server/cli/servers/Stable-b1c0a14de1414fcdaa400695b4db1c0799bc3124/server/extensions/git/dist/main.js:2:1031728)
	at async T.getBranch (/home/ubuntu/.vscode-server/cli/servers/Stable-b1c0a14de1414fcdaa400695b4db1c0799bc3124/server/extensions/git/dist/main.js:2:1020077)
	at async T.getBranchBase (/home/ubuntu/.vscode-server/cli/servers/Stable-b1c0a14de1414fcdaa400695b4db1c0799bc3124/server/extensions/git/dist/main.js:2:1020363)
	at async t.GitHistoryProvider.resolveHEADMergeBase (/home/ubuntu/.vscode-server/cli/servers/Stable-b1c0a14de1414fcdaa400695b4db1c0799bc3124/server/extensions/git/dist/main.js:2:948043)
	at async t.GitHistoryProvider.onDidRunGitStatus (/home/ubuntu/.vscode-server/cli/servers/Stable-b1c0a14de1414fcdaa400695b4db1c0799bc3124/server/extensions/git/dist/main.js:2:941421)
2024-08-03 09:10:54.282 [warning] [Decorations] CAPPING events from decorations provider vscode.git 10000
2024-08-03 09:10:55.674 [error] Error: No such branch: main.
	at N.getBranch (/home/ubuntu/.vscode-server/cli/servers/Stable-b1c0a14de1414fcdaa400695b4db1c0799bc3124/server/extensions/git/dist/main.js:2:936645)
	at async T.retryRun (/home/ubuntu/.vscode-server/cli/servers/Stable-b1c0a14de1414fcdaa400695b4db1c0799bc3124/server/extensions/git/dist/main.js:2:1032124)
	at async T.run (/home/ubuntu/.vscode-server/cli/servers/Stable-b1c0a14de1414fcdaa400695b4db1c0799bc3124/server/extensions/git/dist/main.js:2:1031728)
	at async T.getBranch (/home/ubuntu/.vscode-server/cli/servers/Stable-b1c0a14de1414fcdaa400695b4db1c0799bc3124/server/extensions/git/dist/main.js:2:1020077)
	at async T.getBranchBase (/home/ubuntu/.vscode-server/cli/servers/Stable-b1c0a14de1414fcdaa400695b4db1c0799bc3124/server/extensions/git/dist/main.js:2:1020363)
	at async t.GitHistoryProvider.resolveHEADMergeBase (/home/ubuntu/.vscode-server/cli/servers/Stable-b1c0a14de1414fcdaa400695b4db1c0799bc3124/server/extensions/git/dist/main.js:2:948043)
	at async t.GitHistoryProvider.onDidRunGitStatus (/home/ubuntu/.vscode-server/cli/servers/Stable-b1c0a14de1414fcdaa400695b4db1c0799bc3124/server/extensions/git/dist/main.js:2:941421)
2024-08-03 09:12:00.494 [warning] [Decorations] CAPPING events from decorations provider vscode.git 10000
2024-08-03 09:12:01.908 [error] Error: No such branch: main.
	at N.getBranch (/home/ubuntu/.vscode-server/cli/servers/Stable-b1c0a14de1414fcdaa400695b4db1c0799bc3124/server/extensions/git/dist/main.js:2:936645)
	at async T.retryRun (/home/ubuntu/.vscode-server/cli/servers/Stable-b1c0a14de1414fcdaa400695b4db1c0799bc3124/server/extensions/git/dist/main.js:2:1032124)
	at async T.run (/home/ubuntu/.vscode-server/cli/servers/Stable-b1c0a14de1414fcdaa400695b4db1c0799bc3124/server/extensions/git/dist/main.js:2:1031728)
	at async T.getBranch (/home/ubuntu/.vscode-server/cli/servers/Stable-b1c0a14de1414fcdaa400695b4db1c0799bc3124/server/extensions/git/dist/main.js:2:1020077)
	at async T.getBranchBase (/home/ubuntu/.vscode-server/cli/servers/Stable-b1c0a14de1414fcdaa400695b4db1c0799bc3124/server/extensions/git/dist/main.js:2:1020363)
	at async t.GitHistoryProvider.resolveHEADMergeBase (/home/ubuntu/.vscode-server/cli/servers/Stable-b1c0a14de1414fcdaa400695b4db1c0799bc3124/server/extensions/git/dist/main.js:2:948043)
	at async t.GitHistoryProvider.onDidRunGitStatus (/home/ubuntu/.vscode-server/cli/servers/Stable-b1c0a14de1414fcdaa400695b4db1c0799bc3124/server/extensions/git/dist/main.js:2:941421)
2024-08-03 09:12:40.138 [warning] [Decorations] CAPPING events from decorations provider vscode.git 10000
2024-08-03 09:12:42.580 [error] Error: No such branch: main.
	at N.getBranch (/home/ubuntu/.vscode-server/cli/servers/Stable-b1c0a14de1414fcdaa400695b4db1c0799bc3124/server/extensions/git/dist/main.js:2:936645)
	at async T.retryRun (/home/ubuntu/.vscode-server/cli/servers/Stable-b1c0a14de1414fcdaa400695b4db1c0799bc3124/server/extensions/git/dist/main.js:2:1032124)
	at async T.run (/home/ubuntu/.vscode-server/cli/servers/Stable-b1c0a14de1414fcdaa400695b4db1c0799bc3124/server/extensions/git/dist/main.js:2:1031728)
	at async T.getBranch (/home/ubuntu/.vscode-server/cli/servers/Stable-b1c0a14de1414fcdaa400695b4db1c0799bc3124/server/extensions/git/dist/main.js:2:1020077)
	at async T.getBranchBase (/home/ubuntu/.vscode-server/cli/servers/Stable-b1c0a14de1414fcdaa400695b4db1c0799bc3124/server/extensions/git/dist/main.js:2:1020363)
	at async t.GitHistoryProvider.resolveHEADMergeBase (/home/ubuntu/.vscode-server/cli/servers/Stable-b1c0a14de1414fcdaa400695b4db1c0799bc3124/server/extensions/git/dist/main.js:2:948043)
	at async t.GitHistoryProvider.onDidRunGitStatus (/home/ubuntu/.vscode-server/cli/servers/Stable-b1c0a14de1414fcdaa400695b4db1c0799bc3124/server/extensions/git/dist/main.js:2:941421)
2024-08-03 09:12:47.049 [warning] [Decorations] CAPPING events from decorations provider vscode.git 10000
2024-08-03 09:12:48.312 [error] Error: No such branch: main.
	at N.getBranch (/home/ubuntu/.vscode-server/cli/servers/Stable-b1c0a14de1414fcdaa400695b4db1c0799bc3124/server/extensions/git/dist/main.js:2:936645)
	at async T.retryRun (/home/ubuntu/.vscode-server/cli/servers/Stable-b1c0a14de1414fcdaa400695b4db1c0799bc3124/server/extensions/git/dist/main.js:2:1032124)
	at async T.run (/home/ubuntu/.vscode-server/cli/servers/Stable-b1c0a14de1414fcdaa400695b4db1c0799bc3124/server/extensions/git/dist/main.js:2:1031728)
	at async T.getBranch (/home/ubuntu/.vscode-server/cli/servers/Stable-b1c0a14de1414fcdaa400695b4db1c0799bc3124/server/extensions/git/dist/main.js:2:1020077)
	at async T.getBranchBase (/home/ubuntu/.vscode-server/cli/servers/Stable-b1c0a14de1414fcdaa400695b4db1c0799bc3124/server/extensions/git/dist/main.js:2:1020363)
	at async t.GitHistoryProvider.resolveHEADMergeBase (/home/ubuntu/.vscode-server/cli/servers/Stable-b1c0a14de1414fcdaa400695b4db1c0799bc3124/server/extensions/git/dist/main.js:2:948043)
	at async t.GitHistoryProvider.onDidRunGitStatus (/home/ubuntu/.vscode-server/cli/servers/Stable-b1c0a14de1414fcdaa400695b4db1c0799bc3124/server/extensions/git/dist/main.js:2:941421)
