[2024-08-03T08:38:44.232+0000] {local_task_job_runner.py:120} INFO - ::group::Pre task execution logs
[2024-08-03T08:38:44.245+0000] {taskinstance.py:2076} INFO - Dependencies all met for dep_context=non-requeueable deps ti=<TaskInstance: weather-app.extract_weather_data manual__2024-08-03T08:38:37.208390+00:00 [queued]>
[2024-08-03T08:38:44.251+0000] {taskinstance.py:2076} INFO - Dependencies all met for dep_context=requeueable deps ti=<TaskInstance: weather-app.extract_weather_data manual__2024-08-03T08:38:37.208390+00:00 [queued]>
[2024-08-03T08:38:44.251+0000] {taskinstance.py:2306} INFO - Starting attempt 1 of 3
[2024-08-03T08:38:44.267+0000] {taskinstance.py:2330} INFO - Executing <Task(SimpleHttpOperator): extract_weather_data> on 2024-08-03 08:38:37.208390+00:00
[2024-08-03T08:38:44.273+0000] {standard_task_runner.py:64} INFO - Started process 2380 to run task
[2024-08-03T08:38:44.276+0000] {standard_task_runner.py:90} INFO - Running: ['airflow', 'tasks', 'run', 'weather-app', 'extract_weather_data', 'manual__2024-08-03T08:38:37.208390+00:00', '--job-id', '59', '--raw', '--subdir', 'DAGS_FOLDER/weather_dags.py', '--cfg-path', '/tmp/tmpfrcl031c']
[2024-08-03T08:38:44.277+0000] {standard_task_runner.py:91} INFO - Job 59: Subtask extract_weather_data
[2024-08-03T08:38:44.313+0000] {task_command.py:426} INFO - Running <TaskInstance: weather-app.extract_weather_data manual__2024-08-03T08:38:37.208390+00:00 [running]> on host ip-172-31-15-224.ap-southeast-2.compute.internal
[2024-08-03T08:38:44.382+0000] {taskinstance.py:2648} INFO - Exporting env vars: AIRFLOW_CTX_DAG_OWNER='airflow' AIRFLOW_CTX_DAG_ID='weather-app' AIRFLOW_CTX_TASK_ID='extract_weather_data' AIRFLOW_CTX_EXECUTION_DATE='2024-08-03T08:38:37.208390+00:00' AIRFLOW_CTX_TRY_NUMBER='1' AIRFLOW_CTX_DAG_RUN_ID='manual__2024-08-03T08:38:37.208390+00:00'
[2024-08-03T08:38:44.383+0000] {taskinstance.py:430} INFO - ::endgroup::
[2024-08-03T08:38:44.383+0000] {http.py:173} INFO - Calling HTTP method
[2024-08-03T08:38:44.388+0000] {base.py:84} INFO - Using connection ID 'weatherapp_api' for task execution.
[2024-08-03T08:38:44.391+0000] {base.py:84} INFO - Using connection ID 'weatherapp_api' for task execution.
[2024-08-03T08:38:44.685+0000] {http.py:222} INFO - {"coord":{"lon":-122.6762,"lat":45.5234},"weather":[{"id":800,"main":"Clear","description":"clear sky","icon":"01n"}],"base":"stations","main":{"temp":293.17,"feels_like":293.32,"temp_min":291.18,"temp_max":294.51,"pressure":1019,"humidity":80,"sea_level":1019,"grnd_level":1018},"visibility":10000,"wind":{"speed":3.6,"deg":320},"clouds":{"all":0},"dt":1722673662,"sys":{"type":2,"id":2008548,"country":"US","sunrise":1722689854,"sunset":1722742562},"timezone":-25200,"id":5746545,"name":"Portland","cod":200}
[2024-08-03T08:38:44.686+0000] {taskinstance.py:441} INFO - ::group::Post task execution logs
[2024-08-03T08:38:44.702+0000] {taskinstance.py:1206} INFO - Marking task as SUCCESS. dag_id=weather-app, task_id=extract_weather_data, run_id=manual__2024-08-03T08:38:37.208390+00:00, execution_date=20240803T083837, start_date=20240803T083844, end_date=20240803T083844
[2024-08-03T08:38:44.730+0000] {local_task_job_runner.py:243} INFO - Task exited with return code 0
[2024-08-03T08:38:44.741+0000] {logging_mixin.py:188} WARNING - /home/ubuntu/airflow-venv/lib/python3.12/site-packages/airflow/models/baseoperator.py:1297 AirflowProviderDeprecationWarning: Call to deprecated class SimpleHttpOperator. (Class `SimpleHttpOperator` is deprecated and will be removed in a future release. Please use `HttpOperator` instead.)
[2024-08-03T08:38:44.750+0000] {taskinstance.py:3503} INFO - 1 downstream tasks scheduled from follow-on schedule check
[2024-08-03T08:38:44.757+0000] {local_task_job_runner.py:222} INFO - ::endgroup::
