[2024-07-31T18:43:30.807+0000] {processor.py:161} INFO - Started process (PID=3491) to work on /home/ubuntu/airflow-venv/lib/python3.12/site-packages/airflow/example_dags/example_latest_only_with_trigger.py
[2024-07-31T18:43:30.807+0000] {processor.py:830} INFO - Processing file /home/ubuntu/airflow-venv/lib/python3.12/site-packages/airflow/example_dags/example_latest_only_with_trigger.py for tasks to queue
[2024-07-31T18:43:30.809+0000] {logging_mixin.py:188} INFO - [2024-07-31T18:43:30.808+0000] {dagbag.py:545} INFO - Filling up the DagBag from /home/ubuntu/airflow-venv/lib/python3.12/site-packages/airflow/example_dags/example_latest_only_with_trigger.py
[2024-07-31T18:43:30.815+0000] {processor.py:840} INFO - DAG(s) 'latest_only_with_trigger' retrieved from /home/ubuntu/airflow-venv/lib/python3.12/site-packages/airflow/example_dags/example_latest_only_with_trigger.py
[2024-07-31T18:43:31.033+0000] {logging_mixin.py:188} INFO - [2024-07-31T18:43:31.032+0000] {override.py:1858} INFO - Created Permission View: can edit on DAG:latest_only_with_trigger
[2024-07-31T18:43:31.047+0000] {logging_mixin.py:188} INFO - [2024-07-31T18:43:31.047+0000] {override.py:1858} INFO - Created Permission View: can read on DAG:latest_only_with_trigger
[2024-07-31T18:43:31.057+0000] {logging_mixin.py:188} INFO - [2024-07-31T18:43:31.057+0000] {override.py:1858} INFO - Created Permission View: can delete on DAG:latest_only_with_trigger
[2024-07-31T18:43:31.057+0000] {logging_mixin.py:188} INFO - [2024-07-31T18:43:31.057+0000] {dag.py:3089} INFO - Sync 1 DAGs
[2024-07-31T18:43:31.068+0000] {logging_mixin.py:188} INFO - [2024-07-31T18:43:31.068+0000] {dag.py:3111} INFO - Creating ORM DAG for latest_only_with_trigger
[2024-07-31T18:43:31.077+0000] {logging_mixin.py:188} INFO - [2024-07-31T18:43:31.077+0000] {dag.py:3947} INFO - Setting next_dagrun for latest_only_with_trigger to 2024-07-31 12:00:00+00:00, run_after=2024-07-31 16:00:00+00:00
[2024-07-31T18:43:31.099+0000] {processor.py:183} INFO - Processing /home/ubuntu/airflow-venv/lib/python3.12/site-packages/airflow/example_dags/example_latest_only_with_trigger.py took 0.298 seconds
[2024-07-31T18:44:24.089+0000] {processor.py:161} INFO - Started process (PID=3546) to work on /home/ubuntu/airflow-venv/lib/python3.12/site-packages/airflow/example_dags/example_latest_only_with_trigger.py
[2024-07-31T18:44:24.091+0000] {processor.py:830} INFO - Processing file /home/ubuntu/airflow-venv/lib/python3.12/site-packages/airflow/example_dags/example_latest_only_with_trigger.py for tasks to queue
[2024-07-31T18:44:24.092+0000] {logging_mixin.py:188} INFO - [2024-07-31T18:44:24.092+0000] {dagbag.py:545} INFO - Filling up the DagBag from /home/ubuntu/airflow-venv/lib/python3.12/site-packages/airflow/example_dags/example_latest_only_with_trigger.py
[2024-07-31T18:44:24.098+0000] {processor.py:840} INFO - DAG(s) 'latest_only_with_trigger' retrieved from /home/ubuntu/airflow-venv/lib/python3.12/site-packages/airflow/example_dags/example_latest_only_with_trigger.py
[2024-07-31T18:44:24.115+0000] {logging_mixin.py:188} INFO - [2024-07-31T18:44:24.115+0000] {dag.py:3089} INFO - Sync 1 DAGs
[2024-07-31T18:44:24.135+0000] {logging_mixin.py:188} INFO - [2024-07-31T18:44:24.135+0000] {dag.py:3947} INFO - Setting next_dagrun for latest_only_with_trigger to 2024-07-31 12:00:00+00:00, run_after=2024-07-31 16:00:00+00:00
[2024-07-31T18:44:24.159+0000] {processor.py:183} INFO - Processing /home/ubuntu/airflow-venv/lib/python3.12/site-packages/airflow/example_dags/example_latest_only_with_trigger.py took 0.076 seconds
[2024-07-31T18:45:15.012+0000] {processor.py:161} INFO - Started process (PID=3604) to work on /home/ubuntu/airflow-venv/lib/python3.12/site-packages/airflow/example_dags/example_latest_only_with_trigger.py
[2024-07-31T18:45:15.014+0000] {processor.py:830} INFO - Processing file /home/ubuntu/airflow-venv/lib/python3.12/site-packages/airflow/example_dags/example_latest_only_with_trigger.py for tasks to queue
[2024-07-31T18:45:15.016+0000] {logging_mixin.py:188} INFO - [2024-07-31T18:45:15.015+0000] {dagbag.py:545} INFO - Filling up the DagBag from /home/ubuntu/airflow-venv/lib/python3.12/site-packages/airflow/example_dags/example_latest_only_with_trigger.py
[2024-07-31T18:45:15.021+0000] {processor.py:840} INFO - DAG(s) 'latest_only_with_trigger' retrieved from /home/ubuntu/airflow-venv/lib/python3.12/site-packages/airflow/example_dags/example_latest_only_with_trigger.py
[2024-07-31T18:45:15.038+0000] {logging_mixin.py:188} INFO - [2024-07-31T18:45:15.038+0000] {dag.py:3089} INFO - Sync 1 DAGs
[2024-07-31T18:45:15.059+0000] {logging_mixin.py:188} INFO - [2024-07-31T18:45:15.059+0000] {dag.py:3947} INFO - Setting next_dagrun for latest_only_with_trigger to 2024-07-31 12:00:00+00:00, run_after=2024-07-31 16:00:00+00:00
[2024-07-31T18:45:15.083+0000] {processor.py:183} INFO - Processing /home/ubuntu/airflow-venv/lib/python3.12/site-packages/airflow/example_dags/example_latest_only_with_trigger.py took 0.076 seconds
[2024-07-31T18:46:18.434+0000] {processor.py:161} INFO - Started process (PID=3672) to work on /home/ubuntu/airflow-venv/lib/python3.12/site-packages/airflow/example_dags/example_latest_only_with_trigger.py
[2024-07-31T18:46:18.436+0000] {processor.py:830} INFO - Processing file /home/ubuntu/airflow-venv/lib/python3.12/site-packages/airflow/example_dags/example_latest_only_with_trigger.py for tasks to queue
[2024-07-31T18:46:18.437+0000] {logging_mixin.py:188} INFO - [2024-07-31T18:46:18.437+0000] {dagbag.py:545} INFO - Filling up the DagBag from /home/ubuntu/airflow-venv/lib/python3.12/site-packages/airflow/example_dags/example_latest_only_with_trigger.py
[2024-07-31T18:46:18.443+0000] {processor.py:840} INFO - DAG(s) 'latest_only_with_trigger' retrieved from /home/ubuntu/airflow-venv/lib/python3.12/site-packages/airflow/example_dags/example_latest_only_with_trigger.py
[2024-07-31T18:46:18.460+0000] {logging_mixin.py:188} INFO - [2024-07-31T18:46:18.460+0000] {dag.py:3089} INFO - Sync 1 DAGs
[2024-07-31T18:46:18.482+0000] {logging_mixin.py:188} INFO - [2024-07-31T18:46:18.481+0000] {dag.py:3947} INFO - Setting next_dagrun for latest_only_with_trigger to 2024-07-31 12:00:00+00:00, run_after=2024-07-31 16:00:00+00:00
[2024-07-31T18:46:18.506+0000] {processor.py:183} INFO - Processing /home/ubuntu/airflow-venv/lib/python3.12/site-packages/airflow/example_dags/example_latest_only_with_trigger.py took 0.078 seconds
[2024-07-31T18:47:16.030+0000] {processor.py:161} INFO - Started process (PID=3926) to work on /home/ubuntu/airflow-venv/lib/python3.12/site-packages/airflow/example_dags/example_latest_only_with_trigger.py
[2024-07-31T18:47:16.032+0000] {processor.py:830} INFO - Processing file /home/ubuntu/airflow-venv/lib/python3.12/site-packages/airflow/example_dags/example_latest_only_with_trigger.py for tasks to queue
[2024-07-31T18:47:16.034+0000] {logging_mixin.py:188} INFO - [2024-07-31T18:47:16.033+0000] {dagbag.py:545} INFO - Filling up the DagBag from /home/ubuntu/airflow-venv/lib/python3.12/site-packages/airflow/example_dags/example_latest_only_with_trigger.py
[2024-07-31T18:47:16.039+0000] {processor.py:840} INFO - DAG(s) 'latest_only_with_trigger' retrieved from /home/ubuntu/airflow-venv/lib/python3.12/site-packages/airflow/example_dags/example_latest_only_with_trigger.py
[2024-07-31T18:47:16.056+0000] {logging_mixin.py:188} INFO - [2024-07-31T18:47:16.055+0000] {dag.py:3089} INFO - Sync 1 DAGs
[2024-07-31T18:47:16.075+0000] {logging_mixin.py:188} INFO - [2024-07-31T18:47:16.075+0000] {dag.py:3947} INFO - Setting next_dagrun for latest_only_with_trigger to 2024-07-31 12:00:00+00:00, run_after=2024-07-31 16:00:00+00:00
[2024-07-31T18:47:16.099+0000] {processor.py:183} INFO - Processing /home/ubuntu/airflow-venv/lib/python3.12/site-packages/airflow/example_dags/example_latest_only_with_trigger.py took 0.074 seconds
[2024-07-31T18:48:12.250+0000] {processor.py:161} INFO - Started process (PID=4156) to work on /home/ubuntu/airflow-venv/lib/python3.12/site-packages/airflow/example_dags/example_latest_only_with_trigger.py
[2024-07-31T18:48:12.251+0000] {processor.py:830} INFO - Processing file /home/ubuntu/airflow-venv/lib/python3.12/site-packages/airflow/example_dags/example_latest_only_with_trigger.py for tasks to queue
[2024-07-31T18:48:12.253+0000] {logging_mixin.py:188} INFO - [2024-07-31T18:48:12.252+0000] {dagbag.py:545} INFO - Filling up the DagBag from /home/ubuntu/airflow-venv/lib/python3.12/site-packages/airflow/example_dags/example_latest_only_with_trigger.py
[2024-07-31T18:48:12.258+0000] {processor.py:840} INFO - DAG(s) 'latest_only_with_trigger' retrieved from /home/ubuntu/airflow-venv/lib/python3.12/site-packages/airflow/example_dags/example_latest_only_with_trigger.py
[2024-07-31T18:48:12.275+0000] {logging_mixin.py:188} INFO - [2024-07-31T18:48:12.275+0000] {dag.py:3089} INFO - Sync 1 DAGs
[2024-07-31T18:48:12.295+0000] {logging_mixin.py:188} INFO - [2024-07-31T18:48:12.295+0000] {dag.py:3947} INFO - Setting next_dagrun for latest_only_with_trigger to 2024-07-31 12:00:00+00:00, run_after=2024-07-31 16:00:00+00:00
[2024-07-31T18:48:12.318+0000] {processor.py:183} INFO - Processing /home/ubuntu/airflow-venv/lib/python3.12/site-packages/airflow/example_dags/example_latest_only_with_trigger.py took 0.074 seconds
[2024-07-31T18:49:12.477+0000] {processor.py:161} INFO - Started process (PID=4217) to work on /home/ubuntu/airflow-venv/lib/python3.12/site-packages/airflow/example_dags/example_latest_only_with_trigger.py
[2024-07-31T18:49:12.479+0000] {processor.py:830} INFO - Processing file /home/ubuntu/airflow-venv/lib/python3.12/site-packages/airflow/example_dags/example_latest_only_with_trigger.py for tasks to queue
[2024-07-31T18:49:12.481+0000] {logging_mixin.py:188} INFO - [2024-07-31T18:49:12.480+0000] {dagbag.py:545} INFO - Filling up the DagBag from /home/ubuntu/airflow-venv/lib/python3.12/site-packages/airflow/example_dags/example_latest_only_with_trigger.py
[2024-07-31T18:49:12.487+0000] {processor.py:840} INFO - DAG(s) 'latest_only_with_trigger' retrieved from /home/ubuntu/airflow-venv/lib/python3.12/site-packages/airflow/example_dags/example_latest_only_with_trigger.py
[2024-07-31T18:49:12.505+0000] {logging_mixin.py:188} INFO - [2024-07-31T18:49:12.504+0000] {dag.py:3089} INFO - Sync 1 DAGs
[2024-07-31T18:49:12.525+0000] {logging_mixin.py:188} INFO - [2024-07-31T18:49:12.524+0000] {dag.py:3947} INFO - Setting next_dagrun for latest_only_with_trigger to 2024-07-31 12:00:00+00:00, run_after=2024-07-31 16:00:00+00:00
[2024-07-31T18:49:12.550+0000] {processor.py:183} INFO - Processing /home/ubuntu/airflow-venv/lib/python3.12/site-packages/airflow/example_dags/example_latest_only_with_trigger.py took 0.078 seconds
[2024-07-31T18:50:10.762+0000] {processor.py:161} INFO - Started process (PID=4284) to work on /home/ubuntu/airflow-venv/lib/python3.12/site-packages/airflow/example_dags/example_latest_only_with_trigger.py
[2024-07-31T18:50:10.764+0000] {processor.py:830} INFO - Processing file /home/ubuntu/airflow-venv/lib/python3.12/site-packages/airflow/example_dags/example_latest_only_with_trigger.py for tasks to queue
[2024-07-31T18:50:10.766+0000] {logging_mixin.py:188} INFO - [2024-07-31T18:50:10.766+0000] {dagbag.py:545} INFO - Filling up the DagBag from /home/ubuntu/airflow-venv/lib/python3.12/site-packages/airflow/example_dags/example_latest_only_with_trigger.py
[2024-07-31T18:50:10.772+0000] {processor.py:840} INFO - DAG(s) 'latest_only_with_trigger' retrieved from /home/ubuntu/airflow-venv/lib/python3.12/site-packages/airflow/example_dags/example_latest_only_with_trigger.py
[2024-07-31T18:50:10.789+0000] {logging_mixin.py:188} INFO - [2024-07-31T18:50:10.789+0000] {dag.py:3089} INFO - Sync 1 DAGs
[2024-07-31T18:50:10.810+0000] {logging_mixin.py:188} INFO - [2024-07-31T18:50:10.810+0000] {dag.py:3947} INFO - Setting next_dagrun for latest_only_with_trigger to 2024-07-31 12:00:00+00:00, run_after=2024-07-31 16:00:00+00:00
[2024-07-31T18:50:10.835+0000] {processor.py:183} INFO - Processing /home/ubuntu/airflow-venv/lib/python3.12/site-packages/airflow/example_dags/example_latest_only_with_trigger.py took 0.079 seconds
[2024-07-31T18:51:10.985+0000] {processor.py:161} INFO - Started process (PID=4348) to work on /home/ubuntu/airflow-venv/lib/python3.12/site-packages/airflow/example_dags/example_latest_only_with_trigger.py
[2024-07-31T18:51:10.987+0000] {processor.py:830} INFO - Processing file /home/ubuntu/airflow-venv/lib/python3.12/site-packages/airflow/example_dags/example_latest_only_with_trigger.py for tasks to queue
[2024-07-31T18:51:10.989+0000] {logging_mixin.py:188} INFO - [2024-07-31T18:51:10.989+0000] {dagbag.py:545} INFO - Filling up the DagBag from /home/ubuntu/airflow-venv/lib/python3.12/site-packages/airflow/example_dags/example_latest_only_with_trigger.py
[2024-07-31T18:51:10.994+0000] {processor.py:840} INFO - DAG(s) 'latest_only_with_trigger' retrieved from /home/ubuntu/airflow-venv/lib/python3.12/site-packages/airflow/example_dags/example_latest_only_with_trigger.py
[2024-07-31T18:51:11.011+0000] {logging_mixin.py:188} INFO - [2024-07-31T18:51:11.011+0000] {dag.py:3089} INFO - Sync 1 DAGs
[2024-07-31T18:51:11.031+0000] {logging_mixin.py:188} INFO - [2024-07-31T18:51:11.031+0000] {dag.py:3947} INFO - Setting next_dagrun for latest_only_with_trigger to 2024-07-31 12:00:00+00:00, run_after=2024-07-31 16:00:00+00:00
[2024-07-31T18:51:11.054+0000] {processor.py:183} INFO - Processing /home/ubuntu/airflow-venv/lib/python3.12/site-packages/airflow/example_dags/example_latest_only_with_trigger.py took 0.075 seconds
[2024-07-31T18:52:08.741+0000] {processor.py:161} INFO - Started process (PID=4409) to work on /home/ubuntu/airflow-venv/lib/python3.12/site-packages/airflow/example_dags/example_latest_only_with_trigger.py
[2024-07-31T18:52:08.742+0000] {processor.py:830} INFO - Processing file /home/ubuntu/airflow-venv/lib/python3.12/site-packages/airflow/example_dags/example_latest_only_with_trigger.py for tasks to queue
[2024-07-31T18:52:08.744+0000] {logging_mixin.py:188} INFO - [2024-07-31T18:52:08.744+0000] {dagbag.py:545} INFO - Filling up the DagBag from /home/ubuntu/airflow-venv/lib/python3.12/site-packages/airflow/example_dags/example_latest_only_with_trigger.py
[2024-07-31T18:52:08.750+0000] {processor.py:840} INFO - DAG(s) 'latest_only_with_trigger' retrieved from /home/ubuntu/airflow-venv/lib/python3.12/site-packages/airflow/example_dags/example_latest_only_with_trigger.py
[2024-07-31T18:52:08.766+0000] {logging_mixin.py:188} INFO - [2024-07-31T18:52:08.766+0000] {dag.py:3089} INFO - Sync 1 DAGs
[2024-07-31T18:52:08.786+0000] {logging_mixin.py:188} INFO - [2024-07-31T18:52:08.785+0000] {dag.py:3947} INFO - Setting next_dagrun for latest_only_with_trigger to 2024-07-31 12:00:00+00:00, run_after=2024-07-31 16:00:00+00:00
[2024-07-31T18:52:08.808+0000] {processor.py:183} INFO - Processing /home/ubuntu/airflow-venv/lib/python3.12/site-packages/airflow/example_dags/example_latest_only_with_trigger.py took 0.073 seconds
[2024-07-31T18:53:08.609+0000] {processor.py:161} INFO - Started process (PID=4474) to work on /home/ubuntu/airflow-venv/lib/python3.12/site-packages/airflow/example_dags/example_latest_only_with_trigger.py
[2024-07-31T18:53:08.610+0000] {processor.py:830} INFO - Processing file /home/ubuntu/airflow-venv/lib/python3.12/site-packages/airflow/example_dags/example_latest_only_with_trigger.py for tasks to queue
[2024-07-31T18:53:08.611+0000] {logging_mixin.py:188} INFO - [2024-07-31T18:53:08.611+0000] {dagbag.py:545} INFO - Filling up the DagBag from /home/ubuntu/airflow-venv/lib/python3.12/site-packages/airflow/example_dags/example_latest_only_with_trigger.py
[2024-07-31T18:53:08.618+0000] {processor.py:840} INFO - DAG(s) 'latest_only_with_trigger' retrieved from /home/ubuntu/airflow-venv/lib/python3.12/site-packages/airflow/example_dags/example_latest_only_with_trigger.py
[2024-07-31T18:53:08.634+0000] {logging_mixin.py:188} INFO - [2024-07-31T18:53:08.634+0000] {dag.py:3089} INFO - Sync 1 DAGs
[2024-07-31T18:53:08.654+0000] {logging_mixin.py:188} INFO - [2024-07-31T18:53:08.654+0000] {dag.py:3947} INFO - Setting next_dagrun for latest_only_with_trigger to 2024-07-31 12:00:00+00:00, run_after=2024-07-31 16:00:00+00:00
[2024-07-31T18:53:08.678+0000] {processor.py:183} INFO - Processing /home/ubuntu/airflow-venv/lib/python3.12/site-packages/airflow/example_dags/example_latest_only_with_trigger.py took 0.075 seconds
[2024-07-31T18:54:10.627+0000] {processor.py:161} INFO - Started process (PID=4543) to work on /home/ubuntu/airflow-venv/lib/python3.12/site-packages/airflow/example_dags/example_latest_only_with_trigger.py
[2024-07-31T18:54:10.629+0000] {processor.py:830} INFO - Processing file /home/ubuntu/airflow-venv/lib/python3.12/site-packages/airflow/example_dags/example_latest_only_with_trigger.py for tasks to queue
[2024-07-31T18:54:10.630+0000] {logging_mixin.py:188} INFO - [2024-07-31T18:54:10.629+0000] {dagbag.py:545} INFO - Filling up the DagBag from /home/ubuntu/airflow-venv/lib/python3.12/site-packages/airflow/example_dags/example_latest_only_with_trigger.py
[2024-07-31T18:54:10.636+0000] {processor.py:840} INFO - DAG(s) 'latest_only_with_trigger' retrieved from /home/ubuntu/airflow-venv/lib/python3.12/site-packages/airflow/example_dags/example_latest_only_with_trigger.py
[2024-07-31T18:54:10.652+0000] {logging_mixin.py:188} INFO - [2024-07-31T18:54:10.652+0000] {dag.py:3089} INFO - Sync 1 DAGs
[2024-07-31T18:54:10.672+0000] {logging_mixin.py:188} INFO - [2024-07-31T18:54:10.672+0000] {dag.py:3947} INFO - Setting next_dagrun for latest_only_with_trigger to 2024-07-31 12:00:00+00:00, run_after=2024-07-31 16:00:00+00:00
[2024-07-31T18:54:10.694+0000] {processor.py:183} INFO - Processing /home/ubuntu/airflow-venv/lib/python3.12/site-packages/airflow/example_dags/example_latest_only_with_trigger.py took 0.073 seconds
[2024-07-31T18:55:11.258+0000] {processor.py:161} INFO - Started process (PID=4612) to work on /home/ubuntu/airflow-venv/lib/python3.12/site-packages/airflow/example_dags/example_latest_only_with_trigger.py
[2024-07-31T18:55:11.260+0000] {processor.py:830} INFO - Processing file /home/ubuntu/airflow-venv/lib/python3.12/site-packages/airflow/example_dags/example_latest_only_with_trigger.py for tasks to queue
[2024-07-31T18:55:11.261+0000] {logging_mixin.py:188} INFO - [2024-07-31T18:55:11.260+0000] {dagbag.py:545} INFO - Filling up the DagBag from /home/ubuntu/airflow-venv/lib/python3.12/site-packages/airflow/example_dags/example_latest_only_with_trigger.py
[2024-07-31T18:55:11.267+0000] {processor.py:840} INFO - DAG(s) 'latest_only_with_trigger' retrieved from /home/ubuntu/airflow-venv/lib/python3.12/site-packages/airflow/example_dags/example_latest_only_with_trigger.py
[2024-07-31T18:55:11.284+0000] {logging_mixin.py:188} INFO - [2024-07-31T18:55:11.284+0000] {dag.py:3089} INFO - Sync 1 DAGs
[2024-07-31T18:55:11.304+0000] {logging_mixin.py:188} INFO - [2024-07-31T18:55:11.304+0000] {dag.py:3947} INFO - Setting next_dagrun for latest_only_with_trigger to 2024-07-31 12:00:00+00:00, run_after=2024-07-31 16:00:00+00:00
[2024-07-31T18:55:11.328+0000] {processor.py:183} INFO - Processing /home/ubuntu/airflow-venv/lib/python3.12/site-packages/airflow/example_dags/example_latest_only_with_trigger.py took 0.076 seconds
[2024-07-31T18:56:14.683+0000] {processor.py:161} INFO - Started process (PID=4679) to work on /home/ubuntu/airflow-venv/lib/python3.12/site-packages/airflow/example_dags/example_latest_only_with_trigger.py
[2024-07-31T18:56:14.684+0000] {processor.py:830} INFO - Processing file /home/ubuntu/airflow-venv/lib/python3.12/site-packages/airflow/example_dags/example_latest_only_with_trigger.py for tasks to queue
[2024-07-31T18:56:14.685+0000] {logging_mixin.py:188} INFO - [2024-07-31T18:56:14.685+0000] {dagbag.py:545} INFO - Filling up the DagBag from /home/ubuntu/airflow-venv/lib/python3.12/site-packages/airflow/example_dags/example_latest_only_with_trigger.py
[2024-07-31T18:56:14.692+0000] {processor.py:840} INFO - DAG(s) 'latest_only_with_trigger' retrieved from /home/ubuntu/airflow-venv/lib/python3.12/site-packages/airflow/example_dags/example_latest_only_with_trigger.py
[2024-07-31T18:56:14.708+0000] {logging_mixin.py:188} INFO - [2024-07-31T18:56:14.708+0000] {dag.py:3089} INFO - Sync 1 DAGs
[2024-07-31T18:56:14.727+0000] {logging_mixin.py:188} INFO - [2024-07-31T18:56:14.727+0000] {dag.py:3947} INFO - Setting next_dagrun for latest_only_with_trigger to 2024-07-31 12:00:00+00:00, run_after=2024-07-31 16:00:00+00:00
[2024-07-31T18:56:14.750+0000] {processor.py:183} INFO - Processing /home/ubuntu/airflow-venv/lib/python3.12/site-packages/airflow/example_dags/example_latest_only_with_trigger.py took 0.073 seconds
[2024-07-31T18:57:06.243+0000] {processor.py:161} INFO - Started process (PID=5045) to work on /home/ubuntu/airflow-venv/lib/python3.12/site-packages/airflow/example_dags/example_latest_only_with_trigger.py
[2024-07-31T18:57:06.245+0000] {processor.py:830} INFO - Processing file /home/ubuntu/airflow-venv/lib/python3.12/site-packages/airflow/example_dags/example_latest_only_with_trigger.py for tasks to queue
[2024-07-31T18:57:06.246+0000] {logging_mixin.py:188} INFO - [2024-07-31T18:57:06.245+0000] {dagbag.py:545} INFO - Filling up the DagBag from /home/ubuntu/airflow-venv/lib/python3.12/site-packages/airflow/example_dags/example_latest_only_with_trigger.py
[2024-07-31T18:57:06.252+0000] {processor.py:840} INFO - DAG(s) 'latest_only_with_trigger' retrieved from /home/ubuntu/airflow-venv/lib/python3.12/site-packages/airflow/example_dags/example_latest_only_with_trigger.py
[2024-07-31T18:57:06.269+0000] {logging_mixin.py:188} INFO - [2024-07-31T18:57:06.268+0000] {dag.py:3089} INFO - Sync 1 DAGs
[2024-07-31T18:57:06.289+0000] {logging_mixin.py:188} INFO - [2024-07-31T18:57:06.289+0000] {dag.py:3947} INFO - Setting next_dagrun for latest_only_with_trigger to 2024-07-31 12:00:00+00:00, run_after=2024-07-31 16:00:00+00:00
[2024-07-31T18:57:06.313+0000] {processor.py:183} INFO - Processing /home/ubuntu/airflow-venv/lib/python3.12/site-packages/airflow/example_dags/example_latest_only_with_trigger.py took 0.075 seconds
[2024-07-31T18:58:14.186+0000] {processor.py:161} INFO - Started process (PID=5115) to work on /home/ubuntu/airflow-venv/lib/python3.12/site-packages/airflow/example_dags/example_latest_only_with_trigger.py
[2024-07-31T18:58:14.188+0000] {processor.py:830} INFO - Processing file /home/ubuntu/airflow-venv/lib/python3.12/site-packages/airflow/example_dags/example_latest_only_with_trigger.py for tasks to queue
[2024-07-31T18:58:14.189+0000] {logging_mixin.py:188} INFO - [2024-07-31T18:58:14.188+0000] {dagbag.py:545} INFO - Filling up the DagBag from /home/ubuntu/airflow-venv/lib/python3.12/site-packages/airflow/example_dags/example_latest_only_with_trigger.py
[2024-07-31T18:58:14.195+0000] {processor.py:840} INFO - DAG(s) 'latest_only_with_trigger' retrieved from /home/ubuntu/airflow-venv/lib/python3.12/site-packages/airflow/example_dags/example_latest_only_with_trigger.py
[2024-07-31T18:58:14.211+0000] {logging_mixin.py:188} INFO - [2024-07-31T18:58:14.211+0000] {dag.py:3089} INFO - Sync 1 DAGs
[2024-07-31T18:58:14.230+0000] {logging_mixin.py:188} INFO - [2024-07-31T18:58:14.229+0000] {dag.py:3947} INFO - Setting next_dagrun for latest_only_with_trigger to 2024-07-31 12:00:00+00:00, run_after=2024-07-31 16:00:00+00:00
[2024-07-31T18:58:14.253+0000] {processor.py:183} INFO - Processing /home/ubuntu/airflow-venv/lib/python3.12/site-packages/airflow/example_dags/example_latest_only_with_trigger.py took 0.073 seconds
[2024-07-31T18:59:17.360+0000] {processor.py:161} INFO - Started process (PID=5186) to work on /home/ubuntu/airflow-venv/lib/python3.12/site-packages/airflow/example_dags/example_latest_only_with_trigger.py
[2024-07-31T18:59:17.362+0000] {processor.py:830} INFO - Processing file /home/ubuntu/airflow-venv/lib/python3.12/site-packages/airflow/example_dags/example_latest_only_with_trigger.py for tasks to queue
[2024-07-31T18:59:17.363+0000] {logging_mixin.py:188} INFO - [2024-07-31T18:59:17.363+0000] {dagbag.py:545} INFO - Filling up the DagBag from /home/ubuntu/airflow-venv/lib/python3.12/site-packages/airflow/example_dags/example_latest_only_with_trigger.py
[2024-07-31T18:59:17.369+0000] {processor.py:840} INFO - DAG(s) 'latest_only_with_trigger' retrieved from /home/ubuntu/airflow-venv/lib/python3.12/site-packages/airflow/example_dags/example_latest_only_with_trigger.py
[2024-07-31T18:59:17.387+0000] {logging_mixin.py:188} INFO - [2024-07-31T18:59:17.386+0000] {dag.py:3089} INFO - Sync 1 DAGs
[2024-07-31T18:59:17.406+0000] {logging_mixin.py:188} INFO - [2024-07-31T18:59:17.406+0000] {dag.py:3947} INFO - Setting next_dagrun for latest_only_with_trigger to 2024-07-31 12:00:00+00:00, run_after=2024-07-31 16:00:00+00:00
[2024-07-31T18:59:17.431+0000] {processor.py:183} INFO - Processing /home/ubuntu/airflow-venv/lib/python3.12/site-packages/airflow/example_dags/example_latest_only_with_trigger.py took 0.077 seconds
[2024-07-31T19:00:24.087+0000] {processor.py:161} INFO - Started process (PID=5257) to work on /home/ubuntu/airflow-venv/lib/python3.12/site-packages/airflow/example_dags/example_latest_only_with_trigger.py
[2024-07-31T19:00:24.088+0000] {processor.py:830} INFO - Processing file /home/ubuntu/airflow-venv/lib/python3.12/site-packages/airflow/example_dags/example_latest_only_with_trigger.py for tasks to queue
[2024-07-31T19:00:24.089+0000] {logging_mixin.py:188} INFO - [2024-07-31T19:00:24.089+0000] {dagbag.py:545} INFO - Filling up the DagBag from /home/ubuntu/airflow-venv/lib/python3.12/site-packages/airflow/example_dags/example_latest_only_with_trigger.py
[2024-07-31T19:00:24.096+0000] {processor.py:840} INFO - DAG(s) 'latest_only_with_trigger' retrieved from /home/ubuntu/airflow-venv/lib/python3.12/site-packages/airflow/example_dags/example_latest_only_with_trigger.py
[2024-07-31T19:00:24.113+0000] {logging_mixin.py:188} INFO - [2024-07-31T19:00:24.113+0000] {dag.py:3089} INFO - Sync 1 DAGs
[2024-07-31T19:00:24.134+0000] {logging_mixin.py:188} INFO - [2024-07-31T19:00:24.133+0000] {dag.py:3947} INFO - Setting next_dagrun for latest_only_with_trigger to 2024-07-31 12:00:00+00:00, run_after=2024-07-31 16:00:00+00:00
[2024-07-31T19:00:24.158+0000] {processor.py:183} INFO - Processing /home/ubuntu/airflow-venv/lib/python3.12/site-packages/airflow/example_dags/example_latest_only_with_trigger.py took 0.077 seconds
[2024-07-31T19:01:30.384+0000] {processor.py:161} INFO - Started process (PID=5326) to work on /home/ubuntu/airflow-venv/lib/python3.12/site-packages/airflow/example_dags/example_latest_only_with_trigger.py
[2024-07-31T19:01:30.385+0000] {processor.py:830} INFO - Processing file /home/ubuntu/airflow-venv/lib/python3.12/site-packages/airflow/example_dags/example_latest_only_with_trigger.py for tasks to queue
[2024-07-31T19:01:30.386+0000] {logging_mixin.py:188} INFO - [2024-07-31T19:01:30.386+0000] {dagbag.py:545} INFO - Filling up the DagBag from /home/ubuntu/airflow-venv/lib/python3.12/site-packages/airflow/example_dags/example_latest_only_with_trigger.py
[2024-07-31T19:01:30.392+0000] {processor.py:840} INFO - DAG(s) 'latest_only_with_trigger' retrieved from /home/ubuntu/airflow-venv/lib/python3.12/site-packages/airflow/example_dags/example_latest_only_with_trigger.py
[2024-07-31T19:01:30.409+0000] {logging_mixin.py:188} INFO - [2024-07-31T19:01:30.409+0000] {dag.py:3089} INFO - Sync 1 DAGs
[2024-07-31T19:01:30.430+0000] {logging_mixin.py:188} INFO - [2024-07-31T19:01:30.430+0000] {dag.py:3947} INFO - Setting next_dagrun for latest_only_with_trigger to 2024-07-31 12:00:00+00:00, run_after=2024-07-31 16:00:00+00:00
[2024-07-31T19:01:30.454+0000] {processor.py:183} INFO - Processing /home/ubuntu/airflow-venv/lib/python3.12/site-packages/airflow/example_dags/example_latest_only_with_trigger.py took 0.076 seconds
[2024-07-31T19:02:38.330+0000] {processor.py:161} INFO - Started process (PID=5395) to work on /home/ubuntu/airflow-venv/lib/python3.12/site-packages/airflow/example_dags/example_latest_only_with_trigger.py
[2024-07-31T19:02:38.331+0000] {processor.py:830} INFO - Processing file /home/ubuntu/airflow-venv/lib/python3.12/site-packages/airflow/example_dags/example_latest_only_with_trigger.py for tasks to queue
[2024-07-31T19:02:38.332+0000] {logging_mixin.py:188} INFO - [2024-07-31T19:02:38.332+0000] {dagbag.py:545} INFO - Filling up the DagBag from /home/ubuntu/airflow-venv/lib/python3.12/site-packages/airflow/example_dags/example_latest_only_with_trigger.py
[2024-07-31T19:02:38.338+0000] {processor.py:840} INFO - DAG(s) 'latest_only_with_trigger' retrieved from /home/ubuntu/airflow-venv/lib/python3.12/site-packages/airflow/example_dags/example_latest_only_with_trigger.py
[2024-07-31T19:02:38.355+0000] {logging_mixin.py:188} INFO - [2024-07-31T19:02:38.355+0000] {dag.py:3089} INFO - Sync 1 DAGs
[2024-07-31T19:02:38.376+0000] {logging_mixin.py:188} INFO - [2024-07-31T19:02:38.376+0000] {dag.py:3947} INFO - Setting next_dagrun for latest_only_with_trigger to 2024-07-31 12:00:00+00:00, run_after=2024-07-31 16:00:00+00:00
[2024-07-31T19:02:38.510+0000] {processor.py:183} INFO - Processing /home/ubuntu/airflow-venv/lib/python3.12/site-packages/airflow/example_dags/example_latest_only_with_trigger.py took 0.186 seconds
[2024-07-31T19:03:44.393+0000] {processor.py:161} INFO - Started process (PID=5465) to work on /home/ubuntu/airflow-venv/lib/python3.12/site-packages/airflow/example_dags/example_latest_only_with_trigger.py
[2024-07-31T19:03:44.395+0000] {processor.py:830} INFO - Processing file /home/ubuntu/airflow-venv/lib/python3.12/site-packages/airflow/example_dags/example_latest_only_with_trigger.py for tasks to queue
[2024-07-31T19:03:44.396+0000] {logging_mixin.py:188} INFO - [2024-07-31T19:03:44.396+0000] {dagbag.py:545} INFO - Filling up the DagBag from /home/ubuntu/airflow-venv/lib/python3.12/site-packages/airflow/example_dags/example_latest_only_with_trigger.py
[2024-07-31T19:03:44.403+0000] {processor.py:840} INFO - DAG(s) 'latest_only_with_trigger' retrieved from /home/ubuntu/airflow-venv/lib/python3.12/site-packages/airflow/example_dags/example_latest_only_with_trigger.py
[2024-07-31T19:03:44.420+0000] {logging_mixin.py:188} INFO - [2024-07-31T19:03:44.420+0000] {dag.py:3089} INFO - Sync 1 DAGs
[2024-07-31T19:03:44.441+0000] {logging_mixin.py:188} INFO - [2024-07-31T19:03:44.441+0000] {dag.py:3947} INFO - Setting next_dagrun for latest_only_with_trigger to 2024-07-31 12:00:00+00:00, run_after=2024-07-31 16:00:00+00:00
[2024-07-31T19:03:44.579+0000] {processor.py:183} INFO - Processing /home/ubuntu/airflow-venv/lib/python3.12/site-packages/airflow/example_dags/example_latest_only_with_trigger.py took 0.192 seconds
[2024-07-31T19:19:14.837+0000] {processor.py:161} INFO - Started process (PID=5633) to work on /home/ubuntu/airflow-venv/lib/python3.12/site-packages/airflow/example_dags/example_latest_only_with_trigger.py
[2024-07-31T19:19:14.839+0000] {processor.py:830} INFO - Processing file /home/ubuntu/airflow-venv/lib/python3.12/site-packages/airflow/example_dags/example_latest_only_with_trigger.py for tasks to queue
[2024-07-31T19:19:14.840+0000] {logging_mixin.py:188} INFO - [2024-07-31T19:19:14.840+0000] {dagbag.py:545} INFO - Filling up the DagBag from /home/ubuntu/airflow-venv/lib/python3.12/site-packages/airflow/example_dags/example_latest_only_with_trigger.py
[2024-07-31T19:19:14.846+0000] {processor.py:840} INFO - DAG(s) 'latest_only_with_trigger' retrieved from /home/ubuntu/airflow-venv/lib/python3.12/site-packages/airflow/example_dags/example_latest_only_with_trigger.py
[2024-07-31T19:19:14.949+0000] {logging_mixin.py:188} INFO - [2024-07-31T19:19:14.949+0000] {dag.py:3089} INFO - Sync 1 DAGs
[2024-07-31T19:19:14.966+0000] {logging_mixin.py:188} INFO - [2024-07-31T19:19:14.966+0000] {dag.py:3947} INFO - Setting next_dagrun for latest_only_with_trigger to 2024-07-31 12:00:00+00:00, run_after=2024-07-31 16:00:00+00:00
[2024-07-31T19:19:14.990+0000] {processor.py:183} INFO - Processing /home/ubuntu/airflow-venv/lib/python3.12/site-packages/airflow/example_dags/example_latest_only_with_trigger.py took 0.159 seconds
[2024-07-31T19:20:13.275+0000] {processor.py:161} INFO - Started process (PID=5689) to work on /home/ubuntu/airflow-venv/lib/python3.12/site-packages/airflow/example_dags/example_latest_only_with_trigger.py
[2024-07-31T19:20:13.278+0000] {processor.py:830} INFO - Processing file /home/ubuntu/airflow-venv/lib/python3.12/site-packages/airflow/example_dags/example_latest_only_with_trigger.py for tasks to queue
[2024-07-31T19:20:13.280+0000] {logging_mixin.py:188} INFO - [2024-07-31T19:20:13.279+0000] {dagbag.py:545} INFO - Filling up the DagBag from /home/ubuntu/airflow-venv/lib/python3.12/site-packages/airflow/example_dags/example_latest_only_with_trigger.py
[2024-07-31T19:20:13.289+0000] {processor.py:840} INFO - DAG(s) 'latest_only_with_trigger' retrieved from /home/ubuntu/airflow-venv/lib/python3.12/site-packages/airflow/example_dags/example_latest_only_with_trigger.py
[2024-07-31T19:20:13.315+0000] {logging_mixin.py:188} INFO - [2024-07-31T19:20:13.315+0000] {dag.py:3089} INFO - Sync 1 DAGs
[2024-07-31T19:20:13.342+0000] {logging_mixin.py:188} INFO - [2024-07-31T19:20:13.342+0000] {dag.py:3947} INFO - Setting next_dagrun for latest_only_with_trigger to 2024-07-31 12:00:00+00:00, run_after=2024-07-31 16:00:00+00:00
[2024-07-31T19:20:13.371+0000] {processor.py:183} INFO - Processing /home/ubuntu/airflow-venv/lib/python3.12/site-packages/airflow/example_dags/example_latest_only_with_trigger.py took 0.105 seconds
[2024-07-31T19:21:08.027+0000] {processor.py:161} INFO - Started process (PID=5745) to work on /home/ubuntu/airflow-venv/lib/python3.12/site-packages/airflow/example_dags/example_latest_only_with_trigger.py
[2024-07-31T19:21:08.029+0000] {processor.py:830} INFO - Processing file /home/ubuntu/airflow-venv/lib/python3.12/site-packages/airflow/example_dags/example_latest_only_with_trigger.py for tasks to queue
[2024-07-31T19:21:08.030+0000] {logging_mixin.py:188} INFO - [2024-07-31T19:21:08.030+0000] {dagbag.py:545} INFO - Filling up the DagBag from /home/ubuntu/airflow-venv/lib/python3.12/site-packages/airflow/example_dags/example_latest_only_with_trigger.py
[2024-07-31T19:21:08.036+0000] {processor.py:840} INFO - DAG(s) 'latest_only_with_trigger' retrieved from /home/ubuntu/airflow-venv/lib/python3.12/site-packages/airflow/example_dags/example_latest_only_with_trigger.py
[2024-07-31T19:21:08.053+0000] {logging_mixin.py:188} INFO - [2024-07-31T19:21:08.053+0000] {dag.py:3089} INFO - Sync 1 DAGs
[2024-07-31T19:21:08.072+0000] {logging_mixin.py:188} INFO - [2024-07-31T19:21:08.072+0000] {dag.py:3947} INFO - Setting next_dagrun for latest_only_with_trigger to 2024-07-31 12:00:00+00:00, run_after=2024-07-31 16:00:00+00:00
[2024-07-31T19:21:08.094+0000] {processor.py:183} INFO - Processing /home/ubuntu/airflow-venv/lib/python3.12/site-packages/airflow/example_dags/example_latest_only_with_trigger.py took 0.073 seconds
[2024-07-31T19:22:00.388+0000] {processor.py:161} INFO - Started process (PID=5799) to work on /home/ubuntu/airflow-venv/lib/python3.12/site-packages/airflow/example_dags/example_latest_only_with_trigger.py
[2024-07-31T19:22:00.389+0000] {processor.py:830} INFO - Processing file /home/ubuntu/airflow-venv/lib/python3.12/site-packages/airflow/example_dags/example_latest_only_with_trigger.py for tasks to queue
[2024-07-31T19:22:00.391+0000] {logging_mixin.py:188} INFO - [2024-07-31T19:22:00.390+0000] {dagbag.py:545} INFO - Filling up the DagBag from /home/ubuntu/airflow-venv/lib/python3.12/site-packages/airflow/example_dags/example_latest_only_with_trigger.py
[2024-07-31T19:22:00.396+0000] {processor.py:840} INFO - DAG(s) 'latest_only_with_trigger' retrieved from /home/ubuntu/airflow-venv/lib/python3.12/site-packages/airflow/example_dags/example_latest_only_with_trigger.py
[2024-07-31T19:22:00.414+0000] {logging_mixin.py:188} INFO - [2024-07-31T19:22:00.414+0000] {dag.py:3089} INFO - Sync 1 DAGs
[2024-07-31T19:22:00.437+0000] {logging_mixin.py:188} INFO - [2024-07-31T19:22:00.437+0000] {dag.py:3947} INFO - Setting next_dagrun for latest_only_with_trigger to 2024-07-31 12:00:00+00:00, run_after=2024-07-31 16:00:00+00:00
[2024-07-31T19:22:00.472+0000] {processor.py:183} INFO - Processing /home/ubuntu/airflow-venv/lib/python3.12/site-packages/airflow/example_dags/example_latest_only_with_trigger.py took 0.090 seconds
[2024-07-31T19:22:47.814+0000] {processor.py:161} INFO - Started process (PID=5847) to work on /home/ubuntu/airflow-venv/lib/python3.12/site-packages/airflow/example_dags/example_latest_only_with_trigger.py
[2024-07-31T19:22:47.815+0000] {processor.py:830} INFO - Processing file /home/ubuntu/airflow-venv/lib/python3.12/site-packages/airflow/example_dags/example_latest_only_with_trigger.py for tasks to queue
[2024-07-31T19:22:47.816+0000] {logging_mixin.py:188} INFO - [2024-07-31T19:22:47.816+0000] {dagbag.py:545} INFO - Filling up the DagBag from /home/ubuntu/airflow-venv/lib/python3.12/site-packages/airflow/example_dags/example_latest_only_with_trigger.py
[2024-07-31T19:22:47.822+0000] {processor.py:840} INFO - DAG(s) 'latest_only_with_trigger' retrieved from /home/ubuntu/airflow-venv/lib/python3.12/site-packages/airflow/example_dags/example_latest_only_with_trigger.py
[2024-07-31T19:22:47.838+0000] {logging_mixin.py:188} INFO - [2024-07-31T19:22:47.838+0000] {dag.py:3089} INFO - Sync 1 DAGs
[2024-07-31T19:22:47.858+0000] {logging_mixin.py:188} INFO - [2024-07-31T19:22:47.858+0000] {dag.py:3947} INFO - Setting next_dagrun for latest_only_with_trigger to 2024-07-31 12:00:00+00:00, run_after=2024-07-31 16:00:00+00:00
[2024-07-31T19:22:47.880+0000] {processor.py:183} INFO - Processing /home/ubuntu/airflow-venv/lib/python3.12/site-packages/airflow/example_dags/example_latest_only_with_trigger.py took 0.072 seconds
[2024-07-31T19:23:57.747+0000] {processor.py:161} INFO - Started process (PID=5924) to work on /home/ubuntu/airflow-venv/lib/python3.12/site-packages/airflow/example_dags/example_latest_only_with_trigger.py
[2024-07-31T19:23:57.748+0000] {processor.py:830} INFO - Processing file /home/ubuntu/airflow-venv/lib/python3.12/site-packages/airflow/example_dags/example_latest_only_with_trigger.py for tasks to queue
[2024-07-31T19:23:57.749+0000] {logging_mixin.py:188} INFO - [2024-07-31T19:23:57.748+0000] {dagbag.py:545} INFO - Filling up the DagBag from /home/ubuntu/airflow-venv/lib/python3.12/site-packages/airflow/example_dags/example_latest_only_with_trigger.py
[2024-07-31T19:23:57.755+0000] {processor.py:840} INFO - DAG(s) 'latest_only_with_trigger' retrieved from /home/ubuntu/airflow-venv/lib/python3.12/site-packages/airflow/example_dags/example_latest_only_with_trigger.py
[2024-07-31T19:23:57.772+0000] {logging_mixin.py:188} INFO - [2024-07-31T19:23:57.772+0000] {dag.py:3089} INFO - Sync 1 DAGs
[2024-07-31T19:23:57.792+0000] {logging_mixin.py:188} INFO - [2024-07-31T19:23:57.791+0000] {dag.py:3947} INFO - Setting next_dagrun for latest_only_with_trigger to 2024-07-31 12:00:00+00:00, run_after=2024-07-31 16:00:00+00:00
[2024-07-31T19:23:57.815+0000] {processor.py:183} INFO - Processing /home/ubuntu/airflow-venv/lib/python3.12/site-packages/airflow/example_dags/example_latest_only_with_trigger.py took 0.074 seconds
[2024-07-31T19:24:44.435+0000] {processor.py:161} INFO - Started process (PID=5975) to work on /home/ubuntu/airflow-venv/lib/python3.12/site-packages/airflow/example_dags/example_latest_only_with_trigger.py
[2024-07-31T19:24:44.436+0000] {processor.py:830} INFO - Processing file /home/ubuntu/airflow-venv/lib/python3.12/site-packages/airflow/example_dags/example_latest_only_with_trigger.py for tasks to queue
[2024-07-31T19:24:44.437+0000] {logging_mixin.py:188} INFO - [2024-07-31T19:24:44.437+0000] {dagbag.py:545} INFO - Filling up the DagBag from /home/ubuntu/airflow-venv/lib/python3.12/site-packages/airflow/example_dags/example_latest_only_with_trigger.py
[2024-07-31T19:24:44.444+0000] {processor.py:840} INFO - DAG(s) 'latest_only_with_trigger' retrieved from /home/ubuntu/airflow-venv/lib/python3.12/site-packages/airflow/example_dags/example_latest_only_with_trigger.py
[2024-07-31T19:24:44.461+0000] {logging_mixin.py:188} INFO - [2024-07-31T19:24:44.461+0000] {dag.py:3089} INFO - Sync 1 DAGs
[2024-07-31T19:24:44.482+0000] {logging_mixin.py:188} INFO - [2024-07-31T19:24:44.482+0000] {dag.py:3947} INFO - Setting next_dagrun for latest_only_with_trigger to 2024-07-31 12:00:00+00:00, run_after=2024-07-31 16:00:00+00:00
[2024-07-31T19:24:44.511+0000] {processor.py:183} INFO - Processing /home/ubuntu/airflow-venv/lib/python3.12/site-packages/airflow/example_dags/example_latest_only_with_trigger.py took 0.082 seconds
[2024-07-31T19:25:30.927+0000] {processor.py:161} INFO - Started process (PID=6025) to work on /home/ubuntu/airflow-venv/lib/python3.12/site-packages/airflow/example_dags/example_latest_only_with_trigger.py
[2024-07-31T19:25:30.928+0000] {processor.py:830} INFO - Processing file /home/ubuntu/airflow-venv/lib/python3.12/site-packages/airflow/example_dags/example_latest_only_with_trigger.py for tasks to queue
[2024-07-31T19:25:30.929+0000] {logging_mixin.py:188} INFO - [2024-07-31T19:25:30.929+0000] {dagbag.py:545} INFO - Filling up the DagBag from /home/ubuntu/airflow-venv/lib/python3.12/site-packages/airflow/example_dags/example_latest_only_with_trigger.py
[2024-07-31T19:25:30.936+0000] {processor.py:840} INFO - DAG(s) 'latest_only_with_trigger' retrieved from /home/ubuntu/airflow-venv/lib/python3.12/site-packages/airflow/example_dags/example_latest_only_with_trigger.py
[2024-07-31T19:25:30.954+0000] {logging_mixin.py:188} INFO - [2024-07-31T19:25:30.954+0000] {dag.py:3089} INFO - Sync 1 DAGs
[2024-07-31T19:25:30.976+0000] {logging_mixin.py:188} INFO - [2024-07-31T19:25:30.976+0000] {dag.py:3947} INFO - Setting next_dagrun for latest_only_with_trigger to 2024-07-31 12:00:00+00:00, run_after=2024-07-31 16:00:00+00:00
[2024-07-31T19:25:31.002+0000] {processor.py:183} INFO - Processing /home/ubuntu/airflow-venv/lib/python3.12/site-packages/airflow/example_dags/example_latest_only_with_trigger.py took 0.081 seconds
[2024-07-31T19:26:22.120+0000] {processor.py:161} INFO - Started process (PID=6079) to work on /home/ubuntu/airflow-venv/lib/python3.12/site-packages/airflow/example_dags/example_latest_only_with_trigger.py
[2024-07-31T19:26:22.122+0000] {processor.py:830} INFO - Processing file /home/ubuntu/airflow-venv/lib/python3.12/site-packages/airflow/example_dags/example_latest_only_with_trigger.py for tasks to queue
[2024-07-31T19:26:22.123+0000] {logging_mixin.py:188} INFO - [2024-07-31T19:26:22.122+0000] {dagbag.py:545} INFO - Filling up the DagBag from /home/ubuntu/airflow-venv/lib/python3.12/site-packages/airflow/example_dags/example_latest_only_with_trigger.py
[2024-07-31T19:26:22.129+0000] {processor.py:840} INFO - DAG(s) 'latest_only_with_trigger' retrieved from /home/ubuntu/airflow-venv/lib/python3.12/site-packages/airflow/example_dags/example_latest_only_with_trigger.py
[2024-07-31T19:26:22.146+0000] {logging_mixin.py:188} INFO - [2024-07-31T19:26:22.146+0000] {dag.py:3089} INFO - Sync 1 DAGs
[2024-07-31T19:26:22.166+0000] {logging_mixin.py:188} INFO - [2024-07-31T19:26:22.165+0000] {dag.py:3947} INFO - Setting next_dagrun for latest_only_with_trigger to 2024-07-31 12:00:00+00:00, run_after=2024-07-31 16:00:00+00:00
[2024-07-31T19:26:22.189+0000] {processor.py:183} INFO - Processing /home/ubuntu/airflow-venv/lib/python3.12/site-packages/airflow/example_dags/example_latest_only_with_trigger.py took 0.075 seconds
[2024-07-31T19:27:15.015+0000] {processor.py:161} INFO - Started process (PID=6137) to work on /home/ubuntu/airflow-venv/lib/python3.12/site-packages/airflow/example_dags/example_latest_only_with_trigger.py
[2024-07-31T19:27:15.017+0000] {processor.py:830} INFO - Processing file /home/ubuntu/airflow-venv/lib/python3.12/site-packages/airflow/example_dags/example_latest_only_with_trigger.py for tasks to queue
[2024-07-31T19:27:15.017+0000] {logging_mixin.py:188} INFO - [2024-07-31T19:27:15.017+0000] {dagbag.py:545} INFO - Filling up the DagBag from /home/ubuntu/airflow-venv/lib/python3.12/site-packages/airflow/example_dags/example_latest_only_with_trigger.py
[2024-07-31T19:27:15.024+0000] {processor.py:840} INFO - DAG(s) 'latest_only_with_trigger' retrieved from /home/ubuntu/airflow-venv/lib/python3.12/site-packages/airflow/example_dags/example_latest_only_with_trigger.py
[2024-07-31T19:27:15.041+0000] {logging_mixin.py:188} INFO - [2024-07-31T19:27:15.041+0000] {dag.py:3089} INFO - Sync 1 DAGs
[2024-07-31T19:27:15.062+0000] {logging_mixin.py:188} INFO - [2024-07-31T19:27:15.061+0000] {dag.py:3947} INFO - Setting next_dagrun for latest_only_with_trigger to 2024-07-31 12:00:00+00:00, run_after=2024-07-31 16:00:00+00:00
[2024-07-31T19:27:15.087+0000] {processor.py:183} INFO - Processing /home/ubuntu/airflow-venv/lib/python3.12/site-packages/airflow/example_dags/example_latest_only_with_trigger.py took 0.077 seconds
[2024-07-31T19:28:16.812+0000] {processor.py:161} INFO - Started process (PID=6201) to work on /home/ubuntu/airflow-venv/lib/python3.12/site-packages/airflow/example_dags/example_latest_only_with_trigger.py
[2024-07-31T19:28:16.814+0000] {processor.py:830} INFO - Processing file /home/ubuntu/airflow-venv/lib/python3.12/site-packages/airflow/example_dags/example_latest_only_with_trigger.py for tasks to queue
[2024-07-31T19:28:16.814+0000] {logging_mixin.py:188} INFO - [2024-07-31T19:28:16.814+0000] {dagbag.py:545} INFO - Filling up the DagBag from /home/ubuntu/airflow-venv/lib/python3.12/site-packages/airflow/example_dags/example_latest_only_with_trigger.py
[2024-07-31T19:28:16.821+0000] {processor.py:840} INFO - DAG(s) 'latest_only_with_trigger' retrieved from /home/ubuntu/airflow-venv/lib/python3.12/site-packages/airflow/example_dags/example_latest_only_with_trigger.py
[2024-07-31T19:28:16.837+0000] {logging_mixin.py:188} INFO - [2024-07-31T19:28:16.837+0000] {dag.py:3089} INFO - Sync 1 DAGs
[2024-07-31T19:28:16.857+0000] {logging_mixin.py:188} INFO - [2024-07-31T19:28:16.857+0000] {dag.py:3947} INFO - Setting next_dagrun for latest_only_with_trigger to 2024-07-31 12:00:00+00:00, run_after=2024-07-31 16:00:00+00:00
[2024-07-31T19:28:16.880+0000] {processor.py:183} INFO - Processing /home/ubuntu/airflow-venv/lib/python3.12/site-packages/airflow/example_dags/example_latest_only_with_trigger.py took 0.073 seconds
[2024-07-31T19:29:09.230+0000] {processor.py:161} INFO - Started process (PID=6255) to work on /home/ubuntu/airflow-venv/lib/python3.12/site-packages/airflow/example_dags/example_latest_only_with_trigger.py
[2024-07-31T19:29:09.232+0000] {processor.py:830} INFO - Processing file /home/ubuntu/airflow-venv/lib/python3.12/site-packages/airflow/example_dags/example_latest_only_with_trigger.py for tasks to queue
[2024-07-31T19:29:09.232+0000] {logging_mixin.py:188} INFO - [2024-07-31T19:29:09.232+0000] {dagbag.py:545} INFO - Filling up the DagBag from /home/ubuntu/airflow-venv/lib/python3.12/site-packages/airflow/example_dags/example_latest_only_with_trigger.py
[2024-07-31T19:29:09.239+0000] {processor.py:840} INFO - DAG(s) 'latest_only_with_trigger' retrieved from /home/ubuntu/airflow-venv/lib/python3.12/site-packages/airflow/example_dags/example_latest_only_with_trigger.py
[2024-07-31T19:29:09.256+0000] {logging_mixin.py:188} INFO - [2024-07-31T19:29:09.256+0000] {dag.py:3089} INFO - Sync 1 DAGs
[2024-07-31T19:29:09.276+0000] {logging_mixin.py:188} INFO - [2024-07-31T19:29:09.276+0000] {dag.py:3947} INFO - Setting next_dagrun for latest_only_with_trigger to 2024-07-31 12:00:00+00:00, run_after=2024-07-31 16:00:00+00:00
[2024-07-31T19:29:09.300+0000] {processor.py:183} INFO - Processing /home/ubuntu/airflow-venv/lib/python3.12/site-packages/airflow/example_dags/example_latest_only_with_trigger.py took 0.075 seconds
[2024-07-31T19:30:14.660+0000] {processor.py:161} INFO - Started process (PID=6331) to work on /home/ubuntu/airflow-venv/lib/python3.12/site-packages/airflow/example_dags/example_latest_only_with_trigger.py
[2024-07-31T19:30:14.662+0000] {processor.py:830} INFO - Processing file /home/ubuntu/airflow-venv/lib/python3.12/site-packages/airflow/example_dags/example_latest_only_with_trigger.py for tasks to queue
[2024-07-31T19:30:14.663+0000] {logging_mixin.py:188} INFO - [2024-07-31T19:30:14.662+0000] {dagbag.py:545} INFO - Filling up the DagBag from /home/ubuntu/airflow-venv/lib/python3.12/site-packages/airflow/example_dags/example_latest_only_with_trigger.py
[2024-07-31T19:30:14.669+0000] {processor.py:840} INFO - DAG(s) 'latest_only_with_trigger' retrieved from /home/ubuntu/airflow-venv/lib/python3.12/site-packages/airflow/example_dags/example_latest_only_with_trigger.py
[2024-07-31T19:30:14.685+0000] {logging_mixin.py:188} INFO - [2024-07-31T19:30:14.685+0000] {dag.py:3089} INFO - Sync 1 DAGs
[2024-07-31T19:30:14.705+0000] {logging_mixin.py:188} INFO - [2024-07-31T19:30:14.704+0000] {dag.py:3947} INFO - Setting next_dagrun for latest_only_with_trigger to 2024-07-31 12:00:00+00:00, run_after=2024-07-31 16:00:00+00:00
[2024-07-31T19:30:14.727+0000] {processor.py:183} INFO - Processing /home/ubuntu/airflow-venv/lib/python3.12/site-packages/airflow/example_dags/example_latest_only_with_trigger.py took 0.073 seconds
[2024-07-31T19:31:21.660+0000] {processor.py:161} INFO - Started process (PID=6400) to work on /home/ubuntu/airflow-venv/lib/python3.12/site-packages/airflow/example_dags/example_latest_only_with_trigger.py
[2024-07-31T19:31:21.662+0000] {processor.py:830} INFO - Processing file /home/ubuntu/airflow-venv/lib/python3.12/site-packages/airflow/example_dags/example_latest_only_with_trigger.py for tasks to queue
[2024-07-31T19:31:21.663+0000] {logging_mixin.py:188} INFO - [2024-07-31T19:31:21.662+0000] {dagbag.py:545} INFO - Filling up the DagBag from /home/ubuntu/airflow-venv/lib/python3.12/site-packages/airflow/example_dags/example_latest_only_with_trigger.py
[2024-07-31T19:31:21.669+0000] {processor.py:840} INFO - DAG(s) 'latest_only_with_trigger' retrieved from /home/ubuntu/airflow-venv/lib/python3.12/site-packages/airflow/example_dags/example_latest_only_with_trigger.py
[2024-07-31T19:31:21.686+0000] {logging_mixin.py:188} INFO - [2024-07-31T19:31:21.686+0000] {dag.py:3089} INFO - Sync 1 DAGs
[2024-07-31T19:31:21.706+0000] {logging_mixin.py:188} INFO - [2024-07-31T19:31:21.705+0000] {dag.py:3947} INFO - Setting next_dagrun for latest_only_with_trigger to 2024-07-31 12:00:00+00:00, run_after=2024-07-31 16:00:00+00:00
[2024-07-31T19:31:21.729+0000] {processor.py:183} INFO - Processing /home/ubuntu/airflow-venv/lib/python3.12/site-packages/airflow/example_dags/example_latest_only_with_trigger.py took 0.074 seconds
[2024-07-31T19:32:28.182+0000] {processor.py:161} INFO - Started process (PID=6472) to work on /home/ubuntu/airflow-venv/lib/python3.12/site-packages/airflow/example_dags/example_latest_only_with_trigger.py
[2024-07-31T19:32:28.184+0000] {processor.py:830} INFO - Processing file /home/ubuntu/airflow-venv/lib/python3.12/site-packages/airflow/example_dags/example_latest_only_with_trigger.py for tasks to queue
[2024-07-31T19:32:28.185+0000] {logging_mixin.py:188} INFO - [2024-07-31T19:32:28.185+0000] {dagbag.py:545} INFO - Filling up the DagBag from /home/ubuntu/airflow-venv/lib/python3.12/site-packages/airflow/example_dags/example_latest_only_with_trigger.py
[2024-07-31T19:32:28.191+0000] {processor.py:840} INFO - DAG(s) 'latest_only_with_trigger' retrieved from /home/ubuntu/airflow-venv/lib/python3.12/site-packages/airflow/example_dags/example_latest_only_with_trigger.py
[2024-07-31T19:32:28.209+0000] {logging_mixin.py:188} INFO - [2024-07-31T19:32:28.208+0000] {dag.py:3089} INFO - Sync 1 DAGs
[2024-07-31T19:32:28.228+0000] {logging_mixin.py:188} INFO - [2024-07-31T19:32:28.228+0000] {dag.py:3947} INFO - Setting next_dagrun for latest_only_with_trigger to 2024-07-31 12:00:00+00:00, run_after=2024-07-31 16:00:00+00:00
[2024-07-31T19:32:28.253+0000] {processor.py:183} INFO - Processing /home/ubuntu/airflow-venv/lib/python3.12/site-packages/airflow/example_dags/example_latest_only_with_trigger.py took 0.077 seconds
[2024-07-31T19:33:34.062+0000] {processor.py:161} INFO - Started process (PID=6545) to work on /home/ubuntu/airflow-venv/lib/python3.12/site-packages/airflow/example_dags/example_latest_only_with_trigger.py
[2024-07-31T19:33:34.063+0000] {processor.py:830} INFO - Processing file /home/ubuntu/airflow-venv/lib/python3.12/site-packages/airflow/example_dags/example_latest_only_with_trigger.py for tasks to queue
[2024-07-31T19:33:34.064+0000] {logging_mixin.py:188} INFO - [2024-07-31T19:33:34.064+0000] {dagbag.py:545} INFO - Filling up the DagBag from /home/ubuntu/airflow-venv/lib/python3.12/site-packages/airflow/example_dags/example_latest_only_with_trigger.py
[2024-07-31T19:33:34.070+0000] {processor.py:840} INFO - DAG(s) 'latest_only_with_trigger' retrieved from /home/ubuntu/airflow-venv/lib/python3.12/site-packages/airflow/example_dags/example_latest_only_with_trigger.py
[2024-07-31T19:33:34.088+0000] {logging_mixin.py:188} INFO - [2024-07-31T19:33:34.088+0000] {dag.py:3089} INFO - Sync 1 DAGs
[2024-07-31T19:33:34.108+0000] {logging_mixin.py:188} INFO - [2024-07-31T19:33:34.108+0000] {dag.py:3947} INFO - Setting next_dagrun for latest_only_with_trigger to 2024-07-31 12:00:00+00:00, run_after=2024-07-31 16:00:00+00:00
[2024-07-31T19:33:34.133+0000] {processor.py:183} INFO - Processing /home/ubuntu/airflow-venv/lib/python3.12/site-packages/airflow/example_dags/example_latest_only_with_trigger.py took 0.077 seconds
[2024-07-31T19:34:29.102+0000] {processor.py:161} INFO - Started process (PID=6602) to work on /home/ubuntu/airflow-venv/lib/python3.12/site-packages/airflow/example_dags/example_latest_only_with_trigger.py
[2024-07-31T19:34:29.104+0000] {processor.py:830} INFO - Processing file /home/ubuntu/airflow-venv/lib/python3.12/site-packages/airflow/example_dags/example_latest_only_with_trigger.py for tasks to queue
[2024-07-31T19:34:29.105+0000] {logging_mixin.py:188} INFO - [2024-07-31T19:34:29.104+0000] {dagbag.py:545} INFO - Filling up the DagBag from /home/ubuntu/airflow-venv/lib/python3.12/site-packages/airflow/example_dags/example_latest_only_with_trigger.py
[2024-07-31T19:34:29.111+0000] {processor.py:840} INFO - DAG(s) 'latest_only_with_trigger' retrieved from /home/ubuntu/airflow-venv/lib/python3.12/site-packages/airflow/example_dags/example_latest_only_with_trigger.py
[2024-07-31T19:34:29.129+0000] {logging_mixin.py:188} INFO - [2024-07-31T19:34:29.128+0000] {dag.py:3089} INFO - Sync 1 DAGs
[2024-07-31T19:34:29.149+0000] {logging_mixin.py:188} INFO - [2024-07-31T19:34:29.149+0000] {dag.py:3947} INFO - Setting next_dagrun for latest_only_with_trigger to 2024-07-31 12:00:00+00:00, run_after=2024-07-31 16:00:00+00:00
[2024-07-31T19:34:29.173+0000] {processor.py:183} INFO - Processing /home/ubuntu/airflow-venv/lib/python3.12/site-packages/airflow/example_dags/example_latest_only_with_trigger.py took 0.077 seconds
