[2024-07-31T18:43:42.584+0000] {processor.py:161} INFO - Started process (PID=3500) to work on /home/ubuntu/airflow-venv/lib/python3.12/site-packages/airflow/example_dags/example_branch_python_dop_operator_3.py
[2024-07-31T18:43:42.584+0000] {processor.py:830} INFO - Processing file /home/ubuntu/airflow-venv/lib/python3.12/site-packages/airflow/example_dags/example_branch_python_dop_operator_3.py for tasks to queue
[2024-07-31T18:43:42.586+0000] {logging_mixin.py:188} INFO - [2024-07-31T18:43:42.586+0000] {dagbag.py:545} INFO - Filling up the DagBag from /home/ubuntu/airflow-venv/lib/python3.12/site-packages/airflow/example_dags/example_branch_python_dop_operator_3.py
[2024-07-31T18:43:42.595+0000] {processor.py:840} INFO - DAG(s) 'example_branch_dop_operator_v3' retrieved from /home/ubuntu/airflow-venv/lib/python3.12/site-packages/airflow/example_dags/example_branch_python_dop_operator_3.py
[2024-07-31T18:43:42.708+0000] {logging_mixin.py:188} INFO - [2024-07-31T18:43:42.707+0000] {override.py:1858} INFO - Created Permission View: can edit on DAG:example_branch_dop_operator_v3
[2024-07-31T18:43:42.792+0000] {logging_mixin.py:188} INFO - [2024-07-31T18:43:42.792+0000] {override.py:1858} INFO - Created Permission View: can read on DAG:example_branch_dop_operator_v3
[2024-07-31T18:43:42.802+0000] {logging_mixin.py:188} INFO - [2024-07-31T18:43:42.802+0000] {override.py:1858} INFO - Created Permission View: can delete on DAG:example_branch_dop_operator_v3
[2024-07-31T18:43:42.803+0000] {logging_mixin.py:188} INFO - [2024-07-31T18:43:42.803+0000] {dag.py:3089} INFO - Sync 1 DAGs
[2024-07-31T18:43:42.813+0000] {logging_mixin.py:188} INFO - [2024-07-31T18:43:42.813+0000] {dag.py:3111} INFO - Creating ORM DAG for example_branch_dop_operator_v3
[2024-07-31T18:43:42.825+0000] {logging_mixin.py:188} INFO - [2024-07-31T18:43:42.825+0000] {dag.py:3947} INFO - Setting next_dagrun for example_branch_dop_operator_v3 to 2024-07-31 18:42:00+00:00, run_after=2024-07-31 18:43:00+00:00
[2024-07-31T18:43:42.851+0000] {processor.py:183} INFO - Processing /home/ubuntu/airflow-venv/lib/python3.12/site-packages/airflow/example_dags/example_branch_python_dop_operator_3.py took 0.273 seconds
[2024-07-31T18:44:33.400+0000] {processor.py:161} INFO - Started process (PID=3556) to work on /home/ubuntu/airflow-venv/lib/python3.12/site-packages/airflow/example_dags/example_branch_python_dop_operator_3.py
[2024-07-31T18:44:33.401+0000] {processor.py:830} INFO - Processing file /home/ubuntu/airflow-venv/lib/python3.12/site-packages/airflow/example_dags/example_branch_python_dop_operator_3.py for tasks to queue
[2024-07-31T18:44:33.403+0000] {logging_mixin.py:188} INFO - [2024-07-31T18:44:33.402+0000] {dagbag.py:545} INFO - Filling up the DagBag from /home/ubuntu/airflow-venv/lib/python3.12/site-packages/airflow/example_dags/example_branch_python_dop_operator_3.py
[2024-07-31T18:44:33.412+0000] {processor.py:840} INFO - DAG(s) 'example_branch_dop_operator_v3' retrieved from /home/ubuntu/airflow-venv/lib/python3.12/site-packages/airflow/example_dags/example_branch_python_dop_operator_3.py
[2024-07-31T18:44:33.428+0000] {logging_mixin.py:188} INFO - [2024-07-31T18:44:33.427+0000] {dag.py:3089} INFO - Sync 1 DAGs
[2024-07-31T18:44:33.450+0000] {logging_mixin.py:188} INFO - [2024-07-31T18:44:33.450+0000] {dag.py:3947} INFO - Setting next_dagrun for example_branch_dop_operator_v3 to 2024-07-31 18:43:00+00:00, run_after=2024-07-31 18:44:00+00:00
[2024-07-31T18:44:33.473+0000] {processor.py:183} INFO - Processing /home/ubuntu/airflow-venv/lib/python3.12/site-packages/airflow/example_dags/example_branch_python_dop_operator_3.py took 0.079 seconds
[2024-07-31T18:45:36.191+0000] {processor.py:161} INFO - Started process (PID=3629) to work on /home/ubuntu/airflow-venv/lib/python3.12/site-packages/airflow/example_dags/example_branch_python_dop_operator_3.py
[2024-07-31T18:45:36.192+0000] {processor.py:830} INFO - Processing file /home/ubuntu/airflow-venv/lib/python3.12/site-packages/airflow/example_dags/example_branch_python_dop_operator_3.py for tasks to queue
[2024-07-31T18:45:36.194+0000] {logging_mixin.py:188} INFO - [2024-07-31T18:45:36.193+0000] {dagbag.py:545} INFO - Filling up the DagBag from /home/ubuntu/airflow-venv/lib/python3.12/site-packages/airflow/example_dags/example_branch_python_dop_operator_3.py
[2024-07-31T18:45:36.203+0000] {processor.py:840} INFO - DAG(s) 'example_branch_dop_operator_v3' retrieved from /home/ubuntu/airflow-venv/lib/python3.12/site-packages/airflow/example_dags/example_branch_python_dop_operator_3.py
[2024-07-31T18:45:36.219+0000] {logging_mixin.py:188} INFO - [2024-07-31T18:45:36.219+0000] {dag.py:3089} INFO - Sync 1 DAGs
[2024-07-31T18:45:36.241+0000] {logging_mixin.py:188} INFO - [2024-07-31T18:45:36.241+0000] {dag.py:3947} INFO - Setting next_dagrun for example_branch_dop_operator_v3 to 2024-07-31 18:44:00+00:00, run_after=2024-07-31 18:45:00+00:00
[2024-07-31T18:45:36.265+0000] {processor.py:183} INFO - Processing /home/ubuntu/airflow-venv/lib/python3.12/site-packages/airflow/example_dags/example_branch_python_dop_operator_3.py took 0.080 seconds
[2024-07-31T18:46:38.419+0000] {processor.py:161} INFO - Started process (PID=3794) to work on /home/ubuntu/airflow-venv/lib/python3.12/site-packages/airflow/example_dags/example_branch_python_dop_operator_3.py
[2024-07-31T18:46:38.421+0000] {processor.py:830} INFO - Processing file /home/ubuntu/airflow-venv/lib/python3.12/site-packages/airflow/example_dags/example_branch_python_dop_operator_3.py for tasks to queue
[2024-07-31T18:46:38.423+0000] {logging_mixin.py:188} INFO - [2024-07-31T18:46:38.422+0000] {dagbag.py:545} INFO - Filling up the DagBag from /home/ubuntu/airflow-venv/lib/python3.12/site-packages/airflow/example_dags/example_branch_python_dop_operator_3.py
[2024-07-31T18:46:38.432+0000] {processor.py:840} INFO - DAG(s) 'example_branch_dop_operator_v3' retrieved from /home/ubuntu/airflow-venv/lib/python3.12/site-packages/airflow/example_dags/example_branch_python_dop_operator_3.py
[2024-07-31T18:46:38.448+0000] {logging_mixin.py:188} INFO - [2024-07-31T18:46:38.448+0000] {dag.py:3089} INFO - Sync 1 DAGs
[2024-07-31T18:46:38.471+0000] {logging_mixin.py:188} INFO - [2024-07-31T18:46:38.471+0000] {dag.py:3947} INFO - Setting next_dagrun for example_branch_dop_operator_v3 to 2024-07-31 18:45:00+00:00, run_after=2024-07-31 18:46:00+00:00
[2024-07-31T18:46:38.496+0000] {processor.py:183} INFO - Processing /home/ubuntu/airflow-venv/lib/python3.12/site-packages/airflow/example_dags/example_branch_python_dop_operator_3.py took 0.082 seconds
[2024-07-31T18:47:37.344+0000] {processor.py:161} INFO - Started process (PID=3948) to work on /home/ubuntu/airflow-venv/lib/python3.12/site-packages/airflow/example_dags/example_branch_python_dop_operator_3.py
[2024-07-31T18:47:37.345+0000] {processor.py:830} INFO - Processing file /home/ubuntu/airflow-venv/lib/python3.12/site-packages/airflow/example_dags/example_branch_python_dop_operator_3.py for tasks to queue
[2024-07-31T18:47:37.347+0000] {logging_mixin.py:188} INFO - [2024-07-31T18:47:37.347+0000] {dagbag.py:545} INFO - Filling up the DagBag from /home/ubuntu/airflow-venv/lib/python3.12/site-packages/airflow/example_dags/example_branch_python_dop_operator_3.py
[2024-07-31T18:47:37.356+0000] {processor.py:840} INFO - DAG(s) 'example_branch_dop_operator_v3' retrieved from /home/ubuntu/airflow-venv/lib/python3.12/site-packages/airflow/example_dags/example_branch_python_dop_operator_3.py
[2024-07-31T18:47:37.373+0000] {logging_mixin.py:188} INFO - [2024-07-31T18:47:37.372+0000] {dag.py:3089} INFO - Sync 1 DAGs
[2024-07-31T18:47:37.395+0000] {logging_mixin.py:188} INFO - [2024-07-31T18:47:37.395+0000] {dag.py:3947} INFO - Setting next_dagrun for example_branch_dop_operator_v3 to 2024-07-31 18:46:00+00:00, run_after=2024-07-31 18:47:00+00:00
[2024-07-31T18:47:37.419+0000] {processor.py:183} INFO - Processing /home/ubuntu/airflow-venv/lib/python3.12/site-packages/airflow/example_dags/example_branch_python_dop_operator_3.py took 0.081 seconds
[2024-07-31T18:48:31.210+0000] {processor.py:161} INFO - Started process (PID=4174) to work on /home/ubuntu/airflow-venv/lib/python3.12/site-packages/airflow/example_dags/example_branch_python_dop_operator_3.py
[2024-07-31T18:48:31.212+0000] {processor.py:830} INFO - Processing file /home/ubuntu/airflow-venv/lib/python3.12/site-packages/airflow/example_dags/example_branch_python_dop_operator_3.py for tasks to queue
[2024-07-31T18:48:31.214+0000] {logging_mixin.py:188} INFO - [2024-07-31T18:48:31.213+0000] {dagbag.py:545} INFO - Filling up the DagBag from /home/ubuntu/airflow-venv/lib/python3.12/site-packages/airflow/example_dags/example_branch_python_dop_operator_3.py
[2024-07-31T18:48:31.223+0000] {processor.py:840} INFO - DAG(s) 'example_branch_dop_operator_v3' retrieved from /home/ubuntu/airflow-venv/lib/python3.12/site-packages/airflow/example_dags/example_branch_python_dop_operator_3.py
[2024-07-31T18:48:31.240+0000] {logging_mixin.py:188} INFO - [2024-07-31T18:48:31.239+0000] {dag.py:3089} INFO - Sync 1 DAGs
[2024-07-31T18:48:31.263+0000] {logging_mixin.py:188} INFO - [2024-07-31T18:48:31.263+0000] {dag.py:3947} INFO - Setting next_dagrun for example_branch_dop_operator_v3 to 2024-07-31 18:47:00+00:00, run_after=2024-07-31 18:48:00+00:00
[2024-07-31T18:48:31.290+0000] {processor.py:183} INFO - Processing /home/ubuntu/airflow-venv/lib/python3.12/site-packages/airflow/example_dags/example_branch_python_dop_operator_3.py took 0.086 seconds
[2024-07-31T18:49:31.629+0000] {processor.py:161} INFO - Started process (PID=4238) to work on /home/ubuntu/airflow-venv/lib/python3.12/site-packages/airflow/example_dags/example_branch_python_dop_operator_3.py
[2024-07-31T18:49:31.631+0000] {processor.py:830} INFO - Processing file /home/ubuntu/airflow-venv/lib/python3.12/site-packages/airflow/example_dags/example_branch_python_dop_operator_3.py for tasks to queue
[2024-07-31T18:49:31.633+0000] {logging_mixin.py:188} INFO - [2024-07-31T18:49:31.632+0000] {dagbag.py:545} INFO - Filling up the DagBag from /home/ubuntu/airflow-venv/lib/python3.12/site-packages/airflow/example_dags/example_branch_python_dop_operator_3.py
[2024-07-31T18:49:31.642+0000] {processor.py:840} INFO - DAG(s) 'example_branch_dop_operator_v3' retrieved from /home/ubuntu/airflow-venv/lib/python3.12/site-packages/airflow/example_dags/example_branch_python_dop_operator_3.py
[2024-07-31T18:49:31.658+0000] {logging_mixin.py:188} INFO - [2024-07-31T18:49:31.658+0000] {dag.py:3089} INFO - Sync 1 DAGs
[2024-07-31T18:49:31.681+0000] {logging_mixin.py:188} INFO - [2024-07-31T18:49:31.681+0000] {dag.py:3947} INFO - Setting next_dagrun for example_branch_dop_operator_v3 to 2024-07-31 18:48:00+00:00, run_after=2024-07-31 18:49:00+00:00
[2024-07-31T18:49:31.707+0000] {processor.py:183} INFO - Processing /home/ubuntu/airflow-venv/lib/python3.12/site-packages/airflow/example_dags/example_branch_python_dop_operator_3.py took 0.084 seconds
[2024-07-31T18:50:31.033+0000] {processor.py:161} INFO - Started process (PID=4304) to work on /home/ubuntu/airflow-venv/lib/python3.12/site-packages/airflow/example_dags/example_branch_python_dop_operator_3.py
[2024-07-31T18:50:31.034+0000] {processor.py:830} INFO - Processing file /home/ubuntu/airflow-venv/lib/python3.12/site-packages/airflow/example_dags/example_branch_python_dop_operator_3.py for tasks to queue
[2024-07-31T18:50:31.036+0000] {logging_mixin.py:188} INFO - [2024-07-31T18:50:31.036+0000] {dagbag.py:545} INFO - Filling up the DagBag from /home/ubuntu/airflow-venv/lib/python3.12/site-packages/airflow/example_dags/example_branch_python_dop_operator_3.py
[2024-07-31T18:50:31.045+0000] {processor.py:840} INFO - DAG(s) 'example_branch_dop_operator_v3' retrieved from /home/ubuntu/airflow-venv/lib/python3.12/site-packages/airflow/example_dags/example_branch_python_dop_operator_3.py
[2024-07-31T18:50:31.061+0000] {logging_mixin.py:188} INFO - [2024-07-31T18:50:31.061+0000] {dag.py:3089} INFO - Sync 1 DAGs
[2024-07-31T18:50:31.084+0000] {logging_mixin.py:188} INFO - [2024-07-31T18:50:31.084+0000] {dag.py:3947} INFO - Setting next_dagrun for example_branch_dop_operator_v3 to 2024-07-31 18:49:00+00:00, run_after=2024-07-31 18:50:00+00:00
[2024-07-31T18:50:31.108+0000] {processor.py:183} INFO - Processing /home/ubuntu/airflow-venv/lib/python3.12/site-packages/airflow/example_dags/example_branch_python_dop_operator_3.py took 0.081 seconds
[2024-07-31T18:51:30.090+0000] {processor.py:161} INFO - Started process (PID=4368) to work on /home/ubuntu/airflow-venv/lib/python3.12/site-packages/airflow/example_dags/example_branch_python_dop_operator_3.py
[2024-07-31T18:51:30.091+0000] {processor.py:830} INFO - Processing file /home/ubuntu/airflow-venv/lib/python3.12/site-packages/airflow/example_dags/example_branch_python_dop_operator_3.py for tasks to queue
[2024-07-31T18:51:30.093+0000] {logging_mixin.py:188} INFO - [2024-07-31T18:51:30.093+0000] {dagbag.py:545} INFO - Filling up the DagBag from /home/ubuntu/airflow-venv/lib/python3.12/site-packages/airflow/example_dags/example_branch_python_dop_operator_3.py
[2024-07-31T18:51:30.102+0000] {processor.py:840} INFO - DAG(s) 'example_branch_dop_operator_v3' retrieved from /home/ubuntu/airflow-venv/lib/python3.12/site-packages/airflow/example_dags/example_branch_python_dop_operator_3.py
[2024-07-31T18:51:30.119+0000] {logging_mixin.py:188} INFO - [2024-07-31T18:51:30.118+0000] {dag.py:3089} INFO - Sync 1 DAGs
[2024-07-31T18:51:30.142+0000] {logging_mixin.py:188} INFO - [2024-07-31T18:51:30.142+0000] {dag.py:3947} INFO - Setting next_dagrun for example_branch_dop_operator_v3 to 2024-07-31 18:50:00+00:00, run_after=2024-07-31 18:51:00+00:00
[2024-07-31T18:51:30.167+0000] {processor.py:183} INFO - Processing /home/ubuntu/airflow-venv/lib/python3.12/site-packages/airflow/example_dags/example_branch_python_dop_operator_3.py took 0.083 seconds
[2024-07-31T18:52:28.107+0000] {processor.py:161} INFO - Started process (PID=4429) to work on /home/ubuntu/airflow-venv/lib/python3.12/site-packages/airflow/example_dags/example_branch_python_dop_operator_3.py
[2024-07-31T18:52:28.110+0000] {processor.py:830} INFO - Processing file /home/ubuntu/airflow-venv/lib/python3.12/site-packages/airflow/example_dags/example_branch_python_dop_operator_3.py for tasks to queue
[2024-07-31T18:52:28.112+0000] {logging_mixin.py:188} INFO - [2024-07-31T18:52:28.111+0000] {dagbag.py:545} INFO - Filling up the DagBag from /home/ubuntu/airflow-venv/lib/python3.12/site-packages/airflow/example_dags/example_branch_python_dop_operator_3.py
[2024-07-31T18:52:28.121+0000] {processor.py:840} INFO - DAG(s) 'example_branch_dop_operator_v3' retrieved from /home/ubuntu/airflow-venv/lib/python3.12/site-packages/airflow/example_dags/example_branch_python_dop_operator_3.py
[2024-07-31T18:52:28.137+0000] {logging_mixin.py:188} INFO - [2024-07-31T18:52:28.137+0000] {dag.py:3089} INFO - Sync 1 DAGs
[2024-07-31T18:52:28.160+0000] {logging_mixin.py:188} INFO - [2024-07-31T18:52:28.160+0000] {dag.py:3947} INFO - Setting next_dagrun for example_branch_dop_operator_v3 to 2024-07-31 18:51:00+00:00, run_after=2024-07-31 18:52:00+00:00
[2024-07-31T18:52:28.185+0000] {processor.py:183} INFO - Processing /home/ubuntu/airflow-venv/lib/python3.12/site-packages/airflow/example_dags/example_branch_python_dop_operator_3.py took 0.083 seconds
[2024-07-31T18:53:30.195+0000] {processor.py:161} INFO - Started process (PID=4498) to work on /home/ubuntu/airflow-venv/lib/python3.12/site-packages/airflow/example_dags/example_branch_python_dop_operator_3.py
[2024-07-31T18:53:30.196+0000] {processor.py:830} INFO - Processing file /home/ubuntu/airflow-venv/lib/python3.12/site-packages/airflow/example_dags/example_branch_python_dop_operator_3.py for tasks to queue
[2024-07-31T18:53:30.197+0000] {logging_mixin.py:188} INFO - [2024-07-31T18:53:30.197+0000] {dagbag.py:545} INFO - Filling up the DagBag from /home/ubuntu/airflow-venv/lib/python3.12/site-packages/airflow/example_dags/example_branch_python_dop_operator_3.py
[2024-07-31T18:53:30.206+0000] {processor.py:840} INFO - DAG(s) 'example_branch_dop_operator_v3' retrieved from /home/ubuntu/airflow-venv/lib/python3.12/site-packages/airflow/example_dags/example_branch_python_dop_operator_3.py
[2024-07-31T18:53:30.223+0000] {logging_mixin.py:188} INFO - [2024-07-31T18:53:30.222+0000] {dag.py:3089} INFO - Sync 1 DAGs
[2024-07-31T18:53:30.245+0000] {logging_mixin.py:188} INFO - [2024-07-31T18:53:30.245+0000] {dag.py:3947} INFO - Setting next_dagrun for example_branch_dop_operator_v3 to 2024-07-31 18:52:00+00:00, run_after=2024-07-31 18:53:00+00:00
[2024-07-31T18:53:30.268+0000] {processor.py:183} INFO - Processing /home/ubuntu/airflow-venv/lib/python3.12/site-packages/airflow/example_dags/example_branch_python_dop_operator_3.py took 0.079 seconds
[2024-07-31T18:54:30.983+0000] {processor.py:161} INFO - Started process (PID=4565) to work on /home/ubuntu/airflow-venv/lib/python3.12/site-packages/airflow/example_dags/example_branch_python_dop_operator_3.py
[2024-07-31T18:54:30.985+0000] {processor.py:830} INFO - Processing file /home/ubuntu/airflow-venv/lib/python3.12/site-packages/airflow/example_dags/example_branch_python_dop_operator_3.py for tasks to queue
[2024-07-31T18:54:30.985+0000] {logging_mixin.py:188} INFO - [2024-07-31T18:54:30.985+0000] {dagbag.py:545} INFO - Filling up the DagBag from /home/ubuntu/airflow-venv/lib/python3.12/site-packages/airflow/example_dags/example_branch_python_dop_operator_3.py
[2024-07-31T18:54:30.994+0000] {processor.py:840} INFO - DAG(s) 'example_branch_dop_operator_v3' retrieved from /home/ubuntu/airflow-venv/lib/python3.12/site-packages/airflow/example_dags/example_branch_python_dop_operator_3.py
[2024-07-31T18:54:31.011+0000] {logging_mixin.py:188} INFO - [2024-07-31T18:54:31.011+0000] {dag.py:3089} INFO - Sync 1 DAGs
[2024-07-31T18:54:31.034+0000] {logging_mixin.py:188} INFO - [2024-07-31T18:54:31.034+0000] {dag.py:3947} INFO - Setting next_dagrun for example_branch_dop_operator_v3 to 2024-07-31 18:53:00+00:00, run_after=2024-07-31 18:54:00+00:00
[2024-07-31T18:54:31.059+0000] {processor.py:183} INFO - Processing /home/ubuntu/airflow-venv/lib/python3.12/site-packages/airflow/example_dags/example_branch_python_dop_operator_3.py took 0.081 seconds
[2024-07-31T18:55:31.984+0000] {processor.py:161} INFO - Started process (PID=4635) to work on /home/ubuntu/airflow-venv/lib/python3.12/site-packages/airflow/example_dags/example_branch_python_dop_operator_3.py
[2024-07-31T18:55:31.986+0000] {processor.py:830} INFO - Processing file /home/ubuntu/airflow-venv/lib/python3.12/site-packages/airflow/example_dags/example_branch_python_dop_operator_3.py for tasks to queue
[2024-07-31T18:55:31.986+0000] {logging_mixin.py:188} INFO - [2024-07-31T18:55:31.986+0000] {dagbag.py:545} INFO - Filling up the DagBag from /home/ubuntu/airflow-venv/lib/python3.12/site-packages/airflow/example_dags/example_branch_python_dop_operator_3.py
[2024-07-31T18:55:31.995+0000] {processor.py:840} INFO - DAG(s) 'example_branch_dop_operator_v3' retrieved from /home/ubuntu/airflow-venv/lib/python3.12/site-packages/airflow/example_dags/example_branch_python_dop_operator_3.py
[2024-07-31T18:55:32.012+0000] {logging_mixin.py:188} INFO - [2024-07-31T18:55:32.012+0000] {dag.py:3089} INFO - Sync 1 DAGs
[2024-07-31T18:55:32.034+0000] {logging_mixin.py:188} INFO - [2024-07-31T18:55:32.034+0000] {dag.py:3947} INFO - Setting next_dagrun for example_branch_dop_operator_v3 to 2024-07-31 18:54:00+00:00, run_after=2024-07-31 18:55:00+00:00
[2024-07-31T18:55:32.058+0000] {processor.py:183} INFO - Processing /home/ubuntu/airflow-venv/lib/python3.12/site-packages/airflow/example_dags/example_branch_python_dop_operator_3.py took 0.079 seconds
[2024-07-31T18:56:39.883+0000] {processor.py:161} INFO - Started process (PID=4899) to work on /home/ubuntu/airflow-venv/lib/python3.12/site-packages/airflow/example_dags/example_branch_python_dop_operator_3.py
[2024-07-31T18:56:39.884+0000] {processor.py:830} INFO - Processing file /home/ubuntu/airflow-venv/lib/python3.12/site-packages/airflow/example_dags/example_branch_python_dop_operator_3.py for tasks to queue
[2024-07-31T18:56:39.885+0000] {logging_mixin.py:188} INFO - [2024-07-31T18:56:39.884+0000] {dagbag.py:545} INFO - Filling up the DagBag from /home/ubuntu/airflow-venv/lib/python3.12/site-packages/airflow/example_dags/example_branch_python_dop_operator_3.py
[2024-07-31T18:56:39.894+0000] {processor.py:840} INFO - DAG(s) 'example_branch_dop_operator_v3' retrieved from /home/ubuntu/airflow-venv/lib/python3.12/site-packages/airflow/example_dags/example_branch_python_dop_operator_3.py
[2024-07-31T18:56:39.910+0000] {logging_mixin.py:188} INFO - [2024-07-31T18:56:39.910+0000] {dag.py:3089} INFO - Sync 1 DAGs
[2024-07-31T18:56:39.933+0000] {logging_mixin.py:188} INFO - [2024-07-31T18:56:39.933+0000] {dag.py:3947} INFO - Setting next_dagrun for example_branch_dop_operator_v3 to 2024-07-31 18:55:00+00:00, run_after=2024-07-31 18:56:00+00:00
[2024-07-31T18:56:39.958+0000] {processor.py:183} INFO - Processing /home/ubuntu/airflow-venv/lib/python3.12/site-packages/airflow/example_dags/example_branch_python_dop_operator_3.py took 0.082 seconds
[2024-07-31T18:57:48.466+0000] {processor.py:161} INFO - Started process (PID=5089) to work on /home/ubuntu/airflow-venv/lib/python3.12/site-packages/airflow/example_dags/example_branch_python_dop_operator_3.py
[2024-07-31T18:57:48.468+0000] {processor.py:830} INFO - Processing file /home/ubuntu/airflow-venv/lib/python3.12/site-packages/airflow/example_dags/example_branch_python_dop_operator_3.py for tasks to queue
[2024-07-31T18:57:48.469+0000] {logging_mixin.py:188} INFO - [2024-07-31T18:57:48.468+0000] {dagbag.py:545} INFO - Filling up the DagBag from /home/ubuntu/airflow-venv/lib/python3.12/site-packages/airflow/example_dags/example_branch_python_dop_operator_3.py
[2024-07-31T18:57:48.477+0000] {processor.py:840} INFO - DAG(s) 'example_branch_dop_operator_v3' retrieved from /home/ubuntu/airflow-venv/lib/python3.12/site-packages/airflow/example_dags/example_branch_python_dop_operator_3.py
[2024-07-31T18:57:48.493+0000] {logging_mixin.py:188} INFO - [2024-07-31T18:57:48.493+0000] {dag.py:3089} INFO - Sync 1 DAGs
[2024-07-31T18:57:48.516+0000] {logging_mixin.py:188} INFO - [2024-07-31T18:57:48.516+0000] {dag.py:3947} INFO - Setting next_dagrun for example_branch_dop_operator_v3 to 2024-07-31 18:56:00+00:00, run_after=2024-07-31 18:57:00+00:00
[2024-07-31T18:57:48.538+0000] {processor.py:183} INFO - Processing /home/ubuntu/airflow-venv/lib/python3.12/site-packages/airflow/example_dags/example_branch_python_dop_operator_3.py took 0.078 seconds
[2024-07-31T18:58:55.013+0000] {processor.py:161} INFO - Started process (PID=5161) to work on /home/ubuntu/airflow-venv/lib/python3.12/site-packages/airflow/example_dags/example_branch_python_dop_operator_3.py
[2024-07-31T18:58:55.016+0000] {processor.py:830} INFO - Processing file /home/ubuntu/airflow-venv/lib/python3.12/site-packages/airflow/example_dags/example_branch_python_dop_operator_3.py for tasks to queue
[2024-07-31T18:58:55.017+0000] {logging_mixin.py:188} INFO - [2024-07-31T18:58:55.016+0000] {dagbag.py:545} INFO - Filling up the DagBag from /home/ubuntu/airflow-venv/lib/python3.12/site-packages/airflow/example_dags/example_branch_python_dop_operator_3.py
[2024-07-31T18:58:55.026+0000] {processor.py:840} INFO - DAG(s) 'example_branch_dop_operator_v3' retrieved from /home/ubuntu/airflow-venv/lib/python3.12/site-packages/airflow/example_dags/example_branch_python_dop_operator_3.py
[2024-07-31T18:58:55.043+0000] {logging_mixin.py:188} INFO - [2024-07-31T18:58:55.043+0000] {dag.py:3089} INFO - Sync 1 DAGs
[2024-07-31T18:58:55.067+0000] {logging_mixin.py:188} INFO - [2024-07-31T18:58:55.067+0000] {dag.py:3947} INFO - Setting next_dagrun for example_branch_dop_operator_v3 to 2024-07-31 18:57:00+00:00, run_after=2024-07-31 18:58:00+00:00
[2024-07-31T18:58:55.091+0000] {processor.py:183} INFO - Processing /home/ubuntu/airflow-venv/lib/python3.12/site-packages/airflow/example_dags/example_branch_python_dop_operator_3.py took 0.084 seconds
[2024-07-31T18:59:58.042+0000] {processor.py:161} INFO - Started process (PID=5228) to work on /home/ubuntu/airflow-venv/lib/python3.12/site-packages/airflow/example_dags/example_branch_python_dop_operator_3.py
[2024-07-31T18:59:58.044+0000] {processor.py:830} INFO - Processing file /home/ubuntu/airflow-venv/lib/python3.12/site-packages/airflow/example_dags/example_branch_python_dop_operator_3.py for tasks to queue
[2024-07-31T18:59:58.045+0000] {logging_mixin.py:188} INFO - [2024-07-31T18:59:58.044+0000] {dagbag.py:545} INFO - Filling up the DagBag from /home/ubuntu/airflow-venv/lib/python3.12/site-packages/airflow/example_dags/example_branch_python_dop_operator_3.py
[2024-07-31T18:59:58.054+0000] {processor.py:840} INFO - DAG(s) 'example_branch_dop_operator_v3' retrieved from /home/ubuntu/airflow-venv/lib/python3.12/site-packages/airflow/example_dags/example_branch_python_dop_operator_3.py
[2024-07-31T18:59:58.071+0000] {logging_mixin.py:188} INFO - [2024-07-31T18:59:58.071+0000] {dag.py:3089} INFO - Sync 1 DAGs
[2024-07-31T18:59:58.095+0000] {logging_mixin.py:188} INFO - [2024-07-31T18:59:58.094+0000] {dag.py:3947} INFO - Setting next_dagrun for example_branch_dop_operator_v3 to 2024-07-31 18:58:00+00:00, run_after=2024-07-31 18:59:00+00:00
[2024-07-31T18:59:58.121+0000] {processor.py:183} INFO - Processing /home/ubuntu/airflow-venv/lib/python3.12/site-packages/airflow/example_dags/example_branch_python_dop_operator_3.py took 0.085 seconds
[2024-07-31T19:01:06.377+0000] {processor.py:161} INFO - Started process (PID=5301) to work on /home/ubuntu/airflow-venv/lib/python3.12/site-packages/airflow/example_dags/example_branch_python_dop_operator_3.py
[2024-07-31T19:01:06.380+0000] {processor.py:830} INFO - Processing file /home/ubuntu/airflow-venv/lib/python3.12/site-packages/airflow/example_dags/example_branch_python_dop_operator_3.py for tasks to queue
[2024-07-31T19:01:06.381+0000] {logging_mixin.py:188} INFO - [2024-07-31T19:01:06.380+0000] {dagbag.py:545} INFO - Filling up the DagBag from /home/ubuntu/airflow-venv/lib/python3.12/site-packages/airflow/example_dags/example_branch_python_dop_operator_3.py
[2024-07-31T19:01:06.390+0000] {processor.py:840} INFO - DAG(s) 'example_branch_dop_operator_v3' retrieved from /home/ubuntu/airflow-venv/lib/python3.12/site-packages/airflow/example_dags/example_branch_python_dop_operator_3.py
[2024-07-31T19:01:06.406+0000] {logging_mixin.py:188} INFO - [2024-07-31T19:01:06.406+0000] {dag.py:3089} INFO - Sync 1 DAGs
[2024-07-31T19:01:06.429+0000] {logging_mixin.py:188} INFO - [2024-07-31T19:01:06.429+0000] {dag.py:3947} INFO - Setting next_dagrun for example_branch_dop_operator_v3 to 2024-07-31 19:00:00+00:00, run_after=2024-07-31 19:01:00+00:00
[2024-07-31T19:01:06.455+0000] {processor.py:183} INFO - Processing /home/ubuntu/airflow-venv/lib/python3.12/site-packages/airflow/example_dags/example_branch_python_dop_operator_3.py took 0.083 seconds
[2024-07-31T19:02:16.115+0000] {processor.py:161} INFO - Started process (PID=5371) to work on /home/ubuntu/airflow-venv/lib/python3.12/site-packages/airflow/example_dags/example_branch_python_dop_operator_3.py
[2024-07-31T19:02:16.117+0000] {processor.py:830} INFO - Processing file /home/ubuntu/airflow-venv/lib/python3.12/site-packages/airflow/example_dags/example_branch_python_dop_operator_3.py for tasks to queue
[2024-07-31T19:02:16.118+0000] {logging_mixin.py:188} INFO - [2024-07-31T19:02:16.118+0000] {dagbag.py:545} INFO - Filling up the DagBag from /home/ubuntu/airflow-venv/lib/python3.12/site-packages/airflow/example_dags/example_branch_python_dop_operator_3.py
[2024-07-31T19:02:16.127+0000] {processor.py:840} INFO - DAG(s) 'example_branch_dop_operator_v3' retrieved from /home/ubuntu/airflow-venv/lib/python3.12/site-packages/airflow/example_dags/example_branch_python_dop_operator_3.py
[2024-07-31T19:02:16.144+0000] {logging_mixin.py:188} INFO - [2024-07-31T19:02:16.143+0000] {dag.py:3089} INFO - Sync 1 DAGs
[2024-07-31T19:02:16.166+0000] {logging_mixin.py:188} INFO - [2024-07-31T19:02:16.166+0000] {dag.py:3947} INFO - Setting next_dagrun for example_branch_dop_operator_v3 to 2024-07-31 19:01:00+00:00, run_after=2024-07-31 19:02:00+00:00
[2024-07-31T19:02:16.190+0000] {processor.py:183} INFO - Processing /home/ubuntu/airflow-venv/lib/python3.12/site-packages/airflow/example_dags/example_branch_python_dop_operator_3.py took 0.081 seconds
[2024-07-31T19:03:21.289+0000] {processor.py:161} INFO - Started process (PID=5440) to work on /home/ubuntu/airflow-venv/lib/python3.12/site-packages/airflow/example_dags/example_branch_python_dop_operator_3.py
[2024-07-31T19:03:21.292+0000] {processor.py:830} INFO - Processing file /home/ubuntu/airflow-venv/lib/python3.12/site-packages/airflow/example_dags/example_branch_python_dop_operator_3.py for tasks to queue
[2024-07-31T19:03:21.293+0000] {logging_mixin.py:188} INFO - [2024-07-31T19:03:21.292+0000] {dagbag.py:545} INFO - Filling up the DagBag from /home/ubuntu/airflow-venv/lib/python3.12/site-packages/airflow/example_dags/example_branch_python_dop_operator_3.py
[2024-07-31T19:03:21.302+0000] {processor.py:840} INFO - DAG(s) 'example_branch_dop_operator_v3' retrieved from /home/ubuntu/airflow-venv/lib/python3.12/site-packages/airflow/example_dags/example_branch_python_dop_operator_3.py
[2024-07-31T19:03:21.318+0000] {logging_mixin.py:188} INFO - [2024-07-31T19:03:21.318+0000] {dag.py:3089} INFO - Sync 1 DAGs
[2024-07-31T19:03:21.340+0000] {logging_mixin.py:188} INFO - [2024-07-31T19:03:21.340+0000] {dag.py:3947} INFO - Setting next_dagrun for example_branch_dop_operator_v3 to 2024-07-31 19:02:00+00:00, run_after=2024-07-31 19:03:00+00:00
[2024-07-31T19:03:21.364+0000] {processor.py:183} INFO - Processing /home/ubuntu/airflow-venv/lib/python3.12/site-packages/airflow/example_dags/example_branch_python_dop_operator_3.py took 0.081 seconds
[2024-07-31T19:19:26.198+0000] {processor.py:161} INFO - Started process (PID=5642) to work on /home/ubuntu/airflow-venv/lib/python3.12/site-packages/airflow/example_dags/example_branch_python_dop_operator_3.py
[2024-07-31T19:19:26.200+0000] {processor.py:830} INFO - Processing file /home/ubuntu/airflow-venv/lib/python3.12/site-packages/airflow/example_dags/example_branch_python_dop_operator_3.py for tasks to queue
[2024-07-31T19:19:26.202+0000] {logging_mixin.py:188} INFO - [2024-07-31T19:19:26.201+0000] {dagbag.py:545} INFO - Filling up the DagBag from /home/ubuntu/airflow-venv/lib/python3.12/site-packages/airflow/example_dags/example_branch_python_dop_operator_3.py
[2024-07-31T19:19:26.210+0000] {processor.py:840} INFO - DAG(s) 'example_branch_dop_operator_v3' retrieved from /home/ubuntu/airflow-venv/lib/python3.12/site-packages/airflow/example_dags/example_branch_python_dop_operator_3.py
[2024-07-31T19:19:26.312+0000] {logging_mixin.py:188} INFO - [2024-07-31T19:19:26.312+0000] {dag.py:3089} INFO - Sync 1 DAGs
[2024-07-31T19:19:26.333+0000] {logging_mixin.py:188} INFO - [2024-07-31T19:19:26.333+0000] {dag.py:3947} INFO - Setting next_dagrun for example_branch_dop_operator_v3 to 2024-07-31 19:18:00+00:00, run_after=2024-07-31 19:19:00+00:00
[2024-07-31T19:19:26.357+0000] {processor.py:183} INFO - Processing /home/ubuntu/airflow-venv/lib/python3.12/site-packages/airflow/example_dags/example_branch_python_dop_operator_3.py took 0.164 seconds
[2024-07-31T19:20:22.773+0000] {processor.py:161} INFO - Started process (PID=5698) to work on /home/ubuntu/airflow-venv/lib/python3.12/site-packages/airflow/example_dags/example_branch_python_dop_operator_3.py
[2024-07-31T19:20:22.774+0000] {processor.py:830} INFO - Processing file /home/ubuntu/airflow-venv/lib/python3.12/site-packages/airflow/example_dags/example_branch_python_dop_operator_3.py for tasks to queue
[2024-07-31T19:20:22.776+0000] {logging_mixin.py:188} INFO - [2024-07-31T19:20:22.776+0000] {dagbag.py:545} INFO - Filling up the DagBag from /home/ubuntu/airflow-venv/lib/python3.12/site-packages/airflow/example_dags/example_branch_python_dop_operator_3.py
[2024-07-31T19:20:22.785+0000] {processor.py:840} INFO - DAG(s) 'example_branch_dop_operator_v3' retrieved from /home/ubuntu/airflow-venv/lib/python3.12/site-packages/airflow/example_dags/example_branch_python_dop_operator_3.py
[2024-07-31T19:20:22.801+0000] {logging_mixin.py:188} INFO - [2024-07-31T19:20:22.801+0000] {dag.py:3089} INFO - Sync 1 DAGs
[2024-07-31T19:20:22.824+0000] {logging_mixin.py:188} INFO - [2024-07-31T19:20:22.824+0000] {dag.py:3947} INFO - Setting next_dagrun for example_branch_dop_operator_v3 to 2024-07-31 19:19:00+00:00, run_after=2024-07-31 19:20:00+00:00
[2024-07-31T19:20:22.850+0000] {processor.py:183} INFO - Processing /home/ubuntu/airflow-venv/lib/python3.12/site-packages/airflow/example_dags/example_branch_python_dop_operator_3.py took 0.083 seconds
[2024-07-31T19:21:16.889+0000] {processor.py:161} INFO - Started process (PID=5754) to work on /home/ubuntu/airflow-venv/lib/python3.12/site-packages/airflow/example_dags/example_branch_python_dop_operator_3.py
[2024-07-31T19:21:16.890+0000] {processor.py:830} INFO - Processing file /home/ubuntu/airflow-venv/lib/python3.12/site-packages/airflow/example_dags/example_branch_python_dop_operator_3.py for tasks to queue
[2024-07-31T19:21:16.892+0000] {logging_mixin.py:188} INFO - [2024-07-31T19:21:16.891+0000] {dagbag.py:545} INFO - Filling up the DagBag from /home/ubuntu/airflow-venv/lib/python3.12/site-packages/airflow/example_dags/example_branch_python_dop_operator_3.py
[2024-07-31T19:21:16.901+0000] {processor.py:840} INFO - DAG(s) 'example_branch_dop_operator_v3' retrieved from /home/ubuntu/airflow-venv/lib/python3.12/site-packages/airflow/example_dags/example_branch_python_dop_operator_3.py
[2024-07-31T19:21:16.917+0000] {logging_mixin.py:188} INFO - [2024-07-31T19:21:16.916+0000] {dag.py:3089} INFO - Sync 1 DAGs
[2024-07-31T19:21:16.940+0000] {logging_mixin.py:188} INFO - [2024-07-31T19:21:16.939+0000] {dag.py:3947} INFO - Setting next_dagrun for example_branch_dop_operator_v3 to 2024-07-31 19:20:00+00:00, run_after=2024-07-31 19:21:00+00:00
[2024-07-31T19:21:16.964+0000] {processor.py:183} INFO - Processing /home/ubuntu/airflow-venv/lib/python3.12/site-packages/airflow/example_dags/example_branch_python_dop_operator_3.py took 0.081 seconds
[2024-07-31T19:22:29.585+0000] {processor.py:161} INFO - Started process (PID=5828) to work on /home/ubuntu/airflow-venv/lib/python3.12/site-packages/airflow/example_dags/example_branch_python_dop_operator_3.py
[2024-07-31T19:22:29.587+0000] {processor.py:830} INFO - Processing file /home/ubuntu/airflow-venv/lib/python3.12/site-packages/airflow/example_dags/example_branch_python_dop_operator_3.py for tasks to queue
[2024-07-31T19:22:29.588+0000] {logging_mixin.py:188} INFO - [2024-07-31T19:22:29.587+0000] {dagbag.py:545} INFO - Filling up the DagBag from /home/ubuntu/airflow-venv/lib/python3.12/site-packages/airflow/example_dags/example_branch_python_dop_operator_3.py
[2024-07-31T19:22:29.597+0000] {processor.py:840} INFO - DAG(s) 'example_branch_dop_operator_v3' retrieved from /home/ubuntu/airflow-venv/lib/python3.12/site-packages/airflow/example_dags/example_branch_python_dop_operator_3.py
[2024-07-31T19:22:29.613+0000] {logging_mixin.py:188} INFO - [2024-07-31T19:22:29.612+0000] {dag.py:3089} INFO - Sync 1 DAGs
[2024-07-31T19:22:29.635+0000] {logging_mixin.py:188} INFO - [2024-07-31T19:22:29.634+0000] {dag.py:3947} INFO - Setting next_dagrun for example_branch_dop_operator_v3 to 2024-07-31 19:21:00+00:00, run_after=2024-07-31 19:22:00+00:00
[2024-07-31T19:22:29.657+0000] {processor.py:183} INFO - Processing /home/ubuntu/airflow-venv/lib/python3.12/site-packages/airflow/example_dags/example_branch_python_dop_operator_3.py took 0.078 seconds
[2024-07-31T19:23:34.597+0000] {processor.py:161} INFO - Started process (PID=5897) to work on /home/ubuntu/airflow-venv/lib/python3.12/site-packages/airflow/example_dags/example_branch_python_dop_operator_3.py
[2024-07-31T19:23:34.598+0000] {processor.py:830} INFO - Processing file /home/ubuntu/airflow-venv/lib/python3.12/site-packages/airflow/example_dags/example_branch_python_dop_operator_3.py for tasks to queue
[2024-07-31T19:23:34.599+0000] {logging_mixin.py:188} INFO - [2024-07-31T19:23:34.599+0000] {dagbag.py:545} INFO - Filling up the DagBag from /home/ubuntu/airflow-venv/lib/python3.12/site-packages/airflow/example_dags/example_branch_python_dop_operator_3.py
[2024-07-31T19:23:34.608+0000] {processor.py:840} INFO - DAG(s) 'example_branch_dop_operator_v3' retrieved from /home/ubuntu/airflow-venv/lib/python3.12/site-packages/airflow/example_dags/example_branch_python_dop_operator_3.py
[2024-07-31T19:23:34.625+0000] {logging_mixin.py:188} INFO - [2024-07-31T19:23:34.624+0000] {dag.py:3089} INFO - Sync 1 DAGs
[2024-07-31T19:23:34.648+0000] {logging_mixin.py:188} INFO - [2024-07-31T19:23:34.647+0000] {dag.py:3947} INFO - Setting next_dagrun for example_branch_dop_operator_v3 to 2024-07-31 19:22:00+00:00, run_after=2024-07-31 19:23:00+00:00
[2024-07-31T19:23:34.671+0000] {processor.py:183} INFO - Processing /home/ubuntu/airflow-venv/lib/python3.12/site-packages/airflow/example_dags/example_branch_python_dop_operator_3.py took 0.080 seconds
[2024-07-31T19:24:46.176+0000] {processor.py:161} INFO - Started process (PID=5977) to work on /home/ubuntu/airflow-venv/lib/python3.12/site-packages/airflow/example_dags/example_branch_python_dop_operator_3.py
[2024-07-31T19:24:46.178+0000] {processor.py:830} INFO - Processing file /home/ubuntu/airflow-venv/lib/python3.12/site-packages/airflow/example_dags/example_branch_python_dop_operator_3.py for tasks to queue
[2024-07-31T19:24:46.178+0000] {logging_mixin.py:188} INFO - [2024-07-31T19:24:46.178+0000] {dagbag.py:545} INFO - Filling up the DagBag from /home/ubuntu/airflow-venv/lib/python3.12/site-packages/airflow/example_dags/example_branch_python_dop_operator_3.py
[2024-07-31T19:24:46.187+0000] {processor.py:840} INFO - DAG(s) 'example_branch_dop_operator_v3' retrieved from /home/ubuntu/airflow-venv/lib/python3.12/site-packages/airflow/example_dags/example_branch_python_dop_operator_3.py
[2024-07-31T19:24:46.204+0000] {logging_mixin.py:188} INFO - [2024-07-31T19:24:46.204+0000] {dag.py:3089} INFO - Sync 1 DAGs
[2024-07-31T19:24:46.228+0000] {logging_mixin.py:188} INFO - [2024-07-31T19:24:46.227+0000] {dag.py:3947} INFO - Setting next_dagrun for example_branch_dop_operator_v3 to 2024-07-31 19:23:00+00:00, run_after=2024-07-31 19:24:00+00:00
[2024-07-31T19:24:46.258+0000] {processor.py:183} INFO - Processing /home/ubuntu/airflow-venv/lib/python3.12/site-packages/airflow/example_dags/example_branch_python_dop_operator_3.py took 0.087 seconds
[2024-07-31T19:25:56.469+0000] {processor.py:161} INFO - Started process (PID=6053) to work on /home/ubuntu/airflow-venv/lib/python3.12/site-packages/airflow/example_dags/example_branch_python_dop_operator_3.py
[2024-07-31T19:25:56.471+0000] {processor.py:830} INFO - Processing file /home/ubuntu/airflow-venv/lib/python3.12/site-packages/airflow/example_dags/example_branch_python_dop_operator_3.py for tasks to queue
[2024-07-31T19:25:56.472+0000] {logging_mixin.py:188} INFO - [2024-07-31T19:25:56.472+0000] {dagbag.py:545} INFO - Filling up the DagBag from /home/ubuntu/airflow-venv/lib/python3.12/site-packages/airflow/example_dags/example_branch_python_dop_operator_3.py
[2024-07-31T19:25:56.481+0000] {processor.py:840} INFO - DAG(s) 'example_branch_dop_operator_v3' retrieved from /home/ubuntu/airflow-venv/lib/python3.12/site-packages/airflow/example_dags/example_branch_python_dop_operator_3.py
[2024-07-31T19:25:56.498+0000] {logging_mixin.py:188} INFO - [2024-07-31T19:25:56.497+0000] {dag.py:3089} INFO - Sync 1 DAGs
[2024-07-31T19:25:56.521+0000] {logging_mixin.py:188} INFO - [2024-07-31T19:25:56.520+0000] {dag.py:3947} INFO - Setting next_dagrun for example_branch_dop_operator_v3 to 2024-07-31 19:24:00+00:00, run_after=2024-07-31 19:25:00+00:00
[2024-07-31T19:25:56.546+0000] {processor.py:183} INFO - Processing /home/ubuntu/airflow-venv/lib/python3.12/site-packages/airflow/example_dags/example_branch_python_dop_operator_3.py took 0.082 seconds
[2024-07-31T19:27:17.313+0000] {processor.py:161} INFO - Started process (PID=6139) to work on /home/ubuntu/airflow-venv/lib/python3.12/site-packages/airflow/example_dags/example_branch_python_dop_operator_3.py
[2024-07-31T19:27:17.314+0000] {processor.py:830} INFO - Processing file /home/ubuntu/airflow-venv/lib/python3.12/site-packages/airflow/example_dags/example_branch_python_dop_operator_3.py for tasks to queue
[2024-07-31T19:27:17.315+0000] {logging_mixin.py:188} INFO - [2024-07-31T19:27:17.315+0000] {dagbag.py:545} INFO - Filling up the DagBag from /home/ubuntu/airflow-venv/lib/python3.12/site-packages/airflow/example_dags/example_branch_python_dop_operator_3.py
[2024-07-31T19:27:17.324+0000] {processor.py:840} INFO - DAG(s) 'example_branch_dop_operator_v3' retrieved from /home/ubuntu/airflow-venv/lib/python3.12/site-packages/airflow/example_dags/example_branch_python_dop_operator_3.py
[2024-07-31T19:27:17.341+0000] {logging_mixin.py:188} INFO - [2024-07-31T19:27:17.341+0000] {dag.py:3089} INFO - Sync 1 DAGs
[2024-07-31T19:27:17.365+0000] {logging_mixin.py:188} INFO - [2024-07-31T19:27:17.365+0000] {dag.py:3947} INFO - Setting next_dagrun for example_branch_dop_operator_v3 to 2024-07-31 19:26:00+00:00, run_after=2024-07-31 19:27:00+00:00
[2024-07-31T19:27:17.389+0000] {processor.py:183} INFO - Processing /home/ubuntu/airflow-venv/lib/python3.12/site-packages/airflow/example_dags/example_branch_python_dop_operator_3.py took 0.082 seconds
[2024-07-31T19:28:19.119+0000] {processor.py:161} INFO - Started process (PID=6203) to work on /home/ubuntu/airflow-venv/lib/python3.12/site-packages/airflow/example_dags/example_branch_python_dop_operator_3.py
[2024-07-31T19:28:19.121+0000] {processor.py:830} INFO - Processing file /home/ubuntu/airflow-venv/lib/python3.12/site-packages/airflow/example_dags/example_branch_python_dop_operator_3.py for tasks to queue
[2024-07-31T19:28:19.122+0000] {logging_mixin.py:188} INFO - [2024-07-31T19:28:19.121+0000] {dagbag.py:545} INFO - Filling up the DagBag from /home/ubuntu/airflow-venv/lib/python3.12/site-packages/airflow/example_dags/example_branch_python_dop_operator_3.py
[2024-07-31T19:28:19.130+0000] {processor.py:840} INFO - DAG(s) 'example_branch_dop_operator_v3' retrieved from /home/ubuntu/airflow-venv/lib/python3.12/site-packages/airflow/example_dags/example_branch_python_dop_operator_3.py
[2024-07-31T19:28:19.147+0000] {logging_mixin.py:188} INFO - [2024-07-31T19:28:19.146+0000] {dag.py:3089} INFO - Sync 1 DAGs
[2024-07-31T19:28:19.169+0000] {logging_mixin.py:188} INFO - [2024-07-31T19:28:19.169+0000] {dag.py:3947} INFO - Setting next_dagrun for example_branch_dop_operator_v3 to 2024-07-31 19:27:00+00:00, run_after=2024-07-31 19:28:00+00:00
[2024-07-31T19:28:19.193+0000] {processor.py:183} INFO - Processing /home/ubuntu/airflow-venv/lib/python3.12/site-packages/airflow/example_dags/example_branch_python_dop_operator_3.py took 0.079 seconds
[2024-07-31T19:29:28.190+0000] {processor.py:161} INFO - Started process (PID=6274) to work on /home/ubuntu/airflow-venv/lib/python3.12/site-packages/airflow/example_dags/example_branch_python_dop_operator_3.py
[2024-07-31T19:29:28.191+0000] {processor.py:830} INFO - Processing file /home/ubuntu/airflow-venv/lib/python3.12/site-packages/airflow/example_dags/example_branch_python_dop_operator_3.py for tasks to queue
[2024-07-31T19:29:28.192+0000] {logging_mixin.py:188} INFO - [2024-07-31T19:29:28.191+0000] {dagbag.py:545} INFO - Filling up the DagBag from /home/ubuntu/airflow-venv/lib/python3.12/site-packages/airflow/example_dags/example_branch_python_dop_operator_3.py
[2024-07-31T19:29:28.201+0000] {processor.py:840} INFO - DAG(s) 'example_branch_dop_operator_v3' retrieved from /home/ubuntu/airflow-venv/lib/python3.12/site-packages/airflow/example_dags/example_branch_python_dop_operator_3.py
[2024-07-31T19:29:28.217+0000] {logging_mixin.py:188} INFO - [2024-07-31T19:29:28.217+0000] {dag.py:3089} INFO - Sync 1 DAGs
[2024-07-31T19:29:28.240+0000] {logging_mixin.py:188} INFO - [2024-07-31T19:29:28.240+0000] {dag.py:3947} INFO - Setting next_dagrun for example_branch_dop_operator_v3 to 2024-07-31 19:28:00+00:00, run_after=2024-07-31 19:29:00+00:00
[2024-07-31T19:29:28.263+0000] {processor.py:183} INFO - Processing /home/ubuntu/airflow-venv/lib/python3.12/site-packages/airflow/example_dags/example_branch_python_dop_operator_3.py took 0.079 seconds
[2024-07-31T19:30:33.838+0000] {processor.py:161} INFO - Started process (PID=6350) to work on /home/ubuntu/airflow-venv/lib/python3.12/site-packages/airflow/example_dags/example_branch_python_dop_operator_3.py
[2024-07-31T19:30:33.840+0000] {processor.py:830} INFO - Processing file /home/ubuntu/airflow-venv/lib/python3.12/site-packages/airflow/example_dags/example_branch_python_dop_operator_3.py for tasks to queue
[2024-07-31T19:30:33.841+0000] {logging_mixin.py:188} INFO - [2024-07-31T19:30:33.840+0000] {dagbag.py:545} INFO - Filling up the DagBag from /home/ubuntu/airflow-venv/lib/python3.12/site-packages/airflow/example_dags/example_branch_python_dop_operator_3.py
[2024-07-31T19:30:33.850+0000] {processor.py:840} INFO - DAG(s) 'example_branch_dop_operator_v3' retrieved from /home/ubuntu/airflow-venv/lib/python3.12/site-packages/airflow/example_dags/example_branch_python_dop_operator_3.py
[2024-07-31T19:30:33.867+0000] {logging_mixin.py:188} INFO - [2024-07-31T19:30:33.867+0000] {dag.py:3089} INFO - Sync 1 DAGs
[2024-07-31T19:30:33.890+0000] {logging_mixin.py:188} INFO - [2024-07-31T19:30:33.890+0000] {dag.py:3947} INFO - Setting next_dagrun for example_branch_dop_operator_v3 to 2024-07-31 19:29:00+00:00, run_after=2024-07-31 19:30:00+00:00
[2024-07-31T19:30:33.915+0000] {processor.py:183} INFO - Processing /home/ubuntu/airflow-venv/lib/python3.12/site-packages/airflow/example_dags/example_branch_python_dop_operator_3.py took 0.082 seconds
[2024-07-31T19:31:25.630+0000] {processor.py:161} INFO - Started process (PID=6404) to work on /home/ubuntu/airflow-venv/lib/python3.12/site-packages/airflow/example_dags/example_branch_python_dop_operator_3.py
[2024-07-31T19:31:25.631+0000] {processor.py:830} INFO - Processing file /home/ubuntu/airflow-venv/lib/python3.12/site-packages/airflow/example_dags/example_branch_python_dop_operator_3.py for tasks to queue
[2024-07-31T19:31:25.632+0000] {logging_mixin.py:188} INFO - [2024-07-31T19:31:25.632+0000] {dagbag.py:545} INFO - Filling up the DagBag from /home/ubuntu/airflow-venv/lib/python3.12/site-packages/airflow/example_dags/example_branch_python_dop_operator_3.py
[2024-07-31T19:31:25.641+0000] {processor.py:840} INFO - DAG(s) 'example_branch_dop_operator_v3' retrieved from /home/ubuntu/airflow-venv/lib/python3.12/site-packages/airflow/example_dags/example_branch_python_dop_operator_3.py
[2024-07-31T19:31:25.657+0000] {logging_mixin.py:188} INFO - [2024-07-31T19:31:25.657+0000] {dag.py:3089} INFO - Sync 1 DAGs
[2024-07-31T19:31:25.679+0000] {logging_mixin.py:188} INFO - [2024-07-31T19:31:25.679+0000] {dag.py:3947} INFO - Setting next_dagrun for example_branch_dop_operator_v3 to 2024-07-31 19:30:00+00:00, run_after=2024-07-31 19:31:00+00:00
[2024-07-31T19:31:25.702+0000] {processor.py:183} INFO - Processing /home/ubuntu/airflow-venv/lib/python3.12/site-packages/airflow/example_dags/example_branch_python_dop_operator_3.py took 0.078 seconds
[2024-07-31T19:32:35.063+0000] {processor.py:161} INFO - Started process (PID=6481) to work on /home/ubuntu/airflow-venv/lib/python3.12/site-packages/airflow/example_dags/example_branch_python_dop_operator_3.py
[2024-07-31T19:32:35.065+0000] {processor.py:830} INFO - Processing file /home/ubuntu/airflow-venv/lib/python3.12/site-packages/airflow/example_dags/example_branch_python_dop_operator_3.py for tasks to queue
[2024-07-31T19:32:35.066+0000] {logging_mixin.py:188} INFO - [2024-07-31T19:32:35.065+0000] {dagbag.py:545} INFO - Filling up the DagBag from /home/ubuntu/airflow-venv/lib/python3.12/site-packages/airflow/example_dags/example_branch_python_dop_operator_3.py
[2024-07-31T19:32:35.075+0000] {processor.py:840} INFO - DAG(s) 'example_branch_dop_operator_v3' retrieved from /home/ubuntu/airflow-venv/lib/python3.12/site-packages/airflow/example_dags/example_branch_python_dop_operator_3.py
[2024-07-31T19:32:35.091+0000] {logging_mixin.py:188} INFO - [2024-07-31T19:32:35.091+0000] {dag.py:3089} INFO - Sync 1 DAGs
[2024-07-31T19:32:35.115+0000] {logging_mixin.py:188} INFO - [2024-07-31T19:32:35.114+0000] {dag.py:3947} INFO - Setting next_dagrun for example_branch_dop_operator_v3 to 2024-07-31 19:31:00+00:00, run_after=2024-07-31 19:32:00+00:00
[2024-07-31T19:32:35.140+0000] {processor.py:183} INFO - Processing /home/ubuntu/airflow-venv/lib/python3.12/site-packages/airflow/example_dags/example_branch_python_dop_operator_3.py took 0.083 seconds
[2024-07-31T19:33:43.300+0000] {processor.py:161} INFO - Started process (PID=6554) to work on /home/ubuntu/airflow-venv/lib/python3.12/site-packages/airflow/example_dags/example_branch_python_dop_operator_3.py
[2024-07-31T19:33:43.302+0000] {processor.py:830} INFO - Processing file /home/ubuntu/airflow-venv/lib/python3.12/site-packages/airflow/example_dags/example_branch_python_dop_operator_3.py for tasks to queue
[2024-07-31T19:33:43.303+0000] {logging_mixin.py:188} INFO - [2024-07-31T19:33:43.303+0000] {dagbag.py:545} INFO - Filling up the DagBag from /home/ubuntu/airflow-venv/lib/python3.12/site-packages/airflow/example_dags/example_branch_python_dop_operator_3.py
[2024-07-31T19:33:43.312+0000] {processor.py:840} INFO - DAG(s) 'example_branch_dop_operator_v3' retrieved from /home/ubuntu/airflow-venv/lib/python3.12/site-packages/airflow/example_dags/example_branch_python_dop_operator_3.py
[2024-07-31T19:33:43.330+0000] {logging_mixin.py:188} INFO - [2024-07-31T19:33:43.330+0000] {dag.py:3089} INFO - Sync 1 DAGs
[2024-07-31T19:33:43.354+0000] {logging_mixin.py:188} INFO - [2024-07-31T19:33:43.354+0000] {dag.py:3947} INFO - Setting next_dagrun for example_branch_dop_operator_v3 to 2024-07-31 19:32:00+00:00, run_after=2024-07-31 19:33:00+00:00
[2024-07-31T19:33:43.381+0000] {processor.py:183} INFO - Processing /home/ubuntu/airflow-venv/lib/python3.12/site-packages/airflow/example_dags/example_branch_python_dop_operator_3.py took 0.088 seconds
[2024-07-31T19:34:39.060+0000] {processor.py:161} INFO - Started process (PID=6611) to work on /home/ubuntu/airflow-venv/lib/python3.12/site-packages/airflow/example_dags/example_branch_python_dop_operator_3.py
[2024-07-31T19:34:39.062+0000] {processor.py:830} INFO - Processing file /home/ubuntu/airflow-venv/lib/python3.12/site-packages/airflow/example_dags/example_branch_python_dop_operator_3.py for tasks to queue
[2024-07-31T19:34:39.062+0000] {logging_mixin.py:188} INFO - [2024-07-31T19:34:39.062+0000] {dagbag.py:545} INFO - Filling up the DagBag from /home/ubuntu/airflow-venv/lib/python3.12/site-packages/airflow/example_dags/example_branch_python_dop_operator_3.py
[2024-07-31T19:34:39.072+0000] {processor.py:840} INFO - DAG(s) 'example_branch_dop_operator_v3' retrieved from /home/ubuntu/airflow-venv/lib/python3.12/site-packages/airflow/example_dags/example_branch_python_dop_operator_3.py
[2024-07-31T19:34:39.089+0000] {logging_mixin.py:188} INFO - [2024-07-31T19:34:39.089+0000] {dag.py:3089} INFO - Sync 1 DAGs
[2024-07-31T19:34:39.112+0000] {logging_mixin.py:188} INFO - [2024-07-31T19:34:39.112+0000] {dag.py:3947} INFO - Setting next_dagrun for example_branch_dop_operator_v3 to 2024-07-31 19:33:00+00:00, run_after=2024-07-31 19:34:00+00:00
[2024-07-31T19:34:39.137+0000] {processor.py:183} INFO - Processing /home/ubuntu/airflow-venv/lib/python3.12/site-packages/airflow/example_dags/example_branch_python_dop_operator_3.py took 0.082 seconds
