[2024-07-31T18:43:40.177+0000] {processor.py:161} INFO - Started process (PID=3498) to work on /home/ubuntu/airflow-venv/lib/python3.12/site-packages/airflow/example_dags/example_external_task_marker_dag.py
[2024-07-31T18:43:40.178+0000] {processor.py:830} INFO - Processing file /home/ubuntu/airflow-venv/lib/python3.12/site-packages/airflow/example_dags/example_external_task_marker_dag.py for tasks to queue
[2024-07-31T18:43:40.180+0000] {logging_mixin.py:188} INFO - [2024-07-31T18:43:40.179+0000] {dagbag.py:545} INFO - Filling up the DagBag from /home/ubuntu/airflow-venv/lib/python3.12/site-packages/airflow/example_dags/example_external_task_marker_dag.py
[2024-07-31T18:43:40.186+0000] {processor.py:840} INFO - DAG(s) 'example_external_task_marker_parent', 'example_external_task_marker_child' retrieved from /home/ubuntu/airflow-venv/lib/python3.12/site-packages/airflow/example_dags/example_external_task_marker_dag.py
[2024-07-31T18:43:40.300+0000] {logging_mixin.py:188} INFO - [2024-07-31T18:43:40.299+0000] {override.py:1858} INFO - Created Permission View: can edit on DAG:example_external_task_marker_parent
[2024-07-31T18:43:40.313+0000] {logging_mixin.py:188} INFO - [2024-07-31T18:43:40.313+0000] {override.py:1858} INFO - Created Permission View: can read on DAG:example_external_task_marker_parent
[2024-07-31T18:43:40.324+0000] {logging_mixin.py:188} INFO - [2024-07-31T18:43:40.324+0000] {override.py:1858} INFO - Created Permission View: can delete on DAG:example_external_task_marker_parent
[2024-07-31T18:43:40.348+0000] {logging_mixin.py:188} INFO - [2024-07-31T18:43:40.347+0000] {override.py:1858} INFO - Created Permission View: can edit on DAG:example_external_task_marker_child
[2024-07-31T18:43:40.357+0000] {logging_mixin.py:188} INFO - [2024-07-31T18:43:40.357+0000] {override.py:1858} INFO - Created Permission View: can read on DAG:example_external_task_marker_child
[2024-07-31T18:43:40.367+0000] {logging_mixin.py:188} INFO - [2024-07-31T18:43:40.366+0000] {override.py:1858} INFO - Created Permission View: can delete on DAG:example_external_task_marker_child
[2024-07-31T18:43:40.367+0000] {logging_mixin.py:188} INFO - [2024-07-31T18:43:40.367+0000] {dag.py:3089} INFO - Sync 2 DAGs
[2024-07-31T18:43:40.378+0000] {logging_mixin.py:188} INFO - [2024-07-31T18:43:40.378+0000] {dag.py:3111} INFO - Creating ORM DAG for example_external_task_marker_parent
[2024-07-31T18:43:40.379+0000] {logging_mixin.py:188} INFO - [2024-07-31T18:43:40.379+0000] {dag.py:3111} INFO - Creating ORM DAG for example_external_task_marker_child
[2024-07-31T18:43:40.379+0000] {logging_mixin.py:188} INFO - [2024-07-31T18:43:40.379+0000] {dag.py:3947} INFO - Setting next_dagrun for example_external_task_marker_child to None, run_after=None
[2024-07-31T18:43:40.380+0000] {logging_mixin.py:188} INFO - [2024-07-31T18:43:40.380+0000] {dag.py:3947} INFO - Setting next_dagrun for example_external_task_marker_parent to None, run_after=None
[2024-07-31T18:43:40.402+0000] {processor.py:183} INFO - Processing /home/ubuntu/airflow-venv/lib/python3.12/site-packages/airflow/example_dags/example_external_task_marker_dag.py took 0.231 seconds
[2024-07-31T18:44:31.520+0000] {processor.py:161} INFO - Started process (PID=3553) to work on /home/ubuntu/airflow-venv/lib/python3.12/site-packages/airflow/example_dags/example_external_task_marker_dag.py
[2024-07-31T18:44:31.522+0000] {processor.py:830} INFO - Processing file /home/ubuntu/airflow-venv/lib/python3.12/site-packages/airflow/example_dags/example_external_task_marker_dag.py for tasks to queue
[2024-07-31T18:44:31.523+0000] {logging_mixin.py:188} INFO - [2024-07-31T18:44:31.523+0000] {dagbag.py:545} INFO - Filling up the DagBag from /home/ubuntu/airflow-venv/lib/python3.12/site-packages/airflow/example_dags/example_external_task_marker_dag.py
[2024-07-31T18:44:31.530+0000] {processor.py:840} INFO - DAG(s) 'example_external_task_marker_child', 'example_external_task_marker_parent' retrieved from /home/ubuntu/airflow-venv/lib/python3.12/site-packages/airflow/example_dags/example_external_task_marker_dag.py
[2024-07-31T18:44:31.548+0000] {logging_mixin.py:188} INFO - [2024-07-31T18:44:31.547+0000] {dag.py:3089} INFO - Sync 2 DAGs
[2024-07-31T18:44:31.560+0000] {logging_mixin.py:188} INFO - [2024-07-31T18:44:31.560+0000] {dag.py:3947} INFO - Setting next_dagrun for example_external_task_marker_child to None, run_after=None
[2024-07-31T18:44:31.563+0000] {logging_mixin.py:188} INFO - [2024-07-31T18:44:31.563+0000] {dag.py:3947} INFO - Setting next_dagrun for example_external_task_marker_parent to None, run_after=None
[2024-07-31T18:44:31.583+0000] {processor.py:183} INFO - Processing /home/ubuntu/airflow-venv/lib/python3.12/site-packages/airflow/example_dags/example_external_task_marker_dag.py took 0.069 seconds
[2024-07-31T18:45:34.152+0000] {processor.py:161} INFO - Started process (PID=3627) to work on /home/ubuntu/airflow-venv/lib/python3.12/site-packages/airflow/example_dags/example_external_task_marker_dag.py
[2024-07-31T18:45:34.153+0000] {processor.py:830} INFO - Processing file /home/ubuntu/airflow-venv/lib/python3.12/site-packages/airflow/example_dags/example_external_task_marker_dag.py for tasks to queue
[2024-07-31T18:45:34.155+0000] {logging_mixin.py:188} INFO - [2024-07-31T18:45:34.155+0000] {dagbag.py:545} INFO - Filling up the DagBag from /home/ubuntu/airflow-venv/lib/python3.12/site-packages/airflow/example_dags/example_external_task_marker_dag.py
[2024-07-31T18:45:34.162+0000] {processor.py:840} INFO - DAG(s) 'example_external_task_marker_child', 'example_external_task_marker_parent' retrieved from /home/ubuntu/airflow-venv/lib/python3.12/site-packages/airflow/example_dags/example_external_task_marker_dag.py
[2024-07-31T18:45:34.180+0000] {logging_mixin.py:188} INFO - [2024-07-31T18:45:34.180+0000] {dag.py:3089} INFO - Sync 2 DAGs
[2024-07-31T18:45:34.192+0000] {logging_mixin.py:188} INFO - [2024-07-31T18:45:34.192+0000] {dag.py:3947} INFO - Setting next_dagrun for example_external_task_marker_child to None, run_after=None
[2024-07-31T18:45:34.196+0000] {logging_mixin.py:188} INFO - [2024-07-31T18:45:34.195+0000] {dag.py:3947} INFO - Setting next_dagrun for example_external_task_marker_parent to None, run_after=None
[2024-07-31T18:45:34.217+0000] {processor.py:183} INFO - Processing /home/ubuntu/airflow-venv/lib/python3.12/site-packages/airflow/example_dags/example_external_task_marker_dag.py took 0.071 seconds
[2024-07-31T18:46:37.651+0000] {processor.py:161} INFO - Started process (PID=3792) to work on /home/ubuntu/airflow-venv/lib/python3.12/site-packages/airflow/example_dags/example_external_task_marker_dag.py
[2024-07-31T18:46:37.652+0000] {processor.py:830} INFO - Processing file /home/ubuntu/airflow-venv/lib/python3.12/site-packages/airflow/example_dags/example_external_task_marker_dag.py for tasks to queue
[2024-07-31T18:46:37.654+0000] {logging_mixin.py:188} INFO - [2024-07-31T18:46:37.654+0000] {dagbag.py:545} INFO - Filling up the DagBag from /home/ubuntu/airflow-venv/lib/python3.12/site-packages/airflow/example_dags/example_external_task_marker_dag.py
[2024-07-31T18:46:37.661+0000] {processor.py:840} INFO - DAG(s) 'example_external_task_marker_child', 'example_external_task_marker_parent' retrieved from /home/ubuntu/airflow-venv/lib/python3.12/site-packages/airflow/example_dags/example_external_task_marker_dag.py
[2024-07-31T18:46:37.680+0000] {logging_mixin.py:188} INFO - [2024-07-31T18:46:37.679+0000] {dag.py:3089} INFO - Sync 2 DAGs
[2024-07-31T18:46:37.693+0000] {logging_mixin.py:188} INFO - [2024-07-31T18:46:37.692+0000] {dag.py:3947} INFO - Setting next_dagrun for example_external_task_marker_child to None, run_after=None
[2024-07-31T18:46:37.696+0000] {logging_mixin.py:188} INFO - [2024-07-31T18:46:37.696+0000] {dag.py:3947} INFO - Setting next_dagrun for example_external_task_marker_parent to None, run_after=None
[2024-07-31T18:46:37.720+0000] {processor.py:183} INFO - Processing /home/ubuntu/airflow-venv/lib/python3.12/site-packages/airflow/example_dags/example_external_task_marker_dag.py took 0.075 seconds
[2024-07-31T18:47:35.059+0000] {processor.py:161} INFO - Started process (PID=3946) to work on /home/ubuntu/airflow-venv/lib/python3.12/site-packages/airflow/example_dags/example_external_task_marker_dag.py
[2024-07-31T18:47:35.061+0000] {processor.py:830} INFO - Processing file /home/ubuntu/airflow-venv/lib/python3.12/site-packages/airflow/example_dags/example_external_task_marker_dag.py for tasks to queue
[2024-07-31T18:47:35.062+0000] {logging_mixin.py:188} INFO - [2024-07-31T18:47:35.062+0000] {dagbag.py:545} INFO - Filling up the DagBag from /home/ubuntu/airflow-venv/lib/python3.12/site-packages/airflow/example_dags/example_external_task_marker_dag.py
[2024-07-31T18:47:35.069+0000] {processor.py:840} INFO - DAG(s) 'example_external_task_marker_child', 'example_external_task_marker_parent' retrieved from /home/ubuntu/airflow-venv/lib/python3.12/site-packages/airflow/example_dags/example_external_task_marker_dag.py
[2024-07-31T18:47:35.088+0000] {logging_mixin.py:188} INFO - [2024-07-31T18:47:35.088+0000] {dag.py:3089} INFO - Sync 2 DAGs
[2024-07-31T18:47:35.100+0000] {logging_mixin.py:188} INFO - [2024-07-31T18:47:35.100+0000] {dag.py:3947} INFO - Setting next_dagrun for example_external_task_marker_child to None, run_after=None
[2024-07-31T18:47:35.104+0000] {logging_mixin.py:188} INFO - [2024-07-31T18:47:35.104+0000] {dag.py:3947} INFO - Setting next_dagrun for example_external_task_marker_parent to None, run_after=None
[2024-07-31T18:47:35.126+0000] {processor.py:183} INFO - Processing /home/ubuntu/airflow-venv/lib/python3.12/site-packages/airflow/example_dags/example_external_task_marker_dag.py took 0.073 seconds
[2024-07-31T18:48:28.931+0000] {processor.py:161} INFO - Started process (PID=4172) to work on /home/ubuntu/airflow-venv/lib/python3.12/site-packages/airflow/example_dags/example_external_task_marker_dag.py
[2024-07-31T18:48:28.933+0000] {processor.py:830} INFO - Processing file /home/ubuntu/airflow-venv/lib/python3.12/site-packages/airflow/example_dags/example_external_task_marker_dag.py for tasks to queue
[2024-07-31T18:48:28.935+0000] {logging_mixin.py:188} INFO - [2024-07-31T18:48:28.935+0000] {dagbag.py:545} INFO - Filling up the DagBag from /home/ubuntu/airflow-venv/lib/python3.12/site-packages/airflow/example_dags/example_external_task_marker_dag.py
[2024-07-31T18:48:28.942+0000] {processor.py:840} INFO - DAG(s) 'example_external_task_marker_child', 'example_external_task_marker_parent' retrieved from /home/ubuntu/airflow-venv/lib/python3.12/site-packages/airflow/example_dags/example_external_task_marker_dag.py
[2024-07-31T18:48:28.962+0000] {logging_mixin.py:188} INFO - [2024-07-31T18:48:28.962+0000] {dag.py:3089} INFO - Sync 2 DAGs
[2024-07-31T18:48:28.975+0000] {logging_mixin.py:188} INFO - [2024-07-31T18:48:28.975+0000] {dag.py:3947} INFO - Setting next_dagrun for example_external_task_marker_child to None, run_after=None
[2024-07-31T18:48:28.980+0000] {logging_mixin.py:188} INFO - [2024-07-31T18:48:28.980+0000] {dag.py:3947} INFO - Setting next_dagrun for example_external_task_marker_parent to None, run_after=None
[2024-07-31T18:48:29.005+0000] {processor.py:183} INFO - Processing /home/ubuntu/airflow-venv/lib/python3.12/site-packages/airflow/example_dags/example_external_task_marker_dag.py took 0.081 seconds
[2024-07-31T18:49:29.358+0000] {processor.py:161} INFO - Started process (PID=4236) to work on /home/ubuntu/airflow-venv/lib/python3.12/site-packages/airflow/example_dags/example_external_task_marker_dag.py
[2024-07-31T18:49:29.360+0000] {processor.py:830} INFO - Processing file /home/ubuntu/airflow-venv/lib/python3.12/site-packages/airflow/example_dags/example_external_task_marker_dag.py for tasks to queue
[2024-07-31T18:49:29.361+0000] {logging_mixin.py:188} INFO - [2024-07-31T18:49:29.361+0000] {dagbag.py:545} INFO - Filling up the DagBag from /home/ubuntu/airflow-venv/lib/python3.12/site-packages/airflow/example_dags/example_external_task_marker_dag.py
[2024-07-31T18:49:29.368+0000] {processor.py:840} INFO - DAG(s) 'example_external_task_marker_child', 'example_external_task_marker_parent' retrieved from /home/ubuntu/airflow-venv/lib/python3.12/site-packages/airflow/example_dags/example_external_task_marker_dag.py
[2024-07-31T18:49:29.387+0000] {logging_mixin.py:188} INFO - [2024-07-31T18:49:29.386+0000] {dag.py:3089} INFO - Sync 2 DAGs
[2024-07-31T18:49:29.399+0000] {logging_mixin.py:188} INFO - [2024-07-31T18:49:29.398+0000] {dag.py:3947} INFO - Setting next_dagrun for example_external_task_marker_child to None, run_after=None
[2024-07-31T18:49:29.402+0000] {logging_mixin.py:188} INFO - [2024-07-31T18:49:29.402+0000] {dag.py:3947} INFO - Setting next_dagrun for example_external_task_marker_parent to None, run_after=None
[2024-07-31T18:49:29.424+0000] {processor.py:183} INFO - Processing /home/ubuntu/airflow-venv/lib/python3.12/site-packages/airflow/example_dags/example_external_task_marker_dag.py took 0.071 seconds
[2024-07-31T18:50:29.728+0000] {processor.py:161} INFO - Started process (PID=4302) to work on /home/ubuntu/airflow-venv/lib/python3.12/site-packages/airflow/example_dags/example_external_task_marker_dag.py
[2024-07-31T18:50:29.729+0000] {processor.py:830} INFO - Processing file /home/ubuntu/airflow-venv/lib/python3.12/site-packages/airflow/example_dags/example_external_task_marker_dag.py for tasks to queue
[2024-07-31T18:50:29.731+0000] {logging_mixin.py:188} INFO - [2024-07-31T18:50:29.730+0000] {dagbag.py:545} INFO - Filling up the DagBag from /home/ubuntu/airflow-venv/lib/python3.12/site-packages/airflow/example_dags/example_external_task_marker_dag.py
[2024-07-31T18:50:29.738+0000] {processor.py:840} INFO - DAG(s) 'example_external_task_marker_parent', 'example_external_task_marker_child' retrieved from /home/ubuntu/airflow-venv/lib/python3.12/site-packages/airflow/example_dags/example_external_task_marker_dag.py
[2024-07-31T18:50:29.757+0000] {logging_mixin.py:188} INFO - [2024-07-31T18:50:29.756+0000] {dag.py:3089} INFO - Sync 2 DAGs
[2024-07-31T18:50:29.769+0000] {logging_mixin.py:188} INFO - [2024-07-31T18:50:29.769+0000] {dag.py:3947} INFO - Setting next_dagrun for example_external_task_marker_child to None, run_after=None
[2024-07-31T18:50:29.773+0000] {logging_mixin.py:188} INFO - [2024-07-31T18:50:29.773+0000] {dag.py:3947} INFO - Setting next_dagrun for example_external_task_marker_parent to None, run_after=None
[2024-07-31T18:50:29.794+0000] {processor.py:183} INFO - Processing /home/ubuntu/airflow-venv/lib/python3.12/site-packages/airflow/example_dags/example_external_task_marker_dag.py took 0.073 seconds
[2024-07-31T18:51:28.708+0000] {processor.py:161} INFO - Started process (PID=4366) to work on /home/ubuntu/airflow-venv/lib/python3.12/site-packages/airflow/example_dags/example_external_task_marker_dag.py
[2024-07-31T18:51:28.710+0000] {processor.py:830} INFO - Processing file /home/ubuntu/airflow-venv/lib/python3.12/site-packages/airflow/example_dags/example_external_task_marker_dag.py for tasks to queue
[2024-07-31T18:51:28.711+0000] {logging_mixin.py:188} INFO - [2024-07-31T18:51:28.711+0000] {dagbag.py:545} INFO - Filling up the DagBag from /home/ubuntu/airflow-venv/lib/python3.12/site-packages/airflow/example_dags/example_external_task_marker_dag.py
[2024-07-31T18:51:28.718+0000] {processor.py:840} INFO - DAG(s) 'example_external_task_marker_child', 'example_external_task_marker_parent' retrieved from /home/ubuntu/airflow-venv/lib/python3.12/site-packages/airflow/example_dags/example_external_task_marker_dag.py
[2024-07-31T18:51:28.736+0000] {logging_mixin.py:188} INFO - [2024-07-31T18:51:28.736+0000] {dag.py:3089} INFO - Sync 2 DAGs
[2024-07-31T18:51:28.748+0000] {logging_mixin.py:188} INFO - [2024-07-31T18:51:28.748+0000] {dag.py:3947} INFO - Setting next_dagrun for example_external_task_marker_child to None, run_after=None
[2024-07-31T18:51:28.752+0000] {logging_mixin.py:188} INFO - [2024-07-31T18:51:28.751+0000] {dag.py:3947} INFO - Setting next_dagrun for example_external_task_marker_parent to None, run_after=None
[2024-07-31T18:51:28.774+0000] {processor.py:183} INFO - Processing /home/ubuntu/airflow-venv/lib/python3.12/site-packages/airflow/example_dags/example_external_task_marker_dag.py took 0.071 seconds
[2024-07-31T18:52:26.376+0000] {processor.py:161} INFO - Started process (PID=4427) to work on /home/ubuntu/airflow-venv/lib/python3.12/site-packages/airflow/example_dags/example_external_task_marker_dag.py
[2024-07-31T18:52:26.378+0000] {processor.py:830} INFO - Processing file /home/ubuntu/airflow-venv/lib/python3.12/site-packages/airflow/example_dags/example_external_task_marker_dag.py for tasks to queue
[2024-07-31T18:52:26.380+0000] {logging_mixin.py:188} INFO - [2024-07-31T18:52:26.379+0000] {dagbag.py:545} INFO - Filling up the DagBag from /home/ubuntu/airflow-venv/lib/python3.12/site-packages/airflow/example_dags/example_external_task_marker_dag.py
[2024-07-31T18:52:26.386+0000] {processor.py:840} INFO - DAG(s) 'example_external_task_marker_child', 'example_external_task_marker_parent' retrieved from /home/ubuntu/airflow-venv/lib/python3.12/site-packages/airflow/example_dags/example_external_task_marker_dag.py
[2024-07-31T18:52:26.405+0000] {logging_mixin.py:188} INFO - [2024-07-31T18:52:26.404+0000] {dag.py:3089} INFO - Sync 2 DAGs
[2024-07-31T18:52:26.417+0000] {logging_mixin.py:188} INFO - [2024-07-31T18:52:26.416+0000] {dag.py:3947} INFO - Setting next_dagrun for example_external_task_marker_child to None, run_after=None
[2024-07-31T18:52:26.420+0000] {logging_mixin.py:188} INFO - [2024-07-31T18:52:26.420+0000] {dag.py:3947} INFO - Setting next_dagrun for example_external_task_marker_parent to None, run_after=None
[2024-07-31T18:52:26.442+0000] {processor.py:183} INFO - Processing /home/ubuntu/airflow-venv/lib/python3.12/site-packages/airflow/example_dags/example_external_task_marker_dag.py took 0.071 seconds
[2024-07-31T18:53:28.048+0000] {processor.py:161} INFO - Started process (PID=4496) to work on /home/ubuntu/airflow-venv/lib/python3.12/site-packages/airflow/example_dags/example_external_task_marker_dag.py
[2024-07-31T18:53:28.050+0000] {processor.py:830} INFO - Processing file /home/ubuntu/airflow-venv/lib/python3.12/site-packages/airflow/example_dags/example_external_task_marker_dag.py for tasks to queue
[2024-07-31T18:53:28.051+0000] {logging_mixin.py:188} INFO - [2024-07-31T18:53:28.050+0000] {dagbag.py:545} INFO - Filling up the DagBag from /home/ubuntu/airflow-venv/lib/python3.12/site-packages/airflow/example_dags/example_external_task_marker_dag.py
[2024-07-31T18:53:28.057+0000] {processor.py:840} INFO - DAG(s) 'example_external_task_marker_parent', 'example_external_task_marker_child' retrieved from /home/ubuntu/airflow-venv/lib/python3.12/site-packages/airflow/example_dags/example_external_task_marker_dag.py
[2024-07-31T18:53:28.076+0000] {logging_mixin.py:188} INFO - [2024-07-31T18:53:28.075+0000] {dag.py:3089} INFO - Sync 2 DAGs
[2024-07-31T18:53:28.088+0000] {logging_mixin.py:188} INFO - [2024-07-31T18:53:28.087+0000] {dag.py:3947} INFO - Setting next_dagrun for example_external_task_marker_child to None, run_after=None
[2024-07-31T18:53:28.091+0000] {logging_mixin.py:188} INFO - [2024-07-31T18:53:28.091+0000] {dag.py:3947} INFO - Setting next_dagrun for example_external_task_marker_parent to None, run_after=None
[2024-07-31T18:53:28.111+0000] {processor.py:183} INFO - Processing /home/ubuntu/airflow-venv/lib/python3.12/site-packages/airflow/example_dags/example_external_task_marker_dag.py took 0.068 seconds
[2024-07-31T18:54:28.705+0000] {processor.py:161} INFO - Started process (PID=4563) to work on /home/ubuntu/airflow-venv/lib/python3.12/site-packages/airflow/example_dags/example_external_task_marker_dag.py
[2024-07-31T18:54:28.707+0000] {processor.py:830} INFO - Processing file /home/ubuntu/airflow-venv/lib/python3.12/site-packages/airflow/example_dags/example_external_task_marker_dag.py for tasks to queue
[2024-07-31T18:54:28.708+0000] {logging_mixin.py:188} INFO - [2024-07-31T18:54:28.707+0000] {dagbag.py:545} INFO - Filling up the DagBag from /home/ubuntu/airflow-venv/lib/python3.12/site-packages/airflow/example_dags/example_external_task_marker_dag.py
[2024-07-31T18:54:28.714+0000] {processor.py:840} INFO - DAG(s) 'example_external_task_marker_child', 'example_external_task_marker_parent' retrieved from /home/ubuntu/airflow-venv/lib/python3.12/site-packages/airflow/example_dags/example_external_task_marker_dag.py
[2024-07-31T18:54:28.733+0000] {logging_mixin.py:188} INFO - [2024-07-31T18:54:28.733+0000] {dag.py:3089} INFO - Sync 2 DAGs
[2024-07-31T18:54:28.746+0000] {logging_mixin.py:188} INFO - [2024-07-31T18:54:28.745+0000] {dag.py:3947} INFO - Setting next_dagrun for example_external_task_marker_child to None, run_after=None
[2024-07-31T18:54:28.749+0000] {logging_mixin.py:188} INFO - [2024-07-31T18:54:28.749+0000] {dag.py:3947} INFO - Setting next_dagrun for example_external_task_marker_parent to None, run_after=None
[2024-07-31T18:54:28.770+0000] {processor.py:183} INFO - Processing /home/ubuntu/airflow-venv/lib/python3.12/site-packages/airflow/example_dags/example_external_task_marker_dag.py took 0.071 seconds
[2024-07-31T18:55:30.407+0000] {processor.py:161} INFO - Started process (PID=4632) to work on /home/ubuntu/airflow-venv/lib/python3.12/site-packages/airflow/example_dags/example_external_task_marker_dag.py
[2024-07-31T18:55:30.408+0000] {processor.py:830} INFO - Processing file /home/ubuntu/airflow-venv/lib/python3.12/site-packages/airflow/example_dags/example_external_task_marker_dag.py for tasks to queue
[2024-07-31T18:55:30.409+0000] {logging_mixin.py:188} INFO - [2024-07-31T18:55:30.409+0000] {dagbag.py:545} INFO - Filling up the DagBag from /home/ubuntu/airflow-venv/lib/python3.12/site-packages/airflow/example_dags/example_external_task_marker_dag.py
[2024-07-31T18:55:30.416+0000] {processor.py:840} INFO - DAG(s) 'example_external_task_marker_child', 'example_external_task_marker_parent' retrieved from /home/ubuntu/airflow-venv/lib/python3.12/site-packages/airflow/example_dags/example_external_task_marker_dag.py
[2024-07-31T18:55:30.435+0000] {logging_mixin.py:188} INFO - [2024-07-31T18:55:30.435+0000] {dag.py:3089} INFO - Sync 2 DAGs
[2024-07-31T18:55:30.456+0000] {logging_mixin.py:188} INFO - [2024-07-31T18:55:30.456+0000] {dag.py:3947} INFO - Setting next_dagrun for example_external_task_marker_child to None, run_after=None
[2024-07-31T18:55:30.460+0000] {logging_mixin.py:188} INFO - [2024-07-31T18:55:30.460+0000] {dag.py:3947} INFO - Setting next_dagrun for example_external_task_marker_parent to None, run_after=None
[2024-07-31T18:55:30.483+0000] {processor.py:183} INFO - Processing /home/ubuntu/airflow-venv/lib/python3.12/site-packages/airflow/example_dags/example_external_task_marker_dag.py took 0.082 seconds
[2024-07-31T18:56:22.121+0000] {processor.py:161} INFO - Started process (PID=4686) to work on /home/ubuntu/airflow-venv/lib/python3.12/site-packages/airflow/example_dags/example_external_task_marker_dag.py
[2024-07-31T18:56:22.123+0000] {processor.py:830} INFO - Processing file /home/ubuntu/airflow-venv/lib/python3.12/site-packages/airflow/example_dags/example_external_task_marker_dag.py for tasks to queue
[2024-07-31T18:56:22.124+0000] {logging_mixin.py:188} INFO - [2024-07-31T18:56:22.123+0000] {dagbag.py:545} INFO - Filling up the DagBag from /home/ubuntu/airflow-venv/lib/python3.12/site-packages/airflow/example_dags/example_external_task_marker_dag.py
[2024-07-31T18:56:22.130+0000] {processor.py:840} INFO - DAG(s) 'example_external_task_marker_child', 'example_external_task_marker_parent' retrieved from /home/ubuntu/airflow-venv/lib/python3.12/site-packages/airflow/example_dags/example_external_task_marker_dag.py
[2024-07-31T18:56:22.149+0000] {logging_mixin.py:188} INFO - [2024-07-31T18:56:22.149+0000] {dag.py:3089} INFO - Sync 2 DAGs
[2024-07-31T18:56:22.161+0000] {logging_mixin.py:188} INFO - [2024-07-31T18:56:22.161+0000] {dag.py:3947} INFO - Setting next_dagrun for example_external_task_marker_child to None, run_after=None
[2024-07-31T18:56:22.164+0000] {logging_mixin.py:188} INFO - [2024-07-31T18:56:22.164+0000] {dag.py:3947} INFO - Setting next_dagrun for example_external_task_marker_parent to None, run_after=None
[2024-07-31T18:56:22.189+0000] {processor.py:183} INFO - Processing /home/ubuntu/airflow-venv/lib/python3.12/site-packages/airflow/example_dags/example_external_task_marker_dag.py took 0.073 seconds
[2024-07-31T18:57:31.383+0000] {processor.py:161} INFO - Started process (PID=5070) to work on /home/ubuntu/airflow-venv/lib/python3.12/site-packages/airflow/example_dags/example_external_task_marker_dag.py
[2024-07-31T18:57:31.385+0000] {processor.py:830} INFO - Processing file /home/ubuntu/airflow-venv/lib/python3.12/site-packages/airflow/example_dags/example_external_task_marker_dag.py for tasks to queue
[2024-07-31T18:57:31.386+0000] {logging_mixin.py:188} INFO - [2024-07-31T18:57:31.385+0000] {dagbag.py:545} INFO - Filling up the DagBag from /home/ubuntu/airflow-venv/lib/python3.12/site-packages/airflow/example_dags/example_external_task_marker_dag.py
[2024-07-31T18:57:31.392+0000] {processor.py:840} INFO - DAG(s) 'example_external_task_marker_child', 'example_external_task_marker_parent' retrieved from /home/ubuntu/airflow-venv/lib/python3.12/site-packages/airflow/example_dags/example_external_task_marker_dag.py
[2024-07-31T18:57:31.411+0000] {logging_mixin.py:188} INFO - [2024-07-31T18:57:31.411+0000] {dag.py:3089} INFO - Sync 2 DAGs
[2024-07-31T18:57:31.424+0000] {logging_mixin.py:188} INFO - [2024-07-31T18:57:31.423+0000] {dag.py:3947} INFO - Setting next_dagrun for example_external_task_marker_child to None, run_after=None
[2024-07-31T18:57:31.428+0000] {logging_mixin.py:188} INFO - [2024-07-31T18:57:31.427+0000] {dag.py:3947} INFO - Setting next_dagrun for example_external_task_marker_parent to None, run_after=None
[2024-07-31T18:57:31.451+0000] {processor.py:183} INFO - Processing /home/ubuntu/airflow-venv/lib/python3.12/site-packages/airflow/example_dags/example_external_task_marker_dag.py took 0.073 seconds
[2024-07-31T18:58:38.791+0000] {processor.py:161} INFO - Started process (PID=5143) to work on /home/ubuntu/airflow-venv/lib/python3.12/site-packages/airflow/example_dags/example_external_task_marker_dag.py
[2024-07-31T18:58:38.793+0000] {processor.py:830} INFO - Processing file /home/ubuntu/airflow-venv/lib/python3.12/site-packages/airflow/example_dags/example_external_task_marker_dag.py for tasks to queue
[2024-07-31T18:58:38.794+0000] {logging_mixin.py:188} INFO - [2024-07-31T18:58:38.793+0000] {dagbag.py:545} INFO - Filling up the DagBag from /home/ubuntu/airflow-venv/lib/python3.12/site-packages/airflow/example_dags/example_external_task_marker_dag.py
[2024-07-31T18:58:38.800+0000] {processor.py:840} INFO - DAG(s) 'example_external_task_marker_parent', 'example_external_task_marker_child' retrieved from /home/ubuntu/airflow-venv/lib/python3.12/site-packages/airflow/example_dags/example_external_task_marker_dag.py
[2024-07-31T18:58:38.820+0000] {logging_mixin.py:188} INFO - [2024-07-31T18:58:38.819+0000] {dag.py:3089} INFO - Sync 2 DAGs
[2024-07-31T18:58:38.832+0000] {logging_mixin.py:188} INFO - [2024-07-31T18:58:38.832+0000] {dag.py:3947} INFO - Setting next_dagrun for example_external_task_marker_child to None, run_after=None
[2024-07-31T18:58:38.835+0000] {logging_mixin.py:188} INFO - [2024-07-31T18:58:38.835+0000] {dag.py:3947} INFO - Setting next_dagrun for example_external_task_marker_parent to None, run_after=None
[2024-07-31T18:58:38.857+0000] {processor.py:183} INFO - Processing /home/ubuntu/airflow-venv/lib/python3.12/site-packages/airflow/example_dags/example_external_task_marker_dag.py took 0.072 seconds
[2024-07-31T18:59:41.162+0000] {processor.py:161} INFO - Started process (PID=5208) to work on /home/ubuntu/airflow-venv/lib/python3.12/site-packages/airflow/example_dags/example_external_task_marker_dag.py
[2024-07-31T18:59:41.164+0000] {processor.py:830} INFO - Processing file /home/ubuntu/airflow-venv/lib/python3.12/site-packages/airflow/example_dags/example_external_task_marker_dag.py for tasks to queue
[2024-07-31T18:59:41.165+0000] {logging_mixin.py:188} INFO - [2024-07-31T18:59:41.164+0000] {dagbag.py:545} INFO - Filling up the DagBag from /home/ubuntu/airflow-venv/lib/python3.12/site-packages/airflow/example_dags/example_external_task_marker_dag.py
[2024-07-31T18:59:41.171+0000] {processor.py:840} INFO - DAG(s) 'example_external_task_marker_parent', 'example_external_task_marker_child' retrieved from /home/ubuntu/airflow-venv/lib/python3.12/site-packages/airflow/example_dags/example_external_task_marker_dag.py
[2024-07-31T18:59:41.191+0000] {logging_mixin.py:188} INFO - [2024-07-31T18:59:41.190+0000] {dag.py:3089} INFO - Sync 2 DAGs
[2024-07-31T18:59:41.203+0000] {logging_mixin.py:188} INFO - [2024-07-31T18:59:41.203+0000] {dag.py:3947} INFO - Setting next_dagrun for example_external_task_marker_child to None, run_after=None
[2024-07-31T18:59:41.206+0000] {logging_mixin.py:188} INFO - [2024-07-31T18:59:41.206+0000] {dag.py:3947} INFO - Setting next_dagrun for example_external_task_marker_parent to None, run_after=None
[2024-07-31T18:59:41.228+0000] {processor.py:183} INFO - Processing /home/ubuntu/airflow-venv/lib/python3.12/site-packages/airflow/example_dags/example_external_task_marker_dag.py took 0.071 seconds
[2024-07-31T19:00:49.703+0000] {processor.py:161} INFO - Started process (PID=5284) to work on /home/ubuntu/airflow-venv/lib/python3.12/site-packages/airflow/example_dags/example_external_task_marker_dag.py
[2024-07-31T19:00:49.705+0000] {processor.py:830} INFO - Processing file /home/ubuntu/airflow-venv/lib/python3.12/site-packages/airflow/example_dags/example_external_task_marker_dag.py for tasks to queue
[2024-07-31T19:00:49.705+0000] {logging_mixin.py:188} INFO - [2024-07-31T19:00:49.705+0000] {dagbag.py:545} INFO - Filling up the DagBag from /home/ubuntu/airflow-venv/lib/python3.12/site-packages/airflow/example_dags/example_external_task_marker_dag.py
[2024-07-31T19:00:49.712+0000] {processor.py:840} INFO - DAG(s) 'example_external_task_marker_parent', 'example_external_task_marker_child' retrieved from /home/ubuntu/airflow-venv/lib/python3.12/site-packages/airflow/example_dags/example_external_task_marker_dag.py
[2024-07-31T19:00:49.735+0000] {logging_mixin.py:188} INFO - [2024-07-31T19:00:49.734+0000] {dag.py:3089} INFO - Sync 2 DAGs
[2024-07-31T19:00:49.747+0000] {logging_mixin.py:188} INFO - [2024-07-31T19:00:49.747+0000] {dag.py:3947} INFO - Setting next_dagrun for example_external_task_marker_child to None, run_after=None
[2024-07-31T19:00:49.750+0000] {logging_mixin.py:188} INFO - [2024-07-31T19:00:49.750+0000] {dag.py:3947} INFO - Setting next_dagrun for example_external_task_marker_parent to None, run_after=None
[2024-07-31T19:00:49.772+0000] {processor.py:183} INFO - Processing /home/ubuntu/airflow-venv/lib/python3.12/site-packages/airflow/example_dags/example_external_task_marker_dag.py took 0.075 seconds
[2024-07-31T19:01:56.121+0000] {processor.py:161} INFO - Started process (PID=5351) to work on /home/ubuntu/airflow-venv/lib/python3.12/site-packages/airflow/example_dags/example_external_task_marker_dag.py
[2024-07-31T19:01:56.124+0000] {processor.py:830} INFO - Processing file /home/ubuntu/airflow-venv/lib/python3.12/site-packages/airflow/example_dags/example_external_task_marker_dag.py for tasks to queue
[2024-07-31T19:01:56.125+0000] {logging_mixin.py:188} INFO - [2024-07-31T19:01:56.125+0000] {dagbag.py:545} INFO - Filling up the DagBag from /home/ubuntu/airflow-venv/lib/python3.12/site-packages/airflow/example_dags/example_external_task_marker_dag.py
[2024-07-31T19:01:56.132+0000] {processor.py:840} INFO - DAG(s) 'example_external_task_marker_child', 'example_external_task_marker_parent' retrieved from /home/ubuntu/airflow-venv/lib/python3.12/site-packages/airflow/example_dags/example_external_task_marker_dag.py
[2024-07-31T19:01:56.150+0000] {logging_mixin.py:188} INFO - [2024-07-31T19:01:56.150+0000] {dag.py:3089} INFO - Sync 2 DAGs
[2024-07-31T19:01:56.162+0000] {logging_mixin.py:188} INFO - [2024-07-31T19:01:56.162+0000] {dag.py:3947} INFO - Setting next_dagrun for example_external_task_marker_child to None, run_after=None
[2024-07-31T19:01:56.166+0000] {logging_mixin.py:188} INFO - [2024-07-31T19:01:56.166+0000] {dag.py:3947} INFO - Setting next_dagrun for example_external_task_marker_parent to None, run_after=None
[2024-07-31T19:01:56.187+0000] {processor.py:183} INFO - Processing /home/ubuntu/airflow-venv/lib/python3.12/site-packages/airflow/example_dags/example_external_task_marker_dag.py took 0.072 seconds
[2024-07-31T19:03:02.307+0000] {processor.py:161} INFO - Started process (PID=5421) to work on /home/ubuntu/airflow-venv/lib/python3.12/site-packages/airflow/example_dags/example_external_task_marker_dag.py
[2024-07-31T19:03:02.312+0000] {processor.py:830} INFO - Processing file /home/ubuntu/airflow-venv/lib/python3.12/site-packages/airflow/example_dags/example_external_task_marker_dag.py for tasks to queue
[2024-07-31T19:03:02.313+0000] {logging_mixin.py:188} INFO - [2024-07-31T19:03:02.313+0000] {dagbag.py:545} INFO - Filling up the DagBag from /home/ubuntu/airflow-venv/lib/python3.12/site-packages/airflow/example_dags/example_external_task_marker_dag.py
[2024-07-31T19:03:02.320+0000] {processor.py:840} INFO - DAG(s) 'example_external_task_marker_child', 'example_external_task_marker_parent' retrieved from /home/ubuntu/airflow-venv/lib/python3.12/site-packages/airflow/example_dags/example_external_task_marker_dag.py
[2024-07-31T19:03:02.339+0000] {logging_mixin.py:188} INFO - [2024-07-31T19:03:02.339+0000] {dag.py:3089} INFO - Sync 2 DAGs
[2024-07-31T19:03:02.351+0000] {logging_mixin.py:188} INFO - [2024-07-31T19:03:02.351+0000] {dag.py:3947} INFO - Setting next_dagrun for example_external_task_marker_child to None, run_after=None
[2024-07-31T19:03:02.355+0000] {logging_mixin.py:188} INFO - [2024-07-31T19:03:02.355+0000] {dag.py:3947} INFO - Setting next_dagrun for example_external_task_marker_parent to None, run_after=None
[2024-07-31T19:03:02.377+0000] {processor.py:183} INFO - Processing /home/ubuntu/airflow-venv/lib/python3.12/site-packages/airflow/example_dags/example_external_task_marker_dag.py took 0.076 seconds
[2024-07-31T19:19:23.687+0000] {processor.py:161} INFO - Started process (PID=5640) to work on /home/ubuntu/airflow-venv/lib/python3.12/site-packages/airflow/example_dags/example_external_task_marker_dag.py
[2024-07-31T19:19:23.689+0000] {processor.py:830} INFO - Processing file /home/ubuntu/airflow-venv/lib/python3.12/site-packages/airflow/example_dags/example_external_task_marker_dag.py for tasks to queue
[2024-07-31T19:19:23.691+0000] {logging_mixin.py:188} INFO - [2024-07-31T19:19:23.690+0000] {dagbag.py:545} INFO - Filling up the DagBag from /home/ubuntu/airflow-venv/lib/python3.12/site-packages/airflow/example_dags/example_external_task_marker_dag.py
[2024-07-31T19:19:23.698+0000] {processor.py:840} INFO - DAG(s) 'example_external_task_marker_parent', 'example_external_task_marker_child' retrieved from /home/ubuntu/airflow-venv/lib/python3.12/site-packages/airflow/example_dags/example_external_task_marker_dag.py
[2024-07-31T19:19:23.811+0000] {logging_mixin.py:188} INFO - [2024-07-31T19:19:23.811+0000] {dag.py:3089} INFO - Sync 2 DAGs
[2024-07-31T19:19:23.823+0000] {logging_mixin.py:188} INFO - [2024-07-31T19:19:23.822+0000] {dag.py:3947} INFO - Setting next_dagrun for example_external_task_marker_child to None, run_after=None
[2024-07-31T19:19:23.826+0000] {logging_mixin.py:188} INFO - [2024-07-31T19:19:23.826+0000] {dag.py:3947} INFO - Setting next_dagrun for example_external_task_marker_parent to None, run_after=None
[2024-07-31T19:19:23.850+0000] {processor.py:183} INFO - Processing /home/ubuntu/airflow-venv/lib/python3.12/site-packages/airflow/example_dags/example_external_task_marker_dag.py took 0.169 seconds
[2024-07-31T19:20:20.790+0000] {processor.py:161} INFO - Started process (PID=5696) to work on /home/ubuntu/airflow-venv/lib/python3.12/site-packages/airflow/example_dags/example_external_task_marker_dag.py
[2024-07-31T19:20:20.792+0000] {processor.py:830} INFO - Processing file /home/ubuntu/airflow-venv/lib/python3.12/site-packages/airflow/example_dags/example_external_task_marker_dag.py for tasks to queue
[2024-07-31T19:20:20.794+0000] {logging_mixin.py:188} INFO - [2024-07-31T19:20:20.793+0000] {dagbag.py:545} INFO - Filling up the DagBag from /home/ubuntu/airflow-venv/lib/python3.12/site-packages/airflow/example_dags/example_external_task_marker_dag.py
[2024-07-31T19:20:20.800+0000] {processor.py:840} INFO - DAG(s) 'example_external_task_marker_child', 'example_external_task_marker_parent' retrieved from /home/ubuntu/airflow-venv/lib/python3.12/site-packages/airflow/example_dags/example_external_task_marker_dag.py
[2024-07-31T19:20:20.819+0000] {logging_mixin.py:188} INFO - [2024-07-31T19:20:20.819+0000] {dag.py:3089} INFO - Sync 2 DAGs
[2024-07-31T19:20:20.831+0000] {logging_mixin.py:188} INFO - [2024-07-31T19:20:20.831+0000] {dag.py:3947} INFO - Setting next_dagrun for example_external_task_marker_child to None, run_after=None
[2024-07-31T19:20:20.834+0000] {logging_mixin.py:188} INFO - [2024-07-31T19:20:20.834+0000] {dag.py:3947} INFO - Setting next_dagrun for example_external_task_marker_parent to None, run_after=None
[2024-07-31T19:20:20.856+0000] {processor.py:183} INFO - Processing /home/ubuntu/airflow-venv/lib/python3.12/site-packages/airflow/example_dags/example_external_task_marker_dag.py took 0.071 seconds
[2024-07-31T19:21:14.589+0000] {processor.py:161} INFO - Started process (PID=5752) to work on /home/ubuntu/airflow-venv/lib/python3.12/site-packages/airflow/example_dags/example_external_task_marker_dag.py
[2024-07-31T19:21:14.591+0000] {processor.py:830} INFO - Processing file /home/ubuntu/airflow-venv/lib/python3.12/site-packages/airflow/example_dags/example_external_task_marker_dag.py for tasks to queue
[2024-07-31T19:21:14.592+0000] {logging_mixin.py:188} INFO - [2024-07-31T19:21:14.592+0000] {dagbag.py:545} INFO - Filling up the DagBag from /home/ubuntu/airflow-venv/lib/python3.12/site-packages/airflow/example_dags/example_external_task_marker_dag.py
[2024-07-31T19:21:14.599+0000] {processor.py:840} INFO - DAG(s) 'example_external_task_marker_child', 'example_external_task_marker_parent' retrieved from /home/ubuntu/airflow-venv/lib/python3.12/site-packages/airflow/example_dags/example_external_task_marker_dag.py
[2024-07-31T19:21:14.627+0000] {logging_mixin.py:188} INFO - [2024-07-31T19:21:14.627+0000] {dag.py:3089} INFO - Sync 2 DAGs
[2024-07-31T19:21:14.640+0000] {logging_mixin.py:188} INFO - [2024-07-31T19:21:14.639+0000] {dag.py:3947} INFO - Setting next_dagrun for example_external_task_marker_child to None, run_after=None
[2024-07-31T19:21:14.643+0000] {logging_mixin.py:188} INFO - [2024-07-31T19:21:14.643+0000] {dag.py:3947} INFO - Setting next_dagrun for example_external_task_marker_parent to None, run_after=None
[2024-07-31T19:21:14.666+0000] {processor.py:183} INFO - Processing /home/ubuntu/airflow-venv/lib/python3.12/site-packages/airflow/example_dags/example_external_task_marker_dag.py took 0.083 seconds
[2024-07-31T19:22:28.091+0000] {processor.py:161} INFO - Started process (PID=5826) to work on /home/ubuntu/airflow-venv/lib/python3.12/site-packages/airflow/example_dags/example_external_task_marker_dag.py
[2024-07-31T19:22:28.092+0000] {processor.py:830} INFO - Processing file /home/ubuntu/airflow-venv/lib/python3.12/site-packages/airflow/example_dags/example_external_task_marker_dag.py for tasks to queue
[2024-07-31T19:22:28.094+0000] {logging_mixin.py:188} INFO - [2024-07-31T19:22:28.094+0000] {dagbag.py:545} INFO - Filling up the DagBag from /home/ubuntu/airflow-venv/lib/python3.12/site-packages/airflow/example_dags/example_external_task_marker_dag.py
[2024-07-31T19:22:28.101+0000] {processor.py:840} INFO - DAG(s) 'example_external_task_marker_child', 'example_external_task_marker_parent' retrieved from /home/ubuntu/airflow-venv/lib/python3.12/site-packages/airflow/example_dags/example_external_task_marker_dag.py
[2024-07-31T19:22:28.120+0000] {logging_mixin.py:188} INFO - [2024-07-31T19:22:28.119+0000] {dag.py:3089} INFO - Sync 2 DAGs
[2024-07-31T19:22:28.132+0000] {logging_mixin.py:188} INFO - [2024-07-31T19:22:28.132+0000] {dag.py:3947} INFO - Setting next_dagrun for example_external_task_marker_child to None, run_after=None
[2024-07-31T19:22:28.135+0000] {logging_mixin.py:188} INFO - [2024-07-31T19:22:28.135+0000] {dag.py:3947} INFO - Setting next_dagrun for example_external_task_marker_parent to None, run_after=None
[2024-07-31T19:22:28.156+0000] {processor.py:183} INFO - Processing /home/ubuntu/airflow-venv/lib/python3.12/site-packages/airflow/example_dags/example_external_task_marker_dag.py took 0.071 seconds
[2024-07-31T19:23:32.952+0000] {processor.py:161} INFO - Started process (PID=5895) to work on /home/ubuntu/airflow-venv/lib/python3.12/site-packages/airflow/example_dags/example_external_task_marker_dag.py
[2024-07-31T19:23:32.953+0000] {processor.py:830} INFO - Processing file /home/ubuntu/airflow-venv/lib/python3.12/site-packages/airflow/example_dags/example_external_task_marker_dag.py for tasks to queue
[2024-07-31T19:23:32.954+0000] {logging_mixin.py:188} INFO - [2024-07-31T19:23:32.954+0000] {dagbag.py:545} INFO - Filling up the DagBag from /home/ubuntu/airflow-venv/lib/python3.12/site-packages/airflow/example_dags/example_external_task_marker_dag.py
[2024-07-31T19:23:32.961+0000] {processor.py:840} INFO - DAG(s) 'example_external_task_marker_parent', 'example_external_task_marker_child' retrieved from /home/ubuntu/airflow-venv/lib/python3.12/site-packages/airflow/example_dags/example_external_task_marker_dag.py
[2024-07-31T19:23:32.980+0000] {logging_mixin.py:188} INFO - [2024-07-31T19:23:32.980+0000] {dag.py:3089} INFO - Sync 2 DAGs
[2024-07-31T19:23:32.992+0000] {logging_mixin.py:188} INFO - [2024-07-31T19:23:32.992+0000] {dag.py:3947} INFO - Setting next_dagrun for example_external_task_marker_child to None, run_after=None
[2024-07-31T19:23:32.996+0000] {logging_mixin.py:188} INFO - [2024-07-31T19:23:32.995+0000] {dag.py:3947} INFO - Setting next_dagrun for example_external_task_marker_parent to None, run_after=None
[2024-07-31T19:23:33.016+0000] {processor.py:183} INFO - Processing /home/ubuntu/airflow-venv/lib/python3.12/site-packages/airflow/example_dags/example_external_task_marker_dag.py took 0.070 seconds
[2024-07-31T19:24:30.142+0000] {processor.py:161} INFO - Started process (PID=5959) to work on /home/ubuntu/airflow-venv/lib/python3.12/site-packages/airflow/example_dags/example_external_task_marker_dag.py
[2024-07-31T19:24:30.144+0000] {processor.py:830} INFO - Processing file /home/ubuntu/airflow-venv/lib/python3.12/site-packages/airflow/example_dags/example_external_task_marker_dag.py for tasks to queue
[2024-07-31T19:24:30.145+0000] {logging_mixin.py:188} INFO - [2024-07-31T19:24:30.144+0000] {dagbag.py:545} INFO - Filling up the DagBag from /home/ubuntu/airflow-venv/lib/python3.12/site-packages/airflow/example_dags/example_external_task_marker_dag.py
[2024-07-31T19:24:30.151+0000] {processor.py:840} INFO - DAG(s) 'example_external_task_marker_child', 'example_external_task_marker_parent' retrieved from /home/ubuntu/airflow-venv/lib/python3.12/site-packages/airflow/example_dags/example_external_task_marker_dag.py
[2024-07-31T19:24:30.171+0000] {logging_mixin.py:188} INFO - [2024-07-31T19:24:30.171+0000] {dag.py:3089} INFO - Sync 2 DAGs
[2024-07-31T19:24:30.184+0000] {logging_mixin.py:188} INFO - [2024-07-31T19:24:30.184+0000] {dag.py:3947} INFO - Setting next_dagrun for example_external_task_marker_child to None, run_after=None
[2024-07-31T19:24:30.187+0000] {logging_mixin.py:188} INFO - [2024-07-31T19:24:30.187+0000] {dag.py:3947} INFO - Setting next_dagrun for example_external_task_marker_parent to None, run_after=None
[2024-07-31T19:24:30.210+0000] {processor.py:183} INFO - Processing /home/ubuntu/airflow-venv/lib/python3.12/site-packages/airflow/example_dags/example_external_task_marker_dag.py took 0.074 seconds
[2024-07-31T19:25:37.230+0000] {processor.py:161} INFO - Started process (PID=6033) to work on /home/ubuntu/airflow-venv/lib/python3.12/site-packages/airflow/example_dags/example_external_task_marker_dag.py
[2024-07-31T19:25:37.232+0000] {processor.py:830} INFO - Processing file /home/ubuntu/airflow-venv/lib/python3.12/site-packages/airflow/example_dags/example_external_task_marker_dag.py for tasks to queue
[2024-07-31T19:25:37.233+0000] {logging_mixin.py:188} INFO - [2024-07-31T19:25:37.232+0000] {dagbag.py:545} INFO - Filling up the DagBag from /home/ubuntu/airflow-venv/lib/python3.12/site-packages/airflow/example_dags/example_external_task_marker_dag.py
[2024-07-31T19:25:37.239+0000] {processor.py:840} INFO - DAG(s) 'example_external_task_marker_parent', 'example_external_task_marker_child' retrieved from /home/ubuntu/airflow-venv/lib/python3.12/site-packages/airflow/example_dags/example_external_task_marker_dag.py
[2024-07-31T19:25:37.264+0000] {logging_mixin.py:188} INFO - [2024-07-31T19:25:37.263+0000] {dag.py:3089} INFO - Sync 2 DAGs
[2024-07-31T19:25:37.277+0000] {logging_mixin.py:188} INFO - [2024-07-31T19:25:37.276+0000] {dag.py:3947} INFO - Setting next_dagrun for example_external_task_marker_child to None, run_after=None
[2024-07-31T19:25:37.281+0000] {logging_mixin.py:188} INFO - [2024-07-31T19:25:37.280+0000] {dag.py:3947} INFO - Setting next_dagrun for example_external_task_marker_parent to None, run_after=None
[2024-07-31T19:25:37.313+0000] {processor.py:183} INFO - Processing /home/ubuntu/airflow-venv/lib/python3.12/site-packages/airflow/example_dags/example_external_task_marker_dag.py took 0.089 seconds
[2024-07-31T19:26:51.825+0000] {processor.py:161} INFO - Started process (PID=6111) to work on /home/ubuntu/airflow-venv/lib/python3.12/site-packages/airflow/example_dags/example_external_task_marker_dag.py
[2024-07-31T19:26:51.826+0000] {processor.py:830} INFO - Processing file /home/ubuntu/airflow-venv/lib/python3.12/site-packages/airflow/example_dags/example_external_task_marker_dag.py for tasks to queue
[2024-07-31T19:26:51.827+0000] {logging_mixin.py:188} INFO - [2024-07-31T19:26:51.826+0000] {dagbag.py:545} INFO - Filling up the DagBag from /home/ubuntu/airflow-venv/lib/python3.12/site-packages/airflow/example_dags/example_external_task_marker_dag.py
[2024-07-31T19:26:51.833+0000] {processor.py:840} INFO - DAG(s) 'example_external_task_marker_child', 'example_external_task_marker_parent' retrieved from /home/ubuntu/airflow-venv/lib/python3.12/site-packages/airflow/example_dags/example_external_task_marker_dag.py
[2024-07-31T19:26:51.853+0000] {logging_mixin.py:188} INFO - [2024-07-31T19:26:51.853+0000] {dag.py:3089} INFO - Sync 2 DAGs
[2024-07-31T19:26:51.866+0000] {logging_mixin.py:188} INFO - [2024-07-31T19:26:51.866+0000] {dag.py:3947} INFO - Setting next_dagrun for example_external_task_marker_child to None, run_after=None
[2024-07-31T19:26:51.870+0000] {logging_mixin.py:188} INFO - [2024-07-31T19:26:51.870+0000] {dag.py:3947} INFO - Setting next_dagrun for example_external_task_marker_parent to None, run_after=None
[2024-07-31T19:26:51.893+0000] {processor.py:183} INFO - Processing /home/ubuntu/airflow-venv/lib/python3.12/site-packages/airflow/example_dags/example_external_task_marker_dag.py took 0.074 seconds
[2024-07-31T19:27:53.517+0000] {processor.py:161} INFO - Started process (PID=6177) to work on /home/ubuntu/airflow-venv/lib/python3.12/site-packages/airflow/example_dags/example_external_task_marker_dag.py
[2024-07-31T19:27:53.518+0000] {processor.py:830} INFO - Processing file /home/ubuntu/airflow-venv/lib/python3.12/site-packages/airflow/example_dags/example_external_task_marker_dag.py for tasks to queue
[2024-07-31T19:27:53.519+0000] {logging_mixin.py:188} INFO - [2024-07-31T19:27:53.519+0000] {dagbag.py:545} INFO - Filling up the DagBag from /home/ubuntu/airflow-venv/lib/python3.12/site-packages/airflow/example_dags/example_external_task_marker_dag.py
[2024-07-31T19:27:53.526+0000] {processor.py:840} INFO - DAG(s) 'example_external_task_marker_parent', 'example_external_task_marker_child' retrieved from /home/ubuntu/airflow-venv/lib/python3.12/site-packages/airflow/example_dags/example_external_task_marker_dag.py
[2024-07-31T19:27:53.546+0000] {logging_mixin.py:188} INFO - [2024-07-31T19:27:53.546+0000] {dag.py:3089} INFO - Sync 2 DAGs
[2024-07-31T19:27:53.559+0000] {logging_mixin.py:188} INFO - [2024-07-31T19:27:53.558+0000] {dag.py:3947} INFO - Setting next_dagrun for example_external_task_marker_child to None, run_after=None
[2024-07-31T19:27:53.562+0000] {logging_mixin.py:188} INFO - [2024-07-31T19:27:53.562+0000] {dag.py:3947} INFO - Setting next_dagrun for example_external_task_marker_parent to None, run_after=None
[2024-07-31T19:27:53.583+0000] {processor.py:183} INFO - Processing /home/ubuntu/airflow-venv/lib/python3.12/site-packages/airflow/example_dags/example_external_task_marker_dag.py took 0.072 seconds
[2024-07-31T19:28:45.382+0000] {processor.py:161} INFO - Started process (PID=6231) to work on /home/ubuntu/airflow-venv/lib/python3.12/site-packages/airflow/example_dags/example_external_task_marker_dag.py
[2024-07-31T19:28:45.386+0000] {processor.py:830} INFO - Processing file /home/ubuntu/airflow-venv/lib/python3.12/site-packages/airflow/example_dags/example_external_task_marker_dag.py for tasks to queue
[2024-07-31T19:28:45.387+0000] {logging_mixin.py:188} INFO - [2024-07-31T19:28:45.386+0000] {dagbag.py:545} INFO - Filling up the DagBag from /home/ubuntu/airflow-venv/lib/python3.12/site-packages/airflow/example_dags/example_external_task_marker_dag.py
[2024-07-31T19:28:45.393+0000] {processor.py:840} INFO - DAG(s) 'example_external_task_marker_child', 'example_external_task_marker_parent' retrieved from /home/ubuntu/airflow-venv/lib/python3.12/site-packages/airflow/example_dags/example_external_task_marker_dag.py
[2024-07-31T19:28:45.412+0000] {logging_mixin.py:188} INFO - [2024-07-31T19:28:45.412+0000] {dag.py:3089} INFO - Sync 2 DAGs
[2024-07-31T19:28:45.425+0000] {logging_mixin.py:188} INFO - [2024-07-31T19:28:45.425+0000] {dag.py:3947} INFO - Setting next_dagrun for example_external_task_marker_child to None, run_after=None
[2024-07-31T19:28:45.428+0000] {logging_mixin.py:188} INFO - [2024-07-31T19:28:45.428+0000] {dag.py:3947} INFO - Setting next_dagrun for example_external_task_marker_parent to None, run_after=None
[2024-07-31T19:28:45.451+0000] {processor.py:183} INFO - Processing /home/ubuntu/airflow-venv/lib/python3.12/site-packages/airflow/example_dags/example_external_task_marker_dag.py took 0.074 seconds
[2024-07-31T19:29:54.351+0000] {processor.py:161} INFO - Started process (PID=6303) to work on /home/ubuntu/airflow-venv/lib/python3.12/site-packages/airflow/example_dags/example_external_task_marker_dag.py
[2024-07-31T19:29:54.353+0000] {processor.py:830} INFO - Processing file /home/ubuntu/airflow-venv/lib/python3.12/site-packages/airflow/example_dags/example_external_task_marker_dag.py for tasks to queue
[2024-07-31T19:29:54.354+0000] {logging_mixin.py:188} INFO - [2024-07-31T19:29:54.353+0000] {dagbag.py:545} INFO - Filling up the DagBag from /home/ubuntu/airflow-venv/lib/python3.12/site-packages/airflow/example_dags/example_external_task_marker_dag.py
[2024-07-31T19:29:54.360+0000] {processor.py:840} INFO - DAG(s) 'example_external_task_marker_child', 'example_external_task_marker_parent' retrieved from /home/ubuntu/airflow-venv/lib/python3.12/site-packages/airflow/example_dags/example_external_task_marker_dag.py
[2024-07-31T19:29:54.379+0000] {logging_mixin.py:188} INFO - [2024-07-31T19:29:54.379+0000] {dag.py:3089} INFO - Sync 2 DAGs
[2024-07-31T19:29:54.392+0000] {logging_mixin.py:188} INFO - [2024-07-31T19:29:54.391+0000] {dag.py:3947} INFO - Setting next_dagrun for example_external_task_marker_child to None, run_after=None
[2024-07-31T19:29:54.395+0000] {logging_mixin.py:188} INFO - [2024-07-31T19:29:54.395+0000] {dag.py:3947} INFO - Setting next_dagrun for example_external_task_marker_parent to None, run_after=None
[2024-07-31T19:29:54.417+0000] {processor.py:183} INFO - Processing /home/ubuntu/airflow-venv/lib/python3.12/site-packages/airflow/example_dags/example_external_task_marker_dag.py took 0.071 seconds
[2024-07-31T19:31:04.680+0000] {processor.py:161} INFO - Started process (PID=6380) to work on /home/ubuntu/airflow-venv/lib/python3.12/site-packages/airflow/example_dags/example_external_task_marker_dag.py
[2024-07-31T19:31:04.681+0000] {processor.py:830} INFO - Processing file /home/ubuntu/airflow-venv/lib/python3.12/site-packages/airflow/example_dags/example_external_task_marker_dag.py for tasks to queue
[2024-07-31T19:31:04.682+0000] {logging_mixin.py:188} INFO - [2024-07-31T19:31:04.682+0000] {dagbag.py:545} INFO - Filling up the DagBag from /home/ubuntu/airflow-venv/lib/python3.12/site-packages/airflow/example_dags/example_external_task_marker_dag.py
[2024-07-31T19:31:04.688+0000] {processor.py:840} INFO - DAG(s) 'example_external_task_marker_parent', 'example_external_task_marker_child' retrieved from /home/ubuntu/airflow-venv/lib/python3.12/site-packages/airflow/example_dags/example_external_task_marker_dag.py
[2024-07-31T19:31:04.708+0000] {logging_mixin.py:188} INFO - [2024-07-31T19:31:04.707+0000] {dag.py:3089} INFO - Sync 2 DAGs
[2024-07-31T19:31:04.720+0000] {logging_mixin.py:188} INFO - [2024-07-31T19:31:04.720+0000] {dag.py:3947} INFO - Setting next_dagrun for example_external_task_marker_child to None, run_after=None
[2024-07-31T19:31:04.724+0000] {logging_mixin.py:188} INFO - [2024-07-31T19:31:04.724+0000] {dag.py:3947} INFO - Setting next_dagrun for example_external_task_marker_parent to None, run_after=None
[2024-07-31T19:31:04.745+0000] {processor.py:183} INFO - Processing /home/ubuntu/airflow-venv/lib/python3.12/site-packages/airflow/example_dags/example_external_task_marker_dag.py took 0.071 seconds
[2024-07-31T19:32:33.677+0000] {processor.py:161} INFO - Started process (PID=6479) to work on /home/ubuntu/airflow-venv/lib/python3.12/site-packages/airflow/example_dags/example_external_task_marker_dag.py
[2024-07-31T19:32:33.681+0000] {processor.py:830} INFO - Processing file /home/ubuntu/airflow-venv/lib/python3.12/site-packages/airflow/example_dags/example_external_task_marker_dag.py for tasks to queue
[2024-07-31T19:32:33.682+0000] {logging_mixin.py:188} INFO - [2024-07-31T19:32:33.681+0000] {dagbag.py:545} INFO - Filling up the DagBag from /home/ubuntu/airflow-venv/lib/python3.12/site-packages/airflow/example_dags/example_external_task_marker_dag.py
[2024-07-31T19:32:33.688+0000] {processor.py:840} INFO - DAG(s) 'example_external_task_marker_parent', 'example_external_task_marker_child' retrieved from /home/ubuntu/airflow-venv/lib/python3.12/site-packages/airflow/example_dags/example_external_task_marker_dag.py
[2024-07-31T19:32:33.708+0000] {logging_mixin.py:188} INFO - [2024-07-31T19:32:33.708+0000] {dag.py:3089} INFO - Sync 2 DAGs
[2024-07-31T19:32:33.721+0000] {logging_mixin.py:188} INFO - [2024-07-31T19:32:33.721+0000] {dag.py:3947} INFO - Setting next_dagrun for example_external_task_marker_child to None, run_after=None
[2024-07-31T19:32:33.725+0000] {logging_mixin.py:188} INFO - [2024-07-31T19:32:33.725+0000] {dag.py:3947} INFO - Setting next_dagrun for example_external_task_marker_parent to None, run_after=None
[2024-07-31T19:32:33.746+0000] {processor.py:183} INFO - Processing /home/ubuntu/airflow-venv/lib/python3.12/site-packages/airflow/example_dags/example_external_task_marker_dag.py took 0.074 seconds
[2024-07-31T19:33:40.954+0000] {processor.py:161} INFO - Started process (PID=6552) to work on /home/ubuntu/airflow-venv/lib/python3.12/site-packages/airflow/example_dags/example_external_task_marker_dag.py
[2024-07-31T19:33:40.955+0000] {processor.py:830} INFO - Processing file /home/ubuntu/airflow-venv/lib/python3.12/site-packages/airflow/example_dags/example_external_task_marker_dag.py for tasks to queue
[2024-07-31T19:33:40.956+0000] {logging_mixin.py:188} INFO - [2024-07-31T19:33:40.956+0000] {dagbag.py:545} INFO - Filling up the DagBag from /home/ubuntu/airflow-venv/lib/python3.12/site-packages/airflow/example_dags/example_external_task_marker_dag.py
[2024-07-31T19:33:40.962+0000] {processor.py:840} INFO - DAG(s) 'example_external_task_marker_child', 'example_external_task_marker_parent' retrieved from /home/ubuntu/airflow-venv/lib/python3.12/site-packages/airflow/example_dags/example_external_task_marker_dag.py
[2024-07-31T19:33:40.982+0000] {logging_mixin.py:188} INFO - [2024-07-31T19:33:40.982+0000] {dag.py:3089} INFO - Sync 2 DAGs
[2024-07-31T19:33:40.995+0000] {logging_mixin.py:188} INFO - [2024-07-31T19:33:40.994+0000] {dag.py:3947} INFO - Setting next_dagrun for example_external_task_marker_child to None, run_after=None
[2024-07-31T19:33:40.998+0000] {logging_mixin.py:188} INFO - [2024-07-31T19:33:40.998+0000] {dag.py:3947} INFO - Setting next_dagrun for example_external_task_marker_parent to None, run_after=None
[2024-07-31T19:33:41.020+0000] {processor.py:183} INFO - Processing /home/ubuntu/airflow-venv/lib/python3.12/site-packages/airflow/example_dags/example_external_task_marker_dag.py took 0.072 seconds
[2024-07-31T19:34:37.072+0000] {processor.py:161} INFO - Started process (PID=6609) to work on /home/ubuntu/airflow-venv/lib/python3.12/site-packages/airflow/example_dags/example_external_task_marker_dag.py
[2024-07-31T19:34:37.074+0000] {processor.py:830} INFO - Processing file /home/ubuntu/airflow-venv/lib/python3.12/site-packages/airflow/example_dags/example_external_task_marker_dag.py for tasks to queue
[2024-07-31T19:34:37.075+0000] {logging_mixin.py:188} INFO - [2024-07-31T19:34:37.075+0000] {dagbag.py:545} INFO - Filling up the DagBag from /home/ubuntu/airflow-venv/lib/python3.12/site-packages/airflow/example_dags/example_external_task_marker_dag.py
[2024-07-31T19:34:37.081+0000] {processor.py:840} INFO - DAG(s) 'example_external_task_marker_child', 'example_external_task_marker_parent' retrieved from /home/ubuntu/airflow-venv/lib/python3.12/site-packages/airflow/example_dags/example_external_task_marker_dag.py
[2024-07-31T19:34:37.101+0000] {logging_mixin.py:188} INFO - [2024-07-31T19:34:37.101+0000] {dag.py:3089} INFO - Sync 2 DAGs
[2024-07-31T19:34:37.114+0000] {logging_mixin.py:188} INFO - [2024-07-31T19:34:37.114+0000] {dag.py:3947} INFO - Setting next_dagrun for example_external_task_marker_child to None, run_after=None
[2024-07-31T19:34:37.118+0000] {logging_mixin.py:188} INFO - [2024-07-31T19:34:37.118+0000] {dag.py:3947} INFO - Setting next_dagrun for example_external_task_marker_parent to None, run_after=None
[2024-07-31T19:34:37.141+0000] {processor.py:183} INFO - Processing /home/ubuntu/airflow-venv/lib/python3.12/site-packages/airflow/example_dags/example_external_task_marker_dag.py took 0.074 seconds
