[2024-07-31T18:43:38.740+0000] {processor.py:161} INFO - Started process (PID=3497) to work on /home/ubuntu/airflow-venv/lib/python3.12/site-packages/airflow/example_dags/example_dynamic_task_mapping_with_no_taskflow_operators.py
[2024-07-31T18:43:38.741+0000] {processor.py:830} INFO - Processing file /home/ubuntu/airflow-venv/lib/python3.12/site-packages/airflow/example_dags/example_dynamic_task_mapping_with_no_taskflow_operators.py for tasks to queue
[2024-07-31T18:43:38.743+0000] {logging_mixin.py:188} INFO - [2024-07-31T18:43:38.742+0000] {dagbag.py:545} INFO - Filling up the DagBag from /home/ubuntu/airflow-venv/lib/python3.12/site-packages/airflow/example_dags/example_dynamic_task_mapping_with_no_taskflow_operators.py
[2024-07-31T18:43:38.749+0000] {processor.py:840} INFO - DAG(s) 'example_dynamic_task_mapping_with_no_taskflow_operators' retrieved from /home/ubuntu/airflow-venv/lib/python3.12/site-packages/airflow/example_dags/example_dynamic_task_mapping_with_no_taskflow_operators.py
[2024-07-31T18:43:38.971+0000] {logging_mixin.py:188} INFO - [2024-07-31T18:43:38.970+0000] {override.py:1858} INFO - Created Permission View: can edit on DAG:example_dynamic_task_mapping_with_no_taskflow_operators
[2024-07-31T18:43:38.985+0000] {logging_mixin.py:188} INFO - [2024-07-31T18:43:38.985+0000] {override.py:1858} INFO - Created Permission View: can read on DAG:example_dynamic_task_mapping_with_no_taskflow_operators
[2024-07-31T18:43:38.997+0000] {logging_mixin.py:188} INFO - [2024-07-31T18:43:38.996+0000] {override.py:1858} INFO - Created Permission View: can delete on DAG:example_dynamic_task_mapping_with_no_taskflow_operators
[2024-07-31T18:43:38.997+0000] {logging_mixin.py:188} INFO - [2024-07-31T18:43:38.997+0000] {dag.py:3089} INFO - Sync 1 DAGs
[2024-07-31T18:43:39.008+0000] {logging_mixin.py:188} INFO - [2024-07-31T18:43:39.008+0000] {dag.py:3111} INFO - Creating ORM DAG for example_dynamic_task_mapping_with_no_taskflow_operators
[2024-07-31T18:43:39.017+0000] {logging_mixin.py:188} INFO - [2024-07-31T18:43:39.017+0000] {dag.py:3947} INFO - Setting next_dagrun for example_dynamic_task_mapping_with_no_taskflow_operators to 2024-07-30 00:00:00+00:00, run_after=2024-07-31 00:00:00+00:00
[2024-07-31T18:43:39.039+0000] {processor.py:183} INFO - Processing /home/ubuntu/airflow-venv/lib/python3.12/site-packages/airflow/example_dags/example_dynamic_task_mapping_with_no_taskflow_operators.py took 0.304 seconds
[2024-07-31T18:44:30.386+0000] {processor.py:161} INFO - Started process (PID=3552) to work on /home/ubuntu/airflow-venv/lib/python3.12/site-packages/airflow/example_dags/example_dynamic_task_mapping_with_no_taskflow_operators.py
[2024-07-31T18:44:30.388+0000] {processor.py:830} INFO - Processing file /home/ubuntu/airflow-venv/lib/python3.12/site-packages/airflow/example_dags/example_dynamic_task_mapping_with_no_taskflow_operators.py for tasks to queue
[2024-07-31T18:44:30.390+0000] {logging_mixin.py:188} INFO - [2024-07-31T18:44:30.389+0000] {dagbag.py:545} INFO - Filling up the DagBag from /home/ubuntu/airflow-venv/lib/python3.12/site-packages/airflow/example_dags/example_dynamic_task_mapping_with_no_taskflow_operators.py
[2024-07-31T18:44:30.397+0000] {processor.py:840} INFO - DAG(s) 'example_dynamic_task_mapping_with_no_taskflow_operators' retrieved from /home/ubuntu/airflow-venv/lib/python3.12/site-packages/airflow/example_dags/example_dynamic_task_mapping_with_no_taskflow_operators.py
[2024-07-31T18:44:30.412+0000] {logging_mixin.py:188} INFO - [2024-07-31T18:44:30.412+0000] {dag.py:3089} INFO - Sync 1 DAGs
[2024-07-31T18:44:30.433+0000] {logging_mixin.py:188} INFO - [2024-07-31T18:44:30.433+0000] {dag.py:3947} INFO - Setting next_dagrun for example_dynamic_task_mapping_with_no_taskflow_operators to 2024-07-30 00:00:00+00:00, run_after=2024-07-31 00:00:00+00:00
[2024-07-31T18:44:30.457+0000] {processor.py:183} INFO - Processing /home/ubuntu/airflow-venv/lib/python3.12/site-packages/airflow/example_dags/example_dynamic_task_mapping_with_no_taskflow_operators.py took 0.078 seconds
[2024-07-31T18:45:33.015+0000] {processor.py:161} INFO - Started process (PID=3626) to work on /home/ubuntu/airflow-venv/lib/python3.12/site-packages/airflow/example_dags/example_dynamic_task_mapping_with_no_taskflow_operators.py
[2024-07-31T18:45:33.016+0000] {processor.py:830} INFO - Processing file /home/ubuntu/airflow-venv/lib/python3.12/site-packages/airflow/example_dags/example_dynamic_task_mapping_with_no_taskflow_operators.py for tasks to queue
[2024-07-31T18:45:33.018+0000] {logging_mixin.py:188} INFO - [2024-07-31T18:45:33.018+0000] {dagbag.py:545} INFO - Filling up the DagBag from /home/ubuntu/airflow-venv/lib/python3.12/site-packages/airflow/example_dags/example_dynamic_task_mapping_with_no_taskflow_operators.py
[2024-07-31T18:45:33.025+0000] {processor.py:840} INFO - DAG(s) 'example_dynamic_task_mapping_with_no_taskflow_operators' retrieved from /home/ubuntu/airflow-venv/lib/python3.12/site-packages/airflow/example_dags/example_dynamic_task_mapping_with_no_taskflow_operators.py
[2024-07-31T18:45:33.040+0000] {logging_mixin.py:188} INFO - [2024-07-31T18:45:33.040+0000] {dag.py:3089} INFO - Sync 1 DAGs
[2024-07-31T18:45:33.060+0000] {logging_mixin.py:188} INFO - [2024-07-31T18:45:33.059+0000] {dag.py:3947} INFO - Setting next_dagrun for example_dynamic_task_mapping_with_no_taskflow_operators to 2024-07-30 00:00:00+00:00, run_after=2024-07-31 00:00:00+00:00
[2024-07-31T18:45:33.083+0000] {processor.py:183} INFO - Processing /home/ubuntu/airflow-venv/lib/python3.12/site-packages/airflow/example_dags/example_dynamic_task_mapping_with_no_taskflow_operators.py took 0.074 seconds
[2024-07-31T18:46:36.516+0000] {processor.py:161} INFO - Started process (PID=3791) to work on /home/ubuntu/airflow-venv/lib/python3.12/site-packages/airflow/example_dags/example_dynamic_task_mapping_with_no_taskflow_operators.py
[2024-07-31T18:46:36.517+0000] {processor.py:830} INFO - Processing file /home/ubuntu/airflow-venv/lib/python3.12/site-packages/airflow/example_dags/example_dynamic_task_mapping_with_no_taskflow_operators.py for tasks to queue
[2024-07-31T18:46:36.519+0000] {logging_mixin.py:188} INFO - [2024-07-31T18:46:36.519+0000] {dagbag.py:545} INFO - Filling up the DagBag from /home/ubuntu/airflow-venv/lib/python3.12/site-packages/airflow/example_dags/example_dynamic_task_mapping_with_no_taskflow_operators.py
[2024-07-31T18:46:36.526+0000] {processor.py:840} INFO - DAG(s) 'example_dynamic_task_mapping_with_no_taskflow_operators' retrieved from /home/ubuntu/airflow-venv/lib/python3.12/site-packages/airflow/example_dags/example_dynamic_task_mapping_with_no_taskflow_operators.py
[2024-07-31T18:46:36.542+0000] {logging_mixin.py:188} INFO - [2024-07-31T18:46:36.542+0000] {dag.py:3089} INFO - Sync 1 DAGs
[2024-07-31T18:46:36.563+0000] {logging_mixin.py:188} INFO - [2024-07-31T18:46:36.562+0000] {dag.py:3947} INFO - Setting next_dagrun for example_dynamic_task_mapping_with_no_taskflow_operators to 2024-07-30 00:00:00+00:00, run_after=2024-07-31 00:00:00+00:00
[2024-07-31T18:46:36.587+0000] {processor.py:183} INFO - Processing /home/ubuntu/airflow-venv/lib/python3.12/site-packages/airflow/example_dags/example_dynamic_task_mapping_with_no_taskflow_operators.py took 0.077 seconds
[2024-07-31T18:47:34.565+0000] {processor.py:161} INFO - Started process (PID=3945) to work on /home/ubuntu/airflow-venv/lib/python3.12/site-packages/airflow/example_dags/example_dynamic_task_mapping_with_no_taskflow_operators.py
[2024-07-31T18:47:34.567+0000] {processor.py:830} INFO - Processing file /home/ubuntu/airflow-venv/lib/python3.12/site-packages/airflow/example_dags/example_dynamic_task_mapping_with_no_taskflow_operators.py for tasks to queue
[2024-07-31T18:47:34.568+0000] {logging_mixin.py:188} INFO - [2024-07-31T18:47:34.568+0000] {dagbag.py:545} INFO - Filling up the DagBag from /home/ubuntu/airflow-venv/lib/python3.12/site-packages/airflow/example_dags/example_dynamic_task_mapping_with_no_taskflow_operators.py
[2024-07-31T18:47:34.575+0000] {processor.py:840} INFO - DAG(s) 'example_dynamic_task_mapping_with_no_taskflow_operators' retrieved from /home/ubuntu/airflow-venv/lib/python3.12/site-packages/airflow/example_dags/example_dynamic_task_mapping_with_no_taskflow_operators.py
[2024-07-31T18:47:34.590+0000] {logging_mixin.py:188} INFO - [2024-07-31T18:47:34.590+0000] {dag.py:3089} INFO - Sync 1 DAGs
[2024-07-31T18:47:34.610+0000] {logging_mixin.py:188} INFO - [2024-07-31T18:47:34.610+0000] {dag.py:3947} INFO - Setting next_dagrun for example_dynamic_task_mapping_with_no_taskflow_operators to 2024-07-30 00:00:00+00:00, run_after=2024-07-31 00:00:00+00:00
[2024-07-31T18:47:34.633+0000] {processor.py:183} INFO - Processing /home/ubuntu/airflow-venv/lib/python3.12/site-packages/airflow/example_dags/example_dynamic_task_mapping_with_no_taskflow_operators.py took 0.074 seconds
[2024-07-31T18:48:27.794+0000] {processor.py:161} INFO - Started process (PID=4171) to work on /home/ubuntu/airflow-venv/lib/python3.12/site-packages/airflow/example_dags/example_dynamic_task_mapping_with_no_taskflow_operators.py
[2024-07-31T18:48:27.795+0000] {processor.py:830} INFO - Processing file /home/ubuntu/airflow-venv/lib/python3.12/site-packages/airflow/example_dags/example_dynamic_task_mapping_with_no_taskflow_operators.py for tasks to queue
[2024-07-31T18:48:27.797+0000] {logging_mixin.py:188} INFO - [2024-07-31T18:48:27.797+0000] {dagbag.py:545} INFO - Filling up the DagBag from /home/ubuntu/airflow-venv/lib/python3.12/site-packages/airflow/example_dags/example_dynamic_task_mapping_with_no_taskflow_operators.py
[2024-07-31T18:48:27.804+0000] {processor.py:840} INFO - DAG(s) 'example_dynamic_task_mapping_with_no_taskflow_operators' retrieved from /home/ubuntu/airflow-venv/lib/python3.12/site-packages/airflow/example_dags/example_dynamic_task_mapping_with_no_taskflow_operators.py
[2024-07-31T18:48:27.821+0000] {logging_mixin.py:188} INFO - [2024-07-31T18:48:27.821+0000] {dag.py:3089} INFO - Sync 1 DAGs
[2024-07-31T18:48:27.842+0000] {logging_mixin.py:188} INFO - [2024-07-31T18:48:27.841+0000] {dag.py:3947} INFO - Setting next_dagrun for example_dynamic_task_mapping_with_no_taskflow_operators to 2024-07-30 00:00:00+00:00, run_after=2024-07-31 00:00:00+00:00
[2024-07-31T18:48:27.866+0000] {processor.py:183} INFO - Processing /home/ubuntu/airflow-venv/lib/python3.12/site-packages/airflow/example_dags/example_dynamic_task_mapping_with_no_taskflow_operators.py took 0.078 seconds
[2024-07-31T18:49:28.213+0000] {processor.py:161} INFO - Started process (PID=4235) to work on /home/ubuntu/airflow-venv/lib/python3.12/site-packages/airflow/example_dags/example_dynamic_task_mapping_with_no_taskflow_operators.py
[2024-07-31T18:49:28.215+0000] {processor.py:830} INFO - Processing file /home/ubuntu/airflow-venv/lib/python3.12/site-packages/airflow/example_dags/example_dynamic_task_mapping_with_no_taskflow_operators.py for tasks to queue
[2024-07-31T18:49:28.217+0000] {logging_mixin.py:188} INFO - [2024-07-31T18:49:28.216+0000] {dagbag.py:545} INFO - Filling up the DagBag from /home/ubuntu/airflow-venv/lib/python3.12/site-packages/airflow/example_dags/example_dynamic_task_mapping_with_no_taskflow_operators.py
[2024-07-31T18:49:28.224+0000] {processor.py:840} INFO - DAG(s) 'example_dynamic_task_mapping_with_no_taskflow_operators' retrieved from /home/ubuntu/airflow-venv/lib/python3.12/site-packages/airflow/example_dags/example_dynamic_task_mapping_with_no_taskflow_operators.py
[2024-07-31T18:49:28.240+0000] {logging_mixin.py:188} INFO - [2024-07-31T18:49:28.239+0000] {dag.py:3089} INFO - Sync 1 DAGs
[2024-07-31T18:49:28.260+0000] {logging_mixin.py:188} INFO - [2024-07-31T18:49:28.259+0000] {dag.py:3947} INFO - Setting next_dagrun for example_dynamic_task_mapping_with_no_taskflow_operators to 2024-07-30 00:00:00+00:00, run_after=2024-07-31 00:00:00+00:00
[2024-07-31T18:49:28.282+0000] {processor.py:183} INFO - Processing /home/ubuntu/airflow-venv/lib/python3.12/site-packages/airflow/example_dags/example_dynamic_task_mapping_with_no_taskflow_operators.py took 0.075 seconds
[2024-07-31T18:50:28.592+0000] {processor.py:161} INFO - Started process (PID=4301) to work on /home/ubuntu/airflow-venv/lib/python3.12/site-packages/airflow/example_dags/example_dynamic_task_mapping_with_no_taskflow_operators.py
[2024-07-31T18:50:28.594+0000] {processor.py:830} INFO - Processing file /home/ubuntu/airflow-venv/lib/python3.12/site-packages/airflow/example_dags/example_dynamic_task_mapping_with_no_taskflow_operators.py for tasks to queue
[2024-07-31T18:50:28.595+0000] {logging_mixin.py:188} INFO - [2024-07-31T18:50:28.595+0000] {dagbag.py:545} INFO - Filling up the DagBag from /home/ubuntu/airflow-venv/lib/python3.12/site-packages/airflow/example_dags/example_dynamic_task_mapping_with_no_taskflow_operators.py
[2024-07-31T18:50:28.602+0000] {processor.py:840} INFO - DAG(s) 'example_dynamic_task_mapping_with_no_taskflow_operators' retrieved from /home/ubuntu/airflow-venv/lib/python3.12/site-packages/airflow/example_dags/example_dynamic_task_mapping_with_no_taskflow_operators.py
[2024-07-31T18:50:28.618+0000] {logging_mixin.py:188} INFO - [2024-07-31T18:50:28.617+0000] {dag.py:3089} INFO - Sync 1 DAGs
[2024-07-31T18:50:28.637+0000] {logging_mixin.py:188} INFO - [2024-07-31T18:50:28.637+0000] {dag.py:3947} INFO - Setting next_dagrun for example_dynamic_task_mapping_with_no_taskflow_operators to 2024-07-30 00:00:00+00:00, run_after=2024-07-31 00:00:00+00:00
[2024-07-31T18:50:28.660+0000] {processor.py:183} INFO - Processing /home/ubuntu/airflow-venv/lib/python3.12/site-packages/airflow/example_dags/example_dynamic_task_mapping_with_no_taskflow_operators.py took 0.074 seconds
[2024-07-31T18:51:27.574+0000] {processor.py:161} INFO - Started process (PID=4365) to work on /home/ubuntu/airflow-venv/lib/python3.12/site-packages/airflow/example_dags/example_dynamic_task_mapping_with_no_taskflow_operators.py
[2024-07-31T18:51:27.575+0000] {processor.py:830} INFO - Processing file /home/ubuntu/airflow-venv/lib/python3.12/site-packages/airflow/example_dags/example_dynamic_task_mapping_with_no_taskflow_operators.py for tasks to queue
[2024-07-31T18:51:27.577+0000] {logging_mixin.py:188} INFO - [2024-07-31T18:51:27.576+0000] {dagbag.py:545} INFO - Filling up the DagBag from /home/ubuntu/airflow-venv/lib/python3.12/site-packages/airflow/example_dags/example_dynamic_task_mapping_with_no_taskflow_operators.py
[2024-07-31T18:51:27.584+0000] {processor.py:840} INFO - DAG(s) 'example_dynamic_task_mapping_with_no_taskflow_operators' retrieved from /home/ubuntu/airflow-venv/lib/python3.12/site-packages/airflow/example_dags/example_dynamic_task_mapping_with_no_taskflow_operators.py
[2024-07-31T18:51:27.599+0000] {logging_mixin.py:188} INFO - [2024-07-31T18:51:27.599+0000] {dag.py:3089} INFO - Sync 1 DAGs
[2024-07-31T18:51:27.620+0000] {logging_mixin.py:188} INFO - [2024-07-31T18:51:27.620+0000] {dag.py:3947} INFO - Setting next_dagrun for example_dynamic_task_mapping_with_no_taskflow_operators to 2024-07-30 00:00:00+00:00, run_after=2024-07-31 00:00:00+00:00
[2024-07-31T18:51:27.652+0000] {processor.py:183} INFO - Processing /home/ubuntu/airflow-venv/lib/python3.12/site-packages/airflow/example_dags/example_dynamic_task_mapping_with_no_taskflow_operators.py took 0.083 seconds
[2024-07-31T18:52:25.242+0000] {processor.py:161} INFO - Started process (PID=4426) to work on /home/ubuntu/airflow-venv/lib/python3.12/site-packages/airflow/example_dags/example_dynamic_task_mapping_with_no_taskflow_operators.py
[2024-07-31T18:52:25.243+0000] {processor.py:830} INFO - Processing file /home/ubuntu/airflow-venv/lib/python3.12/site-packages/airflow/example_dags/example_dynamic_task_mapping_with_no_taskflow_operators.py for tasks to queue
[2024-07-31T18:52:25.245+0000] {logging_mixin.py:188} INFO - [2024-07-31T18:52:25.244+0000] {dagbag.py:545} INFO - Filling up the DagBag from /home/ubuntu/airflow-venv/lib/python3.12/site-packages/airflow/example_dags/example_dynamic_task_mapping_with_no_taskflow_operators.py
[2024-07-31T18:52:25.251+0000] {processor.py:840} INFO - DAG(s) 'example_dynamic_task_mapping_with_no_taskflow_operators' retrieved from /home/ubuntu/airflow-venv/lib/python3.12/site-packages/airflow/example_dags/example_dynamic_task_mapping_with_no_taskflow_operators.py
[2024-07-31T18:52:25.266+0000] {logging_mixin.py:188} INFO - [2024-07-31T18:52:25.266+0000] {dag.py:3089} INFO - Sync 1 DAGs
[2024-07-31T18:52:25.285+0000] {logging_mixin.py:188} INFO - [2024-07-31T18:52:25.285+0000] {dag.py:3947} INFO - Setting next_dagrun for example_dynamic_task_mapping_with_no_taskflow_operators to 2024-07-30 00:00:00+00:00, run_after=2024-07-31 00:00:00+00:00
[2024-07-31T18:52:25.308+0000] {processor.py:183} INFO - Processing /home/ubuntu/airflow-venv/lib/python3.12/site-packages/airflow/example_dags/example_dynamic_task_mapping_with_no_taskflow_operators.py took 0.072 seconds
[2024-07-31T18:53:27.329+0000] {processor.py:161} INFO - Started process (PID=4495) to work on /home/ubuntu/airflow-venv/lib/python3.12/site-packages/airflow/example_dags/example_dynamic_task_mapping_with_no_taskflow_operators.py
[2024-07-31T18:53:27.331+0000] {processor.py:830} INFO - Processing file /home/ubuntu/airflow-venv/lib/python3.12/site-packages/airflow/example_dags/example_dynamic_task_mapping_with_no_taskflow_operators.py for tasks to queue
[2024-07-31T18:53:27.332+0000] {logging_mixin.py:188} INFO - [2024-07-31T18:53:27.332+0000] {dagbag.py:545} INFO - Filling up the DagBag from /home/ubuntu/airflow-venv/lib/python3.12/site-packages/airflow/example_dags/example_dynamic_task_mapping_with_no_taskflow_operators.py
[2024-07-31T18:53:27.340+0000] {processor.py:840} INFO - DAG(s) 'example_dynamic_task_mapping_with_no_taskflow_operators' retrieved from /home/ubuntu/airflow-venv/lib/python3.12/site-packages/airflow/example_dags/example_dynamic_task_mapping_with_no_taskflow_operators.py
[2024-07-31T18:53:27.355+0000] {logging_mixin.py:188} INFO - [2024-07-31T18:53:27.355+0000] {dag.py:3089} INFO - Sync 1 DAGs
[2024-07-31T18:53:27.375+0000] {logging_mixin.py:188} INFO - [2024-07-31T18:53:27.375+0000] {dag.py:3947} INFO - Setting next_dagrun for example_dynamic_task_mapping_with_no_taskflow_operators to 2024-07-30 00:00:00+00:00, run_after=2024-07-31 00:00:00+00:00
[2024-07-31T18:53:27.397+0000] {processor.py:183} INFO - Processing /home/ubuntu/airflow-venv/lib/python3.12/site-packages/airflow/example_dags/example_dynamic_task_mapping_with_no_taskflow_operators.py took 0.074 seconds
[2024-07-31T18:54:27.809+0000] {processor.py:161} INFO - Started process (PID=4562) to work on /home/ubuntu/airflow-venv/lib/python3.12/site-packages/airflow/example_dags/example_dynamic_task_mapping_with_no_taskflow_operators.py
[2024-07-31T18:54:27.810+0000] {processor.py:830} INFO - Processing file /home/ubuntu/airflow-venv/lib/python3.12/site-packages/airflow/example_dags/example_dynamic_task_mapping_with_no_taskflow_operators.py for tasks to queue
[2024-07-31T18:54:27.811+0000] {logging_mixin.py:188} INFO - [2024-07-31T18:54:27.811+0000] {dagbag.py:545} INFO - Filling up the DagBag from /home/ubuntu/airflow-venv/lib/python3.12/site-packages/airflow/example_dags/example_dynamic_task_mapping_with_no_taskflow_operators.py
[2024-07-31T18:54:27.819+0000] {processor.py:840} INFO - DAG(s) 'example_dynamic_task_mapping_with_no_taskflow_operators' retrieved from /home/ubuntu/airflow-venv/lib/python3.12/site-packages/airflow/example_dags/example_dynamic_task_mapping_with_no_taskflow_operators.py
[2024-07-31T18:54:27.834+0000] {logging_mixin.py:188} INFO - [2024-07-31T18:54:27.834+0000] {dag.py:3089} INFO - Sync 1 DAGs
[2024-07-31T18:54:27.854+0000] {logging_mixin.py:188} INFO - [2024-07-31T18:54:27.854+0000] {dag.py:3947} INFO - Setting next_dagrun for example_dynamic_task_mapping_with_no_taskflow_operators to 2024-07-30 00:00:00+00:00, run_after=2024-07-31 00:00:00+00:00
[2024-07-31T18:54:27.876+0000] {processor.py:183} INFO - Processing /home/ubuntu/airflow-venv/lib/python3.12/site-packages/airflow/example_dags/example_dynamic_task_mapping_with_no_taskflow_operators.py took 0.073 seconds
[2024-07-31T18:55:29.266+0000] {processor.py:161} INFO - Started process (PID=4631) to work on /home/ubuntu/airflow-venv/lib/python3.12/site-packages/airflow/example_dags/example_dynamic_task_mapping_with_no_taskflow_operators.py
[2024-07-31T18:55:29.268+0000] {processor.py:830} INFO - Processing file /home/ubuntu/airflow-venv/lib/python3.12/site-packages/airflow/example_dags/example_dynamic_task_mapping_with_no_taskflow_operators.py for tasks to queue
[2024-07-31T18:55:29.268+0000] {logging_mixin.py:188} INFO - [2024-07-31T18:55:29.268+0000] {dagbag.py:545} INFO - Filling up the DagBag from /home/ubuntu/airflow-venv/lib/python3.12/site-packages/airflow/example_dags/example_dynamic_task_mapping_with_no_taskflow_operators.py
[2024-07-31T18:55:29.276+0000] {processor.py:840} INFO - DAG(s) 'example_dynamic_task_mapping_with_no_taskflow_operators' retrieved from /home/ubuntu/airflow-venv/lib/python3.12/site-packages/airflow/example_dags/example_dynamic_task_mapping_with_no_taskflow_operators.py
[2024-07-31T18:55:29.292+0000] {logging_mixin.py:188} INFO - [2024-07-31T18:55:29.292+0000] {dag.py:3089} INFO - Sync 1 DAGs
[2024-07-31T18:55:29.311+0000] {logging_mixin.py:188} INFO - [2024-07-31T18:55:29.311+0000] {dag.py:3947} INFO - Setting next_dagrun for example_dynamic_task_mapping_with_no_taskflow_operators to 2024-07-30 00:00:00+00:00, run_after=2024-07-31 00:00:00+00:00
[2024-07-31T18:55:29.336+0000] {processor.py:183} INFO - Processing /home/ubuntu/airflow-venv/lib/python3.12/site-packages/airflow/example_dags/example_dynamic_task_mapping_with_no_taskflow_operators.py took 0.075 seconds
[2024-07-31T18:56:20.977+0000] {processor.py:161} INFO - Started process (PID=4685) to work on /home/ubuntu/airflow-venv/lib/python3.12/site-packages/airflow/example_dags/example_dynamic_task_mapping_with_no_taskflow_operators.py
[2024-07-31T18:56:20.979+0000] {processor.py:830} INFO - Processing file /home/ubuntu/airflow-venv/lib/python3.12/site-packages/airflow/example_dags/example_dynamic_task_mapping_with_no_taskflow_operators.py for tasks to queue
[2024-07-31T18:56:20.979+0000] {logging_mixin.py:188} INFO - [2024-07-31T18:56:20.979+0000] {dagbag.py:545} INFO - Filling up the DagBag from /home/ubuntu/airflow-venv/lib/python3.12/site-packages/airflow/example_dags/example_dynamic_task_mapping_with_no_taskflow_operators.py
[2024-07-31T18:56:20.987+0000] {processor.py:840} INFO - DAG(s) 'example_dynamic_task_mapping_with_no_taskflow_operators' retrieved from /home/ubuntu/airflow-venv/lib/python3.12/site-packages/airflow/example_dags/example_dynamic_task_mapping_with_no_taskflow_operators.py
[2024-07-31T18:56:21.002+0000] {logging_mixin.py:188} INFO - [2024-07-31T18:56:21.002+0000] {dag.py:3089} INFO - Sync 1 DAGs
[2024-07-31T18:56:21.021+0000] {logging_mixin.py:188} INFO - [2024-07-31T18:56:21.021+0000] {dag.py:3947} INFO - Setting next_dagrun for example_dynamic_task_mapping_with_no_taskflow_operators to 2024-07-30 00:00:00+00:00, run_after=2024-07-31 00:00:00+00:00
[2024-07-31T18:56:21.045+0000] {processor.py:183} INFO - Processing /home/ubuntu/airflow-venv/lib/python3.12/site-packages/airflow/example_dags/example_dynamic_task_mapping_with_no_taskflow_operators.py took 0.074 seconds
[2024-07-31T18:57:30.242+0000] {processor.py:161} INFO - Started process (PID=5069) to work on /home/ubuntu/airflow-venv/lib/python3.12/site-packages/airflow/example_dags/example_dynamic_task_mapping_with_no_taskflow_operators.py
[2024-07-31T18:57:30.248+0000] {processor.py:830} INFO - Processing file /home/ubuntu/airflow-venv/lib/python3.12/site-packages/airflow/example_dags/example_dynamic_task_mapping_with_no_taskflow_operators.py for tasks to queue
[2024-07-31T18:57:30.249+0000] {logging_mixin.py:188} INFO - [2024-07-31T18:57:30.248+0000] {dagbag.py:545} INFO - Filling up the DagBag from /home/ubuntu/airflow-venv/lib/python3.12/site-packages/airflow/example_dags/example_dynamic_task_mapping_with_no_taskflow_operators.py
[2024-07-31T18:57:30.257+0000] {processor.py:840} INFO - DAG(s) 'example_dynamic_task_mapping_with_no_taskflow_operators' retrieved from /home/ubuntu/airflow-venv/lib/python3.12/site-packages/airflow/example_dags/example_dynamic_task_mapping_with_no_taskflow_operators.py
[2024-07-31T18:57:30.273+0000] {logging_mixin.py:188} INFO - [2024-07-31T18:57:30.272+0000] {dag.py:3089} INFO - Sync 1 DAGs
[2024-07-31T18:57:30.293+0000] {logging_mixin.py:188} INFO - [2024-07-31T18:57:30.293+0000] {dag.py:3947} INFO - Setting next_dagrun for example_dynamic_task_mapping_with_no_taskflow_operators to 2024-07-30 00:00:00+00:00, run_after=2024-07-31 00:00:00+00:00
[2024-07-31T18:57:30.319+0000] {processor.py:183} INFO - Processing /home/ubuntu/airflow-venv/lib/python3.12/site-packages/airflow/example_dags/example_dynamic_task_mapping_with_no_taskflow_operators.py took 0.084 seconds
[2024-07-31T18:58:37.656+0000] {processor.py:161} INFO - Started process (PID=5140) to work on /home/ubuntu/airflow-venv/lib/python3.12/site-packages/airflow/example_dags/example_dynamic_task_mapping_with_no_taskflow_operators.py
[2024-07-31T18:58:37.658+0000] {processor.py:830} INFO - Processing file /home/ubuntu/airflow-venv/lib/python3.12/site-packages/airflow/example_dags/example_dynamic_task_mapping_with_no_taskflow_operators.py for tasks to queue
[2024-07-31T18:58:37.659+0000] {logging_mixin.py:188} INFO - [2024-07-31T18:58:37.659+0000] {dagbag.py:545} INFO - Filling up the DagBag from /home/ubuntu/airflow-venv/lib/python3.12/site-packages/airflow/example_dags/example_dynamic_task_mapping_with_no_taskflow_operators.py
[2024-07-31T18:58:37.667+0000] {processor.py:840} INFO - DAG(s) 'example_dynamic_task_mapping_with_no_taskflow_operators' retrieved from /home/ubuntu/airflow-venv/lib/python3.12/site-packages/airflow/example_dags/example_dynamic_task_mapping_with_no_taskflow_operators.py
[2024-07-31T18:58:37.682+0000] {logging_mixin.py:188} INFO - [2024-07-31T18:58:37.682+0000] {dag.py:3089} INFO - Sync 1 DAGs
[2024-07-31T18:58:37.703+0000] {logging_mixin.py:188} INFO - [2024-07-31T18:58:37.703+0000] {dag.py:3947} INFO - Setting next_dagrun for example_dynamic_task_mapping_with_no_taskflow_operators to 2024-07-30 00:00:00+00:00, run_after=2024-07-31 00:00:00+00:00
[2024-07-31T18:58:37.725+0000] {processor.py:183} INFO - Processing /home/ubuntu/airflow-venv/lib/python3.12/site-packages/airflow/example_dags/example_dynamic_task_mapping_with_no_taskflow_operators.py took 0.075 seconds
[2024-07-31T18:59:40.028+0000] {processor.py:161} INFO - Started process (PID=5207) to work on /home/ubuntu/airflow-venv/lib/python3.12/site-packages/airflow/example_dags/example_dynamic_task_mapping_with_no_taskflow_operators.py
[2024-07-31T18:59:40.029+0000] {processor.py:830} INFO - Processing file /home/ubuntu/airflow-venv/lib/python3.12/site-packages/airflow/example_dags/example_dynamic_task_mapping_with_no_taskflow_operators.py for tasks to queue
[2024-07-31T18:59:40.030+0000] {logging_mixin.py:188} INFO - [2024-07-31T18:59:40.030+0000] {dagbag.py:545} INFO - Filling up the DagBag from /home/ubuntu/airflow-venv/lib/python3.12/site-packages/airflow/example_dags/example_dynamic_task_mapping_with_no_taskflow_operators.py
[2024-07-31T18:59:40.037+0000] {processor.py:840} INFO - DAG(s) 'example_dynamic_task_mapping_with_no_taskflow_operators' retrieved from /home/ubuntu/airflow-venv/lib/python3.12/site-packages/airflow/example_dags/example_dynamic_task_mapping_with_no_taskflow_operators.py
[2024-07-31T18:59:40.052+0000] {logging_mixin.py:188} INFO - [2024-07-31T18:59:40.052+0000] {dag.py:3089} INFO - Sync 1 DAGs
[2024-07-31T18:59:40.072+0000] {logging_mixin.py:188} INFO - [2024-07-31T18:59:40.072+0000] {dag.py:3947} INFO - Setting next_dagrun for example_dynamic_task_mapping_with_no_taskflow_operators to 2024-07-30 00:00:00+00:00, run_after=2024-07-31 00:00:00+00:00
[2024-07-31T18:59:40.096+0000] {processor.py:183} INFO - Processing /home/ubuntu/airflow-venv/lib/python3.12/site-packages/airflow/example_dags/example_dynamic_task_mapping_with_no_taskflow_operators.py took 0.074 seconds
[2024-07-31T19:00:48.558+0000] {processor.py:161} INFO - Started process (PID=5283) to work on /home/ubuntu/airflow-venv/lib/python3.12/site-packages/airflow/example_dags/example_dynamic_task_mapping_with_no_taskflow_operators.py
[2024-07-31T19:00:48.559+0000] {processor.py:830} INFO - Processing file /home/ubuntu/airflow-venv/lib/python3.12/site-packages/airflow/example_dags/example_dynamic_task_mapping_with_no_taskflow_operators.py for tasks to queue
[2024-07-31T19:00:48.560+0000] {logging_mixin.py:188} INFO - [2024-07-31T19:00:48.560+0000] {dagbag.py:545} INFO - Filling up the DagBag from /home/ubuntu/airflow-venv/lib/python3.12/site-packages/airflow/example_dags/example_dynamic_task_mapping_with_no_taskflow_operators.py
[2024-07-31T19:00:48.568+0000] {processor.py:840} INFO - DAG(s) 'example_dynamic_task_mapping_with_no_taskflow_operators' retrieved from /home/ubuntu/airflow-venv/lib/python3.12/site-packages/airflow/example_dags/example_dynamic_task_mapping_with_no_taskflow_operators.py
[2024-07-31T19:00:48.583+0000] {logging_mixin.py:188} INFO - [2024-07-31T19:00:48.583+0000] {dag.py:3089} INFO - Sync 1 DAGs
[2024-07-31T19:00:48.603+0000] {logging_mixin.py:188} INFO - [2024-07-31T19:00:48.603+0000] {dag.py:3947} INFO - Setting next_dagrun for example_dynamic_task_mapping_with_no_taskflow_operators to 2024-07-30 00:00:00+00:00, run_after=2024-07-31 00:00:00+00:00
[2024-07-31T19:00:48.627+0000] {processor.py:183} INFO - Processing /home/ubuntu/airflow-venv/lib/python3.12/site-packages/airflow/example_dags/example_dynamic_task_mapping_with_no_taskflow_operators.py took 0.075 seconds
[2024-07-31T19:01:55.384+0000] {processor.py:161} INFO - Started process (PID=5350) to work on /home/ubuntu/airflow-venv/lib/python3.12/site-packages/airflow/example_dags/example_dynamic_task_mapping_with_no_taskflow_operators.py
[2024-07-31T19:01:55.386+0000] {processor.py:830} INFO - Processing file /home/ubuntu/airflow-venv/lib/python3.12/site-packages/airflow/example_dags/example_dynamic_task_mapping_with_no_taskflow_operators.py for tasks to queue
[2024-07-31T19:01:55.387+0000] {logging_mixin.py:188} INFO - [2024-07-31T19:01:55.387+0000] {dagbag.py:545} INFO - Filling up the DagBag from /home/ubuntu/airflow-venv/lib/python3.12/site-packages/airflow/example_dags/example_dynamic_task_mapping_with_no_taskflow_operators.py
[2024-07-31T19:01:55.395+0000] {processor.py:840} INFO - DAG(s) 'example_dynamic_task_mapping_with_no_taskflow_operators' retrieved from /home/ubuntu/airflow-venv/lib/python3.12/site-packages/airflow/example_dags/example_dynamic_task_mapping_with_no_taskflow_operators.py
[2024-07-31T19:01:55.410+0000] {logging_mixin.py:188} INFO - [2024-07-31T19:01:55.410+0000] {dag.py:3089} INFO - Sync 1 DAGs
[2024-07-31T19:01:55.430+0000] {logging_mixin.py:188} INFO - [2024-07-31T19:01:55.430+0000] {dag.py:3947} INFO - Setting next_dagrun for example_dynamic_task_mapping_with_no_taskflow_operators to 2024-07-30 00:00:00+00:00, run_after=2024-07-31 00:00:00+00:00
[2024-07-31T19:01:55.454+0000] {processor.py:183} INFO - Processing /home/ubuntu/airflow-venv/lib/python3.12/site-packages/airflow/example_dags/example_dynamic_task_mapping_with_no_taskflow_operators.py took 0.075 seconds
[2024-07-31T19:03:01.082+0000] {processor.py:161} INFO - Started process (PID=5420) to work on /home/ubuntu/airflow-venv/lib/python3.12/site-packages/airflow/example_dags/example_dynamic_task_mapping_with_no_taskflow_operators.py
[2024-07-31T19:03:01.085+0000] {processor.py:830} INFO - Processing file /home/ubuntu/airflow-venv/lib/python3.12/site-packages/airflow/example_dags/example_dynamic_task_mapping_with_no_taskflow_operators.py for tasks to queue
[2024-07-31T19:03:01.086+0000] {logging_mixin.py:188} INFO - [2024-07-31T19:03:01.086+0000] {dagbag.py:545} INFO - Filling up the DagBag from /home/ubuntu/airflow-venv/lib/python3.12/site-packages/airflow/example_dags/example_dynamic_task_mapping_with_no_taskflow_operators.py
[2024-07-31T19:03:01.100+0000] {processor.py:840} INFO - DAG(s) 'example_dynamic_task_mapping_with_no_taskflow_operators' retrieved from /home/ubuntu/airflow-venv/lib/python3.12/site-packages/airflow/example_dags/example_dynamic_task_mapping_with_no_taskflow_operators.py
[2024-07-31T19:03:01.125+0000] {logging_mixin.py:188} INFO - [2024-07-31T19:03:01.125+0000] {dag.py:3089} INFO - Sync 1 DAGs
[2024-07-31T19:03:01.150+0000] {logging_mixin.py:188} INFO - [2024-07-31T19:03:01.150+0000] {dag.py:3947} INFO - Setting next_dagrun for example_dynamic_task_mapping_with_no_taskflow_operators to 2024-07-30 00:00:00+00:00, run_after=2024-07-31 00:00:00+00:00
[2024-07-31T19:03:01.180+0000] {processor.py:183} INFO - Processing /home/ubuntu/airflow-venv/lib/python3.12/site-packages/airflow/example_dags/example_dynamic_task_mapping_with_no_taskflow_operators.py took 0.108 seconds
[2024-07-31T19:19:22.436+0000] {processor.py:161} INFO - Started process (PID=5639) to work on /home/ubuntu/airflow-venv/lib/python3.12/site-packages/airflow/example_dags/example_dynamic_task_mapping_with_no_taskflow_operators.py
[2024-07-31T19:19:22.437+0000] {processor.py:830} INFO - Processing file /home/ubuntu/airflow-venv/lib/python3.12/site-packages/airflow/example_dags/example_dynamic_task_mapping_with_no_taskflow_operators.py for tasks to queue
[2024-07-31T19:19:22.439+0000] {logging_mixin.py:188} INFO - [2024-07-31T19:19:22.438+0000] {dagbag.py:545} INFO - Filling up the DagBag from /home/ubuntu/airflow-venv/lib/python3.12/site-packages/airflow/example_dags/example_dynamic_task_mapping_with_no_taskflow_operators.py
[2024-07-31T19:19:22.445+0000] {processor.py:840} INFO - DAG(s) 'example_dynamic_task_mapping_with_no_taskflow_operators' retrieved from /home/ubuntu/airflow-venv/lib/python3.12/site-packages/airflow/example_dags/example_dynamic_task_mapping_with_no_taskflow_operators.py
[2024-07-31T19:19:22.548+0000] {logging_mixin.py:188} INFO - [2024-07-31T19:19:22.548+0000] {dag.py:3089} INFO - Sync 1 DAGs
[2024-07-31T19:19:22.567+0000] {logging_mixin.py:188} INFO - [2024-07-31T19:19:22.567+0000] {dag.py:3947} INFO - Setting next_dagrun for example_dynamic_task_mapping_with_no_taskflow_operators to 2024-07-30 00:00:00+00:00, run_after=2024-07-31 00:00:00+00:00
[2024-07-31T19:19:22.590+0000] {processor.py:183} INFO - Processing /home/ubuntu/airflow-venv/lib/python3.12/site-packages/airflow/example_dags/example_dynamic_task_mapping_with_no_taskflow_operators.py took 0.160 seconds
[2024-07-31T19:20:19.640+0000] {processor.py:161} INFO - Started process (PID=5695) to work on /home/ubuntu/airflow-venv/lib/python3.12/site-packages/airflow/example_dags/example_dynamic_task_mapping_with_no_taskflow_operators.py
[2024-07-31T19:20:19.641+0000] {processor.py:830} INFO - Processing file /home/ubuntu/airflow-venv/lib/python3.12/site-packages/airflow/example_dags/example_dynamic_task_mapping_with_no_taskflow_operators.py for tasks to queue
[2024-07-31T19:20:19.643+0000] {logging_mixin.py:188} INFO - [2024-07-31T19:20:19.643+0000] {dagbag.py:545} INFO - Filling up the DagBag from /home/ubuntu/airflow-venv/lib/python3.12/site-packages/airflow/example_dags/example_dynamic_task_mapping_with_no_taskflow_operators.py
[2024-07-31T19:20:19.650+0000] {processor.py:840} INFO - DAG(s) 'example_dynamic_task_mapping_with_no_taskflow_operators' retrieved from /home/ubuntu/airflow-venv/lib/python3.12/site-packages/airflow/example_dags/example_dynamic_task_mapping_with_no_taskflow_operators.py
[2024-07-31T19:20:19.666+0000] {logging_mixin.py:188} INFO - [2024-07-31T19:20:19.666+0000] {dag.py:3089} INFO - Sync 1 DAGs
[2024-07-31T19:20:19.686+0000] {logging_mixin.py:188} INFO - [2024-07-31T19:20:19.686+0000] {dag.py:3947} INFO - Setting next_dagrun for example_dynamic_task_mapping_with_no_taskflow_operators to 2024-07-30 00:00:00+00:00, run_after=2024-07-31 00:00:00+00:00
[2024-07-31T19:20:19.711+0000] {processor.py:183} INFO - Processing /home/ubuntu/airflow-venv/lib/python3.12/site-packages/airflow/example_dags/example_dynamic_task_mapping_with_no_taskflow_operators.py took 0.077 seconds
[2024-07-31T19:21:13.749+0000] {processor.py:161} INFO - Started process (PID=5751) to work on /home/ubuntu/airflow-venv/lib/python3.12/site-packages/airflow/example_dags/example_dynamic_task_mapping_with_no_taskflow_operators.py
[2024-07-31T19:21:13.750+0000] {processor.py:830} INFO - Processing file /home/ubuntu/airflow-venv/lib/python3.12/site-packages/airflow/example_dags/example_dynamic_task_mapping_with_no_taskflow_operators.py for tasks to queue
[2024-07-31T19:21:13.752+0000] {logging_mixin.py:188} INFO - [2024-07-31T19:21:13.751+0000] {dagbag.py:545} INFO - Filling up the DagBag from /home/ubuntu/airflow-venv/lib/python3.12/site-packages/airflow/example_dags/example_dynamic_task_mapping_with_no_taskflow_operators.py
[2024-07-31T19:21:13.759+0000] {processor.py:840} INFO - DAG(s) 'example_dynamic_task_mapping_with_no_taskflow_operators' retrieved from /home/ubuntu/airflow-venv/lib/python3.12/site-packages/airflow/example_dags/example_dynamic_task_mapping_with_no_taskflow_operators.py
[2024-07-31T19:21:13.774+0000] {logging_mixin.py:188} INFO - [2024-07-31T19:21:13.774+0000] {dag.py:3089} INFO - Sync 1 DAGs
[2024-07-31T19:21:13.794+0000] {logging_mixin.py:188} INFO - [2024-07-31T19:21:13.794+0000] {dag.py:3947} INFO - Setting next_dagrun for example_dynamic_task_mapping_with_no_taskflow_operators to 2024-07-30 00:00:00+00:00, run_after=2024-07-31 00:00:00+00:00
[2024-07-31T19:21:13.816+0000] {processor.py:183} INFO - Processing /home/ubuntu/airflow-venv/lib/python3.12/site-packages/airflow/example_dags/example_dynamic_task_mapping_with_no_taskflow_operators.py took 0.073 seconds
[2024-07-31T19:22:27.222+0000] {processor.py:161} INFO - Started process (PID=5825) to work on /home/ubuntu/airflow-venv/lib/python3.12/site-packages/airflow/example_dags/example_dynamic_task_mapping_with_no_taskflow_operators.py
[2024-07-31T19:22:27.223+0000] {processor.py:830} INFO - Processing file /home/ubuntu/airflow-venv/lib/python3.12/site-packages/airflow/example_dags/example_dynamic_task_mapping_with_no_taskflow_operators.py for tasks to queue
[2024-07-31T19:22:27.225+0000] {logging_mixin.py:188} INFO - [2024-07-31T19:22:27.225+0000] {dagbag.py:545} INFO - Filling up the DagBag from /home/ubuntu/airflow-venv/lib/python3.12/site-packages/airflow/example_dags/example_dynamic_task_mapping_with_no_taskflow_operators.py
[2024-07-31T19:22:27.232+0000] {processor.py:840} INFO - DAG(s) 'example_dynamic_task_mapping_with_no_taskflow_operators' retrieved from /home/ubuntu/airflow-venv/lib/python3.12/site-packages/airflow/example_dags/example_dynamic_task_mapping_with_no_taskflow_operators.py
[2024-07-31T19:22:27.248+0000] {logging_mixin.py:188} INFO - [2024-07-31T19:22:27.248+0000] {dag.py:3089} INFO - Sync 1 DAGs
[2024-07-31T19:22:27.268+0000] {logging_mixin.py:188} INFO - [2024-07-31T19:22:27.268+0000] {dag.py:3947} INFO - Setting next_dagrun for example_dynamic_task_mapping_with_no_taskflow_operators to 2024-07-30 00:00:00+00:00, run_after=2024-07-31 00:00:00+00:00
[2024-07-31T19:22:27.291+0000] {processor.py:183} INFO - Processing /home/ubuntu/airflow-venv/lib/python3.12/site-packages/airflow/example_dags/example_dynamic_task_mapping_with_no_taskflow_operators.py took 0.075 seconds
[2024-07-31T19:23:31.954+0000] {processor.py:161} INFO - Started process (PID=5894) to work on /home/ubuntu/airflow-venv/lib/python3.12/site-packages/airflow/example_dags/example_dynamic_task_mapping_with_no_taskflow_operators.py
[2024-07-31T19:23:31.956+0000] {processor.py:830} INFO - Processing file /home/ubuntu/airflow-venv/lib/python3.12/site-packages/airflow/example_dags/example_dynamic_task_mapping_with_no_taskflow_operators.py for tasks to queue
[2024-07-31T19:23:31.957+0000] {logging_mixin.py:188} INFO - [2024-07-31T19:23:31.956+0000] {dagbag.py:545} INFO - Filling up the DagBag from /home/ubuntu/airflow-venv/lib/python3.12/site-packages/airflow/example_dags/example_dynamic_task_mapping_with_no_taskflow_operators.py
[2024-07-31T19:23:31.964+0000] {processor.py:840} INFO - DAG(s) 'example_dynamic_task_mapping_with_no_taskflow_operators' retrieved from /home/ubuntu/airflow-venv/lib/python3.12/site-packages/airflow/example_dags/example_dynamic_task_mapping_with_no_taskflow_operators.py
[2024-07-31T19:23:31.980+0000] {logging_mixin.py:188} INFO - [2024-07-31T19:23:31.980+0000] {dag.py:3089} INFO - Sync 1 DAGs
[2024-07-31T19:23:32.000+0000] {logging_mixin.py:188} INFO - [2024-07-31T19:23:32.000+0000] {dag.py:3947} INFO - Setting next_dagrun for example_dynamic_task_mapping_with_no_taskflow_operators to 2024-07-30 00:00:00+00:00, run_after=2024-07-31 00:00:00+00:00
[2024-07-31T19:23:32.024+0000] {processor.py:183} INFO - Processing /home/ubuntu/airflow-venv/lib/python3.12/site-packages/airflow/example_dags/example_dynamic_task_mapping_with_no_taskflow_operators.py took 0.075 seconds
[2024-07-31T19:24:28.993+0000] {processor.py:161} INFO - Started process (PID=5958) to work on /home/ubuntu/airflow-venv/lib/python3.12/site-packages/airflow/example_dags/example_dynamic_task_mapping_with_no_taskflow_operators.py
[2024-07-31T19:24:28.994+0000] {processor.py:830} INFO - Processing file /home/ubuntu/airflow-venv/lib/python3.12/site-packages/airflow/example_dags/example_dynamic_task_mapping_with_no_taskflow_operators.py for tasks to queue
[2024-07-31T19:24:28.995+0000] {logging_mixin.py:188} INFO - [2024-07-31T19:24:28.995+0000] {dagbag.py:545} INFO - Filling up the DagBag from /home/ubuntu/airflow-venv/lib/python3.12/site-packages/airflow/example_dags/example_dynamic_task_mapping_with_no_taskflow_operators.py
[2024-07-31T19:24:29.003+0000] {processor.py:840} INFO - DAG(s) 'example_dynamic_task_mapping_with_no_taskflow_operators' retrieved from /home/ubuntu/airflow-venv/lib/python3.12/site-packages/airflow/example_dags/example_dynamic_task_mapping_with_no_taskflow_operators.py
[2024-07-31T19:24:29.018+0000] {logging_mixin.py:188} INFO - [2024-07-31T19:24:29.018+0000] {dag.py:3089} INFO - Sync 1 DAGs
[2024-07-31T19:24:29.038+0000] {logging_mixin.py:188} INFO - [2024-07-31T19:24:29.038+0000] {dag.py:3947} INFO - Setting next_dagrun for example_dynamic_task_mapping_with_no_taskflow_operators to 2024-07-30 00:00:00+00:00, run_after=2024-07-31 00:00:00+00:00
[2024-07-31T19:24:29.060+0000] {processor.py:183} INFO - Processing /home/ubuntu/airflow-venv/lib/python3.12/site-packages/airflow/example_dags/example_dynamic_task_mapping_with_no_taskflow_operators.py took 0.073 seconds
[2024-07-31T19:25:36.075+0000] {processor.py:161} INFO - Started process (PID=6032) to work on /home/ubuntu/airflow-venv/lib/python3.12/site-packages/airflow/example_dags/example_dynamic_task_mapping_with_no_taskflow_operators.py
[2024-07-31T19:25:36.076+0000] {processor.py:830} INFO - Processing file /home/ubuntu/airflow-venv/lib/python3.12/site-packages/airflow/example_dags/example_dynamic_task_mapping_with_no_taskflow_operators.py for tasks to queue
[2024-07-31T19:25:36.077+0000] {logging_mixin.py:188} INFO - [2024-07-31T19:25:36.077+0000] {dagbag.py:545} INFO - Filling up the DagBag from /home/ubuntu/airflow-venv/lib/python3.12/site-packages/airflow/example_dags/example_dynamic_task_mapping_with_no_taskflow_operators.py
[2024-07-31T19:25:36.085+0000] {processor.py:840} INFO - DAG(s) 'example_dynamic_task_mapping_with_no_taskflow_operators' retrieved from /home/ubuntu/airflow-venv/lib/python3.12/site-packages/airflow/example_dags/example_dynamic_task_mapping_with_no_taskflow_operators.py
[2024-07-31T19:25:36.100+0000] {logging_mixin.py:188} INFO - [2024-07-31T19:25:36.100+0000] {dag.py:3089} INFO - Sync 1 DAGs
[2024-07-31T19:25:36.120+0000] {logging_mixin.py:188} INFO - [2024-07-31T19:25:36.120+0000] {dag.py:3947} INFO - Setting next_dagrun for example_dynamic_task_mapping_with_no_taskflow_operators to 2024-07-30 00:00:00+00:00, run_after=2024-07-31 00:00:00+00:00
[2024-07-31T19:25:36.144+0000] {processor.py:183} INFO - Processing /home/ubuntu/airflow-venv/lib/python3.12/site-packages/airflow/example_dags/example_dynamic_task_mapping_with_no_taskflow_operators.py took 0.075 seconds
[2024-07-31T19:26:48.241+0000] {processor.py:161} INFO - Started process (PID=6107) to work on /home/ubuntu/airflow-venv/lib/python3.12/site-packages/airflow/example_dags/example_dynamic_task_mapping_with_no_taskflow_operators.py
[2024-07-31T19:26:48.242+0000] {processor.py:830} INFO - Processing file /home/ubuntu/airflow-venv/lib/python3.12/site-packages/airflow/example_dags/example_dynamic_task_mapping_with_no_taskflow_operators.py for tasks to queue
[2024-07-31T19:26:48.243+0000] {logging_mixin.py:188} INFO - [2024-07-31T19:26:48.243+0000] {dagbag.py:545} INFO - Filling up the DagBag from /home/ubuntu/airflow-venv/lib/python3.12/site-packages/airflow/example_dags/example_dynamic_task_mapping_with_no_taskflow_operators.py
[2024-07-31T19:26:48.250+0000] {processor.py:840} INFO - DAG(s) 'example_dynamic_task_mapping_with_no_taskflow_operators' retrieved from /home/ubuntu/airflow-venv/lib/python3.12/site-packages/airflow/example_dags/example_dynamic_task_mapping_with_no_taskflow_operators.py
[2024-07-31T19:26:48.266+0000] {logging_mixin.py:188} INFO - [2024-07-31T19:26:48.265+0000] {dag.py:3089} INFO - Sync 1 DAGs
[2024-07-31T19:26:48.285+0000] {logging_mixin.py:188} INFO - [2024-07-31T19:26:48.285+0000] {dag.py:3947} INFO - Setting next_dagrun for example_dynamic_task_mapping_with_no_taskflow_operators to 2024-07-30 00:00:00+00:00, run_after=2024-07-31 00:00:00+00:00
[2024-07-31T19:26:48.308+0000] {processor.py:183} INFO - Processing /home/ubuntu/airflow-venv/lib/python3.12/site-packages/airflow/example_dags/example_dynamic_task_mapping_with_no_taskflow_operators.py took 0.073 seconds
[2024-07-31T19:27:53.030+0000] {processor.py:161} INFO - Started process (PID=6176) to work on /home/ubuntu/airflow-venv/lib/python3.12/site-packages/airflow/example_dags/example_dynamic_task_mapping_with_no_taskflow_operators.py
[2024-07-31T19:27:53.032+0000] {processor.py:830} INFO - Processing file /home/ubuntu/airflow-venv/lib/python3.12/site-packages/airflow/example_dags/example_dynamic_task_mapping_with_no_taskflow_operators.py for tasks to queue
[2024-07-31T19:27:53.033+0000] {logging_mixin.py:188} INFO - [2024-07-31T19:27:53.032+0000] {dagbag.py:545} INFO - Filling up the DagBag from /home/ubuntu/airflow-venv/lib/python3.12/site-packages/airflow/example_dags/example_dynamic_task_mapping_with_no_taskflow_operators.py
[2024-07-31T19:27:53.040+0000] {processor.py:840} INFO - DAG(s) 'example_dynamic_task_mapping_with_no_taskflow_operators' retrieved from /home/ubuntu/airflow-venv/lib/python3.12/site-packages/airflow/example_dags/example_dynamic_task_mapping_with_no_taskflow_operators.py
[2024-07-31T19:27:53.056+0000] {logging_mixin.py:188} INFO - [2024-07-31T19:27:53.056+0000] {dag.py:3089} INFO - Sync 1 DAGs
[2024-07-31T19:27:53.076+0000] {logging_mixin.py:188} INFO - [2024-07-31T19:27:53.076+0000] {dag.py:3947} INFO - Setting next_dagrun for example_dynamic_task_mapping_with_no_taskflow_operators to 2024-07-30 00:00:00+00:00, run_after=2024-07-31 00:00:00+00:00
[2024-07-31T19:27:53.099+0000] {processor.py:183} INFO - Processing /home/ubuntu/airflow-venv/lib/python3.12/site-packages/airflow/example_dags/example_dynamic_task_mapping_with_no_taskflow_operators.py took 0.075 seconds
[2024-07-31T19:28:45.075+0000] {processor.py:161} INFO - Started process (PID=6230) to work on /home/ubuntu/airflow-venv/lib/python3.12/site-packages/airflow/example_dags/example_dynamic_task_mapping_with_no_taskflow_operators.py
[2024-07-31T19:28:45.076+0000] {processor.py:830} INFO - Processing file /home/ubuntu/airflow-venv/lib/python3.12/site-packages/airflow/example_dags/example_dynamic_task_mapping_with_no_taskflow_operators.py for tasks to queue
[2024-07-31T19:28:45.077+0000] {logging_mixin.py:188} INFO - [2024-07-31T19:28:45.076+0000] {dagbag.py:545} INFO - Filling up the DagBag from /home/ubuntu/airflow-venv/lib/python3.12/site-packages/airflow/example_dags/example_dynamic_task_mapping_with_no_taskflow_operators.py
[2024-07-31T19:28:45.084+0000] {processor.py:840} INFO - DAG(s) 'example_dynamic_task_mapping_with_no_taskflow_operators' retrieved from /home/ubuntu/airflow-venv/lib/python3.12/site-packages/airflow/example_dags/example_dynamic_task_mapping_with_no_taskflow_operators.py
[2024-07-31T19:28:45.101+0000] {logging_mixin.py:188} INFO - [2024-07-31T19:28:45.100+0000] {dag.py:3089} INFO - Sync 1 DAGs
[2024-07-31T19:28:45.121+0000] {logging_mixin.py:188} INFO - [2024-07-31T19:28:45.121+0000] {dag.py:3947} INFO - Setting next_dagrun for example_dynamic_task_mapping_with_no_taskflow_operators to 2024-07-30 00:00:00+00:00, run_after=2024-07-31 00:00:00+00:00
[2024-07-31T19:28:45.147+0000] {processor.py:183} INFO - Processing /home/ubuntu/airflow-venv/lib/python3.12/site-packages/airflow/example_dags/example_dynamic_task_mapping_with_no_taskflow_operators.py took 0.078 seconds
[2024-07-31T19:29:53.947+0000] {processor.py:161} INFO - Started process (PID=6302) to work on /home/ubuntu/airflow-venv/lib/python3.12/site-packages/airflow/example_dags/example_dynamic_task_mapping_with_no_taskflow_operators.py
[2024-07-31T19:29:53.948+0000] {processor.py:830} INFO - Processing file /home/ubuntu/airflow-venv/lib/python3.12/site-packages/airflow/example_dags/example_dynamic_task_mapping_with_no_taskflow_operators.py for tasks to queue
[2024-07-31T19:29:53.949+0000] {logging_mixin.py:188} INFO - [2024-07-31T19:29:53.948+0000] {dagbag.py:545} INFO - Filling up the DagBag from /home/ubuntu/airflow-venv/lib/python3.12/site-packages/airflow/example_dags/example_dynamic_task_mapping_with_no_taskflow_operators.py
[2024-07-31T19:29:53.956+0000] {processor.py:840} INFO - DAG(s) 'example_dynamic_task_mapping_with_no_taskflow_operators' retrieved from /home/ubuntu/airflow-venv/lib/python3.12/site-packages/airflow/example_dags/example_dynamic_task_mapping_with_no_taskflow_operators.py
[2024-07-31T19:29:53.972+0000] {logging_mixin.py:188} INFO - [2024-07-31T19:29:53.972+0000] {dag.py:3089} INFO - Sync 1 DAGs
[2024-07-31T19:29:53.991+0000] {logging_mixin.py:188} INFO - [2024-07-31T19:29:53.991+0000] {dag.py:3947} INFO - Setting next_dagrun for example_dynamic_task_mapping_with_no_taskflow_operators to 2024-07-30 00:00:00+00:00, run_after=2024-07-31 00:00:00+00:00
[2024-07-31T19:29:54.015+0000] {processor.py:183} INFO - Processing /home/ubuntu/airflow-venv/lib/python3.12/site-packages/airflow/example_dags/example_dynamic_task_mapping_with_no_taskflow_operators.py took 0.074 seconds
[2024-07-31T19:31:03.528+0000] {processor.py:161} INFO - Started process (PID=6379) to work on /home/ubuntu/airflow-venv/lib/python3.12/site-packages/airflow/example_dags/example_dynamic_task_mapping_with_no_taskflow_operators.py
[2024-07-31T19:31:03.530+0000] {processor.py:830} INFO - Processing file /home/ubuntu/airflow-venv/lib/python3.12/site-packages/airflow/example_dags/example_dynamic_task_mapping_with_no_taskflow_operators.py for tasks to queue
[2024-07-31T19:31:03.531+0000] {logging_mixin.py:188} INFO - [2024-07-31T19:31:03.530+0000] {dagbag.py:545} INFO - Filling up the DagBag from /home/ubuntu/airflow-venv/lib/python3.12/site-packages/airflow/example_dags/example_dynamic_task_mapping_with_no_taskflow_operators.py
[2024-07-31T19:31:03.538+0000] {processor.py:840} INFO - DAG(s) 'example_dynamic_task_mapping_with_no_taskflow_operators' retrieved from /home/ubuntu/airflow-venv/lib/python3.12/site-packages/airflow/example_dags/example_dynamic_task_mapping_with_no_taskflow_operators.py
[2024-07-31T19:31:03.553+0000] {logging_mixin.py:188} INFO - [2024-07-31T19:31:03.553+0000] {dag.py:3089} INFO - Sync 1 DAGs
[2024-07-31T19:31:03.574+0000] {logging_mixin.py:188} INFO - [2024-07-31T19:31:03.574+0000] {dag.py:3947} INFO - Setting next_dagrun for example_dynamic_task_mapping_with_no_taskflow_operators to 2024-07-30 00:00:00+00:00, run_after=2024-07-31 00:00:00+00:00
[2024-07-31T19:31:03.598+0000] {processor.py:183} INFO - Processing /home/ubuntu/airflow-venv/lib/python3.12/site-packages/airflow/example_dags/example_dynamic_task_mapping_with_no_taskflow_operators.py took 0.076 seconds
[2024-07-31T19:32:33.350+0000] {processor.py:161} INFO - Started process (PID=6478) to work on /home/ubuntu/airflow-venv/lib/python3.12/site-packages/airflow/example_dags/example_dynamic_task_mapping_with_no_taskflow_operators.py
[2024-07-31T19:32:33.351+0000] {processor.py:830} INFO - Processing file /home/ubuntu/airflow-venv/lib/python3.12/site-packages/airflow/example_dags/example_dynamic_task_mapping_with_no_taskflow_operators.py for tasks to queue
[2024-07-31T19:32:33.352+0000] {logging_mixin.py:188} INFO - [2024-07-31T19:32:33.352+0000] {dagbag.py:545} INFO - Filling up the DagBag from /home/ubuntu/airflow-venv/lib/python3.12/site-packages/airflow/example_dags/example_dynamic_task_mapping_with_no_taskflow_operators.py
[2024-07-31T19:32:33.359+0000] {processor.py:840} INFO - DAG(s) 'example_dynamic_task_mapping_with_no_taskflow_operators' retrieved from /home/ubuntu/airflow-venv/lib/python3.12/site-packages/airflow/example_dags/example_dynamic_task_mapping_with_no_taskflow_operators.py
[2024-07-31T19:32:33.375+0000] {logging_mixin.py:188} INFO - [2024-07-31T19:32:33.375+0000] {dag.py:3089} INFO - Sync 1 DAGs
[2024-07-31T19:32:33.395+0000] {logging_mixin.py:188} INFO - [2024-07-31T19:32:33.395+0000] {dag.py:3947} INFO - Setting next_dagrun for example_dynamic_task_mapping_with_no_taskflow_operators to 2024-07-30 00:00:00+00:00, run_after=2024-07-31 00:00:00+00:00
[2024-07-31T19:32:33.418+0000] {processor.py:183} INFO - Processing /home/ubuntu/airflow-venv/lib/python3.12/site-packages/airflow/example_dags/example_dynamic_task_mapping_with_no_taskflow_operators.py took 0.074 seconds
[2024-07-31T19:33:40.512+0000] {processor.py:161} INFO - Started process (PID=6551) to work on /home/ubuntu/airflow-venv/lib/python3.12/site-packages/airflow/example_dags/example_dynamic_task_mapping_with_no_taskflow_operators.py
[2024-07-31T19:33:40.513+0000] {processor.py:830} INFO - Processing file /home/ubuntu/airflow-venv/lib/python3.12/site-packages/airflow/example_dags/example_dynamic_task_mapping_with_no_taskflow_operators.py for tasks to queue
[2024-07-31T19:33:40.514+0000] {logging_mixin.py:188} INFO - [2024-07-31T19:33:40.514+0000] {dagbag.py:545} INFO - Filling up the DagBag from /home/ubuntu/airflow-venv/lib/python3.12/site-packages/airflow/example_dags/example_dynamic_task_mapping_with_no_taskflow_operators.py
[2024-07-31T19:33:40.522+0000] {processor.py:840} INFO - DAG(s) 'example_dynamic_task_mapping_with_no_taskflow_operators' retrieved from /home/ubuntu/airflow-venv/lib/python3.12/site-packages/airflow/example_dags/example_dynamic_task_mapping_with_no_taskflow_operators.py
[2024-07-31T19:33:40.537+0000] {logging_mixin.py:188} INFO - [2024-07-31T19:33:40.537+0000] {dag.py:3089} INFO - Sync 1 DAGs
[2024-07-31T19:33:40.556+0000] {logging_mixin.py:188} INFO - [2024-07-31T19:33:40.556+0000] {dag.py:3947} INFO - Setting next_dagrun for example_dynamic_task_mapping_with_no_taskflow_operators to 2024-07-30 00:00:00+00:00, run_after=2024-07-31 00:00:00+00:00
[2024-07-31T19:33:40.580+0000] {processor.py:183} INFO - Processing /home/ubuntu/airflow-venv/lib/python3.12/site-packages/airflow/example_dags/example_dynamic_task_mapping_with_no_taskflow_operators.py took 0.074 seconds
[2024-07-31T19:34:35.906+0000] {processor.py:161} INFO - Started process (PID=6608) to work on /home/ubuntu/airflow-venv/lib/python3.12/site-packages/airflow/example_dags/example_dynamic_task_mapping_with_no_taskflow_operators.py
[2024-07-31T19:34:35.907+0000] {processor.py:830} INFO - Processing file /home/ubuntu/airflow-venv/lib/python3.12/site-packages/airflow/example_dags/example_dynamic_task_mapping_with_no_taskflow_operators.py for tasks to queue
[2024-07-31T19:34:35.908+0000] {logging_mixin.py:188} INFO - [2024-07-31T19:34:35.908+0000] {dagbag.py:545} INFO - Filling up the DagBag from /home/ubuntu/airflow-venv/lib/python3.12/site-packages/airflow/example_dags/example_dynamic_task_mapping_with_no_taskflow_operators.py
[2024-07-31T19:34:35.915+0000] {processor.py:840} INFO - DAG(s) 'example_dynamic_task_mapping_with_no_taskflow_operators' retrieved from /home/ubuntu/airflow-venv/lib/python3.12/site-packages/airflow/example_dags/example_dynamic_task_mapping_with_no_taskflow_operators.py
[2024-07-31T19:34:35.931+0000] {logging_mixin.py:188} INFO - [2024-07-31T19:34:35.931+0000] {dag.py:3089} INFO - Sync 1 DAGs
[2024-07-31T19:34:35.950+0000] {logging_mixin.py:188} INFO - [2024-07-31T19:34:35.950+0000] {dag.py:3947} INFO - Setting next_dagrun for example_dynamic_task_mapping_with_no_taskflow_operators to 2024-07-30 00:00:00+00:00, run_after=2024-07-31 00:00:00+00:00
[2024-07-31T19:34:35.973+0000] {processor.py:183} INFO - Processing /home/ubuntu/airflow-venv/lib/python3.12/site-packages/airflow/example_dags/example_dynamic_task_mapping_with_no_taskflow_operators.py took 0.073 seconds
