[2024-07-31T18:43:12.618+0000] {processor.py:161} INFO - Started process (PID=3452) to work on /home/ubuntu/airflow-venv/lib/python3.12/site-packages/airflow/example_dags/example_short_circuit_operator.py
[2024-07-31T18:43:12.619+0000] {processor.py:830} INFO - Processing file /home/ubuntu/airflow-venv/lib/python3.12/site-packages/airflow/example_dags/example_short_circuit_operator.py for tasks to queue
[2024-07-31T18:43:12.620+0000] {logging_mixin.py:188} INFO - [2024-07-31T18:43:12.620+0000] {dagbag.py:545} INFO - Filling up the DagBag from /home/ubuntu/airflow-venv/lib/python3.12/site-packages/airflow/example_dags/example_short_circuit_operator.py
[2024-07-31T18:43:12.628+0000] {processor.py:840} INFO - DAG(s) 'example_short_circuit_operator' retrieved from /home/ubuntu/airflow-venv/lib/python3.12/site-packages/airflow/example_dags/example_short_circuit_operator.py
[2024-07-31T18:43:12.748+0000] {logging_mixin.py:188} INFO - [2024-07-31T18:43:12.748+0000] {override.py:1858} INFO - Created Permission View: can edit on DAG:example_short_circuit_operator
[2024-07-31T18:43:12.761+0000] {logging_mixin.py:188} INFO - [2024-07-31T18:43:12.761+0000] {override.py:1858} INFO - Created Permission View: can read on DAG:example_short_circuit_operator
[2024-07-31T18:43:12.772+0000] {logging_mixin.py:188} INFO - [2024-07-31T18:43:12.771+0000] {override.py:1858} INFO - Created Permission View: can delete on DAG:example_short_circuit_operator
[2024-07-31T18:43:12.772+0000] {logging_mixin.py:188} INFO - [2024-07-31T18:43:12.772+0000] {dag.py:3089} INFO - Sync 1 DAGs
[2024-07-31T18:43:12.782+0000] {logging_mixin.py:188} INFO - [2024-07-31T18:43:12.782+0000] {dag.py:3111} INFO - Creating ORM DAG for example_short_circuit_operator
[2024-07-31T18:43:12.791+0000] {logging_mixin.py:188} INFO - [2024-07-31T18:43:12.791+0000] {dag.py:3947} INFO - Setting next_dagrun for example_short_circuit_operator to 2024-07-30 00:00:00+00:00, run_after=2024-07-31 00:00:00+00:00
[2024-07-31T18:43:12.814+0000] {processor.py:183} INFO - Processing /home/ubuntu/airflow-venv/lib/python3.12/site-packages/airflow/example_dags/example_short_circuit_operator.py took 0.201 seconds
[2024-07-31T18:44:10.932+0000] {processor.py:161} INFO - Started process (PID=3529) to work on /home/ubuntu/airflow-venv/lib/python3.12/site-packages/airflow/example_dags/example_short_circuit_operator.py
[2024-07-31T18:44:10.934+0000] {processor.py:830} INFO - Processing file /home/ubuntu/airflow-venv/lib/python3.12/site-packages/airflow/example_dags/example_short_circuit_operator.py for tasks to queue
[2024-07-31T18:44:10.935+0000] {logging_mixin.py:188} INFO - [2024-07-31T18:44:10.935+0000] {dagbag.py:545} INFO - Filling up the DagBag from /home/ubuntu/airflow-venv/lib/python3.12/site-packages/airflow/example_dags/example_short_circuit_operator.py
[2024-07-31T18:44:10.943+0000] {processor.py:840} INFO - DAG(s) 'example_short_circuit_operator' retrieved from /home/ubuntu/airflow-venv/lib/python3.12/site-packages/airflow/example_dags/example_short_circuit_operator.py
[2024-07-31T18:44:10.962+0000] {logging_mixin.py:188} INFO - [2024-07-31T18:44:10.962+0000] {dag.py:3089} INFO - Sync 1 DAGs
[2024-07-31T18:44:10.982+0000] {logging_mixin.py:188} INFO - [2024-07-31T18:44:10.982+0000] {dag.py:3947} INFO - Setting next_dagrun for example_short_circuit_operator to 2024-07-30 00:00:00+00:00, run_after=2024-07-31 00:00:00+00:00
[2024-07-31T18:44:11.006+0000] {processor.py:183} INFO - Processing /home/ubuntu/airflow-venv/lib/python3.12/site-packages/airflow/example_dags/example_short_circuit_operator.py took 0.079 seconds
[2024-07-31T18:45:01.309+0000] {processor.py:161} INFO - Started process (PID=3586) to work on /home/ubuntu/airflow-venv/lib/python3.12/site-packages/airflow/example_dags/example_short_circuit_operator.py
[2024-07-31T18:45:01.310+0000] {processor.py:830} INFO - Processing file /home/ubuntu/airflow-venv/lib/python3.12/site-packages/airflow/example_dags/example_short_circuit_operator.py for tasks to queue
[2024-07-31T18:45:01.312+0000] {logging_mixin.py:188} INFO - [2024-07-31T18:45:01.311+0000] {dagbag.py:545} INFO - Filling up the DagBag from /home/ubuntu/airflow-venv/lib/python3.12/site-packages/airflow/example_dags/example_short_circuit_operator.py
[2024-07-31T18:45:01.319+0000] {processor.py:840} INFO - DAG(s) 'example_short_circuit_operator' retrieved from /home/ubuntu/airflow-venv/lib/python3.12/site-packages/airflow/example_dags/example_short_circuit_operator.py
[2024-07-31T18:45:01.338+0000] {logging_mixin.py:188} INFO - [2024-07-31T18:45:01.338+0000] {dag.py:3089} INFO - Sync 1 DAGs
[2024-07-31T18:45:01.358+0000] {logging_mixin.py:188} INFO - [2024-07-31T18:45:01.358+0000] {dag.py:3947} INFO - Setting next_dagrun for example_short_circuit_operator to 2024-07-30 00:00:00+00:00, run_after=2024-07-31 00:00:00+00:00
[2024-07-31T18:45:01.383+0000] {processor.py:183} INFO - Processing /home/ubuntu/airflow-venv/lib/python3.12/site-packages/airflow/example_dags/example_short_circuit_operator.py took 0.080 seconds
[2024-07-31T18:45:49.844+0000] {processor.py:161} INFO - Started process (PID=3642) to work on /home/ubuntu/airflow-venv/lib/python3.12/site-packages/airflow/example_dags/example_short_circuit_operator.py
[2024-07-31T18:45:49.846+0000] {processor.py:830} INFO - Processing file /home/ubuntu/airflow-venv/lib/python3.12/site-packages/airflow/example_dags/example_short_circuit_operator.py for tasks to queue
[2024-07-31T18:45:49.847+0000] {logging_mixin.py:188} INFO - [2024-07-31T18:45:49.847+0000] {dagbag.py:545} INFO - Filling up the DagBag from /home/ubuntu/airflow-venv/lib/python3.12/site-packages/airflow/example_dags/example_short_circuit_operator.py
[2024-07-31T18:45:49.855+0000] {processor.py:840} INFO - DAG(s) 'example_short_circuit_operator' retrieved from /home/ubuntu/airflow-venv/lib/python3.12/site-packages/airflow/example_dags/example_short_circuit_operator.py
[2024-07-31T18:45:49.874+0000] {logging_mixin.py:188} INFO - [2024-07-31T18:45:49.874+0000] {dag.py:3089} INFO - Sync 1 DAGs
[2024-07-31T18:45:49.894+0000] {logging_mixin.py:188} INFO - [2024-07-31T18:45:49.893+0000] {dag.py:3947} INFO - Setting next_dagrun for example_short_circuit_operator to 2024-07-30 00:00:00+00:00, run_after=2024-07-31 00:00:00+00:00
[2024-07-31T18:45:49.916+0000] {processor.py:183} INFO - Processing /home/ubuntu/airflow-venv/lib/python3.12/site-packages/airflow/example_dags/example_short_circuit_operator.py took 0.078 seconds
[2024-07-31T18:46:31.100+0000] {processor.py:161} INFO - Started process (PID=3785) to work on /home/ubuntu/airflow-venv/lib/python3.12/site-packages/airflow/example_dags/example_short_circuit_operator.py
[2024-07-31T18:46:31.101+0000] {processor.py:830} INFO - Processing file /home/ubuntu/airflow-venv/lib/python3.12/site-packages/airflow/example_dags/example_short_circuit_operator.py for tasks to queue
[2024-07-31T18:46:31.103+0000] {logging_mixin.py:188} INFO - [2024-07-31T18:46:31.102+0000] {dagbag.py:545} INFO - Filling up the DagBag from /home/ubuntu/airflow-venv/lib/python3.12/site-packages/airflow/example_dags/example_short_circuit_operator.py
[2024-07-31T18:46:31.110+0000] {processor.py:840} INFO - DAG(s) 'example_short_circuit_operator' retrieved from /home/ubuntu/airflow-venv/lib/python3.12/site-packages/airflow/example_dags/example_short_circuit_operator.py
[2024-07-31T18:46:31.130+0000] {logging_mixin.py:188} INFO - [2024-07-31T18:46:31.130+0000] {dag.py:3089} INFO - Sync 1 DAGs
[2024-07-31T18:46:31.151+0000] {logging_mixin.py:188} INFO - [2024-07-31T18:46:31.151+0000] {dag.py:3947} INFO - Setting next_dagrun for example_short_circuit_operator to 2024-07-30 00:00:00+00:00, run_after=2024-07-31 00:00:00+00:00
[2024-07-31T18:46:31.174+0000] {processor.py:183} INFO - Processing /home/ubuntu/airflow-venv/lib/python3.12/site-packages/airflow/example_dags/example_short_circuit_operator.py took 0.080 seconds
[2024-07-31T18:47:11.407+0000] {processor.py:161} INFO - Started process (PID=3920) to work on /home/ubuntu/airflow-venv/lib/python3.12/site-packages/airflow/example_dags/example_short_circuit_operator.py
[2024-07-31T18:47:11.408+0000] {processor.py:830} INFO - Processing file /home/ubuntu/airflow-venv/lib/python3.12/site-packages/airflow/example_dags/example_short_circuit_operator.py for tasks to queue
[2024-07-31T18:47:11.410+0000] {logging_mixin.py:188} INFO - [2024-07-31T18:47:11.409+0000] {dagbag.py:545} INFO - Filling up the DagBag from /home/ubuntu/airflow-venv/lib/python3.12/site-packages/airflow/example_dags/example_short_circuit_operator.py
[2024-07-31T18:47:11.417+0000] {processor.py:840} INFO - DAG(s) 'example_short_circuit_operator' retrieved from /home/ubuntu/airflow-venv/lib/python3.12/site-packages/airflow/example_dags/example_short_circuit_operator.py
[2024-07-31T18:47:11.436+0000] {logging_mixin.py:188} INFO - [2024-07-31T18:47:11.436+0000] {dag.py:3089} INFO - Sync 1 DAGs
[2024-07-31T18:47:11.456+0000] {logging_mixin.py:188} INFO - [2024-07-31T18:47:11.456+0000] {dag.py:3947} INFO - Setting next_dagrun for example_short_circuit_operator to 2024-07-30 00:00:00+00:00, run_after=2024-07-31 00:00:00+00:00
[2024-07-31T18:47:11.479+0000] {processor.py:183} INFO - Processing /home/ubuntu/airflow-venv/lib/python3.12/site-packages/airflow/example_dags/example_short_circuit_operator.py took 0.078 seconds
[2024-07-31T18:47:52.044+0000] {processor.py:161} INFO - Started process (PID=3965) to work on /home/ubuntu/airflow-venv/lib/python3.12/site-packages/airflow/example_dags/example_short_circuit_operator.py
[2024-07-31T18:47:52.046+0000] {processor.py:830} INFO - Processing file /home/ubuntu/airflow-venv/lib/python3.12/site-packages/airflow/example_dags/example_short_circuit_operator.py for tasks to queue
[2024-07-31T18:47:52.047+0000] {logging_mixin.py:188} INFO - [2024-07-31T18:47:52.047+0000] {dagbag.py:545} INFO - Filling up the DagBag from /home/ubuntu/airflow-venv/lib/python3.12/site-packages/airflow/example_dags/example_short_circuit_operator.py
[2024-07-31T18:47:52.055+0000] {processor.py:840} INFO - DAG(s) 'example_short_circuit_operator' retrieved from /home/ubuntu/airflow-venv/lib/python3.12/site-packages/airflow/example_dags/example_short_circuit_operator.py
[2024-07-31T18:47:52.074+0000] {logging_mixin.py:188} INFO - [2024-07-31T18:47:52.074+0000] {dag.py:3089} INFO - Sync 1 DAGs
[2024-07-31T18:47:52.094+0000] {logging_mixin.py:188} INFO - [2024-07-31T18:47:52.093+0000] {dag.py:3947} INFO - Setting next_dagrun for example_short_circuit_operator to 2024-07-30 00:00:00+00:00, run_after=2024-07-31 00:00:00+00:00
[2024-07-31T18:47:52.117+0000] {processor.py:183} INFO - Processing /home/ubuntu/airflow-venv/lib/python3.12/site-packages/airflow/example_dags/example_short_circuit_operator.py took 0.079 seconds
[2024-07-31T18:48:48.381+0000] {processor.py:161} INFO - Started process (PID=4192) to work on /home/ubuntu/airflow-venv/lib/python3.12/site-packages/airflow/example_dags/example_short_circuit_operator.py
[2024-07-31T18:48:48.382+0000] {processor.py:830} INFO - Processing file /home/ubuntu/airflow-venv/lib/python3.12/site-packages/airflow/example_dags/example_short_circuit_operator.py for tasks to queue
[2024-07-31T18:48:48.384+0000] {logging_mixin.py:188} INFO - [2024-07-31T18:48:48.384+0000] {dagbag.py:545} INFO - Filling up the DagBag from /home/ubuntu/airflow-venv/lib/python3.12/site-packages/airflow/example_dags/example_short_circuit_operator.py
[2024-07-31T18:48:48.392+0000] {processor.py:840} INFO - DAG(s) 'example_short_circuit_operator' retrieved from /home/ubuntu/airflow-venv/lib/python3.12/site-packages/airflow/example_dags/example_short_circuit_operator.py
[2024-07-31T18:48:48.411+0000] {logging_mixin.py:188} INFO - [2024-07-31T18:48:48.411+0000] {dag.py:3089} INFO - Sync 1 DAGs
[2024-07-31T18:48:48.432+0000] {logging_mixin.py:188} INFO - [2024-07-31T18:48:48.432+0000] {dag.py:3947} INFO - Setting next_dagrun for example_short_circuit_operator to 2024-07-30 00:00:00+00:00, run_after=2024-07-31 00:00:00+00:00
[2024-07-31T18:48:48.455+0000] {processor.py:183} INFO - Processing /home/ubuntu/airflow-venv/lib/python3.12/site-packages/airflow/example_dags/example_short_circuit_operator.py took 0.080 seconds
[2024-07-31T18:49:46.903+0000] {processor.py:161} INFO - Started process (PID=4253) to work on /home/ubuntu/airflow-venv/lib/python3.12/site-packages/airflow/example_dags/example_short_circuit_operator.py
[2024-07-31T18:49:46.905+0000] {processor.py:830} INFO - Processing file /home/ubuntu/airflow-venv/lib/python3.12/site-packages/airflow/example_dags/example_short_circuit_operator.py for tasks to queue
[2024-07-31T18:49:46.906+0000] {logging_mixin.py:188} INFO - [2024-07-31T18:49:46.906+0000] {dagbag.py:545} INFO - Filling up the DagBag from /home/ubuntu/airflow-venv/lib/python3.12/site-packages/airflow/example_dags/example_short_circuit_operator.py
[2024-07-31T18:49:46.914+0000] {processor.py:840} INFO - DAG(s) 'example_short_circuit_operator' retrieved from /home/ubuntu/airflow-venv/lib/python3.12/site-packages/airflow/example_dags/example_short_circuit_operator.py
[2024-07-31T18:49:46.934+0000] {logging_mixin.py:188} INFO - [2024-07-31T18:49:46.934+0000] {dag.py:3089} INFO - Sync 1 DAGs
[2024-07-31T18:49:46.955+0000] {logging_mixin.py:188} INFO - [2024-07-31T18:49:46.955+0000] {dag.py:3947} INFO - Setting next_dagrun for example_short_circuit_operator to 2024-07-30 00:00:00+00:00, run_after=2024-07-31 00:00:00+00:00
[2024-07-31T18:49:46.979+0000] {processor.py:183} INFO - Processing /home/ubuntu/airflow-venv/lib/python3.12/site-packages/airflow/example_dags/example_short_circuit_operator.py took 0.082 seconds
[2024-07-31T18:50:27.454+0000] {processor.py:161} INFO - Started process (PID=4300) to work on /home/ubuntu/airflow-venv/lib/python3.12/site-packages/airflow/example_dags/example_short_circuit_operator.py
[2024-07-31T18:50:27.456+0000] {processor.py:830} INFO - Processing file /home/ubuntu/airflow-venv/lib/python3.12/site-packages/airflow/example_dags/example_short_circuit_operator.py for tasks to queue
[2024-07-31T18:50:27.458+0000] {logging_mixin.py:188} INFO - [2024-07-31T18:50:27.457+0000] {dagbag.py:545} INFO - Filling up the DagBag from /home/ubuntu/airflow-venv/lib/python3.12/site-packages/airflow/example_dags/example_short_circuit_operator.py
[2024-07-31T18:50:27.465+0000] {processor.py:840} INFO - DAG(s) 'example_short_circuit_operator' retrieved from /home/ubuntu/airflow-venv/lib/python3.12/site-packages/airflow/example_dags/example_short_circuit_operator.py
[2024-07-31T18:50:27.485+0000] {logging_mixin.py:188} INFO - [2024-07-31T18:50:27.485+0000] {dag.py:3089} INFO - Sync 1 DAGs
[2024-07-31T18:50:27.505+0000] {logging_mixin.py:188} INFO - [2024-07-31T18:50:27.505+0000] {dag.py:3947} INFO - Setting next_dagrun for example_short_circuit_operator to 2024-07-30 00:00:00+00:00, run_after=2024-07-31 00:00:00+00:00
[2024-07-31T18:50:27.529+0000] {processor.py:183} INFO - Processing /home/ubuntu/airflow-venv/lib/python3.12/site-packages/airflow/example_dags/example_short_circuit_operator.py took 0.081 seconds
[2024-07-31T18:51:08.120+0000] {processor.py:161} INFO - Started process (PID=4344) to work on /home/ubuntu/airflow-venv/lib/python3.12/site-packages/airflow/example_dags/example_short_circuit_operator.py
[2024-07-31T18:51:08.122+0000] {processor.py:830} INFO - Processing file /home/ubuntu/airflow-venv/lib/python3.12/site-packages/airflow/example_dags/example_short_circuit_operator.py for tasks to queue
[2024-07-31T18:51:08.123+0000] {logging_mixin.py:188} INFO - [2024-07-31T18:51:08.123+0000] {dagbag.py:545} INFO - Filling up the DagBag from /home/ubuntu/airflow-venv/lib/python3.12/site-packages/airflow/example_dags/example_short_circuit_operator.py
[2024-07-31T18:51:08.131+0000] {processor.py:840} INFO - DAG(s) 'example_short_circuit_operator' retrieved from /home/ubuntu/airflow-venv/lib/python3.12/site-packages/airflow/example_dags/example_short_circuit_operator.py
[2024-07-31T18:51:08.150+0000] {logging_mixin.py:188} INFO - [2024-07-31T18:51:08.150+0000] {dag.py:3089} INFO - Sync 1 DAGs
[2024-07-31T18:51:08.170+0000] {logging_mixin.py:188} INFO - [2024-07-31T18:51:08.170+0000] {dag.py:3947} INFO - Setting next_dagrun for example_short_circuit_operator to 2024-07-30 00:00:00+00:00, run_after=2024-07-31 00:00:00+00:00
[2024-07-31T18:51:08.193+0000] {processor.py:183} INFO - Processing /home/ubuntu/airflow-venv/lib/python3.12/site-packages/airflow/example_dags/example_short_circuit_operator.py took 0.078 seconds
[2024-07-31T18:52:04.730+0000] {processor.py:161} INFO - Started process (PID=4405) to work on /home/ubuntu/airflow-venv/lib/python3.12/site-packages/airflow/example_dags/example_short_circuit_operator.py
[2024-07-31T18:52:04.732+0000] {processor.py:830} INFO - Processing file /home/ubuntu/airflow-venv/lib/python3.12/site-packages/airflow/example_dags/example_short_circuit_operator.py for tasks to queue
[2024-07-31T18:52:04.734+0000] {logging_mixin.py:188} INFO - [2024-07-31T18:52:04.733+0000] {dagbag.py:545} INFO - Filling up the DagBag from /home/ubuntu/airflow-venv/lib/python3.12/site-packages/airflow/example_dags/example_short_circuit_operator.py
[2024-07-31T18:52:04.741+0000] {processor.py:840} INFO - DAG(s) 'example_short_circuit_operator' retrieved from /home/ubuntu/airflow-venv/lib/python3.12/site-packages/airflow/example_dags/example_short_circuit_operator.py
[2024-07-31T18:52:04.760+0000] {logging_mixin.py:188} INFO - [2024-07-31T18:52:04.760+0000] {dag.py:3089} INFO - Sync 1 DAGs
[2024-07-31T18:52:04.780+0000] {logging_mixin.py:188} INFO - [2024-07-31T18:52:04.779+0000] {dag.py:3947} INFO - Setting next_dagrun for example_short_circuit_operator to 2024-07-30 00:00:00+00:00, run_after=2024-07-31 00:00:00+00:00
[2024-07-31T18:52:04.802+0000] {processor.py:183} INFO - Processing /home/ubuntu/airflow-venv/lib/python3.12/site-packages/airflow/example_dags/example_short_circuit_operator.py took 0.078 seconds
[2024-07-31T18:53:04.058+0000] {processor.py:161} INFO - Started process (PID=4469) to work on /home/ubuntu/airflow-venv/lib/python3.12/site-packages/airflow/example_dags/example_short_circuit_operator.py
[2024-07-31T18:53:04.060+0000] {processor.py:830} INFO - Processing file /home/ubuntu/airflow-venv/lib/python3.12/site-packages/airflow/example_dags/example_short_circuit_operator.py for tasks to queue
[2024-07-31T18:53:04.060+0000] {logging_mixin.py:188} INFO - [2024-07-31T18:53:04.060+0000] {dagbag.py:545} INFO - Filling up the DagBag from /home/ubuntu/airflow-venv/lib/python3.12/site-packages/airflow/example_dags/example_short_circuit_operator.py
[2024-07-31T18:53:04.069+0000] {processor.py:840} INFO - DAG(s) 'example_short_circuit_operator' retrieved from /home/ubuntu/airflow-venv/lib/python3.12/site-packages/airflow/example_dags/example_short_circuit_operator.py
[2024-07-31T18:53:04.089+0000] {logging_mixin.py:188} INFO - [2024-07-31T18:53:04.088+0000] {dag.py:3089} INFO - Sync 1 DAGs
[2024-07-31T18:53:04.108+0000] {logging_mixin.py:188} INFO - [2024-07-31T18:53:04.108+0000] {dag.py:3947} INFO - Setting next_dagrun for example_short_circuit_operator to 2024-07-30 00:00:00+00:00, run_after=2024-07-31 00:00:00+00:00
[2024-07-31T18:53:04.131+0000] {processor.py:183} INFO - Processing /home/ubuntu/airflow-venv/lib/python3.12/site-packages/airflow/example_dags/example_short_circuit_operator.py took 0.079 seconds
[2024-07-31T18:53:45.634+0000] {processor.py:161} INFO - Started process (PID=4515) to work on /home/ubuntu/airflow-venv/lib/python3.12/site-packages/airflow/example_dags/example_short_circuit_operator.py
[2024-07-31T18:53:45.635+0000] {processor.py:830} INFO - Processing file /home/ubuntu/airflow-venv/lib/python3.12/site-packages/airflow/example_dags/example_short_circuit_operator.py for tasks to queue
[2024-07-31T18:53:45.636+0000] {logging_mixin.py:188} INFO - [2024-07-31T18:53:45.635+0000] {dagbag.py:545} INFO - Filling up the DagBag from /home/ubuntu/airflow-venv/lib/python3.12/site-packages/airflow/example_dags/example_short_circuit_operator.py
[2024-07-31T18:53:45.644+0000] {processor.py:840} INFO - DAG(s) 'example_short_circuit_operator' retrieved from /home/ubuntu/airflow-venv/lib/python3.12/site-packages/airflow/example_dags/example_short_circuit_operator.py
[2024-07-31T18:53:45.662+0000] {logging_mixin.py:188} INFO - [2024-07-31T18:53:45.662+0000] {dag.py:3089} INFO - Sync 1 DAGs
[2024-07-31T18:53:45.681+0000] {logging_mixin.py:188} INFO - [2024-07-31T18:53:45.681+0000] {dag.py:3947} INFO - Setting next_dagrun for example_short_circuit_operator to 2024-07-30 00:00:00+00:00, run_after=2024-07-31 00:00:00+00:00
[2024-07-31T18:53:45.704+0000] {processor.py:183} INFO - Processing /home/ubuntu/airflow-venv/lib/python3.12/site-packages/airflow/example_dags/example_short_circuit_operator.py took 0.076 seconds
[2024-07-31T18:54:26.069+0000] {processor.py:161} INFO - Started process (PID=4560) to work on /home/ubuntu/airflow-venv/lib/python3.12/site-packages/airflow/example_dags/example_short_circuit_operator.py
[2024-07-31T18:54:26.071+0000] {processor.py:830} INFO - Processing file /home/ubuntu/airflow-venv/lib/python3.12/site-packages/airflow/example_dags/example_short_circuit_operator.py for tasks to queue
[2024-07-31T18:54:26.071+0000] {logging_mixin.py:188} INFO - [2024-07-31T18:54:26.071+0000] {dagbag.py:545} INFO - Filling up the DagBag from /home/ubuntu/airflow-venv/lib/python3.12/site-packages/airflow/example_dags/example_short_circuit_operator.py
[2024-07-31T18:54:26.080+0000] {processor.py:840} INFO - DAG(s) 'example_short_circuit_operator' retrieved from /home/ubuntu/airflow-venv/lib/python3.12/site-packages/airflow/example_dags/example_short_circuit_operator.py
[2024-07-31T18:54:26.099+0000] {logging_mixin.py:188} INFO - [2024-07-31T18:54:26.098+0000] {dag.py:3089} INFO - Sync 1 DAGs
[2024-07-31T18:54:26.119+0000] {logging_mixin.py:188} INFO - [2024-07-31T18:54:26.119+0000] {dag.py:3947} INFO - Setting next_dagrun for example_short_circuit_operator to 2024-07-30 00:00:00+00:00, run_after=2024-07-31 00:00:00+00:00
[2024-07-31T18:54:26.142+0000] {processor.py:183} INFO - Processing /home/ubuntu/airflow-venv/lib/python3.12/site-packages/airflow/example_dags/example_short_circuit_operator.py took 0.079 seconds
[2024-07-31T18:55:06.106+0000] {processor.py:161} INFO - Started process (PID=4607) to work on /home/ubuntu/airflow-venv/lib/python3.12/site-packages/airflow/example_dags/example_short_circuit_operator.py
[2024-07-31T18:55:06.107+0000] {processor.py:830} INFO - Processing file /home/ubuntu/airflow-venv/lib/python3.12/site-packages/airflow/example_dags/example_short_circuit_operator.py for tasks to queue
[2024-07-31T18:55:06.108+0000] {logging_mixin.py:188} INFO - [2024-07-31T18:55:06.108+0000] {dagbag.py:545} INFO - Filling up the DagBag from /home/ubuntu/airflow-venv/lib/python3.12/site-packages/airflow/example_dags/example_short_circuit_operator.py
[2024-07-31T18:55:06.117+0000] {processor.py:840} INFO - DAG(s) 'example_short_circuit_operator' retrieved from /home/ubuntu/airflow-venv/lib/python3.12/site-packages/airflow/example_dags/example_short_circuit_operator.py
[2024-07-31T18:55:06.137+0000] {logging_mixin.py:188} INFO - [2024-07-31T18:55:06.137+0000] {dag.py:3089} INFO - Sync 1 DAGs
[2024-07-31T18:55:06.158+0000] {logging_mixin.py:188} INFO - [2024-07-31T18:55:06.158+0000] {dag.py:3947} INFO - Setting next_dagrun for example_short_circuit_operator to 2024-07-30 00:00:00+00:00, run_after=2024-07-31 00:00:00+00:00
[2024-07-31T18:55:06.183+0000] {processor.py:183} INFO - Processing /home/ubuntu/airflow-venv/lib/python3.12/site-packages/airflow/example_dags/example_short_circuit_operator.py took 0.083 seconds
[2024-07-31T18:55:47.812+0000] {processor.py:161} INFO - Started process (PID=4651) to work on /home/ubuntu/airflow-venv/lib/python3.12/site-packages/airflow/example_dags/example_short_circuit_operator.py
[2024-07-31T18:55:47.814+0000] {processor.py:830} INFO - Processing file /home/ubuntu/airflow-venv/lib/python3.12/site-packages/airflow/example_dags/example_short_circuit_operator.py for tasks to queue
[2024-07-31T18:55:47.814+0000] {logging_mixin.py:188} INFO - [2024-07-31T18:55:47.814+0000] {dagbag.py:545} INFO - Filling up the DagBag from /home/ubuntu/airflow-venv/lib/python3.12/site-packages/airflow/example_dags/example_short_circuit_operator.py
[2024-07-31T18:55:47.823+0000] {processor.py:840} INFO - DAG(s) 'example_short_circuit_operator' retrieved from /home/ubuntu/airflow-venv/lib/python3.12/site-packages/airflow/example_dags/example_short_circuit_operator.py
[2024-07-31T18:55:47.842+0000] {logging_mixin.py:188} INFO - [2024-07-31T18:55:47.842+0000] {dag.py:3089} INFO - Sync 1 DAGs
[2024-07-31T18:55:47.861+0000] {logging_mixin.py:188} INFO - [2024-07-31T18:55:47.861+0000] {dag.py:3947} INFO - Setting next_dagrun for example_short_circuit_operator to 2024-07-30 00:00:00+00:00, run_after=2024-07-31 00:00:00+00:00
[2024-07-31T18:55:47.886+0000] {processor.py:183} INFO - Processing /home/ubuntu/airflow-venv/lib/python3.12/site-packages/airflow/example_dags/example_short_circuit_operator.py took 0.079 seconds
[2024-07-31T18:56:33.235+0000] {processor.py:161} INFO - Started process (PID=4743) to work on /home/ubuntu/airflow-venv/lib/python3.12/site-packages/airflow/example_dags/example_short_circuit_operator.py
[2024-07-31T18:56:33.237+0000] {processor.py:830} INFO - Processing file /home/ubuntu/airflow-venv/lib/python3.12/site-packages/airflow/example_dags/example_short_circuit_operator.py for tasks to queue
[2024-07-31T18:56:33.238+0000] {logging_mixin.py:188} INFO - [2024-07-31T18:56:33.238+0000] {dagbag.py:545} INFO - Filling up the DagBag from /home/ubuntu/airflow-venv/lib/python3.12/site-packages/airflow/example_dags/example_short_circuit_operator.py
[2024-07-31T18:56:33.248+0000] {processor.py:840} INFO - DAG(s) 'example_short_circuit_operator' retrieved from /home/ubuntu/airflow-venv/lib/python3.12/site-packages/airflow/example_dags/example_short_circuit_operator.py
[2024-07-31T18:56:33.267+0000] {logging_mixin.py:188} INFO - [2024-07-31T18:56:33.267+0000] {dag.py:3089} INFO - Sync 1 DAGs
[2024-07-31T18:56:33.293+0000] {logging_mixin.py:188} INFO - [2024-07-31T18:56:33.292+0000] {dag.py:3947} INFO - Setting next_dagrun for example_short_circuit_operator to 2024-07-30 00:00:00+00:00, run_after=2024-07-31 00:00:00+00:00
[2024-07-31T18:56:33.329+0000] {processor.py:183} INFO - Processing /home/ubuntu/airflow-venv/lib/python3.12/site-packages/airflow/example_dags/example_short_circuit_operator.py took 0.103 seconds
[2024-07-31T18:57:19.952+0000] {processor.py:161} INFO - Started process (PID=5059) to work on /home/ubuntu/airflow-venv/lib/python3.12/site-packages/airflow/example_dags/example_short_circuit_operator.py
[2024-07-31T18:57:19.953+0000] {processor.py:830} INFO - Processing file /home/ubuntu/airflow-venv/lib/python3.12/site-packages/airflow/example_dags/example_short_circuit_operator.py for tasks to queue
[2024-07-31T18:57:19.954+0000] {logging_mixin.py:188} INFO - [2024-07-31T18:57:19.954+0000] {dagbag.py:545} INFO - Filling up the DagBag from /home/ubuntu/airflow-venv/lib/python3.12/site-packages/airflow/example_dags/example_short_circuit_operator.py
[2024-07-31T18:57:19.963+0000] {processor.py:840} INFO - DAG(s) 'example_short_circuit_operator' retrieved from /home/ubuntu/airflow-venv/lib/python3.12/site-packages/airflow/example_dags/example_short_circuit_operator.py
[2024-07-31T18:57:19.982+0000] {logging_mixin.py:188} INFO - [2024-07-31T18:57:19.982+0000] {dag.py:3089} INFO - Sync 1 DAGs
[2024-07-31T18:57:20.003+0000] {logging_mixin.py:188} INFO - [2024-07-31T18:57:20.003+0000] {dag.py:3947} INFO - Setting next_dagrun for example_short_circuit_operator to 2024-07-30 00:00:00+00:00, run_after=2024-07-31 00:00:00+00:00
[2024-07-31T18:57:20.027+0000] {processor.py:183} INFO - Processing /home/ubuntu/airflow-venv/lib/python3.12/site-packages/airflow/example_dags/example_short_circuit_operator.py took 0.081 seconds
[2024-07-31T18:58:06.018+0000] {processor.py:161} INFO - Started process (PID=5106) to work on /home/ubuntu/airflow-venv/lib/python3.12/site-packages/airflow/example_dags/example_short_circuit_operator.py
[2024-07-31T18:58:06.020+0000] {processor.py:830} INFO - Processing file /home/ubuntu/airflow-venv/lib/python3.12/site-packages/airflow/example_dags/example_short_circuit_operator.py for tasks to queue
[2024-07-31T18:58:06.021+0000] {logging_mixin.py:188} INFO - [2024-07-31T18:58:06.021+0000] {dagbag.py:545} INFO - Filling up the DagBag from /home/ubuntu/airflow-venv/lib/python3.12/site-packages/airflow/example_dags/example_short_circuit_operator.py
[2024-07-31T18:58:06.033+0000] {processor.py:840} INFO - DAG(s) 'example_short_circuit_operator' retrieved from /home/ubuntu/airflow-venv/lib/python3.12/site-packages/airflow/example_dags/example_short_circuit_operator.py
[2024-07-31T18:58:06.061+0000] {logging_mixin.py:188} INFO - [2024-07-31T18:58:06.061+0000] {dag.py:3089} INFO - Sync 1 DAGs
[2024-07-31T18:58:06.087+0000] {logging_mixin.py:188} INFO - [2024-07-31T18:58:06.087+0000] {dag.py:3947} INFO - Setting next_dagrun for example_short_circuit_operator to 2024-07-30 00:00:00+00:00, run_after=2024-07-31 00:00:00+00:00
[2024-07-31T18:58:06.122+0000] {processor.py:183} INFO - Processing /home/ubuntu/airflow-venv/lib/python3.12/site-packages/airflow/example_dags/example_short_circuit_operator.py took 0.113 seconds
[2024-07-31T18:58:50.986+0000] {processor.py:161} INFO - Started process (PID=5156) to work on /home/ubuntu/airflow-venv/lib/python3.12/site-packages/airflow/example_dags/example_short_circuit_operator.py
[2024-07-31T18:58:50.988+0000] {processor.py:830} INFO - Processing file /home/ubuntu/airflow-venv/lib/python3.12/site-packages/airflow/example_dags/example_short_circuit_operator.py for tasks to queue
[2024-07-31T18:58:50.988+0000] {logging_mixin.py:188} INFO - [2024-07-31T18:58:50.988+0000] {dagbag.py:545} INFO - Filling up the DagBag from /home/ubuntu/airflow-venv/lib/python3.12/site-packages/airflow/example_dags/example_short_circuit_operator.py
[2024-07-31T18:58:50.997+0000] {processor.py:840} INFO - DAG(s) 'example_short_circuit_operator' retrieved from /home/ubuntu/airflow-venv/lib/python3.12/site-packages/airflow/example_dags/example_short_circuit_operator.py
[2024-07-31T18:58:51.016+0000] {logging_mixin.py:188} INFO - [2024-07-31T18:58:51.016+0000] {dag.py:3089} INFO - Sync 1 DAGs
[2024-07-31T18:58:51.037+0000] {logging_mixin.py:188} INFO - [2024-07-31T18:58:51.037+0000] {dag.py:3947} INFO - Setting next_dagrun for example_short_circuit_operator to 2024-07-30 00:00:00+00:00, run_after=2024-07-31 00:00:00+00:00
[2024-07-31T18:58:51.060+0000] {processor.py:183} INFO - Processing /home/ubuntu/airflow-venv/lib/python3.12/site-packages/airflow/example_dags/example_short_circuit_operator.py took 0.080 seconds
[2024-07-31T18:59:32.500+0000] {processor.py:161} INFO - Started process (PID=5201) to work on /home/ubuntu/airflow-venv/lib/python3.12/site-packages/airflow/example_dags/example_short_circuit_operator.py
[2024-07-31T18:59:32.502+0000] {processor.py:830} INFO - Processing file /home/ubuntu/airflow-venv/lib/python3.12/site-packages/airflow/example_dags/example_short_circuit_operator.py for tasks to queue
[2024-07-31T18:59:32.503+0000] {logging_mixin.py:188} INFO - [2024-07-31T18:59:32.503+0000] {dagbag.py:545} INFO - Filling up the DagBag from /home/ubuntu/airflow-venv/lib/python3.12/site-packages/airflow/example_dags/example_short_circuit_operator.py
[2024-07-31T18:59:32.511+0000] {processor.py:840} INFO - DAG(s) 'example_short_circuit_operator' retrieved from /home/ubuntu/airflow-venv/lib/python3.12/site-packages/airflow/example_dags/example_short_circuit_operator.py
[2024-07-31T18:59:32.531+0000] {logging_mixin.py:188} INFO - [2024-07-31T18:59:32.530+0000] {dag.py:3089} INFO - Sync 1 DAGs
[2024-07-31T18:59:32.551+0000] {logging_mixin.py:188} INFO - [2024-07-31T18:59:32.551+0000] {dag.py:3947} INFO - Setting next_dagrun for example_short_circuit_operator to 2024-07-30 00:00:00+00:00, run_after=2024-07-31 00:00:00+00:00
[2024-07-31T18:59:32.575+0000] {processor.py:183} INFO - Processing /home/ubuntu/airflow-venv/lib/python3.12/site-packages/airflow/example_dags/example_short_circuit_operator.py took 0.080 seconds
[2024-07-31T19:00:15.964+0000] {processor.py:161} INFO - Started process (PID=5249) to work on /home/ubuntu/airflow-venv/lib/python3.12/site-packages/airflow/example_dags/example_short_circuit_operator.py
[2024-07-31T19:00:15.965+0000] {processor.py:830} INFO - Processing file /home/ubuntu/airflow-venv/lib/python3.12/site-packages/airflow/example_dags/example_short_circuit_operator.py for tasks to queue
[2024-07-31T19:00:15.966+0000] {logging_mixin.py:188} INFO - [2024-07-31T19:00:15.966+0000] {dagbag.py:545} INFO - Filling up the DagBag from /home/ubuntu/airflow-venv/lib/python3.12/site-packages/airflow/example_dags/example_short_circuit_operator.py
[2024-07-31T19:00:15.975+0000] {processor.py:840} INFO - DAG(s) 'example_short_circuit_operator' retrieved from /home/ubuntu/airflow-venv/lib/python3.12/site-packages/airflow/example_dags/example_short_circuit_operator.py
[2024-07-31T19:00:15.995+0000] {logging_mixin.py:188} INFO - [2024-07-31T19:00:15.994+0000] {dag.py:3089} INFO - Sync 1 DAGs
[2024-07-31T19:00:16.016+0000] {logging_mixin.py:188} INFO - [2024-07-31T19:00:16.016+0000] {dag.py:3947} INFO - Setting next_dagrun for example_short_circuit_operator to 2024-07-30 00:00:00+00:00, run_after=2024-07-31 00:00:00+00:00
[2024-07-31T19:00:16.041+0000] {processor.py:183} INFO - Processing /home/ubuntu/airflow-venv/lib/python3.12/site-packages/airflow/example_dags/example_short_circuit_operator.py took 0.083 seconds
[2024-07-31T19:01:01.129+0000] {processor.py:161} INFO - Started process (PID=5296) to work on /home/ubuntu/airflow-venv/lib/python3.12/site-packages/airflow/example_dags/example_short_circuit_operator.py
[2024-07-31T19:01:01.131+0000] {processor.py:830} INFO - Processing file /home/ubuntu/airflow-venv/lib/python3.12/site-packages/airflow/example_dags/example_short_circuit_operator.py for tasks to queue
[2024-07-31T19:01:01.132+0000] {logging_mixin.py:188} INFO - [2024-07-31T19:01:01.131+0000] {dagbag.py:545} INFO - Filling up the DagBag from /home/ubuntu/airflow-venv/lib/python3.12/site-packages/airflow/example_dags/example_short_circuit_operator.py
[2024-07-31T19:01:01.140+0000] {processor.py:840} INFO - DAG(s) 'example_short_circuit_operator' retrieved from /home/ubuntu/airflow-venv/lib/python3.12/site-packages/airflow/example_dags/example_short_circuit_operator.py
[2024-07-31T19:01:01.159+0000] {logging_mixin.py:188} INFO - [2024-07-31T19:01:01.159+0000] {dag.py:3089} INFO - Sync 1 DAGs
[2024-07-31T19:01:01.178+0000] {logging_mixin.py:188} INFO - [2024-07-31T19:01:01.178+0000] {dag.py:3947} INFO - Setting next_dagrun for example_short_circuit_operator to 2024-07-30 00:00:00+00:00, run_after=2024-07-31 00:00:00+00:00
[2024-07-31T19:01:01.202+0000] {processor.py:183} INFO - Processing /home/ubuntu/airflow-venv/lib/python3.12/site-packages/airflow/example_dags/example_short_circuit_operator.py took 0.078 seconds
[2024-07-31T19:01:45.333+0000] {processor.py:161} INFO - Started process (PID=5340) to work on /home/ubuntu/airflow-venv/lib/python3.12/site-packages/airflow/example_dags/example_short_circuit_operator.py
[2024-07-31T19:01:45.334+0000] {processor.py:830} INFO - Processing file /home/ubuntu/airflow-venv/lib/python3.12/site-packages/airflow/example_dags/example_short_circuit_operator.py for tasks to queue
[2024-07-31T19:01:45.335+0000] {logging_mixin.py:188} INFO - [2024-07-31T19:01:45.335+0000] {dagbag.py:545} INFO - Filling up the DagBag from /home/ubuntu/airflow-venv/lib/python3.12/site-packages/airflow/example_dags/example_short_circuit_operator.py
[2024-07-31T19:01:45.344+0000] {processor.py:840} INFO - DAG(s) 'example_short_circuit_operator' retrieved from /home/ubuntu/airflow-venv/lib/python3.12/site-packages/airflow/example_dags/example_short_circuit_operator.py
[2024-07-31T19:01:45.363+0000] {logging_mixin.py:188} INFO - [2024-07-31T19:01:45.363+0000] {dag.py:3089} INFO - Sync 1 DAGs
[2024-07-31T19:01:45.391+0000] {logging_mixin.py:188} INFO - [2024-07-31T19:01:45.391+0000] {dag.py:3947} INFO - Setting next_dagrun for example_short_circuit_operator to 2024-07-30 00:00:00+00:00, run_after=2024-07-31 00:00:00+00:00
[2024-07-31T19:01:45.417+0000] {processor.py:183} INFO - Processing /home/ubuntu/airflow-venv/lib/python3.12/site-packages/airflow/example_dags/example_short_circuit_operator.py took 0.090 seconds
[2024-07-31T19:02:30.666+0000] {processor.py:161} INFO - Started process (PID=5387) to work on /home/ubuntu/airflow-venv/lib/python3.12/site-packages/airflow/example_dags/example_short_circuit_operator.py
[2024-07-31T19:02:30.667+0000] {processor.py:830} INFO - Processing file /home/ubuntu/airflow-venv/lib/python3.12/site-packages/airflow/example_dags/example_short_circuit_operator.py for tasks to queue
[2024-07-31T19:02:30.668+0000] {logging_mixin.py:188} INFO - [2024-07-31T19:02:30.668+0000] {dagbag.py:545} INFO - Filling up the DagBag from /home/ubuntu/airflow-venv/lib/python3.12/site-packages/airflow/example_dags/example_short_circuit_operator.py
[2024-07-31T19:02:30.677+0000] {processor.py:840} INFO - DAG(s) 'example_short_circuit_operator' retrieved from /home/ubuntu/airflow-venv/lib/python3.12/site-packages/airflow/example_dags/example_short_circuit_operator.py
[2024-07-31T19:02:30.697+0000] {logging_mixin.py:188} INFO - [2024-07-31T19:02:30.696+0000] {dag.py:3089} INFO - Sync 1 DAGs
[2024-07-31T19:02:30.717+0000] {logging_mixin.py:188} INFO - [2024-07-31T19:02:30.717+0000] {dag.py:3947} INFO - Setting next_dagrun for example_short_circuit_operator to 2024-07-30 00:00:00+00:00, run_after=2024-07-31 00:00:00+00:00
[2024-07-31T19:02:30.742+0000] {processor.py:183} INFO - Processing /home/ubuntu/airflow-venv/lib/python3.12/site-packages/airflow/example_dags/example_short_circuit_operator.py took 0.083 seconds
[2024-07-31T19:03:15.737+0000] {processor.py:161} INFO - Started process (PID=5434) to work on /home/ubuntu/airflow-venv/lib/python3.12/site-packages/airflow/example_dags/example_short_circuit_operator.py
[2024-07-31T19:03:15.738+0000] {processor.py:830} INFO - Processing file /home/ubuntu/airflow-venv/lib/python3.12/site-packages/airflow/example_dags/example_short_circuit_operator.py for tasks to queue
[2024-07-31T19:03:15.739+0000] {logging_mixin.py:188} INFO - [2024-07-31T19:03:15.739+0000] {dagbag.py:545} INFO - Filling up the DagBag from /home/ubuntu/airflow-venv/lib/python3.12/site-packages/airflow/example_dags/example_short_circuit_operator.py
[2024-07-31T19:03:15.748+0000] {processor.py:840} INFO - DAG(s) 'example_short_circuit_operator' retrieved from /home/ubuntu/airflow-venv/lib/python3.12/site-packages/airflow/example_dags/example_short_circuit_operator.py
[2024-07-31T19:03:15.767+0000] {logging_mixin.py:188} INFO - [2024-07-31T19:03:15.766+0000] {dag.py:3089} INFO - Sync 1 DAGs
[2024-07-31T19:03:15.786+0000] {logging_mixin.py:188} INFO - [2024-07-31T19:03:15.786+0000] {dag.py:3947} INFO - Setting next_dagrun for example_short_circuit_operator to 2024-07-30 00:00:00+00:00, run_after=2024-07-31 00:00:00+00:00
[2024-07-31T19:03:15.809+0000] {processor.py:183} INFO - Processing /home/ubuntu/airflow-venv/lib/python3.12/site-packages/airflow/example_dags/example_short_circuit_operator.py took 0.078 seconds
[2024-07-31T19:04:01.583+0000] {processor.py:161} INFO - Started process (PID=5481) to work on /home/ubuntu/airflow-venv/lib/python3.12/site-packages/airflow/example_dags/example_short_circuit_operator.py
[2024-07-31T19:04:01.584+0000] {processor.py:830} INFO - Processing file /home/ubuntu/airflow-venv/lib/python3.12/site-packages/airflow/example_dags/example_short_circuit_operator.py for tasks to queue
[2024-07-31T19:04:01.585+0000] {logging_mixin.py:188} INFO - [2024-07-31T19:04:01.585+0000] {dagbag.py:545} INFO - Filling up the DagBag from /home/ubuntu/airflow-venv/lib/python3.12/site-packages/airflow/example_dags/example_short_circuit_operator.py
[2024-07-31T19:04:01.594+0000] {processor.py:840} INFO - DAG(s) 'example_short_circuit_operator' retrieved from /home/ubuntu/airflow-venv/lib/python3.12/site-packages/airflow/example_dags/example_short_circuit_operator.py
[2024-07-31T19:04:01.613+0000] {logging_mixin.py:188} INFO - [2024-07-31T19:04:01.612+0000] {dag.py:3089} INFO - Sync 1 DAGs
[2024-07-31T19:04:01.745+0000] {logging_mixin.py:188} INFO - [2024-07-31T19:04:01.745+0000] {dag.py:3947} INFO - Setting next_dagrun for example_short_circuit_operator to 2024-07-30 00:00:00+00:00, run_after=2024-07-31 00:00:00+00:00
[2024-07-31T19:04:01.768+0000] {processor.py:183} INFO - Processing /home/ubuntu/airflow-venv/lib/python3.12/site-packages/airflow/example_dags/example_short_circuit_operator.py took 0.191 seconds
[2024-07-31T19:18:58.226+0000] {processor.py:161} INFO - Started process (PID=5619) to work on /home/ubuntu/airflow-venv/lib/python3.12/site-packages/airflow/example_dags/example_short_circuit_operator.py
[2024-07-31T19:18:58.227+0000] {processor.py:830} INFO - Processing file /home/ubuntu/airflow-venv/lib/python3.12/site-packages/airflow/example_dags/example_short_circuit_operator.py for tasks to queue
[2024-07-31T19:18:58.229+0000] {logging_mixin.py:188} INFO - [2024-07-31T19:18:58.229+0000] {dagbag.py:545} INFO - Filling up the DagBag from /home/ubuntu/airflow-venv/lib/python3.12/site-packages/airflow/example_dags/example_short_circuit_operator.py
[2024-07-31T19:18:58.239+0000] {processor.py:840} INFO - DAG(s) 'example_short_circuit_operator' retrieved from /home/ubuntu/airflow-venv/lib/python3.12/site-packages/airflow/example_dags/example_short_circuit_operator.py
[2024-07-31T19:18:58.346+0000] {logging_mixin.py:188} INFO - [2024-07-31T19:18:58.346+0000] {dag.py:3089} INFO - Sync 1 DAGs
[2024-07-31T19:18:58.363+0000] {logging_mixin.py:188} INFO - [2024-07-31T19:18:58.363+0000] {dag.py:3947} INFO - Setting next_dagrun for example_short_circuit_operator to 2024-07-30 00:00:00+00:00, run_after=2024-07-31 00:00:00+00:00
[2024-07-31T19:18:58.388+0000] {processor.py:183} INFO - Processing /home/ubuntu/airflow-venv/lib/python3.12/site-packages/airflow/example_dags/example_short_circuit_operator.py took 0.167 seconds
[2024-07-31T19:19:58.880+0000] {processor.py:161} INFO - Started process (PID=5672) to work on /home/ubuntu/airflow-venv/lib/python3.12/site-packages/airflow/example_dags/example_short_circuit_operator.py
[2024-07-31T19:19:58.881+0000] {processor.py:830} INFO - Processing file /home/ubuntu/airflow-venv/lib/python3.12/site-packages/airflow/example_dags/example_short_circuit_operator.py for tasks to queue
[2024-07-31T19:19:58.883+0000] {logging_mixin.py:188} INFO - [2024-07-31T19:19:58.883+0000] {dagbag.py:545} INFO - Filling up the DagBag from /home/ubuntu/airflow-venv/lib/python3.12/site-packages/airflow/example_dags/example_short_circuit_operator.py
[2024-07-31T19:19:58.891+0000] {processor.py:840} INFO - DAG(s) 'example_short_circuit_operator' retrieved from /home/ubuntu/airflow-venv/lib/python3.12/site-packages/airflow/example_dags/example_short_circuit_operator.py
[2024-07-31T19:19:58.911+0000] {logging_mixin.py:188} INFO - [2024-07-31T19:19:58.910+0000] {dag.py:3089} INFO - Sync 1 DAGs
[2024-07-31T19:19:58.930+0000] {logging_mixin.py:188} INFO - [2024-07-31T19:19:58.930+0000] {dag.py:3947} INFO - Setting next_dagrun for example_short_circuit_operator to 2024-07-30 00:00:00+00:00, run_after=2024-07-31 00:00:00+00:00
[2024-07-31T19:19:58.953+0000] {processor.py:183} INFO - Processing /home/ubuntu/airflow-venv/lib/python3.12/site-packages/airflow/example_dags/example_short_circuit_operator.py took 0.079 seconds
[2024-07-31T19:20:52.279+0000] {processor.py:161} INFO - Started process (PID=5729) to work on /home/ubuntu/airflow-venv/lib/python3.12/site-packages/airflow/example_dags/example_short_circuit_operator.py
[2024-07-31T19:20:52.280+0000] {processor.py:830} INFO - Processing file /home/ubuntu/airflow-venv/lib/python3.12/site-packages/airflow/example_dags/example_short_circuit_operator.py for tasks to queue
[2024-07-31T19:20:52.282+0000] {logging_mixin.py:188} INFO - [2024-07-31T19:20:52.282+0000] {dagbag.py:545} INFO - Filling up the DagBag from /home/ubuntu/airflow-venv/lib/python3.12/site-packages/airflow/example_dags/example_short_circuit_operator.py
[2024-07-31T19:20:52.290+0000] {processor.py:840} INFO - DAG(s) 'example_short_circuit_operator' retrieved from /home/ubuntu/airflow-venv/lib/python3.12/site-packages/airflow/example_dags/example_short_circuit_operator.py
[2024-07-31T19:20:52.309+0000] {logging_mixin.py:188} INFO - [2024-07-31T19:20:52.309+0000] {dag.py:3089} INFO - Sync 1 DAGs
[2024-07-31T19:20:52.329+0000] {logging_mixin.py:188} INFO - [2024-07-31T19:20:52.329+0000] {dag.py:3947} INFO - Setting next_dagrun for example_short_circuit_operator to 2024-07-30 00:00:00+00:00, run_after=2024-07-31 00:00:00+00:00
[2024-07-31T19:20:52.352+0000] {processor.py:183} INFO - Processing /home/ubuntu/airflow-venv/lib/python3.12/site-packages/airflow/example_dags/example_short_circuit_operator.py took 0.079 seconds
[2024-07-31T19:21:47.112+0000] {processor.py:161} INFO - Started process (PID=5785) to work on /home/ubuntu/airflow-venv/lib/python3.12/site-packages/airflow/example_dags/example_short_circuit_operator.py
[2024-07-31T19:21:47.113+0000] {processor.py:830} INFO - Processing file /home/ubuntu/airflow-venv/lib/python3.12/site-packages/airflow/example_dags/example_short_circuit_operator.py for tasks to queue
[2024-07-31T19:21:47.115+0000] {logging_mixin.py:188} INFO - [2024-07-31T19:21:47.115+0000] {dagbag.py:545} INFO - Filling up the DagBag from /home/ubuntu/airflow-venv/lib/python3.12/site-packages/airflow/example_dags/example_short_circuit_operator.py
[2024-07-31T19:21:47.123+0000] {processor.py:840} INFO - DAG(s) 'example_short_circuit_operator' retrieved from /home/ubuntu/airflow-venv/lib/python3.12/site-packages/airflow/example_dags/example_short_circuit_operator.py
[2024-07-31T19:21:47.141+0000] {logging_mixin.py:188} INFO - [2024-07-31T19:21:47.141+0000] {dag.py:3089} INFO - Sync 1 DAGs
[2024-07-31T19:21:47.161+0000] {logging_mixin.py:188} INFO - [2024-07-31T19:21:47.160+0000] {dag.py:3947} INFO - Setting next_dagrun for example_short_circuit_operator to 2024-07-30 00:00:00+00:00, run_after=2024-07-31 00:00:00+00:00
[2024-07-31T19:21:47.183+0000] {processor.py:183} INFO - Processing /home/ubuntu/airflow-venv/lib/python3.12/site-packages/airflow/example_dags/example_short_circuit_operator.py took 0.076 seconds
[2024-07-31T19:22:34.386+0000] {processor.py:161} INFO - Started process (PID=5833) to work on /home/ubuntu/airflow-venv/lib/python3.12/site-packages/airflow/example_dags/example_short_circuit_operator.py
[2024-07-31T19:22:34.387+0000] {processor.py:830} INFO - Processing file /home/ubuntu/airflow-venv/lib/python3.12/site-packages/airflow/example_dags/example_short_circuit_operator.py for tasks to queue
[2024-07-31T19:22:34.388+0000] {logging_mixin.py:188} INFO - [2024-07-31T19:22:34.388+0000] {dagbag.py:545} INFO - Filling up the DagBag from /home/ubuntu/airflow-venv/lib/python3.12/site-packages/airflow/example_dags/example_short_circuit_operator.py
[2024-07-31T19:22:34.397+0000] {processor.py:840} INFO - DAG(s) 'example_short_circuit_operator' retrieved from /home/ubuntu/airflow-venv/lib/python3.12/site-packages/airflow/example_dags/example_short_circuit_operator.py
[2024-07-31T19:22:34.416+0000] {logging_mixin.py:188} INFO - [2024-07-31T19:22:34.415+0000] {dag.py:3089} INFO - Sync 1 DAGs
[2024-07-31T19:22:34.435+0000] {logging_mixin.py:188} INFO - [2024-07-31T19:22:34.435+0000] {dag.py:3947} INFO - Setting next_dagrun for example_short_circuit_operator to 2024-07-30 00:00:00+00:00, run_after=2024-07-31 00:00:00+00:00
[2024-07-31T19:22:34.458+0000] {processor.py:183} INFO - Processing /home/ubuntu/airflow-venv/lib/python3.12/site-packages/airflow/example_dags/example_short_circuit_operator.py took 0.078 seconds
[2024-07-31T19:23:20.258+0000] {processor.py:161} INFO - Started process (PID=5881) to work on /home/ubuntu/airflow-venv/lib/python3.12/site-packages/airflow/example_dags/example_short_circuit_operator.py
[2024-07-31T19:23:20.259+0000] {processor.py:830} INFO - Processing file /home/ubuntu/airflow-venv/lib/python3.12/site-packages/airflow/example_dags/example_short_circuit_operator.py for tasks to queue
[2024-07-31T19:23:20.260+0000] {logging_mixin.py:188} INFO - [2024-07-31T19:23:20.260+0000] {dagbag.py:545} INFO - Filling up the DagBag from /home/ubuntu/airflow-venv/lib/python3.12/site-packages/airflow/example_dags/example_short_circuit_operator.py
[2024-07-31T19:23:20.269+0000] {processor.py:840} INFO - DAG(s) 'example_short_circuit_operator' retrieved from /home/ubuntu/airflow-venv/lib/python3.12/site-packages/airflow/example_dags/example_short_circuit_operator.py
[2024-07-31T19:23:20.288+0000] {logging_mixin.py:188} INFO - [2024-07-31T19:23:20.287+0000] {dag.py:3089} INFO - Sync 1 DAGs
[2024-07-31T19:23:20.308+0000] {logging_mixin.py:188} INFO - [2024-07-31T19:23:20.308+0000] {dag.py:3947} INFO - Setting next_dagrun for example_short_circuit_operator to 2024-07-30 00:00:00+00:00, run_after=2024-07-31 00:00:00+00:00
[2024-07-31T19:23:20.332+0000] {processor.py:183} INFO - Processing /home/ubuntu/airflow-venv/lib/python3.12/site-packages/airflow/example_dags/example_short_circuit_operator.py took 0.080 seconds
[2024-07-31T19:24:12.959+0000] {processor.py:161} INFO - Started process (PID=5941) to work on /home/ubuntu/airflow-venv/lib/python3.12/site-packages/airflow/example_dags/example_short_circuit_operator.py
[2024-07-31T19:24:12.960+0000] {processor.py:830} INFO - Processing file /home/ubuntu/airflow-venv/lib/python3.12/site-packages/airflow/example_dags/example_short_circuit_operator.py for tasks to queue
[2024-07-31T19:24:12.961+0000] {logging_mixin.py:188} INFO - [2024-07-31T19:24:12.961+0000] {dagbag.py:545} INFO - Filling up the DagBag from /home/ubuntu/airflow-venv/lib/python3.12/site-packages/airflow/example_dags/example_short_circuit_operator.py
[2024-07-31T19:24:12.970+0000] {processor.py:840} INFO - DAG(s) 'example_short_circuit_operator' retrieved from /home/ubuntu/airflow-venv/lib/python3.12/site-packages/airflow/example_dags/example_short_circuit_operator.py
[2024-07-31T19:24:12.989+0000] {logging_mixin.py:188} INFO - [2024-07-31T19:24:12.989+0000] {dag.py:3089} INFO - Sync 1 DAGs
[2024-07-31T19:24:13.009+0000] {logging_mixin.py:188} INFO - [2024-07-31T19:24:13.008+0000] {dag.py:3947} INFO - Setting next_dagrun for example_short_circuit_operator to 2024-07-30 00:00:00+00:00, run_after=2024-07-31 00:00:00+00:00
[2024-07-31T19:24:13.032+0000] {processor.py:183} INFO - Processing /home/ubuntu/airflow-venv/lib/python3.12/site-packages/airflow/example_dags/example_short_circuit_operator.py took 0.079 seconds
[2024-07-31T19:25:03.469+0000] {processor.py:161} INFO - Started process (PID=5997) to work on /home/ubuntu/airflow-venv/lib/python3.12/site-packages/airflow/example_dags/example_short_circuit_operator.py
[2024-07-31T19:25:03.471+0000] {processor.py:830} INFO - Processing file /home/ubuntu/airflow-venv/lib/python3.12/site-packages/airflow/example_dags/example_short_circuit_operator.py for tasks to queue
[2024-07-31T19:25:03.472+0000] {logging_mixin.py:188} INFO - [2024-07-31T19:25:03.472+0000] {dagbag.py:545} INFO - Filling up the DagBag from /home/ubuntu/airflow-venv/lib/python3.12/site-packages/airflow/example_dags/example_short_circuit_operator.py
[2024-07-31T19:25:03.480+0000] {processor.py:840} INFO - DAG(s) 'example_short_circuit_operator' retrieved from /home/ubuntu/airflow-venv/lib/python3.12/site-packages/airflow/example_dags/example_short_circuit_operator.py
[2024-07-31T19:25:03.500+0000] {logging_mixin.py:188} INFO - [2024-07-31T19:25:03.500+0000] {dag.py:3089} INFO - Sync 1 DAGs
[2024-07-31T19:25:03.520+0000] {logging_mixin.py:188} INFO - [2024-07-31T19:25:03.520+0000] {dag.py:3947} INFO - Setting next_dagrun for example_short_circuit_operator to 2024-07-30 00:00:00+00:00, run_after=2024-07-31 00:00:00+00:00
[2024-07-31T19:25:03.556+0000] {processor.py:183} INFO - Processing /home/ubuntu/airflow-venv/lib/python3.12/site-packages/airflow/example_dags/example_short_circuit_operator.py took 0.092 seconds
[2024-07-31T19:25:50.773+0000] {processor.py:161} INFO - Started process (PID=6046) to work on /home/ubuntu/airflow-venv/lib/python3.12/site-packages/airflow/example_dags/example_short_circuit_operator.py
[2024-07-31T19:25:50.774+0000] {processor.py:830} INFO - Processing file /home/ubuntu/airflow-venv/lib/python3.12/site-packages/airflow/example_dags/example_short_circuit_operator.py for tasks to queue
[2024-07-31T19:25:50.775+0000] {logging_mixin.py:188} INFO - [2024-07-31T19:25:50.775+0000] {dagbag.py:545} INFO - Filling up the DagBag from /home/ubuntu/airflow-venv/lib/python3.12/site-packages/airflow/example_dags/example_short_circuit_operator.py
[2024-07-31T19:25:50.784+0000] {processor.py:840} INFO - DAG(s) 'example_short_circuit_operator' retrieved from /home/ubuntu/airflow-venv/lib/python3.12/site-packages/airflow/example_dags/example_short_circuit_operator.py
[2024-07-31T19:25:50.803+0000] {logging_mixin.py:188} INFO - [2024-07-31T19:25:50.803+0000] {dag.py:3089} INFO - Sync 1 DAGs
[2024-07-31T19:25:50.823+0000] {logging_mixin.py:188} INFO - [2024-07-31T19:25:50.823+0000] {dag.py:3947} INFO - Setting next_dagrun for example_short_circuit_operator to 2024-07-30 00:00:00+00:00, run_after=2024-07-31 00:00:00+00:00
[2024-07-31T19:25:50.848+0000] {processor.py:183} INFO - Processing /home/ubuntu/airflow-venv/lib/python3.12/site-packages/airflow/example_dags/example_short_circuit_operator.py took 0.081 seconds
[2024-07-31T19:26:34.984+0000] {processor.py:161} INFO - Started process (PID=6093) to work on /home/ubuntu/airflow-venv/lib/python3.12/site-packages/airflow/example_dags/example_short_circuit_operator.py
[2024-07-31T19:26:34.986+0000] {processor.py:830} INFO - Processing file /home/ubuntu/airflow-venv/lib/python3.12/site-packages/airflow/example_dags/example_short_circuit_operator.py for tasks to queue
[2024-07-31T19:26:34.987+0000] {logging_mixin.py:188} INFO - [2024-07-31T19:26:34.986+0000] {dagbag.py:545} INFO - Filling up the DagBag from /home/ubuntu/airflow-venv/lib/python3.12/site-packages/airflow/example_dags/example_short_circuit_operator.py
[2024-07-31T19:26:34.995+0000] {processor.py:840} INFO - DAG(s) 'example_short_circuit_operator' retrieved from /home/ubuntu/airflow-venv/lib/python3.12/site-packages/airflow/example_dags/example_short_circuit_operator.py
[2024-07-31T19:26:35.014+0000] {logging_mixin.py:188} INFO - [2024-07-31T19:26:35.014+0000] {dag.py:3089} INFO - Sync 1 DAGs
[2024-07-31T19:26:35.034+0000] {logging_mixin.py:188} INFO - [2024-07-31T19:26:35.034+0000] {dag.py:3947} INFO - Setting next_dagrun for example_short_circuit_operator to 2024-07-30 00:00:00+00:00, run_after=2024-07-31 00:00:00+00:00
[2024-07-31T19:26:35.056+0000] {processor.py:183} INFO - Processing /home/ubuntu/airflow-venv/lib/python3.12/site-packages/airflow/example_dags/example_short_circuit_operator.py took 0.078 seconds
[2024-07-31T19:27:41.721+0000] {processor.py:161} INFO - Started process (PID=6165) to work on /home/ubuntu/airflow-venv/lib/python3.12/site-packages/airflow/example_dags/example_short_circuit_operator.py
[2024-07-31T19:27:41.722+0000] {processor.py:830} INFO - Processing file /home/ubuntu/airflow-venv/lib/python3.12/site-packages/airflow/example_dags/example_short_circuit_operator.py for tasks to queue
[2024-07-31T19:27:41.723+0000] {logging_mixin.py:188} INFO - [2024-07-31T19:27:41.723+0000] {dagbag.py:545} INFO - Filling up the DagBag from /home/ubuntu/airflow-venv/lib/python3.12/site-packages/airflow/example_dags/example_short_circuit_operator.py
[2024-07-31T19:27:41.731+0000] {processor.py:840} INFO - DAG(s) 'example_short_circuit_operator' retrieved from /home/ubuntu/airflow-venv/lib/python3.12/site-packages/airflow/example_dags/example_short_circuit_operator.py
[2024-07-31T19:27:41.751+0000] {logging_mixin.py:188} INFO - [2024-07-31T19:27:41.750+0000] {dag.py:3089} INFO - Sync 1 DAGs
[2024-07-31T19:27:41.770+0000] {logging_mixin.py:188} INFO - [2024-07-31T19:27:41.770+0000] {dag.py:3947} INFO - Setting next_dagrun for example_short_circuit_operator to 2024-07-30 00:00:00+00:00, run_after=2024-07-31 00:00:00+00:00
[2024-07-31T19:27:41.794+0000] {processor.py:183} INFO - Processing /home/ubuntu/airflow-venv/lib/python3.12/site-packages/airflow/example_dags/example_short_circuit_operator.py took 0.079 seconds
[2024-07-31T19:28:33.663+0000] {processor.py:161} INFO - Started process (PID=6219) to work on /home/ubuntu/airflow-venv/lib/python3.12/site-packages/airflow/example_dags/example_short_circuit_operator.py
[2024-07-31T19:28:33.665+0000] {processor.py:830} INFO - Processing file /home/ubuntu/airflow-venv/lib/python3.12/site-packages/airflow/example_dags/example_short_circuit_operator.py for tasks to queue
[2024-07-31T19:28:33.665+0000] {logging_mixin.py:188} INFO - [2024-07-31T19:28:33.665+0000] {dagbag.py:545} INFO - Filling up the DagBag from /home/ubuntu/airflow-venv/lib/python3.12/site-packages/airflow/example_dags/example_short_circuit_operator.py
[2024-07-31T19:28:33.674+0000] {processor.py:840} INFO - DAG(s) 'example_short_circuit_operator' retrieved from /home/ubuntu/airflow-venv/lib/python3.12/site-packages/airflow/example_dags/example_short_circuit_operator.py
[2024-07-31T19:28:33.694+0000] {logging_mixin.py:188} INFO - [2024-07-31T19:28:33.694+0000] {dag.py:3089} INFO - Sync 1 DAGs
[2024-07-31T19:28:33.716+0000] {logging_mixin.py:188} INFO - [2024-07-31T19:28:33.716+0000] {dag.py:3947} INFO - Setting next_dagrun for example_short_circuit_operator to 2024-07-30 00:00:00+00:00, run_after=2024-07-31 00:00:00+00:00
[2024-07-31T19:28:33.741+0000] {processor.py:183} INFO - Processing /home/ubuntu/airflow-venv/lib/python3.12/site-packages/airflow/example_dags/example_short_circuit_operator.py took 0.084 seconds
[2024-07-31T19:29:20.165+0000] {processor.py:161} INFO - Started process (PID=6265) to work on /home/ubuntu/airflow-venv/lib/python3.12/site-packages/airflow/example_dags/example_short_circuit_operator.py
[2024-07-31T19:29:20.166+0000] {processor.py:830} INFO - Processing file /home/ubuntu/airflow-venv/lib/python3.12/site-packages/airflow/example_dags/example_short_circuit_operator.py for tasks to queue
[2024-07-31T19:29:20.167+0000] {logging_mixin.py:188} INFO - [2024-07-31T19:29:20.167+0000] {dagbag.py:545} INFO - Filling up the DagBag from /home/ubuntu/airflow-venv/lib/python3.12/site-packages/airflow/example_dags/example_short_circuit_operator.py
[2024-07-31T19:29:20.176+0000] {processor.py:840} INFO - DAG(s) 'example_short_circuit_operator' retrieved from /home/ubuntu/airflow-venv/lib/python3.12/site-packages/airflow/example_dags/example_short_circuit_operator.py
[2024-07-31T19:29:20.195+0000] {logging_mixin.py:188} INFO - [2024-07-31T19:29:20.195+0000] {dag.py:3089} INFO - Sync 1 DAGs
[2024-07-31T19:29:20.215+0000] {logging_mixin.py:188} INFO - [2024-07-31T19:29:20.215+0000] {dag.py:3947} INFO - Setting next_dagrun for example_short_circuit_operator to 2024-07-30 00:00:00+00:00, run_after=2024-07-31 00:00:00+00:00
[2024-07-31T19:29:20.237+0000] {processor.py:183} INFO - Processing /home/ubuntu/airflow-venv/lib/python3.12/site-packages/airflow/example_dags/example_short_circuit_operator.py took 0.078 seconds
[2024-07-31T19:30:04.507+0000] {processor.py:161} INFO - Started process (PID=6320) to work on /home/ubuntu/airflow-venv/lib/python3.12/site-packages/airflow/example_dags/example_short_circuit_operator.py
[2024-07-31T19:30:04.508+0000] {processor.py:830} INFO - Processing file /home/ubuntu/airflow-venv/lib/python3.12/site-packages/airflow/example_dags/example_short_circuit_operator.py for tasks to queue
[2024-07-31T19:30:04.509+0000] {logging_mixin.py:188} INFO - [2024-07-31T19:30:04.508+0000] {dagbag.py:545} INFO - Filling up the DagBag from /home/ubuntu/airflow-venv/lib/python3.12/site-packages/airflow/example_dags/example_short_circuit_operator.py
[2024-07-31T19:30:04.517+0000] {processor.py:840} INFO - DAG(s) 'example_short_circuit_operator' retrieved from /home/ubuntu/airflow-venv/lib/python3.12/site-packages/airflow/example_dags/example_short_circuit_operator.py
[2024-07-31T19:30:04.537+0000] {logging_mixin.py:188} INFO - [2024-07-31T19:30:04.537+0000] {dag.py:3089} INFO - Sync 1 DAGs
[2024-07-31T19:30:04.557+0000] {logging_mixin.py:188} INFO - [2024-07-31T19:30:04.556+0000] {dag.py:3947} INFO - Setting next_dagrun for example_short_circuit_operator to 2024-07-30 00:00:00+00:00, run_after=2024-07-31 00:00:00+00:00
[2024-07-31T19:30:04.580+0000] {processor.py:183} INFO - Processing /home/ubuntu/airflow-venv/lib/python3.12/site-packages/airflow/example_dags/example_short_circuit_operator.py took 0.079 seconds
[2024-07-31T19:30:50.491+0000] {processor.py:161} INFO - Started process (PID=6366) to work on /home/ubuntu/airflow-venv/lib/python3.12/site-packages/airflow/example_dags/example_short_circuit_operator.py
[2024-07-31T19:30:50.492+0000] {processor.py:830} INFO - Processing file /home/ubuntu/airflow-venv/lib/python3.12/site-packages/airflow/example_dags/example_short_circuit_operator.py for tasks to queue
[2024-07-31T19:30:50.493+0000] {logging_mixin.py:188} INFO - [2024-07-31T19:30:50.493+0000] {dagbag.py:545} INFO - Filling up the DagBag from /home/ubuntu/airflow-venv/lib/python3.12/site-packages/airflow/example_dags/example_short_circuit_operator.py
[2024-07-31T19:30:50.501+0000] {processor.py:840} INFO - DAG(s) 'example_short_circuit_operator' retrieved from /home/ubuntu/airflow-venv/lib/python3.12/site-packages/airflow/example_dags/example_short_circuit_operator.py
[2024-07-31T19:30:50.520+0000] {logging_mixin.py:188} INFO - [2024-07-31T19:30:50.520+0000] {dag.py:3089} INFO - Sync 1 DAGs
[2024-07-31T19:30:50.540+0000] {logging_mixin.py:188} INFO - [2024-07-31T19:30:50.540+0000] {dag.py:3947} INFO - Setting next_dagrun for example_short_circuit_operator to 2024-07-30 00:00:00+00:00, run_after=2024-07-31 00:00:00+00:00
[2024-07-31T19:30:50.563+0000] {processor.py:183} INFO - Processing /home/ubuntu/airflow-venv/lib/python3.12/site-packages/airflow/example_dags/example_short_circuit_operator.py took 0.078 seconds
[2024-07-31T19:31:43.096+0000] {processor.py:161} INFO - Started process (PID=6423) to work on /home/ubuntu/airflow-venv/lib/python3.12/site-packages/airflow/example_dags/example_short_circuit_operator.py
[2024-07-31T19:31:43.097+0000] {processor.py:830} INFO - Processing file /home/ubuntu/airflow-venv/lib/python3.12/site-packages/airflow/example_dags/example_short_circuit_operator.py for tasks to queue
[2024-07-31T19:31:43.098+0000] {logging_mixin.py:188} INFO - [2024-07-31T19:31:43.098+0000] {dagbag.py:545} INFO - Filling up the DagBag from /home/ubuntu/airflow-venv/lib/python3.12/site-packages/airflow/example_dags/example_short_circuit_operator.py
[2024-07-31T19:31:43.107+0000] {processor.py:840} INFO - DAG(s) 'example_short_circuit_operator' retrieved from /home/ubuntu/airflow-venv/lib/python3.12/site-packages/airflow/example_dags/example_short_circuit_operator.py
[2024-07-31T19:31:43.126+0000] {logging_mixin.py:188} INFO - [2024-07-31T19:31:43.126+0000] {dag.py:3089} INFO - Sync 1 DAGs
[2024-07-31T19:31:43.147+0000] {logging_mixin.py:188} INFO - [2024-07-31T19:31:43.146+0000] {dag.py:3947} INFO - Setting next_dagrun for example_short_circuit_operator to 2024-07-30 00:00:00+00:00, run_after=2024-07-31 00:00:00+00:00
[2024-07-31T19:31:43.170+0000] {processor.py:183} INFO - Processing /home/ubuntu/airflow-venv/lib/python3.12/site-packages/airflow/example_dags/example_short_circuit_operator.py took 0.080 seconds
[2024-07-31T19:32:52.850+0000] {processor.py:161} INFO - Started process (PID=6499) to work on /home/ubuntu/airflow-venv/lib/python3.12/site-packages/airflow/example_dags/example_short_circuit_operator.py
[2024-07-31T19:32:52.852+0000] {processor.py:830} INFO - Processing file /home/ubuntu/airflow-venv/lib/python3.12/site-packages/airflow/example_dags/example_short_circuit_operator.py for tasks to queue
[2024-07-31T19:32:52.853+0000] {logging_mixin.py:188} INFO - [2024-07-31T19:32:52.852+0000] {dagbag.py:545} INFO - Filling up the DagBag from /home/ubuntu/airflow-venv/lib/python3.12/site-packages/airflow/example_dags/example_short_circuit_operator.py
[2024-07-31T19:32:52.861+0000] {processor.py:840} INFO - DAG(s) 'example_short_circuit_operator' retrieved from /home/ubuntu/airflow-venv/lib/python3.12/site-packages/airflow/example_dags/example_short_circuit_operator.py
[2024-07-31T19:32:52.880+0000] {logging_mixin.py:188} INFO - [2024-07-31T19:32:52.880+0000] {dag.py:3089} INFO - Sync 1 DAGs
[2024-07-31T19:32:52.900+0000] {logging_mixin.py:188} INFO - [2024-07-31T19:32:52.899+0000] {dag.py:3947} INFO - Setting next_dagrun for example_short_circuit_operator to 2024-07-30 00:00:00+00:00, run_after=2024-07-31 00:00:00+00:00
[2024-07-31T19:32:52.925+0000] {processor.py:183} INFO - Processing /home/ubuntu/airflow-venv/lib/python3.12/site-packages/airflow/example_dags/example_short_circuit_operator.py took 0.080 seconds
[2024-07-31T19:34:04.021+0000] {processor.py:161} INFO - Started process (PID=6576) to work on /home/ubuntu/airflow-venv/lib/python3.12/site-packages/airflow/example_dags/example_short_circuit_operator.py
[2024-07-31T19:34:04.023+0000] {processor.py:830} INFO - Processing file /home/ubuntu/airflow-venv/lib/python3.12/site-packages/airflow/example_dags/example_short_circuit_operator.py for tasks to queue
[2024-07-31T19:34:04.024+0000] {logging_mixin.py:188} INFO - [2024-07-31T19:34:04.023+0000] {dagbag.py:545} INFO - Filling up the DagBag from /home/ubuntu/airflow-venv/lib/python3.12/site-packages/airflow/example_dags/example_short_circuit_operator.py
[2024-07-31T19:34:04.032+0000] {processor.py:840} INFO - DAG(s) 'example_short_circuit_operator' retrieved from /home/ubuntu/airflow-venv/lib/python3.12/site-packages/airflow/example_dags/example_short_circuit_operator.py
[2024-07-31T19:34:04.052+0000] {logging_mixin.py:188} INFO - [2024-07-31T19:34:04.051+0000] {dag.py:3089} INFO - Sync 1 DAGs
[2024-07-31T19:34:04.072+0000] {logging_mixin.py:188} INFO - [2024-07-31T19:34:04.072+0000] {dag.py:3947} INFO - Setting next_dagrun for example_short_circuit_operator to 2024-07-30 00:00:00+00:00, run_after=2024-07-31 00:00:00+00:00
[2024-07-31T19:34:04.096+0000] {processor.py:183} INFO - Processing /home/ubuntu/airflow-venv/lib/python3.12/site-packages/airflow/example_dags/example_short_circuit_operator.py took 0.080 seconds
