[2024-07-31T18:43:01.919+0000] {processor.py:161} INFO - Started process (PID=3442) to work on /home/ubuntu/airflow-venv/lib/python3.12/site-packages/airflow/example_dags/example_xcom.py
[2024-07-31T18:43:01.920+0000] {processor.py:830} INFO - Processing file /home/ubuntu/airflow-venv/lib/python3.12/site-packages/airflow/example_dags/example_xcom.py for tasks to queue
[2024-07-31T18:43:01.922+0000] {logging_mixin.py:188} INFO - [2024-07-31T18:43:01.921+0000] {dagbag.py:545} INFO - Filling up the DagBag from /home/ubuntu/airflow-venv/lib/python3.12/site-packages/airflow/example_dags/example_xcom.py
[2024-07-31T18:43:01.932+0000] {processor.py:840} INFO - DAG(s) 'example_xcom' retrieved from /home/ubuntu/airflow-venv/lib/python3.12/site-packages/airflow/example_dags/example_xcom.py
[2024-07-31T18:43:02.056+0000] {logging_mixin.py:188} INFO - [2024-07-31T18:43:02.056+0000] {override.py:1858} INFO - Created Permission View: can edit on DAG:example_xcom
[2024-07-31T18:43:02.073+0000] {logging_mixin.py:188} INFO - [2024-07-31T18:43:02.072+0000] {override.py:1858} INFO - Created Permission View: can read on DAG:example_xcom
[2024-07-31T18:43:02.083+0000] {logging_mixin.py:188} INFO - [2024-07-31T18:43:02.082+0000] {override.py:1858} INFO - Created Permission View: can delete on DAG:example_xcom
[2024-07-31T18:43:02.083+0000] {logging_mixin.py:188} INFO - [2024-07-31T18:43:02.083+0000] {dag.py:3089} INFO - Sync 1 DAGs
[2024-07-31T18:43:02.094+0000] {logging_mixin.py:188} INFO - [2024-07-31T18:43:02.093+0000] {dag.py:3111} INFO - Creating ORM DAG for example_xcom
[2024-07-31T18:43:02.102+0000] {logging_mixin.py:188} INFO - [2024-07-31T18:43:02.102+0000] {dag.py:3947} INFO - Setting next_dagrun for example_xcom to 2021-01-01 00:00:00+00:00, run_after=2021-01-01 00:00:00+00:00
[2024-07-31T18:43:02.126+0000] {processor.py:183} INFO - Processing /home/ubuntu/airflow-venv/lib/python3.12/site-packages/airflow/example_dags/example_xcom.py took 0.212 seconds
[2024-07-31T18:44:01.641+0000] {processor.py:161} INFO - Started process (PID=3519) to work on /home/ubuntu/airflow-venv/lib/python3.12/site-packages/airflow/example_dags/example_xcom.py
[2024-07-31T18:44:01.643+0000] {processor.py:830} INFO - Processing file /home/ubuntu/airflow-venv/lib/python3.12/site-packages/airflow/example_dags/example_xcom.py for tasks to queue
[2024-07-31T18:44:01.644+0000] {logging_mixin.py:188} INFO - [2024-07-31T18:44:01.644+0000] {dagbag.py:545} INFO - Filling up the DagBag from /home/ubuntu/airflow-venv/lib/python3.12/site-packages/airflow/example_dags/example_xcom.py
[2024-07-31T18:44:01.653+0000] {processor.py:840} INFO - DAG(s) 'example_xcom' retrieved from /home/ubuntu/airflow-venv/lib/python3.12/site-packages/airflow/example_dags/example_xcom.py
[2024-07-31T18:44:01.670+0000] {logging_mixin.py:188} INFO - [2024-07-31T18:44:01.669+0000] {dag.py:3089} INFO - Sync 1 DAGs
[2024-07-31T18:44:01.690+0000] {logging_mixin.py:188} INFO - [2024-07-31T18:44:01.690+0000] {dag.py:3947} INFO - Setting next_dagrun for example_xcom to 2021-01-01 00:00:00+00:00, run_after=2021-01-01 00:00:00+00:00
[2024-07-31T18:44:01.819+0000] {processor.py:183} INFO - Processing /home/ubuntu/airflow-venv/lib/python3.12/site-packages/airflow/example_dags/example_xcom.py took 0.183 seconds
[2024-07-31T18:44:49.819+0000] {processor.py:161} INFO - Started process (PID=3573) to work on /home/ubuntu/airflow-venv/lib/python3.12/site-packages/airflow/example_dags/example_xcom.py
[2024-07-31T18:44:49.821+0000] {processor.py:830} INFO - Processing file /home/ubuntu/airflow-venv/lib/python3.12/site-packages/airflow/example_dags/example_xcom.py for tasks to queue
[2024-07-31T18:44:49.822+0000] {logging_mixin.py:188} INFO - [2024-07-31T18:44:49.822+0000] {dagbag.py:545} INFO - Filling up the DagBag from /home/ubuntu/airflow-venv/lib/python3.12/site-packages/airflow/example_dags/example_xcom.py
[2024-07-31T18:44:49.830+0000] {processor.py:840} INFO - DAG(s) 'example_xcom' retrieved from /home/ubuntu/airflow-venv/lib/python3.12/site-packages/airflow/example_dags/example_xcom.py
[2024-07-31T18:44:49.847+0000] {logging_mixin.py:188} INFO - [2024-07-31T18:44:49.847+0000] {dag.py:3089} INFO - Sync 1 DAGs
[2024-07-31T18:44:49.876+0000] {logging_mixin.py:188} INFO - [2024-07-31T18:44:49.876+0000] {dag.py:3947} INFO - Setting next_dagrun for example_xcom to 2021-01-01 00:00:00+00:00, run_after=2021-01-01 00:00:00+00:00
[2024-07-31T18:44:49.899+0000] {processor.py:183} INFO - Processing /home/ubuntu/airflow-venv/lib/python3.12/site-packages/airflow/example_dags/example_xcom.py took 0.085 seconds
[2024-07-31T18:45:30.450+0000] {processor.py:161} INFO - Started process (PID=3622) to work on /home/ubuntu/airflow-venv/lib/python3.12/site-packages/airflow/example_dags/example_xcom.py
[2024-07-31T18:45:30.452+0000] {processor.py:830} INFO - Processing file /home/ubuntu/airflow-venv/lib/python3.12/site-packages/airflow/example_dags/example_xcom.py for tasks to queue
[2024-07-31T18:45:30.453+0000] {logging_mixin.py:188} INFO - [2024-07-31T18:45:30.453+0000] {dagbag.py:545} INFO - Filling up the DagBag from /home/ubuntu/airflow-venv/lib/python3.12/site-packages/airflow/example_dags/example_xcom.py
[2024-07-31T18:45:30.461+0000] {processor.py:840} INFO - DAG(s) 'example_xcom' retrieved from /home/ubuntu/airflow-venv/lib/python3.12/site-packages/airflow/example_dags/example_xcom.py
[2024-07-31T18:45:30.478+0000] {logging_mixin.py:188} INFO - [2024-07-31T18:45:30.478+0000] {dag.py:3089} INFO - Sync 1 DAGs
[2024-07-31T18:45:30.498+0000] {logging_mixin.py:188} INFO - [2024-07-31T18:45:30.498+0000] {dag.py:3947} INFO - Setting next_dagrun for example_xcom to 2021-01-01 00:00:00+00:00, run_after=2021-01-01 00:00:00+00:00
[2024-07-31T18:45:30.521+0000] {processor.py:183} INFO - Processing /home/ubuntu/airflow-venv/lib/python3.12/site-packages/airflow/example_dags/example_xcom.py took 0.077 seconds
[2024-07-31T18:46:13.289+0000] {processor.py:161} INFO - Started process (PID=3667) to work on /home/ubuntu/airflow-venv/lib/python3.12/site-packages/airflow/example_dags/example_xcom.py
[2024-07-31T18:46:13.290+0000] {processor.py:830} INFO - Processing file /home/ubuntu/airflow-venv/lib/python3.12/site-packages/airflow/example_dags/example_xcom.py for tasks to queue
[2024-07-31T18:46:13.292+0000] {logging_mixin.py:188} INFO - [2024-07-31T18:46:13.291+0000] {dagbag.py:545} INFO - Filling up the DagBag from /home/ubuntu/airflow-venv/lib/python3.12/site-packages/airflow/example_dags/example_xcom.py
[2024-07-31T18:46:13.300+0000] {processor.py:840} INFO - DAG(s) 'example_xcom' retrieved from /home/ubuntu/airflow-venv/lib/python3.12/site-packages/airflow/example_dags/example_xcom.py
[2024-07-31T18:46:13.317+0000] {logging_mixin.py:188} INFO - [2024-07-31T18:46:13.317+0000] {dag.py:3089} INFO - Sync 1 DAGs
[2024-07-31T18:46:13.336+0000] {logging_mixin.py:188} INFO - [2024-07-31T18:46:13.336+0000] {dag.py:3947} INFO - Setting next_dagrun for example_xcom to 2021-01-01 00:00:00+00:00, run_after=2021-01-01 00:00:00+00:00
[2024-07-31T18:46:13.361+0000] {processor.py:183} INFO - Processing /home/ubuntu/airflow-venv/lib/python3.12/site-packages/airflow/example_dags/example_xcom.py took 0.078 seconds
[2024-07-31T18:46:53.532+0000] {processor.py:161} INFO - Started process (PID=3902) to work on /home/ubuntu/airflow-venv/lib/python3.12/site-packages/airflow/example_dags/example_xcom.py
[2024-07-31T18:46:53.534+0000] {processor.py:830} INFO - Processing file /home/ubuntu/airflow-venv/lib/python3.12/site-packages/airflow/example_dags/example_xcom.py for tasks to queue
[2024-07-31T18:46:53.535+0000] {logging_mixin.py:188} INFO - [2024-07-31T18:46:53.535+0000] {dagbag.py:545} INFO - Filling up the DagBag from /home/ubuntu/airflow-venv/lib/python3.12/site-packages/airflow/example_dags/example_xcom.py
[2024-07-31T18:46:53.543+0000] {processor.py:840} INFO - DAG(s) 'example_xcom' retrieved from /home/ubuntu/airflow-venv/lib/python3.12/site-packages/airflow/example_dags/example_xcom.py
[2024-07-31T18:46:53.560+0000] {logging_mixin.py:188} INFO - [2024-07-31T18:46:53.559+0000] {dag.py:3089} INFO - Sync 1 DAGs
[2024-07-31T18:46:53.578+0000] {logging_mixin.py:188} INFO - [2024-07-31T18:46:53.578+0000] {dag.py:3947} INFO - Setting next_dagrun for example_xcom to 2021-01-01 00:00:00+00:00, run_after=2021-01-01 00:00:00+00:00
[2024-07-31T18:46:53.600+0000] {processor.py:183} INFO - Processing /home/ubuntu/airflow-venv/lib/python3.12/site-packages/airflow/example_dags/example_xcom.py took 0.074 seconds
[2024-07-31T18:47:44.757+0000] {processor.py:161} INFO - Started process (PID=3955) to work on /home/ubuntu/airflow-venv/lib/python3.12/site-packages/airflow/example_dags/example_xcom.py
[2024-07-31T18:47:44.758+0000] {processor.py:830} INFO - Processing file /home/ubuntu/airflow-venv/lib/python3.12/site-packages/airflow/example_dags/example_xcom.py for tasks to queue
[2024-07-31T18:47:44.759+0000] {logging_mixin.py:188} INFO - [2024-07-31T18:47:44.759+0000] {dagbag.py:545} INFO - Filling up the DagBag from /home/ubuntu/airflow-venv/lib/python3.12/site-packages/airflow/example_dags/example_xcom.py
[2024-07-31T18:47:44.767+0000] {processor.py:840} INFO - DAG(s) 'example_xcom' retrieved from /home/ubuntu/airflow-venv/lib/python3.12/site-packages/airflow/example_dags/example_xcom.py
[2024-07-31T18:47:44.784+0000] {logging_mixin.py:188} INFO - [2024-07-31T18:47:44.784+0000] {dag.py:3089} INFO - Sync 1 DAGs
[2024-07-31T18:47:44.804+0000] {logging_mixin.py:188} INFO - [2024-07-31T18:47:44.803+0000] {dag.py:3947} INFO - Setting next_dagrun for example_xcom to 2021-01-01 00:00:00+00:00, run_after=2021-01-01 00:00:00+00:00
[2024-07-31T18:47:44.827+0000] {processor.py:183} INFO - Processing /home/ubuntu/airflow-venv/lib/python3.12/site-packages/airflow/example_dags/example_xcom.py took 0.077 seconds
[2024-07-31T18:48:19.767+0000] {processor.py:161} INFO - Started process (PID=4163) to work on /home/ubuntu/airflow-venv/lib/python3.12/site-packages/airflow/example_dags/example_xcom.py
[2024-07-31T18:48:19.769+0000] {processor.py:830} INFO - Processing file /home/ubuntu/airflow-venv/lib/python3.12/site-packages/airflow/example_dags/example_xcom.py for tasks to queue
[2024-07-31T18:48:19.771+0000] {logging_mixin.py:188} INFO - [2024-07-31T18:48:19.770+0000] {dagbag.py:545} INFO - Filling up the DagBag from /home/ubuntu/airflow-venv/lib/python3.12/site-packages/airflow/example_dags/example_xcom.py
[2024-07-31T18:48:19.778+0000] {processor.py:840} INFO - DAG(s) 'example_xcom' retrieved from /home/ubuntu/airflow-venv/lib/python3.12/site-packages/airflow/example_dags/example_xcom.py
[2024-07-31T18:48:19.795+0000] {logging_mixin.py:188} INFO - [2024-07-31T18:48:19.795+0000] {dag.py:3089} INFO - Sync 1 DAGs
[2024-07-31T18:48:19.813+0000] {logging_mixin.py:188} INFO - [2024-07-31T18:48:19.813+0000] {dag.py:3947} INFO - Setting next_dagrun for example_xcom to 2021-01-01 00:00:00+00:00, run_after=2021-01-01 00:00:00+00:00
[2024-07-31T18:48:19.835+0000] {processor.py:183} INFO - Processing /home/ubuntu/airflow-venv/lib/python3.12/site-packages/airflow/example_dags/example_xcom.py took 0.074 seconds
[2024-07-31T18:49:01.992+0000] {processor.py:161} INFO - Started process (PID=4206) to work on /home/ubuntu/airflow-venv/lib/python3.12/site-packages/airflow/example_dags/example_xcom.py
[2024-07-31T18:49:01.993+0000] {processor.py:830} INFO - Processing file /home/ubuntu/airflow-venv/lib/python3.12/site-packages/airflow/example_dags/example_xcom.py for tasks to queue
[2024-07-31T18:49:01.995+0000] {logging_mixin.py:188} INFO - [2024-07-31T18:49:01.995+0000] {dagbag.py:545} INFO - Filling up the DagBag from /home/ubuntu/airflow-venv/lib/python3.12/site-packages/airflow/example_dags/example_xcom.py
[2024-07-31T18:49:02.004+0000] {processor.py:840} INFO - DAG(s) 'example_xcom' retrieved from /home/ubuntu/airflow-venv/lib/python3.12/site-packages/airflow/example_dags/example_xcom.py
[2024-07-31T18:49:02.022+0000] {logging_mixin.py:188} INFO - [2024-07-31T18:49:02.022+0000] {dag.py:3089} INFO - Sync 1 DAGs
[2024-07-31T18:49:02.042+0000] {logging_mixin.py:188} INFO - [2024-07-31T18:49:02.042+0000] {dag.py:3947} INFO - Setting next_dagrun for example_xcom to 2021-01-01 00:00:00+00:00, run_after=2021-01-01 00:00:00+00:00
[2024-07-31T18:49:02.066+0000] {processor.py:183} INFO - Processing /home/ubuntu/airflow-venv/lib/python3.12/site-packages/airflow/example_dags/example_xcom.py took 0.080 seconds
[2024-07-31T18:49:41.620+0000] {processor.py:161} INFO - Started process (PID=4248) to work on /home/ubuntu/airflow-venv/lib/python3.12/site-packages/airflow/example_dags/example_xcom.py
[2024-07-31T18:49:41.622+0000] {processor.py:830} INFO - Processing file /home/ubuntu/airflow-venv/lib/python3.12/site-packages/airflow/example_dags/example_xcom.py for tasks to queue
[2024-07-31T18:49:41.623+0000] {logging_mixin.py:188} INFO - [2024-07-31T18:49:41.623+0000] {dagbag.py:545} INFO - Filling up the DagBag from /home/ubuntu/airflow-venv/lib/python3.12/site-packages/airflow/example_dags/example_xcom.py
[2024-07-31T18:49:41.631+0000] {processor.py:840} INFO - DAG(s) 'example_xcom' retrieved from /home/ubuntu/airflow-venv/lib/python3.12/site-packages/airflow/example_dags/example_xcom.py
[2024-07-31T18:49:41.648+0000] {logging_mixin.py:188} INFO - [2024-07-31T18:49:41.648+0000] {dag.py:3089} INFO - Sync 1 DAGs
[2024-07-31T18:49:41.667+0000] {logging_mixin.py:188} INFO - [2024-07-31T18:49:41.666+0000] {dag.py:3947} INFO - Setting next_dagrun for example_xcom to 2021-01-01 00:00:00+00:00, run_after=2021-01-01 00:00:00+00:00
[2024-07-31T18:49:41.690+0000] {processor.py:183} INFO - Processing /home/ubuntu/airflow-venv/lib/python3.12/site-packages/airflow/example_dags/example_xcom.py took 0.075 seconds
[2024-07-31T18:50:21.873+0000] {processor.py:161} INFO - Started process (PID=4294) to work on /home/ubuntu/airflow-venv/lib/python3.12/site-packages/airflow/example_dags/example_xcom.py
[2024-07-31T18:50:21.875+0000] {processor.py:830} INFO - Processing file /home/ubuntu/airflow-venv/lib/python3.12/site-packages/airflow/example_dags/example_xcom.py for tasks to queue
[2024-07-31T18:50:21.876+0000] {logging_mixin.py:188} INFO - [2024-07-31T18:50:21.876+0000] {dagbag.py:545} INFO - Filling up the DagBag from /home/ubuntu/airflow-venv/lib/python3.12/site-packages/airflow/example_dags/example_xcom.py
[2024-07-31T18:50:21.885+0000] {processor.py:840} INFO - DAG(s) 'example_xcom' retrieved from /home/ubuntu/airflow-venv/lib/python3.12/site-packages/airflow/example_dags/example_xcom.py
[2024-07-31T18:50:21.902+0000] {logging_mixin.py:188} INFO - [2024-07-31T18:50:21.902+0000] {dag.py:3089} INFO - Sync 1 DAGs
[2024-07-31T18:50:21.923+0000] {logging_mixin.py:188} INFO - [2024-07-31T18:50:21.923+0000] {dag.py:3947} INFO - Setting next_dagrun for example_xcom to 2021-01-01 00:00:00+00:00, run_after=2021-01-01 00:00:00+00:00
[2024-07-31T18:50:21.951+0000] {processor.py:183} INFO - Processing /home/ubuntu/airflow-venv/lib/python3.12/site-packages/airflow/example_dags/example_xcom.py took 0.084 seconds
[2024-07-31T18:51:01.840+0000] {processor.py:161} INFO - Started process (PID=4338) to work on /home/ubuntu/airflow-venv/lib/python3.12/site-packages/airflow/example_dags/example_xcom.py
[2024-07-31T18:51:01.842+0000] {processor.py:830} INFO - Processing file /home/ubuntu/airflow-venv/lib/python3.12/site-packages/airflow/example_dags/example_xcom.py for tasks to queue
[2024-07-31T18:51:01.843+0000] {logging_mixin.py:188} INFO - [2024-07-31T18:51:01.843+0000] {dagbag.py:545} INFO - Filling up the DagBag from /home/ubuntu/airflow-venv/lib/python3.12/site-packages/airflow/example_dags/example_xcom.py
[2024-07-31T18:51:01.851+0000] {processor.py:840} INFO - DAG(s) 'example_xcom' retrieved from /home/ubuntu/airflow-venv/lib/python3.12/site-packages/airflow/example_dags/example_xcom.py
[2024-07-31T18:51:01.868+0000] {logging_mixin.py:188} INFO - [2024-07-31T18:51:01.868+0000] {dag.py:3089} INFO - Sync 1 DAGs
[2024-07-31T18:51:01.888+0000] {logging_mixin.py:188} INFO - [2024-07-31T18:51:01.888+0000] {dag.py:3947} INFO - Setting next_dagrun for example_xcom to 2021-01-01 00:00:00+00:00, run_after=2021-01-01 00:00:00+00:00
[2024-07-31T18:51:01.911+0000] {processor.py:183} INFO - Processing /home/ubuntu/airflow-venv/lib/python3.12/site-packages/airflow/example_dags/example_xcom.py took 0.077 seconds
[2024-07-31T18:51:40.138+0000] {processor.py:161} INFO - Started process (PID=4378) to work on /home/ubuntu/airflow-venv/lib/python3.12/site-packages/airflow/example_dags/example_xcom.py
[2024-07-31T18:51:40.140+0000] {processor.py:830} INFO - Processing file /home/ubuntu/airflow-venv/lib/python3.12/site-packages/airflow/example_dags/example_xcom.py for tasks to queue
[2024-07-31T18:51:40.142+0000] {logging_mixin.py:188} INFO - [2024-07-31T18:51:40.141+0000] {dagbag.py:545} INFO - Filling up the DagBag from /home/ubuntu/airflow-venv/lib/python3.12/site-packages/airflow/example_dags/example_xcom.py
[2024-07-31T18:51:40.150+0000] {processor.py:840} INFO - DAG(s) 'example_xcom' retrieved from /home/ubuntu/airflow-venv/lib/python3.12/site-packages/airflow/example_dags/example_xcom.py
[2024-07-31T18:51:40.166+0000] {logging_mixin.py:188} INFO - [2024-07-31T18:51:40.166+0000] {dag.py:3089} INFO - Sync 1 DAGs
[2024-07-31T18:51:40.186+0000] {logging_mixin.py:188} INFO - [2024-07-31T18:51:40.185+0000] {dag.py:3947} INFO - Setting next_dagrun for example_xcom to 2021-01-01 00:00:00+00:00, run_after=2021-01-01 00:00:00+00:00
[2024-07-31T18:51:40.208+0000] {processor.py:183} INFO - Processing /home/ubuntu/airflow-venv/lib/python3.12/site-packages/airflow/example_dags/example_xcom.py took 0.076 seconds
[2024-07-31T18:52:17.887+0000] {processor.py:161} INFO - Started process (PID=4419) to work on /home/ubuntu/airflow-venv/lib/python3.12/site-packages/airflow/example_dags/example_xcom.py
[2024-07-31T18:52:17.888+0000] {processor.py:830} INFO - Processing file /home/ubuntu/airflow-venv/lib/python3.12/site-packages/airflow/example_dags/example_xcom.py for tasks to queue
[2024-07-31T18:52:17.890+0000] {logging_mixin.py:188} INFO - [2024-07-31T18:52:17.889+0000] {dagbag.py:545} INFO - Filling up the DagBag from /home/ubuntu/airflow-venv/lib/python3.12/site-packages/airflow/example_dags/example_xcom.py
[2024-07-31T18:52:17.898+0000] {processor.py:840} INFO - DAG(s) 'example_xcom' retrieved from /home/ubuntu/airflow-venv/lib/python3.12/site-packages/airflow/example_dags/example_xcom.py
[2024-07-31T18:52:17.915+0000] {logging_mixin.py:188} INFO - [2024-07-31T18:52:17.914+0000] {dag.py:3089} INFO - Sync 1 DAGs
[2024-07-31T18:52:17.934+0000] {logging_mixin.py:188} INFO - [2024-07-31T18:52:17.933+0000] {dag.py:3947} INFO - Setting next_dagrun for example_xcom to 2021-01-01 00:00:00+00:00, run_after=2021-01-01 00:00:00+00:00
[2024-07-31T18:52:17.957+0000] {processor.py:183} INFO - Processing /home/ubuntu/airflow-venv/lib/python3.12/site-packages/airflow/example_dags/example_xcom.py took 0.076 seconds
[2024-07-31T18:52:57.772+0000] {processor.py:161} INFO - Started process (PID=4463) to work on /home/ubuntu/airflow-venv/lib/python3.12/site-packages/airflow/example_dags/example_xcom.py
[2024-07-31T18:52:57.773+0000] {processor.py:830} INFO - Processing file /home/ubuntu/airflow-venv/lib/python3.12/site-packages/airflow/example_dags/example_xcom.py for tasks to queue
[2024-07-31T18:52:57.774+0000] {logging_mixin.py:188} INFO - [2024-07-31T18:52:57.773+0000] {dagbag.py:545} INFO - Filling up the DagBag from /home/ubuntu/airflow-venv/lib/python3.12/site-packages/airflow/example_dags/example_xcom.py
[2024-07-31T18:52:57.782+0000] {processor.py:840} INFO - DAG(s) 'example_xcom' retrieved from /home/ubuntu/airflow-venv/lib/python3.12/site-packages/airflow/example_dags/example_xcom.py
[2024-07-31T18:52:57.799+0000] {logging_mixin.py:188} INFO - [2024-07-31T18:52:57.799+0000] {dag.py:3089} INFO - Sync 1 DAGs
[2024-07-31T18:52:57.819+0000] {logging_mixin.py:188} INFO - [2024-07-31T18:52:57.818+0000] {dag.py:3947} INFO - Setting next_dagrun for example_xcom to 2021-01-01 00:00:00+00:00, run_after=2021-01-01 00:00:00+00:00
[2024-07-31T18:52:57.842+0000] {processor.py:183} INFO - Processing /home/ubuntu/airflow-venv/lib/python3.12/site-packages/airflow/example_dags/example_xcom.py took 0.076 seconds
[2024-07-31T18:53:40.488+0000] {processor.py:161} INFO - Started process (PID=4509) to work on /home/ubuntu/airflow-venv/lib/python3.12/site-packages/airflow/example_dags/example_xcom.py
[2024-07-31T18:53:40.490+0000] {processor.py:830} INFO - Processing file /home/ubuntu/airflow-venv/lib/python3.12/site-packages/airflow/example_dags/example_xcom.py for tasks to queue
[2024-07-31T18:53:40.491+0000] {logging_mixin.py:188} INFO - [2024-07-31T18:53:40.490+0000] {dagbag.py:545} INFO - Filling up the DagBag from /home/ubuntu/airflow-venv/lib/python3.12/site-packages/airflow/example_dags/example_xcom.py
[2024-07-31T18:53:40.499+0000] {processor.py:840} INFO - DAG(s) 'example_xcom' retrieved from /home/ubuntu/airflow-venv/lib/python3.12/site-packages/airflow/example_dags/example_xcom.py
[2024-07-31T18:53:40.516+0000] {logging_mixin.py:188} INFO - [2024-07-31T18:53:40.516+0000] {dag.py:3089} INFO - Sync 1 DAGs
[2024-07-31T18:53:40.535+0000] {logging_mixin.py:188} INFO - [2024-07-31T18:53:40.535+0000] {dag.py:3947} INFO - Setting next_dagrun for example_xcom to 2021-01-01 00:00:00+00:00, run_after=2021-01-01 00:00:00+00:00
[2024-07-31T18:53:40.561+0000] {processor.py:183} INFO - Processing /home/ubuntu/airflow-venv/lib/python3.12/site-packages/airflow/example_dags/example_xcom.py took 0.079 seconds
[2024-07-31T18:54:20.921+0000] {processor.py:161} INFO - Started process (PID=4554) to work on /home/ubuntu/airflow-venv/lib/python3.12/site-packages/airflow/example_dags/example_xcom.py
[2024-07-31T18:54:20.922+0000] {processor.py:830} INFO - Processing file /home/ubuntu/airflow-venv/lib/python3.12/site-packages/airflow/example_dags/example_xcom.py for tasks to queue
[2024-07-31T18:54:20.923+0000] {logging_mixin.py:188} INFO - [2024-07-31T18:54:20.923+0000] {dagbag.py:545} INFO - Filling up the DagBag from /home/ubuntu/airflow-venv/lib/python3.12/site-packages/airflow/example_dags/example_xcom.py
[2024-07-31T18:54:20.931+0000] {processor.py:840} INFO - DAG(s) 'example_xcom' retrieved from /home/ubuntu/airflow-venv/lib/python3.12/site-packages/airflow/example_dags/example_xcom.py
[2024-07-31T18:54:20.949+0000] {logging_mixin.py:188} INFO - [2024-07-31T18:54:20.949+0000] {dag.py:3089} INFO - Sync 1 DAGs
[2024-07-31T18:54:20.969+0000] {logging_mixin.py:188} INFO - [2024-07-31T18:54:20.969+0000] {dag.py:3947} INFO - Setting next_dagrun for example_xcom to 2021-01-01 00:00:00+00:00, run_after=2021-01-01 00:00:00+00:00
[2024-07-31T18:54:20.992+0000] {processor.py:183} INFO - Processing /home/ubuntu/airflow-venv/lib/python3.12/site-packages/airflow/example_dags/example_xcom.py took 0.077 seconds
[2024-07-31T18:55:00.128+0000] {processor.py:161} INFO - Started process (PID=4598) to work on /home/ubuntu/airflow-venv/lib/python3.12/site-packages/airflow/example_dags/example_xcom.py
[2024-07-31T18:55:00.130+0000] {processor.py:830} INFO - Processing file /home/ubuntu/airflow-venv/lib/python3.12/site-packages/airflow/example_dags/example_xcom.py for tasks to queue
[2024-07-31T18:55:00.131+0000] {logging_mixin.py:188} INFO - [2024-07-31T18:55:00.130+0000] {dagbag.py:545} INFO - Filling up the DagBag from /home/ubuntu/airflow-venv/lib/python3.12/site-packages/airflow/example_dags/example_xcom.py
[2024-07-31T18:55:00.139+0000] {processor.py:840} INFO - DAG(s) 'example_xcom' retrieved from /home/ubuntu/airflow-venv/lib/python3.12/site-packages/airflow/example_dags/example_xcom.py
[2024-07-31T18:55:00.157+0000] {logging_mixin.py:188} INFO - [2024-07-31T18:55:00.157+0000] {dag.py:3089} INFO - Sync 1 DAGs
[2024-07-31T18:55:00.177+0000] {logging_mixin.py:188} INFO - [2024-07-31T18:55:00.177+0000] {dag.py:3947} INFO - Setting next_dagrun for example_xcom to 2021-01-01 00:00:00+00:00, run_after=2021-01-01 00:00:00+00:00
[2024-07-31T18:55:00.202+0000] {processor.py:183} INFO - Processing /home/ubuntu/airflow-venv/lib/python3.12/site-packages/airflow/example_dags/example_xcom.py took 0.080 seconds
[2024-07-31T18:55:42.027+0000] {processor.py:161} INFO - Started process (PID=4645) to work on /home/ubuntu/airflow-venv/lib/python3.12/site-packages/airflow/example_dags/example_xcom.py
[2024-07-31T18:55:42.028+0000] {processor.py:830} INFO - Processing file /home/ubuntu/airflow-venv/lib/python3.12/site-packages/airflow/example_dags/example_xcom.py for tasks to queue
[2024-07-31T18:55:42.029+0000] {logging_mixin.py:188} INFO - [2024-07-31T18:55:42.028+0000] {dagbag.py:545} INFO - Filling up the DagBag from /home/ubuntu/airflow-venv/lib/python3.12/site-packages/airflow/example_dags/example_xcom.py
[2024-07-31T18:55:42.037+0000] {processor.py:840} INFO - DAG(s) 'example_xcom' retrieved from /home/ubuntu/airflow-venv/lib/python3.12/site-packages/airflow/example_dags/example_xcom.py
[2024-07-31T18:55:42.054+0000] {logging_mixin.py:188} INFO - [2024-07-31T18:55:42.054+0000] {dag.py:3089} INFO - Sync 1 DAGs
[2024-07-31T18:55:42.073+0000] {logging_mixin.py:188} INFO - [2024-07-31T18:55:42.073+0000] {dag.py:3947} INFO - Setting next_dagrun for example_xcom to 2021-01-01 00:00:00+00:00, run_after=2021-01-01 00:00:00+00:00
[2024-07-31T18:55:42.096+0000] {processor.py:183} INFO - Processing /home/ubuntu/airflow-venv/lib/python3.12/site-packages/airflow/example_dags/example_xcom.py took 0.075 seconds
[2024-07-31T18:56:27.415+0000] {processor.py:161} INFO - Started process (PID=4732) to work on /home/ubuntu/airflow-venv/lib/python3.12/site-packages/airflow/example_dags/example_xcom.py
[2024-07-31T18:56:27.417+0000] {processor.py:830} INFO - Processing file /home/ubuntu/airflow-venv/lib/python3.12/site-packages/airflow/example_dags/example_xcom.py for tasks to queue
[2024-07-31T18:56:27.418+0000] {logging_mixin.py:188} INFO - [2024-07-31T18:56:27.418+0000] {dagbag.py:545} INFO - Filling up the DagBag from /home/ubuntu/airflow-venv/lib/python3.12/site-packages/airflow/example_dags/example_xcom.py
[2024-07-31T18:56:27.431+0000] {processor.py:840} INFO - DAG(s) 'example_xcom' retrieved from /home/ubuntu/airflow-venv/lib/python3.12/site-packages/airflow/example_dags/example_xcom.py
[2024-07-31T18:56:27.456+0000] {logging_mixin.py:188} INFO - [2024-07-31T18:56:27.455+0000] {dag.py:3089} INFO - Sync 1 DAGs
[2024-07-31T18:56:27.481+0000] {logging_mixin.py:188} INFO - [2024-07-31T18:56:27.481+0000] {dag.py:3947} INFO - Setting next_dagrun for example_xcom to 2021-01-01 00:00:00+00:00, run_after=2021-01-01 00:00:00+00:00
[2024-07-31T18:56:27.515+0000] {processor.py:183} INFO - Processing /home/ubuntu/airflow-venv/lib/python3.12/site-packages/airflow/example_dags/example_xcom.py took 0.110 seconds
[2024-07-31T18:57:14.110+0000] {processor.py:161} INFO - Started process (PID=5053) to work on /home/ubuntu/airflow-venv/lib/python3.12/site-packages/airflow/example_dags/example_xcom.py
[2024-07-31T18:57:14.111+0000] {processor.py:830} INFO - Processing file /home/ubuntu/airflow-venv/lib/python3.12/site-packages/airflow/example_dags/example_xcom.py for tasks to queue
[2024-07-31T18:57:14.112+0000] {logging_mixin.py:188} INFO - [2024-07-31T18:57:14.111+0000] {dagbag.py:545} INFO - Filling up the DagBag from /home/ubuntu/airflow-venv/lib/python3.12/site-packages/airflow/example_dags/example_xcom.py
[2024-07-31T18:57:14.120+0000] {processor.py:840} INFO - DAG(s) 'example_xcom' retrieved from /home/ubuntu/airflow-venv/lib/python3.12/site-packages/airflow/example_dags/example_xcom.py
[2024-07-31T18:57:14.138+0000] {logging_mixin.py:188} INFO - [2024-07-31T18:57:14.138+0000] {dag.py:3089} INFO - Sync 1 DAGs
[2024-07-31T18:57:14.157+0000] {logging_mixin.py:188} INFO - [2024-07-31T18:57:14.157+0000] {dag.py:3947} INFO - Setting next_dagrun for example_xcom to 2021-01-01 00:00:00+00:00, run_after=2021-01-01 00:00:00+00:00
[2024-07-31T18:57:14.181+0000] {processor.py:183} INFO - Processing /home/ubuntu/airflow-venv/lib/python3.12/site-packages/airflow/example_dags/example_xcom.py took 0.077 seconds
[2024-07-31T18:57:59.881+0000] {processor.py:161} INFO - Started process (PID=5100) to work on /home/ubuntu/airflow-venv/lib/python3.12/site-packages/airflow/example_dags/example_xcom.py
[2024-07-31T18:57:59.883+0000] {processor.py:830} INFO - Processing file /home/ubuntu/airflow-venv/lib/python3.12/site-packages/airflow/example_dags/example_xcom.py for tasks to queue
[2024-07-31T18:57:59.884+0000] {logging_mixin.py:188} INFO - [2024-07-31T18:57:59.883+0000] {dagbag.py:545} INFO - Filling up the DagBag from /home/ubuntu/airflow-venv/lib/python3.12/site-packages/airflow/example_dags/example_xcom.py
[2024-07-31T18:57:59.892+0000] {processor.py:840} INFO - DAG(s) 'example_xcom' retrieved from /home/ubuntu/airflow-venv/lib/python3.12/site-packages/airflow/example_dags/example_xcom.py
[2024-07-31T18:57:59.910+0000] {logging_mixin.py:188} INFO - [2024-07-31T18:57:59.909+0000] {dag.py:3089} INFO - Sync 1 DAGs
[2024-07-31T18:57:59.928+0000] {logging_mixin.py:188} INFO - [2024-07-31T18:57:59.928+0000] {dag.py:3947} INFO - Setting next_dagrun for example_xcom to 2021-01-01 00:00:00+00:00, run_after=2021-01-01 00:00:00+00:00
[2024-07-31T18:57:59.952+0000] {processor.py:183} INFO - Processing /home/ubuntu/airflow-venv/lib/python3.12/site-packages/airflow/example_dags/example_xcom.py took 0.076 seconds
[2024-07-31T18:58:45.520+0000] {processor.py:161} INFO - Started process (PID=5150) to work on /home/ubuntu/airflow-venv/lib/python3.12/site-packages/airflow/example_dags/example_xcom.py
[2024-07-31T18:58:45.522+0000] {processor.py:830} INFO - Processing file /home/ubuntu/airflow-venv/lib/python3.12/site-packages/airflow/example_dags/example_xcom.py for tasks to queue
[2024-07-31T18:58:45.523+0000] {logging_mixin.py:188} INFO - [2024-07-31T18:58:45.522+0000] {dagbag.py:545} INFO - Filling up the DagBag from /home/ubuntu/airflow-venv/lib/python3.12/site-packages/airflow/example_dags/example_xcom.py
[2024-07-31T18:58:45.530+0000] {processor.py:840} INFO - DAG(s) 'example_xcom' retrieved from /home/ubuntu/airflow-venv/lib/python3.12/site-packages/airflow/example_dags/example_xcom.py
[2024-07-31T18:58:45.548+0000] {logging_mixin.py:188} INFO - [2024-07-31T18:58:45.548+0000] {dag.py:3089} INFO - Sync 1 DAGs
[2024-07-31T18:58:45.567+0000] {logging_mixin.py:188} INFO - [2024-07-31T18:58:45.567+0000] {dag.py:3947} INFO - Setting next_dagrun for example_xcom to 2021-01-01 00:00:00+00:00, run_after=2021-01-01 00:00:00+00:00
[2024-07-31T18:58:45.590+0000] {processor.py:183} INFO - Processing /home/ubuntu/airflow-venv/lib/python3.12/site-packages/airflow/example_dags/example_xcom.py took 0.075 seconds
[2024-07-31T18:59:27.075+0000] {processor.py:161} INFO - Started process (PID=5195) to work on /home/ubuntu/airflow-venv/lib/python3.12/site-packages/airflow/example_dags/example_xcom.py
[2024-07-31T18:59:27.077+0000] {processor.py:830} INFO - Processing file /home/ubuntu/airflow-venv/lib/python3.12/site-packages/airflow/example_dags/example_xcom.py for tasks to queue
[2024-07-31T18:59:27.078+0000] {logging_mixin.py:188} INFO - [2024-07-31T18:59:27.078+0000] {dagbag.py:545} INFO - Filling up the DagBag from /home/ubuntu/airflow-venv/lib/python3.12/site-packages/airflow/example_dags/example_xcom.py
[2024-07-31T18:59:27.086+0000] {processor.py:840} INFO - DAG(s) 'example_xcom' retrieved from /home/ubuntu/airflow-venv/lib/python3.12/site-packages/airflow/example_dags/example_xcom.py
[2024-07-31T18:59:27.104+0000] {logging_mixin.py:188} INFO - [2024-07-31T18:59:27.103+0000] {dag.py:3089} INFO - Sync 1 DAGs
[2024-07-31T18:59:27.123+0000] {logging_mixin.py:188} INFO - [2024-07-31T18:59:27.122+0000] {dag.py:3947} INFO - Setting next_dagrun for example_xcom to 2021-01-01 00:00:00+00:00, run_after=2021-01-01 00:00:00+00:00
[2024-07-31T18:59:27.146+0000] {processor.py:183} INFO - Processing /home/ubuntu/airflow-venv/lib/python3.12/site-packages/airflow/example_dags/example_xcom.py took 0.076 seconds
[2024-07-31T19:00:09.570+0000] {processor.py:161} INFO - Started process (PID=5239) to work on /home/ubuntu/airflow-venv/lib/python3.12/site-packages/airflow/example_dags/example_xcom.py
[2024-07-31T19:00:09.572+0000] {processor.py:830} INFO - Processing file /home/ubuntu/airflow-venv/lib/python3.12/site-packages/airflow/example_dags/example_xcom.py for tasks to queue
[2024-07-31T19:00:09.573+0000] {logging_mixin.py:188} INFO - [2024-07-31T19:00:09.573+0000] {dagbag.py:545} INFO - Filling up the DagBag from /home/ubuntu/airflow-venv/lib/python3.12/site-packages/airflow/example_dags/example_xcom.py
[2024-07-31T19:00:09.581+0000] {processor.py:840} INFO - DAG(s) 'example_xcom' retrieved from /home/ubuntu/airflow-venv/lib/python3.12/site-packages/airflow/example_dags/example_xcom.py
[2024-07-31T19:00:09.599+0000] {logging_mixin.py:188} INFO - [2024-07-31T19:00:09.599+0000] {dag.py:3089} INFO - Sync 1 DAGs
[2024-07-31T19:00:09.620+0000] {logging_mixin.py:188} INFO - [2024-07-31T19:00:09.620+0000] {dag.py:3947} INFO - Setting next_dagrun for example_xcom to 2021-01-01 00:00:00+00:00, run_after=2021-01-01 00:00:00+00:00
[2024-07-31T19:00:09.646+0000] {processor.py:183} INFO - Processing /home/ubuntu/airflow-venv/lib/python3.12/site-packages/airflow/example_dags/example_xcom.py took 0.081 seconds
[2024-07-31T19:00:54.850+0000] {processor.py:161} INFO - Started process (PID=5290) to work on /home/ubuntu/airflow-venv/lib/python3.12/site-packages/airflow/example_dags/example_xcom.py
[2024-07-31T19:00:54.851+0000] {processor.py:830} INFO - Processing file /home/ubuntu/airflow-venv/lib/python3.12/site-packages/airflow/example_dags/example_xcom.py for tasks to queue
[2024-07-31T19:00:54.852+0000] {logging_mixin.py:188} INFO - [2024-07-31T19:00:54.852+0000] {dagbag.py:545} INFO - Filling up the DagBag from /home/ubuntu/airflow-venv/lib/python3.12/site-packages/airflow/example_dags/example_xcom.py
[2024-07-31T19:00:54.860+0000] {processor.py:840} INFO - DAG(s) 'example_xcom' retrieved from /home/ubuntu/airflow-venv/lib/python3.12/site-packages/airflow/example_dags/example_xcom.py
[2024-07-31T19:00:54.878+0000] {logging_mixin.py:188} INFO - [2024-07-31T19:00:54.878+0000] {dag.py:3089} INFO - Sync 1 DAGs
[2024-07-31T19:00:54.898+0000] {logging_mixin.py:188} INFO - [2024-07-31T19:00:54.898+0000] {dag.py:3947} INFO - Setting next_dagrun for example_xcom to 2021-01-01 00:00:00+00:00, run_after=2021-01-01 00:00:00+00:00
[2024-07-31T19:00:54.922+0000] {processor.py:183} INFO - Processing /home/ubuntu/airflow-venv/lib/python3.12/site-packages/airflow/example_dags/example_xcom.py took 0.078 seconds
[2024-07-31T19:01:38.793+0000] {processor.py:161} INFO - Started process (PID=5334) to work on /home/ubuntu/airflow-venv/lib/python3.12/site-packages/airflow/example_dags/example_xcom.py
[2024-07-31T19:01:38.794+0000] {processor.py:830} INFO - Processing file /home/ubuntu/airflow-venv/lib/python3.12/site-packages/airflow/example_dags/example_xcom.py for tasks to queue
[2024-07-31T19:01:38.795+0000] {logging_mixin.py:188} INFO - [2024-07-31T19:01:38.795+0000] {dagbag.py:545} INFO - Filling up the DagBag from /home/ubuntu/airflow-venv/lib/python3.12/site-packages/airflow/example_dags/example_xcom.py
[2024-07-31T19:01:38.803+0000] {processor.py:840} INFO - DAG(s) 'example_xcom' retrieved from /home/ubuntu/airflow-venv/lib/python3.12/site-packages/airflow/example_dags/example_xcom.py
[2024-07-31T19:01:38.821+0000] {logging_mixin.py:188} INFO - [2024-07-31T19:01:38.821+0000] {dag.py:3089} INFO - Sync 1 DAGs
[2024-07-31T19:01:38.841+0000] {logging_mixin.py:188} INFO - [2024-07-31T19:01:38.840+0000] {dag.py:3947} INFO - Setting next_dagrun for example_xcom to 2021-01-01 00:00:00+00:00, run_after=2021-01-01 00:00:00+00:00
[2024-07-31T19:01:38.865+0000] {processor.py:183} INFO - Processing /home/ubuntu/airflow-venv/lib/python3.12/site-packages/airflow/example_dags/example_xcom.py took 0.078 seconds
[2024-07-31T19:02:25.175+0000] {processor.py:161} INFO - Started process (PID=5381) to work on /home/ubuntu/airflow-venv/lib/python3.12/site-packages/airflow/example_dags/example_xcom.py
[2024-07-31T19:02:25.177+0000] {processor.py:830} INFO - Processing file /home/ubuntu/airflow-venv/lib/python3.12/site-packages/airflow/example_dags/example_xcom.py for tasks to queue
[2024-07-31T19:02:25.178+0000] {logging_mixin.py:188} INFO - [2024-07-31T19:02:25.177+0000] {dagbag.py:545} INFO - Filling up the DagBag from /home/ubuntu/airflow-venv/lib/python3.12/site-packages/airflow/example_dags/example_xcom.py
[2024-07-31T19:02:25.186+0000] {processor.py:840} INFO - DAG(s) 'example_xcom' retrieved from /home/ubuntu/airflow-venv/lib/python3.12/site-packages/airflow/example_dags/example_xcom.py
[2024-07-31T19:02:25.204+0000] {logging_mixin.py:188} INFO - [2024-07-31T19:02:25.203+0000] {dag.py:3089} INFO - Sync 1 DAGs
[2024-07-31T19:02:25.223+0000] {logging_mixin.py:188} INFO - [2024-07-31T19:02:25.223+0000] {dag.py:3947} INFO - Setting next_dagrun for example_xcom to 2021-01-01 00:00:00+00:00, run_after=2021-01-01 00:00:00+00:00
[2024-07-31T19:02:25.251+0000] {processor.py:183} INFO - Processing /home/ubuntu/airflow-venv/lib/python3.12/site-packages/airflow/example_dags/example_xcom.py took 0.082 seconds
[2024-07-31T19:03:08.813+0000] {processor.py:161} INFO - Started process (PID=5428) to work on /home/ubuntu/airflow-venv/lib/python3.12/site-packages/airflow/example_dags/example_xcom.py
[2024-07-31T19:03:08.814+0000] {processor.py:830} INFO - Processing file /home/ubuntu/airflow-venv/lib/python3.12/site-packages/airflow/example_dags/example_xcom.py for tasks to queue
[2024-07-31T19:03:08.815+0000] {logging_mixin.py:188} INFO - [2024-07-31T19:03:08.815+0000] {dagbag.py:545} INFO - Filling up the DagBag from /home/ubuntu/airflow-venv/lib/python3.12/site-packages/airflow/example_dags/example_xcom.py
[2024-07-31T19:03:08.823+0000] {processor.py:840} INFO - DAG(s) 'example_xcom' retrieved from /home/ubuntu/airflow-venv/lib/python3.12/site-packages/airflow/example_dags/example_xcom.py
[2024-07-31T19:03:08.841+0000] {logging_mixin.py:188} INFO - [2024-07-31T19:03:08.841+0000] {dag.py:3089} INFO - Sync 1 DAGs
[2024-07-31T19:03:08.860+0000] {logging_mixin.py:188} INFO - [2024-07-31T19:03:08.859+0000] {dag.py:3947} INFO - Setting next_dagrun for example_xcom to 2021-01-01 00:00:00+00:00, run_after=2021-01-01 00:00:00+00:00
[2024-07-31T19:03:08.961+0000] {processor.py:183} INFO - Processing /home/ubuntu/airflow-venv/lib/python3.12/site-packages/airflow/example_dags/example_xcom.py took 0.154 seconds
[2024-07-31T19:03:54.987+0000] {processor.py:161} INFO - Started process (PID=5475) to work on /home/ubuntu/airflow-venv/lib/python3.12/site-packages/airflow/example_dags/example_xcom.py
[2024-07-31T19:03:54.988+0000] {processor.py:830} INFO - Processing file /home/ubuntu/airflow-venv/lib/python3.12/site-packages/airflow/example_dags/example_xcom.py for tasks to queue
[2024-07-31T19:03:54.989+0000] {logging_mixin.py:188} INFO - [2024-07-31T19:03:54.989+0000] {dagbag.py:545} INFO - Filling up the DagBag from /home/ubuntu/airflow-venv/lib/python3.12/site-packages/airflow/example_dags/example_xcom.py
[2024-07-31T19:03:54.997+0000] {processor.py:840} INFO - DAG(s) 'example_xcom' retrieved from /home/ubuntu/airflow-venv/lib/python3.12/site-packages/airflow/example_dags/example_xcom.py
[2024-07-31T19:03:55.014+0000] {logging_mixin.py:188} INFO - [2024-07-31T19:03:55.014+0000] {dag.py:3089} INFO - Sync 1 DAGs
[2024-07-31T19:03:55.143+0000] {logging_mixin.py:188} INFO - [2024-07-31T19:03:55.143+0000] {dag.py:3947} INFO - Setting next_dagrun for example_xcom to 2021-01-01 00:00:00+00:00, run_after=2021-01-01 00:00:00+00:00
[2024-07-31T19:03:55.165+0000] {processor.py:183} INFO - Processing /home/ubuntu/airflow-venv/lib/python3.12/site-packages/airflow/example_dags/example_xcom.py took 0.184 seconds
[2024-07-31T19:18:42.960+0000] {processor.py:161} INFO - Started process (PID=5603) to work on /home/ubuntu/airflow-venv/lib/python3.12/site-packages/airflow/example_dags/example_xcom.py
[2024-07-31T19:18:42.961+0000] {processor.py:830} INFO - Processing file /home/ubuntu/airflow-venv/lib/python3.12/site-packages/airflow/example_dags/example_xcom.py for tasks to queue
[2024-07-31T19:18:42.963+0000] {logging_mixin.py:188} INFO - [2024-07-31T19:18:42.962+0000] {dagbag.py:545} INFO - Filling up the DagBag from /home/ubuntu/airflow-venv/lib/python3.12/site-packages/airflow/example_dags/example_xcom.py
[2024-07-31T19:18:42.973+0000] {processor.py:840} INFO - DAG(s) 'example_xcom' retrieved from /home/ubuntu/airflow-venv/lib/python3.12/site-packages/airflow/example_dags/example_xcom.py
[2024-07-31T19:18:42.982+0000] {logging_mixin.py:188} INFO - [2024-07-31T19:18:42.981+0000] {dag.py:3089} INFO - Sync 1 DAGs
[2024-07-31T19:18:43.004+0000] {logging_mixin.py:188} INFO - [2024-07-31T19:18:43.003+0000] {dag.py:3947} INFO - Setting next_dagrun for example_xcom to 2021-01-01 00:00:00+00:00, run_after=2021-01-01 00:00:00+00:00
[2024-07-31T19:18:43.027+0000] {processor.py:183} INFO - Processing /home/ubuntu/airflow-venv/lib/python3.12/site-packages/airflow/example_dags/example_xcom.py took 0.073 seconds
[2024-07-31T19:19:46.607+0000] {processor.py:161} INFO - Started process (PID=5662) to work on /home/ubuntu/airflow-venv/lib/python3.12/site-packages/airflow/example_dags/example_xcom.py
[2024-07-31T19:19:46.609+0000] {processor.py:830} INFO - Processing file /home/ubuntu/airflow-venv/lib/python3.12/site-packages/airflow/example_dags/example_xcom.py for tasks to queue
[2024-07-31T19:19:46.610+0000] {logging_mixin.py:188} INFO - [2024-07-31T19:19:46.610+0000] {dagbag.py:545} INFO - Filling up the DagBag from /home/ubuntu/airflow-venv/lib/python3.12/site-packages/airflow/example_dags/example_xcom.py
[2024-07-31T19:19:46.619+0000] {processor.py:840} INFO - DAG(s) 'example_xcom' retrieved from /home/ubuntu/airflow-venv/lib/python3.12/site-packages/airflow/example_dags/example_xcom.py
[2024-07-31T19:19:46.721+0000] {logging_mixin.py:188} INFO - [2024-07-31T19:19:46.721+0000] {dag.py:3089} INFO - Sync 1 DAGs
[2024-07-31T19:19:46.737+0000] {logging_mixin.py:188} INFO - [2024-07-31T19:19:46.737+0000] {dag.py:3947} INFO - Setting next_dagrun for example_xcom to 2021-01-01 00:00:00+00:00, run_after=2021-01-01 00:00:00+00:00
[2024-07-31T19:19:46.760+0000] {processor.py:183} INFO - Processing /home/ubuntu/airflow-venv/lib/python3.12/site-packages/airflow/example_dags/example_xcom.py took 0.158 seconds
[2024-07-31T19:20:42.139+0000] {processor.py:161} INFO - Started process (PID=5719) to work on /home/ubuntu/airflow-venv/lib/python3.12/site-packages/airflow/example_dags/example_xcom.py
[2024-07-31T19:20:42.140+0000] {processor.py:830} INFO - Processing file /home/ubuntu/airflow-venv/lib/python3.12/site-packages/airflow/example_dags/example_xcom.py for tasks to queue
[2024-07-31T19:20:42.142+0000] {logging_mixin.py:188} INFO - [2024-07-31T19:20:42.142+0000] {dagbag.py:545} INFO - Filling up the DagBag from /home/ubuntu/airflow-venv/lib/python3.12/site-packages/airflow/example_dags/example_xcom.py
[2024-07-31T19:20:42.150+0000] {processor.py:840} INFO - DAG(s) 'example_xcom' retrieved from /home/ubuntu/airflow-venv/lib/python3.12/site-packages/airflow/example_dags/example_xcom.py
[2024-07-31T19:20:42.168+0000] {logging_mixin.py:188} INFO - [2024-07-31T19:20:42.168+0000] {dag.py:3089} INFO - Sync 1 DAGs
[2024-07-31T19:20:42.189+0000] {logging_mixin.py:188} INFO - [2024-07-31T19:20:42.189+0000] {dag.py:3947} INFO - Setting next_dagrun for example_xcom to 2021-01-01 00:00:00+00:00, run_after=2021-01-01 00:00:00+00:00
[2024-07-31T19:20:42.215+0000] {processor.py:183} INFO - Processing /home/ubuntu/airflow-venv/lib/python3.12/site-packages/airflow/example_dags/example_xcom.py took 0.082 seconds
[2024-07-31T19:21:29.741+0000] {processor.py:161} INFO - Started process (PID=5768) to work on /home/ubuntu/airflow-venv/lib/python3.12/site-packages/airflow/example_dags/example_xcom.py
[2024-07-31T19:21:29.742+0000] {processor.py:830} INFO - Processing file /home/ubuntu/airflow-venv/lib/python3.12/site-packages/airflow/example_dags/example_xcom.py for tasks to queue
[2024-07-31T19:21:29.744+0000] {logging_mixin.py:188} INFO - [2024-07-31T19:21:29.743+0000] {dagbag.py:545} INFO - Filling up the DagBag from /home/ubuntu/airflow-venv/lib/python3.12/site-packages/airflow/example_dags/example_xcom.py
[2024-07-31T19:21:29.752+0000] {processor.py:840} INFO - DAG(s) 'example_xcom' retrieved from /home/ubuntu/airflow-venv/lib/python3.12/site-packages/airflow/example_dags/example_xcom.py
[2024-07-31T19:21:29.769+0000] {logging_mixin.py:188} INFO - [2024-07-31T19:21:29.769+0000] {dag.py:3089} INFO - Sync 1 DAGs
[2024-07-31T19:21:29.789+0000] {logging_mixin.py:188} INFO - [2024-07-31T19:21:29.789+0000] {dag.py:3947} INFO - Setting next_dagrun for example_xcom to 2021-01-01 00:00:00+00:00, run_after=2021-01-01 00:00:00+00:00
[2024-07-31T19:21:29.813+0000] {processor.py:183} INFO - Processing /home/ubuntu/airflow-venv/lib/python3.12/site-packages/airflow/example_dags/example_xcom.py took 0.078 seconds
[2024-07-31T19:22:19.200+0000] {processor.py:161} INFO - Started process (PID=5817) to work on /home/ubuntu/airflow-venv/lib/python3.12/site-packages/airflow/example_dags/example_xcom.py
[2024-07-31T19:22:19.202+0000] {processor.py:830} INFO - Processing file /home/ubuntu/airflow-venv/lib/python3.12/site-packages/airflow/example_dags/example_xcom.py for tasks to queue
[2024-07-31T19:22:19.203+0000] {logging_mixin.py:188} INFO - [2024-07-31T19:22:19.203+0000] {dagbag.py:545} INFO - Filling up the DagBag from /home/ubuntu/airflow-venv/lib/python3.12/site-packages/airflow/example_dags/example_xcom.py
[2024-07-31T19:22:19.211+0000] {processor.py:840} INFO - DAG(s) 'example_xcom' retrieved from /home/ubuntu/airflow-venv/lib/python3.12/site-packages/airflow/example_dags/example_xcom.py
[2024-07-31T19:22:19.229+0000] {logging_mixin.py:188} INFO - [2024-07-31T19:22:19.228+0000] {dag.py:3089} INFO - Sync 1 DAGs
[2024-07-31T19:22:19.248+0000] {logging_mixin.py:188} INFO - [2024-07-31T19:22:19.248+0000] {dag.py:3947} INFO - Setting next_dagrun for example_xcom to 2021-01-01 00:00:00+00:00, run_after=2021-01-01 00:00:00+00:00
[2024-07-31T19:22:19.271+0000] {processor.py:183} INFO - Processing /home/ubuntu/airflow-venv/lib/python3.12/site-packages/airflow/example_dags/example_xcom.py took 0.077 seconds
[2024-07-31T19:23:07.087+0000] {processor.py:161} INFO - Started process (PID=5867) to work on /home/ubuntu/airflow-venv/lib/python3.12/site-packages/airflow/example_dags/example_xcom.py
[2024-07-31T19:23:07.088+0000] {processor.py:830} INFO - Processing file /home/ubuntu/airflow-venv/lib/python3.12/site-packages/airflow/example_dags/example_xcom.py for tasks to queue
[2024-07-31T19:23:07.089+0000] {logging_mixin.py:188} INFO - [2024-07-31T19:23:07.088+0000] {dagbag.py:545} INFO - Filling up the DagBag from /home/ubuntu/airflow-venv/lib/python3.12/site-packages/airflow/example_dags/example_xcom.py
[2024-07-31T19:23:07.097+0000] {processor.py:840} INFO - DAG(s) 'example_xcom' retrieved from /home/ubuntu/airflow-venv/lib/python3.12/site-packages/airflow/example_dags/example_xcom.py
[2024-07-31T19:23:07.115+0000] {logging_mixin.py:188} INFO - [2024-07-31T19:23:07.115+0000] {dag.py:3089} INFO - Sync 1 DAGs
[2024-07-31T19:23:07.134+0000] {logging_mixin.py:188} INFO - [2024-07-31T19:23:07.134+0000] {dag.py:3947} INFO - Setting next_dagrun for example_xcom to 2021-01-01 00:00:00+00:00, run_after=2021-01-01 00:00:00+00:00
[2024-07-31T19:23:07.159+0000] {processor.py:183} INFO - Processing /home/ubuntu/airflow-venv/lib/python3.12/site-packages/airflow/example_dags/example_xcom.py took 0.078 seconds
[2024-07-31T19:24:03.151+0000] {processor.py:161} INFO - Started process (PID=5931) to work on /home/ubuntu/airflow-venv/lib/python3.12/site-packages/airflow/example_dags/example_xcom.py
[2024-07-31T19:24:03.152+0000] {processor.py:830} INFO - Processing file /home/ubuntu/airflow-venv/lib/python3.12/site-packages/airflow/example_dags/example_xcom.py for tasks to queue
[2024-07-31T19:24:03.153+0000] {logging_mixin.py:188} INFO - [2024-07-31T19:24:03.153+0000] {dagbag.py:545} INFO - Filling up the DagBag from /home/ubuntu/airflow-venv/lib/python3.12/site-packages/airflow/example_dags/example_xcom.py
[2024-07-31T19:24:03.161+0000] {processor.py:840} INFO - DAG(s) 'example_xcom' retrieved from /home/ubuntu/airflow-venv/lib/python3.12/site-packages/airflow/example_dags/example_xcom.py
[2024-07-31T19:24:03.179+0000] {logging_mixin.py:188} INFO - [2024-07-31T19:24:03.179+0000] {dag.py:3089} INFO - Sync 1 DAGs
[2024-07-31T19:24:03.199+0000] {logging_mixin.py:188} INFO - [2024-07-31T19:24:03.198+0000] {dag.py:3947} INFO - Setting next_dagrun for example_xcom to 2021-01-01 00:00:00+00:00, run_after=2021-01-01 00:00:00+00:00
[2024-07-31T19:24:03.222+0000] {processor.py:183} INFO - Processing /home/ubuntu/airflow-venv/lib/python3.12/site-packages/airflow/example_dags/example_xcom.py took 0.077 seconds
[2024-07-31T19:24:52.387+0000] {processor.py:161} INFO - Started process (PID=5984) to work on /home/ubuntu/airflow-venv/lib/python3.12/site-packages/airflow/example_dags/example_xcom.py
[2024-07-31T19:24:52.389+0000] {processor.py:830} INFO - Processing file /home/ubuntu/airflow-venv/lib/python3.12/site-packages/airflow/example_dags/example_xcom.py for tasks to queue
[2024-07-31T19:24:52.390+0000] {logging_mixin.py:188} INFO - [2024-07-31T19:24:52.389+0000] {dagbag.py:545} INFO - Filling up the DagBag from /home/ubuntu/airflow-venv/lib/python3.12/site-packages/airflow/example_dags/example_xcom.py
[2024-07-31T19:24:52.398+0000] {processor.py:840} INFO - DAG(s) 'example_xcom' retrieved from /home/ubuntu/airflow-venv/lib/python3.12/site-packages/airflow/example_dags/example_xcom.py
[2024-07-31T19:24:52.416+0000] {logging_mixin.py:188} INFO - [2024-07-31T19:24:52.416+0000] {dag.py:3089} INFO - Sync 1 DAGs
[2024-07-31T19:24:52.436+0000] {logging_mixin.py:188} INFO - [2024-07-31T19:24:52.435+0000] {dag.py:3947} INFO - Setting next_dagrun for example_xcom to 2021-01-01 00:00:00+00:00, run_after=2021-01-01 00:00:00+00:00
[2024-07-31T19:24:52.459+0000] {processor.py:183} INFO - Processing /home/ubuntu/airflow-venv/lib/python3.12/site-packages/airflow/example_dags/example_xcom.py took 0.077 seconds
[2024-07-31T19:25:40.022+0000] {processor.py:161} INFO - Started process (PID=6036) to work on /home/ubuntu/airflow-venv/lib/python3.12/site-packages/airflow/example_dags/example_xcom.py
[2024-07-31T19:25:40.023+0000] {processor.py:830} INFO - Processing file /home/ubuntu/airflow-venv/lib/python3.12/site-packages/airflow/example_dags/example_xcom.py for tasks to queue
[2024-07-31T19:25:40.024+0000] {logging_mixin.py:188} INFO - [2024-07-31T19:25:40.024+0000] {dagbag.py:545} INFO - Filling up the DagBag from /home/ubuntu/airflow-venv/lib/python3.12/site-packages/airflow/example_dags/example_xcom.py
[2024-07-31T19:25:40.032+0000] {processor.py:840} INFO - DAG(s) 'example_xcom' retrieved from /home/ubuntu/airflow-venv/lib/python3.12/site-packages/airflow/example_dags/example_xcom.py
[2024-07-31T19:25:40.050+0000] {logging_mixin.py:188} INFO - [2024-07-31T19:25:40.050+0000] {dag.py:3089} INFO - Sync 1 DAGs
[2024-07-31T19:25:40.070+0000] {logging_mixin.py:188} INFO - [2024-07-31T19:25:40.070+0000] {dag.py:3947} INFO - Setting next_dagrun for example_xcom to 2021-01-01 00:00:00+00:00, run_after=2021-01-01 00:00:00+00:00
[2024-07-31T19:25:40.096+0000] {processor.py:183} INFO - Processing /home/ubuntu/airflow-venv/lib/python3.12/site-packages/airflow/example_dags/example_xcom.py took 0.080 seconds
[2024-07-31T19:26:26.140+0000] {processor.py:161} INFO - Started process (PID=6083) to work on /home/ubuntu/airflow-venv/lib/python3.12/site-packages/airflow/example_dags/example_xcom.py
[2024-07-31T19:26:26.141+0000] {processor.py:830} INFO - Processing file /home/ubuntu/airflow-venv/lib/python3.12/site-packages/airflow/example_dags/example_xcom.py for tasks to queue
[2024-07-31T19:26:26.142+0000] {logging_mixin.py:188} INFO - [2024-07-31T19:26:26.142+0000] {dagbag.py:545} INFO - Filling up the DagBag from /home/ubuntu/airflow-venv/lib/python3.12/site-packages/airflow/example_dags/example_xcom.py
[2024-07-31T19:26:26.150+0000] {processor.py:840} INFO - DAG(s) 'example_xcom' retrieved from /home/ubuntu/airflow-venv/lib/python3.12/site-packages/airflow/example_dags/example_xcom.py
[2024-07-31T19:26:26.169+0000] {logging_mixin.py:188} INFO - [2024-07-31T19:26:26.168+0000] {dag.py:3089} INFO - Sync 1 DAGs
[2024-07-31T19:26:26.187+0000] {logging_mixin.py:188} INFO - [2024-07-31T19:26:26.187+0000] {dag.py:3947} INFO - Setting next_dagrun for example_xcom to 2021-01-01 00:00:00+00:00, run_after=2021-01-01 00:00:00+00:00
[2024-07-31T19:26:26.210+0000] {processor.py:183} INFO - Processing /home/ubuntu/airflow-venv/lib/python3.12/site-packages/airflow/example_dags/example_xcom.py took 0.076 seconds
[2024-07-31T19:27:24.188+0000] {processor.py:161} INFO - Started process (PID=6146) to work on /home/ubuntu/airflow-venv/lib/python3.12/site-packages/airflow/example_dags/example_xcom.py
[2024-07-31T19:27:24.189+0000] {processor.py:830} INFO - Processing file /home/ubuntu/airflow-venv/lib/python3.12/site-packages/airflow/example_dags/example_xcom.py for tasks to queue
[2024-07-31T19:27:24.190+0000] {logging_mixin.py:188} INFO - [2024-07-31T19:27:24.190+0000] {dagbag.py:545} INFO - Filling up the DagBag from /home/ubuntu/airflow-venv/lib/python3.12/site-packages/airflow/example_dags/example_xcom.py
[2024-07-31T19:27:24.198+0000] {processor.py:840} INFO - DAG(s) 'example_xcom' retrieved from /home/ubuntu/airflow-venv/lib/python3.12/site-packages/airflow/example_dags/example_xcom.py
[2024-07-31T19:27:24.217+0000] {logging_mixin.py:188} INFO - [2024-07-31T19:27:24.217+0000] {dag.py:3089} INFO - Sync 1 DAGs
[2024-07-31T19:27:24.237+0000] {logging_mixin.py:188} INFO - [2024-07-31T19:27:24.237+0000] {dag.py:3947} INFO - Setting next_dagrun for example_xcom to 2021-01-01 00:00:00+00:00, run_after=2021-01-01 00:00:00+00:00
[2024-07-31T19:27:24.263+0000] {processor.py:183} INFO - Processing /home/ubuntu/airflow-venv/lib/python3.12/site-packages/airflow/example_dags/example_xcom.py took 0.080 seconds
[2024-07-31T19:28:07.647+0000] {processor.py:161} INFO - Started process (PID=6192) to work on /home/ubuntu/airflow-venv/lib/python3.12/site-packages/airflow/example_dags/example_xcom.py
[2024-07-31T19:28:07.649+0000] {processor.py:830} INFO - Processing file /home/ubuntu/airflow-venv/lib/python3.12/site-packages/airflow/example_dags/example_xcom.py for tasks to queue
[2024-07-31T19:28:07.650+0000] {logging_mixin.py:188} INFO - [2024-07-31T19:28:07.649+0000] {dagbag.py:545} INFO - Filling up the DagBag from /home/ubuntu/airflow-venv/lib/python3.12/site-packages/airflow/example_dags/example_xcom.py
[2024-07-31T19:28:07.658+0000] {processor.py:840} INFO - DAG(s) 'example_xcom' retrieved from /home/ubuntu/airflow-venv/lib/python3.12/site-packages/airflow/example_dags/example_xcom.py
[2024-07-31T19:28:07.675+0000] {logging_mixin.py:188} INFO - [2024-07-31T19:28:07.675+0000] {dag.py:3089} INFO - Sync 1 DAGs
[2024-07-31T19:28:07.694+0000] {logging_mixin.py:188} INFO - [2024-07-31T19:28:07.693+0000] {dag.py:3947} INFO - Setting next_dagrun for example_xcom to 2021-01-01 00:00:00+00:00, run_after=2021-01-01 00:00:00+00:00
[2024-07-31T19:28:07.717+0000] {processor.py:183} INFO - Processing /home/ubuntu/airflow-venv/lib/python3.12/site-packages/airflow/example_dags/example_xcom.py took 0.075 seconds
[2024-07-31T19:29:00.753+0000] {processor.py:161} INFO - Started process (PID=6246) to work on /home/ubuntu/airflow-venv/lib/python3.12/site-packages/airflow/example_dags/example_xcom.py
[2024-07-31T19:29:00.754+0000] {processor.py:830} INFO - Processing file /home/ubuntu/airflow-venv/lib/python3.12/site-packages/airflow/example_dags/example_xcom.py for tasks to queue
[2024-07-31T19:29:00.755+0000] {logging_mixin.py:188} INFO - [2024-07-31T19:29:00.754+0000] {dagbag.py:545} INFO - Filling up the DagBag from /home/ubuntu/airflow-venv/lib/python3.12/site-packages/airflow/example_dags/example_xcom.py
[2024-07-31T19:29:00.763+0000] {processor.py:840} INFO - DAG(s) 'example_xcom' retrieved from /home/ubuntu/airflow-venv/lib/python3.12/site-packages/airflow/example_dags/example_xcom.py
[2024-07-31T19:29:00.782+0000] {logging_mixin.py:188} INFO - [2024-07-31T19:29:00.781+0000] {dag.py:3089} INFO - Sync 1 DAGs
[2024-07-31T19:29:00.801+0000] {logging_mixin.py:188} INFO - [2024-07-31T19:29:00.801+0000] {dag.py:3947} INFO - Setting next_dagrun for example_xcom to 2021-01-01 00:00:00+00:00, run_after=2021-01-01 00:00:00+00:00
[2024-07-31T19:29:00.825+0000] {processor.py:183} INFO - Processing /home/ubuntu/airflow-venv/lib/python3.12/site-packages/airflow/example_dags/example_xcom.py took 0.078 seconds
[2024-07-31T19:29:45.352+0000] {processor.py:161} INFO - Started process (PID=6295) to work on /home/ubuntu/airflow-venv/lib/python3.12/site-packages/airflow/example_dags/example_xcom.py
[2024-07-31T19:29:45.353+0000] {processor.py:830} INFO - Processing file /home/ubuntu/airflow-venv/lib/python3.12/site-packages/airflow/example_dags/example_xcom.py for tasks to queue
[2024-07-31T19:29:45.354+0000] {logging_mixin.py:188} INFO - [2024-07-31T19:29:45.354+0000] {dagbag.py:545} INFO - Filling up the DagBag from /home/ubuntu/airflow-venv/lib/python3.12/site-packages/airflow/example_dags/example_xcom.py
[2024-07-31T19:29:45.362+0000] {processor.py:840} INFO - DAG(s) 'example_xcom' retrieved from /home/ubuntu/airflow-venv/lib/python3.12/site-packages/airflow/example_dags/example_xcom.py
[2024-07-31T19:29:45.380+0000] {logging_mixin.py:188} INFO - [2024-07-31T19:29:45.380+0000] {dag.py:3089} INFO - Sync 1 DAGs
[2024-07-31T19:29:45.400+0000] {logging_mixin.py:188} INFO - [2024-07-31T19:29:45.399+0000] {dag.py:3947} INFO - Setting next_dagrun for example_xcom to 2021-01-01 00:00:00+00:00, run_after=2021-01-01 00:00:00+00:00
[2024-07-31T19:29:45.423+0000] {processor.py:183} INFO - Processing /home/ubuntu/airflow-venv/lib/python3.12/site-packages/airflow/example_dags/example_xcom.py took 0.077 seconds
[2024-07-31T19:30:29.838+0000] {processor.py:161} INFO - Started process (PID=6346) to work on /home/ubuntu/airflow-venv/lib/python3.12/site-packages/airflow/example_dags/example_xcom.py
[2024-07-31T19:30:29.840+0000] {processor.py:830} INFO - Processing file /home/ubuntu/airflow-venv/lib/python3.12/site-packages/airflow/example_dags/example_xcom.py for tasks to queue
[2024-07-31T19:30:29.841+0000] {logging_mixin.py:188} INFO - [2024-07-31T19:30:29.840+0000] {dagbag.py:545} INFO - Filling up the DagBag from /home/ubuntu/airflow-venv/lib/python3.12/site-packages/airflow/example_dags/example_xcom.py
[2024-07-31T19:30:29.849+0000] {processor.py:840} INFO - DAG(s) 'example_xcom' retrieved from /home/ubuntu/airflow-venv/lib/python3.12/site-packages/airflow/example_dags/example_xcom.py
[2024-07-31T19:30:29.867+0000] {logging_mixin.py:188} INFO - [2024-07-31T19:30:29.867+0000] {dag.py:3089} INFO - Sync 1 DAGs
[2024-07-31T19:30:29.887+0000] {logging_mixin.py:188} INFO - [2024-07-31T19:30:29.887+0000] {dag.py:3947} INFO - Setting next_dagrun for example_xcom to 2021-01-01 00:00:00+00:00, run_after=2021-01-01 00:00:00+00:00
[2024-07-31T19:30:29.912+0000] {processor.py:183} INFO - Processing /home/ubuntu/airflow-venv/lib/python3.12/site-packages/airflow/example_dags/example_xcom.py took 0.079 seconds
[2024-07-31T19:31:15.851+0000] {processor.py:161} INFO - Started process (PID=6395) to work on /home/ubuntu/airflow-venv/lib/python3.12/site-packages/airflow/example_dags/example_xcom.py
[2024-07-31T19:31:15.852+0000] {processor.py:830} INFO - Processing file /home/ubuntu/airflow-venv/lib/python3.12/site-packages/airflow/example_dags/example_xcom.py for tasks to queue
[2024-07-31T19:31:15.853+0000] {logging_mixin.py:188} INFO - [2024-07-31T19:31:15.853+0000] {dagbag.py:545} INFO - Filling up the DagBag from /home/ubuntu/airflow-venv/lib/python3.12/site-packages/airflow/example_dags/example_xcom.py
[2024-07-31T19:31:15.861+0000] {processor.py:840} INFO - DAG(s) 'example_xcom' retrieved from /home/ubuntu/airflow-venv/lib/python3.12/site-packages/airflow/example_dags/example_xcom.py
[2024-07-31T19:31:15.879+0000] {logging_mixin.py:188} INFO - [2024-07-31T19:31:15.879+0000] {dag.py:3089} INFO - Sync 1 DAGs
[2024-07-31T19:31:15.899+0000] {logging_mixin.py:188} INFO - [2024-07-31T19:31:15.899+0000] {dag.py:3947} INFO - Setting next_dagrun for example_xcom to 2021-01-01 00:00:00+00:00, run_after=2021-01-01 00:00:00+00:00
[2024-07-31T19:31:15.929+0000] {processor.py:183} INFO - Processing /home/ubuntu/airflow-venv/lib/python3.12/site-packages/airflow/example_dags/example_xcom.py took 0.084 seconds
[2024-07-31T19:32:21.485+0000] {processor.py:161} INFO - Started process (PID=6465) to work on /home/ubuntu/airflow-venv/lib/python3.12/site-packages/airflow/example_dags/example_xcom.py
[2024-07-31T19:32:21.487+0000] {processor.py:830} INFO - Processing file /home/ubuntu/airflow-venv/lib/python3.12/site-packages/airflow/example_dags/example_xcom.py for tasks to queue
[2024-07-31T19:32:21.488+0000] {logging_mixin.py:188} INFO - [2024-07-31T19:32:21.487+0000] {dagbag.py:545} INFO - Filling up the DagBag from /home/ubuntu/airflow-venv/lib/python3.12/site-packages/airflow/example_dags/example_xcom.py
[2024-07-31T19:32:21.496+0000] {processor.py:840} INFO - DAG(s) 'example_xcom' retrieved from /home/ubuntu/airflow-venv/lib/python3.12/site-packages/airflow/example_dags/example_xcom.py
[2024-07-31T19:32:21.514+0000] {logging_mixin.py:188} INFO - [2024-07-31T19:32:21.513+0000] {dag.py:3089} INFO - Sync 1 DAGs
[2024-07-31T19:32:21.532+0000] {logging_mixin.py:188} INFO - [2024-07-31T19:32:21.532+0000] {dag.py:3947} INFO - Setting next_dagrun for example_xcom to 2021-01-01 00:00:00+00:00, run_after=2021-01-01 00:00:00+00:00
[2024-07-31T19:32:21.557+0000] {processor.py:183} INFO - Processing /home/ubuntu/airflow-venv/lib/python3.12/site-packages/airflow/example_dags/example_xcom.py took 0.078 seconds
[2024-07-31T19:33:28.766+0000] {processor.py:161} INFO - Started process (PID=6538) to work on /home/ubuntu/airflow-venv/lib/python3.12/site-packages/airflow/example_dags/example_xcom.py
[2024-07-31T19:33:28.768+0000] {processor.py:830} INFO - Processing file /home/ubuntu/airflow-venv/lib/python3.12/site-packages/airflow/example_dags/example_xcom.py for tasks to queue
[2024-07-31T19:33:28.769+0000] {logging_mixin.py:188} INFO - [2024-07-31T19:33:28.768+0000] {dagbag.py:545} INFO - Filling up the DagBag from /home/ubuntu/airflow-venv/lib/python3.12/site-packages/airflow/example_dags/example_xcom.py
[2024-07-31T19:33:28.777+0000] {processor.py:840} INFO - DAG(s) 'example_xcom' retrieved from /home/ubuntu/airflow-venv/lib/python3.12/site-packages/airflow/example_dags/example_xcom.py
[2024-07-31T19:33:28.796+0000] {logging_mixin.py:188} INFO - [2024-07-31T19:33:28.795+0000] {dag.py:3089} INFO - Sync 1 DAGs
[2024-07-31T19:33:28.816+0000] {logging_mixin.py:188} INFO - [2024-07-31T19:33:28.816+0000] {dag.py:3947} INFO - Setting next_dagrun for example_xcom to 2021-01-01 00:00:00+00:00, run_after=2021-01-01 00:00:00+00:00
[2024-07-31T19:33:28.841+0000] {processor.py:183} INFO - Processing /home/ubuntu/airflow-venv/lib/python3.12/site-packages/airflow/example_dags/example_xcom.py took 0.081 seconds
[2024-07-31T19:34:22.308+0000] {processor.py:161} INFO - Started process (PID=6595) to work on /home/ubuntu/airflow-venv/lib/python3.12/site-packages/airflow/example_dags/example_xcom.py
[2024-07-31T19:34:22.310+0000] {processor.py:830} INFO - Processing file /home/ubuntu/airflow-venv/lib/python3.12/site-packages/airflow/example_dags/example_xcom.py for tasks to queue
[2024-07-31T19:34:22.310+0000] {logging_mixin.py:188} INFO - [2024-07-31T19:34:22.310+0000] {dagbag.py:545} INFO - Filling up the DagBag from /home/ubuntu/airflow-venv/lib/python3.12/site-packages/airflow/example_dags/example_xcom.py
[2024-07-31T19:34:22.319+0000] {processor.py:840} INFO - DAG(s) 'example_xcom' retrieved from /home/ubuntu/airflow-venv/lib/python3.12/site-packages/airflow/example_dags/example_xcom.py
[2024-07-31T19:34:22.336+0000] {logging_mixin.py:188} INFO - [2024-07-31T19:34:22.336+0000] {dag.py:3089} INFO - Sync 1 DAGs
[2024-07-31T19:34:22.355+0000] {logging_mixin.py:188} INFO - [2024-07-31T19:34:22.354+0000] {dag.py:3947} INFO - Setting next_dagrun for example_xcom to 2021-01-01 00:00:00+00:00, run_after=2021-01-01 00:00:00+00:00
[2024-07-31T19:34:22.379+0000] {processor.py:183} INFO - Processing /home/ubuntu/airflow-venv/lib/python3.12/site-packages/airflow/example_dags/example_xcom.py took 0.076 seconds
