[2024-07-31T18:43:27.090+0000] {processor.py:161} INFO - Started process (PID=3488) to work on /home/ubuntu/airflow-venv/lib/python3.12/site-packages/airflow/example_dags/example_latest_only.py
[2024-07-31T18:43:27.091+0000] {processor.py:830} INFO - Processing file /home/ubuntu/airflow-venv/lib/python3.12/site-packages/airflow/example_dags/example_latest_only.py for tasks to queue
[2024-07-31T18:43:27.093+0000] {logging_mixin.py:188} INFO - [2024-07-31T18:43:27.092+0000] {dagbag.py:545} INFO - Filling up the DagBag from /home/ubuntu/airflow-venv/lib/python3.12/site-packages/airflow/example_dags/example_latest_only.py
[2024-07-31T18:43:27.098+0000] {processor.py:840} INFO - DAG(s) 'latest_only' retrieved from /home/ubuntu/airflow-venv/lib/python3.12/site-packages/airflow/example_dags/example_latest_only.py
[2024-07-31T18:43:27.214+0000] {logging_mixin.py:188} INFO - [2024-07-31T18:43:27.213+0000] {override.py:1858} INFO - Created Permission View: can edit on DAG:latest_only
[2024-07-31T18:43:27.227+0000] {logging_mixin.py:188} INFO - [2024-07-31T18:43:27.227+0000] {override.py:1858} INFO - Created Permission View: can read on DAG:latest_only
[2024-07-31T18:43:27.237+0000] {logging_mixin.py:188} INFO - [2024-07-31T18:43:27.236+0000] {override.py:1858} INFO - Created Permission View: can delete on DAG:latest_only
[2024-07-31T18:43:27.237+0000] {logging_mixin.py:188} INFO - [2024-07-31T18:43:27.237+0000] {dag.py:3089} INFO - Sync 1 DAGs
[2024-07-31T18:43:27.247+0000] {logging_mixin.py:188} INFO - [2024-07-31T18:43:27.247+0000] {dag.py:3111} INFO - Creating ORM DAG for latest_only
[2024-07-31T18:43:27.256+0000] {logging_mixin.py:188} INFO - [2024-07-31T18:43:27.256+0000] {dag.py:3947} INFO - Setting next_dagrun for latest_only to 2024-07-31 12:00:00+00:00, run_after=2024-07-31 16:00:00+00:00
[2024-07-31T18:43:27.277+0000] {processor.py:183} INFO - Processing /home/ubuntu/airflow-venv/lib/python3.12/site-packages/airflow/example_dags/example_latest_only.py took 0.192 seconds
[2024-07-31T18:44:22.020+0000] {processor.py:161} INFO - Started process (PID=3540) to work on /home/ubuntu/airflow-venv/lib/python3.12/site-packages/airflow/example_dags/example_latest_only.py
[2024-07-31T18:44:22.021+0000] {processor.py:830} INFO - Processing file /home/ubuntu/airflow-venv/lib/python3.12/site-packages/airflow/example_dags/example_latest_only.py for tasks to queue
[2024-07-31T18:44:22.023+0000] {logging_mixin.py:188} INFO - [2024-07-31T18:44:22.022+0000] {dagbag.py:545} INFO - Filling up the DagBag from /home/ubuntu/airflow-venv/lib/python3.12/site-packages/airflow/example_dags/example_latest_only.py
[2024-07-31T18:44:22.028+0000] {processor.py:840} INFO - DAG(s) 'latest_only' retrieved from /home/ubuntu/airflow-venv/lib/python3.12/site-packages/airflow/example_dags/example_latest_only.py
[2024-07-31T18:44:22.148+0000] {logging_mixin.py:188} INFO - [2024-07-31T18:44:22.148+0000] {dag.py:3089} INFO - Sync 1 DAGs
[2024-07-31T18:44:22.170+0000] {logging_mixin.py:188} INFO - [2024-07-31T18:44:22.169+0000] {dag.py:3947} INFO - Setting next_dagrun for latest_only to 2024-07-31 12:00:00+00:00, run_after=2024-07-31 16:00:00+00:00
[2024-07-31T18:44:22.194+0000] {processor.py:183} INFO - Processing /home/ubuntu/airflow-venv/lib/python3.12/site-packages/airflow/example_dags/example_latest_only.py took 0.180 seconds
[2024-07-31T18:45:11.604+0000] {processor.py:161} INFO - Started process (PID=3601) to work on /home/ubuntu/airflow-venv/lib/python3.12/site-packages/airflow/example_dags/example_latest_only.py
[2024-07-31T18:45:11.605+0000] {processor.py:830} INFO - Processing file /home/ubuntu/airflow-venv/lib/python3.12/site-packages/airflow/example_dags/example_latest_only.py for tasks to queue
[2024-07-31T18:45:11.607+0000] {logging_mixin.py:188} INFO - [2024-07-31T18:45:11.606+0000] {dagbag.py:545} INFO - Filling up the DagBag from /home/ubuntu/airflow-venv/lib/python3.12/site-packages/airflow/example_dags/example_latest_only.py
[2024-07-31T18:45:11.612+0000] {processor.py:840} INFO - DAG(s) 'latest_only' retrieved from /home/ubuntu/airflow-venv/lib/python3.12/site-packages/airflow/example_dags/example_latest_only.py
[2024-07-31T18:45:11.627+0000] {logging_mixin.py:188} INFO - [2024-07-31T18:45:11.627+0000] {dag.py:3089} INFO - Sync 1 DAGs
[2024-07-31T18:45:11.648+0000] {logging_mixin.py:188} INFO - [2024-07-31T18:45:11.648+0000] {dag.py:3947} INFO - Setting next_dagrun for latest_only to 2024-07-31 12:00:00+00:00, run_after=2024-07-31 16:00:00+00:00
[2024-07-31T18:45:11.671+0000] {processor.py:183} INFO - Processing /home/ubuntu/airflow-venv/lib/python3.12/site-packages/airflow/example_dags/example_latest_only.py took 0.073 seconds
[2024-07-31T18:46:00.117+0000] {processor.py:161} INFO - Started process (PID=3653) to work on /home/ubuntu/airflow-venv/lib/python3.12/site-packages/airflow/example_dags/example_latest_only.py
[2024-07-31T18:46:00.119+0000] {processor.py:830} INFO - Processing file /home/ubuntu/airflow-venv/lib/python3.12/site-packages/airflow/example_dags/example_latest_only.py for tasks to queue
[2024-07-31T18:46:00.120+0000] {logging_mixin.py:188} INFO - [2024-07-31T18:46:00.120+0000] {dagbag.py:545} INFO - Filling up the DagBag from /home/ubuntu/airflow-venv/lib/python3.12/site-packages/airflow/example_dags/example_latest_only.py
[2024-07-31T18:46:00.125+0000] {processor.py:840} INFO - DAG(s) 'latest_only' retrieved from /home/ubuntu/airflow-venv/lib/python3.12/site-packages/airflow/example_dags/example_latest_only.py
[2024-07-31T18:46:00.141+0000] {logging_mixin.py:188} INFO - [2024-07-31T18:46:00.140+0000] {dag.py:3089} INFO - Sync 1 DAGs
[2024-07-31T18:46:00.160+0000] {logging_mixin.py:188} INFO - [2024-07-31T18:46:00.160+0000] {dag.py:3947} INFO - Setting next_dagrun for latest_only to 2024-07-31 12:00:00+00:00, run_after=2024-07-31 16:00:00+00:00
[2024-07-31T18:46:00.183+0000] {processor.py:183} INFO - Processing /home/ubuntu/airflow-venv/lib/python3.12/site-packages/airflow/example_dags/example_latest_only.py took 0.072 seconds
[2024-07-31T18:47:01.105+0000] {processor.py:161} INFO - Started process (PID=3909) to work on /home/ubuntu/airflow-venv/lib/python3.12/site-packages/airflow/example_dags/example_latest_only.py
[2024-07-31T18:47:01.106+0000] {processor.py:830} INFO - Processing file /home/ubuntu/airflow-venv/lib/python3.12/site-packages/airflow/example_dags/example_latest_only.py for tasks to queue
[2024-07-31T18:47:01.108+0000] {logging_mixin.py:188} INFO - [2024-07-31T18:47:01.108+0000] {dagbag.py:545} INFO - Filling up the DagBag from /home/ubuntu/airflow-venv/lib/python3.12/site-packages/airflow/example_dags/example_latest_only.py
[2024-07-31T18:47:01.113+0000] {processor.py:840} INFO - DAG(s) 'latest_only' retrieved from /home/ubuntu/airflow-venv/lib/python3.12/site-packages/airflow/example_dags/example_latest_only.py
[2024-07-31T18:47:01.129+0000] {logging_mixin.py:188} INFO - [2024-07-31T18:47:01.129+0000] {dag.py:3089} INFO - Sync 1 DAGs
[2024-07-31T18:47:01.149+0000] {logging_mixin.py:188} INFO - [2024-07-31T18:47:01.149+0000] {dag.py:3947} INFO - Setting next_dagrun for latest_only to 2024-07-31 12:00:00+00:00, run_after=2024-07-31 16:00:00+00:00
[2024-07-31T18:47:01.172+0000] {processor.py:183} INFO - Processing /home/ubuntu/airflow-venv/lib/python3.12/site-packages/airflow/example_dags/example_latest_only.py took 0.073 seconds
[2024-07-31T18:47:57.925+0000] {processor.py:161} INFO - Started process (PID=4071) to work on /home/ubuntu/airflow-venv/lib/python3.12/site-packages/airflow/example_dags/example_latest_only.py
[2024-07-31T18:47:57.926+0000] {processor.py:830} INFO - Processing file /home/ubuntu/airflow-venv/lib/python3.12/site-packages/airflow/example_dags/example_latest_only.py for tasks to queue
[2024-07-31T18:47:57.928+0000] {logging_mixin.py:188} INFO - [2024-07-31T18:47:57.927+0000] {dagbag.py:545} INFO - Filling up the DagBag from /home/ubuntu/airflow-venv/lib/python3.12/site-packages/airflow/example_dags/example_latest_only.py
[2024-07-31T18:47:57.933+0000] {processor.py:840} INFO - DAG(s) 'latest_only' retrieved from /home/ubuntu/airflow-venv/lib/python3.12/site-packages/airflow/example_dags/example_latest_only.py
[2024-07-31T18:47:57.949+0000] {logging_mixin.py:188} INFO - [2024-07-31T18:47:57.948+0000] {dag.py:3089} INFO - Sync 1 DAGs
[2024-07-31T18:47:57.969+0000] {logging_mixin.py:188} INFO - [2024-07-31T18:47:57.968+0000] {dag.py:3947} INFO - Setting next_dagrun for latest_only to 2024-07-31 12:00:00+00:00, run_after=2024-07-31 16:00:00+00:00
[2024-07-31T18:47:57.993+0000] {processor.py:183} INFO - Processing /home/ubuntu/airflow-venv/lib/python3.12/site-packages/airflow/example_dags/example_latest_only.py took 0.074 seconds
[2024-07-31T18:48:55.062+0000] {processor.py:161} INFO - Started process (PID=4199) to work on /home/ubuntu/airflow-venv/lib/python3.12/site-packages/airflow/example_dags/example_latest_only.py
[2024-07-31T18:48:55.063+0000] {processor.py:830} INFO - Processing file /home/ubuntu/airflow-venv/lib/python3.12/site-packages/airflow/example_dags/example_latest_only.py for tasks to queue
[2024-07-31T18:48:55.065+0000] {logging_mixin.py:188} INFO - [2024-07-31T18:48:55.064+0000] {dagbag.py:545} INFO - Filling up the DagBag from /home/ubuntu/airflow-venv/lib/python3.12/site-packages/airflow/example_dags/example_latest_only.py
[2024-07-31T18:48:55.069+0000] {processor.py:840} INFO - DAG(s) 'latest_only' retrieved from /home/ubuntu/airflow-venv/lib/python3.12/site-packages/airflow/example_dags/example_latest_only.py
[2024-07-31T18:48:55.085+0000] {logging_mixin.py:188} INFO - [2024-07-31T18:48:55.085+0000] {dag.py:3089} INFO - Sync 1 DAGs
[2024-07-31T18:48:55.106+0000] {logging_mixin.py:188} INFO - [2024-07-31T18:48:55.105+0000] {dag.py:3947} INFO - Setting next_dagrun for latest_only to 2024-07-31 12:00:00+00:00, run_after=2024-07-31 16:00:00+00:00
[2024-07-31T18:48:55.130+0000] {processor.py:183} INFO - Processing /home/ubuntu/airflow-venv/lib/python3.12/site-packages/airflow/example_dags/example_latest_only.py took 0.074 seconds
[2024-07-31T18:49:55.195+0000] {processor.py:161} INFO - Started process (PID=4263) to work on /home/ubuntu/airflow-venv/lib/python3.12/site-packages/airflow/example_dags/example_latest_only.py
[2024-07-31T18:49:55.197+0000] {processor.py:830} INFO - Processing file /home/ubuntu/airflow-venv/lib/python3.12/site-packages/airflow/example_dags/example_latest_only.py for tasks to queue
[2024-07-31T18:49:55.199+0000] {logging_mixin.py:188} INFO - [2024-07-31T18:49:55.198+0000] {dagbag.py:545} INFO - Filling up the DagBag from /home/ubuntu/airflow-venv/lib/python3.12/site-packages/airflow/example_dags/example_latest_only.py
[2024-07-31T18:49:55.204+0000] {processor.py:840} INFO - DAG(s) 'latest_only' retrieved from /home/ubuntu/airflow-venv/lib/python3.12/site-packages/airflow/example_dags/example_latest_only.py
[2024-07-31T18:49:55.220+0000] {logging_mixin.py:188} INFO - [2024-07-31T18:49:55.219+0000] {dag.py:3089} INFO - Sync 1 DAGs
[2024-07-31T18:49:55.240+0000] {logging_mixin.py:188} INFO - [2024-07-31T18:49:55.239+0000] {dag.py:3947} INFO - Setting next_dagrun for latest_only to 2024-07-31 12:00:00+00:00, run_after=2024-07-31 16:00:00+00:00
[2024-07-31T18:49:55.266+0000] {processor.py:183} INFO - Processing /home/ubuntu/airflow-venv/lib/python3.12/site-packages/airflow/example_dags/example_latest_only.py took 0.076 seconds
[2024-07-31T18:50:55.549+0000] {processor.py:161} INFO - Started process (PID=4330) to work on /home/ubuntu/airflow-venv/lib/python3.12/site-packages/airflow/example_dags/example_latest_only.py
[2024-07-31T18:50:55.550+0000] {processor.py:830} INFO - Processing file /home/ubuntu/airflow-venv/lib/python3.12/site-packages/airflow/example_dags/example_latest_only.py for tasks to queue
[2024-07-31T18:50:55.552+0000] {logging_mixin.py:188} INFO - [2024-07-31T18:50:55.552+0000] {dagbag.py:545} INFO - Filling up the DagBag from /home/ubuntu/airflow-venv/lib/python3.12/site-packages/airflow/example_dags/example_latest_only.py
[2024-07-31T18:50:55.557+0000] {processor.py:840} INFO - DAG(s) 'latest_only' retrieved from /home/ubuntu/airflow-venv/lib/python3.12/site-packages/airflow/example_dags/example_latest_only.py
[2024-07-31T18:50:55.572+0000] {logging_mixin.py:188} INFO - [2024-07-31T18:50:55.572+0000] {dag.py:3089} INFO - Sync 1 DAGs
[2024-07-31T18:50:55.592+0000] {logging_mixin.py:188} INFO - [2024-07-31T18:50:55.591+0000] {dag.py:3947} INFO - Setting next_dagrun for latest_only to 2024-07-31 12:00:00+00:00, run_after=2024-07-31 16:00:00+00:00
[2024-07-31T18:50:55.615+0000] {processor.py:183} INFO - Processing /home/ubuntu/airflow-venv/lib/python3.12/site-packages/airflow/example_dags/example_latest_only.py took 0.072 seconds
[2024-07-31T18:51:52.157+0000] {processor.py:161} INFO - Started process (PID=4392) to work on /home/ubuntu/airflow-venv/lib/python3.12/site-packages/airflow/example_dags/example_latest_only.py
[2024-07-31T18:51:52.159+0000] {processor.py:830} INFO - Processing file /home/ubuntu/airflow-venv/lib/python3.12/site-packages/airflow/example_dags/example_latest_only.py for tasks to queue
[2024-07-31T18:51:52.161+0000] {logging_mixin.py:188} INFO - [2024-07-31T18:51:52.160+0000] {dagbag.py:545} INFO - Filling up the DagBag from /home/ubuntu/airflow-venv/lib/python3.12/site-packages/airflow/example_dags/example_latest_only.py
[2024-07-31T18:51:52.165+0000] {processor.py:840} INFO - DAG(s) 'latest_only' retrieved from /home/ubuntu/airflow-venv/lib/python3.12/site-packages/airflow/example_dags/example_latest_only.py
[2024-07-31T18:51:52.181+0000] {logging_mixin.py:188} INFO - [2024-07-31T18:51:52.181+0000] {dag.py:3089} INFO - Sync 1 DAGs
[2024-07-31T18:51:52.201+0000] {logging_mixin.py:188} INFO - [2024-07-31T18:51:52.201+0000] {dag.py:3947} INFO - Setting next_dagrun for latest_only to 2024-07-31 12:00:00+00:00, run_after=2024-07-31 16:00:00+00:00
[2024-07-31T18:51:52.225+0000] {processor.py:183} INFO - Processing /home/ubuntu/airflow-venv/lib/python3.12/site-packages/airflow/example_dags/example_latest_only.py took 0.073 seconds
[2024-07-31T18:52:49.841+0000] {processor.py:161} INFO - Started process (PID=4454) to work on /home/ubuntu/airflow-venv/lib/python3.12/site-packages/airflow/example_dags/example_latest_only.py
[2024-07-31T18:52:49.842+0000] {processor.py:830} INFO - Processing file /home/ubuntu/airflow-venv/lib/python3.12/site-packages/airflow/example_dags/example_latest_only.py for tasks to queue
[2024-07-31T18:52:49.844+0000] {logging_mixin.py:188} INFO - [2024-07-31T18:52:49.843+0000] {dagbag.py:545} INFO - Filling up the DagBag from /home/ubuntu/airflow-venv/lib/python3.12/site-packages/airflow/example_dags/example_latest_only.py
[2024-07-31T18:52:49.849+0000] {processor.py:840} INFO - DAG(s) 'latest_only' retrieved from /home/ubuntu/airflow-venv/lib/python3.12/site-packages/airflow/example_dags/example_latest_only.py
[2024-07-31T18:52:49.864+0000] {logging_mixin.py:188} INFO - [2024-07-31T18:52:49.864+0000] {dag.py:3089} INFO - Sync 1 DAGs
[2024-07-31T18:52:49.885+0000] {logging_mixin.py:188} INFO - [2024-07-31T18:52:49.884+0000] {dag.py:3947} INFO - Setting next_dagrun for latest_only to 2024-07-31 12:00:00+00:00, run_after=2024-07-31 16:00:00+00:00
[2024-07-31T18:52:49.908+0000] {processor.py:183} INFO - Processing /home/ubuntu/airflow-venv/lib/python3.12/site-packages/airflow/example_dags/example_latest_only.py took 0.073 seconds
[2024-07-31T18:53:51.945+0000] {processor.py:161} INFO - Started process (PID=4522) to work on /home/ubuntu/airflow-venv/lib/python3.12/site-packages/airflow/example_dags/example_latest_only.py
[2024-07-31T18:53:51.946+0000] {processor.py:830} INFO - Processing file /home/ubuntu/airflow-venv/lib/python3.12/site-packages/airflow/example_dags/example_latest_only.py for tasks to queue
[2024-07-31T18:53:51.947+0000] {logging_mixin.py:188} INFO - [2024-07-31T18:53:51.946+0000] {dagbag.py:545} INFO - Filling up the DagBag from /home/ubuntu/airflow-venv/lib/python3.12/site-packages/airflow/example_dags/example_latest_only.py
[2024-07-31T18:53:51.952+0000] {processor.py:840} INFO - DAG(s) 'latest_only' retrieved from /home/ubuntu/airflow-venv/lib/python3.12/site-packages/airflow/example_dags/example_latest_only.py
[2024-07-31T18:53:51.968+0000] {logging_mixin.py:188} INFO - [2024-07-31T18:53:51.968+0000] {dag.py:3089} INFO - Sync 1 DAGs
[2024-07-31T18:53:51.989+0000] {logging_mixin.py:188} INFO - [2024-07-31T18:53:51.988+0000] {dag.py:3947} INFO - Setting next_dagrun for latest_only to 2024-07-31 12:00:00+00:00, run_after=2024-07-31 16:00:00+00:00
[2024-07-31T18:53:52.013+0000] {processor.py:183} INFO - Processing /home/ubuntu/airflow-venv/lib/python3.12/site-packages/airflow/example_dags/example_latest_only.py took 0.074 seconds
[2024-07-31T18:54:53.543+0000] {processor.py:161} INFO - Started process (PID=4591) to work on /home/ubuntu/airflow-venv/lib/python3.12/site-packages/airflow/example_dags/example_latest_only.py
[2024-07-31T18:54:53.545+0000] {processor.py:830} INFO - Processing file /home/ubuntu/airflow-venv/lib/python3.12/site-packages/airflow/example_dags/example_latest_only.py for tasks to queue
[2024-07-31T18:54:53.546+0000] {logging_mixin.py:188} INFO - [2024-07-31T18:54:53.546+0000] {dagbag.py:545} INFO - Filling up the DagBag from /home/ubuntu/airflow-venv/lib/python3.12/site-packages/airflow/example_dags/example_latest_only.py
[2024-07-31T18:54:53.551+0000] {processor.py:840} INFO - DAG(s) 'latest_only' retrieved from /home/ubuntu/airflow-venv/lib/python3.12/site-packages/airflow/example_dags/example_latest_only.py
[2024-07-31T18:54:53.567+0000] {logging_mixin.py:188} INFO - [2024-07-31T18:54:53.567+0000] {dag.py:3089} INFO - Sync 1 DAGs
[2024-07-31T18:54:53.588+0000] {logging_mixin.py:188} INFO - [2024-07-31T18:54:53.587+0000] {dag.py:3947} INFO - Setting next_dagrun for latest_only to 2024-07-31 12:00:00+00:00, run_after=2024-07-31 16:00:00+00:00
[2024-07-31T18:54:53.611+0000] {processor.py:183} INFO - Processing /home/ubuntu/airflow-venv/lib/python3.12/site-packages/airflow/example_dags/example_latest_only.py took 0.073 seconds
[2024-07-31T18:55:58.611+0000] {processor.py:161} INFO - Started process (PID=4661) to work on /home/ubuntu/airflow-venv/lib/python3.12/site-packages/airflow/example_dags/example_latest_only.py
[2024-07-31T18:55:58.613+0000] {processor.py:830} INFO - Processing file /home/ubuntu/airflow-venv/lib/python3.12/site-packages/airflow/example_dags/example_latest_only.py for tasks to queue
[2024-07-31T18:55:58.614+0000] {logging_mixin.py:188} INFO - [2024-07-31T18:55:58.613+0000] {dagbag.py:545} INFO - Filling up the DagBag from /home/ubuntu/airflow-venv/lib/python3.12/site-packages/airflow/example_dags/example_latest_only.py
[2024-07-31T18:55:58.619+0000] {processor.py:840} INFO - DAG(s) 'latest_only' retrieved from /home/ubuntu/airflow-venv/lib/python3.12/site-packages/airflow/example_dags/example_latest_only.py
[2024-07-31T18:55:58.635+0000] {logging_mixin.py:188} INFO - [2024-07-31T18:55:58.635+0000] {dag.py:3089} INFO - Sync 1 DAGs
[2024-07-31T18:55:58.655+0000] {logging_mixin.py:188} INFO - [2024-07-31T18:55:58.655+0000] {dag.py:3947} INFO - Setting next_dagrun for latest_only to 2024-07-31 12:00:00+00:00, run_after=2024-07-31 16:00:00+00:00
[2024-07-31T18:55:58.678+0000] {processor.py:183} INFO - Processing /home/ubuntu/airflow-venv/lib/python3.12/site-packages/airflow/example_dags/example_latest_only.py took 0.073 seconds
[2024-07-31T18:57:03.410+0000] {processor.py:161} INFO - Started process (PID=5042) to work on /home/ubuntu/airflow-venv/lib/python3.12/site-packages/airflow/example_dags/example_latest_only.py
[2024-07-31T18:57:03.412+0000] {processor.py:830} INFO - Processing file /home/ubuntu/airflow-venv/lib/python3.12/site-packages/airflow/example_dags/example_latest_only.py for tasks to queue
[2024-07-31T18:57:03.412+0000] {logging_mixin.py:188} INFO - [2024-07-31T18:57:03.412+0000] {dagbag.py:545} INFO - Filling up the DagBag from /home/ubuntu/airflow-venv/lib/python3.12/site-packages/airflow/example_dags/example_latest_only.py
[2024-07-31T18:57:03.418+0000] {processor.py:840} INFO - DAG(s) 'latest_only' retrieved from /home/ubuntu/airflow-venv/lib/python3.12/site-packages/airflow/example_dags/example_latest_only.py
[2024-07-31T18:57:03.433+0000] {logging_mixin.py:188} INFO - [2024-07-31T18:57:03.433+0000] {dag.py:3089} INFO - Sync 1 DAGs
[2024-07-31T18:57:03.453+0000] {logging_mixin.py:188} INFO - [2024-07-31T18:57:03.453+0000] {dag.py:3947} INFO - Setting next_dagrun for latest_only to 2024-07-31 12:00:00+00:00, run_after=2024-07-31 16:00:00+00:00
[2024-07-31T18:57:03.476+0000] {processor.py:183} INFO - Processing /home/ubuntu/airflow-venv/lib/python3.12/site-packages/airflow/example_dags/example_latest_only.py took 0.071 seconds
[2024-07-31T18:58:11.310+0000] {processor.py:161} INFO - Started process (PID=5111) to work on /home/ubuntu/airflow-venv/lib/python3.12/site-packages/airflow/example_dags/example_latest_only.py
[2024-07-31T18:58:11.311+0000] {processor.py:830} INFO - Processing file /home/ubuntu/airflow-venv/lib/python3.12/site-packages/airflow/example_dags/example_latest_only.py for tasks to queue
[2024-07-31T18:58:11.312+0000] {logging_mixin.py:188} INFO - [2024-07-31T18:58:11.312+0000] {dagbag.py:545} INFO - Filling up the DagBag from /home/ubuntu/airflow-venv/lib/python3.12/site-packages/airflow/example_dags/example_latest_only.py
[2024-07-31T18:58:11.318+0000] {processor.py:840} INFO - DAG(s) 'latest_only' retrieved from /home/ubuntu/airflow-venv/lib/python3.12/site-packages/airflow/example_dags/example_latest_only.py
[2024-07-31T18:58:11.334+0000] {logging_mixin.py:188} INFO - [2024-07-31T18:58:11.333+0000] {dag.py:3089} INFO - Sync 1 DAGs
[2024-07-31T18:58:11.353+0000] {logging_mixin.py:188} INFO - [2024-07-31T18:58:11.353+0000] {dag.py:3947} INFO - Setting next_dagrun for latest_only to 2024-07-31 12:00:00+00:00, run_after=2024-07-31 16:00:00+00:00
[2024-07-31T18:58:11.378+0000] {processor.py:183} INFO - Processing /home/ubuntu/airflow-venv/lib/python3.12/site-packages/airflow/example_dags/example_latest_only.py took 0.074 seconds
[2024-07-31T18:59:15.702+0000] {processor.py:161} INFO - Started process (PID=5183) to work on /home/ubuntu/airflow-venv/lib/python3.12/site-packages/airflow/example_dags/example_latest_only.py
[2024-07-31T18:59:15.703+0000] {processor.py:830} INFO - Processing file /home/ubuntu/airflow-venv/lib/python3.12/site-packages/airflow/example_dags/example_latest_only.py for tasks to queue
[2024-07-31T18:59:15.704+0000] {logging_mixin.py:188} INFO - [2024-07-31T18:59:15.703+0000] {dagbag.py:545} INFO - Filling up the DagBag from /home/ubuntu/airflow-venv/lib/python3.12/site-packages/airflow/example_dags/example_latest_only.py
[2024-07-31T18:59:15.709+0000] {processor.py:840} INFO - DAG(s) 'latest_only' retrieved from /home/ubuntu/airflow-venv/lib/python3.12/site-packages/airflow/example_dags/example_latest_only.py
[2024-07-31T18:59:15.725+0000] {logging_mixin.py:188} INFO - [2024-07-31T18:59:15.725+0000] {dag.py:3089} INFO - Sync 1 DAGs
[2024-07-31T18:59:15.744+0000] {logging_mixin.py:188} INFO - [2024-07-31T18:59:15.744+0000] {dag.py:3947} INFO - Setting next_dagrun for latest_only to 2024-07-31 12:00:00+00:00, run_after=2024-07-31 16:00:00+00:00
[2024-07-31T18:59:15.768+0000] {processor.py:183} INFO - Processing /home/ubuntu/airflow-venv/lib/python3.12/site-packages/airflow/example_dags/example_latest_only.py took 0.072 seconds
[2024-07-31T19:00:21.214+0000] {processor.py:161} INFO - Started process (PID=5254) to work on /home/ubuntu/airflow-venv/lib/python3.12/site-packages/airflow/example_dags/example_latest_only.py
[2024-07-31T19:00:21.215+0000] {processor.py:830} INFO - Processing file /home/ubuntu/airflow-venv/lib/python3.12/site-packages/airflow/example_dags/example_latest_only.py for tasks to queue
[2024-07-31T19:00:21.216+0000] {logging_mixin.py:188} INFO - [2024-07-31T19:00:21.215+0000] {dagbag.py:545} INFO - Filling up the DagBag from /home/ubuntu/airflow-venv/lib/python3.12/site-packages/airflow/example_dags/example_latest_only.py
[2024-07-31T19:00:21.221+0000] {processor.py:840} INFO - DAG(s) 'latest_only' retrieved from /home/ubuntu/airflow-venv/lib/python3.12/site-packages/airflow/example_dags/example_latest_only.py
[2024-07-31T19:00:21.237+0000] {logging_mixin.py:188} INFO - [2024-07-31T19:00:21.237+0000] {dag.py:3089} INFO - Sync 1 DAGs
[2024-07-31T19:00:21.257+0000] {logging_mixin.py:188} INFO - [2024-07-31T19:00:21.257+0000] {dag.py:3947} INFO - Setting next_dagrun for latest_only to 2024-07-31 12:00:00+00:00, run_after=2024-07-31 16:00:00+00:00
[2024-07-31T19:00:21.281+0000] {processor.py:183} INFO - Processing /home/ubuntu/airflow-venv/lib/python3.12/site-packages/airflow/example_dags/example_latest_only.py took 0.073 seconds
[2024-07-31T19:01:27.518+0000] {processor.py:161} INFO - Started process (PID=5323) to work on /home/ubuntu/airflow-venv/lib/python3.12/site-packages/airflow/example_dags/example_latest_only.py
[2024-07-31T19:01:27.521+0000] {processor.py:830} INFO - Processing file /home/ubuntu/airflow-venv/lib/python3.12/site-packages/airflow/example_dags/example_latest_only.py for tasks to queue
[2024-07-31T19:01:27.522+0000] {logging_mixin.py:188} INFO - [2024-07-31T19:01:27.521+0000] {dagbag.py:545} INFO - Filling up the DagBag from /home/ubuntu/airflow-venv/lib/python3.12/site-packages/airflow/example_dags/example_latest_only.py
[2024-07-31T19:01:27.528+0000] {processor.py:840} INFO - DAG(s) 'latest_only' retrieved from /home/ubuntu/airflow-venv/lib/python3.12/site-packages/airflow/example_dags/example_latest_only.py
[2024-07-31T19:01:27.544+0000] {logging_mixin.py:188} INFO - [2024-07-31T19:01:27.544+0000] {dag.py:3089} INFO - Sync 1 DAGs
[2024-07-31T19:01:27.565+0000] {logging_mixin.py:188} INFO - [2024-07-31T19:01:27.565+0000] {dag.py:3947} INFO - Setting next_dagrun for latest_only to 2024-07-31 12:00:00+00:00, run_after=2024-07-31 16:00:00+00:00
[2024-07-31T19:01:27.589+0000] {processor.py:183} INFO - Processing /home/ubuntu/airflow-venv/lib/python3.12/site-packages/airflow/example_dags/example_latest_only.py took 0.077 seconds
[2024-07-31T19:02:14.980+0000] {processor.py:161} INFO - Started process (PID=5370) to work on /home/ubuntu/airflow-venv/lib/python3.12/site-packages/airflow/example_dags/example_latest_only.py
[2024-07-31T19:02:14.982+0000] {processor.py:830} INFO - Processing file /home/ubuntu/airflow-venv/lib/python3.12/site-packages/airflow/example_dags/example_latest_only.py for tasks to queue
[2024-07-31T19:02:14.982+0000] {logging_mixin.py:188} INFO - [2024-07-31T19:02:14.982+0000] {dagbag.py:545} INFO - Filling up the DagBag from /home/ubuntu/airflow-venv/lib/python3.12/site-packages/airflow/example_dags/example_latest_only.py
[2024-07-31T19:02:14.988+0000] {processor.py:840} INFO - DAG(s) 'latest_only' retrieved from /home/ubuntu/airflow-venv/lib/python3.12/site-packages/airflow/example_dags/example_latest_only.py
[2024-07-31T19:02:15.004+0000] {logging_mixin.py:188} INFO - [2024-07-31T19:02:15.004+0000] {dag.py:3089} INFO - Sync 1 DAGs
[2024-07-31T19:02:15.024+0000] {logging_mixin.py:188} INFO - [2024-07-31T19:02:15.023+0000] {dag.py:3947} INFO - Setting next_dagrun for latest_only to 2024-07-31 12:00:00+00:00, run_after=2024-07-31 16:00:00+00:00
[2024-07-31T19:02:15.047+0000] {processor.py:183} INFO - Processing /home/ubuntu/airflow-venv/lib/python3.12/site-packages/airflow/example_dags/example_latest_only.py took 0.073 seconds
[2024-07-31T19:03:20.154+0000] {processor.py:161} INFO - Started process (PID=5439) to work on /home/ubuntu/airflow-venv/lib/python3.12/site-packages/airflow/example_dags/example_latest_only.py
[2024-07-31T19:03:20.158+0000] {processor.py:830} INFO - Processing file /home/ubuntu/airflow-venv/lib/python3.12/site-packages/airflow/example_dags/example_latest_only.py for tasks to queue
[2024-07-31T19:03:20.159+0000] {logging_mixin.py:188} INFO - [2024-07-31T19:03:20.158+0000] {dagbag.py:545} INFO - Filling up the DagBag from /home/ubuntu/airflow-venv/lib/python3.12/site-packages/airflow/example_dags/example_latest_only.py
[2024-07-31T19:03:20.164+0000] {processor.py:840} INFO - DAG(s) 'latest_only' retrieved from /home/ubuntu/airflow-venv/lib/python3.12/site-packages/airflow/example_dags/example_latest_only.py
[2024-07-31T19:03:20.180+0000] {logging_mixin.py:188} INFO - [2024-07-31T19:03:20.180+0000] {dag.py:3089} INFO - Sync 1 DAGs
[2024-07-31T19:03:20.200+0000] {logging_mixin.py:188} INFO - [2024-07-31T19:03:20.200+0000] {dag.py:3947} INFO - Setting next_dagrun for latest_only to 2024-07-31 12:00:00+00:00, run_after=2024-07-31 16:00:00+00:00
[2024-07-31T19:03:20.224+0000] {processor.py:183} INFO - Processing /home/ubuntu/airflow-venv/lib/python3.12/site-packages/airflow/example_dags/example_latest_only.py took 0.075 seconds
[2024-07-31T19:19:12.089+0000] {processor.py:161} INFO - Started process (PID=5630) to work on /home/ubuntu/airflow-venv/lib/python3.12/site-packages/airflow/example_dags/example_latest_only.py
[2024-07-31T19:19:12.090+0000] {processor.py:830} INFO - Processing file /home/ubuntu/airflow-venv/lib/python3.12/site-packages/airflow/example_dags/example_latest_only.py for tasks to queue
[2024-07-31T19:19:12.092+0000] {logging_mixin.py:188} INFO - [2024-07-31T19:19:12.092+0000] {dagbag.py:545} INFO - Filling up the DagBag from /home/ubuntu/airflow-venv/lib/python3.12/site-packages/airflow/example_dags/example_latest_only.py
[2024-07-31T19:19:12.097+0000] {processor.py:840} INFO - DAG(s) 'latest_only' retrieved from /home/ubuntu/airflow-venv/lib/python3.12/site-packages/airflow/example_dags/example_latest_only.py
[2024-07-31T19:19:12.200+0000] {logging_mixin.py:188} INFO - [2024-07-31T19:19:12.200+0000] {dag.py:3089} INFO - Sync 1 DAGs
[2024-07-31T19:19:12.217+0000] {logging_mixin.py:188} INFO - [2024-07-31T19:19:12.217+0000] {dag.py:3947} INFO - Setting next_dagrun for latest_only to 2024-07-31 12:00:00+00:00, run_after=2024-07-31 16:00:00+00:00
[2024-07-31T19:19:12.242+0000] {processor.py:183} INFO - Processing /home/ubuntu/airflow-venv/lib/python3.12/site-packages/airflow/example_dags/example_latest_only.py took 0.158 seconds
[2024-07-31T19:20:10.640+0000] {processor.py:161} INFO - Started process (PID=5684) to work on /home/ubuntu/airflow-venv/lib/python3.12/site-packages/airflow/example_dags/example_latest_only.py
[2024-07-31T19:20:10.642+0000] {processor.py:830} INFO - Processing file /home/ubuntu/airflow-venv/lib/python3.12/site-packages/airflow/example_dags/example_latest_only.py for tasks to queue
[2024-07-31T19:20:10.643+0000] {logging_mixin.py:188} INFO - [2024-07-31T19:20:10.643+0000] {dagbag.py:545} INFO - Filling up the DagBag from /home/ubuntu/airflow-venv/lib/python3.12/site-packages/airflow/example_dags/example_latest_only.py
[2024-07-31T19:20:10.648+0000] {processor.py:840} INFO - DAG(s) 'latest_only' retrieved from /home/ubuntu/airflow-venv/lib/python3.12/site-packages/airflow/example_dags/example_latest_only.py
[2024-07-31T19:20:10.664+0000] {logging_mixin.py:188} INFO - [2024-07-31T19:20:10.664+0000] {dag.py:3089} INFO - Sync 1 DAGs
[2024-07-31T19:20:10.687+0000] {logging_mixin.py:188} INFO - [2024-07-31T19:20:10.687+0000] {dag.py:3947} INFO - Setting next_dagrun for latest_only to 2024-07-31 12:00:00+00:00, run_after=2024-07-31 16:00:00+00:00
[2024-07-31T19:20:10.714+0000] {processor.py:183} INFO - Processing /home/ubuntu/airflow-venv/lib/python3.12/site-packages/airflow/example_dags/example_latest_only.py took 0.080 seconds
[2024-07-31T19:21:04.587+0000] {processor.py:161} INFO - Started process (PID=5742) to work on /home/ubuntu/airflow-venv/lib/python3.12/site-packages/airflow/example_dags/example_latest_only.py
[2024-07-31T19:21:04.588+0000] {processor.py:830} INFO - Processing file /home/ubuntu/airflow-venv/lib/python3.12/site-packages/airflow/example_dags/example_latest_only.py for tasks to queue
[2024-07-31T19:21:04.590+0000] {logging_mixin.py:188} INFO - [2024-07-31T19:21:04.589+0000] {dagbag.py:545} INFO - Filling up the DagBag from /home/ubuntu/airflow-venv/lib/python3.12/site-packages/airflow/example_dags/example_latest_only.py
[2024-07-31T19:21:04.594+0000] {processor.py:840} INFO - DAG(s) 'latest_only' retrieved from /home/ubuntu/airflow-venv/lib/python3.12/site-packages/airflow/example_dags/example_latest_only.py
[2024-07-31T19:21:04.610+0000] {logging_mixin.py:188} INFO - [2024-07-31T19:21:04.610+0000] {dag.py:3089} INFO - Sync 1 DAGs
[2024-07-31T19:21:04.629+0000] {logging_mixin.py:188} INFO - [2024-07-31T19:21:04.629+0000] {dag.py:3947} INFO - Setting next_dagrun for latest_only to 2024-07-31 12:00:00+00:00, run_after=2024-07-31 16:00:00+00:00
[2024-07-31T19:21:04.652+0000] {processor.py:183} INFO - Processing /home/ubuntu/airflow-venv/lib/python3.12/site-packages/airflow/example_dags/example_latest_only.py took 0.070 seconds
[2024-07-31T19:21:57.538+0000] {processor.py:161} INFO - Started process (PID=5796) to work on /home/ubuntu/airflow-venv/lib/python3.12/site-packages/airflow/example_dags/example_latest_only.py
[2024-07-31T19:21:57.539+0000] {processor.py:830} INFO - Processing file /home/ubuntu/airflow-venv/lib/python3.12/site-packages/airflow/example_dags/example_latest_only.py for tasks to queue
[2024-07-31T19:21:57.541+0000] {logging_mixin.py:188} INFO - [2024-07-31T19:21:57.541+0000] {dagbag.py:545} INFO - Filling up the DagBag from /home/ubuntu/airflow-venv/lib/python3.12/site-packages/airflow/example_dags/example_latest_only.py
[2024-07-31T19:21:57.546+0000] {processor.py:840} INFO - DAG(s) 'latest_only' retrieved from /home/ubuntu/airflow-venv/lib/python3.12/site-packages/airflow/example_dags/example_latest_only.py
[2024-07-31T19:21:57.563+0000] {logging_mixin.py:188} INFO - [2024-07-31T19:21:57.562+0000] {dag.py:3089} INFO - Sync 1 DAGs
[2024-07-31T19:21:57.584+0000] {logging_mixin.py:188} INFO - [2024-07-31T19:21:57.584+0000] {dag.py:3947} INFO - Setting next_dagrun for latest_only to 2024-07-31 12:00:00+00:00, run_after=2024-07-31 16:00:00+00:00
[2024-07-31T19:21:57.609+0000] {processor.py:183} INFO - Processing /home/ubuntu/airflow-venv/lib/python3.12/site-packages/airflow/example_dags/example_latest_only.py took 0.077 seconds
[2024-07-31T19:22:45.279+0000] {processor.py:161} INFO - Started process (PID=5844) to work on /home/ubuntu/airflow-venv/lib/python3.12/site-packages/airflow/example_dags/example_latest_only.py
[2024-07-31T19:22:45.280+0000] {processor.py:830} INFO - Processing file /home/ubuntu/airflow-venv/lib/python3.12/site-packages/airflow/example_dags/example_latest_only.py for tasks to queue
[2024-07-31T19:22:45.281+0000] {logging_mixin.py:188} INFO - [2024-07-31T19:22:45.281+0000] {dagbag.py:545} INFO - Filling up the DagBag from /home/ubuntu/airflow-venv/lib/python3.12/site-packages/airflow/example_dags/example_latest_only.py
[2024-07-31T19:22:45.286+0000] {processor.py:840} INFO - DAG(s) 'latest_only' retrieved from /home/ubuntu/airflow-venv/lib/python3.12/site-packages/airflow/example_dags/example_latest_only.py
[2024-07-31T19:22:45.302+0000] {logging_mixin.py:188} INFO - [2024-07-31T19:22:45.302+0000] {dag.py:3089} INFO - Sync 1 DAGs
[2024-07-31T19:22:45.322+0000] {logging_mixin.py:188} INFO - [2024-07-31T19:22:45.321+0000] {dag.py:3947} INFO - Setting next_dagrun for latest_only to 2024-07-31 12:00:00+00:00, run_after=2024-07-31 16:00:00+00:00
[2024-07-31T19:22:45.345+0000] {processor.py:183} INFO - Processing /home/ubuntu/airflow-venv/lib/python3.12/site-packages/airflow/example_dags/example_latest_only.py took 0.072 seconds
[2024-07-31T19:23:29.717+0000] {processor.py:161} INFO - Started process (PID=5892) to work on /home/ubuntu/airflow-venv/lib/python3.12/site-packages/airflow/example_dags/example_latest_only.py
[2024-07-31T19:23:29.718+0000] {processor.py:830} INFO - Processing file /home/ubuntu/airflow-venv/lib/python3.12/site-packages/airflow/example_dags/example_latest_only.py for tasks to queue
[2024-07-31T19:23:29.719+0000] {logging_mixin.py:188} INFO - [2024-07-31T19:23:29.718+0000] {dagbag.py:545} INFO - Filling up the DagBag from /home/ubuntu/airflow-venv/lib/python3.12/site-packages/airflow/example_dags/example_latest_only.py
[2024-07-31T19:23:29.725+0000] {processor.py:840} INFO - DAG(s) 'latest_only' retrieved from /home/ubuntu/airflow-venv/lib/python3.12/site-packages/airflow/example_dags/example_latest_only.py
[2024-07-31T19:23:29.741+0000] {logging_mixin.py:188} INFO - [2024-07-31T19:23:29.741+0000] {dag.py:3089} INFO - Sync 1 DAGs
[2024-07-31T19:23:29.762+0000] {logging_mixin.py:188} INFO - [2024-07-31T19:23:29.761+0000] {dag.py:3947} INFO - Setting next_dagrun for latest_only to 2024-07-31 12:00:00+00:00, run_after=2024-07-31 16:00:00+00:00
[2024-07-31T19:23:29.786+0000] {processor.py:183} INFO - Processing /home/ubuntu/airflow-venv/lib/python3.12/site-packages/airflow/example_dags/example_latest_only.py took 0.075 seconds
[2024-07-31T19:24:23.846+0000] {processor.py:161} INFO - Started process (PID=5952) to work on /home/ubuntu/airflow-venv/lib/python3.12/site-packages/airflow/example_dags/example_latest_only.py
[2024-07-31T19:24:23.847+0000] {processor.py:830} INFO - Processing file /home/ubuntu/airflow-venv/lib/python3.12/site-packages/airflow/example_dags/example_latest_only.py for tasks to queue
[2024-07-31T19:24:23.848+0000] {logging_mixin.py:188} INFO - [2024-07-31T19:24:23.847+0000] {dagbag.py:545} INFO - Filling up the DagBag from /home/ubuntu/airflow-venv/lib/python3.12/site-packages/airflow/example_dags/example_latest_only.py
[2024-07-31T19:24:23.853+0000] {processor.py:840} INFO - DAG(s) 'latest_only' retrieved from /home/ubuntu/airflow-venv/lib/python3.12/site-packages/airflow/example_dags/example_latest_only.py
[2024-07-31T19:24:23.870+0000] {logging_mixin.py:188} INFO - [2024-07-31T19:24:23.869+0000] {dag.py:3089} INFO - Sync 1 DAGs
[2024-07-31T19:24:23.889+0000] {logging_mixin.py:188} INFO - [2024-07-31T19:24:23.889+0000] {dag.py:3947} INFO - Setting next_dagrun for latest_only to 2024-07-31 12:00:00+00:00, run_after=2024-07-31 16:00:00+00:00
[2024-07-31T19:24:23.913+0000] {processor.py:183} INFO - Processing /home/ubuntu/airflow-venv/lib/python3.12/site-packages/airflow/example_dags/example_latest_only.py took 0.073 seconds
[2024-07-31T19:25:28.161+0000] {processor.py:161} INFO - Started process (PID=6022) to work on /home/ubuntu/airflow-venv/lib/python3.12/site-packages/airflow/example_dags/example_latest_only.py
[2024-07-31T19:25:28.162+0000] {processor.py:830} INFO - Processing file /home/ubuntu/airflow-venv/lib/python3.12/site-packages/airflow/example_dags/example_latest_only.py for tasks to queue
[2024-07-31T19:25:28.163+0000] {logging_mixin.py:188} INFO - [2024-07-31T19:25:28.163+0000] {dagbag.py:545} INFO - Filling up the DagBag from /home/ubuntu/airflow-venv/lib/python3.12/site-packages/airflow/example_dags/example_latest_only.py
[2024-07-31T19:25:28.169+0000] {processor.py:840} INFO - DAG(s) 'latest_only' retrieved from /home/ubuntu/airflow-venv/lib/python3.12/site-packages/airflow/example_dags/example_latest_only.py
[2024-07-31T19:25:28.185+0000] {logging_mixin.py:188} INFO - [2024-07-31T19:25:28.185+0000] {dag.py:3089} INFO - Sync 1 DAGs
[2024-07-31T19:25:28.206+0000] {logging_mixin.py:188} INFO - [2024-07-31T19:25:28.206+0000] {dag.py:3947} INFO - Setting next_dagrun for latest_only to 2024-07-31 12:00:00+00:00, run_after=2024-07-31 16:00:00+00:00
[2024-07-31T19:25:28.234+0000] {processor.py:183} INFO - Processing /home/ubuntu/airflow-venv/lib/python3.12/site-packages/airflow/example_dags/example_latest_only.py took 0.079 seconds
[2024-07-31T19:26:18.710+0000] {processor.py:161} INFO - Started process (PID=6076) to work on /home/ubuntu/airflow-venv/lib/python3.12/site-packages/airflow/example_dags/example_latest_only.py
[2024-07-31T19:26:18.711+0000] {processor.py:830} INFO - Processing file /home/ubuntu/airflow-venv/lib/python3.12/site-packages/airflow/example_dags/example_latest_only.py for tasks to queue
[2024-07-31T19:26:18.712+0000] {logging_mixin.py:188} INFO - [2024-07-31T19:26:18.712+0000] {dagbag.py:545} INFO - Filling up the DagBag from /home/ubuntu/airflow-venv/lib/python3.12/site-packages/airflow/example_dags/example_latest_only.py
[2024-07-31T19:26:18.718+0000] {processor.py:840} INFO - DAG(s) 'latest_only' retrieved from /home/ubuntu/airflow-venv/lib/python3.12/site-packages/airflow/example_dags/example_latest_only.py
[2024-07-31T19:26:18.734+0000] {logging_mixin.py:188} INFO - [2024-07-31T19:26:18.734+0000] {dag.py:3089} INFO - Sync 1 DAGs
[2024-07-31T19:26:18.753+0000] {logging_mixin.py:188} INFO - [2024-07-31T19:26:18.753+0000] {dag.py:3947} INFO - Setting next_dagrun for latest_only to 2024-07-31 12:00:00+00:00, run_after=2024-07-31 16:00:00+00:00
[2024-07-31T19:26:18.777+0000] {processor.py:183} INFO - Processing /home/ubuntu/airflow-venv/lib/python3.12/site-packages/airflow/example_dags/example_latest_only.py took 0.072 seconds
[2024-07-31T19:27:12.031+0000] {processor.py:161} INFO - Started process (PID=6134) to work on /home/ubuntu/airflow-venv/lib/python3.12/site-packages/airflow/example_dags/example_latest_only.py
[2024-07-31T19:27:12.032+0000] {processor.py:830} INFO - Processing file /home/ubuntu/airflow-venv/lib/python3.12/site-packages/airflow/example_dags/example_latest_only.py for tasks to queue
[2024-07-31T19:27:12.033+0000] {logging_mixin.py:188} INFO - [2024-07-31T19:27:12.033+0000] {dagbag.py:545} INFO - Filling up the DagBag from /home/ubuntu/airflow-venv/lib/python3.12/site-packages/airflow/example_dags/example_latest_only.py
[2024-07-31T19:27:12.039+0000] {processor.py:840} INFO - DAG(s) 'latest_only' retrieved from /home/ubuntu/airflow-venv/lib/python3.12/site-packages/airflow/example_dags/example_latest_only.py
[2024-07-31T19:27:12.055+0000] {logging_mixin.py:188} INFO - [2024-07-31T19:27:12.055+0000] {dag.py:3089} INFO - Sync 1 DAGs
[2024-07-31T19:27:12.075+0000] {logging_mixin.py:188} INFO - [2024-07-31T19:27:12.074+0000] {dag.py:3947} INFO - Setting next_dagrun for latest_only to 2024-07-31 12:00:00+00:00, run_after=2024-07-31 16:00:00+00:00
[2024-07-31T19:27:12.100+0000] {processor.py:183} INFO - Processing /home/ubuntu/airflow-venv/lib/python3.12/site-packages/airflow/example_dags/example_latest_only.py took 0.075 seconds
[2024-07-31T19:28:13.344+0000] {processor.py:161} INFO - Started process (PID=6198) to work on /home/ubuntu/airflow-venv/lib/python3.12/site-packages/airflow/example_dags/example_latest_only.py
[2024-07-31T19:28:13.345+0000] {processor.py:830} INFO - Processing file /home/ubuntu/airflow-venv/lib/python3.12/site-packages/airflow/example_dags/example_latest_only.py for tasks to queue
[2024-07-31T19:28:13.346+0000] {logging_mixin.py:188} INFO - [2024-07-31T19:28:13.346+0000] {dagbag.py:545} INFO - Filling up the DagBag from /home/ubuntu/airflow-venv/lib/python3.12/site-packages/airflow/example_dags/example_latest_only.py
[2024-07-31T19:28:13.352+0000] {processor.py:840} INFO - DAG(s) 'latest_only' retrieved from /home/ubuntu/airflow-venv/lib/python3.12/site-packages/airflow/example_dags/example_latest_only.py
[2024-07-31T19:28:13.367+0000] {logging_mixin.py:188} INFO - [2024-07-31T19:28:13.367+0000] {dag.py:3089} INFO - Sync 1 DAGs
[2024-07-31T19:28:13.387+0000] {logging_mixin.py:188} INFO - [2024-07-31T19:28:13.387+0000] {dag.py:3947} INFO - Setting next_dagrun for latest_only to 2024-07-31 12:00:00+00:00, run_after=2024-07-31 16:00:00+00:00
[2024-07-31T19:28:13.412+0000] {processor.py:183} INFO - Processing /home/ubuntu/airflow-venv/lib/python3.12/site-packages/airflow/example_dags/example_latest_only.py took 0.073 seconds
[2024-07-31T19:29:06.456+0000] {processor.py:161} INFO - Started process (PID=6252) to work on /home/ubuntu/airflow-venv/lib/python3.12/site-packages/airflow/example_dags/example_latest_only.py
[2024-07-31T19:29:06.458+0000] {processor.py:830} INFO - Processing file /home/ubuntu/airflow-venv/lib/python3.12/site-packages/airflow/example_dags/example_latest_only.py for tasks to queue
[2024-07-31T19:29:06.459+0000] {logging_mixin.py:188} INFO - [2024-07-31T19:29:06.458+0000] {dagbag.py:545} INFO - Filling up the DagBag from /home/ubuntu/airflow-venv/lib/python3.12/site-packages/airflow/example_dags/example_latest_only.py
[2024-07-31T19:29:06.464+0000] {processor.py:840} INFO - DAG(s) 'latest_only' retrieved from /home/ubuntu/airflow-venv/lib/python3.12/site-packages/airflow/example_dags/example_latest_only.py
[2024-07-31T19:29:06.480+0000] {logging_mixin.py:188} INFO - [2024-07-31T19:29:06.480+0000] {dag.py:3089} INFO - Sync 1 DAGs
[2024-07-31T19:29:06.500+0000] {logging_mixin.py:188} INFO - [2024-07-31T19:29:06.500+0000] {dag.py:3947} INFO - Setting next_dagrun for latest_only to 2024-07-31 12:00:00+00:00, run_after=2024-07-31 16:00:00+00:00
[2024-07-31T19:29:06.524+0000] {processor.py:183} INFO - Processing /home/ubuntu/airflow-venv/lib/python3.12/site-packages/airflow/example_dags/example_latest_only.py took 0.074 seconds
[2024-07-31T19:30:12.163+0000] {processor.py:161} INFO - Started process (PID=6328) to work on /home/ubuntu/airflow-venv/lib/python3.12/site-packages/airflow/example_dags/example_latest_only.py
[2024-07-31T19:30:12.164+0000] {processor.py:830} INFO - Processing file /home/ubuntu/airflow-venv/lib/python3.12/site-packages/airflow/example_dags/example_latest_only.py for tasks to queue
[2024-07-31T19:30:12.165+0000] {logging_mixin.py:188} INFO - [2024-07-31T19:30:12.165+0000] {dagbag.py:545} INFO - Filling up the DagBag from /home/ubuntu/airflow-venv/lib/python3.12/site-packages/airflow/example_dags/example_latest_only.py
[2024-07-31T19:30:12.171+0000] {processor.py:840} INFO - DAG(s) 'latest_only' retrieved from /home/ubuntu/airflow-venv/lib/python3.12/site-packages/airflow/example_dags/example_latest_only.py
[2024-07-31T19:30:12.187+0000] {logging_mixin.py:188} INFO - [2024-07-31T19:30:12.187+0000] {dag.py:3089} INFO - Sync 1 DAGs
[2024-07-31T19:30:12.206+0000] {logging_mixin.py:188} INFO - [2024-07-31T19:30:12.206+0000] {dag.py:3947} INFO - Setting next_dagrun for latest_only to 2024-07-31 12:00:00+00:00, run_after=2024-07-31 16:00:00+00:00
[2024-07-31T19:30:12.229+0000] {processor.py:183} INFO - Processing /home/ubuntu/airflow-venv/lib/python3.12/site-packages/airflow/example_dags/example_latest_only.py took 0.072 seconds
[2024-07-31T19:31:18.175+0000] {processor.py:161} INFO - Started process (PID=6397) to work on /home/ubuntu/airflow-venv/lib/python3.12/site-packages/airflow/example_dags/example_latest_only.py
[2024-07-31T19:31:18.178+0000] {processor.py:830} INFO - Processing file /home/ubuntu/airflow-venv/lib/python3.12/site-packages/airflow/example_dags/example_latest_only.py for tasks to queue
[2024-07-31T19:31:18.178+0000] {logging_mixin.py:188} INFO - [2024-07-31T19:31:18.178+0000] {dagbag.py:545} INFO - Filling up the DagBag from /home/ubuntu/airflow-venv/lib/python3.12/site-packages/airflow/example_dags/example_latest_only.py
[2024-07-31T19:31:18.187+0000] {processor.py:840} INFO - DAG(s) 'latest_only' retrieved from /home/ubuntu/airflow-venv/lib/python3.12/site-packages/airflow/example_dags/example_latest_only.py
[2024-07-31T19:31:18.206+0000] {logging_mixin.py:188} INFO - [2024-07-31T19:31:18.206+0000] {dag.py:3089} INFO - Sync 1 DAGs
[2024-07-31T19:31:18.227+0000] {logging_mixin.py:188} INFO - [2024-07-31T19:31:18.226+0000] {dag.py:3947} INFO - Setting next_dagrun for latest_only to 2024-07-31 12:00:00+00:00, run_after=2024-07-31 16:00:00+00:00
[2024-07-31T19:31:18.257+0000] {processor.py:183} INFO - Processing /home/ubuntu/airflow-venv/lib/python3.12/site-packages/airflow/example_dags/example_latest_only.py took 0.089 seconds
[2024-07-31T19:32:24.900+0000] {processor.py:161} INFO - Started process (PID=6469) to work on /home/ubuntu/airflow-venv/lib/python3.12/site-packages/airflow/example_dags/example_latest_only.py
[2024-07-31T19:32:24.902+0000] {processor.py:830} INFO - Processing file /home/ubuntu/airflow-venv/lib/python3.12/site-packages/airflow/example_dags/example_latest_only.py for tasks to queue
[2024-07-31T19:32:24.903+0000] {logging_mixin.py:188} INFO - [2024-07-31T19:32:24.902+0000] {dagbag.py:545} INFO - Filling up the DagBag from /home/ubuntu/airflow-venv/lib/python3.12/site-packages/airflow/example_dags/example_latest_only.py
[2024-07-31T19:32:24.908+0000] {processor.py:840} INFO - DAG(s) 'latest_only' retrieved from /home/ubuntu/airflow-venv/lib/python3.12/site-packages/airflow/example_dags/example_latest_only.py
[2024-07-31T19:32:24.925+0000] {logging_mixin.py:188} INFO - [2024-07-31T19:32:24.924+0000] {dag.py:3089} INFO - Sync 1 DAGs
[2024-07-31T19:32:24.945+0000] {logging_mixin.py:188} INFO - [2024-07-31T19:32:24.945+0000] {dag.py:3947} INFO - Setting next_dagrun for latest_only to 2024-07-31 12:00:00+00:00, run_after=2024-07-31 16:00:00+00:00
[2024-07-31T19:32:24.970+0000] {processor.py:183} INFO - Processing /home/ubuntu/airflow-venv/lib/python3.12/site-packages/airflow/example_dags/example_latest_only.py took 0.076 seconds
[2024-07-31T19:33:31.777+0000] {processor.py:161} INFO - Started process (PID=6542) to work on /home/ubuntu/airflow-venv/lib/python3.12/site-packages/airflow/example_dags/example_latest_only.py
[2024-07-31T19:33:31.779+0000] {processor.py:830} INFO - Processing file /home/ubuntu/airflow-venv/lib/python3.12/site-packages/airflow/example_dags/example_latest_only.py for tasks to queue
[2024-07-31T19:33:31.780+0000] {logging_mixin.py:188} INFO - [2024-07-31T19:33:31.779+0000] {dagbag.py:545} INFO - Filling up the DagBag from /home/ubuntu/airflow-venv/lib/python3.12/site-packages/airflow/example_dags/example_latest_only.py
[2024-07-31T19:33:31.785+0000] {processor.py:840} INFO - DAG(s) 'latest_only' retrieved from /home/ubuntu/airflow-venv/lib/python3.12/site-packages/airflow/example_dags/example_latest_only.py
[2024-07-31T19:33:31.802+0000] {logging_mixin.py:188} INFO - [2024-07-31T19:33:31.801+0000] {dag.py:3089} INFO - Sync 1 DAGs
[2024-07-31T19:33:31.821+0000] {logging_mixin.py:188} INFO - [2024-07-31T19:33:31.821+0000] {dag.py:3947} INFO - Setting next_dagrun for latest_only to 2024-07-31 12:00:00+00:00, run_after=2024-07-31 16:00:00+00:00
[2024-07-31T19:33:31.845+0000] {processor.py:183} INFO - Processing /home/ubuntu/airflow-venv/lib/python3.12/site-packages/airflow/example_dags/example_latest_only.py took 0.073 seconds
[2024-07-31T19:34:26.985+0000] {processor.py:161} INFO - Started process (PID=6599) to work on /home/ubuntu/airflow-venv/lib/python3.12/site-packages/airflow/example_dags/example_latest_only.py
[2024-07-31T19:34:26.987+0000] {processor.py:830} INFO - Processing file /home/ubuntu/airflow-venv/lib/python3.12/site-packages/airflow/example_dags/example_latest_only.py for tasks to queue
[2024-07-31T19:34:26.988+0000] {logging_mixin.py:188} INFO - [2024-07-31T19:34:26.987+0000] {dagbag.py:545} INFO - Filling up the DagBag from /home/ubuntu/airflow-venv/lib/python3.12/site-packages/airflow/example_dags/example_latest_only.py
[2024-07-31T19:34:26.993+0000] {processor.py:840} INFO - DAG(s) 'latest_only' retrieved from /home/ubuntu/airflow-venv/lib/python3.12/site-packages/airflow/example_dags/example_latest_only.py
[2024-07-31T19:34:27.010+0000] {logging_mixin.py:188} INFO - [2024-07-31T19:34:27.009+0000] {dag.py:3089} INFO - Sync 1 DAGs
[2024-07-31T19:34:27.030+0000] {logging_mixin.py:188} INFO - [2024-07-31T19:34:27.030+0000] {dag.py:3947} INFO - Setting next_dagrun for latest_only to 2024-07-31 12:00:00+00:00, run_after=2024-07-31 16:00:00+00:00
[2024-07-31T19:34:27.054+0000] {processor.py:183} INFO - Processing /home/ubuntu/airflow-venv/lib/python3.12/site-packages/airflow/example_dags/example_latest_only.py took 0.075 seconds
