[2024-07-31T18:43:09.943+0000] {processor.py:161} INFO - Started process (PID=3449) to work on /home/ubuntu/airflow-venv/lib/python3.12/site-packages/airflow/example_dags/example_skip_dag.py
[2024-07-31T18:43:09.944+0000] {processor.py:830} INFO - Processing file /home/ubuntu/airflow-venv/lib/python3.12/site-packages/airflow/example_dags/example_skip_dag.py for tasks to queue
[2024-07-31T18:43:09.947+0000] {logging_mixin.py:188} INFO - [2024-07-31T18:43:09.946+0000] {dagbag.py:545} INFO - Filling up the DagBag from /home/ubuntu/airflow-venv/lib/python3.12/site-packages/airflow/example_dags/example_skip_dag.py
[2024-07-31T18:43:09.953+0000] {processor.py:840} INFO - DAG(s) 'example_skip_dag' retrieved from /home/ubuntu/airflow-venv/lib/python3.12/site-packages/airflow/example_dags/example_skip_dag.py
[2024-07-31T18:43:10.076+0000] {logging_mixin.py:188} INFO - [2024-07-31T18:43:10.075+0000] {override.py:1858} INFO - Created Permission View: can edit on DAG:example_skip_dag
[2024-07-31T18:43:10.091+0000] {logging_mixin.py:188} INFO - [2024-07-31T18:43:10.090+0000] {override.py:1858} INFO - Created Permission View: can read on DAG:example_skip_dag
[2024-07-31T18:43:10.194+0000] {logging_mixin.py:188} INFO - [2024-07-31T18:43:10.194+0000] {override.py:1858} INFO - Created Permission View: can delete on DAG:example_skip_dag
[2024-07-31T18:43:10.195+0000] {logging_mixin.py:188} INFO - [2024-07-31T18:43:10.194+0000] {dag.py:3089} INFO - Sync 1 DAGs
[2024-07-31T18:43:10.205+0000] {logging_mixin.py:188} INFO - [2024-07-31T18:43:10.205+0000] {dag.py:3111} INFO - Creating ORM DAG for example_skip_dag
[2024-07-31T18:43:10.215+0000] {logging_mixin.py:188} INFO - [2024-07-31T18:43:10.215+0000] {dag.py:3947} INFO - Setting next_dagrun for example_skip_dag to 2024-07-30 00:00:00+00:00, run_after=2024-07-31 00:00:00+00:00
[2024-07-31T18:43:10.327+0000] {processor.py:183} INFO - Processing /home/ubuntu/airflow-venv/lib/python3.12/site-packages/airflow/example_dags/example_skip_dag.py took 0.389 seconds
[2024-07-31T18:44:08.350+0000] {processor.py:161} INFO - Started process (PID=3526) to work on /home/ubuntu/airflow-venv/lib/python3.12/site-packages/airflow/example_dags/example_skip_dag.py
[2024-07-31T18:44:08.351+0000] {processor.py:830} INFO - Processing file /home/ubuntu/airflow-venv/lib/python3.12/site-packages/airflow/example_dags/example_skip_dag.py for tasks to queue
[2024-07-31T18:44:08.353+0000] {logging_mixin.py:188} INFO - [2024-07-31T18:44:08.352+0000] {dagbag.py:545} INFO - Filling up the DagBag from /home/ubuntu/airflow-venv/lib/python3.12/site-packages/airflow/example_dags/example_skip_dag.py
[2024-07-31T18:44:08.359+0000] {processor.py:840} INFO - DAG(s) 'example_skip_dag' retrieved from /home/ubuntu/airflow-venv/lib/python3.12/site-packages/airflow/example_dags/example_skip_dag.py
[2024-07-31T18:44:08.377+0000] {logging_mixin.py:188} INFO - [2024-07-31T18:44:08.376+0000] {dag.py:3089} INFO - Sync 1 DAGs
[2024-07-31T18:44:08.397+0000] {logging_mixin.py:188} INFO - [2024-07-31T18:44:08.397+0000] {dag.py:3947} INFO - Setting next_dagrun for example_skip_dag to 2024-07-30 00:00:00+00:00, run_after=2024-07-31 00:00:00+00:00
[2024-07-31T18:44:08.419+0000] {processor.py:183} INFO - Processing /home/ubuntu/airflow-venv/lib/python3.12/site-packages/airflow/example_dags/example_skip_dag.py took 0.075 seconds
[2024-07-31T18:44:56.163+0000] {processor.py:161} INFO - Started process (PID=3581) to work on /home/ubuntu/airflow-venv/lib/python3.12/site-packages/airflow/example_dags/example_skip_dag.py
[2024-07-31T18:44:56.165+0000] {processor.py:830} INFO - Processing file /home/ubuntu/airflow-venv/lib/python3.12/site-packages/airflow/example_dags/example_skip_dag.py for tasks to queue
[2024-07-31T18:44:56.167+0000] {logging_mixin.py:188} INFO - [2024-07-31T18:44:56.166+0000] {dagbag.py:545} INFO - Filling up the DagBag from /home/ubuntu/airflow-venv/lib/python3.12/site-packages/airflow/example_dags/example_skip_dag.py
[2024-07-31T18:44:56.173+0000] {processor.py:840} INFO - DAG(s) 'example_skip_dag' retrieved from /home/ubuntu/airflow-venv/lib/python3.12/site-packages/airflow/example_dags/example_skip_dag.py
[2024-07-31T18:44:56.190+0000] {logging_mixin.py:188} INFO - [2024-07-31T18:44:56.190+0000] {dag.py:3089} INFO - Sync 1 DAGs
[2024-07-31T18:44:56.210+0000] {logging_mixin.py:188} INFO - [2024-07-31T18:44:56.209+0000] {dag.py:3947} INFO - Setting next_dagrun for example_skip_dag to 2024-07-30 00:00:00+00:00, run_after=2024-07-31 00:00:00+00:00
[2024-07-31T18:44:56.232+0000] {processor.py:183} INFO - Processing /home/ubuntu/airflow-venv/lib/python3.12/site-packages/airflow/example_dags/example_skip_dag.py took 0.075 seconds
[2024-07-31T18:45:46.429+0000] {processor.py:161} INFO - Started process (PID=3639) to work on /home/ubuntu/airflow-venv/lib/python3.12/site-packages/airflow/example_dags/example_skip_dag.py
[2024-07-31T18:45:46.430+0000] {processor.py:830} INFO - Processing file /home/ubuntu/airflow-venv/lib/python3.12/site-packages/airflow/example_dags/example_skip_dag.py for tasks to queue
[2024-07-31T18:45:46.432+0000] {logging_mixin.py:188} INFO - [2024-07-31T18:45:46.431+0000] {dagbag.py:545} INFO - Filling up the DagBag from /home/ubuntu/airflow-venv/lib/python3.12/site-packages/airflow/example_dags/example_skip_dag.py
[2024-07-31T18:45:46.439+0000] {processor.py:840} INFO - DAG(s) 'example_skip_dag' retrieved from /home/ubuntu/airflow-venv/lib/python3.12/site-packages/airflow/example_dags/example_skip_dag.py
[2024-07-31T18:45:46.456+0000] {logging_mixin.py:188} INFO - [2024-07-31T18:45:46.456+0000] {dag.py:3089} INFO - Sync 1 DAGs
[2024-07-31T18:45:46.476+0000] {logging_mixin.py:188} INFO - [2024-07-31T18:45:46.476+0000] {dag.py:3947} INFO - Setting next_dagrun for example_skip_dag to 2024-07-30 00:00:00+00:00, run_after=2024-07-31 00:00:00+00:00
[2024-07-31T18:45:46.499+0000] {processor.py:183} INFO - Processing /home/ubuntu/airflow-venv/lib/python3.12/site-packages/airflow/example_dags/example_skip_dag.py took 0.076 seconds
[2024-07-31T18:46:27.682+0000] {processor.py:161} INFO - Started process (PID=3782) to work on /home/ubuntu/airflow-venv/lib/python3.12/site-packages/airflow/example_dags/example_skip_dag.py
[2024-07-31T18:46:27.683+0000] {processor.py:830} INFO - Processing file /home/ubuntu/airflow-venv/lib/python3.12/site-packages/airflow/example_dags/example_skip_dag.py for tasks to queue
[2024-07-31T18:46:27.685+0000] {logging_mixin.py:188} INFO - [2024-07-31T18:46:27.684+0000] {dagbag.py:545} INFO - Filling up the DagBag from /home/ubuntu/airflow-venv/lib/python3.12/site-packages/airflow/example_dags/example_skip_dag.py
[2024-07-31T18:46:27.691+0000] {processor.py:840} INFO - DAG(s) 'example_skip_dag' retrieved from /home/ubuntu/airflow-venv/lib/python3.12/site-packages/airflow/example_dags/example_skip_dag.py
[2024-07-31T18:46:27.708+0000] {logging_mixin.py:188} INFO - [2024-07-31T18:46:27.708+0000] {dag.py:3089} INFO - Sync 1 DAGs
[2024-07-31T18:46:27.729+0000] {logging_mixin.py:188} INFO - [2024-07-31T18:46:27.729+0000] {dag.py:3947} INFO - Setting next_dagrun for example_skip_dag to 2024-07-30 00:00:00+00:00, run_after=2024-07-31 00:00:00+00:00
[2024-07-31T18:46:27.751+0000] {processor.py:183} INFO - Processing /home/ubuntu/airflow-venv/lib/python3.12/site-packages/airflow/example_dags/example_skip_dag.py took 0.075 seconds
[2024-07-31T18:47:08.684+0000] {processor.py:161} INFO - Started process (PID=3917) to work on /home/ubuntu/airflow-venv/lib/python3.12/site-packages/airflow/example_dags/example_skip_dag.py
[2024-07-31T18:47:08.686+0000] {processor.py:830} INFO - Processing file /home/ubuntu/airflow-venv/lib/python3.12/site-packages/airflow/example_dags/example_skip_dag.py for tasks to queue
[2024-07-31T18:47:08.687+0000] {logging_mixin.py:188} INFO - [2024-07-31T18:47:08.687+0000] {dagbag.py:545} INFO - Filling up the DagBag from /home/ubuntu/airflow-venv/lib/python3.12/site-packages/airflow/example_dags/example_skip_dag.py
[2024-07-31T18:47:08.694+0000] {processor.py:840} INFO - DAG(s) 'example_skip_dag' retrieved from /home/ubuntu/airflow-venv/lib/python3.12/site-packages/airflow/example_dags/example_skip_dag.py
[2024-07-31T18:47:08.712+0000] {logging_mixin.py:188} INFO - [2024-07-31T18:47:08.711+0000] {dag.py:3089} INFO - Sync 1 DAGs
[2024-07-31T18:47:08.732+0000] {logging_mixin.py:188} INFO - [2024-07-31T18:47:08.732+0000] {dag.py:3947} INFO - Setting next_dagrun for example_skip_dag to 2024-07-30 00:00:00+00:00, run_after=2024-07-31 00:00:00+00:00
[2024-07-31T18:47:08.757+0000] {processor.py:183} INFO - Processing /home/ubuntu/airflow-venv/lib/python3.12/site-packages/airflow/example_dags/example_skip_dag.py took 0.079 seconds
[2024-07-31T18:47:50.180+0000] {processor.py:161} INFO - Started process (PID=3962) to work on /home/ubuntu/airflow-venv/lib/python3.12/site-packages/airflow/example_dags/example_skip_dag.py
[2024-07-31T18:47:50.181+0000] {processor.py:830} INFO - Processing file /home/ubuntu/airflow-venv/lib/python3.12/site-packages/airflow/example_dags/example_skip_dag.py for tasks to queue
[2024-07-31T18:47:50.183+0000] {logging_mixin.py:188} INFO - [2024-07-31T18:47:50.183+0000] {dagbag.py:545} INFO - Filling up the DagBag from /home/ubuntu/airflow-venv/lib/python3.12/site-packages/airflow/example_dags/example_skip_dag.py
[2024-07-31T18:47:50.189+0000] {processor.py:840} INFO - DAG(s) 'example_skip_dag' retrieved from /home/ubuntu/airflow-venv/lib/python3.12/site-packages/airflow/example_dags/example_skip_dag.py
[2024-07-31T18:47:50.206+0000] {logging_mixin.py:188} INFO - [2024-07-31T18:47:50.206+0000] {dag.py:3089} INFO - Sync 1 DAGs
[2024-07-31T18:47:50.226+0000] {logging_mixin.py:188} INFO - [2024-07-31T18:47:50.226+0000] {dag.py:3947} INFO - Setting next_dagrun for example_skip_dag to 2024-07-30 00:00:00+00:00, run_after=2024-07-31 00:00:00+00:00
[2024-07-31T18:47:50.249+0000] {processor.py:183} INFO - Processing /home/ubuntu/airflow-venv/lib/python3.12/site-packages/airflow/example_dags/example_skip_dag.py took 0.075 seconds
[2024-07-31T18:48:45.612+0000] {processor.py:161} INFO - Started process (PID=4189) to work on /home/ubuntu/airflow-venv/lib/python3.12/site-packages/airflow/example_dags/example_skip_dag.py
[2024-07-31T18:48:45.614+0000] {processor.py:830} INFO - Processing file /home/ubuntu/airflow-venv/lib/python3.12/site-packages/airflow/example_dags/example_skip_dag.py for tasks to queue
[2024-07-31T18:48:45.616+0000] {logging_mixin.py:188} INFO - [2024-07-31T18:48:45.615+0000] {dagbag.py:545} INFO - Filling up the DagBag from /home/ubuntu/airflow-venv/lib/python3.12/site-packages/airflow/example_dags/example_skip_dag.py
[2024-07-31T18:48:45.623+0000] {processor.py:840} INFO - DAG(s) 'example_skip_dag' retrieved from /home/ubuntu/airflow-venv/lib/python3.12/site-packages/airflow/example_dags/example_skip_dag.py
[2024-07-31T18:48:45.640+0000] {logging_mixin.py:188} INFO - [2024-07-31T18:48:45.640+0000] {dag.py:3089} INFO - Sync 1 DAGs
[2024-07-31T18:48:45.660+0000] {logging_mixin.py:188} INFO - [2024-07-31T18:48:45.660+0000] {dag.py:3947} INFO - Setting next_dagrun for example_skip_dag to 2024-07-30 00:00:00+00:00, run_after=2024-07-31 00:00:00+00:00
[2024-07-31T18:48:45.685+0000] {processor.py:183} INFO - Processing /home/ubuntu/airflow-venv/lib/python3.12/site-packages/airflow/example_dags/example_skip_dag.py took 0.078 seconds
[2024-07-31T18:49:26.484+0000] {processor.py:161} INFO - Started process (PID=4232) to work on /home/ubuntu/airflow-venv/lib/python3.12/site-packages/airflow/example_dags/example_skip_dag.py
[2024-07-31T18:49:26.486+0000] {processor.py:830} INFO - Processing file /home/ubuntu/airflow-venv/lib/python3.12/site-packages/airflow/example_dags/example_skip_dag.py for tasks to queue
[2024-07-31T18:49:26.487+0000] {logging_mixin.py:188} INFO - [2024-07-31T18:49:26.487+0000] {dagbag.py:545} INFO - Filling up the DagBag from /home/ubuntu/airflow-venv/lib/python3.12/site-packages/airflow/example_dags/example_skip_dag.py
[2024-07-31T18:49:26.494+0000] {processor.py:840} INFO - DAG(s) 'example_skip_dag' retrieved from /home/ubuntu/airflow-venv/lib/python3.12/site-packages/airflow/example_dags/example_skip_dag.py
[2024-07-31T18:49:26.511+0000] {logging_mixin.py:188} INFO - [2024-07-31T18:49:26.511+0000] {dag.py:3089} INFO - Sync 1 DAGs
[2024-07-31T18:49:26.531+0000] {logging_mixin.py:188} INFO - [2024-07-31T18:49:26.531+0000] {dag.py:3947} INFO - Setting next_dagrun for example_skip_dag to 2024-07-30 00:00:00+00:00, run_after=2024-07-31 00:00:00+00:00
[2024-07-31T18:49:26.555+0000] {processor.py:183} INFO - Processing /home/ubuntu/airflow-venv/lib/python3.12/site-packages/airflow/example_dags/example_skip_dag.py took 0.077 seconds
[2024-07-31T18:50:05.588+0000] {processor.py:161} INFO - Started process (PID=4275) to work on /home/ubuntu/airflow-venv/lib/python3.12/site-packages/airflow/example_dags/example_skip_dag.py
[2024-07-31T18:50:05.589+0000] {processor.py:830} INFO - Processing file /home/ubuntu/airflow-venv/lib/python3.12/site-packages/airflow/example_dags/example_skip_dag.py for tasks to queue
[2024-07-31T18:50:05.591+0000] {logging_mixin.py:188} INFO - [2024-07-31T18:50:05.590+0000] {dagbag.py:545} INFO - Filling up the DagBag from /home/ubuntu/airflow-venv/lib/python3.12/site-packages/airflow/example_dags/example_skip_dag.py
[2024-07-31T18:50:05.598+0000] {processor.py:840} INFO - DAG(s) 'example_skip_dag' retrieved from /home/ubuntu/airflow-venv/lib/python3.12/site-packages/airflow/example_dags/example_skip_dag.py
[2024-07-31T18:50:05.614+0000] {logging_mixin.py:188} INFO - [2024-07-31T18:50:05.614+0000] {dag.py:3089} INFO - Sync 1 DAGs
[2024-07-31T18:50:05.635+0000] {logging_mixin.py:188} INFO - [2024-07-31T18:50:05.635+0000] {dag.py:3947} INFO - Setting next_dagrun for example_skip_dag to 2024-07-30 00:00:00+00:00, run_after=2024-07-31 00:00:00+00:00
[2024-07-31T18:50:05.659+0000] {processor.py:183} INFO - Processing /home/ubuntu/airflow-venv/lib/python3.12/site-packages/airflow/example_dags/example_skip_dag.py took 0.077 seconds
[2024-07-31T18:50:45.398+0000] {processor.py:161} INFO - Started process (PID=4319) to work on /home/ubuntu/airflow-venv/lib/python3.12/site-packages/airflow/example_dags/example_skip_dag.py
[2024-07-31T18:50:45.399+0000] {processor.py:830} INFO - Processing file /home/ubuntu/airflow-venv/lib/python3.12/site-packages/airflow/example_dags/example_skip_dag.py for tasks to queue
[2024-07-31T18:50:45.401+0000] {logging_mixin.py:188} INFO - [2024-07-31T18:50:45.400+0000] {dagbag.py:545} INFO - Filling up the DagBag from /home/ubuntu/airflow-venv/lib/python3.12/site-packages/airflow/example_dags/example_skip_dag.py
[2024-07-31T18:50:45.408+0000] {processor.py:840} INFO - DAG(s) 'example_skip_dag' retrieved from /home/ubuntu/airflow-venv/lib/python3.12/site-packages/airflow/example_dags/example_skip_dag.py
[2024-07-31T18:50:45.425+0000] {logging_mixin.py:188} INFO - [2024-07-31T18:50:45.424+0000] {dag.py:3089} INFO - Sync 1 DAGs
[2024-07-31T18:50:45.445+0000] {logging_mixin.py:188} INFO - [2024-07-31T18:50:45.444+0000] {dag.py:3947} INFO - Setting next_dagrun for example_skip_dag to 2024-07-30 00:00:00+00:00, run_after=2024-07-31 00:00:00+00:00
[2024-07-31T18:50:45.468+0000] {processor.py:183} INFO - Processing /home/ubuntu/airflow-venv/lib/python3.12/site-packages/airflow/example_dags/example_skip_dag.py took 0.076 seconds
[2024-07-31T18:51:25.829+0000] {processor.py:161} INFO - Started process (PID=4363) to work on /home/ubuntu/airflow-venv/lib/python3.12/site-packages/airflow/example_dags/example_skip_dag.py
[2024-07-31T18:51:25.830+0000] {processor.py:830} INFO - Processing file /home/ubuntu/airflow-venv/lib/python3.12/site-packages/airflow/example_dags/example_skip_dag.py for tasks to queue
[2024-07-31T18:51:25.832+0000] {logging_mixin.py:188} INFO - [2024-07-31T18:51:25.831+0000] {dagbag.py:545} INFO - Filling up the DagBag from /home/ubuntu/airflow-venv/lib/python3.12/site-packages/airflow/example_dags/example_skip_dag.py
[2024-07-31T18:51:25.838+0000] {processor.py:840} INFO - DAG(s) 'example_skip_dag' retrieved from /home/ubuntu/airflow-venv/lib/python3.12/site-packages/airflow/example_dags/example_skip_dag.py
[2024-07-31T18:51:25.855+0000] {logging_mixin.py:188} INFO - [2024-07-31T18:51:25.854+0000] {dag.py:3089} INFO - Sync 1 DAGs
[2024-07-31T18:51:25.873+0000] {logging_mixin.py:188} INFO - [2024-07-31T18:51:25.873+0000] {dag.py:3947} INFO - Setting next_dagrun for example_skip_dag to 2024-07-30 00:00:00+00:00, run_after=2024-07-31 00:00:00+00:00
[2024-07-31T18:51:25.897+0000] {processor.py:183} INFO - Processing /home/ubuntu/airflow-venv/lib/python3.12/site-packages/airflow/example_dags/example_skip_dag.py took 0.074 seconds
[2024-07-31T18:52:22.957+0000] {processor.py:161} INFO - Started process (PID=4424) to work on /home/ubuntu/airflow-venv/lib/python3.12/site-packages/airflow/example_dags/example_skip_dag.py
[2024-07-31T18:52:22.959+0000] {processor.py:830} INFO - Processing file /home/ubuntu/airflow-venv/lib/python3.12/site-packages/airflow/example_dags/example_skip_dag.py for tasks to queue
[2024-07-31T18:52:22.960+0000] {logging_mixin.py:188} INFO - [2024-07-31T18:52:22.960+0000] {dagbag.py:545} INFO - Filling up the DagBag from /home/ubuntu/airflow-venv/lib/python3.12/site-packages/airflow/example_dags/example_skip_dag.py
[2024-07-31T18:52:22.967+0000] {processor.py:840} INFO - DAG(s) 'example_skip_dag' retrieved from /home/ubuntu/airflow-venv/lib/python3.12/site-packages/airflow/example_dags/example_skip_dag.py
[2024-07-31T18:52:22.984+0000] {logging_mixin.py:188} INFO - [2024-07-31T18:52:22.984+0000] {dag.py:3089} INFO - Sync 1 DAGs
[2024-07-31T18:52:23.004+0000] {logging_mixin.py:188} INFO - [2024-07-31T18:52:23.004+0000] {dag.py:3947} INFO - Setting next_dagrun for example_skip_dag to 2024-07-30 00:00:00+00:00, run_after=2024-07-31 00:00:00+00:00
[2024-07-31T18:52:23.027+0000] {processor.py:183} INFO - Processing /home/ubuntu/airflow-venv/lib/python3.12/site-packages/airflow/example_dags/example_skip_dag.py took 0.076 seconds
[2024-07-31T18:53:21.390+0000] {processor.py:161} INFO - Started process (PID=4489) to work on /home/ubuntu/airflow-venv/lib/python3.12/site-packages/airflow/example_dags/example_skip_dag.py
[2024-07-31T18:53:21.391+0000] {processor.py:830} INFO - Processing file /home/ubuntu/airflow-venv/lib/python3.12/site-packages/airflow/example_dags/example_skip_dag.py for tasks to queue
[2024-07-31T18:53:21.392+0000] {logging_mixin.py:188} INFO - [2024-07-31T18:53:21.391+0000] {dagbag.py:545} INFO - Filling up the DagBag from /home/ubuntu/airflow-venv/lib/python3.12/site-packages/airflow/example_dags/example_skip_dag.py
[2024-07-31T18:53:21.399+0000] {processor.py:840} INFO - DAG(s) 'example_skip_dag' retrieved from /home/ubuntu/airflow-venv/lib/python3.12/site-packages/airflow/example_dags/example_skip_dag.py
[2024-07-31T18:53:21.417+0000] {logging_mixin.py:188} INFO - [2024-07-31T18:53:21.416+0000] {dag.py:3089} INFO - Sync 1 DAGs
[2024-07-31T18:53:21.437+0000] {logging_mixin.py:188} INFO - [2024-07-31T18:53:21.436+0000] {dag.py:3947} INFO - Setting next_dagrun for example_skip_dag to 2024-07-30 00:00:00+00:00, run_after=2024-07-31 00:00:00+00:00
[2024-07-31T18:53:21.460+0000] {processor.py:183} INFO - Processing /home/ubuntu/airflow-venv/lib/python3.12/site-packages/airflow/example_dags/example_skip_dag.py took 0.077 seconds
[2024-07-31T18:54:03.212+0000] {processor.py:161} INFO - Started process (PID=4536) to work on /home/ubuntu/airflow-venv/lib/python3.12/site-packages/airflow/example_dags/example_skip_dag.py
[2024-07-31T18:54:03.213+0000] {processor.py:830} INFO - Processing file /home/ubuntu/airflow-venv/lib/python3.12/site-packages/airflow/example_dags/example_skip_dag.py for tasks to queue
[2024-07-31T18:54:03.214+0000] {logging_mixin.py:188} INFO - [2024-07-31T18:54:03.214+0000] {dagbag.py:545} INFO - Filling up the DagBag from /home/ubuntu/airflow-venv/lib/python3.12/site-packages/airflow/example_dags/example_skip_dag.py
[2024-07-31T18:54:03.221+0000] {processor.py:840} INFO - DAG(s) 'example_skip_dag' retrieved from /home/ubuntu/airflow-venv/lib/python3.12/site-packages/airflow/example_dags/example_skip_dag.py
[2024-07-31T18:54:03.238+0000] {logging_mixin.py:188} INFO - [2024-07-31T18:54:03.238+0000] {dag.py:3089} INFO - Sync 1 DAGs
[2024-07-31T18:54:03.258+0000] {logging_mixin.py:188} INFO - [2024-07-31T18:54:03.258+0000] {dag.py:3947} INFO - Setting next_dagrun for example_skip_dag to 2024-07-30 00:00:00+00:00, run_after=2024-07-31 00:00:00+00:00
[2024-07-31T18:54:03.281+0000] {processor.py:183} INFO - Processing /home/ubuntu/airflow-venv/lib/python3.12/site-packages/airflow/example_dags/example_skip_dag.py took 0.075 seconds
[2024-07-31T18:54:44.986+0000] {processor.py:161} INFO - Started process (PID=4581) to work on /home/ubuntu/airflow-venv/lib/python3.12/site-packages/airflow/example_dags/example_skip_dag.py
[2024-07-31T18:54:44.988+0000] {processor.py:830} INFO - Processing file /home/ubuntu/airflow-venv/lib/python3.12/site-packages/airflow/example_dags/example_skip_dag.py for tasks to queue
[2024-07-31T18:54:44.989+0000] {logging_mixin.py:188} INFO - [2024-07-31T18:54:44.988+0000] {dagbag.py:545} INFO - Filling up the DagBag from /home/ubuntu/airflow-venv/lib/python3.12/site-packages/airflow/example_dags/example_skip_dag.py
[2024-07-31T18:54:44.996+0000] {processor.py:840} INFO - DAG(s) 'example_skip_dag' retrieved from /home/ubuntu/airflow-venv/lib/python3.12/site-packages/airflow/example_dags/example_skip_dag.py
[2024-07-31T18:54:45.013+0000] {logging_mixin.py:188} INFO - [2024-07-31T18:54:45.013+0000] {dag.py:3089} INFO - Sync 1 DAGs
[2024-07-31T18:54:45.033+0000] {logging_mixin.py:188} INFO - [2024-07-31T18:54:45.032+0000] {dag.py:3947} INFO - Setting next_dagrun for example_skip_dag to 2024-07-30 00:00:00+00:00, run_after=2024-07-31 00:00:00+00:00
[2024-07-31T18:54:45.055+0000] {processor.py:183} INFO - Processing /home/ubuntu/airflow-venv/lib/python3.12/site-packages/airflow/example_dags/example_skip_dag.py took 0.074 seconds
[2024-07-31T18:55:26.594+0000] {processor.py:161} INFO - Started process (PID=4628) to work on /home/ubuntu/airflow-venv/lib/python3.12/site-packages/airflow/example_dags/example_skip_dag.py
[2024-07-31T18:55:26.596+0000] {processor.py:830} INFO - Processing file /home/ubuntu/airflow-venv/lib/python3.12/site-packages/airflow/example_dags/example_skip_dag.py for tasks to queue
[2024-07-31T18:55:26.597+0000] {logging_mixin.py:188} INFO - [2024-07-31T18:55:26.596+0000] {dagbag.py:545} INFO - Filling up the DagBag from /home/ubuntu/airflow-venv/lib/python3.12/site-packages/airflow/example_dags/example_skip_dag.py
[2024-07-31T18:55:26.604+0000] {processor.py:840} INFO - DAG(s) 'example_skip_dag' retrieved from /home/ubuntu/airflow-venv/lib/python3.12/site-packages/airflow/example_dags/example_skip_dag.py
[2024-07-31T18:55:26.621+0000] {logging_mixin.py:188} INFO - [2024-07-31T18:55:26.621+0000] {dag.py:3089} INFO - Sync 1 DAGs
[2024-07-31T18:55:26.641+0000] {logging_mixin.py:188} INFO - [2024-07-31T18:55:26.641+0000] {dag.py:3947} INFO - Setting next_dagrun for example_skip_dag to 2024-07-30 00:00:00+00:00, run_after=2024-07-31 00:00:00+00:00
[2024-07-31T18:55:26.665+0000] {processor.py:183} INFO - Processing /home/ubuntu/airflow-venv/lib/python3.12/site-packages/airflow/example_dags/example_skip_dag.py took 0.077 seconds
[2024-07-31T18:56:09.492+0000] {processor.py:161} INFO - Started process (PID=4674) to work on /home/ubuntu/airflow-venv/lib/python3.12/site-packages/airflow/example_dags/example_skip_dag.py
[2024-07-31T18:56:09.494+0000] {processor.py:830} INFO - Processing file /home/ubuntu/airflow-venv/lib/python3.12/site-packages/airflow/example_dags/example_skip_dag.py for tasks to queue
[2024-07-31T18:56:09.495+0000] {logging_mixin.py:188} INFO - [2024-07-31T18:56:09.494+0000] {dagbag.py:545} INFO - Filling up the DagBag from /home/ubuntu/airflow-venv/lib/python3.12/site-packages/airflow/example_dags/example_skip_dag.py
[2024-07-31T18:56:09.502+0000] {processor.py:840} INFO - DAG(s) 'example_skip_dag' retrieved from /home/ubuntu/airflow-venv/lib/python3.12/site-packages/airflow/example_dags/example_skip_dag.py
[2024-07-31T18:56:09.519+0000] {logging_mixin.py:188} INFO - [2024-07-31T18:56:09.519+0000] {dag.py:3089} INFO - Sync 1 DAGs
[2024-07-31T18:56:09.538+0000] {logging_mixin.py:188} INFO - [2024-07-31T18:56:09.538+0000] {dag.py:3947} INFO - Setting next_dagrun for example_skip_dag to 2024-07-30 00:00:00+00:00, run_after=2024-07-31 00:00:00+00:00
[2024-07-31T18:56:09.562+0000] {processor.py:183} INFO - Processing /home/ubuntu/airflow-venv/lib/python3.12/site-packages/airflow/example_dags/example_skip_dag.py took 0.075 seconds
[2024-07-31T18:56:54.973+0000] {processor.py:161} INFO - Started process (PID=5033) to work on /home/ubuntu/airflow-venv/lib/python3.12/site-packages/airflow/example_dags/example_skip_dag.py
[2024-07-31T18:56:54.975+0000] {processor.py:830} INFO - Processing file /home/ubuntu/airflow-venv/lib/python3.12/site-packages/airflow/example_dags/example_skip_dag.py for tasks to queue
[2024-07-31T18:56:54.976+0000] {logging_mixin.py:188} INFO - [2024-07-31T18:56:54.975+0000] {dagbag.py:545} INFO - Filling up the DagBag from /home/ubuntu/airflow-venv/lib/python3.12/site-packages/airflow/example_dags/example_skip_dag.py
[2024-07-31T18:56:54.984+0000] {processor.py:840} INFO - DAG(s) 'example_skip_dag' retrieved from /home/ubuntu/airflow-venv/lib/python3.12/site-packages/airflow/example_dags/example_skip_dag.py
[2024-07-31T18:56:55.001+0000] {logging_mixin.py:188} INFO - [2024-07-31T18:56:55.001+0000] {dag.py:3089} INFO - Sync 1 DAGs
[2024-07-31T18:56:55.023+0000] {logging_mixin.py:188} INFO - [2024-07-31T18:56:55.023+0000] {dag.py:3947} INFO - Setting next_dagrun for example_skip_dag to 2024-07-30 00:00:00+00:00, run_after=2024-07-31 00:00:00+00:00
[2024-07-31T18:56:55.047+0000] {processor.py:183} INFO - Processing /home/ubuntu/airflow-venv/lib/python3.12/site-packages/airflow/example_dags/example_skip_dag.py took 0.080 seconds
[2024-07-31T18:57:41.669+0000] {processor.py:161} INFO - Started process (PID=5081) to work on /home/ubuntu/airflow-venv/lib/python3.12/site-packages/airflow/example_dags/example_skip_dag.py
[2024-07-31T18:57:41.671+0000] {processor.py:830} INFO - Processing file /home/ubuntu/airflow-venv/lib/python3.12/site-packages/airflow/example_dags/example_skip_dag.py for tasks to queue
[2024-07-31T18:57:41.672+0000] {logging_mixin.py:188} INFO - [2024-07-31T18:57:41.671+0000] {dagbag.py:545} INFO - Filling up the DagBag from /home/ubuntu/airflow-venv/lib/python3.12/site-packages/airflow/example_dags/example_skip_dag.py
[2024-07-31T18:57:41.679+0000] {processor.py:840} INFO - DAG(s) 'example_skip_dag' retrieved from /home/ubuntu/airflow-venv/lib/python3.12/site-packages/airflow/example_dags/example_skip_dag.py
[2024-07-31T18:57:41.696+0000] {logging_mixin.py:188} INFO - [2024-07-31T18:57:41.696+0000] {dag.py:3089} INFO - Sync 1 DAGs
[2024-07-31T18:57:41.717+0000] {logging_mixin.py:188} INFO - [2024-07-31T18:57:41.717+0000] {dag.py:3947} INFO - Setting next_dagrun for example_skip_dag to 2024-07-30 00:00:00+00:00, run_after=2024-07-31 00:00:00+00:00
[2024-07-31T18:57:41.742+0000] {processor.py:183} INFO - Processing /home/ubuntu/airflow-venv/lib/python3.12/site-packages/airflow/example_dags/example_skip_dag.py took 0.079 seconds
[2024-07-31T18:58:25.144+0000] {processor.py:161} INFO - Started process (PID=5128) to work on /home/ubuntu/airflow-venv/lib/python3.12/site-packages/airflow/example_dags/example_skip_dag.py
[2024-07-31T18:58:25.146+0000] {processor.py:830} INFO - Processing file /home/ubuntu/airflow-venv/lib/python3.12/site-packages/airflow/example_dags/example_skip_dag.py for tasks to queue
[2024-07-31T18:58:25.147+0000] {logging_mixin.py:188} INFO - [2024-07-31T18:58:25.146+0000] {dagbag.py:545} INFO - Filling up the DagBag from /home/ubuntu/airflow-venv/lib/python3.12/site-packages/airflow/example_dags/example_skip_dag.py
[2024-07-31T18:58:25.154+0000] {processor.py:840} INFO - DAG(s) 'example_skip_dag' retrieved from /home/ubuntu/airflow-venv/lib/python3.12/site-packages/airflow/example_dags/example_skip_dag.py
[2024-07-31T18:58:25.171+0000] {logging_mixin.py:188} INFO - [2024-07-31T18:58:25.171+0000] {dag.py:3089} INFO - Sync 1 DAGs
[2024-07-31T18:58:25.191+0000] {logging_mixin.py:188} INFO - [2024-07-31T18:58:25.191+0000] {dag.py:3947} INFO - Setting next_dagrun for example_skip_dag to 2024-07-30 00:00:00+00:00, run_after=2024-07-31 00:00:00+00:00
[2024-07-31T18:58:25.214+0000] {processor.py:183} INFO - Processing /home/ubuntu/airflow-venv/lib/python3.12/site-packages/airflow/example_dags/example_skip_dag.py took 0.076 seconds
[2024-07-31T18:59:09.204+0000] {processor.py:161} INFO - Started process (PID=5176) to work on /home/ubuntu/airflow-venv/lib/python3.12/site-packages/airflow/example_dags/example_skip_dag.py
[2024-07-31T18:59:09.205+0000] {processor.py:830} INFO - Processing file /home/ubuntu/airflow-venv/lib/python3.12/site-packages/airflow/example_dags/example_skip_dag.py for tasks to queue
[2024-07-31T18:59:09.206+0000] {logging_mixin.py:188} INFO - [2024-07-31T18:59:09.206+0000] {dagbag.py:545} INFO - Filling up the DagBag from /home/ubuntu/airflow-venv/lib/python3.12/site-packages/airflow/example_dags/example_skip_dag.py
[2024-07-31T18:59:09.214+0000] {processor.py:840} INFO - DAG(s) 'example_skip_dag' retrieved from /home/ubuntu/airflow-venv/lib/python3.12/site-packages/airflow/example_dags/example_skip_dag.py
[2024-07-31T18:59:09.231+0000] {logging_mixin.py:188} INFO - [2024-07-31T18:59:09.231+0000] {dag.py:3089} INFO - Sync 1 DAGs
[2024-07-31T18:59:09.251+0000] {logging_mixin.py:188} INFO - [2024-07-31T18:59:09.251+0000] {dag.py:3947} INFO - Setting next_dagrun for example_skip_dag to 2024-07-30 00:00:00+00:00, run_after=2024-07-31 00:00:00+00:00
[2024-07-31T18:59:09.274+0000] {processor.py:183} INFO - Processing /home/ubuntu/airflow-venv/lib/python3.12/site-packages/airflow/example_dags/example_skip_dag.py took 0.076 seconds
[2024-07-31T18:59:51.252+0000] {processor.py:161} INFO - Started process (PID=5219) to work on /home/ubuntu/airflow-venv/lib/python3.12/site-packages/airflow/example_dags/example_skip_dag.py
[2024-07-31T18:59:51.253+0000] {processor.py:830} INFO - Processing file /home/ubuntu/airflow-venv/lib/python3.12/site-packages/airflow/example_dags/example_skip_dag.py for tasks to queue
[2024-07-31T18:59:51.254+0000] {logging_mixin.py:188} INFO - [2024-07-31T18:59:51.254+0000] {dagbag.py:545} INFO - Filling up the DagBag from /home/ubuntu/airflow-venv/lib/python3.12/site-packages/airflow/example_dags/example_skip_dag.py
[2024-07-31T18:59:51.262+0000] {processor.py:840} INFO - DAG(s) 'example_skip_dag' retrieved from /home/ubuntu/airflow-venv/lib/python3.12/site-packages/airflow/example_dags/example_skip_dag.py
[2024-07-31T18:59:51.278+0000] {logging_mixin.py:188} INFO - [2024-07-31T18:59:51.278+0000] {dag.py:3089} INFO - Sync 1 DAGs
[2024-07-31T18:59:51.298+0000] {logging_mixin.py:188} INFO - [2024-07-31T18:59:51.298+0000] {dag.py:3947} INFO - Setting next_dagrun for example_skip_dag to 2024-07-30 00:00:00+00:00, run_after=2024-07-31 00:00:00+00:00
[2024-07-31T18:59:51.322+0000] {processor.py:183} INFO - Processing /home/ubuntu/airflow-venv/lib/python3.12/site-packages/airflow/example_dags/example_skip_dag.py took 0.076 seconds
[2024-07-31T19:00:36.970+0000] {processor.py:161} INFO - Started process (PID=5271) to work on /home/ubuntu/airflow-venv/lib/python3.12/site-packages/airflow/example_dags/example_skip_dag.py
[2024-07-31T19:00:36.971+0000] {processor.py:830} INFO - Processing file /home/ubuntu/airflow-venv/lib/python3.12/site-packages/airflow/example_dags/example_skip_dag.py for tasks to queue
[2024-07-31T19:00:36.972+0000] {logging_mixin.py:188} INFO - [2024-07-31T19:00:36.972+0000] {dagbag.py:545} INFO - Filling up the DagBag from /home/ubuntu/airflow-venv/lib/python3.12/site-packages/airflow/example_dags/example_skip_dag.py
[2024-07-31T19:00:36.980+0000] {processor.py:840} INFO - DAG(s) 'example_skip_dag' retrieved from /home/ubuntu/airflow-venv/lib/python3.12/site-packages/airflow/example_dags/example_skip_dag.py
[2024-07-31T19:00:36.997+0000] {logging_mixin.py:188} INFO - [2024-07-31T19:00:36.997+0000] {dag.py:3089} INFO - Sync 1 DAGs
[2024-07-31T19:00:37.017+0000] {logging_mixin.py:188} INFO - [2024-07-31T19:00:37.017+0000] {dag.py:3947} INFO - Setting next_dagrun for example_skip_dag to 2024-07-30 00:00:00+00:00, run_after=2024-07-31 00:00:00+00:00
[2024-07-31T19:00:37.042+0000] {processor.py:183} INFO - Processing /home/ubuntu/airflow-venv/lib/python3.12/site-packages/airflow/example_dags/example_skip_dag.py took 0.078 seconds
[2024-07-31T19:01:21.237+0000] {processor.py:161} INFO - Started process (PID=5317) to work on /home/ubuntu/airflow-venv/lib/python3.12/site-packages/airflow/example_dags/example_skip_dag.py
[2024-07-31T19:01:21.238+0000] {processor.py:830} INFO - Processing file /home/ubuntu/airflow-venv/lib/python3.12/site-packages/airflow/example_dags/example_skip_dag.py for tasks to queue
[2024-07-31T19:01:21.239+0000] {logging_mixin.py:188} INFO - [2024-07-31T19:01:21.239+0000] {dagbag.py:545} INFO - Filling up the DagBag from /home/ubuntu/airflow-venv/lib/python3.12/site-packages/airflow/example_dags/example_skip_dag.py
[2024-07-31T19:01:21.247+0000] {processor.py:840} INFO - DAG(s) 'example_skip_dag' retrieved from /home/ubuntu/airflow-venv/lib/python3.12/site-packages/airflow/example_dags/example_skip_dag.py
[2024-07-31T19:01:21.263+0000] {logging_mixin.py:188} INFO - [2024-07-31T19:01:21.263+0000] {dag.py:3089} INFO - Sync 1 DAGs
[2024-07-31T19:01:21.284+0000] {logging_mixin.py:188} INFO - [2024-07-31T19:01:21.284+0000] {dag.py:3947} INFO - Setting next_dagrun for example_skip_dag to 2024-07-30 00:00:00+00:00, run_after=2024-07-31 00:00:00+00:00
[2024-07-31T19:01:21.308+0000] {processor.py:183} INFO - Processing /home/ubuntu/airflow-venv/lib/python3.12/site-packages/airflow/example_dags/example_skip_dag.py took 0.077 seconds
[2024-07-31T19:02:07.475+0000] {processor.py:161} INFO - Started process (PID=5363) to work on /home/ubuntu/airflow-venv/lib/python3.12/site-packages/airflow/example_dags/example_skip_dag.py
[2024-07-31T19:02:07.476+0000] {processor.py:830} INFO - Processing file /home/ubuntu/airflow-venv/lib/python3.12/site-packages/airflow/example_dags/example_skip_dag.py for tasks to queue
[2024-07-31T19:02:07.477+0000] {logging_mixin.py:188} INFO - [2024-07-31T19:02:07.477+0000] {dagbag.py:545} INFO - Filling up the DagBag from /home/ubuntu/airflow-venv/lib/python3.12/site-packages/airflow/example_dags/example_skip_dag.py
[2024-07-31T19:02:07.485+0000] {processor.py:840} INFO - DAG(s) 'example_skip_dag' retrieved from /home/ubuntu/airflow-venv/lib/python3.12/site-packages/airflow/example_dags/example_skip_dag.py
[2024-07-31T19:02:07.502+0000] {logging_mixin.py:188} INFO - [2024-07-31T19:02:07.502+0000] {dag.py:3089} INFO - Sync 1 DAGs
[2024-07-31T19:02:07.523+0000] {logging_mixin.py:188} INFO - [2024-07-31T19:02:07.522+0000] {dag.py:3947} INFO - Setting next_dagrun for example_skip_dag to 2024-07-30 00:00:00+00:00, run_after=2024-07-31 00:00:00+00:00
[2024-07-31T19:02:07.547+0000] {processor.py:183} INFO - Processing /home/ubuntu/airflow-venv/lib/python3.12/site-packages/airflow/example_dags/example_skip_dag.py took 0.078 seconds
[2024-07-31T19:02:52.399+0000] {processor.py:161} INFO - Started process (PID=5410) to work on /home/ubuntu/airflow-venv/lib/python3.12/site-packages/airflow/example_dags/example_skip_dag.py
[2024-07-31T19:02:52.401+0000] {processor.py:830} INFO - Processing file /home/ubuntu/airflow-venv/lib/python3.12/site-packages/airflow/example_dags/example_skip_dag.py for tasks to queue
[2024-07-31T19:02:52.401+0000] {logging_mixin.py:188} INFO - [2024-07-31T19:02:52.401+0000] {dagbag.py:545} INFO - Filling up the DagBag from /home/ubuntu/airflow-venv/lib/python3.12/site-packages/airflow/example_dags/example_skip_dag.py
[2024-07-31T19:02:52.408+0000] {processor.py:840} INFO - DAG(s) 'example_skip_dag' retrieved from /home/ubuntu/airflow-venv/lib/python3.12/site-packages/airflow/example_dags/example_skip_dag.py
[2024-07-31T19:02:52.425+0000] {logging_mixin.py:188} INFO - [2024-07-31T19:02:52.425+0000] {dag.py:3089} INFO - Sync 1 DAGs
[2024-07-31T19:02:52.446+0000] {logging_mixin.py:188} INFO - [2024-07-31T19:02:52.445+0000] {dag.py:3947} INFO - Setting next_dagrun for example_skip_dag to 2024-07-30 00:00:00+00:00, run_after=2024-07-31 00:00:00+00:00
[2024-07-31T19:02:52.469+0000] {processor.py:183} INFO - Processing /home/ubuntu/airflow-venv/lib/python3.12/site-packages/airflow/example_dags/example_skip_dag.py took 0.075 seconds
[2024-07-31T19:03:34.151+0000] {processor.py:161} INFO - Started process (PID=5455) to work on /home/ubuntu/airflow-venv/lib/python3.12/site-packages/airflow/example_dags/example_skip_dag.py
[2024-07-31T19:03:34.153+0000] {processor.py:830} INFO - Processing file /home/ubuntu/airflow-venv/lib/python3.12/site-packages/airflow/example_dags/example_skip_dag.py for tasks to queue
[2024-07-31T19:03:34.154+0000] {logging_mixin.py:188} INFO - [2024-07-31T19:03:34.153+0000] {dagbag.py:545} INFO - Filling up the DagBag from /home/ubuntu/airflow-venv/lib/python3.12/site-packages/airflow/example_dags/example_skip_dag.py
[2024-07-31T19:03:34.161+0000] {processor.py:840} INFO - DAG(s) 'example_skip_dag' retrieved from /home/ubuntu/airflow-venv/lib/python3.12/site-packages/airflow/example_dags/example_skip_dag.py
[2024-07-31T19:03:34.178+0000] {logging_mixin.py:188} INFO - [2024-07-31T19:03:34.178+0000] {dag.py:3089} INFO - Sync 1 DAGs
[2024-07-31T19:03:34.197+0000] {logging_mixin.py:188} INFO - [2024-07-31T19:03:34.197+0000] {dag.py:3947} INFO - Setting next_dagrun for example_skip_dag to 2024-07-30 00:00:00+00:00, run_after=2024-07-31 00:00:00+00:00
[2024-07-31T19:03:34.220+0000] {processor.py:183} INFO - Processing /home/ubuntu/airflow-venv/lib/python3.12/site-packages/airflow/example_dags/example_skip_dag.py took 0.075 seconds
[2024-07-31T19:18:50.007+0000] {processor.py:161} INFO - Started process (PID=5610) to work on /home/ubuntu/airflow-venv/lib/python3.12/site-packages/airflow/example_dags/example_skip_dag.py
[2024-07-31T19:18:50.008+0000] {processor.py:830} INFO - Processing file /home/ubuntu/airflow-venv/lib/python3.12/site-packages/airflow/example_dags/example_skip_dag.py for tasks to queue
[2024-07-31T19:18:50.010+0000] {logging_mixin.py:188} INFO - [2024-07-31T19:18:50.010+0000] {dagbag.py:545} INFO - Filling up the DagBag from /home/ubuntu/airflow-venv/lib/python3.12/site-packages/airflow/example_dags/example_skip_dag.py
[2024-07-31T19:18:50.017+0000] {processor.py:840} INFO - DAG(s) 'example_skip_dag' retrieved from /home/ubuntu/airflow-venv/lib/python3.12/site-packages/airflow/example_dags/example_skip_dag.py
[2024-07-31T19:18:50.027+0000] {logging_mixin.py:188} INFO - [2024-07-31T19:18:50.027+0000] {dag.py:3089} INFO - Sync 1 DAGs
[2024-07-31T19:18:50.047+0000] {logging_mixin.py:188} INFO - [2024-07-31T19:18:50.047+0000] {dag.py:3947} INFO - Setting next_dagrun for example_skip_dag to 2024-07-30 00:00:00+00:00, run_after=2024-07-31 00:00:00+00:00
[2024-07-31T19:18:50.071+0000] {processor.py:183} INFO - Processing /home/ubuntu/airflow-venv/lib/python3.12/site-packages/airflow/example_dags/example_skip_dag.py took 0.070 seconds
[2024-07-31T19:19:55.359+0000] {processor.py:161} INFO - Started process (PID=5669) to work on /home/ubuntu/airflow-venv/lib/python3.12/site-packages/airflow/example_dags/example_skip_dag.py
[2024-07-31T19:19:55.361+0000] {processor.py:830} INFO - Processing file /home/ubuntu/airflow-venv/lib/python3.12/site-packages/airflow/example_dags/example_skip_dag.py for tasks to queue
[2024-07-31T19:19:55.363+0000] {logging_mixin.py:188} INFO - [2024-07-31T19:19:55.362+0000] {dagbag.py:545} INFO - Filling up the DagBag from /home/ubuntu/airflow-venv/lib/python3.12/site-packages/airflow/example_dags/example_skip_dag.py
[2024-07-31T19:19:55.369+0000] {processor.py:840} INFO - DAG(s) 'example_skip_dag' retrieved from /home/ubuntu/airflow-venv/lib/python3.12/site-packages/airflow/example_dags/example_skip_dag.py
[2024-07-31T19:19:55.473+0000] {logging_mixin.py:188} INFO - [2024-07-31T19:19:55.473+0000] {dag.py:3089} INFO - Sync 1 DAGs
[2024-07-31T19:19:55.491+0000] {logging_mixin.py:188} INFO - [2024-07-31T19:19:55.491+0000] {dag.py:3947} INFO - Setting next_dagrun for example_skip_dag to 2024-07-30 00:00:00+00:00, run_after=2024-07-31 00:00:00+00:00
[2024-07-31T19:19:55.514+0000] {processor.py:183} INFO - Processing /home/ubuntu/airflow-venv/lib/python3.12/site-packages/airflow/example_dags/example_skip_dag.py took 0.160 seconds
[2024-07-31T19:20:49.105+0000] {processor.py:161} INFO - Started process (PID=5726) to work on /home/ubuntu/airflow-venv/lib/python3.12/site-packages/airflow/example_dags/example_skip_dag.py
[2024-07-31T19:20:49.107+0000] {processor.py:830} INFO - Processing file /home/ubuntu/airflow-venv/lib/python3.12/site-packages/airflow/example_dags/example_skip_dag.py for tasks to queue
[2024-07-31T19:20:49.109+0000] {logging_mixin.py:188} INFO - [2024-07-31T19:20:49.108+0000] {dagbag.py:545} INFO - Filling up the DagBag from /home/ubuntu/airflow-venv/lib/python3.12/site-packages/airflow/example_dags/example_skip_dag.py
[2024-07-31T19:20:49.115+0000] {processor.py:840} INFO - DAG(s) 'example_skip_dag' retrieved from /home/ubuntu/airflow-venv/lib/python3.12/site-packages/airflow/example_dags/example_skip_dag.py
[2024-07-31T19:20:49.132+0000] {logging_mixin.py:188} INFO - [2024-07-31T19:20:49.132+0000] {dag.py:3089} INFO - Sync 1 DAGs
[2024-07-31T19:20:49.152+0000] {logging_mixin.py:188} INFO - [2024-07-31T19:20:49.152+0000] {dag.py:3947} INFO - Setting next_dagrun for example_skip_dag to 2024-07-30 00:00:00+00:00, run_after=2024-07-31 00:00:00+00:00
[2024-07-31T19:20:49.175+0000] {processor.py:183} INFO - Processing /home/ubuntu/airflow-venv/lib/python3.12/site-packages/airflow/example_dags/example_skip_dag.py took 0.075 seconds
[2024-07-31T19:21:43.643+0000] {processor.py:161} INFO - Started process (PID=5782) to work on /home/ubuntu/airflow-venv/lib/python3.12/site-packages/airflow/example_dags/example_skip_dag.py
[2024-07-31T19:21:43.645+0000] {processor.py:830} INFO - Processing file /home/ubuntu/airflow-venv/lib/python3.12/site-packages/airflow/example_dags/example_skip_dag.py for tasks to queue
[2024-07-31T19:21:43.647+0000] {logging_mixin.py:188} INFO - [2024-07-31T19:21:43.646+0000] {dagbag.py:545} INFO - Filling up the DagBag from /home/ubuntu/airflow-venv/lib/python3.12/site-packages/airflow/example_dags/example_skip_dag.py
[2024-07-31T19:21:43.654+0000] {processor.py:840} INFO - DAG(s) 'example_skip_dag' retrieved from /home/ubuntu/airflow-venv/lib/python3.12/site-packages/airflow/example_dags/example_skip_dag.py
[2024-07-31T19:21:43.671+0000] {logging_mixin.py:188} INFO - [2024-07-31T19:21:43.671+0000] {dag.py:3089} INFO - Sync 1 DAGs
[2024-07-31T19:21:43.692+0000] {logging_mixin.py:188} INFO - [2024-07-31T19:21:43.691+0000] {dag.py:3947} INFO - Setting next_dagrun for example_skip_dag to 2024-07-30 00:00:00+00:00, run_after=2024-07-31 00:00:00+00:00
[2024-07-31T19:21:43.727+0000] {processor.py:183} INFO - Processing /home/ubuntu/airflow-venv/lib/python3.12/site-packages/airflow/example_dags/example_skip_dag.py took 0.089 seconds
[2024-07-31T19:22:31.221+0000] {processor.py:161} INFO - Started process (PID=5830) to work on /home/ubuntu/airflow-venv/lib/python3.12/site-packages/airflow/example_dags/example_skip_dag.py
[2024-07-31T19:22:31.223+0000] {processor.py:830} INFO - Processing file /home/ubuntu/airflow-venv/lib/python3.12/site-packages/airflow/example_dags/example_skip_dag.py for tasks to queue
[2024-07-31T19:22:31.224+0000] {logging_mixin.py:188} INFO - [2024-07-31T19:22:31.223+0000] {dagbag.py:545} INFO - Filling up the DagBag from /home/ubuntu/airflow-venv/lib/python3.12/site-packages/airflow/example_dags/example_skip_dag.py
[2024-07-31T19:22:31.231+0000] {processor.py:840} INFO - DAG(s) 'example_skip_dag' retrieved from /home/ubuntu/airflow-venv/lib/python3.12/site-packages/airflow/example_dags/example_skip_dag.py
[2024-07-31T19:22:31.249+0000] {logging_mixin.py:188} INFO - [2024-07-31T19:22:31.248+0000] {dag.py:3089} INFO - Sync 1 DAGs
[2024-07-31T19:22:31.268+0000] {logging_mixin.py:188} INFO - [2024-07-31T19:22:31.268+0000] {dag.py:3947} INFO - Setting next_dagrun for example_skip_dag to 2024-07-30 00:00:00+00:00, run_after=2024-07-31 00:00:00+00:00
[2024-07-31T19:22:31.292+0000] {processor.py:183} INFO - Processing /home/ubuntu/airflow-venv/lib/python3.12/site-packages/airflow/example_dags/example_skip_dag.py took 0.076 seconds
[2024-07-31T19:23:16.819+0000] {processor.py:161} INFO - Started process (PID=5878) to work on /home/ubuntu/airflow-venv/lib/python3.12/site-packages/airflow/example_dags/example_skip_dag.py
[2024-07-31T19:23:16.823+0000] {processor.py:830} INFO - Processing file /home/ubuntu/airflow-venv/lib/python3.12/site-packages/airflow/example_dags/example_skip_dag.py for tasks to queue
[2024-07-31T19:23:16.824+0000] {logging_mixin.py:188} INFO - [2024-07-31T19:23:16.824+0000] {dagbag.py:545} INFO - Filling up the DagBag from /home/ubuntu/airflow-venv/lib/python3.12/site-packages/airflow/example_dags/example_skip_dag.py
[2024-07-31T19:23:16.834+0000] {processor.py:840} INFO - DAG(s) 'example_skip_dag' retrieved from /home/ubuntu/airflow-venv/lib/python3.12/site-packages/airflow/example_dags/example_skip_dag.py
[2024-07-31T19:23:16.857+0000] {logging_mixin.py:188} INFO - [2024-07-31T19:23:16.857+0000] {dag.py:3089} INFO - Sync 1 DAGs
[2024-07-31T19:23:16.882+0000] {logging_mixin.py:188} INFO - [2024-07-31T19:23:16.882+0000] {dag.py:3947} INFO - Setting next_dagrun for example_skip_dag to 2024-07-30 00:00:00+00:00, run_after=2024-07-31 00:00:00+00:00
[2024-07-31T19:23:16.919+0000] {processor.py:183} INFO - Processing /home/ubuntu/airflow-venv/lib/python3.12/site-packages/airflow/example_dags/example_skip_dag.py took 0.110 seconds
[2024-07-31T19:24:09.552+0000] {processor.py:161} INFO - Started process (PID=5938) to work on /home/ubuntu/airflow-venv/lib/python3.12/site-packages/airflow/example_dags/example_skip_dag.py
[2024-07-31T19:24:09.554+0000] {processor.py:830} INFO - Processing file /home/ubuntu/airflow-venv/lib/python3.12/site-packages/airflow/example_dags/example_skip_dag.py for tasks to queue
[2024-07-31T19:24:09.554+0000] {logging_mixin.py:188} INFO - [2024-07-31T19:24:09.554+0000] {dagbag.py:545} INFO - Filling up the DagBag from /home/ubuntu/airflow-venv/lib/python3.12/site-packages/airflow/example_dags/example_skip_dag.py
[2024-07-31T19:24:09.562+0000] {processor.py:840} INFO - DAG(s) 'example_skip_dag' retrieved from /home/ubuntu/airflow-venv/lib/python3.12/site-packages/airflow/example_dags/example_skip_dag.py
[2024-07-31T19:24:09.580+0000] {logging_mixin.py:188} INFO - [2024-07-31T19:24:09.580+0000] {dag.py:3089} INFO - Sync 1 DAGs
[2024-07-31T19:24:09.600+0000] {logging_mixin.py:188} INFO - [2024-07-31T19:24:09.600+0000] {dag.py:3947} INFO - Setting next_dagrun for example_skip_dag to 2024-07-30 00:00:00+00:00, run_after=2024-07-31 00:00:00+00:00
[2024-07-31T19:24:09.624+0000] {processor.py:183} INFO - Processing /home/ubuntu/airflow-venv/lib/python3.12/site-packages/airflow/example_dags/example_skip_dag.py took 0.078 seconds
[2024-07-31T19:24:59.816+0000] {processor.py:161} INFO - Started process (PID=5991) to work on /home/ubuntu/airflow-venv/lib/python3.12/site-packages/airflow/example_dags/example_skip_dag.py
[2024-07-31T19:24:59.819+0000] {processor.py:830} INFO - Processing file /home/ubuntu/airflow-venv/lib/python3.12/site-packages/airflow/example_dags/example_skip_dag.py for tasks to queue
[2024-07-31T19:24:59.820+0000] {logging_mixin.py:188} INFO - [2024-07-31T19:24:59.819+0000] {dagbag.py:545} INFO - Filling up the DagBag from /home/ubuntu/airflow-venv/lib/python3.12/site-packages/airflow/example_dags/example_skip_dag.py
[2024-07-31T19:24:59.832+0000] {processor.py:840} INFO - DAG(s) 'example_skip_dag' retrieved from /home/ubuntu/airflow-venv/lib/python3.12/site-packages/airflow/example_dags/example_skip_dag.py
[2024-07-31T19:24:59.858+0000] {logging_mixin.py:188} INFO - [2024-07-31T19:24:59.858+0000] {dag.py:3089} INFO - Sync 1 DAGs
[2024-07-31T19:24:59.879+0000] {logging_mixin.py:188} INFO - [2024-07-31T19:24:59.879+0000] {dag.py:3947} INFO - Setting next_dagrun for example_skip_dag to 2024-07-30 00:00:00+00:00, run_after=2024-07-31 00:00:00+00:00
[2024-07-31T19:24:59.912+0000] {processor.py:183} INFO - Processing /home/ubuntu/airflow-venv/lib/python3.12/site-packages/airflow/example_dags/example_skip_dag.py took 0.104 seconds
[2024-07-31T19:25:47.328+0000] {processor.py:161} INFO - Started process (PID=6043) to work on /home/ubuntu/airflow-venv/lib/python3.12/site-packages/airflow/example_dags/example_skip_dag.py
[2024-07-31T19:25:47.329+0000] {processor.py:830} INFO - Processing file /home/ubuntu/airflow-venv/lib/python3.12/site-packages/airflow/example_dags/example_skip_dag.py for tasks to queue
[2024-07-31T19:25:47.332+0000] {logging_mixin.py:188} INFO - [2024-07-31T19:25:47.331+0000] {dagbag.py:545} INFO - Filling up the DagBag from /home/ubuntu/airflow-venv/lib/python3.12/site-packages/airflow/example_dags/example_skip_dag.py
[2024-07-31T19:25:47.342+0000] {processor.py:840} INFO - DAG(s) 'example_skip_dag' retrieved from /home/ubuntu/airflow-venv/lib/python3.12/site-packages/airflow/example_dags/example_skip_dag.py
[2024-07-31T19:25:47.359+0000] {logging_mixin.py:188} INFO - [2024-07-31T19:25:47.359+0000] {dag.py:3089} INFO - Sync 1 DAGs
[2024-07-31T19:25:47.380+0000] {logging_mixin.py:188} INFO - [2024-07-31T19:25:47.380+0000] {dag.py:3947} INFO - Setting next_dagrun for example_skip_dag to 2024-07-30 00:00:00+00:00, run_after=2024-07-31 00:00:00+00:00
[2024-07-31T19:25:47.405+0000] {processor.py:183} INFO - Processing /home/ubuntu/airflow-venv/lib/python3.12/site-packages/airflow/example_dags/example_skip_dag.py took 0.084 seconds
[2024-07-31T19:26:32.509+0000] {processor.py:161} INFO - Started process (PID=6090) to work on /home/ubuntu/airflow-venv/lib/python3.12/site-packages/airflow/example_dags/example_skip_dag.py
[2024-07-31T19:26:32.511+0000] {processor.py:830} INFO - Processing file /home/ubuntu/airflow-venv/lib/python3.12/site-packages/airflow/example_dags/example_skip_dag.py for tasks to queue
[2024-07-31T19:26:32.512+0000] {logging_mixin.py:188} INFO - [2024-07-31T19:26:32.511+0000] {dagbag.py:545} INFO - Filling up the DagBag from /home/ubuntu/airflow-venv/lib/python3.12/site-packages/airflow/example_dags/example_skip_dag.py
[2024-07-31T19:26:32.519+0000] {processor.py:840} INFO - DAG(s) 'example_skip_dag' retrieved from /home/ubuntu/airflow-venv/lib/python3.12/site-packages/airflow/example_dags/example_skip_dag.py
[2024-07-31T19:26:32.537+0000] {logging_mixin.py:188} INFO - [2024-07-31T19:26:32.536+0000] {dag.py:3089} INFO - Sync 1 DAGs
[2024-07-31T19:26:32.557+0000] {logging_mixin.py:188} INFO - [2024-07-31T19:26:32.556+0000] {dag.py:3947} INFO - Setting next_dagrun for example_skip_dag to 2024-07-30 00:00:00+00:00, run_after=2024-07-31 00:00:00+00:00
[2024-07-31T19:26:32.581+0000] {processor.py:183} INFO - Processing /home/ubuntu/airflow-venv/lib/python3.12/site-packages/airflow/example_dags/example_skip_dag.py took 0.077 seconds
[2024-07-31T19:27:38.517+0000] {processor.py:161} INFO - Started process (PID=6162) to work on /home/ubuntu/airflow-venv/lib/python3.12/site-packages/airflow/example_dags/example_skip_dag.py
[2024-07-31T19:27:38.518+0000] {processor.py:830} INFO - Processing file /home/ubuntu/airflow-venv/lib/python3.12/site-packages/airflow/example_dags/example_skip_dag.py for tasks to queue
[2024-07-31T19:27:38.519+0000] {logging_mixin.py:188} INFO - [2024-07-31T19:27:38.519+0000] {dagbag.py:545} INFO - Filling up the DagBag from /home/ubuntu/airflow-venv/lib/python3.12/site-packages/airflow/example_dags/example_skip_dag.py
[2024-07-31T19:27:38.527+0000] {processor.py:840} INFO - DAG(s) 'example_skip_dag' retrieved from /home/ubuntu/airflow-venv/lib/python3.12/site-packages/airflow/example_dags/example_skip_dag.py
[2024-07-31T19:27:38.544+0000] {logging_mixin.py:188} INFO - [2024-07-31T19:27:38.544+0000] {dag.py:3089} INFO - Sync 1 DAGs
[2024-07-31T19:27:38.565+0000] {logging_mixin.py:188} INFO - [2024-07-31T19:27:38.565+0000] {dag.py:3947} INFO - Setting next_dagrun for example_skip_dag to 2024-07-30 00:00:00+00:00, run_after=2024-07-31 00:00:00+00:00
[2024-07-31T19:27:38.589+0000] {processor.py:183} INFO - Processing /home/ubuntu/airflow-venv/lib/python3.12/site-packages/airflow/example_dags/example_skip_dag.py took 0.078 seconds
[2024-07-31T19:28:31.073+0000] {processor.py:161} INFO - Started process (PID=6216) to work on /home/ubuntu/airflow-venv/lib/python3.12/site-packages/airflow/example_dags/example_skip_dag.py
[2024-07-31T19:28:31.074+0000] {processor.py:830} INFO - Processing file /home/ubuntu/airflow-venv/lib/python3.12/site-packages/airflow/example_dags/example_skip_dag.py for tasks to queue
[2024-07-31T19:28:31.075+0000] {logging_mixin.py:188} INFO - [2024-07-31T19:28:31.075+0000] {dagbag.py:545} INFO - Filling up the DagBag from /home/ubuntu/airflow-venv/lib/python3.12/site-packages/airflow/example_dags/example_skip_dag.py
[2024-07-31T19:28:31.082+0000] {processor.py:840} INFO - DAG(s) 'example_skip_dag' retrieved from /home/ubuntu/airflow-venv/lib/python3.12/site-packages/airflow/example_dags/example_skip_dag.py
[2024-07-31T19:28:31.100+0000] {logging_mixin.py:188} INFO - [2024-07-31T19:28:31.100+0000] {dag.py:3089} INFO - Sync 1 DAGs
[2024-07-31T19:28:31.120+0000] {logging_mixin.py:188} INFO - [2024-07-31T19:28:31.120+0000] {dag.py:3947} INFO - Setting next_dagrun for example_skip_dag to 2024-07-30 00:00:00+00:00, run_after=2024-07-31 00:00:00+00:00
[2024-07-31T19:28:31.145+0000] {processor.py:183} INFO - Processing /home/ubuntu/airflow-venv/lib/python3.12/site-packages/airflow/example_dags/example_skip_dag.py took 0.078 seconds
[2024-07-31T19:29:16.699+0000] {processor.py:161} INFO - Started process (PID=6262) to work on /home/ubuntu/airflow-venv/lib/python3.12/site-packages/airflow/example_dags/example_skip_dag.py
[2024-07-31T19:29:16.700+0000] {processor.py:830} INFO - Processing file /home/ubuntu/airflow-venv/lib/python3.12/site-packages/airflow/example_dags/example_skip_dag.py for tasks to queue
[2024-07-31T19:29:16.701+0000] {logging_mixin.py:188} INFO - [2024-07-31T19:29:16.701+0000] {dagbag.py:545} INFO - Filling up the DagBag from /home/ubuntu/airflow-venv/lib/python3.12/site-packages/airflow/example_dags/example_skip_dag.py
[2024-07-31T19:29:16.708+0000] {processor.py:840} INFO - DAG(s) 'example_skip_dag' retrieved from /home/ubuntu/airflow-venv/lib/python3.12/site-packages/airflow/example_dags/example_skip_dag.py
[2024-07-31T19:29:16.725+0000] {logging_mixin.py:188} INFO - [2024-07-31T19:29:16.725+0000] {dag.py:3089} INFO - Sync 1 DAGs
[2024-07-31T19:29:16.744+0000] {logging_mixin.py:188} INFO - [2024-07-31T19:29:16.744+0000] {dag.py:3947} INFO - Setting next_dagrun for example_skip_dag to 2024-07-30 00:00:00+00:00, run_after=2024-07-31 00:00:00+00:00
[2024-07-31T19:29:16.767+0000] {processor.py:183} INFO - Processing /home/ubuntu/airflow-venv/lib/python3.12/site-packages/airflow/example_dags/example_skip_dag.py took 0.074 seconds
[2024-07-31T19:30:02.672+0000] {processor.py:161} INFO - Started process (PID=6317) to work on /home/ubuntu/airflow-venv/lib/python3.12/site-packages/airflow/example_dags/example_skip_dag.py
[2024-07-31T19:30:02.673+0000] {processor.py:830} INFO - Processing file /home/ubuntu/airflow-venv/lib/python3.12/site-packages/airflow/example_dags/example_skip_dag.py for tasks to queue
[2024-07-31T19:30:02.674+0000] {logging_mixin.py:188} INFO - [2024-07-31T19:30:02.674+0000] {dagbag.py:545} INFO - Filling up the DagBag from /home/ubuntu/airflow-venv/lib/python3.12/site-packages/airflow/example_dags/example_skip_dag.py
[2024-07-31T19:30:02.681+0000] {processor.py:840} INFO - DAG(s) 'example_skip_dag' retrieved from /home/ubuntu/airflow-venv/lib/python3.12/site-packages/airflow/example_dags/example_skip_dag.py
[2024-07-31T19:30:02.699+0000] {logging_mixin.py:188} INFO - [2024-07-31T19:30:02.699+0000] {dag.py:3089} INFO - Sync 1 DAGs
[2024-07-31T19:30:02.719+0000] {logging_mixin.py:188} INFO - [2024-07-31T19:30:02.719+0000] {dag.py:3947} INFO - Setting next_dagrun for example_skip_dag to 2024-07-30 00:00:00+00:00, run_after=2024-07-31 00:00:00+00:00
[2024-07-31T19:30:02.742+0000] {processor.py:183} INFO - Processing /home/ubuntu/airflow-venv/lib/python3.12/site-packages/airflow/example_dags/example_skip_dag.py took 0.076 seconds
[2024-07-31T19:30:47.289+0000] {processor.py:161} INFO - Started process (PID=6363) to work on /home/ubuntu/airflow-venv/lib/python3.12/site-packages/airflow/example_dags/example_skip_dag.py
[2024-07-31T19:30:47.290+0000] {processor.py:830} INFO - Processing file /home/ubuntu/airflow-venv/lib/python3.12/site-packages/airflow/example_dags/example_skip_dag.py for tasks to queue
[2024-07-31T19:30:47.291+0000] {logging_mixin.py:188} INFO - [2024-07-31T19:30:47.291+0000] {dagbag.py:545} INFO - Filling up the DagBag from /home/ubuntu/airflow-venv/lib/python3.12/site-packages/airflow/example_dags/example_skip_dag.py
[2024-07-31T19:30:47.299+0000] {processor.py:840} INFO - DAG(s) 'example_skip_dag' retrieved from /home/ubuntu/airflow-venv/lib/python3.12/site-packages/airflow/example_dags/example_skip_dag.py
[2024-07-31T19:30:47.316+0000] {logging_mixin.py:188} INFO - [2024-07-31T19:30:47.316+0000] {dag.py:3089} INFO - Sync 1 DAGs
[2024-07-31T19:30:47.336+0000] {logging_mixin.py:188} INFO - [2024-07-31T19:30:47.336+0000] {dag.py:3947} INFO - Setting next_dagrun for example_skip_dag to 2024-07-30 00:00:00+00:00, run_after=2024-07-31 00:00:00+00:00
[2024-07-31T19:30:47.360+0000] {processor.py:183} INFO - Processing /home/ubuntu/airflow-venv/lib/python3.12/site-packages/airflow/example_dags/example_skip_dag.py took 0.076 seconds
[2024-07-31T19:31:39.845+0000] {processor.py:161} INFO - Started process (PID=6420) to work on /home/ubuntu/airflow-venv/lib/python3.12/site-packages/airflow/example_dags/example_skip_dag.py
[2024-07-31T19:31:39.846+0000] {processor.py:830} INFO - Processing file /home/ubuntu/airflow-venv/lib/python3.12/site-packages/airflow/example_dags/example_skip_dag.py for tasks to queue
[2024-07-31T19:31:39.847+0000] {logging_mixin.py:188} INFO - [2024-07-31T19:31:39.846+0000] {dagbag.py:545} INFO - Filling up the DagBag from /home/ubuntu/airflow-venv/lib/python3.12/site-packages/airflow/example_dags/example_skip_dag.py
[2024-07-31T19:31:39.854+0000] {processor.py:840} INFO - DAG(s) 'example_skip_dag' retrieved from /home/ubuntu/airflow-venv/lib/python3.12/site-packages/airflow/example_dags/example_skip_dag.py
[2024-07-31T19:31:39.872+0000] {logging_mixin.py:188} INFO - [2024-07-31T19:31:39.871+0000] {dag.py:3089} INFO - Sync 1 DAGs
[2024-07-31T19:31:39.892+0000] {logging_mixin.py:188} INFO - [2024-07-31T19:31:39.892+0000] {dag.py:3947} INFO - Setting next_dagrun for example_skip_dag to 2024-07-30 00:00:00+00:00, run_after=2024-07-31 00:00:00+00:00
[2024-07-31T19:31:39.916+0000] {processor.py:183} INFO - Processing /home/ubuntu/airflow-venv/lib/python3.12/site-packages/airflow/example_dags/example_skip_dag.py took 0.078 seconds
[2024-07-31T19:32:49.250+0000] {processor.py:161} INFO - Started process (PID=6496) to work on /home/ubuntu/airflow-venv/lib/python3.12/site-packages/airflow/example_dags/example_skip_dag.py
[2024-07-31T19:32:49.251+0000] {processor.py:830} INFO - Processing file /home/ubuntu/airflow-venv/lib/python3.12/site-packages/airflow/example_dags/example_skip_dag.py for tasks to queue
[2024-07-31T19:32:49.252+0000] {logging_mixin.py:188} INFO - [2024-07-31T19:32:49.252+0000] {dagbag.py:545} INFO - Filling up the DagBag from /home/ubuntu/airflow-venv/lib/python3.12/site-packages/airflow/example_dags/example_skip_dag.py
[2024-07-31T19:32:49.260+0000] {processor.py:840} INFO - DAG(s) 'example_skip_dag' retrieved from /home/ubuntu/airflow-venv/lib/python3.12/site-packages/airflow/example_dags/example_skip_dag.py
[2024-07-31T19:32:49.277+0000] {logging_mixin.py:188} INFO - [2024-07-31T19:32:49.277+0000] {dag.py:3089} INFO - Sync 1 DAGs
[2024-07-31T19:32:49.297+0000] {logging_mixin.py:188} INFO - [2024-07-31T19:32:49.297+0000] {dag.py:3947} INFO - Setting next_dagrun for example_skip_dag to 2024-07-30 00:00:00+00:00, run_after=2024-07-31 00:00:00+00:00
[2024-07-31T19:32:49.320+0000] {processor.py:183} INFO - Processing /home/ubuntu/airflow-venv/lib/python3.12/site-packages/airflow/example_dags/example_skip_dag.py took 0.077 seconds
[2024-07-31T19:34:00.861+0000] {processor.py:161} INFO - Started process (PID=6573) to work on /home/ubuntu/airflow-venv/lib/python3.12/site-packages/airflow/example_dags/example_skip_dag.py
[2024-07-31T19:34:00.862+0000] {processor.py:830} INFO - Processing file /home/ubuntu/airflow-venv/lib/python3.12/site-packages/airflow/example_dags/example_skip_dag.py for tasks to queue
[2024-07-31T19:34:00.863+0000] {logging_mixin.py:188} INFO - [2024-07-31T19:34:00.863+0000] {dagbag.py:545} INFO - Filling up the DagBag from /home/ubuntu/airflow-venv/lib/python3.12/site-packages/airflow/example_dags/example_skip_dag.py
[2024-07-31T19:34:00.872+0000] {processor.py:840} INFO - DAG(s) 'example_skip_dag' retrieved from /home/ubuntu/airflow-venv/lib/python3.12/site-packages/airflow/example_dags/example_skip_dag.py
[2024-07-31T19:34:00.890+0000] {logging_mixin.py:188} INFO - [2024-07-31T19:34:00.890+0000] {dag.py:3089} INFO - Sync 1 DAGs
[2024-07-31T19:34:00.911+0000] {logging_mixin.py:188} INFO - [2024-07-31T19:34:00.911+0000] {dag.py:3947} INFO - Setting next_dagrun for example_skip_dag to 2024-07-30 00:00:00+00:00, run_after=2024-07-31 00:00:00+00:00
[2024-07-31T19:34:00.936+0000] {processor.py:183} INFO - Processing /home/ubuntu/airflow-venv/lib/python3.12/site-packages/airflow/example_dags/example_skip_dag.py took 0.081 seconds
