[2024-07-31T18:43:20.490+0000] {processor.py:161} INFO - Started process (PID=3458) to work on /home/ubuntu/airflow-venv/lib/python3.12/site-packages/airflow/example_dags/example_python_operator.py
[2024-07-31T18:43:20.490+0000] {processor.py:830} INFO - Processing file /home/ubuntu/airflow-venv/lib/python3.12/site-packages/airflow/example_dags/example_python_operator.py for tasks to queue
[2024-07-31T18:43:20.492+0000] {logging_mixin.py:188} INFO - [2024-07-31T18:43:20.492+0000] {dagbag.py:545} INFO - Filling up the DagBag from /home/ubuntu/airflow-venv/lib/python3.12/site-packages/airflow/example_dags/example_python_operator.py
[2024-07-31T18:43:20.500+0000] {logging_mixin.py:188} INFO - [2024-07-31T18:43:20.500+0000] {example_python_operator.py:93} WARNING - The virtalenv_python example task requires virtualenv, please install it.
[2024-07-31T18:43:20.501+0000] {processor.py:840} INFO - DAG(s) 'example_python_operator' retrieved from /home/ubuntu/airflow-venv/lib/python3.12/site-packages/airflow/example_dags/example_python_operator.py
[2024-07-31T18:43:20.617+0000] {logging_mixin.py:188} INFO - [2024-07-31T18:43:20.617+0000] {override.py:1858} INFO - Created Permission View: can edit on DAG:example_python_operator
[2024-07-31T18:43:20.631+0000] {logging_mixin.py:188} INFO - [2024-07-31T18:43:20.630+0000] {override.py:1858} INFO - Created Permission View: can read on DAG:example_python_operator
[2024-07-31T18:43:20.641+0000] {logging_mixin.py:188} INFO - [2024-07-31T18:43:20.640+0000] {override.py:1858} INFO - Created Permission View: can delete on DAG:example_python_operator
[2024-07-31T18:43:20.641+0000] {logging_mixin.py:188} INFO - [2024-07-31T18:43:20.641+0000] {dag.py:3089} INFO - Sync 1 DAGs
[2024-07-31T18:43:20.651+0000] {logging_mixin.py:188} INFO - [2024-07-31T18:43:20.651+0000] {dag.py:3111} INFO - Creating ORM DAG for example_python_operator
[2024-07-31T18:43:20.652+0000] {logging_mixin.py:188} INFO - [2024-07-31T18:43:20.652+0000] {dag.py:3947} INFO - Setting next_dagrun for example_python_operator to None, run_after=None
[2024-07-31T18:43:20.775+0000] {processor.py:183} INFO - Processing /home/ubuntu/airflow-venv/lib/python3.12/site-packages/airflow/example_dags/example_python_operator.py took 0.291 seconds
[2024-07-31T18:44:17.213+0000] {processor.py:161} INFO - Started process (PID=3535) to work on /home/ubuntu/airflow-venv/lib/python3.12/site-packages/airflow/example_dags/example_python_operator.py
[2024-07-31T18:44:17.214+0000] {processor.py:830} INFO - Processing file /home/ubuntu/airflow-venv/lib/python3.12/site-packages/airflow/example_dags/example_python_operator.py for tasks to queue
[2024-07-31T18:44:17.216+0000] {logging_mixin.py:188} INFO - [2024-07-31T18:44:17.215+0000] {dagbag.py:545} INFO - Filling up the DagBag from /home/ubuntu/airflow-venv/lib/python3.12/site-packages/airflow/example_dags/example_python_operator.py
[2024-07-31T18:44:17.222+0000] {logging_mixin.py:188} INFO - [2024-07-31T18:44:17.222+0000] {example_python_operator.py:93} WARNING - The virtalenv_python example task requires virtualenv, please install it.
[2024-07-31T18:44:17.223+0000] {processor.py:840} INFO - DAG(s) 'example_python_operator' retrieved from /home/ubuntu/airflow-venv/lib/python3.12/site-packages/airflow/example_dags/example_python_operator.py
[2024-07-31T18:44:17.240+0000] {logging_mixin.py:188} INFO - [2024-07-31T18:44:17.240+0000] {dag.py:3089} INFO - Sync 1 DAGs
[2024-07-31T18:44:17.253+0000] {logging_mixin.py:188} INFO - [2024-07-31T18:44:17.253+0000] {dag.py:3947} INFO - Setting next_dagrun for example_python_operator to None, run_after=None
[2024-07-31T18:44:17.275+0000] {processor.py:183} INFO - Processing /home/ubuntu/airflow-venv/lib/python3.12/site-packages/airflow/example_dags/example_python_operator.py took 0.068 seconds
[2024-07-31T18:45:06.455+0000] {processor.py:161} INFO - Started process (PID=3595) to work on /home/ubuntu/airflow-venv/lib/python3.12/site-packages/airflow/example_dags/example_python_operator.py
[2024-07-31T18:45:06.456+0000] {processor.py:830} INFO - Processing file /home/ubuntu/airflow-venv/lib/python3.12/site-packages/airflow/example_dags/example_python_operator.py for tasks to queue
[2024-07-31T18:45:06.458+0000] {logging_mixin.py:188} INFO - [2024-07-31T18:45:06.458+0000] {dagbag.py:545} INFO - Filling up the DagBag from /home/ubuntu/airflow-venv/lib/python3.12/site-packages/airflow/example_dags/example_python_operator.py
[2024-07-31T18:45:06.465+0000] {logging_mixin.py:188} INFO - [2024-07-31T18:45:06.465+0000] {example_python_operator.py:93} WARNING - The virtalenv_python example task requires virtualenv, please install it.
[2024-07-31T18:45:06.465+0000] {processor.py:840} INFO - DAG(s) 'example_python_operator' retrieved from /home/ubuntu/airflow-venv/lib/python3.12/site-packages/airflow/example_dags/example_python_operator.py
[2024-07-31T18:45:06.483+0000] {logging_mixin.py:188} INFO - [2024-07-31T18:45:06.483+0000] {dag.py:3089} INFO - Sync 1 DAGs
[2024-07-31T18:45:06.495+0000] {logging_mixin.py:188} INFO - [2024-07-31T18:45:06.494+0000] {dag.py:3947} INFO - Setting next_dagrun for example_python_operator to None, run_after=None
[2024-07-31T18:45:06.518+0000] {processor.py:183} INFO - Processing /home/ubuntu/airflow-venv/lib/python3.12/site-packages/airflow/example_dags/example_python_operator.py took 0.069 seconds
[2024-07-31T18:45:54.428+0000] {processor.py:161} INFO - Started process (PID=3648) to work on /home/ubuntu/airflow-venv/lib/python3.12/site-packages/airflow/example_dags/example_python_operator.py
[2024-07-31T18:45:54.430+0000] {processor.py:830} INFO - Processing file /home/ubuntu/airflow-venv/lib/python3.12/site-packages/airflow/example_dags/example_python_operator.py for tasks to queue
[2024-07-31T18:45:54.431+0000] {logging_mixin.py:188} INFO - [2024-07-31T18:45:54.431+0000] {dagbag.py:545} INFO - Filling up the DagBag from /home/ubuntu/airflow-venv/lib/python3.12/site-packages/airflow/example_dags/example_python_operator.py
[2024-07-31T18:45:54.439+0000] {logging_mixin.py:188} INFO - [2024-07-31T18:45:54.438+0000] {example_python_operator.py:93} WARNING - The virtalenv_python example task requires virtualenv, please install it.
[2024-07-31T18:45:54.439+0000] {processor.py:840} INFO - DAG(s) 'example_python_operator' retrieved from /home/ubuntu/airflow-venv/lib/python3.12/site-packages/airflow/example_dags/example_python_operator.py
[2024-07-31T18:45:54.457+0000] {logging_mixin.py:188} INFO - [2024-07-31T18:45:54.456+0000] {dag.py:3089} INFO - Sync 1 DAGs
[2024-07-31T18:45:54.469+0000] {logging_mixin.py:188} INFO - [2024-07-31T18:45:54.468+0000] {dag.py:3947} INFO - Setting next_dagrun for example_python_operator to None, run_after=None
[2024-07-31T18:45:54.494+0000] {processor.py:183} INFO - Processing /home/ubuntu/airflow-venv/lib/python3.12/site-packages/airflow/example_dags/example_python_operator.py took 0.071 seconds
[2024-07-31T18:46:55.659+0000] {processor.py:161} INFO - Started process (PID=3904) to work on /home/ubuntu/airflow-venv/lib/python3.12/site-packages/airflow/example_dags/example_python_operator.py
[2024-07-31T18:46:55.660+0000] {processor.py:830} INFO - Processing file /home/ubuntu/airflow-venv/lib/python3.12/site-packages/airflow/example_dags/example_python_operator.py for tasks to queue
[2024-07-31T18:46:55.662+0000] {logging_mixin.py:188} INFO - [2024-07-31T18:46:55.662+0000] {dagbag.py:545} INFO - Filling up the DagBag from /home/ubuntu/airflow-venv/lib/python3.12/site-packages/airflow/example_dags/example_python_operator.py
[2024-07-31T18:46:55.669+0000] {logging_mixin.py:188} INFO - [2024-07-31T18:46:55.669+0000] {example_python_operator.py:93} WARNING - The virtalenv_python example task requires virtualenv, please install it.
[2024-07-31T18:46:55.669+0000] {processor.py:840} INFO - DAG(s) 'example_python_operator' retrieved from /home/ubuntu/airflow-venv/lib/python3.12/site-packages/airflow/example_dags/example_python_operator.py
[2024-07-31T18:46:55.687+0000] {logging_mixin.py:188} INFO - [2024-07-31T18:46:55.687+0000] {dag.py:3089} INFO - Sync 1 DAGs
[2024-07-31T18:46:55.699+0000] {logging_mixin.py:188} INFO - [2024-07-31T18:46:55.699+0000] {dag.py:3947} INFO - Setting next_dagrun for example_python_operator to None, run_after=None
[2024-07-31T18:46:55.723+0000] {processor.py:183} INFO - Processing /home/ubuntu/airflow-venv/lib/python3.12/site-packages/airflow/example_dags/example_python_operator.py took 0.070 seconds
[2024-07-31T18:47:54.316+0000] {processor.py:161} INFO - Started process (PID=3969) to work on /home/ubuntu/airflow-venv/lib/python3.12/site-packages/airflow/example_dags/example_python_operator.py
[2024-07-31T18:47:54.318+0000] {processor.py:830} INFO - Processing file /home/ubuntu/airflow-venv/lib/python3.12/site-packages/airflow/example_dags/example_python_operator.py for tasks to queue
[2024-07-31T18:47:54.320+0000] {logging_mixin.py:188} INFO - [2024-07-31T18:47:54.319+0000] {dagbag.py:545} INFO - Filling up the DagBag from /home/ubuntu/airflow-venv/lib/python3.12/site-packages/airflow/example_dags/example_python_operator.py
[2024-07-31T18:47:54.326+0000] {logging_mixin.py:188} INFO - [2024-07-31T18:47:54.326+0000] {example_python_operator.py:93} WARNING - The virtalenv_python example task requires virtualenv, please install it.
[2024-07-31T18:47:54.327+0000] {processor.py:840} INFO - DAG(s) 'example_python_operator' retrieved from /home/ubuntu/airflow-venv/lib/python3.12/site-packages/airflow/example_dags/example_python_operator.py
[2024-07-31T18:47:54.345+0000] {logging_mixin.py:188} INFO - [2024-07-31T18:47:54.344+0000] {dag.py:3089} INFO - Sync 1 DAGs
[2024-07-31T18:47:54.357+0000] {logging_mixin.py:188} INFO - [2024-07-31T18:47:54.357+0000] {dag.py:3947} INFO - Setting next_dagrun for example_python_operator to None, run_after=None
[2024-07-31T18:47:54.381+0000] {processor.py:183} INFO - Processing /home/ubuntu/airflow-venv/lib/python3.12/site-packages/airflow/example_dags/example_python_operator.py took 0.070 seconds
[2024-07-31T18:48:50.428+0000] {processor.py:161} INFO - Started process (PID=4194) to work on /home/ubuntu/airflow-venv/lib/python3.12/site-packages/airflow/example_dags/example_python_operator.py
[2024-07-31T18:48:50.430+0000] {processor.py:830} INFO - Processing file /home/ubuntu/airflow-venv/lib/python3.12/site-packages/airflow/example_dags/example_python_operator.py for tasks to queue
[2024-07-31T18:48:50.431+0000] {logging_mixin.py:188} INFO - [2024-07-31T18:48:50.431+0000] {dagbag.py:545} INFO - Filling up the DagBag from /home/ubuntu/airflow-venv/lib/python3.12/site-packages/airflow/example_dags/example_python_operator.py
[2024-07-31T18:48:50.438+0000] {logging_mixin.py:188} INFO - [2024-07-31T18:48:50.438+0000] {example_python_operator.py:93} WARNING - The virtalenv_python example task requires virtualenv, please install it.
[2024-07-31T18:48:50.439+0000] {processor.py:840} INFO - DAG(s) 'example_python_operator' retrieved from /home/ubuntu/airflow-venv/lib/python3.12/site-packages/airflow/example_dags/example_python_operator.py
[2024-07-31T18:48:50.457+0000] {logging_mixin.py:188} INFO - [2024-07-31T18:48:50.456+0000] {dag.py:3089} INFO - Sync 1 DAGs
[2024-07-31T18:48:50.469+0000] {logging_mixin.py:188} INFO - [2024-07-31T18:48:50.469+0000] {dag.py:3947} INFO - Setting next_dagrun for example_python_operator to None, run_after=None
[2024-07-31T18:48:50.494+0000] {processor.py:183} INFO - Processing /home/ubuntu/airflow-venv/lib/python3.12/site-packages/airflow/example_dags/example_python_operator.py took 0.071 seconds
[2024-07-31T18:49:51.084+0000] {processor.py:161} INFO - Started process (PID=4257) to work on /home/ubuntu/airflow-venv/lib/python3.12/site-packages/airflow/example_dags/example_python_operator.py
[2024-07-31T18:49:51.085+0000] {processor.py:830} INFO - Processing file /home/ubuntu/airflow-venv/lib/python3.12/site-packages/airflow/example_dags/example_python_operator.py for tasks to queue
[2024-07-31T18:49:51.087+0000] {logging_mixin.py:188} INFO - [2024-07-31T18:49:51.087+0000] {dagbag.py:545} INFO - Filling up the DagBag from /home/ubuntu/airflow-venv/lib/python3.12/site-packages/airflow/example_dags/example_python_operator.py
[2024-07-31T18:49:51.094+0000] {logging_mixin.py:188} INFO - [2024-07-31T18:49:51.094+0000] {example_python_operator.py:93} WARNING - The virtalenv_python example task requires virtualenv, please install it.
[2024-07-31T18:49:51.095+0000] {processor.py:840} INFO - DAG(s) 'example_python_operator' retrieved from /home/ubuntu/airflow-venv/lib/python3.12/site-packages/airflow/example_dags/example_python_operator.py
[2024-07-31T18:49:51.112+0000] {logging_mixin.py:188} INFO - [2024-07-31T18:49:51.112+0000] {dag.py:3089} INFO - Sync 1 DAGs
[2024-07-31T18:49:51.124+0000] {logging_mixin.py:188} INFO - [2024-07-31T18:49:51.124+0000] {dag.py:3947} INFO - Setting next_dagrun for example_python_operator to None, run_after=None
[2024-07-31T18:49:51.148+0000] {processor.py:183} INFO - Processing /home/ubuntu/airflow-venv/lib/python3.12/site-packages/airflow/example_dags/example_python_operator.py took 0.070 seconds
[2024-07-31T18:50:50.566+0000] {processor.py:161} INFO - Started process (PID=4325) to work on /home/ubuntu/airflow-venv/lib/python3.12/site-packages/airflow/example_dags/example_python_operator.py
[2024-07-31T18:50:50.567+0000] {processor.py:830} INFO - Processing file /home/ubuntu/airflow-venv/lib/python3.12/site-packages/airflow/example_dags/example_python_operator.py for tasks to queue
[2024-07-31T18:50:50.569+0000] {logging_mixin.py:188} INFO - [2024-07-31T18:50:50.569+0000] {dagbag.py:545} INFO - Filling up the DagBag from /home/ubuntu/airflow-venv/lib/python3.12/site-packages/airflow/example_dags/example_python_operator.py
[2024-07-31T18:50:50.576+0000] {logging_mixin.py:188} INFO - [2024-07-31T18:50:50.576+0000] {example_python_operator.py:93} WARNING - The virtalenv_python example task requires virtualenv, please install it.
[2024-07-31T18:50:50.576+0000] {processor.py:840} INFO - DAG(s) 'example_python_operator' retrieved from /home/ubuntu/airflow-venv/lib/python3.12/site-packages/airflow/example_dags/example_python_operator.py
[2024-07-31T18:50:50.593+0000] {logging_mixin.py:188} INFO - [2024-07-31T18:50:50.593+0000] {dag.py:3089} INFO - Sync 1 DAGs
[2024-07-31T18:50:50.605+0000] {logging_mixin.py:188} INFO - [2024-07-31T18:50:50.605+0000] {dag.py:3947} INFO - Setting next_dagrun for example_python_operator to None, run_after=None
[2024-07-31T18:50:50.627+0000] {processor.py:183} INFO - Processing /home/ubuntu/airflow-venv/lib/python3.12/site-packages/airflow/example_dags/example_python_operator.py took 0.066 seconds
[2024-07-31T18:51:48.158+0000] {processor.py:161} INFO - Started process (PID=4387) to work on /home/ubuntu/airflow-venv/lib/python3.12/site-packages/airflow/example_dags/example_python_operator.py
[2024-07-31T18:51:48.160+0000] {processor.py:830} INFO - Processing file /home/ubuntu/airflow-venv/lib/python3.12/site-packages/airflow/example_dags/example_python_operator.py for tasks to queue
[2024-07-31T18:51:48.162+0000] {logging_mixin.py:188} INFO - [2024-07-31T18:51:48.161+0000] {dagbag.py:545} INFO - Filling up the DagBag from /home/ubuntu/airflow-venv/lib/python3.12/site-packages/airflow/example_dags/example_python_operator.py
[2024-07-31T18:51:48.169+0000] {logging_mixin.py:188} INFO - [2024-07-31T18:51:48.168+0000] {example_python_operator.py:93} WARNING - The virtalenv_python example task requires virtualenv, please install it.
[2024-07-31T18:51:48.169+0000] {processor.py:840} INFO - DAG(s) 'example_python_operator' retrieved from /home/ubuntu/airflow-venv/lib/python3.12/site-packages/airflow/example_dags/example_python_operator.py
[2024-07-31T18:51:48.187+0000] {logging_mixin.py:188} INFO - [2024-07-31T18:51:48.186+0000] {dag.py:3089} INFO - Sync 1 DAGs
[2024-07-31T18:51:48.198+0000] {logging_mixin.py:188} INFO - [2024-07-31T18:51:48.198+0000] {dag.py:3947} INFO - Setting next_dagrun for example_python_operator to None, run_after=None
[2024-07-31T18:51:48.223+0000] {processor.py:183} INFO - Processing /home/ubuntu/airflow-venv/lib/python3.12/site-packages/airflow/example_dags/example_python_operator.py took 0.070 seconds
[2024-07-31T18:52:44.693+0000] {processor.py:161} INFO - Started process (PID=4449) to work on /home/ubuntu/airflow-venv/lib/python3.12/site-packages/airflow/example_dags/example_python_operator.py
[2024-07-31T18:52:44.694+0000] {processor.py:830} INFO - Processing file /home/ubuntu/airflow-venv/lib/python3.12/site-packages/airflow/example_dags/example_python_operator.py for tasks to queue
[2024-07-31T18:52:44.696+0000] {logging_mixin.py:188} INFO - [2024-07-31T18:52:44.695+0000] {dagbag.py:545} INFO - Filling up the DagBag from /home/ubuntu/airflow-venv/lib/python3.12/site-packages/airflow/example_dags/example_python_operator.py
[2024-07-31T18:52:44.703+0000] {logging_mixin.py:188} INFO - [2024-07-31T18:52:44.702+0000] {example_python_operator.py:93} WARNING - The virtalenv_python example task requires virtualenv, please install it.
[2024-07-31T18:52:44.703+0000] {processor.py:840} INFO - DAG(s) 'example_python_operator' retrieved from /home/ubuntu/airflow-venv/lib/python3.12/site-packages/airflow/example_dags/example_python_operator.py
[2024-07-31T18:52:44.720+0000] {logging_mixin.py:188} INFO - [2024-07-31T18:52:44.720+0000] {dag.py:3089} INFO - Sync 1 DAGs
[2024-07-31T18:52:44.731+0000] {logging_mixin.py:188} INFO - [2024-07-31T18:52:44.731+0000] {dag.py:3947} INFO - Setting next_dagrun for example_python_operator to None, run_after=None
[2024-07-31T18:52:44.756+0000] {processor.py:183} INFO - Processing /home/ubuntu/airflow-venv/lib/python3.12/site-packages/airflow/example_dags/example_python_operator.py took 0.069 seconds
[2024-07-31T18:53:47.915+0000] {processor.py:161} INFO - Started process (PID=4517) to work on /home/ubuntu/airflow-venv/lib/python3.12/site-packages/airflow/example_dags/example_python_operator.py
[2024-07-31T18:53:47.916+0000] {processor.py:830} INFO - Processing file /home/ubuntu/airflow-venv/lib/python3.12/site-packages/airflow/example_dags/example_python_operator.py for tasks to queue
[2024-07-31T18:53:47.917+0000] {logging_mixin.py:188} INFO - [2024-07-31T18:53:47.917+0000] {dagbag.py:545} INFO - Filling up the DagBag from /home/ubuntu/airflow-venv/lib/python3.12/site-packages/airflow/example_dags/example_python_operator.py
[2024-07-31T18:53:47.924+0000] {logging_mixin.py:188} INFO - [2024-07-31T18:53:47.923+0000] {example_python_operator.py:93} WARNING - The virtalenv_python example task requires virtualenv, please install it.
[2024-07-31T18:53:47.924+0000] {processor.py:840} INFO - DAG(s) 'example_python_operator' retrieved from /home/ubuntu/airflow-venv/lib/python3.12/site-packages/airflow/example_dags/example_python_operator.py
[2024-07-31T18:53:47.942+0000] {logging_mixin.py:188} INFO - [2024-07-31T18:53:47.942+0000] {dag.py:3089} INFO - Sync 1 DAGs
[2024-07-31T18:53:47.954+0000] {logging_mixin.py:188} INFO - [2024-07-31T18:53:47.954+0000] {dag.py:3947} INFO - Setting next_dagrun for example_python_operator to None, run_after=None
[2024-07-31T18:53:47.978+0000] {processor.py:183} INFO - Processing /home/ubuntu/airflow-venv/lib/python3.12/site-packages/airflow/example_dags/example_python_operator.py took 0.069 seconds
[2024-07-31T18:54:50.665+0000] {processor.py:161} INFO - Started process (PID=4586) to work on /home/ubuntu/airflow-venv/lib/python3.12/site-packages/airflow/example_dags/example_python_operator.py
[2024-07-31T18:54:50.666+0000] {processor.py:830} INFO - Processing file /home/ubuntu/airflow-venv/lib/python3.12/site-packages/airflow/example_dags/example_python_operator.py for tasks to queue
[2024-07-31T18:54:50.667+0000] {logging_mixin.py:188} INFO - [2024-07-31T18:54:50.666+0000] {dagbag.py:545} INFO - Filling up the DagBag from /home/ubuntu/airflow-venv/lib/python3.12/site-packages/airflow/example_dags/example_python_operator.py
[2024-07-31T18:54:50.673+0000] {logging_mixin.py:188} INFO - [2024-07-31T18:54:50.673+0000] {example_python_operator.py:93} WARNING - The virtalenv_python example task requires virtualenv, please install it.
[2024-07-31T18:54:50.674+0000] {processor.py:840} INFO - DAG(s) 'example_python_operator' retrieved from /home/ubuntu/airflow-venv/lib/python3.12/site-packages/airflow/example_dags/example_python_operator.py
[2024-07-31T18:54:50.691+0000] {logging_mixin.py:188} INFO - [2024-07-31T18:54:50.691+0000] {dag.py:3089} INFO - Sync 1 DAGs
[2024-07-31T18:54:50.703+0000] {logging_mixin.py:188} INFO - [2024-07-31T18:54:50.703+0000] {dag.py:3947} INFO - Setting next_dagrun for example_python_operator to None, run_after=None
[2024-07-31T18:54:50.726+0000] {processor.py:183} INFO - Processing /home/ubuntu/airflow-venv/lib/python3.12/site-packages/airflow/example_dags/example_python_operator.py took 0.067 seconds
[2024-07-31T18:55:53.307+0000] {processor.py:161} INFO - Started process (PID=4656) to work on /home/ubuntu/airflow-venv/lib/python3.12/site-packages/airflow/example_dags/example_python_operator.py
[2024-07-31T18:55:53.308+0000] {processor.py:830} INFO - Processing file /home/ubuntu/airflow-venv/lib/python3.12/site-packages/airflow/example_dags/example_python_operator.py for tasks to queue
[2024-07-31T18:55:53.309+0000] {logging_mixin.py:188} INFO - [2024-07-31T18:55:53.309+0000] {dagbag.py:545} INFO - Filling up the DagBag from /home/ubuntu/airflow-venv/lib/python3.12/site-packages/airflow/example_dags/example_python_operator.py
[2024-07-31T18:55:53.316+0000] {logging_mixin.py:188} INFO - [2024-07-31T18:55:53.316+0000] {example_python_operator.py:93} WARNING - The virtalenv_python example task requires virtualenv, please install it.
[2024-07-31T18:55:53.317+0000] {processor.py:840} INFO - DAG(s) 'example_python_operator' retrieved from /home/ubuntu/airflow-venv/lib/python3.12/site-packages/airflow/example_dags/example_python_operator.py
[2024-07-31T18:55:53.335+0000] {logging_mixin.py:188} INFO - [2024-07-31T18:55:53.335+0000] {dag.py:3089} INFO - Sync 1 DAGs
[2024-07-31T18:55:53.348+0000] {logging_mixin.py:188} INFO - [2024-07-31T18:55:53.348+0000] {dag.py:3947} INFO - Setting next_dagrun for example_python_operator to None, run_after=None
[2024-07-31T18:55:53.374+0000] {processor.py:183} INFO - Processing /home/ubuntu/airflow-venv/lib/python3.12/site-packages/airflow/example_dags/example_python_operator.py took 0.073 seconds
[2024-07-31T18:56:58.385+0000] {processor.py:161} INFO - Started process (PID=5037) to work on /home/ubuntu/airflow-venv/lib/python3.12/site-packages/airflow/example_dags/example_python_operator.py
[2024-07-31T18:56:58.386+0000] {processor.py:830} INFO - Processing file /home/ubuntu/airflow-venv/lib/python3.12/site-packages/airflow/example_dags/example_python_operator.py for tasks to queue
[2024-07-31T18:56:58.387+0000] {logging_mixin.py:188} INFO - [2024-07-31T18:56:58.387+0000] {dagbag.py:545} INFO - Filling up the DagBag from /home/ubuntu/airflow-venv/lib/python3.12/site-packages/airflow/example_dags/example_python_operator.py
[2024-07-31T18:56:58.394+0000] {logging_mixin.py:188} INFO - [2024-07-31T18:56:58.394+0000] {example_python_operator.py:93} WARNING - The virtalenv_python example task requires virtualenv, please install it.
[2024-07-31T18:56:58.395+0000] {processor.py:840} INFO - DAG(s) 'example_python_operator' retrieved from /home/ubuntu/airflow-venv/lib/python3.12/site-packages/airflow/example_dags/example_python_operator.py
[2024-07-31T18:56:58.417+0000] {logging_mixin.py:188} INFO - [2024-07-31T18:56:58.417+0000] {dag.py:3089} INFO - Sync 1 DAGs
[2024-07-31T18:56:58.438+0000] {logging_mixin.py:188} INFO - [2024-07-31T18:56:58.437+0000] {dag.py:3947} INFO - Setting next_dagrun for example_python_operator to None, run_after=None
[2024-07-31T18:56:58.471+0000] {processor.py:183} INFO - Processing /home/ubuntu/airflow-venv/lib/python3.12/site-packages/airflow/example_dags/example_python_operator.py took 0.093 seconds
[2024-07-31T18:57:44.456+0000] {processor.py:161} INFO - Started process (PID=5084) to work on /home/ubuntu/airflow-venv/lib/python3.12/site-packages/airflow/example_dags/example_python_operator.py
[2024-07-31T18:57:44.457+0000] {processor.py:830} INFO - Processing file /home/ubuntu/airflow-venv/lib/python3.12/site-packages/airflow/example_dags/example_python_operator.py for tasks to queue
[2024-07-31T18:57:44.458+0000] {logging_mixin.py:188} INFO - [2024-07-31T18:57:44.458+0000] {dagbag.py:545} INFO - Filling up the DagBag from /home/ubuntu/airflow-venv/lib/python3.12/site-packages/airflow/example_dags/example_python_operator.py
[2024-07-31T18:57:44.465+0000] {logging_mixin.py:188} INFO - [2024-07-31T18:57:44.465+0000] {example_python_operator.py:93} WARNING - The virtalenv_python example task requires virtualenv, please install it.
[2024-07-31T18:57:44.466+0000] {processor.py:840} INFO - DAG(s) 'example_python_operator' retrieved from /home/ubuntu/airflow-venv/lib/python3.12/site-packages/airflow/example_dags/example_python_operator.py
[2024-07-31T18:57:44.484+0000] {logging_mixin.py:188} INFO - [2024-07-31T18:57:44.483+0000] {dag.py:3089} INFO - Sync 1 DAGs
[2024-07-31T18:57:44.497+0000] {logging_mixin.py:188} INFO - [2024-07-31T18:57:44.496+0000] {dag.py:3947} INFO - Setting next_dagrun for example_python_operator to None, run_after=None
[2024-07-31T18:57:44.519+0000] {processor.py:183} INFO - Processing /home/ubuntu/airflow-venv/lib/python3.12/site-packages/airflow/example_dags/example_python_operator.py took 0.070 seconds
[2024-07-31T18:58:28.554+0000] {processor.py:161} INFO - Started process (PID=5131) to work on /home/ubuntu/airflow-venv/lib/python3.12/site-packages/airflow/example_dags/example_python_operator.py
[2024-07-31T18:58:28.555+0000] {processor.py:830} INFO - Processing file /home/ubuntu/airflow-venv/lib/python3.12/site-packages/airflow/example_dags/example_python_operator.py for tasks to queue
[2024-07-31T18:58:28.556+0000] {logging_mixin.py:188} INFO - [2024-07-31T18:58:28.555+0000] {dagbag.py:545} INFO - Filling up the DagBag from /home/ubuntu/airflow-venv/lib/python3.12/site-packages/airflow/example_dags/example_python_operator.py
[2024-07-31T18:58:28.563+0000] {logging_mixin.py:188} INFO - [2024-07-31T18:58:28.562+0000] {example_python_operator.py:93} WARNING - The virtalenv_python example task requires virtualenv, please install it.
[2024-07-31T18:58:28.563+0000] {processor.py:840} INFO - DAG(s) 'example_python_operator' retrieved from /home/ubuntu/airflow-venv/lib/python3.12/site-packages/airflow/example_dags/example_python_operator.py
[2024-07-31T18:58:28.582+0000] {logging_mixin.py:188} INFO - [2024-07-31T18:58:28.581+0000] {dag.py:3089} INFO - Sync 1 DAGs
[2024-07-31T18:58:28.594+0000] {logging_mixin.py:188} INFO - [2024-07-31T18:58:28.593+0000] {dag.py:3947} INFO - Setting next_dagrun for example_python_operator to None, run_after=None
[2024-07-31T18:58:28.618+0000] {processor.py:183} INFO - Processing /home/ubuntu/airflow-venv/lib/python3.12/site-packages/airflow/example_dags/example_python_operator.py took 0.071 seconds
[2024-07-31T18:59:11.703+0000] {processor.py:161} INFO - Started process (PID=5179) to work on /home/ubuntu/airflow-venv/lib/python3.12/site-packages/airflow/example_dags/example_python_operator.py
[2024-07-31T18:59:11.704+0000] {processor.py:830} INFO - Processing file /home/ubuntu/airflow-venv/lib/python3.12/site-packages/airflow/example_dags/example_python_operator.py for tasks to queue
[2024-07-31T18:59:11.705+0000] {logging_mixin.py:188} INFO - [2024-07-31T18:59:11.705+0000] {dagbag.py:545} INFO - Filling up the DagBag from /home/ubuntu/airflow-venv/lib/python3.12/site-packages/airflow/example_dags/example_python_operator.py
[2024-07-31T18:59:11.712+0000] {logging_mixin.py:188} INFO - [2024-07-31T18:59:11.711+0000] {example_python_operator.py:93} WARNING - The virtalenv_python example task requires virtualenv, please install it.
[2024-07-31T18:59:11.712+0000] {processor.py:840} INFO - DAG(s) 'example_python_operator' retrieved from /home/ubuntu/airflow-venv/lib/python3.12/site-packages/airflow/example_dags/example_python_operator.py
[2024-07-31T18:59:11.730+0000] {logging_mixin.py:188} INFO - [2024-07-31T18:59:11.730+0000] {dag.py:3089} INFO - Sync 1 DAGs
[2024-07-31T18:59:11.742+0000] {logging_mixin.py:188} INFO - [2024-07-31T18:59:11.742+0000] {dag.py:3947} INFO - Setting next_dagrun for example_python_operator to None, run_after=None
[2024-07-31T18:59:11.766+0000] {processor.py:183} INFO - Processing /home/ubuntu/airflow-venv/lib/python3.12/site-packages/airflow/example_dags/example_python_operator.py took 0.069 seconds
[2024-07-31T18:59:56.894+0000] {processor.py:161} INFO - Started process (PID=5226) to work on /home/ubuntu/airflow-venv/lib/python3.12/site-packages/airflow/example_dags/example_python_operator.py
[2024-07-31T18:59:56.896+0000] {processor.py:830} INFO - Processing file /home/ubuntu/airflow-venv/lib/python3.12/site-packages/airflow/example_dags/example_python_operator.py for tasks to queue
[2024-07-31T18:59:56.897+0000] {logging_mixin.py:188} INFO - [2024-07-31T18:59:56.896+0000] {dagbag.py:545} INFO - Filling up the DagBag from /home/ubuntu/airflow-venv/lib/python3.12/site-packages/airflow/example_dags/example_python_operator.py
[2024-07-31T18:59:56.904+0000] {logging_mixin.py:188} INFO - [2024-07-31T18:59:56.904+0000] {example_python_operator.py:93} WARNING - The virtalenv_python example task requires virtualenv, please install it.
[2024-07-31T18:59:56.904+0000] {processor.py:840} INFO - DAG(s) 'example_python_operator' retrieved from /home/ubuntu/airflow-venv/lib/python3.12/site-packages/airflow/example_dags/example_python_operator.py
[2024-07-31T18:59:56.926+0000] {logging_mixin.py:188} INFO - [2024-07-31T18:59:56.926+0000] {dag.py:3089} INFO - Sync 1 DAGs
[2024-07-31T18:59:56.938+0000] {logging_mixin.py:188} INFO - [2024-07-31T18:59:56.938+0000] {dag.py:3947} INFO - Setting next_dagrun for example_python_operator to None, run_after=None
[2024-07-31T18:59:56.962+0000] {processor.py:183} INFO - Processing /home/ubuntu/airflow-venv/lib/python3.12/site-packages/airflow/example_dags/example_python_operator.py took 0.074 seconds
[2024-07-31T19:00:43.410+0000] {processor.py:161} INFO - Started process (PID=5278) to work on /home/ubuntu/airflow-venv/lib/python3.12/site-packages/airflow/example_dags/example_python_operator.py
[2024-07-31T19:00:43.411+0000] {processor.py:830} INFO - Processing file /home/ubuntu/airflow-venv/lib/python3.12/site-packages/airflow/example_dags/example_python_operator.py for tasks to queue
[2024-07-31T19:00:43.412+0000] {logging_mixin.py:188} INFO - [2024-07-31T19:00:43.412+0000] {dagbag.py:545} INFO - Filling up the DagBag from /home/ubuntu/airflow-venv/lib/python3.12/site-packages/airflow/example_dags/example_python_operator.py
[2024-07-31T19:00:43.420+0000] {logging_mixin.py:188} INFO - [2024-07-31T19:00:43.420+0000] {example_python_operator.py:93} WARNING - The virtalenv_python example task requires virtualenv, please install it.
[2024-07-31T19:00:43.420+0000] {processor.py:840} INFO - DAG(s) 'example_python_operator' retrieved from /home/ubuntu/airflow-venv/lib/python3.12/site-packages/airflow/example_dags/example_python_operator.py
[2024-07-31T19:00:43.439+0000] {logging_mixin.py:188} INFO - [2024-07-31T19:00:43.439+0000] {dag.py:3089} INFO - Sync 1 DAGs
[2024-07-31T19:00:43.451+0000] {logging_mixin.py:188} INFO - [2024-07-31T19:00:43.451+0000] {dag.py:3947} INFO - Setting next_dagrun for example_python_operator to None, run_after=None
[2024-07-31T19:00:43.474+0000] {processor.py:183} INFO - Processing /home/ubuntu/airflow-venv/lib/python3.12/site-packages/airflow/example_dags/example_python_operator.py took 0.071 seconds
[2024-07-31T19:01:46.977+0000] {processor.py:161} INFO - Started process (PID=5342) to work on /home/ubuntu/airflow-venv/lib/python3.12/site-packages/airflow/example_dags/example_python_operator.py
[2024-07-31T19:01:46.979+0000] {processor.py:830} INFO - Processing file /home/ubuntu/airflow-venv/lib/python3.12/site-packages/airflow/example_dags/example_python_operator.py for tasks to queue
[2024-07-31T19:01:46.979+0000] {logging_mixin.py:188} INFO - [2024-07-31T19:01:46.979+0000] {dagbag.py:545} INFO - Filling up the DagBag from /home/ubuntu/airflow-venv/lib/python3.12/site-packages/airflow/example_dags/example_python_operator.py
[2024-07-31T19:01:46.986+0000] {logging_mixin.py:188} INFO - [2024-07-31T19:01:46.986+0000] {example_python_operator.py:93} WARNING - The virtalenv_python example task requires virtualenv, please install it.
[2024-07-31T19:01:46.987+0000] {processor.py:840} INFO - DAG(s) 'example_python_operator' retrieved from /home/ubuntu/airflow-venv/lib/python3.12/site-packages/airflow/example_dags/example_python_operator.py
[2024-07-31T19:01:47.004+0000] {logging_mixin.py:188} INFO - [2024-07-31T19:01:47.004+0000] {dag.py:3089} INFO - Sync 1 DAGs
[2024-07-31T19:01:47.016+0000] {logging_mixin.py:188} INFO - [2024-07-31T19:01:47.016+0000] {dag.py:3947} INFO - Setting next_dagrun for example_python_operator to None, run_after=None
[2024-07-31T19:01:47.040+0000] {processor.py:183} INFO - Processing /home/ubuntu/airflow-venv/lib/python3.12/site-packages/airflow/example_dags/example_python_operator.py took 0.069 seconds
[2024-07-31T19:02:32.051+0000] {processor.py:161} INFO - Started process (PID=5389) to work on /home/ubuntu/airflow-venv/lib/python3.12/site-packages/airflow/example_dags/example_python_operator.py
[2024-07-31T19:02:32.053+0000] {processor.py:830} INFO - Processing file /home/ubuntu/airflow-venv/lib/python3.12/site-packages/airflow/example_dags/example_python_operator.py for tasks to queue
[2024-07-31T19:02:32.054+0000] {logging_mixin.py:188} INFO - [2024-07-31T19:02:32.053+0000] {dagbag.py:545} INFO - Filling up the DagBag from /home/ubuntu/airflow-venv/lib/python3.12/site-packages/airflow/example_dags/example_python_operator.py
[2024-07-31T19:02:32.060+0000] {logging_mixin.py:188} INFO - [2024-07-31T19:02:32.060+0000] {example_python_operator.py:93} WARNING - The virtalenv_python example task requires virtualenv, please install it.
[2024-07-31T19:02:32.061+0000] {processor.py:840} INFO - DAG(s) 'example_python_operator' retrieved from /home/ubuntu/airflow-venv/lib/python3.12/site-packages/airflow/example_dags/example_python_operator.py
[2024-07-31T19:02:32.079+0000] {logging_mixin.py:188} INFO - [2024-07-31T19:02:32.079+0000] {dag.py:3089} INFO - Sync 1 DAGs
[2024-07-31T19:02:32.091+0000] {logging_mixin.py:188} INFO - [2024-07-31T19:02:32.091+0000] {dag.py:3947} INFO - Setting next_dagrun for example_python_operator to None, run_after=None
[2024-07-31T19:02:32.115+0000] {processor.py:183} INFO - Processing /home/ubuntu/airflow-venv/lib/python3.12/site-packages/airflow/example_dags/example_python_operator.py took 0.069 seconds
[2024-07-31T19:03:18.008+0000] {processor.py:161} INFO - Started process (PID=5436) to work on /home/ubuntu/airflow-venv/lib/python3.12/site-packages/airflow/example_dags/example_python_operator.py
[2024-07-31T19:03:18.009+0000] {processor.py:830} INFO - Processing file /home/ubuntu/airflow-venv/lib/python3.12/site-packages/airflow/example_dags/example_python_operator.py for tasks to queue
[2024-07-31T19:03:18.010+0000] {logging_mixin.py:188} INFO - [2024-07-31T19:03:18.010+0000] {dagbag.py:545} INFO - Filling up the DagBag from /home/ubuntu/airflow-venv/lib/python3.12/site-packages/airflow/example_dags/example_python_operator.py
[2024-07-31T19:03:18.017+0000] {logging_mixin.py:188} INFO - [2024-07-31T19:03:18.016+0000] {example_python_operator.py:93} WARNING - The virtalenv_python example task requires virtualenv, please install it.
[2024-07-31T19:03:18.017+0000] {processor.py:840} INFO - DAG(s) 'example_python_operator' retrieved from /home/ubuntu/airflow-venv/lib/python3.12/site-packages/airflow/example_dags/example_python_operator.py
[2024-07-31T19:03:18.036+0000] {logging_mixin.py:188} INFO - [2024-07-31T19:03:18.035+0000] {dag.py:3089} INFO - Sync 1 DAGs
[2024-07-31T19:03:18.048+0000] {logging_mixin.py:188} INFO - [2024-07-31T19:03:18.048+0000] {dag.py:3947} INFO - Setting next_dagrun for example_python_operator to None, run_after=None
[2024-07-31T19:03:18.072+0000] {processor.py:183} INFO - Processing /home/ubuntu/airflow-venv/lib/python3.12/site-packages/airflow/example_dags/example_python_operator.py took 0.070 seconds
[2024-07-31T19:19:05.750+0000] {processor.py:161} INFO - Started process (PID=5625) to work on /home/ubuntu/airflow-venv/lib/python3.12/site-packages/airflow/example_dags/example_python_operator.py
[2024-07-31T19:19:05.752+0000] {processor.py:830} INFO - Processing file /home/ubuntu/airflow-venv/lib/python3.12/site-packages/airflow/example_dags/example_python_operator.py for tasks to queue
[2024-07-31T19:19:05.754+0000] {logging_mixin.py:188} INFO - [2024-07-31T19:19:05.753+0000] {dagbag.py:545} INFO - Filling up the DagBag from /home/ubuntu/airflow-venv/lib/python3.12/site-packages/airflow/example_dags/example_python_operator.py
[2024-07-31T19:19:05.760+0000] {logging_mixin.py:188} INFO - [2024-07-31T19:19:05.760+0000] {example_python_operator.py:93} WARNING - The virtalenv_python example task requires virtualenv, please install it.
[2024-07-31T19:19:05.761+0000] {processor.py:840} INFO - DAG(s) 'example_python_operator' retrieved from /home/ubuntu/airflow-venv/lib/python3.12/site-packages/airflow/example_dags/example_python_operator.py
[2024-07-31T19:19:05.867+0000] {logging_mixin.py:188} INFO - [2024-07-31T19:19:05.866+0000] {dag.py:3089} INFO - Sync 1 DAGs
[2024-07-31T19:19:05.876+0000] {logging_mixin.py:188} INFO - [2024-07-31T19:19:05.876+0000] {dag.py:3947} INFO - Setting next_dagrun for example_python_operator to None, run_after=None
[2024-07-31T19:19:05.900+0000] {processor.py:183} INFO - Processing /home/ubuntu/airflow-venv/lib/python3.12/site-packages/airflow/example_dags/example_python_operator.py took 0.155 seconds
[2024-07-31T19:20:05.331+0000] {processor.py:161} INFO - Started process (PID=5678) to work on /home/ubuntu/airflow-venv/lib/python3.12/site-packages/airflow/example_dags/example_python_operator.py
[2024-07-31T19:20:05.334+0000] {processor.py:830} INFO - Processing file /home/ubuntu/airflow-venv/lib/python3.12/site-packages/airflow/example_dags/example_python_operator.py for tasks to queue
[2024-07-31T19:20:05.336+0000] {logging_mixin.py:188} INFO - [2024-07-31T19:20:05.335+0000] {dagbag.py:545} INFO - Filling up the DagBag from /home/ubuntu/airflow-venv/lib/python3.12/site-packages/airflow/example_dags/example_python_operator.py
[2024-07-31T19:20:05.351+0000] {logging_mixin.py:188} INFO - [2024-07-31T19:20:05.351+0000] {example_python_operator.py:93} WARNING - The virtalenv_python example task requires virtualenv, please install it.
[2024-07-31T19:20:05.351+0000] {processor.py:840} INFO - DAG(s) 'example_python_operator' retrieved from /home/ubuntu/airflow-venv/lib/python3.12/site-packages/airflow/example_dags/example_python_operator.py
[2024-07-31T19:20:05.382+0000] {logging_mixin.py:188} INFO - [2024-07-31T19:20:05.382+0000] {dag.py:3089} INFO - Sync 1 DAGs
[2024-07-31T19:20:05.401+0000] {logging_mixin.py:188} INFO - [2024-07-31T19:20:05.400+0000] {dag.py:3947} INFO - Setting next_dagrun for example_python_operator to None, run_after=None
[2024-07-31T19:20:05.433+0000] {processor.py:183} INFO - Processing /home/ubuntu/airflow-venv/lib/python3.12/site-packages/airflow/example_dags/example_python_operator.py took 0.108 seconds
[2024-07-31T19:20:59.439+0000] {processor.py:161} INFO - Started process (PID=5737) to work on /home/ubuntu/airflow-venv/lib/python3.12/site-packages/airflow/example_dags/example_python_operator.py
[2024-07-31T19:20:59.441+0000] {processor.py:830} INFO - Processing file /home/ubuntu/airflow-venv/lib/python3.12/site-packages/airflow/example_dags/example_python_operator.py for tasks to queue
[2024-07-31T19:20:59.443+0000] {logging_mixin.py:188} INFO - [2024-07-31T19:20:59.443+0000] {dagbag.py:545} INFO - Filling up the DagBag from /home/ubuntu/airflow-venv/lib/python3.12/site-packages/airflow/example_dags/example_python_operator.py
[2024-07-31T19:20:59.453+0000] {logging_mixin.py:188} INFO - [2024-07-31T19:20:59.453+0000] {example_python_operator.py:93} WARNING - The virtalenv_python example task requires virtualenv, please install it.
[2024-07-31T19:20:59.454+0000] {processor.py:840} INFO - DAG(s) 'example_python_operator' retrieved from /home/ubuntu/airflow-venv/lib/python3.12/site-packages/airflow/example_dags/example_python_operator.py
[2024-07-31T19:20:59.474+0000] {logging_mixin.py:188} INFO - [2024-07-31T19:20:59.474+0000] {dag.py:3089} INFO - Sync 1 DAGs
[2024-07-31T19:20:59.487+0000] {logging_mixin.py:188} INFO - [2024-07-31T19:20:59.487+0000] {dag.py:3947} INFO - Setting next_dagrun for example_python_operator to None, run_after=None
[2024-07-31T19:20:59.511+0000] {processor.py:183} INFO - Processing /home/ubuntu/airflow-venv/lib/python3.12/site-packages/airflow/example_dags/example_python_operator.py took 0.085 seconds
[2024-07-31T19:21:52.641+0000] {processor.py:161} INFO - Started process (PID=5791) to work on /home/ubuntu/airflow-venv/lib/python3.12/site-packages/airflow/example_dags/example_python_operator.py
[2024-07-31T19:21:52.642+0000] {processor.py:830} INFO - Processing file /home/ubuntu/airflow-venv/lib/python3.12/site-packages/airflow/example_dags/example_python_operator.py for tasks to queue
[2024-07-31T19:21:52.644+0000] {logging_mixin.py:188} INFO - [2024-07-31T19:21:52.644+0000] {dagbag.py:545} INFO - Filling up the DagBag from /home/ubuntu/airflow-venv/lib/python3.12/site-packages/airflow/example_dags/example_python_operator.py
[2024-07-31T19:21:52.651+0000] {logging_mixin.py:188} INFO - [2024-07-31T19:21:52.651+0000] {example_python_operator.py:93} WARNING - The virtalenv_python example task requires virtualenv, please install it.
[2024-07-31T19:21:52.651+0000] {processor.py:840} INFO - DAG(s) 'example_python_operator' retrieved from /home/ubuntu/airflow-venv/lib/python3.12/site-packages/airflow/example_dags/example_python_operator.py
[2024-07-31T19:21:52.669+0000] {logging_mixin.py:188} INFO - [2024-07-31T19:21:52.669+0000] {dag.py:3089} INFO - Sync 1 DAGs
[2024-07-31T19:21:52.681+0000] {logging_mixin.py:188} INFO - [2024-07-31T19:21:52.680+0000] {dag.py:3947} INFO - Setting next_dagrun for example_python_operator to None, run_after=None
[2024-07-31T19:21:52.709+0000] {processor.py:183} INFO - Processing /home/ubuntu/airflow-venv/lib/python3.12/site-packages/airflow/example_dags/example_python_operator.py took 0.073 seconds
[2024-07-31T19:22:40.924+0000] {processor.py:161} INFO - Started process (PID=5839) to work on /home/ubuntu/airflow-venv/lib/python3.12/site-packages/airflow/example_dags/example_python_operator.py
[2024-07-31T19:22:40.926+0000] {processor.py:830} INFO - Processing file /home/ubuntu/airflow-venv/lib/python3.12/site-packages/airflow/example_dags/example_python_operator.py for tasks to queue
[2024-07-31T19:22:40.926+0000] {logging_mixin.py:188} INFO - [2024-07-31T19:22:40.926+0000] {dagbag.py:545} INFO - Filling up the DagBag from /home/ubuntu/airflow-venv/lib/python3.12/site-packages/airflow/example_dags/example_python_operator.py
[2024-07-31T19:22:40.933+0000] {logging_mixin.py:188} INFO - [2024-07-31T19:22:40.933+0000] {example_python_operator.py:93} WARNING - The virtalenv_python example task requires virtualenv, please install it.
[2024-07-31T19:22:40.934+0000] {processor.py:840} INFO - DAG(s) 'example_python_operator' retrieved from /home/ubuntu/airflow-venv/lib/python3.12/site-packages/airflow/example_dags/example_python_operator.py
[2024-07-31T19:22:40.952+0000] {logging_mixin.py:188} INFO - [2024-07-31T19:22:40.952+0000] {dag.py:3089} INFO - Sync 1 DAGs
[2024-07-31T19:22:40.964+0000] {logging_mixin.py:188} INFO - [2024-07-31T19:22:40.963+0000] {dag.py:3947} INFO - Setting next_dagrun for example_python_operator to None, run_after=None
[2024-07-31T19:22:40.987+0000] {processor.py:183} INFO - Processing /home/ubuntu/airflow-venv/lib/python3.12/site-packages/airflow/example_dags/example_python_operator.py took 0.068 seconds
[2024-07-31T19:23:25.407+0000] {processor.py:161} INFO - Started process (PID=5887) to work on /home/ubuntu/airflow-venv/lib/python3.12/site-packages/airflow/example_dags/example_python_operator.py
[2024-07-31T19:23:25.409+0000] {processor.py:830} INFO - Processing file /home/ubuntu/airflow-venv/lib/python3.12/site-packages/airflow/example_dags/example_python_operator.py for tasks to queue
[2024-07-31T19:23:25.410+0000] {logging_mixin.py:188} INFO - [2024-07-31T19:23:25.409+0000] {dagbag.py:545} INFO - Filling up the DagBag from /home/ubuntu/airflow-venv/lib/python3.12/site-packages/airflow/example_dags/example_python_operator.py
[2024-07-31T19:23:25.417+0000] {logging_mixin.py:188} INFO - [2024-07-31T19:23:25.417+0000] {example_python_operator.py:93} WARNING - The virtalenv_python example task requires virtualenv, please install it.
[2024-07-31T19:23:25.418+0000] {processor.py:840} INFO - DAG(s) 'example_python_operator' retrieved from /home/ubuntu/airflow-venv/lib/python3.12/site-packages/airflow/example_dags/example_python_operator.py
[2024-07-31T19:23:25.436+0000] {logging_mixin.py:188} INFO - [2024-07-31T19:23:25.436+0000] {dag.py:3089} INFO - Sync 1 DAGs
[2024-07-31T19:23:25.449+0000] {logging_mixin.py:188} INFO - [2024-07-31T19:23:25.449+0000] {dag.py:3947} INFO - Setting next_dagrun for example_python_operator to None, run_after=None
[2024-07-31T19:23:25.533+0000] {processor.py:183} INFO - Processing /home/ubuntu/airflow-venv/lib/python3.12/site-packages/airflow/example_dags/example_python_operator.py took 0.132 seconds
[2024-07-31T19:24:18.699+0000] {processor.py:161} INFO - Started process (PID=5947) to work on /home/ubuntu/airflow-venv/lib/python3.12/site-packages/airflow/example_dags/example_python_operator.py
[2024-07-31T19:24:18.701+0000] {processor.py:830} INFO - Processing file /home/ubuntu/airflow-venv/lib/python3.12/site-packages/airflow/example_dags/example_python_operator.py for tasks to queue
[2024-07-31T19:24:18.702+0000] {logging_mixin.py:188} INFO - [2024-07-31T19:24:18.701+0000] {dagbag.py:545} INFO - Filling up the DagBag from /home/ubuntu/airflow-venv/lib/python3.12/site-packages/airflow/example_dags/example_python_operator.py
[2024-07-31T19:24:18.709+0000] {logging_mixin.py:188} INFO - [2024-07-31T19:24:18.709+0000] {example_python_operator.py:93} WARNING - The virtalenv_python example task requires virtualenv, please install it.
[2024-07-31T19:24:18.710+0000] {processor.py:840} INFO - DAG(s) 'example_python_operator' retrieved from /home/ubuntu/airflow-venv/lib/python3.12/site-packages/airflow/example_dags/example_python_operator.py
[2024-07-31T19:24:18.728+0000] {logging_mixin.py:188} INFO - [2024-07-31T19:24:18.728+0000] {dag.py:3089} INFO - Sync 1 DAGs
[2024-07-31T19:24:18.741+0000] {logging_mixin.py:188} INFO - [2024-07-31T19:24:18.740+0000] {dag.py:3947} INFO - Setting next_dagrun for example_python_operator to None, run_after=None
[2024-07-31T19:24:18.765+0000] {processor.py:183} INFO - Processing /home/ubuntu/airflow-venv/lib/python3.12/site-packages/airflow/example_dags/example_python_operator.py took 0.072 seconds
[2024-07-31T19:25:08.741+0000] {processor.py:161} INFO - Started process (PID=6003) to work on /home/ubuntu/airflow-venv/lib/python3.12/site-packages/airflow/example_dags/example_python_operator.py
[2024-07-31T19:25:08.743+0000] {processor.py:830} INFO - Processing file /home/ubuntu/airflow-venv/lib/python3.12/site-packages/airflow/example_dags/example_python_operator.py for tasks to queue
[2024-07-31T19:25:08.744+0000] {logging_mixin.py:188} INFO - [2024-07-31T19:25:08.743+0000] {dagbag.py:545} INFO - Filling up the DagBag from /home/ubuntu/airflow-venv/lib/python3.12/site-packages/airflow/example_dags/example_python_operator.py
[2024-07-31T19:25:08.751+0000] {logging_mixin.py:188} INFO - [2024-07-31T19:25:08.751+0000] {example_python_operator.py:93} WARNING - The virtalenv_python example task requires virtualenv, please install it.
[2024-07-31T19:25:08.752+0000] {processor.py:840} INFO - DAG(s) 'example_python_operator' retrieved from /home/ubuntu/airflow-venv/lib/python3.12/site-packages/airflow/example_dags/example_python_operator.py
[2024-07-31T19:25:08.771+0000] {logging_mixin.py:188} INFO - [2024-07-31T19:25:08.771+0000] {dag.py:3089} INFO - Sync 1 DAGs
[2024-07-31T19:25:08.783+0000] {logging_mixin.py:188} INFO - [2024-07-31T19:25:08.783+0000] {dag.py:3947} INFO - Setting next_dagrun for example_python_operator to None, run_after=None
[2024-07-31T19:25:08.807+0000] {processor.py:183} INFO - Processing /home/ubuntu/airflow-venv/lib/python3.12/site-packages/airflow/example_dags/example_python_operator.py took 0.071 seconds
[2024-07-31T19:26:13.560+0000] {processor.py:161} INFO - Started process (PID=6071) to work on /home/ubuntu/airflow-venv/lib/python3.12/site-packages/airflow/example_dags/example_python_operator.py
[2024-07-31T19:26:13.562+0000] {processor.py:830} INFO - Processing file /home/ubuntu/airflow-venv/lib/python3.12/site-packages/airflow/example_dags/example_python_operator.py for tasks to queue
[2024-07-31T19:26:13.562+0000] {logging_mixin.py:188} INFO - [2024-07-31T19:26:13.562+0000] {dagbag.py:545} INFO - Filling up the DagBag from /home/ubuntu/airflow-venv/lib/python3.12/site-packages/airflow/example_dags/example_python_operator.py
[2024-07-31T19:26:13.569+0000] {logging_mixin.py:188} INFO - [2024-07-31T19:26:13.569+0000] {example_python_operator.py:93} WARNING - The virtalenv_python example task requires virtualenv, please install it.
[2024-07-31T19:26:13.570+0000] {processor.py:840} INFO - DAG(s) 'example_python_operator' retrieved from /home/ubuntu/airflow-venv/lib/python3.12/site-packages/airflow/example_dags/example_python_operator.py
[2024-07-31T19:26:13.587+0000] {logging_mixin.py:188} INFO - [2024-07-31T19:26:13.587+0000] {dag.py:3089} INFO - Sync 1 DAGs
[2024-07-31T19:26:13.599+0000] {logging_mixin.py:188} INFO - [2024-07-31T19:26:13.599+0000] {dag.py:3947} INFO - Setting next_dagrun for example_python_operator to None, run_after=None
[2024-07-31T19:26:13.621+0000] {processor.py:183} INFO - Processing /home/ubuntu/airflow-venv/lib/python3.12/site-packages/airflow/example_dags/example_python_operator.py took 0.067 seconds
[2024-07-31T19:27:06.825+0000] {processor.py:161} INFO - Started process (PID=6129) to work on /home/ubuntu/airflow-venv/lib/python3.12/site-packages/airflow/example_dags/example_python_operator.py
[2024-07-31T19:27:06.827+0000] {processor.py:830} INFO - Processing file /home/ubuntu/airflow-venv/lib/python3.12/site-packages/airflow/example_dags/example_python_operator.py for tasks to queue
[2024-07-31T19:27:06.828+0000] {logging_mixin.py:188} INFO - [2024-07-31T19:27:06.827+0000] {dagbag.py:545} INFO - Filling up the DagBag from /home/ubuntu/airflow-venv/lib/python3.12/site-packages/airflow/example_dags/example_python_operator.py
[2024-07-31T19:27:06.835+0000] {logging_mixin.py:188} INFO - [2024-07-31T19:27:06.834+0000] {example_python_operator.py:93} WARNING - The virtalenv_python example task requires virtualenv, please install it.
[2024-07-31T19:27:06.835+0000] {processor.py:840} INFO - DAG(s) 'example_python_operator' retrieved from /home/ubuntu/airflow-venv/lib/python3.12/site-packages/airflow/example_dags/example_python_operator.py
[2024-07-31T19:27:06.854+0000] {logging_mixin.py:188} INFO - [2024-07-31T19:27:06.854+0000] {dag.py:3089} INFO - Sync 1 DAGs
[2024-07-31T19:27:06.866+0000] {logging_mixin.py:188} INFO - [2024-07-31T19:27:06.866+0000] {dag.py:3947} INFO - Setting next_dagrun for example_python_operator to None, run_after=None
[2024-07-31T19:27:06.891+0000] {processor.py:183} INFO - Processing /home/ubuntu/airflow-venv/lib/python3.12/site-packages/airflow/example_dags/example_python_operator.py took 0.071 seconds
[2024-07-31T19:28:08.673+0000] {processor.py:161} INFO - Started process (PID=6193) to work on /home/ubuntu/airflow-venv/lib/python3.12/site-packages/airflow/example_dags/example_python_operator.py
[2024-07-31T19:28:08.674+0000] {processor.py:830} INFO - Processing file /home/ubuntu/airflow-venv/lib/python3.12/site-packages/airflow/example_dags/example_python_operator.py for tasks to queue
[2024-07-31T19:28:08.675+0000] {logging_mixin.py:188} INFO - [2024-07-31T19:28:08.675+0000] {dagbag.py:545} INFO - Filling up the DagBag from /home/ubuntu/airflow-venv/lib/python3.12/site-packages/airflow/example_dags/example_python_operator.py
[2024-07-31T19:28:08.682+0000] {logging_mixin.py:188} INFO - [2024-07-31T19:28:08.682+0000] {example_python_operator.py:93} WARNING - The virtalenv_python example task requires virtualenv, please install it.
[2024-07-31T19:28:08.683+0000] {processor.py:840} INFO - DAG(s) 'example_python_operator' retrieved from /home/ubuntu/airflow-venv/lib/python3.12/site-packages/airflow/example_dags/example_python_operator.py
[2024-07-31T19:28:08.701+0000] {logging_mixin.py:188} INFO - [2024-07-31T19:28:08.700+0000] {dag.py:3089} INFO - Sync 1 DAGs
[2024-07-31T19:28:08.713+0000] {logging_mixin.py:188} INFO - [2024-07-31T19:28:08.712+0000] {dag.py:3947} INFO - Setting next_dagrun for example_python_operator to None, run_after=None
[2024-07-31T19:28:08.736+0000] {processor.py:183} INFO - Processing /home/ubuntu/airflow-venv/lib/python3.12/site-packages/airflow/example_dags/example_python_operator.py took 0.069 seconds
[2024-07-31T19:29:01.292+0000] {processor.py:161} INFO - Started process (PID=6247) to work on /home/ubuntu/airflow-venv/lib/python3.12/site-packages/airflow/example_dags/example_python_operator.py
[2024-07-31T19:29:01.294+0000] {processor.py:830} INFO - Processing file /home/ubuntu/airflow-venv/lib/python3.12/site-packages/airflow/example_dags/example_python_operator.py for tasks to queue
[2024-07-31T19:29:01.295+0000] {logging_mixin.py:188} INFO - [2024-07-31T19:29:01.294+0000] {dagbag.py:545} INFO - Filling up the DagBag from /home/ubuntu/airflow-venv/lib/python3.12/site-packages/airflow/example_dags/example_python_operator.py
[2024-07-31T19:29:01.302+0000] {logging_mixin.py:188} INFO - [2024-07-31T19:29:01.301+0000] {example_python_operator.py:93} WARNING - The virtalenv_python example task requires virtualenv, please install it.
[2024-07-31T19:29:01.302+0000] {processor.py:840} INFO - DAG(s) 'example_python_operator' retrieved from /home/ubuntu/airflow-venv/lib/python3.12/site-packages/airflow/example_dags/example_python_operator.py
[2024-07-31T19:29:01.320+0000] {logging_mixin.py:188} INFO - [2024-07-31T19:29:01.320+0000] {dag.py:3089} INFO - Sync 1 DAGs
[2024-07-31T19:29:01.332+0000] {logging_mixin.py:188} INFO - [2024-07-31T19:29:01.332+0000] {dag.py:3947} INFO - Setting next_dagrun for example_python_operator to None, run_after=None
[2024-07-31T19:29:01.356+0000] {processor.py:183} INFO - Processing /home/ubuntu/airflow-venv/lib/python3.12/site-packages/airflow/example_dags/example_python_operator.py took 0.070 seconds
[2024-07-31T19:29:46.506+0000] {processor.py:161} INFO - Started process (PID=6296) to work on /home/ubuntu/airflow-venv/lib/python3.12/site-packages/airflow/example_dags/example_python_operator.py
[2024-07-31T19:29:46.508+0000] {processor.py:830} INFO - Processing file /home/ubuntu/airflow-venv/lib/python3.12/site-packages/airflow/example_dags/example_python_operator.py for tasks to queue
[2024-07-31T19:29:46.509+0000] {logging_mixin.py:188} INFO - [2024-07-31T19:29:46.508+0000] {dagbag.py:545} INFO - Filling up the DagBag from /home/ubuntu/airflow-venv/lib/python3.12/site-packages/airflow/example_dags/example_python_operator.py
[2024-07-31T19:29:46.516+0000] {logging_mixin.py:188} INFO - [2024-07-31T19:29:46.515+0000] {example_python_operator.py:93} WARNING - The virtalenv_python example task requires virtualenv, please install it.
[2024-07-31T19:29:46.516+0000] {processor.py:840} INFO - DAG(s) 'example_python_operator' retrieved from /home/ubuntu/airflow-venv/lib/python3.12/site-packages/airflow/example_dags/example_python_operator.py
[2024-07-31T19:29:46.535+0000] {logging_mixin.py:188} INFO - [2024-07-31T19:29:46.534+0000] {dag.py:3089} INFO - Sync 1 DAGs
[2024-07-31T19:29:46.547+0000] {logging_mixin.py:188} INFO - [2024-07-31T19:29:46.547+0000] {dag.py:3947} INFO - Setting next_dagrun for example_python_operator to None, run_after=None
[2024-07-31T19:29:46.572+0000] {processor.py:183} INFO - Processing /home/ubuntu/airflow-venv/lib/python3.12/site-packages/airflow/example_dags/example_python_operator.py took 0.071 seconds
[2024-07-31T19:30:30.992+0000] {processor.py:161} INFO - Started process (PID=6347) to work on /home/ubuntu/airflow-venv/lib/python3.12/site-packages/airflow/example_dags/example_python_operator.py
[2024-07-31T19:30:30.994+0000] {processor.py:830} INFO - Processing file /home/ubuntu/airflow-venv/lib/python3.12/site-packages/airflow/example_dags/example_python_operator.py for tasks to queue
[2024-07-31T19:30:30.995+0000] {logging_mixin.py:188} INFO - [2024-07-31T19:30:30.994+0000] {dagbag.py:545} INFO - Filling up the DagBag from /home/ubuntu/airflow-venv/lib/python3.12/site-packages/airflow/example_dags/example_python_operator.py
[2024-07-31T19:30:31.002+0000] {logging_mixin.py:188} INFO - [2024-07-31T19:30:31.002+0000] {example_python_operator.py:93} WARNING - The virtalenv_python example task requires virtualenv, please install it.
[2024-07-31T19:30:31.002+0000] {processor.py:840} INFO - DAG(s) 'example_python_operator' retrieved from /home/ubuntu/airflow-venv/lib/python3.12/site-packages/airflow/example_dags/example_python_operator.py
[2024-07-31T19:30:31.021+0000] {logging_mixin.py:188} INFO - [2024-07-31T19:30:31.021+0000] {dag.py:3089} INFO - Sync 1 DAGs
[2024-07-31T19:30:31.034+0000] {logging_mixin.py:188} INFO - [2024-07-31T19:30:31.034+0000] {dag.py:3947} INFO - Setting next_dagrun for example_python_operator to None, run_after=None
[2024-07-31T19:30:31.058+0000] {processor.py:183} INFO - Processing /home/ubuntu/airflow-venv/lib/python3.12/site-packages/airflow/example_dags/example_python_operator.py took 0.071 seconds
[2024-07-31T19:31:17.006+0000] {processor.py:161} INFO - Started process (PID=6396) to work on /home/ubuntu/airflow-venv/lib/python3.12/site-packages/airflow/example_dags/example_python_operator.py
[2024-07-31T19:31:17.007+0000] {processor.py:830} INFO - Processing file /home/ubuntu/airflow-venv/lib/python3.12/site-packages/airflow/example_dags/example_python_operator.py for tasks to queue
[2024-07-31T19:31:17.008+0000] {logging_mixin.py:188} INFO - [2024-07-31T19:31:17.008+0000] {dagbag.py:545} INFO - Filling up the DagBag from /home/ubuntu/airflow-venv/lib/python3.12/site-packages/airflow/example_dags/example_python_operator.py
[2024-07-31T19:31:17.015+0000] {logging_mixin.py:188} INFO - [2024-07-31T19:31:17.015+0000] {example_python_operator.py:93} WARNING - The virtalenv_python example task requires virtualenv, please install it.
[2024-07-31T19:31:17.015+0000] {processor.py:840} INFO - DAG(s) 'example_python_operator' retrieved from /home/ubuntu/airflow-venv/lib/python3.12/site-packages/airflow/example_dags/example_python_operator.py
[2024-07-31T19:31:17.034+0000] {logging_mixin.py:188} INFO - [2024-07-31T19:31:17.033+0000] {dag.py:3089} INFO - Sync 1 DAGs
[2024-07-31T19:31:17.046+0000] {logging_mixin.py:188} INFO - [2024-07-31T19:31:17.045+0000] {dag.py:3947} INFO - Setting next_dagrun for example_python_operator to None, run_after=None
[2024-07-31T19:31:17.069+0000] {processor.py:183} INFO - Processing /home/ubuntu/airflow-venv/lib/python3.12/site-packages/airflow/example_dags/example_python_operator.py took 0.069 seconds
[2024-07-31T19:32:21.847+0000] {processor.py:161} INFO - Started process (PID=6466) to work on /home/ubuntu/airflow-venv/lib/python3.12/site-packages/airflow/example_dags/example_python_operator.py
[2024-07-31T19:32:21.848+0000] {processor.py:830} INFO - Processing file /home/ubuntu/airflow-venv/lib/python3.12/site-packages/airflow/example_dags/example_python_operator.py for tasks to queue
[2024-07-31T19:32:21.849+0000] {logging_mixin.py:188} INFO - [2024-07-31T19:32:21.848+0000] {dagbag.py:545} INFO - Filling up the DagBag from /home/ubuntu/airflow-venv/lib/python3.12/site-packages/airflow/example_dags/example_python_operator.py
[2024-07-31T19:32:21.856+0000] {logging_mixin.py:188} INFO - [2024-07-31T19:32:21.855+0000] {example_python_operator.py:93} WARNING - The virtalenv_python example task requires virtualenv, please install it.
[2024-07-31T19:32:21.856+0000] {processor.py:840} INFO - DAG(s) 'example_python_operator' retrieved from /home/ubuntu/airflow-venv/lib/python3.12/site-packages/airflow/example_dags/example_python_operator.py
[2024-07-31T19:32:21.874+0000] {logging_mixin.py:188} INFO - [2024-07-31T19:32:21.874+0000] {dag.py:3089} INFO - Sync 1 DAGs
[2024-07-31T19:32:21.886+0000] {logging_mixin.py:188} INFO - [2024-07-31T19:32:21.886+0000] {dag.py:3947} INFO - Setting next_dagrun for example_python_operator to None, run_after=None
[2024-07-31T19:32:21.909+0000] {processor.py:183} INFO - Processing /home/ubuntu/airflow-venv/lib/python3.12/site-packages/airflow/example_dags/example_python_operator.py took 0.068 seconds
[2024-07-31T19:33:29.065+0000] {processor.py:161} INFO - Started process (PID=6539) to work on /home/ubuntu/airflow-venv/lib/python3.12/site-packages/airflow/example_dags/example_python_operator.py
[2024-07-31T19:33:29.067+0000] {processor.py:830} INFO - Processing file /home/ubuntu/airflow-venv/lib/python3.12/site-packages/airflow/example_dags/example_python_operator.py for tasks to queue
[2024-07-31T19:33:29.068+0000] {logging_mixin.py:188} INFO - [2024-07-31T19:33:29.067+0000] {dagbag.py:545} INFO - Filling up the DagBag from /home/ubuntu/airflow-venv/lib/python3.12/site-packages/airflow/example_dags/example_python_operator.py
[2024-07-31T19:33:29.075+0000] {logging_mixin.py:188} INFO - [2024-07-31T19:33:29.075+0000] {example_python_operator.py:93} WARNING - The virtalenv_python example task requires virtualenv, please install it.
[2024-07-31T19:33:29.076+0000] {processor.py:840} INFO - DAG(s) 'example_python_operator' retrieved from /home/ubuntu/airflow-venv/lib/python3.12/site-packages/airflow/example_dags/example_python_operator.py
[2024-07-31T19:33:29.094+0000] {logging_mixin.py:188} INFO - [2024-07-31T19:33:29.094+0000] {dag.py:3089} INFO - Sync 1 DAGs
[2024-07-31T19:33:29.106+0000] {logging_mixin.py:188} INFO - [2024-07-31T19:33:29.106+0000] {dag.py:3947} INFO - Setting next_dagrun for example_python_operator to None, run_after=None
[2024-07-31T19:33:29.218+0000] {processor.py:183} INFO - Processing /home/ubuntu/airflow-venv/lib/python3.12/site-packages/airflow/example_dags/example_python_operator.py took 0.159 seconds
[2024-07-31T19:34:23.487+0000] {processor.py:161} INFO - Started process (PID=6596) to work on /home/ubuntu/airflow-venv/lib/python3.12/site-packages/airflow/example_dags/example_python_operator.py
[2024-07-31T19:34:23.501+0000] {processor.py:830} INFO - Processing file /home/ubuntu/airflow-venv/lib/python3.12/site-packages/airflow/example_dags/example_python_operator.py for tasks to queue
[2024-07-31T19:34:23.502+0000] {logging_mixin.py:188} INFO - [2024-07-31T19:34:23.501+0000] {dagbag.py:545} INFO - Filling up the DagBag from /home/ubuntu/airflow-venv/lib/python3.12/site-packages/airflow/example_dags/example_python_operator.py
[2024-07-31T19:34:23.508+0000] {logging_mixin.py:188} INFO - [2024-07-31T19:34:23.508+0000] {example_python_operator.py:93} WARNING - The virtalenv_python example task requires virtualenv, please install it.
[2024-07-31T19:34:23.509+0000] {processor.py:840} INFO - DAG(s) 'example_python_operator' retrieved from /home/ubuntu/airflow-venv/lib/python3.12/site-packages/airflow/example_dags/example_python_operator.py
[2024-07-31T19:34:23.528+0000] {logging_mixin.py:188} INFO - [2024-07-31T19:34:23.528+0000] {dag.py:3089} INFO - Sync 1 DAGs
[2024-07-31T19:34:23.540+0000] {logging_mixin.py:188} INFO - [2024-07-31T19:34:23.540+0000] {dag.py:3947} INFO - Setting next_dagrun for example_python_operator to None, run_after=None
[2024-07-31T19:34:23.566+0000] {processor.py:183} INFO - Processing /home/ubuntu/airflow-venv/lib/python3.12/site-packages/airflow/example_dags/example_python_operator.py took 0.086 seconds
