[2024-07-31T18:43:46.400+0000] {processor.py:161} INFO - Started process (PID=3503) to work on /home/ubuntu/airflow-venv/lib/python3.12/site-packages/airflow/example_dags/example_branch_operator_decorator.py
[2024-07-31T18:43:46.401+0000] {processor.py:830} INFO - Processing file /home/ubuntu/airflow-venv/lib/python3.12/site-packages/airflow/example_dags/example_branch_operator_decorator.py for tasks to queue
[2024-07-31T18:43:46.402+0000] {logging_mixin.py:188} INFO - [2024-07-31T18:43:46.402+0000] {dagbag.py:545} INFO - Filling up the DagBag from /home/ubuntu/airflow-venv/lib/python3.12/site-packages/airflow/example_dags/example_branch_operator_decorator.py
[2024-07-31T18:43:46.405+0000] {processor.py:842} WARNING - No viable dags retrieved from /home/ubuntu/airflow-venv/lib/python3.12/site-packages/airflow/example_dags/example_branch_operator_decorator.py
[2024-07-31T18:43:46.415+0000] {processor.py:183} INFO - Processing /home/ubuntu/airflow-venv/lib/python3.12/site-packages/airflow/example_dags/example_branch_operator_decorator.py took 0.021 seconds
[2024-07-31T18:44:36.667+0000] {processor.py:161} INFO - Started process (PID=3559) to work on /home/ubuntu/airflow-venv/lib/python3.12/site-packages/airflow/example_dags/example_branch_operator_decorator.py
[2024-07-31T18:44:36.668+0000] {processor.py:830} INFO - Processing file /home/ubuntu/airflow-venv/lib/python3.12/site-packages/airflow/example_dags/example_branch_operator_decorator.py for tasks to queue
[2024-07-31T18:44:36.669+0000] {logging_mixin.py:188} INFO - [2024-07-31T18:44:36.669+0000] {dagbag.py:545} INFO - Filling up the DagBag from /home/ubuntu/airflow-venv/lib/python3.12/site-packages/airflow/example_dags/example_branch_operator_decorator.py
[2024-07-31T18:44:36.672+0000] {processor.py:842} WARNING - No viable dags retrieved from /home/ubuntu/airflow-venv/lib/python3.12/site-packages/airflow/example_dags/example_branch_operator_decorator.py
[2024-07-31T18:44:36.682+0000] {processor.py:183} INFO - Processing /home/ubuntu/airflow-venv/lib/python3.12/site-packages/airflow/example_dags/example_branch_operator_decorator.py took 0.022 seconds
[2024-07-31T18:45:39.014+0000] {processor.py:161} INFO - Started process (PID=3632) to work on /home/ubuntu/airflow-venv/lib/python3.12/site-packages/airflow/example_dags/example_branch_operator_decorator.py
[2024-07-31T18:45:39.015+0000] {processor.py:830} INFO - Processing file /home/ubuntu/airflow-venv/lib/python3.12/site-packages/airflow/example_dags/example_branch_operator_decorator.py for tasks to queue
[2024-07-31T18:45:39.017+0000] {logging_mixin.py:188} INFO - [2024-07-31T18:45:39.016+0000] {dagbag.py:545} INFO - Filling up the DagBag from /home/ubuntu/airflow-venv/lib/python3.12/site-packages/airflow/example_dags/example_branch_operator_decorator.py
[2024-07-31T18:45:39.019+0000] {processor.py:842} WARNING - No viable dags retrieved from /home/ubuntu/airflow-venv/lib/python3.12/site-packages/airflow/example_dags/example_branch_operator_decorator.py
[2024-07-31T18:45:39.029+0000] {processor.py:183} INFO - Processing /home/ubuntu/airflow-venv/lib/python3.12/site-packages/airflow/example_dags/example_branch_operator_decorator.py took 0.021 seconds
[2024-07-31T18:46:41.841+0000] {processor.py:161} INFO - Started process (PID=3797) to work on /home/ubuntu/airflow-venv/lib/python3.12/site-packages/airflow/example_dags/example_branch_operator_decorator.py
[2024-07-31T18:46:41.842+0000] {processor.py:830} INFO - Processing file /home/ubuntu/airflow-venv/lib/python3.12/site-packages/airflow/example_dags/example_branch_operator_decorator.py for tasks to queue
[2024-07-31T18:46:41.844+0000] {logging_mixin.py:188} INFO - [2024-07-31T18:46:41.843+0000] {dagbag.py:545} INFO - Filling up the DagBag from /home/ubuntu/airflow-venv/lib/python3.12/site-packages/airflow/example_dags/example_branch_operator_decorator.py
[2024-07-31T18:46:41.846+0000] {processor.py:842} WARNING - No viable dags retrieved from /home/ubuntu/airflow-venv/lib/python3.12/site-packages/airflow/example_dags/example_branch_operator_decorator.py
[2024-07-31T18:46:41.857+0000] {processor.py:183} INFO - Processing /home/ubuntu/airflow-venv/lib/python3.12/site-packages/airflow/example_dags/example_branch_operator_decorator.py took 0.022 seconds
[2024-07-31T18:47:40.206+0000] {processor.py:161} INFO - Started process (PID=3951) to work on /home/ubuntu/airflow-venv/lib/python3.12/site-packages/airflow/example_dags/example_branch_operator_decorator.py
[2024-07-31T18:47:40.207+0000] {processor.py:830} INFO - Processing file /home/ubuntu/airflow-venv/lib/python3.12/site-packages/airflow/example_dags/example_branch_operator_decorator.py for tasks to queue
[2024-07-31T18:47:40.209+0000] {logging_mixin.py:188} INFO - [2024-07-31T18:47:40.209+0000] {dagbag.py:545} INFO - Filling up the DagBag from /home/ubuntu/airflow-venv/lib/python3.12/site-packages/airflow/example_dags/example_branch_operator_decorator.py
[2024-07-31T18:47:40.212+0000] {processor.py:842} WARNING - No viable dags retrieved from /home/ubuntu/airflow-venv/lib/python3.12/site-packages/airflow/example_dags/example_branch_operator_decorator.py
[2024-07-31T18:47:40.222+0000] {processor.py:183} INFO - Processing /home/ubuntu/airflow-venv/lib/python3.12/site-packages/airflow/example_dags/example_branch_operator_decorator.py took 0.022 seconds
[2024-07-31T18:48:34.079+0000] {processor.py:161} INFO - Started process (PID=4177) to work on /home/ubuntu/airflow-venv/lib/python3.12/site-packages/airflow/example_dags/example_branch_operator_decorator.py
[2024-07-31T18:48:34.081+0000] {processor.py:830} INFO - Processing file /home/ubuntu/airflow-venv/lib/python3.12/site-packages/airflow/example_dags/example_branch_operator_decorator.py for tasks to queue
[2024-07-31T18:48:34.083+0000] {logging_mixin.py:188} INFO - [2024-07-31T18:48:34.082+0000] {dagbag.py:545} INFO - Filling up the DagBag from /home/ubuntu/airflow-venv/lib/python3.12/site-packages/airflow/example_dags/example_branch_operator_decorator.py
[2024-07-31T18:48:34.085+0000] {processor.py:842} WARNING - No viable dags retrieved from /home/ubuntu/airflow-venv/lib/python3.12/site-packages/airflow/example_dags/example_branch_operator_decorator.py
[2024-07-31T18:48:34.096+0000] {processor.py:183} INFO - Processing /home/ubuntu/airflow-venv/lib/python3.12/site-packages/airflow/example_dags/example_branch_operator_decorator.py took 0.022 seconds
[2024-07-31T18:49:34.506+0000] {processor.py:161} INFO - Started process (PID=4241) to work on /home/ubuntu/airflow-venv/lib/python3.12/site-packages/airflow/example_dags/example_branch_operator_decorator.py
[2024-07-31T18:49:34.508+0000] {processor.py:830} INFO - Processing file /home/ubuntu/airflow-venv/lib/python3.12/site-packages/airflow/example_dags/example_branch_operator_decorator.py for tasks to queue
[2024-07-31T18:49:34.509+0000] {logging_mixin.py:188} INFO - [2024-07-31T18:49:34.509+0000] {dagbag.py:545} INFO - Filling up the DagBag from /home/ubuntu/airflow-venv/lib/python3.12/site-packages/airflow/example_dags/example_branch_operator_decorator.py
[2024-07-31T18:49:34.512+0000] {processor.py:842} WARNING - No viable dags retrieved from /home/ubuntu/airflow-venv/lib/python3.12/site-packages/airflow/example_dags/example_branch_operator_decorator.py
[2024-07-31T18:49:34.522+0000] {processor.py:183} INFO - Processing /home/ubuntu/airflow-venv/lib/python3.12/site-packages/airflow/example_dags/example_branch_operator_decorator.py took 0.022 seconds
[2024-07-31T18:50:34.439+0000] {processor.py:161} INFO - Started process (PID=4307) to work on /home/ubuntu/airflow-venv/lib/python3.12/site-packages/airflow/example_dags/example_branch_operator_decorator.py
[2024-07-31T18:50:34.440+0000] {processor.py:830} INFO - Processing file /home/ubuntu/airflow-venv/lib/python3.12/site-packages/airflow/example_dags/example_branch_operator_decorator.py for tasks to queue
[2024-07-31T18:50:34.442+0000] {logging_mixin.py:188} INFO - [2024-07-31T18:50:34.441+0000] {dagbag.py:545} INFO - Filling up the DagBag from /home/ubuntu/airflow-venv/lib/python3.12/site-packages/airflow/example_dags/example_branch_operator_decorator.py
[2024-07-31T18:50:34.444+0000] {processor.py:842} WARNING - No viable dags retrieved from /home/ubuntu/airflow-venv/lib/python3.12/site-packages/airflow/example_dags/example_branch_operator_decorator.py
[2024-07-31T18:50:34.455+0000] {processor.py:183} INFO - Processing /home/ubuntu/airflow-venv/lib/python3.12/site-packages/airflow/example_dags/example_branch_operator_decorator.py took 0.022 seconds
[2024-07-31T18:51:32.720+0000] {processor.py:161} INFO - Started process (PID=4371) to work on /home/ubuntu/airflow-venv/lib/python3.12/site-packages/airflow/example_dags/example_branch_operator_decorator.py
[2024-07-31T18:51:32.722+0000] {processor.py:830} INFO - Processing file /home/ubuntu/airflow-venv/lib/python3.12/site-packages/airflow/example_dags/example_branch_operator_decorator.py for tasks to queue
[2024-07-31T18:51:32.724+0000] {logging_mixin.py:188} INFO - [2024-07-31T18:51:32.723+0000] {dagbag.py:545} INFO - Filling up the DagBag from /home/ubuntu/airflow-venv/lib/python3.12/site-packages/airflow/example_dags/example_branch_operator_decorator.py
[2024-07-31T18:51:32.726+0000] {processor.py:842} WARNING - No viable dags retrieved from /home/ubuntu/airflow-venv/lib/python3.12/site-packages/airflow/example_dags/example_branch_operator_decorator.py
[2024-07-31T18:51:32.736+0000] {processor.py:183} INFO - Processing /home/ubuntu/airflow-venv/lib/python3.12/site-packages/airflow/example_dags/example_branch_operator_decorator.py took 0.022 seconds
[2024-07-31T18:52:30.827+0000] {processor.py:161} INFO - Started process (PID=4432) to work on /home/ubuntu/airflow-venv/lib/python3.12/site-packages/airflow/example_dags/example_branch_operator_decorator.py
[2024-07-31T18:52:30.829+0000] {processor.py:830} INFO - Processing file /home/ubuntu/airflow-venv/lib/python3.12/site-packages/airflow/example_dags/example_branch_operator_decorator.py for tasks to queue
[2024-07-31T18:52:30.830+0000] {logging_mixin.py:188} INFO - [2024-07-31T18:52:30.830+0000] {dagbag.py:545} INFO - Filling up the DagBag from /home/ubuntu/airflow-venv/lib/python3.12/site-packages/airflow/example_dags/example_branch_operator_decorator.py
[2024-07-31T18:52:30.833+0000] {processor.py:842} WARNING - No viable dags retrieved from /home/ubuntu/airflow-venv/lib/python3.12/site-packages/airflow/example_dags/example_branch_operator_decorator.py
[2024-07-31T18:52:30.843+0000] {processor.py:183} INFO - Processing /home/ubuntu/airflow-venv/lib/python3.12/site-packages/airflow/example_dags/example_branch_operator_decorator.py took 0.022 seconds
[2024-07-31T18:53:32.662+0000] {processor.py:161} INFO - Started process (PID=4501) to work on /home/ubuntu/airflow-venv/lib/python3.12/site-packages/airflow/example_dags/example_branch_operator_decorator.py
[2024-07-31T18:53:32.664+0000] {processor.py:830} INFO - Processing file /home/ubuntu/airflow-venv/lib/python3.12/site-packages/airflow/example_dags/example_branch_operator_decorator.py for tasks to queue
[2024-07-31T18:53:32.665+0000] {logging_mixin.py:188} INFO - [2024-07-31T18:53:32.664+0000] {dagbag.py:545} INFO - Filling up the DagBag from /home/ubuntu/airflow-venv/lib/python3.12/site-packages/airflow/example_dags/example_branch_operator_decorator.py
[2024-07-31T18:53:32.667+0000] {processor.py:842} WARNING - No viable dags retrieved from /home/ubuntu/airflow-venv/lib/python3.12/site-packages/airflow/example_dags/example_branch_operator_decorator.py
[2024-07-31T18:53:32.678+0000] {processor.py:183} INFO - Processing /home/ubuntu/airflow-venv/lib/python3.12/site-packages/airflow/example_dags/example_branch_operator_decorator.py took 0.021 seconds
[2024-07-31T18:54:32.958+0000] {processor.py:161} INFO - Started process (PID=4568) to work on /home/ubuntu/airflow-venv/lib/python3.12/site-packages/airflow/example_dags/example_branch_operator_decorator.py
[2024-07-31T18:54:32.960+0000] {processor.py:830} INFO - Processing file /home/ubuntu/airflow-venv/lib/python3.12/site-packages/airflow/example_dags/example_branch_operator_decorator.py for tasks to queue
[2024-07-31T18:54:32.960+0000] {logging_mixin.py:188} INFO - [2024-07-31T18:54:32.960+0000] {dagbag.py:545} INFO - Filling up the DagBag from /home/ubuntu/airflow-venv/lib/python3.12/site-packages/airflow/example_dags/example_branch_operator_decorator.py
[2024-07-31T18:54:32.963+0000] {processor.py:842} WARNING - No viable dags retrieved from /home/ubuntu/airflow-venv/lib/python3.12/site-packages/airflow/example_dags/example_branch_operator_decorator.py
[2024-07-31T18:54:32.974+0000] {processor.py:183} INFO - Processing /home/ubuntu/airflow-venv/lib/python3.12/site-packages/airflow/example_dags/example_branch_operator_decorator.py took 0.022 seconds
[2024-07-31T18:55:34.613+0000] {processor.py:161} INFO - Started process (PID=4638) to work on /home/ubuntu/airflow-venv/lib/python3.12/site-packages/airflow/example_dags/example_branch_operator_decorator.py
[2024-07-31T18:55:34.614+0000] {processor.py:830} INFO - Processing file /home/ubuntu/airflow-venv/lib/python3.12/site-packages/airflow/example_dags/example_branch_operator_decorator.py for tasks to queue
[2024-07-31T18:55:34.615+0000] {logging_mixin.py:188} INFO - [2024-07-31T18:55:34.615+0000] {dagbag.py:545} INFO - Filling up the DagBag from /home/ubuntu/airflow-venv/lib/python3.12/site-packages/airflow/example_dags/example_branch_operator_decorator.py
[2024-07-31T18:55:34.618+0000] {processor.py:842} WARNING - No viable dags retrieved from /home/ubuntu/airflow-venv/lib/python3.12/site-packages/airflow/example_dags/example_branch_operator_decorator.py
[2024-07-31T18:55:34.628+0000] {processor.py:183} INFO - Processing /home/ubuntu/airflow-venv/lib/python3.12/site-packages/airflow/example_dags/example_branch_operator_decorator.py took 0.021 seconds
[2024-07-31T18:56:42.754+0000] {processor.py:161} INFO - Started process (PID=4935) to work on /home/ubuntu/airflow-venv/lib/python3.12/site-packages/airflow/example_dags/example_branch_operator_decorator.py
[2024-07-31T18:56:42.756+0000] {processor.py:830} INFO - Processing file /home/ubuntu/airflow-venv/lib/python3.12/site-packages/airflow/example_dags/example_branch_operator_decorator.py for tasks to queue
[2024-07-31T18:56:42.757+0000] {logging_mixin.py:188} INFO - [2024-07-31T18:56:42.757+0000] {dagbag.py:545} INFO - Filling up the DagBag from /home/ubuntu/airflow-venv/lib/python3.12/site-packages/airflow/example_dags/example_branch_operator_decorator.py
[2024-07-31T18:56:42.760+0000] {processor.py:842} WARNING - No viable dags retrieved from /home/ubuntu/airflow-venv/lib/python3.12/site-packages/airflow/example_dags/example_branch_operator_decorator.py
[2024-07-31T18:56:42.771+0000] {processor.py:183} INFO - Processing /home/ubuntu/airflow-venv/lib/python3.12/site-packages/airflow/example_dags/example_branch_operator_decorator.py took 0.023 seconds
[2024-07-31T18:57:51.650+0000] {processor.py:161} INFO - Started process (PID=5092) to work on /home/ubuntu/airflow-venv/lib/python3.12/site-packages/airflow/example_dags/example_branch_operator_decorator.py
[2024-07-31T18:57:51.652+0000] {processor.py:830} INFO - Processing file /home/ubuntu/airflow-venv/lib/python3.12/site-packages/airflow/example_dags/example_branch_operator_decorator.py for tasks to queue
[2024-07-31T18:57:51.653+0000] {logging_mixin.py:188} INFO - [2024-07-31T18:57:51.653+0000] {dagbag.py:545} INFO - Filling up the DagBag from /home/ubuntu/airflow-venv/lib/python3.12/site-packages/airflow/example_dags/example_branch_operator_decorator.py
[2024-07-31T18:57:51.655+0000] {processor.py:842} WARNING - No viable dags retrieved from /home/ubuntu/airflow-venv/lib/python3.12/site-packages/airflow/example_dags/example_branch_operator_decorator.py
[2024-07-31T18:57:51.666+0000] {processor.py:183} INFO - Processing /home/ubuntu/airflow-venv/lib/python3.12/site-packages/airflow/example_dags/example_branch_operator_decorator.py took 0.022 seconds
[2024-07-31T18:58:57.934+0000] {processor.py:161} INFO - Started process (PID=5164) to work on /home/ubuntu/airflow-venv/lib/python3.12/site-packages/airflow/example_dags/example_branch_operator_decorator.py
[2024-07-31T18:58:57.935+0000] {processor.py:830} INFO - Processing file /home/ubuntu/airflow-venv/lib/python3.12/site-packages/airflow/example_dags/example_branch_operator_decorator.py for tasks to queue
[2024-07-31T18:58:57.936+0000] {logging_mixin.py:188} INFO - [2024-07-31T18:58:57.936+0000] {dagbag.py:545} INFO - Filling up the DagBag from /home/ubuntu/airflow-venv/lib/python3.12/site-packages/airflow/example_dags/example_branch_operator_decorator.py
[2024-07-31T18:58:57.939+0000] {processor.py:842} WARNING - No viable dags retrieved from /home/ubuntu/airflow-venv/lib/python3.12/site-packages/airflow/example_dags/example_branch_operator_decorator.py
[2024-07-31T18:58:57.951+0000] {processor.py:183} INFO - Processing /home/ubuntu/airflow-venv/lib/python3.12/site-packages/airflow/example_dags/example_branch_operator_decorator.py took 0.023 seconds
[2024-07-31T19:00:01.451+0000] {processor.py:161} INFO - Started process (PID=5231) to work on /home/ubuntu/airflow-venv/lib/python3.12/site-packages/airflow/example_dags/example_branch_operator_decorator.py
[2024-07-31T19:00:01.453+0000] {processor.py:830} INFO - Processing file /home/ubuntu/airflow-venv/lib/python3.12/site-packages/airflow/example_dags/example_branch_operator_decorator.py for tasks to queue
[2024-07-31T19:00:01.454+0000] {logging_mixin.py:188} INFO - [2024-07-31T19:00:01.453+0000] {dagbag.py:545} INFO - Filling up the DagBag from /home/ubuntu/airflow-venv/lib/python3.12/site-packages/airflow/example_dags/example_branch_operator_decorator.py
[2024-07-31T19:00:01.456+0000] {processor.py:842} WARNING - No viable dags retrieved from /home/ubuntu/airflow-venv/lib/python3.12/site-packages/airflow/example_dags/example_branch_operator_decorator.py
[2024-07-31T19:00:01.467+0000] {processor.py:183} INFO - Processing /home/ubuntu/airflow-venv/lib/python3.12/site-packages/airflow/example_dags/example_branch_operator_decorator.py took 0.022 seconds
[2024-07-31T19:01:09.142+0000] {processor.py:161} INFO - Started process (PID=5304) to work on /home/ubuntu/airflow-venv/lib/python3.12/site-packages/airflow/example_dags/example_branch_operator_decorator.py
[2024-07-31T19:01:09.144+0000] {processor.py:830} INFO - Processing file /home/ubuntu/airflow-venv/lib/python3.12/site-packages/airflow/example_dags/example_branch_operator_decorator.py for tasks to queue
[2024-07-31T19:01:09.145+0000] {logging_mixin.py:188} INFO - [2024-07-31T19:01:09.144+0000] {dagbag.py:545} INFO - Filling up the DagBag from /home/ubuntu/airflow-venv/lib/python3.12/site-packages/airflow/example_dags/example_branch_operator_decorator.py
[2024-07-31T19:01:09.147+0000] {processor.py:842} WARNING - No viable dags retrieved from /home/ubuntu/airflow-venv/lib/python3.12/site-packages/airflow/example_dags/example_branch_operator_decorator.py
[2024-07-31T19:01:09.158+0000] {processor.py:183} INFO - Processing /home/ubuntu/airflow-venv/lib/python3.12/site-packages/airflow/example_dags/example_branch_operator_decorator.py took 0.022 seconds
[2024-07-31T19:02:18.054+0000] {processor.py:161} INFO - Started process (PID=5374) to work on /home/ubuntu/airflow-venv/lib/python3.12/site-packages/airflow/example_dags/example_branch_operator_decorator.py
[2024-07-31T19:02:18.055+0000] {processor.py:830} INFO - Processing file /home/ubuntu/airflow-venv/lib/python3.12/site-packages/airflow/example_dags/example_branch_operator_decorator.py for tasks to queue
[2024-07-31T19:02:18.056+0000] {logging_mixin.py:188} INFO - [2024-07-31T19:02:18.056+0000] {dagbag.py:545} INFO - Filling up the DagBag from /home/ubuntu/airflow-venv/lib/python3.12/site-packages/airflow/example_dags/example_branch_operator_decorator.py
[2024-07-31T19:02:18.059+0000] {processor.py:842} WARNING - No viable dags retrieved from /home/ubuntu/airflow-venv/lib/python3.12/site-packages/airflow/example_dags/example_branch_operator_decorator.py
[2024-07-31T19:02:18.069+0000] {processor.py:183} INFO - Processing /home/ubuntu/airflow-venv/lib/python3.12/site-packages/airflow/example_dags/example_branch_operator_decorator.py took 0.021 seconds
[2024-07-31T19:03:23.751+0000] {processor.py:161} INFO - Started process (PID=5443) to work on /home/ubuntu/airflow-venv/lib/python3.12/site-packages/airflow/example_dags/example_branch_operator_decorator.py
[2024-07-31T19:03:23.754+0000] {processor.py:830} INFO - Processing file /home/ubuntu/airflow-venv/lib/python3.12/site-packages/airflow/example_dags/example_branch_operator_decorator.py for tasks to queue
[2024-07-31T19:03:23.755+0000] {logging_mixin.py:188} INFO - [2024-07-31T19:03:23.754+0000] {dagbag.py:545} INFO - Filling up the DagBag from /home/ubuntu/airflow-venv/lib/python3.12/site-packages/airflow/example_dags/example_branch_operator_decorator.py
[2024-07-31T19:03:23.757+0000] {processor.py:842} WARNING - No viable dags retrieved from /home/ubuntu/airflow-venv/lib/python3.12/site-packages/airflow/example_dags/example_branch_operator_decorator.py
[2024-07-31T19:03:23.768+0000] {processor.py:183} INFO - Processing /home/ubuntu/airflow-venv/lib/python3.12/site-packages/airflow/example_dags/example_branch_operator_decorator.py took 0.023 seconds
[2024-07-31T19:19:28.477+0000] {processor.py:161} INFO - Started process (PID=5645) to work on /home/ubuntu/airflow-venv/lib/python3.12/site-packages/airflow/example_dags/example_branch_operator_decorator.py
[2024-07-31T19:19:28.479+0000] {processor.py:830} INFO - Processing file /home/ubuntu/airflow-venv/lib/python3.12/site-packages/airflow/example_dags/example_branch_operator_decorator.py for tasks to queue
[2024-07-31T19:19:28.481+0000] {logging_mixin.py:188} INFO - [2024-07-31T19:19:28.480+0000] {dagbag.py:545} INFO - Filling up the DagBag from /home/ubuntu/airflow-venv/lib/python3.12/site-packages/airflow/example_dags/example_branch_operator_decorator.py
[2024-07-31T19:19:28.483+0000] {processor.py:842} WARNING - No viable dags retrieved from /home/ubuntu/airflow-venv/lib/python3.12/site-packages/airflow/example_dags/example_branch_operator_decorator.py
[2024-07-31T19:19:28.494+0000] {processor.py:183} INFO - Processing /home/ubuntu/airflow-venv/lib/python3.12/site-packages/airflow/example_dags/example_branch_operator_decorator.py took 0.023 seconds
[2024-07-31T19:20:26.219+0000] {processor.py:161} INFO - Started process (PID=5701) to work on /home/ubuntu/airflow-venv/lib/python3.12/site-packages/airflow/example_dags/example_branch_operator_decorator.py
[2024-07-31T19:20:26.220+0000] {processor.py:830} INFO - Processing file /home/ubuntu/airflow-venv/lib/python3.12/site-packages/airflow/example_dags/example_branch_operator_decorator.py for tasks to queue
[2024-07-31T19:20:26.221+0000] {logging_mixin.py:188} INFO - [2024-07-31T19:20:26.221+0000] {dagbag.py:545} INFO - Filling up the DagBag from /home/ubuntu/airflow-venv/lib/python3.12/site-packages/airflow/example_dags/example_branch_operator_decorator.py
[2024-07-31T19:20:26.224+0000] {processor.py:842} WARNING - No viable dags retrieved from /home/ubuntu/airflow-venv/lib/python3.12/site-packages/airflow/example_dags/example_branch_operator_decorator.py
[2024-07-31T19:20:26.234+0000] {processor.py:183} INFO - Processing /home/ubuntu/airflow-venv/lib/python3.12/site-packages/airflow/example_dags/example_branch_operator_decorator.py took 0.021 seconds
[2024-07-31T19:21:38.076+0000] {processor.py:161} INFO - Started process (PID=5776) to work on /home/ubuntu/airflow-venv/lib/python3.12/site-packages/airflow/example_dags/example_branch_operator_decorator.py
[2024-07-31T19:21:38.079+0000] {processor.py:830} INFO - Processing file /home/ubuntu/airflow-venv/lib/python3.12/site-packages/airflow/example_dags/example_branch_operator_decorator.py for tasks to queue
[2024-07-31T19:21:38.081+0000] {logging_mixin.py:188} INFO - [2024-07-31T19:21:38.080+0000] {dagbag.py:545} INFO - Filling up the DagBag from /home/ubuntu/airflow-venv/lib/python3.12/site-packages/airflow/example_dags/example_branch_operator_decorator.py
[2024-07-31T19:21:38.083+0000] {processor.py:842} WARNING - No viable dags retrieved from /home/ubuntu/airflow-venv/lib/python3.12/site-packages/airflow/example_dags/example_branch_operator_decorator.py
[2024-07-31T19:21:38.098+0000] {processor.py:183} INFO - Processing /home/ubuntu/airflow-venv/lib/python3.12/site-packages/airflow/example_dags/example_branch_operator_decorator.py took 0.029 seconds
[2024-07-31T19:22:50.085+0000] {processor.py:161} INFO - Started process (PID=5849) to work on /home/ubuntu/airflow-venv/lib/python3.12/site-packages/airflow/example_dags/example_branch_operator_decorator.py
[2024-07-31T19:22:50.086+0000] {processor.py:830} INFO - Processing file /home/ubuntu/airflow-venv/lib/python3.12/site-packages/airflow/example_dags/example_branch_operator_decorator.py for tasks to queue
[2024-07-31T19:22:50.087+0000] {logging_mixin.py:188} INFO - [2024-07-31T19:22:50.087+0000] {dagbag.py:545} INFO - Filling up the DagBag from /home/ubuntu/airflow-venv/lib/python3.12/site-packages/airflow/example_dags/example_branch_operator_decorator.py
[2024-07-31T19:22:50.090+0000] {processor.py:842} WARNING - No viable dags retrieved from /home/ubuntu/airflow-venv/lib/python3.12/site-packages/airflow/example_dags/example_branch_operator_decorator.py
[2024-07-31T19:22:50.100+0000] {processor.py:183} INFO - Processing /home/ubuntu/airflow-venv/lib/python3.12/site-packages/airflow/example_dags/example_branch_operator_decorator.py took 0.021 seconds
[2024-07-31T19:23:59.151+0000] {processor.py:161} INFO - Started process (PID=5926) to work on /home/ubuntu/airflow-venv/lib/python3.12/site-packages/airflow/example_dags/example_branch_operator_decorator.py
[2024-07-31T19:23:59.153+0000] {processor.py:830} INFO - Processing file /home/ubuntu/airflow-venv/lib/python3.12/site-packages/airflow/example_dags/example_branch_operator_decorator.py for tasks to queue
[2024-07-31T19:23:59.154+0000] {logging_mixin.py:188} INFO - [2024-07-31T19:23:59.153+0000] {dagbag.py:545} INFO - Filling up the DagBag from /home/ubuntu/airflow-venv/lib/python3.12/site-packages/airflow/example_dags/example_branch_operator_decorator.py
[2024-07-31T19:23:59.156+0000] {processor.py:842} WARNING - No viable dags retrieved from /home/ubuntu/airflow-venv/lib/python3.12/site-packages/airflow/example_dags/example_branch_operator_decorator.py
[2024-07-31T19:23:59.167+0000] {processor.py:183} INFO - Processing /home/ubuntu/airflow-venv/lib/python3.12/site-packages/airflow/example_dags/example_branch_operator_decorator.py took 0.021 seconds
[2024-07-31T19:24:48.673+0000] {processor.py:161} INFO - Started process (PID=5980) to work on /home/ubuntu/airflow-venv/lib/python3.12/site-packages/airflow/example_dags/example_branch_operator_decorator.py
[2024-07-31T19:24:48.675+0000] {processor.py:830} INFO - Processing file /home/ubuntu/airflow-venv/lib/python3.12/site-packages/airflow/example_dags/example_branch_operator_decorator.py for tasks to queue
[2024-07-31T19:24:48.675+0000] {logging_mixin.py:188} INFO - [2024-07-31T19:24:48.675+0000] {dagbag.py:545} INFO - Filling up the DagBag from /home/ubuntu/airflow-venv/lib/python3.12/site-packages/airflow/example_dags/example_branch_operator_decorator.py
[2024-07-31T19:24:48.678+0000] {processor.py:842} WARNING - No viable dags retrieved from /home/ubuntu/airflow-venv/lib/python3.12/site-packages/airflow/example_dags/example_branch_operator_decorator.py
[2024-07-31T19:24:48.689+0000] {processor.py:183} INFO - Processing /home/ubuntu/airflow-venv/lib/python3.12/site-packages/airflow/example_dags/example_branch_operator_decorator.py took 0.022 seconds
[2024-07-31T19:25:59.891+0000] {processor.py:161} INFO - Started process (PID=6056) to work on /home/ubuntu/airflow-venv/lib/python3.12/site-packages/airflow/example_dags/example_branch_operator_decorator.py
[2024-07-31T19:25:59.892+0000] {processor.py:830} INFO - Processing file /home/ubuntu/airflow-venv/lib/python3.12/site-packages/airflow/example_dags/example_branch_operator_decorator.py for tasks to queue
[2024-07-31T19:25:59.893+0000] {logging_mixin.py:188} INFO - [2024-07-31T19:25:59.893+0000] {dagbag.py:545} INFO - Filling up the DagBag from /home/ubuntu/airflow-venv/lib/python3.12/site-packages/airflow/example_dags/example_branch_operator_decorator.py
[2024-07-31T19:25:59.896+0000] {processor.py:842} WARNING - No viable dags retrieved from /home/ubuntu/airflow-venv/lib/python3.12/site-packages/airflow/example_dags/example_branch_operator_decorator.py
[2024-07-31T19:25:59.907+0000] {processor.py:183} INFO - Processing /home/ubuntu/airflow-venv/lib/python3.12/site-packages/airflow/example_dags/example_branch_operator_decorator.py took 0.021 seconds
[2024-07-31T19:27:19.695+0000] {processor.py:161} INFO - Started process (PID=6142) to work on /home/ubuntu/airflow-venv/lib/python3.12/site-packages/airflow/example_dags/example_branch_operator_decorator.py
[2024-07-31T19:27:19.698+0000] {processor.py:830} INFO - Processing file /home/ubuntu/airflow-venv/lib/python3.12/site-packages/airflow/example_dags/example_branch_operator_decorator.py for tasks to queue
[2024-07-31T19:27:19.699+0000] {logging_mixin.py:188} INFO - [2024-07-31T19:27:19.698+0000] {dagbag.py:545} INFO - Filling up the DagBag from /home/ubuntu/airflow-venv/lib/python3.12/site-packages/airflow/example_dags/example_branch_operator_decorator.py
[2024-07-31T19:27:19.701+0000] {processor.py:842} WARNING - No viable dags retrieved from /home/ubuntu/airflow-venv/lib/python3.12/site-packages/airflow/example_dags/example_branch_operator_decorator.py
[2024-07-31T19:27:19.712+0000] {processor.py:183} INFO - Processing /home/ubuntu/airflow-venv/lib/python3.12/site-packages/airflow/example_dags/example_branch_operator_decorator.py took 0.023 seconds
[2024-07-31T19:28:21.983+0000] {processor.py:161} INFO - Started process (PID=6206) to work on /home/ubuntu/airflow-venv/lib/python3.12/site-packages/airflow/example_dags/example_branch_operator_decorator.py
[2024-07-31T19:28:21.984+0000] {processor.py:830} INFO - Processing file /home/ubuntu/airflow-venv/lib/python3.12/site-packages/airflow/example_dags/example_branch_operator_decorator.py for tasks to queue
[2024-07-31T19:28:21.985+0000] {logging_mixin.py:188} INFO - [2024-07-31T19:28:21.984+0000] {dagbag.py:545} INFO - Filling up the DagBag from /home/ubuntu/airflow-venv/lib/python3.12/site-packages/airflow/example_dags/example_branch_operator_decorator.py
[2024-07-31T19:28:21.987+0000] {processor.py:842} WARNING - No viable dags retrieved from /home/ubuntu/airflow-venv/lib/python3.12/site-packages/airflow/example_dags/example_branch_operator_decorator.py
[2024-07-31T19:28:21.998+0000] {processor.py:183} INFO - Processing /home/ubuntu/airflow-venv/lib/python3.12/site-packages/airflow/example_dags/example_branch_operator_decorator.py took 0.021 seconds
[2024-07-31T19:29:31.646+0000] {processor.py:161} INFO - Started process (PID=6278) to work on /home/ubuntu/airflow-venv/lib/python3.12/site-packages/airflow/example_dags/example_branch_operator_decorator.py
[2024-07-31T19:29:31.647+0000] {processor.py:830} INFO - Processing file /home/ubuntu/airflow-venv/lib/python3.12/site-packages/airflow/example_dags/example_branch_operator_decorator.py for tasks to queue
[2024-07-31T19:29:31.648+0000] {logging_mixin.py:188} INFO - [2024-07-31T19:29:31.648+0000] {dagbag.py:545} INFO - Filling up the DagBag from /home/ubuntu/airflow-venv/lib/python3.12/site-packages/airflow/example_dags/example_branch_operator_decorator.py
[2024-07-31T19:29:31.651+0000] {processor.py:842} WARNING - No viable dags retrieved from /home/ubuntu/airflow-venv/lib/python3.12/site-packages/airflow/example_dags/example_branch_operator_decorator.py
[2024-07-31T19:29:31.662+0000] {processor.py:183} INFO - Processing /home/ubuntu/airflow-venv/lib/python3.12/site-packages/airflow/example_dags/example_branch_operator_decorator.py took 0.021 seconds
[2024-07-31T19:30:37.134+0000] {processor.py:161} INFO - Started process (PID=6353) to work on /home/ubuntu/airflow-venv/lib/python3.12/site-packages/airflow/example_dags/example_branch_operator_decorator.py
[2024-07-31T19:30:37.135+0000] {processor.py:830} INFO - Processing file /home/ubuntu/airflow-venv/lib/python3.12/site-packages/airflow/example_dags/example_branch_operator_decorator.py for tasks to queue
[2024-07-31T19:30:37.136+0000] {logging_mixin.py:188} INFO - [2024-07-31T19:30:37.136+0000] {dagbag.py:545} INFO - Filling up the DagBag from /home/ubuntu/airflow-venv/lib/python3.12/site-packages/airflow/example_dags/example_branch_operator_decorator.py
[2024-07-31T19:30:37.139+0000] {processor.py:842} WARNING - No viable dags retrieved from /home/ubuntu/airflow-venv/lib/python3.12/site-packages/airflow/example_dags/example_branch_operator_decorator.py
[2024-07-31T19:30:37.149+0000] {processor.py:183} INFO - Processing /home/ubuntu/airflow-venv/lib/python3.12/site-packages/airflow/example_dags/example_branch_operator_decorator.py took 0.021 seconds
[2024-07-31T19:31:52.479+0000] {processor.py:161} INFO - Started process (PID=6432) to work on /home/ubuntu/airflow-venv/lib/python3.12/site-packages/airflow/example_dags/example_branch_operator_decorator.py
[2024-07-31T19:31:52.481+0000] {processor.py:830} INFO - Processing file /home/ubuntu/airflow-venv/lib/python3.12/site-packages/airflow/example_dags/example_branch_operator_decorator.py for tasks to queue
[2024-07-31T19:31:52.481+0000] {logging_mixin.py:188} INFO - [2024-07-31T19:31:52.481+0000] {dagbag.py:545} INFO - Filling up the DagBag from /home/ubuntu/airflow-venv/lib/python3.12/site-packages/airflow/example_dags/example_branch_operator_decorator.py
[2024-07-31T19:31:52.484+0000] {processor.py:842} WARNING - No viable dags retrieved from /home/ubuntu/airflow-venv/lib/python3.12/site-packages/airflow/example_dags/example_branch_operator_decorator.py
[2024-07-31T19:31:52.495+0000] {processor.py:183} INFO - Processing /home/ubuntu/airflow-venv/lib/python3.12/site-packages/airflow/example_dags/example_branch_operator_decorator.py took 0.021 seconds
[2024-07-31T19:33:02.449+0000] {processor.py:161} INFO - Started process (PID=6510) to work on /home/ubuntu/airflow-venv/lib/python3.12/site-packages/airflow/example_dags/example_branch_operator_decorator.py
[2024-07-31T19:33:02.451+0000] {processor.py:830} INFO - Processing file /home/ubuntu/airflow-venv/lib/python3.12/site-packages/airflow/example_dags/example_branch_operator_decorator.py for tasks to queue
[2024-07-31T19:33:02.452+0000] {logging_mixin.py:188} INFO - [2024-07-31T19:33:02.451+0000] {dagbag.py:545} INFO - Filling up the DagBag from /home/ubuntu/airflow-venv/lib/python3.12/site-packages/airflow/example_dags/example_branch_operator_decorator.py
[2024-07-31T19:33:02.454+0000] {processor.py:842} WARNING - No viable dags retrieved from /home/ubuntu/airflow-venv/lib/python3.12/site-packages/airflow/example_dags/example_branch_operator_decorator.py
[2024-07-31T19:33:02.465+0000] {processor.py:183} INFO - Processing /home/ubuntu/airflow-venv/lib/python3.12/site-packages/airflow/example_dags/example_branch_operator_decorator.py took 0.022 seconds
[2024-07-31T19:34:14.298+0000] {processor.py:161} INFO - Started process (PID=6586) to work on /home/ubuntu/airflow-venv/lib/python3.12/site-packages/airflow/example_dags/example_branch_operator_decorator.py
[2024-07-31T19:34:14.299+0000] {processor.py:830} INFO - Processing file /home/ubuntu/airflow-venv/lib/python3.12/site-packages/airflow/example_dags/example_branch_operator_decorator.py for tasks to queue
[2024-07-31T19:34:14.300+0000] {logging_mixin.py:188} INFO - [2024-07-31T19:34:14.300+0000] {dagbag.py:545} INFO - Filling up the DagBag from /home/ubuntu/airflow-venv/lib/python3.12/site-packages/airflow/example_dags/example_branch_operator_decorator.py
[2024-07-31T19:34:14.303+0000] {processor.py:842} WARNING - No viable dags retrieved from /home/ubuntu/airflow-venv/lib/python3.12/site-packages/airflow/example_dags/example_branch_operator_decorator.py
[2024-07-31T19:34:14.314+0000] {processor.py:183} INFO - Processing /home/ubuntu/airflow-venv/lib/python3.12/site-packages/airflow/example_dags/example_branch_operator_decorator.py took 0.021 seconds
