[2024-07-31T18:43:32.246+0000] {processor.py:161} INFO - Started process (PID=3492) to work on /home/ubuntu/airflow-venv/lib/python3.12/site-packages/airflow/example_dags/example_kubernetes_executor.py
[2024-07-31T18:43:32.247+0000] {processor.py:830} INFO - Processing file /home/ubuntu/airflow-venv/lib/python3.12/site-packages/airflow/example_dags/example_kubernetes_executor.py for tasks to queue
[2024-07-31T18:43:32.249+0000] {logging_mixin.py:188} INFO - [2024-07-31T18:43:32.248+0000] {dagbag.py:545} INFO - Filling up the DagBag from /home/ubuntu/airflow-venv/lib/python3.12/site-packages/airflow/example_dags/example_kubernetes_executor.py
[2024-07-31T18:43:32.251+0000] {logging_mixin.py:188} INFO - [2024-07-31T18:43:32.251+0000] {example_kubernetes_executor.py:39} WARNING - The example_kubernetes_executor example DAG requires the kubernetes provider. Please install it with: pip install apache-airflow[cncf.kubernetes]
[2024-07-31T18:43:32.251+0000] {processor.py:842} WARNING - No viable dags retrieved from /home/ubuntu/airflow-venv/lib/python3.12/site-packages/airflow/example_dags/example_kubernetes_executor.py
[2024-07-31T18:43:32.262+0000] {processor.py:183} INFO - Processing /home/ubuntu/airflow-venv/lib/python3.12/site-packages/airflow/example_dags/example_kubernetes_executor.py took 0.021 seconds
[2024-07-31T18:44:25.238+0000] {processor.py:161} INFO - Started process (PID=3547) to work on /home/ubuntu/airflow-venv/lib/python3.12/site-packages/airflow/example_dags/example_kubernetes_executor.py
[2024-07-31T18:44:25.239+0000] {processor.py:830} INFO - Processing file /home/ubuntu/airflow-venv/lib/python3.12/site-packages/airflow/example_dags/example_kubernetes_executor.py for tasks to queue
[2024-07-31T18:44:25.241+0000] {logging_mixin.py:188} INFO - [2024-07-31T18:44:25.240+0000] {dagbag.py:545} INFO - Filling up the DagBag from /home/ubuntu/airflow-venv/lib/python3.12/site-packages/airflow/example_dags/example_kubernetes_executor.py
[2024-07-31T18:44:25.243+0000] {logging_mixin.py:188} INFO - [2024-07-31T18:44:25.243+0000] {example_kubernetes_executor.py:39} WARNING - The example_kubernetes_executor example DAG requires the kubernetes provider. Please install it with: pip install apache-airflow[cncf.kubernetes]
[2024-07-31T18:44:25.244+0000] {processor.py:842} WARNING - No viable dags retrieved from /home/ubuntu/airflow-venv/lib/python3.12/site-packages/airflow/example_dags/example_kubernetes_executor.py
[2024-07-31T18:44:25.254+0000] {processor.py:183} INFO - Processing /home/ubuntu/airflow-venv/lib/python3.12/site-packages/airflow/example_dags/example_kubernetes_executor.py took 0.022 seconds
[2024-07-31T18:45:15.606+0000] {processor.py:161} INFO - Started process (PID=3605) to work on /home/ubuntu/airflow-venv/lib/python3.12/site-packages/airflow/example_dags/example_kubernetes_executor.py
[2024-07-31T18:45:15.607+0000] {processor.py:830} INFO - Processing file /home/ubuntu/airflow-venv/lib/python3.12/site-packages/airflow/example_dags/example_kubernetes_executor.py for tasks to queue
[2024-07-31T18:45:15.609+0000] {logging_mixin.py:188} INFO - [2024-07-31T18:45:15.609+0000] {dagbag.py:545} INFO - Filling up the DagBag from /home/ubuntu/airflow-venv/lib/python3.12/site-packages/airflow/example_dags/example_kubernetes_executor.py
[2024-07-31T18:45:15.612+0000] {logging_mixin.py:188} INFO - [2024-07-31T18:45:15.612+0000] {example_kubernetes_executor.py:39} WARNING - The example_kubernetes_executor example DAG requires the kubernetes provider. Please install it with: pip install apache-airflow[cncf.kubernetes]
[2024-07-31T18:45:15.612+0000] {processor.py:842} WARNING - No viable dags retrieved from /home/ubuntu/airflow-venv/lib/python3.12/site-packages/airflow/example_dags/example_kubernetes_executor.py
[2024-07-31T18:45:15.623+0000] {processor.py:183} INFO - Processing /home/ubuntu/airflow-venv/lib/python3.12/site-packages/airflow/example_dags/example_kubernetes_executor.py took 0.024 seconds
[2024-07-31T18:46:19.571+0000] {processor.py:161} INFO - Started process (PID=3674) to work on /home/ubuntu/airflow-venv/lib/python3.12/site-packages/airflow/example_dags/example_kubernetes_executor.py
[2024-07-31T18:46:19.572+0000] {processor.py:830} INFO - Processing file /home/ubuntu/airflow-venv/lib/python3.12/site-packages/airflow/example_dags/example_kubernetes_executor.py for tasks to queue
[2024-07-31T18:46:19.574+0000] {logging_mixin.py:188} INFO - [2024-07-31T18:46:19.574+0000] {dagbag.py:545} INFO - Filling up the DagBag from /home/ubuntu/airflow-venv/lib/python3.12/site-packages/airflow/example_dags/example_kubernetes_executor.py
[2024-07-31T18:46:19.577+0000] {logging_mixin.py:188} INFO - [2024-07-31T18:46:19.577+0000] {example_kubernetes_executor.py:39} WARNING - The example_kubernetes_executor example DAG requires the kubernetes provider. Please install it with: pip install apache-airflow[cncf.kubernetes]
[2024-07-31T18:46:19.577+0000] {processor.py:842} WARNING - No viable dags retrieved from /home/ubuntu/airflow-venv/lib/python3.12/site-packages/airflow/example_dags/example_kubernetes_executor.py
[2024-07-31T18:46:19.588+0000] {processor.py:183} INFO - Processing /home/ubuntu/airflow-venv/lib/python3.12/site-packages/airflow/example_dags/example_kubernetes_executor.py took 0.023 seconds
[2024-07-31T18:47:17.166+0000] {processor.py:161} INFO - Started process (PID=3927) to work on /home/ubuntu/airflow-venv/lib/python3.12/site-packages/airflow/example_dags/example_kubernetes_executor.py
[2024-07-31T18:47:17.168+0000] {processor.py:830} INFO - Processing file /home/ubuntu/airflow-venv/lib/python3.12/site-packages/airflow/example_dags/example_kubernetes_executor.py for tasks to queue
[2024-07-31T18:47:17.169+0000] {logging_mixin.py:188} INFO - [2024-07-31T18:47:17.169+0000] {dagbag.py:545} INFO - Filling up the DagBag from /home/ubuntu/airflow-venv/lib/python3.12/site-packages/airflow/example_dags/example_kubernetes_executor.py
[2024-07-31T18:47:17.172+0000] {logging_mixin.py:188} INFO - [2024-07-31T18:47:17.172+0000] {example_kubernetes_executor.py:39} WARNING - The example_kubernetes_executor example DAG requires the kubernetes provider. Please install it with: pip install apache-airflow[cncf.kubernetes]
[2024-07-31T18:47:17.172+0000] {processor.py:842} WARNING - No viable dags retrieved from /home/ubuntu/airflow-venv/lib/python3.12/site-packages/airflow/example_dags/example_kubernetes_executor.py
[2024-07-31T18:47:17.183+0000] {processor.py:183} INFO - Processing /home/ubuntu/airflow-venv/lib/python3.12/site-packages/airflow/example_dags/example_kubernetes_executor.py took 0.022 seconds
[2024-07-31T18:48:13.386+0000] {processor.py:161} INFO - Started process (PID=4157) to work on /home/ubuntu/airflow-venv/lib/python3.12/site-packages/airflow/example_dags/example_kubernetes_executor.py
[2024-07-31T18:48:13.387+0000] {processor.py:830} INFO - Processing file /home/ubuntu/airflow-venv/lib/python3.12/site-packages/airflow/example_dags/example_kubernetes_executor.py for tasks to queue
[2024-07-31T18:48:13.389+0000] {logging_mixin.py:188} INFO - [2024-07-31T18:48:13.388+0000] {dagbag.py:545} INFO - Filling up the DagBag from /home/ubuntu/airflow-venv/lib/python3.12/site-packages/airflow/example_dags/example_kubernetes_executor.py
[2024-07-31T18:48:13.391+0000] {logging_mixin.py:188} INFO - [2024-07-31T18:48:13.391+0000] {example_kubernetes_executor.py:39} WARNING - The example_kubernetes_executor example DAG requires the kubernetes provider. Please install it with: pip install apache-airflow[cncf.kubernetes]
[2024-07-31T18:48:13.392+0000] {processor.py:842} WARNING - No viable dags retrieved from /home/ubuntu/airflow-venv/lib/python3.12/site-packages/airflow/example_dags/example_kubernetes_executor.py
[2024-07-31T18:48:13.402+0000] {processor.py:183} INFO - Processing /home/ubuntu/airflow-venv/lib/python3.12/site-packages/airflow/example_dags/example_kubernetes_executor.py took 0.022 seconds
[2024-07-31T18:49:12.768+0000] {processor.py:161} INFO - Started process (PID=4218) to work on /home/ubuntu/airflow-venv/lib/python3.12/site-packages/airflow/example_dags/example_kubernetes_executor.py
[2024-07-31T18:49:12.770+0000] {processor.py:830} INFO - Processing file /home/ubuntu/airflow-venv/lib/python3.12/site-packages/airflow/example_dags/example_kubernetes_executor.py for tasks to queue
[2024-07-31T18:49:12.771+0000] {logging_mixin.py:188} INFO - [2024-07-31T18:49:12.771+0000] {dagbag.py:545} INFO - Filling up the DagBag from /home/ubuntu/airflow-venv/lib/python3.12/site-packages/airflow/example_dags/example_kubernetes_executor.py
[2024-07-31T18:49:12.774+0000] {logging_mixin.py:188} INFO - [2024-07-31T18:49:12.774+0000] {example_kubernetes_executor.py:39} WARNING - The example_kubernetes_executor example DAG requires the kubernetes provider. Please install it with: pip install apache-airflow[cncf.kubernetes]
[2024-07-31T18:49:12.774+0000] {processor.py:842} WARNING - No viable dags retrieved from /home/ubuntu/airflow-venv/lib/python3.12/site-packages/airflow/example_dags/example_kubernetes_executor.py
[2024-07-31T18:49:12.785+0000] {processor.py:183} INFO - Processing /home/ubuntu/airflow-venv/lib/python3.12/site-packages/airflow/example_dags/example_kubernetes_executor.py took 0.022 seconds
[2024-07-31T18:50:11.901+0000] {processor.py:161} INFO - Started process (PID=4285) to work on /home/ubuntu/airflow-venv/lib/python3.12/site-packages/airflow/example_dags/example_kubernetes_executor.py
[2024-07-31T18:50:11.902+0000] {processor.py:830} INFO - Processing file /home/ubuntu/airflow-venv/lib/python3.12/site-packages/airflow/example_dags/example_kubernetes_executor.py for tasks to queue
[2024-07-31T18:50:11.904+0000] {logging_mixin.py:188} INFO - [2024-07-31T18:50:11.904+0000] {dagbag.py:545} INFO - Filling up the DagBag from /home/ubuntu/airflow-venv/lib/python3.12/site-packages/airflow/example_dags/example_kubernetes_executor.py
[2024-07-31T18:50:11.907+0000] {logging_mixin.py:188} INFO - [2024-07-31T18:50:11.907+0000] {example_kubernetes_executor.py:39} WARNING - The example_kubernetes_executor example DAG requires the kubernetes provider. Please install it with: pip install apache-airflow[cncf.kubernetes]
[2024-07-31T18:50:11.907+0000] {processor.py:842} WARNING - No viable dags retrieved from /home/ubuntu/airflow-venv/lib/python3.12/site-packages/airflow/example_dags/example_kubernetes_executor.py
[2024-07-31T18:50:11.918+0000] {processor.py:183} INFO - Processing /home/ubuntu/airflow-venv/lib/python3.12/site-packages/airflow/example_dags/example_kubernetes_executor.py took 0.023 seconds
[2024-07-31T18:51:11.305+0000] {processor.py:161} INFO - Started process (PID=4349) to work on /home/ubuntu/airflow-venv/lib/python3.12/site-packages/airflow/example_dags/example_kubernetes_executor.py
[2024-07-31T18:51:11.307+0000] {processor.py:830} INFO - Processing file /home/ubuntu/airflow-venv/lib/python3.12/site-packages/airflow/example_dags/example_kubernetes_executor.py for tasks to queue
[2024-07-31T18:51:11.309+0000] {logging_mixin.py:188} INFO - [2024-07-31T18:51:11.308+0000] {dagbag.py:545} INFO - Filling up the DagBag from /home/ubuntu/airflow-venv/lib/python3.12/site-packages/airflow/example_dags/example_kubernetes_executor.py
[2024-07-31T18:51:11.311+0000] {logging_mixin.py:188} INFO - [2024-07-31T18:51:11.311+0000] {example_kubernetes_executor.py:39} WARNING - The example_kubernetes_executor example DAG requires the kubernetes provider. Please install it with: pip install apache-airflow[cncf.kubernetes]
[2024-07-31T18:51:11.312+0000] {processor.py:842} WARNING - No viable dags retrieved from /home/ubuntu/airflow-venv/lib/python3.12/site-packages/airflow/example_dags/example_kubernetes_executor.py
[2024-07-31T18:51:11.322+0000] {processor.py:183} INFO - Processing /home/ubuntu/airflow-venv/lib/python3.12/site-packages/airflow/example_dags/example_kubernetes_executor.py took 0.022 seconds
[2024-07-31T18:52:09.414+0000] {processor.py:161} INFO - Started process (PID=4410) to work on /home/ubuntu/airflow-venv/lib/python3.12/site-packages/airflow/example_dags/example_kubernetes_executor.py
[2024-07-31T18:52:09.415+0000] {processor.py:830} INFO - Processing file /home/ubuntu/airflow-venv/lib/python3.12/site-packages/airflow/example_dags/example_kubernetes_executor.py for tasks to queue
[2024-07-31T18:52:09.417+0000] {logging_mixin.py:188} INFO - [2024-07-31T18:52:09.417+0000] {dagbag.py:545} INFO - Filling up the DagBag from /home/ubuntu/airflow-venv/lib/python3.12/site-packages/airflow/example_dags/example_kubernetes_executor.py
[2024-07-31T18:52:09.420+0000] {logging_mixin.py:188} INFO - [2024-07-31T18:52:09.420+0000] {example_kubernetes_executor.py:39} WARNING - The example_kubernetes_executor example DAG requires the kubernetes provider. Please install it with: pip install apache-airflow[cncf.kubernetes]
[2024-07-31T18:52:09.420+0000] {processor.py:842} WARNING - No viable dags retrieved from /home/ubuntu/airflow-venv/lib/python3.12/site-packages/airflow/example_dags/example_kubernetes_executor.py
[2024-07-31T18:52:09.431+0000] {processor.py:183} INFO - Processing /home/ubuntu/airflow-venv/lib/python3.12/site-packages/airflow/example_dags/example_kubernetes_executor.py took 0.023 seconds
[2024-07-31T18:53:09.206+0000] {processor.py:161} INFO - Started process (PID=4475) to work on /home/ubuntu/airflow-venv/lib/python3.12/site-packages/airflow/example_dags/example_kubernetes_executor.py
[2024-07-31T18:53:09.208+0000] {processor.py:830} INFO - Processing file /home/ubuntu/airflow-venv/lib/python3.12/site-packages/airflow/example_dags/example_kubernetes_executor.py for tasks to queue
[2024-07-31T18:53:09.209+0000] {logging_mixin.py:188} INFO - [2024-07-31T18:53:09.208+0000] {dagbag.py:545} INFO - Filling up the DagBag from /home/ubuntu/airflow-venv/lib/python3.12/site-packages/airflow/example_dags/example_kubernetes_executor.py
[2024-07-31T18:53:09.211+0000] {logging_mixin.py:188} INFO - [2024-07-31T18:53:09.211+0000] {example_kubernetes_executor.py:39} WARNING - The example_kubernetes_executor example DAG requires the kubernetes provider. Please install it with: pip install apache-airflow[cncf.kubernetes]
[2024-07-31T18:53:09.212+0000] {processor.py:842} WARNING - No viable dags retrieved from /home/ubuntu/airflow-venv/lib/python3.12/site-packages/airflow/example_dags/example_kubernetes_executor.py
[2024-07-31T18:53:09.222+0000] {processor.py:183} INFO - Processing /home/ubuntu/airflow-venv/lib/python3.12/site-packages/airflow/example_dags/example_kubernetes_executor.py took 0.022 seconds
[2024-07-31T18:54:10.920+0000] {processor.py:161} INFO - Started process (PID=4544) to work on /home/ubuntu/airflow-venv/lib/python3.12/site-packages/airflow/example_dags/example_kubernetes_executor.py
[2024-07-31T18:54:10.922+0000] {processor.py:830} INFO - Processing file /home/ubuntu/airflow-venv/lib/python3.12/site-packages/airflow/example_dags/example_kubernetes_executor.py for tasks to queue
[2024-07-31T18:54:10.923+0000] {logging_mixin.py:188} INFO - [2024-07-31T18:54:10.922+0000] {dagbag.py:545} INFO - Filling up the DagBag from /home/ubuntu/airflow-venv/lib/python3.12/site-packages/airflow/example_dags/example_kubernetes_executor.py
[2024-07-31T18:54:10.926+0000] {logging_mixin.py:188} INFO - [2024-07-31T18:54:10.925+0000] {example_kubernetes_executor.py:39} WARNING - The example_kubernetes_executor example DAG requires the kubernetes provider. Please install it with: pip install apache-airflow[cncf.kubernetes]
[2024-07-31T18:54:10.926+0000] {processor.py:842} WARNING - No viable dags retrieved from /home/ubuntu/airflow-venv/lib/python3.12/site-packages/airflow/example_dags/example_kubernetes_executor.py
[2024-07-31T18:54:10.936+0000] {processor.py:183} INFO - Processing /home/ubuntu/airflow-venv/lib/python3.12/site-packages/airflow/example_dags/example_kubernetes_executor.py took 0.022 seconds
[2024-07-31T18:55:11.745+0000] {processor.py:161} INFO - Started process (PID=4613) to work on /home/ubuntu/airflow-venv/lib/python3.12/site-packages/airflow/example_dags/example_kubernetes_executor.py
[2024-07-31T18:55:11.747+0000] {processor.py:830} INFO - Processing file /home/ubuntu/airflow-venv/lib/python3.12/site-packages/airflow/example_dags/example_kubernetes_executor.py for tasks to queue
[2024-07-31T18:55:11.748+0000] {logging_mixin.py:188} INFO - [2024-07-31T18:55:11.747+0000] {dagbag.py:545} INFO - Filling up the DagBag from /home/ubuntu/airflow-venv/lib/python3.12/site-packages/airflow/example_dags/example_kubernetes_executor.py
[2024-07-31T18:55:11.750+0000] {logging_mixin.py:188} INFO - [2024-07-31T18:55:11.750+0000] {example_kubernetes_executor.py:39} WARNING - The example_kubernetes_executor example DAG requires the kubernetes provider. Please install it with: pip install apache-airflow[cncf.kubernetes]
[2024-07-31T18:55:11.751+0000] {processor.py:842} WARNING - No viable dags retrieved from /home/ubuntu/airflow-venv/lib/python3.12/site-packages/airflow/example_dags/example_kubernetes_executor.py
[2024-07-31T18:55:11.761+0000] {processor.py:183} INFO - Processing /home/ubuntu/airflow-venv/lib/python3.12/site-packages/airflow/example_dags/example_kubernetes_executor.py took 0.022 seconds
[2024-07-31T18:56:15.833+0000] {processor.py:161} INFO - Started process (PID=4680) to work on /home/ubuntu/airflow-venv/lib/python3.12/site-packages/airflow/example_dags/example_kubernetes_executor.py
[2024-07-31T18:56:15.834+0000] {processor.py:830} INFO - Processing file /home/ubuntu/airflow-venv/lib/python3.12/site-packages/airflow/example_dags/example_kubernetes_executor.py for tasks to queue
[2024-07-31T18:56:15.835+0000] {logging_mixin.py:188} INFO - [2024-07-31T18:56:15.835+0000] {dagbag.py:545} INFO - Filling up the DagBag from /home/ubuntu/airflow-venv/lib/python3.12/site-packages/airflow/example_dags/example_kubernetes_executor.py
[2024-07-31T18:56:15.838+0000] {logging_mixin.py:188} INFO - [2024-07-31T18:56:15.838+0000] {example_kubernetes_executor.py:39} WARNING - The example_kubernetes_executor example DAG requires the kubernetes provider. Please install it with: pip install apache-airflow[cncf.kubernetes]
[2024-07-31T18:56:15.838+0000] {processor.py:842} WARNING - No viable dags retrieved from /home/ubuntu/airflow-venv/lib/python3.12/site-packages/airflow/example_dags/example_kubernetes_executor.py
[2024-07-31T18:56:15.848+0000] {processor.py:183} INFO - Processing /home/ubuntu/airflow-venv/lib/python3.12/site-packages/airflow/example_dags/example_kubernetes_executor.py took 0.021 seconds
[2024-07-31T18:57:24.249+0000] {processor.py:161} INFO - Started process (PID=5064) to work on /home/ubuntu/airflow-venv/lib/python3.12/site-packages/airflow/example_dags/example_kubernetes_executor.py
[2024-07-31T18:57:24.251+0000] {processor.py:830} INFO - Processing file /home/ubuntu/airflow-venv/lib/python3.12/site-packages/airflow/example_dags/example_kubernetes_executor.py for tasks to queue
[2024-07-31T18:57:24.252+0000] {logging_mixin.py:188} INFO - [2024-07-31T18:57:24.251+0000] {dagbag.py:545} INFO - Filling up the DagBag from /home/ubuntu/airflow-venv/lib/python3.12/site-packages/airflow/example_dags/example_kubernetes_executor.py
[2024-07-31T18:57:24.254+0000] {logging_mixin.py:188} INFO - [2024-07-31T18:57:24.254+0000] {example_kubernetes_executor.py:39} WARNING - The example_kubernetes_executor example DAG requires the kubernetes provider. Please install it with: pip install apache-airflow[cncf.kubernetes]
[2024-07-31T18:57:24.255+0000] {processor.py:842} WARNING - No viable dags retrieved from /home/ubuntu/airflow-venv/lib/python3.12/site-packages/airflow/example_dags/example_kubernetes_executor.py
[2024-07-31T18:57:24.265+0000] {processor.py:183} INFO - Processing /home/ubuntu/airflow-venv/lib/python3.12/site-packages/airflow/example_dags/example_kubernetes_executor.py took 0.022 seconds
[2024-07-31T18:58:15.008+0000] {processor.py:161} INFO - Started process (PID=5116) to work on /home/ubuntu/airflow-venv/lib/python3.12/site-packages/airflow/example_dags/example_kubernetes_executor.py
[2024-07-31T18:58:15.009+0000] {processor.py:830} INFO - Processing file /home/ubuntu/airflow-venv/lib/python3.12/site-packages/airflow/example_dags/example_kubernetes_executor.py for tasks to queue
[2024-07-31T18:58:15.010+0000] {logging_mixin.py:188} INFO - [2024-07-31T18:58:15.010+0000] {dagbag.py:545} INFO - Filling up the DagBag from /home/ubuntu/airflow-venv/lib/python3.12/site-packages/airflow/example_dags/example_kubernetes_executor.py
[2024-07-31T18:58:15.013+0000] {logging_mixin.py:188} INFO - [2024-07-31T18:58:15.013+0000] {example_kubernetes_executor.py:39} WARNING - The example_kubernetes_executor example DAG requires the kubernetes provider. Please install it with: pip install apache-airflow[cncf.kubernetes]
[2024-07-31T18:58:15.013+0000] {processor.py:842} WARNING - No viable dags retrieved from /home/ubuntu/airflow-venv/lib/python3.12/site-packages/airflow/example_dags/example_kubernetes_executor.py
[2024-07-31T18:58:15.024+0000] {processor.py:183} INFO - Processing /home/ubuntu/airflow-venv/lib/python3.12/site-packages/airflow/example_dags/example_kubernetes_executor.py took 0.023 seconds
[2024-07-31T18:59:18.513+0000] {processor.py:161} INFO - Started process (PID=5187) to work on /home/ubuntu/airflow-venv/lib/python3.12/site-packages/airflow/example_dags/example_kubernetes_executor.py
[2024-07-31T18:59:18.515+0000] {processor.py:830} INFO - Processing file /home/ubuntu/airflow-venv/lib/python3.12/site-packages/airflow/example_dags/example_kubernetes_executor.py for tasks to queue
[2024-07-31T18:59:18.516+0000] {logging_mixin.py:188} INFO - [2024-07-31T18:59:18.516+0000] {dagbag.py:545} INFO - Filling up the DagBag from /home/ubuntu/airflow-venv/lib/python3.12/site-packages/airflow/example_dags/example_kubernetes_executor.py
[2024-07-31T18:59:18.521+0000] {logging_mixin.py:188} INFO - [2024-07-31T18:59:18.520+0000] {example_kubernetes_executor.py:39} WARNING - The example_kubernetes_executor example DAG requires the kubernetes provider. Please install it with: pip install apache-airflow[cncf.kubernetes]
[2024-07-31T18:59:18.523+0000] {processor.py:842} WARNING - No viable dags retrieved from /home/ubuntu/airflow-venv/lib/python3.12/site-packages/airflow/example_dags/example_kubernetes_executor.py
[2024-07-31T18:59:18.555+0000] {processor.py:183} INFO - Processing /home/ubuntu/airflow-venv/lib/python3.12/site-packages/airflow/example_dags/example_kubernetes_executor.py took 0.056 seconds
[2024-07-31T19:00:25.224+0000] {processor.py:161} INFO - Started process (PID=5258) to work on /home/ubuntu/airflow-venv/lib/python3.12/site-packages/airflow/example_dags/example_kubernetes_executor.py
[2024-07-31T19:00:25.225+0000] {processor.py:830} INFO - Processing file /home/ubuntu/airflow-venv/lib/python3.12/site-packages/airflow/example_dags/example_kubernetes_executor.py for tasks to queue
[2024-07-31T19:00:25.226+0000] {logging_mixin.py:188} INFO - [2024-07-31T19:00:25.226+0000] {dagbag.py:545} INFO - Filling up the DagBag from /home/ubuntu/airflow-venv/lib/python3.12/site-packages/airflow/example_dags/example_kubernetes_executor.py
[2024-07-31T19:00:25.229+0000] {logging_mixin.py:188} INFO - [2024-07-31T19:00:25.229+0000] {example_kubernetes_executor.py:39} WARNING - The example_kubernetes_executor example DAG requires the kubernetes provider. Please install it with: pip install apache-airflow[cncf.kubernetes]
[2024-07-31T19:00:25.229+0000] {processor.py:842} WARNING - No viable dags retrieved from /home/ubuntu/airflow-venv/lib/python3.12/site-packages/airflow/example_dags/example_kubernetes_executor.py
[2024-07-31T19:00:25.240+0000] {processor.py:183} INFO - Processing /home/ubuntu/airflow-venv/lib/python3.12/site-packages/airflow/example_dags/example_kubernetes_executor.py took 0.022 seconds
[2024-07-31T19:01:31.533+0000] {processor.py:161} INFO - Started process (PID=5327) to work on /home/ubuntu/airflow-venv/lib/python3.12/site-packages/airflow/example_dags/example_kubernetes_executor.py
[2024-07-31T19:01:31.535+0000] {processor.py:830} INFO - Processing file /home/ubuntu/airflow-venv/lib/python3.12/site-packages/airflow/example_dags/example_kubernetes_executor.py for tasks to queue
[2024-07-31T19:01:31.536+0000] {logging_mixin.py:188} INFO - [2024-07-31T19:01:31.535+0000] {dagbag.py:545} INFO - Filling up the DagBag from /home/ubuntu/airflow-venv/lib/python3.12/site-packages/airflow/example_dags/example_kubernetes_executor.py
[2024-07-31T19:01:31.538+0000] {logging_mixin.py:188} INFO - [2024-07-31T19:01:31.538+0000] {example_kubernetes_executor.py:39} WARNING - The example_kubernetes_executor example DAG requires the kubernetes provider. Please install it with: pip install apache-airflow[cncf.kubernetes]
[2024-07-31T19:01:31.539+0000] {processor.py:842} WARNING - No viable dags retrieved from /home/ubuntu/airflow-venv/lib/python3.12/site-packages/airflow/example_dags/example_kubernetes_executor.py
[2024-07-31T19:01:31.549+0000] {processor.py:183} INFO - Processing /home/ubuntu/airflow-venv/lib/python3.12/site-packages/airflow/example_dags/example_kubernetes_executor.py took 0.022 seconds
[2024-07-31T19:02:39.569+0000] {processor.py:161} INFO - Started process (PID=5396) to work on /home/ubuntu/airflow-venv/lib/python3.12/site-packages/airflow/example_dags/example_kubernetes_executor.py
[2024-07-31T19:02:39.571+0000] {processor.py:830} INFO - Processing file /home/ubuntu/airflow-venv/lib/python3.12/site-packages/airflow/example_dags/example_kubernetes_executor.py for tasks to queue
[2024-07-31T19:02:39.571+0000] {logging_mixin.py:188} INFO - [2024-07-31T19:02:39.571+0000] {dagbag.py:545} INFO - Filling up the DagBag from /home/ubuntu/airflow-venv/lib/python3.12/site-packages/airflow/example_dags/example_kubernetes_executor.py
[2024-07-31T19:02:39.574+0000] {logging_mixin.py:188} INFO - [2024-07-31T19:02:39.574+0000] {example_kubernetes_executor.py:39} WARNING - The example_kubernetes_executor example DAG requires the kubernetes provider. Please install it with: pip install apache-airflow[cncf.kubernetes]
[2024-07-31T19:02:39.574+0000] {processor.py:842} WARNING - No viable dags retrieved from /home/ubuntu/airflow-venv/lib/python3.12/site-packages/airflow/example_dags/example_kubernetes_executor.py
[2024-07-31T19:02:39.585+0000] {processor.py:183} INFO - Processing /home/ubuntu/airflow-venv/lib/python3.12/site-packages/airflow/example_dags/example_kubernetes_executor.py took 0.021 seconds
[2024-07-31T19:03:45.642+0000] {processor.py:161} INFO - Started process (PID=5466) to work on /home/ubuntu/airflow-venv/lib/python3.12/site-packages/airflow/example_dags/example_kubernetes_executor.py
[2024-07-31T19:03:45.644+0000] {processor.py:830} INFO - Processing file /home/ubuntu/airflow-venv/lib/python3.12/site-packages/airflow/example_dags/example_kubernetes_executor.py for tasks to queue
[2024-07-31T19:03:45.645+0000] {logging_mixin.py:188} INFO - [2024-07-31T19:03:45.645+0000] {dagbag.py:545} INFO - Filling up the DagBag from /home/ubuntu/airflow-venv/lib/python3.12/site-packages/airflow/example_dags/example_kubernetes_executor.py
[2024-07-31T19:03:45.648+0000] {logging_mixin.py:188} INFO - [2024-07-31T19:03:45.648+0000] {example_kubernetes_executor.py:39} WARNING - The example_kubernetes_executor example DAG requires the kubernetes provider. Please install it with: pip install apache-airflow[cncf.kubernetes]
[2024-07-31T19:03:45.648+0000] {processor.py:842} WARNING - No viable dags retrieved from /home/ubuntu/airflow-venv/lib/python3.12/site-packages/airflow/example_dags/example_kubernetes_executor.py
[2024-07-31T19:03:45.659+0000] {processor.py:183} INFO - Processing /home/ubuntu/airflow-venv/lib/python3.12/site-packages/airflow/example_dags/example_kubernetes_executor.py took 0.023 seconds
[2024-07-31T19:19:16.098+0000] {processor.py:161} INFO - Started process (PID=5634) to work on /home/ubuntu/airflow-venv/lib/python3.12/site-packages/airflow/example_dags/example_kubernetes_executor.py
[2024-07-31T19:19:16.100+0000] {processor.py:830} INFO - Processing file /home/ubuntu/airflow-venv/lib/python3.12/site-packages/airflow/example_dags/example_kubernetes_executor.py for tasks to queue
[2024-07-31T19:19:16.102+0000] {logging_mixin.py:188} INFO - [2024-07-31T19:19:16.101+0000] {dagbag.py:545} INFO - Filling up the DagBag from /home/ubuntu/airflow-venv/lib/python3.12/site-packages/airflow/example_dags/example_kubernetes_executor.py
[2024-07-31T19:19:16.104+0000] {logging_mixin.py:188} INFO - [2024-07-31T19:19:16.104+0000] {example_kubernetes_executor.py:39} WARNING - The example_kubernetes_executor example DAG requires the kubernetes provider. Please install it with: pip install apache-airflow[cncf.kubernetes]
[2024-07-31T19:19:16.105+0000] {processor.py:842} WARNING - No viable dags retrieved from /home/ubuntu/airflow-venv/lib/python3.12/site-packages/airflow/example_dags/example_kubernetes_executor.py
[2024-07-31T19:19:16.115+0000] {processor.py:183} INFO - Processing /home/ubuntu/airflow-venv/lib/python3.12/site-packages/airflow/example_dags/example_kubernetes_executor.py took 0.022 seconds
[2024-07-31T19:20:14.137+0000] {processor.py:161} INFO - Started process (PID=5690) to work on /home/ubuntu/airflow-venv/lib/python3.12/site-packages/airflow/example_dags/example_kubernetes_executor.py
[2024-07-31T19:20:14.138+0000] {processor.py:830} INFO - Processing file /home/ubuntu/airflow-venv/lib/python3.12/site-packages/airflow/example_dags/example_kubernetes_executor.py for tasks to queue
[2024-07-31T19:20:14.140+0000] {logging_mixin.py:188} INFO - [2024-07-31T19:20:14.140+0000] {dagbag.py:545} INFO - Filling up the DagBag from /home/ubuntu/airflow-venv/lib/python3.12/site-packages/airflow/example_dags/example_kubernetes_executor.py
[2024-07-31T19:20:14.143+0000] {logging_mixin.py:188} INFO - [2024-07-31T19:20:14.143+0000] {example_kubernetes_executor.py:39} WARNING - The example_kubernetes_executor example DAG requires the kubernetes provider. Please install it with: pip install apache-airflow[cncf.kubernetes]
[2024-07-31T19:20:14.143+0000] {processor.py:842} WARNING - No viable dags retrieved from /home/ubuntu/airflow-venv/lib/python3.12/site-packages/airflow/example_dags/example_kubernetes_executor.py
[2024-07-31T19:20:14.154+0000] {processor.py:183} INFO - Processing /home/ubuntu/airflow-venv/lib/python3.12/site-packages/airflow/example_dags/example_kubernetes_executor.py took 0.023 seconds
[2024-07-31T19:21:08.589+0000] {processor.py:161} INFO - Started process (PID=5746) to work on /home/ubuntu/airflow-venv/lib/python3.12/site-packages/airflow/example_dags/example_kubernetes_executor.py
[2024-07-31T19:21:08.590+0000] {processor.py:830} INFO - Processing file /home/ubuntu/airflow-venv/lib/python3.12/site-packages/airflow/example_dags/example_kubernetes_executor.py for tasks to queue
[2024-07-31T19:21:08.592+0000] {logging_mixin.py:188} INFO - [2024-07-31T19:21:08.591+0000] {dagbag.py:545} INFO - Filling up the DagBag from /home/ubuntu/airflow-venv/lib/python3.12/site-packages/airflow/example_dags/example_kubernetes_executor.py
[2024-07-31T19:21:08.595+0000] {logging_mixin.py:188} INFO - [2024-07-31T19:21:08.594+0000] {example_kubernetes_executor.py:39} WARNING - The example_kubernetes_executor example DAG requires the kubernetes provider. Please install it with: pip install apache-airflow[cncf.kubernetes]
[2024-07-31T19:21:08.595+0000] {processor.py:842} WARNING - No viable dags retrieved from /home/ubuntu/airflow-venv/lib/python3.12/site-packages/airflow/example_dags/example_kubernetes_executor.py
[2024-07-31T19:21:08.605+0000] {processor.py:183} INFO - Processing /home/ubuntu/airflow-venv/lib/python3.12/site-packages/airflow/example_dags/example_kubernetes_executor.py took 0.022 seconds
[2024-07-31T19:22:01.565+0000] {processor.py:161} INFO - Started process (PID=5800) to work on /home/ubuntu/airflow-venv/lib/python3.12/site-packages/airflow/example_dags/example_kubernetes_executor.py
[2024-07-31T19:22:01.566+0000] {processor.py:830} INFO - Processing file /home/ubuntu/airflow-venv/lib/python3.12/site-packages/airflow/example_dags/example_kubernetes_executor.py for tasks to queue
[2024-07-31T19:22:01.568+0000] {logging_mixin.py:188} INFO - [2024-07-31T19:22:01.567+0000] {dagbag.py:545} INFO - Filling up the DagBag from /home/ubuntu/airflow-venv/lib/python3.12/site-packages/airflow/example_dags/example_kubernetes_executor.py
[2024-07-31T19:22:01.571+0000] {logging_mixin.py:188} INFO - [2024-07-31T19:22:01.570+0000] {example_kubernetes_executor.py:39} WARNING - The example_kubernetes_executor example DAG requires the kubernetes provider. Please install it with: pip install apache-airflow[cncf.kubernetes]
[2024-07-31T19:22:01.571+0000] {processor.py:842} WARNING - No viable dags retrieved from /home/ubuntu/airflow-venv/lib/python3.12/site-packages/airflow/example_dags/example_kubernetes_executor.py
[2024-07-31T19:22:01.581+0000] {processor.py:183} INFO - Processing /home/ubuntu/airflow-venv/lib/python3.12/site-packages/airflow/example_dags/example_kubernetes_executor.py took 0.024 seconds
[2024-07-31T19:23:12.676+0000] {processor.py:161} INFO - Started process (PID=5873) to work on /home/ubuntu/airflow-venv/lib/python3.12/site-packages/airflow/example_dags/example_kubernetes_executor.py
[2024-07-31T19:23:12.677+0000] {processor.py:830} INFO - Processing file /home/ubuntu/airflow-venv/lib/python3.12/site-packages/airflow/example_dags/example_kubernetes_executor.py for tasks to queue
[2024-07-31T19:23:12.678+0000] {logging_mixin.py:188} INFO - [2024-07-31T19:23:12.677+0000] {dagbag.py:545} INFO - Filling up the DagBag from /home/ubuntu/airflow-venv/lib/python3.12/site-packages/airflow/example_dags/example_kubernetes_executor.py
[2024-07-31T19:23:12.681+0000] {logging_mixin.py:188} INFO - [2024-07-31T19:23:12.680+0000] {example_kubernetes_executor.py:39} WARNING - The example_kubernetes_executor example DAG requires the kubernetes provider. Please install it with: pip install apache-airflow[cncf.kubernetes]
[2024-07-31T19:23:12.681+0000] {processor.py:842} WARNING - No viable dags retrieved from /home/ubuntu/airflow-venv/lib/python3.12/site-packages/airflow/example_dags/example_kubernetes_executor.py
[2024-07-31T19:23:12.691+0000] {processor.py:183} INFO - Processing /home/ubuntu/airflow-venv/lib/python3.12/site-packages/airflow/example_dags/example_kubernetes_executor.py took 0.021 seconds
[2024-07-31T19:24:24.755+0000] {processor.py:161} INFO - Started process (PID=5953) to work on /home/ubuntu/airflow-venv/lib/python3.12/site-packages/airflow/example_dags/example_kubernetes_executor.py
[2024-07-31T19:24:24.756+0000] {processor.py:830} INFO - Processing file /home/ubuntu/airflow-venv/lib/python3.12/site-packages/airflow/example_dags/example_kubernetes_executor.py for tasks to queue
[2024-07-31T19:24:24.757+0000] {logging_mixin.py:188} INFO - [2024-07-31T19:24:24.757+0000] {dagbag.py:545} INFO - Filling up the DagBag from /home/ubuntu/airflow-venv/lib/python3.12/site-packages/airflow/example_dags/example_kubernetes_executor.py
[2024-07-31T19:24:24.760+0000] {logging_mixin.py:188} INFO - [2024-07-31T19:24:24.760+0000] {example_kubernetes_executor.py:39} WARNING - The example_kubernetes_executor example DAG requires the kubernetes provider. Please install it with: pip install apache-airflow[cncf.kubernetes]
[2024-07-31T19:24:24.760+0000] {processor.py:842} WARNING - No viable dags retrieved from /home/ubuntu/airflow-venv/lib/python3.12/site-packages/airflow/example_dags/example_kubernetes_executor.py
[2024-07-31T19:24:24.771+0000] {processor.py:183} INFO - Processing /home/ubuntu/airflow-venv/lib/python3.12/site-packages/airflow/example_dags/example_kubernetes_executor.py took 0.022 seconds
[2024-07-31T19:25:32.077+0000] {processor.py:161} INFO - Started process (PID=6027) to work on /home/ubuntu/airflow-venv/lib/python3.12/site-packages/airflow/example_dags/example_kubernetes_executor.py
[2024-07-31T19:25:32.078+0000] {processor.py:830} INFO - Processing file /home/ubuntu/airflow-venv/lib/python3.12/site-packages/airflow/example_dags/example_kubernetes_executor.py for tasks to queue
[2024-07-31T19:25:32.079+0000] {logging_mixin.py:188} INFO - [2024-07-31T19:25:32.079+0000] {dagbag.py:545} INFO - Filling up the DagBag from /home/ubuntu/airflow-venv/lib/python3.12/site-packages/airflow/example_dags/example_kubernetes_executor.py
[2024-07-31T19:25:32.082+0000] {logging_mixin.py:188} INFO - [2024-07-31T19:25:32.082+0000] {example_kubernetes_executor.py:39} WARNING - The example_kubernetes_executor example DAG requires the kubernetes provider. Please install it with: pip install apache-airflow[cncf.kubernetes]
[2024-07-31T19:25:32.082+0000] {processor.py:842} WARNING - No viable dags retrieved from /home/ubuntu/airflow-venv/lib/python3.12/site-packages/airflow/example_dags/example_kubernetes_executor.py
[2024-07-31T19:25:32.093+0000] {processor.py:183} INFO - Processing /home/ubuntu/airflow-venv/lib/python3.12/site-packages/airflow/example_dags/example_kubernetes_executor.py took 0.022 seconds
[2024-07-31T19:26:40.655+0000] {processor.py:161} INFO - Started process (PID=6099) to work on /home/ubuntu/airflow-venv/lib/python3.12/site-packages/airflow/example_dags/example_kubernetes_executor.py
[2024-07-31T19:26:40.656+0000] {processor.py:830} INFO - Processing file /home/ubuntu/airflow-venv/lib/python3.12/site-packages/airflow/example_dags/example_kubernetes_executor.py for tasks to queue
[2024-07-31T19:26:40.657+0000] {logging_mixin.py:188} INFO - [2024-07-31T19:26:40.657+0000] {dagbag.py:545} INFO - Filling up the DagBag from /home/ubuntu/airflow-venv/lib/python3.12/site-packages/airflow/example_dags/example_kubernetes_executor.py
[2024-07-31T19:26:40.660+0000] {logging_mixin.py:188} INFO - [2024-07-31T19:26:40.660+0000] {example_kubernetes_executor.py:39} WARNING - The example_kubernetes_executor example DAG requires the kubernetes provider. Please install it with: pip install apache-airflow[cncf.kubernetes]
[2024-07-31T19:26:40.660+0000] {processor.py:842} WARNING - No viable dags retrieved from /home/ubuntu/airflow-venv/lib/python3.12/site-packages/airflow/example_dags/example_kubernetes_executor.py
[2024-07-31T19:26:40.671+0000] {processor.py:183} INFO - Processing /home/ubuntu/airflow-venv/lib/python3.12/site-packages/airflow/example_dags/example_kubernetes_executor.py took 0.022 seconds
[2024-07-31T19:27:48.181+0000] {processor.py:161} INFO - Started process (PID=6171) to work on /home/ubuntu/airflow-venv/lib/python3.12/site-packages/airflow/example_dags/example_kubernetes_executor.py
[2024-07-31T19:27:48.182+0000] {processor.py:830} INFO - Processing file /home/ubuntu/airflow-venv/lib/python3.12/site-packages/airflow/example_dags/example_kubernetes_executor.py for tasks to queue
[2024-07-31T19:27:48.183+0000] {logging_mixin.py:188} INFO - [2024-07-31T19:27:48.183+0000] {dagbag.py:545} INFO - Filling up the DagBag from /home/ubuntu/airflow-venv/lib/python3.12/site-packages/airflow/example_dags/example_kubernetes_executor.py
[2024-07-31T19:27:48.186+0000] {logging_mixin.py:188} INFO - [2024-07-31T19:27:48.186+0000] {example_kubernetes_executor.py:39} WARNING - The example_kubernetes_executor example DAG requires the kubernetes provider. Please install it with: pip install apache-airflow[cncf.kubernetes]
[2024-07-31T19:27:48.186+0000] {processor.py:842} WARNING - No viable dags retrieved from /home/ubuntu/airflow-venv/lib/python3.12/site-packages/airflow/example_dags/example_kubernetes_executor.py
[2024-07-31T19:27:48.197+0000] {processor.py:183} INFO - Processing /home/ubuntu/airflow-venv/lib/python3.12/site-packages/airflow/example_dags/example_kubernetes_executor.py took 0.022 seconds
[2024-07-31T19:28:38.986+0000] {processor.py:161} INFO - Started process (PID=6225) to work on /home/ubuntu/airflow-venv/lib/python3.12/site-packages/airflow/example_dags/example_kubernetes_executor.py
[2024-07-31T19:28:38.988+0000] {processor.py:830} INFO - Processing file /home/ubuntu/airflow-venv/lib/python3.12/site-packages/airflow/example_dags/example_kubernetes_executor.py for tasks to queue
[2024-07-31T19:28:38.989+0000] {logging_mixin.py:188} INFO - [2024-07-31T19:28:38.988+0000] {dagbag.py:545} INFO - Filling up the DagBag from /home/ubuntu/airflow-venv/lib/python3.12/site-packages/airflow/example_dags/example_kubernetes_executor.py
[2024-07-31T19:28:38.992+0000] {logging_mixin.py:188} INFO - [2024-07-31T19:28:38.991+0000] {example_kubernetes_executor.py:39} WARNING - The example_kubernetes_executor example DAG requires the kubernetes provider. Please install it with: pip install apache-airflow[cncf.kubernetes]
[2024-07-31T19:28:38.992+0000] {processor.py:842} WARNING - No viable dags retrieved from /home/ubuntu/airflow-venv/lib/python3.12/site-packages/airflow/example_dags/example_kubernetes_executor.py
[2024-07-31T19:28:39.002+0000] {processor.py:183} INFO - Processing /home/ubuntu/airflow-venv/lib/python3.12/site-packages/airflow/example_dags/example_kubernetes_executor.py took 0.022 seconds
[2024-07-31T19:29:25.542+0000] {processor.py:161} INFO - Started process (PID=6271) to work on /home/ubuntu/airflow-venv/lib/python3.12/site-packages/airflow/example_dags/example_kubernetes_executor.py
[2024-07-31T19:29:25.543+0000] {processor.py:830} INFO - Processing file /home/ubuntu/airflow-venv/lib/python3.12/site-packages/airflow/example_dags/example_kubernetes_executor.py for tasks to queue
[2024-07-31T19:29:25.544+0000] {logging_mixin.py:188} INFO - [2024-07-31T19:29:25.543+0000] {dagbag.py:545} INFO - Filling up the DagBag from /home/ubuntu/airflow-venv/lib/python3.12/site-packages/airflow/example_dags/example_kubernetes_executor.py
[2024-07-31T19:29:25.547+0000] {logging_mixin.py:188} INFO - [2024-07-31T19:29:25.546+0000] {example_kubernetes_executor.py:39} WARNING - The example_kubernetes_executor example DAG requires the kubernetes provider. Please install it with: pip install apache-airflow[cncf.kubernetes]
[2024-07-31T19:29:25.547+0000] {processor.py:842} WARNING - No viable dags retrieved from /home/ubuntu/airflow-venv/lib/python3.12/site-packages/airflow/example_dags/example_kubernetes_executor.py
[2024-07-31T19:29:25.557+0000] {processor.py:183} INFO - Processing /home/ubuntu/airflow-venv/lib/python3.12/site-packages/airflow/example_dags/example_kubernetes_executor.py took 0.021 seconds
[2024-07-31T19:30:15.817+0000] {processor.py:161} INFO - Started process (PID=6332) to work on /home/ubuntu/airflow-venv/lib/python3.12/site-packages/airflow/example_dags/example_kubernetes_executor.py
[2024-07-31T19:30:15.818+0000] {processor.py:830} INFO - Processing file /home/ubuntu/airflow-venv/lib/python3.12/site-packages/airflow/example_dags/example_kubernetes_executor.py for tasks to queue
[2024-07-31T19:30:15.819+0000] {logging_mixin.py:188} INFO - [2024-07-31T19:30:15.819+0000] {dagbag.py:545} INFO - Filling up the DagBag from /home/ubuntu/airflow-venv/lib/python3.12/site-packages/airflow/example_dags/example_kubernetes_executor.py
[2024-07-31T19:30:15.822+0000] {logging_mixin.py:188} INFO - [2024-07-31T19:30:15.822+0000] {example_kubernetes_executor.py:39} WARNING - The example_kubernetes_executor example DAG requires the kubernetes provider. Please install it with: pip install apache-airflow[cncf.kubernetes]
[2024-07-31T19:30:15.822+0000] {processor.py:842} WARNING - No viable dags retrieved from /home/ubuntu/airflow-venv/lib/python3.12/site-packages/airflow/example_dags/example_kubernetes_executor.py
[2024-07-31T19:30:15.832+0000] {processor.py:183} INFO - Processing /home/ubuntu/airflow-venv/lib/python3.12/site-packages/airflow/example_dags/example_kubernetes_executor.py took 0.021 seconds
[2024-07-31T19:31:22.814+0000] {processor.py:161} INFO - Started process (PID=6401) to work on /home/ubuntu/airflow-venv/lib/python3.12/site-packages/airflow/example_dags/example_kubernetes_executor.py
[2024-07-31T19:31:22.815+0000] {processor.py:830} INFO - Processing file /home/ubuntu/airflow-venv/lib/python3.12/site-packages/airflow/example_dags/example_kubernetes_executor.py for tasks to queue
[2024-07-31T19:31:22.816+0000] {logging_mixin.py:188} INFO - [2024-07-31T19:31:22.815+0000] {dagbag.py:545} INFO - Filling up the DagBag from /home/ubuntu/airflow-venv/lib/python3.12/site-packages/airflow/example_dags/example_kubernetes_executor.py
[2024-07-31T19:31:22.819+0000] {logging_mixin.py:188} INFO - [2024-07-31T19:31:22.818+0000] {example_kubernetes_executor.py:39} WARNING - The example_kubernetes_executor example DAG requires the kubernetes provider. Please install it with: pip install apache-airflow[cncf.kubernetes]
[2024-07-31T19:31:22.819+0000] {processor.py:842} WARNING - No viable dags retrieved from /home/ubuntu/airflow-venv/lib/python3.12/site-packages/airflow/example_dags/example_kubernetes_executor.py
[2024-07-31T19:31:22.829+0000] {processor.py:183} INFO - Processing /home/ubuntu/airflow-venv/lib/python3.12/site-packages/airflow/example_dags/example_kubernetes_executor.py took 0.021 seconds
[2024-07-31T19:32:28.643+0000] {processor.py:161} INFO - Started process (PID=6473) to work on /home/ubuntu/airflow-venv/lib/python3.12/site-packages/airflow/example_dags/example_kubernetes_executor.py
[2024-07-31T19:32:28.645+0000] {processor.py:830} INFO - Processing file /home/ubuntu/airflow-venv/lib/python3.12/site-packages/airflow/example_dags/example_kubernetes_executor.py for tasks to queue
[2024-07-31T19:32:28.646+0000] {logging_mixin.py:188} INFO - [2024-07-31T19:32:28.645+0000] {dagbag.py:545} INFO - Filling up the DagBag from /home/ubuntu/airflow-venv/lib/python3.12/site-packages/airflow/example_dags/example_kubernetes_executor.py
[2024-07-31T19:32:28.648+0000] {logging_mixin.py:188} INFO - [2024-07-31T19:32:28.648+0000] {example_kubernetes_executor.py:39} WARNING - The example_kubernetes_executor example DAG requires the kubernetes provider. Please install it with: pip install apache-airflow[cncf.kubernetes]
[2024-07-31T19:32:28.649+0000] {processor.py:842} WARNING - No viable dags retrieved from /home/ubuntu/airflow-venv/lib/python3.12/site-packages/airflow/example_dags/example_kubernetes_executor.py
[2024-07-31T19:32:28.660+0000] {processor.py:183} INFO - Processing /home/ubuntu/airflow-venv/lib/python3.12/site-packages/airflow/example_dags/example_kubernetes_executor.py took 0.023 seconds
[2024-07-31T19:33:35.232+0000] {processor.py:161} INFO - Started process (PID=6546) to work on /home/ubuntu/airflow-venv/lib/python3.12/site-packages/airflow/example_dags/example_kubernetes_executor.py
[2024-07-31T19:33:35.234+0000] {processor.py:830} INFO - Processing file /home/ubuntu/airflow-venv/lib/python3.12/site-packages/airflow/example_dags/example_kubernetes_executor.py for tasks to queue
[2024-07-31T19:33:35.235+0000] {logging_mixin.py:188} INFO - [2024-07-31T19:33:35.234+0000] {dagbag.py:545} INFO - Filling up the DagBag from /home/ubuntu/airflow-venv/lib/python3.12/site-packages/airflow/example_dags/example_kubernetes_executor.py
[2024-07-31T19:33:35.237+0000] {logging_mixin.py:188} INFO - [2024-07-31T19:33:35.237+0000] {example_kubernetes_executor.py:39} WARNING - The example_kubernetes_executor example DAG requires the kubernetes provider. Please install it with: pip install apache-airflow[cncf.kubernetes]
[2024-07-31T19:33:35.238+0000] {processor.py:842} WARNING - No viable dags retrieved from /home/ubuntu/airflow-venv/lib/python3.12/site-packages/airflow/example_dags/example_kubernetes_executor.py
[2024-07-31T19:33:35.248+0000] {processor.py:183} INFO - Processing /home/ubuntu/airflow-venv/lib/python3.12/site-packages/airflow/example_dags/example_kubernetes_executor.py took 0.022 seconds
[2024-07-31T19:34:30.269+0000] {processor.py:161} INFO - Started process (PID=6603) to work on /home/ubuntu/airflow-venv/lib/python3.12/site-packages/airflow/example_dags/example_kubernetes_executor.py
[2024-07-31T19:34:30.270+0000] {processor.py:830} INFO - Processing file /home/ubuntu/airflow-venv/lib/python3.12/site-packages/airflow/example_dags/example_kubernetes_executor.py for tasks to queue
[2024-07-31T19:34:30.271+0000] {logging_mixin.py:188} INFO - [2024-07-31T19:34:30.271+0000] {dagbag.py:545} INFO - Filling up the DagBag from /home/ubuntu/airflow-venv/lib/python3.12/site-packages/airflow/example_dags/example_kubernetes_executor.py
[2024-07-31T19:34:30.274+0000] {logging_mixin.py:188} INFO - [2024-07-31T19:34:30.274+0000] {example_kubernetes_executor.py:39} WARNING - The example_kubernetes_executor example DAG requires the kubernetes provider. Please install it with: pip install apache-airflow[cncf.kubernetes]
[2024-07-31T19:34:30.274+0000] {processor.py:842} WARNING - No viable dags retrieved from /home/ubuntu/airflow-venv/lib/python3.12/site-packages/airflow/example_dags/example_kubernetes_executor.py
[2024-07-31T19:34:30.284+0000] {processor.py:183} INFO - Processing /home/ubuntu/airflow-venv/lib/python3.12/site-packages/airflow/example_dags/example_kubernetes_executor.py took 0.021 seconds
