[2024-07-31T18:43:04.691+0000] {processor.py:161} INFO - Started process (PID=3444) to work on /home/ubuntu/airflow-venv/lib/python3.12/site-packages/airflow/example_dags/example_trigger_target_dag.py
[2024-07-31T18:43:04.691+0000] {processor.py:830} INFO - Processing file /home/ubuntu/airflow-venv/lib/python3.12/site-packages/airflow/example_dags/example_trigger_target_dag.py for tasks to queue
[2024-07-31T18:43:04.693+0000] {logging_mixin.py:188} INFO - [2024-07-31T18:43:04.693+0000] {dagbag.py:545} INFO - Filling up the DagBag from /home/ubuntu/airflow-venv/lib/python3.12/site-packages/airflow/example_dags/example_trigger_target_dag.py
[2024-07-31T18:43:04.702+0000] {processor.py:840} INFO - DAG(s) 'example_trigger_target_dag' retrieved from /home/ubuntu/airflow-venv/lib/python3.12/site-packages/airflow/example_dags/example_trigger_target_dag.py
[2024-07-31T18:43:04.821+0000] {logging_mixin.py:188} INFO - [2024-07-31T18:43:04.820+0000] {override.py:1858} INFO - Created Permission View: can edit on DAG:example_trigger_target_dag
[2024-07-31T18:43:04.836+0000] {logging_mixin.py:188} INFO - [2024-07-31T18:43:04.835+0000] {override.py:1858} INFO - Created Permission View: can read on DAG:example_trigger_target_dag
[2024-07-31T18:43:04.845+0000] {logging_mixin.py:188} INFO - [2024-07-31T18:43:04.845+0000] {override.py:1858} INFO - Created Permission View: can delete on DAG:example_trigger_target_dag
[2024-07-31T18:43:04.846+0000] {logging_mixin.py:188} INFO - [2024-07-31T18:43:04.846+0000] {dag.py:3089} INFO - Sync 1 DAGs
[2024-07-31T18:43:04.856+0000] {logging_mixin.py:188} INFO - [2024-07-31T18:43:04.856+0000] {dag.py:3111} INFO - Creating ORM DAG for example_trigger_target_dag
[2024-07-31T18:43:04.857+0000] {logging_mixin.py:188} INFO - [2024-07-31T18:43:04.857+0000] {dag.py:3947} INFO - Setting next_dagrun for example_trigger_target_dag to None, run_after=None
[2024-07-31T18:43:04.877+0000] {processor.py:183} INFO - Processing /home/ubuntu/airflow-venv/lib/python3.12/site-packages/airflow/example_dags/example_trigger_target_dag.py took 0.192 seconds
[2024-07-31T18:44:03.504+0000] {processor.py:161} INFO - Started process (PID=3521) to work on /home/ubuntu/airflow-venv/lib/python3.12/site-packages/airflow/example_dags/example_trigger_target_dag.py
[2024-07-31T18:44:03.505+0000] {processor.py:830} INFO - Processing file /home/ubuntu/airflow-venv/lib/python3.12/site-packages/airflow/example_dags/example_trigger_target_dag.py for tasks to queue
[2024-07-31T18:44:03.507+0000] {logging_mixin.py:188} INFO - [2024-07-31T18:44:03.506+0000] {dagbag.py:545} INFO - Filling up the DagBag from /home/ubuntu/airflow-venv/lib/python3.12/site-packages/airflow/example_dags/example_trigger_target_dag.py
[2024-07-31T18:44:03.513+0000] {processor.py:840} INFO - DAG(s) 'example_trigger_target_dag' retrieved from /home/ubuntu/airflow-venv/lib/python3.12/site-packages/airflow/example_dags/example_trigger_target_dag.py
[2024-07-31T18:44:03.529+0000] {logging_mixin.py:188} INFO - [2024-07-31T18:44:03.528+0000] {dag.py:3089} INFO - Sync 1 DAGs
[2024-07-31T18:44:03.541+0000] {logging_mixin.py:188} INFO - [2024-07-31T18:44:03.541+0000] {dag.py:3947} INFO - Setting next_dagrun for example_trigger_target_dag to None, run_after=None
[2024-07-31T18:44:03.566+0000] {processor.py:183} INFO - Processing /home/ubuntu/airflow-venv/lib/python3.12/site-packages/airflow/example_dags/example_trigger_target_dag.py took 0.068 seconds
[2024-07-31T18:44:50.491+0000] {processor.py:161} INFO - Started process (PID=3575) to work on /home/ubuntu/airflow-venv/lib/python3.12/site-packages/airflow/example_dags/example_trigger_target_dag.py
[2024-07-31T18:44:50.493+0000] {processor.py:830} INFO - Processing file /home/ubuntu/airflow-venv/lib/python3.12/site-packages/airflow/example_dags/example_trigger_target_dag.py for tasks to queue
[2024-07-31T18:44:50.494+0000] {logging_mixin.py:188} INFO - [2024-07-31T18:44:50.494+0000] {dagbag.py:545} INFO - Filling up the DagBag from /home/ubuntu/airflow-venv/lib/python3.12/site-packages/airflow/example_dags/example_trigger_target_dag.py
[2024-07-31T18:44:50.501+0000] {processor.py:840} INFO - DAG(s) 'example_trigger_target_dag' retrieved from /home/ubuntu/airflow-venv/lib/python3.12/site-packages/airflow/example_dags/example_trigger_target_dag.py
[2024-07-31T18:44:50.516+0000] {logging_mixin.py:188} INFO - [2024-07-31T18:44:50.516+0000] {dag.py:3089} INFO - Sync 1 DAGs
[2024-07-31T18:44:50.528+0000] {logging_mixin.py:188} INFO - [2024-07-31T18:44:50.528+0000] {dag.py:3947} INFO - Setting next_dagrun for example_trigger_target_dag to None, run_after=None
[2024-07-31T18:44:50.552+0000] {processor.py:183} INFO - Processing /home/ubuntu/airflow-venv/lib/python3.12/site-packages/airflow/example_dags/example_trigger_target_dag.py took 0.067 seconds
[2024-07-31T18:45:32.191+0000] {processor.py:161} INFO - Started process (PID=3625) to work on /home/ubuntu/airflow-venv/lib/python3.12/site-packages/airflow/example_dags/example_trigger_target_dag.py
[2024-07-31T18:45:32.193+0000] {processor.py:830} INFO - Processing file /home/ubuntu/airflow-venv/lib/python3.12/site-packages/airflow/example_dags/example_trigger_target_dag.py for tasks to queue
[2024-07-31T18:45:32.194+0000] {logging_mixin.py:188} INFO - [2024-07-31T18:45:32.194+0000] {dagbag.py:545} INFO - Filling up the DagBag from /home/ubuntu/airflow-venv/lib/python3.12/site-packages/airflow/example_dags/example_trigger_target_dag.py
[2024-07-31T18:45:32.200+0000] {processor.py:840} INFO - DAG(s) 'example_trigger_target_dag' retrieved from /home/ubuntu/airflow-venv/lib/python3.12/site-packages/airflow/example_dags/example_trigger_target_dag.py
[2024-07-31T18:45:32.215+0000] {logging_mixin.py:188} INFO - [2024-07-31T18:45:32.215+0000] {dag.py:3089} INFO - Sync 1 DAGs
[2024-07-31T18:45:32.227+0000] {logging_mixin.py:188} INFO - [2024-07-31T18:45:32.227+0000] {dag.py:3947} INFO - Setting next_dagrun for example_trigger_target_dag to None, run_after=None
[2024-07-31T18:45:32.250+0000] {processor.py:183} INFO - Processing /home/ubuntu/airflow-venv/lib/python3.12/site-packages/airflow/example_dags/example_trigger_target_dag.py took 0.065 seconds
[2024-07-31T18:46:15.108+0000] {processor.py:161} INFO - Started process (PID=3669) to work on /home/ubuntu/airflow-venv/lib/python3.12/site-packages/airflow/example_dags/example_trigger_target_dag.py
[2024-07-31T18:46:15.109+0000] {processor.py:830} INFO - Processing file /home/ubuntu/airflow-venv/lib/python3.12/site-packages/airflow/example_dags/example_trigger_target_dag.py for tasks to queue
[2024-07-31T18:46:15.111+0000] {logging_mixin.py:188} INFO - [2024-07-31T18:46:15.111+0000] {dagbag.py:545} INFO - Filling up the DagBag from /home/ubuntu/airflow-venv/lib/python3.12/site-packages/airflow/example_dags/example_trigger_target_dag.py
[2024-07-31T18:46:15.118+0000] {processor.py:840} INFO - DAG(s) 'example_trigger_target_dag' retrieved from /home/ubuntu/airflow-venv/lib/python3.12/site-packages/airflow/example_dags/example_trigger_target_dag.py
[2024-07-31T18:46:15.134+0000] {logging_mixin.py:188} INFO - [2024-07-31T18:46:15.134+0000] {dag.py:3089} INFO - Sync 1 DAGs
[2024-07-31T18:46:15.147+0000] {logging_mixin.py:188} INFO - [2024-07-31T18:46:15.147+0000] {dag.py:3947} INFO - Setting next_dagrun for example_trigger_target_dag to None, run_after=None
[2024-07-31T18:46:15.172+0000] {processor.py:183} INFO - Processing /home/ubuntu/airflow-venv/lib/python3.12/site-packages/airflow/example_dags/example_trigger_target_dag.py took 0.071 seconds
[2024-07-31T18:47:03.866+0000] {processor.py:161} INFO - Started process (PID=3912) to work on /home/ubuntu/airflow-venv/lib/python3.12/site-packages/airflow/example_dags/example_trigger_target_dag.py
[2024-07-31T18:47:03.868+0000] {processor.py:830} INFO - Processing file /home/ubuntu/airflow-venv/lib/python3.12/site-packages/airflow/example_dags/example_trigger_target_dag.py for tasks to queue
[2024-07-31T18:47:03.870+0000] {logging_mixin.py:188} INFO - [2024-07-31T18:47:03.869+0000] {dagbag.py:545} INFO - Filling up the DagBag from /home/ubuntu/airflow-venv/lib/python3.12/site-packages/airflow/example_dags/example_trigger_target_dag.py
[2024-07-31T18:47:03.876+0000] {processor.py:840} INFO - DAG(s) 'example_trigger_target_dag' retrieved from /home/ubuntu/airflow-venv/lib/python3.12/site-packages/airflow/example_dags/example_trigger_target_dag.py
[2024-07-31T18:47:03.891+0000] {logging_mixin.py:188} INFO - [2024-07-31T18:47:03.891+0000] {dag.py:3089} INFO - Sync 1 DAGs
[2024-07-31T18:47:03.903+0000] {logging_mixin.py:188} INFO - [2024-07-31T18:47:03.903+0000] {dag.py:3947} INFO - Setting next_dagrun for example_trigger_target_dag to None, run_after=None
[2024-07-31T18:47:03.972+0000] {processor.py:183} INFO - Processing /home/ubuntu/airflow-venv/lib/python3.12/site-packages/airflow/example_dags/example_trigger_target_dag.py took 0.111 seconds
[2024-07-31T18:47:45.351+0000] {processor.py:161} INFO - Started process (PID=3957) to work on /home/ubuntu/airflow-venv/lib/python3.12/site-packages/airflow/example_dags/example_trigger_target_dag.py
[2024-07-31T18:47:45.353+0000] {processor.py:830} INFO - Processing file /home/ubuntu/airflow-venv/lib/python3.12/site-packages/airflow/example_dags/example_trigger_target_dag.py for tasks to queue
[2024-07-31T18:47:45.354+0000] {logging_mixin.py:188} INFO - [2024-07-31T18:47:45.354+0000] {dagbag.py:545} INFO - Filling up the DagBag from /home/ubuntu/airflow-venv/lib/python3.12/site-packages/airflow/example_dags/example_trigger_target_dag.py
[2024-07-31T18:47:45.360+0000] {processor.py:840} INFO - DAG(s) 'example_trigger_target_dag' retrieved from /home/ubuntu/airflow-venv/lib/python3.12/site-packages/airflow/example_dags/example_trigger_target_dag.py
[2024-07-31T18:47:45.375+0000] {logging_mixin.py:188} INFO - [2024-07-31T18:47:45.375+0000] {dag.py:3089} INFO - Sync 1 DAGs
[2024-07-31T18:47:45.387+0000] {logging_mixin.py:188} INFO - [2024-07-31T18:47:45.386+0000] {dag.py:3947} INFO - Setting next_dagrun for example_trigger_target_dag to None, run_after=None
[2024-07-31T18:47:45.410+0000] {processor.py:183} INFO - Processing /home/ubuntu/airflow-venv/lib/python3.12/site-packages/airflow/example_dags/example_trigger_target_dag.py took 0.064 seconds
[2024-07-31T18:48:21.498+0000] {processor.py:161} INFO - Started process (PID=4165) to work on /home/ubuntu/airflow-venv/lib/python3.12/site-packages/airflow/example_dags/example_trigger_target_dag.py
[2024-07-31T18:48:21.500+0000] {processor.py:830} INFO - Processing file /home/ubuntu/airflow-venv/lib/python3.12/site-packages/airflow/example_dags/example_trigger_target_dag.py for tasks to queue
[2024-07-31T18:48:21.501+0000] {logging_mixin.py:188} INFO - [2024-07-31T18:48:21.501+0000] {dagbag.py:545} INFO - Filling up the DagBag from /home/ubuntu/airflow-venv/lib/python3.12/site-packages/airflow/example_dags/example_trigger_target_dag.py
[2024-07-31T18:48:21.508+0000] {processor.py:840} INFO - DAG(s) 'example_trigger_target_dag' retrieved from /home/ubuntu/airflow-venv/lib/python3.12/site-packages/airflow/example_dags/example_trigger_target_dag.py
[2024-07-31T18:48:21.523+0000] {logging_mixin.py:188} INFO - [2024-07-31T18:48:21.523+0000] {dag.py:3089} INFO - Sync 1 DAGs
[2024-07-31T18:48:21.535+0000] {logging_mixin.py:188} INFO - [2024-07-31T18:48:21.535+0000] {dag.py:3947} INFO - Setting next_dagrun for example_trigger_target_dag to None, run_after=None
[2024-07-31T18:48:21.560+0000] {processor.py:183} INFO - Processing /home/ubuntu/airflow-venv/lib/python3.12/site-packages/airflow/example_dags/example_trigger_target_dag.py took 0.068 seconds
[2024-07-31T18:49:03.728+0000] {processor.py:161} INFO - Started process (PID=4208) to work on /home/ubuntu/airflow-venv/lib/python3.12/site-packages/airflow/example_dags/example_trigger_target_dag.py
[2024-07-31T18:49:03.729+0000] {processor.py:830} INFO - Processing file /home/ubuntu/airflow-venv/lib/python3.12/site-packages/airflow/example_dags/example_trigger_target_dag.py for tasks to queue
[2024-07-31T18:49:03.731+0000] {logging_mixin.py:188} INFO - [2024-07-31T18:49:03.731+0000] {dagbag.py:545} INFO - Filling up the DagBag from /home/ubuntu/airflow-venv/lib/python3.12/site-packages/airflow/example_dags/example_trigger_target_dag.py
[2024-07-31T18:49:03.738+0000] {processor.py:840} INFO - DAG(s) 'example_trigger_target_dag' retrieved from /home/ubuntu/airflow-venv/lib/python3.12/site-packages/airflow/example_dags/example_trigger_target_dag.py
[2024-07-31T18:49:03.753+0000] {logging_mixin.py:188} INFO - [2024-07-31T18:49:03.753+0000] {dag.py:3089} INFO - Sync 1 DAGs
[2024-07-31T18:49:03.766+0000] {logging_mixin.py:188} INFO - [2024-07-31T18:49:03.765+0000] {dag.py:3947} INFO - Setting next_dagrun for example_trigger_target_dag to None, run_after=None
[2024-07-31T18:49:03.790+0000] {processor.py:183} INFO - Processing /home/ubuntu/airflow-venv/lib/python3.12/site-packages/airflow/example_dags/example_trigger_target_dag.py took 0.068 seconds
[2024-07-31T18:49:43.653+0000] {processor.py:161} INFO - Started process (PID=4250) to work on /home/ubuntu/airflow-venv/lib/python3.12/site-packages/airflow/example_dags/example_trigger_target_dag.py
[2024-07-31T18:49:43.654+0000] {processor.py:830} INFO - Processing file /home/ubuntu/airflow-venv/lib/python3.12/site-packages/airflow/example_dags/example_trigger_target_dag.py for tasks to queue
[2024-07-31T18:49:43.656+0000] {logging_mixin.py:188} INFO - [2024-07-31T18:49:43.655+0000] {dagbag.py:545} INFO - Filling up the DagBag from /home/ubuntu/airflow-venv/lib/python3.12/site-packages/airflow/example_dags/example_trigger_target_dag.py
[2024-07-31T18:49:43.662+0000] {processor.py:840} INFO - DAG(s) 'example_trigger_target_dag' retrieved from /home/ubuntu/airflow-venv/lib/python3.12/site-packages/airflow/example_dags/example_trigger_target_dag.py
[2024-07-31T18:49:43.678+0000] {logging_mixin.py:188} INFO - [2024-07-31T18:49:43.677+0000] {dag.py:3089} INFO - Sync 1 DAGs
[2024-07-31T18:49:43.690+0000] {logging_mixin.py:188} INFO - [2024-07-31T18:49:43.689+0000] {dag.py:3947} INFO - Setting next_dagrun for example_trigger_target_dag to None, run_after=None
[2024-07-31T18:49:43.713+0000] {processor.py:183} INFO - Processing /home/ubuntu/airflow-venv/lib/python3.12/site-packages/airflow/example_dags/example_trigger_target_dag.py took 0.066 seconds
[2024-07-31T18:50:24.148+0000] {processor.py:161} INFO - Started process (PID=4296) to work on /home/ubuntu/airflow-venv/lib/python3.12/site-packages/airflow/example_dags/example_trigger_target_dag.py
[2024-07-31T18:50:24.150+0000] {processor.py:830} INFO - Processing file /home/ubuntu/airflow-venv/lib/python3.12/site-packages/airflow/example_dags/example_trigger_target_dag.py for tasks to queue
[2024-07-31T18:50:24.151+0000] {logging_mixin.py:188} INFO - [2024-07-31T18:50:24.151+0000] {dagbag.py:545} INFO - Filling up the DagBag from /home/ubuntu/airflow-venv/lib/python3.12/site-packages/airflow/example_dags/example_trigger_target_dag.py
[2024-07-31T18:50:24.158+0000] {processor.py:840} INFO - DAG(s) 'example_trigger_target_dag' retrieved from /home/ubuntu/airflow-venv/lib/python3.12/site-packages/airflow/example_dags/example_trigger_target_dag.py
[2024-07-31T18:50:24.174+0000] {logging_mixin.py:188} INFO - [2024-07-31T18:50:24.174+0000] {dag.py:3089} INFO - Sync 1 DAGs
[2024-07-31T18:50:24.187+0000] {logging_mixin.py:188} INFO - [2024-07-31T18:50:24.187+0000] {dag.py:3947} INFO - Setting next_dagrun for example_trigger_target_dag to None, run_after=None
[2024-07-31T18:50:24.212+0000] {processor.py:183} INFO - Processing /home/ubuntu/airflow-venv/lib/python3.12/site-packages/airflow/example_dags/example_trigger_target_dag.py took 0.070 seconds
[2024-07-31T18:51:04.109+0000] {processor.py:161} INFO - Started process (PID=4340) to work on /home/ubuntu/airflow-venv/lib/python3.12/site-packages/airflow/example_dags/example_trigger_target_dag.py
[2024-07-31T18:51:04.110+0000] {processor.py:830} INFO - Processing file /home/ubuntu/airflow-venv/lib/python3.12/site-packages/airflow/example_dags/example_trigger_target_dag.py for tasks to queue
[2024-07-31T18:51:04.112+0000] {logging_mixin.py:188} INFO - [2024-07-31T18:51:04.112+0000] {dagbag.py:545} INFO - Filling up the DagBag from /home/ubuntu/airflow-venv/lib/python3.12/site-packages/airflow/example_dags/example_trigger_target_dag.py
[2024-07-31T18:51:04.119+0000] {processor.py:840} INFO - DAG(s) 'example_trigger_target_dag' retrieved from /home/ubuntu/airflow-venv/lib/python3.12/site-packages/airflow/example_dags/example_trigger_target_dag.py
[2024-07-31T18:51:04.134+0000] {logging_mixin.py:188} INFO - [2024-07-31T18:51:04.134+0000] {dag.py:3089} INFO - Sync 1 DAGs
[2024-07-31T18:51:04.146+0000] {logging_mixin.py:188} INFO - [2024-07-31T18:51:04.146+0000] {dag.py:3947} INFO - Setting next_dagrun for example_trigger_target_dag to None, run_after=None
[2024-07-31T18:51:04.170+0000] {processor.py:183} INFO - Processing /home/ubuntu/airflow-venv/lib/python3.12/site-packages/airflow/example_dags/example_trigger_target_dag.py took 0.067 seconds
[2024-07-31T18:51:41.574+0000] {processor.py:161} INFO - Started process (PID=4380) to work on /home/ubuntu/airflow-venv/lib/python3.12/site-packages/airflow/example_dags/example_trigger_target_dag.py
[2024-07-31T18:51:41.576+0000] {processor.py:830} INFO - Processing file /home/ubuntu/airflow-venv/lib/python3.12/site-packages/airflow/example_dags/example_trigger_target_dag.py for tasks to queue
[2024-07-31T18:51:41.578+0000] {logging_mixin.py:188} INFO - [2024-07-31T18:51:41.577+0000] {dagbag.py:545} INFO - Filling up the DagBag from /home/ubuntu/airflow-venv/lib/python3.12/site-packages/airflow/example_dags/example_trigger_target_dag.py
[2024-07-31T18:51:41.584+0000] {processor.py:840} INFO - DAG(s) 'example_trigger_target_dag' retrieved from /home/ubuntu/airflow-venv/lib/python3.12/site-packages/airflow/example_dags/example_trigger_target_dag.py
[2024-07-31T18:51:41.600+0000] {logging_mixin.py:188} INFO - [2024-07-31T18:51:41.600+0000] {dag.py:3089} INFO - Sync 1 DAGs
[2024-07-31T18:51:41.612+0000] {logging_mixin.py:188} INFO - [2024-07-31T18:51:41.612+0000] {dag.py:3947} INFO - Setting next_dagrun for example_trigger_target_dag to None, run_after=None
[2024-07-31T18:51:41.658+0000] {processor.py:183} INFO - Processing /home/ubuntu/airflow-venv/lib/python3.12/site-packages/airflow/example_dags/example_trigger_target_dag.py took 0.090 seconds
[2024-07-31T18:52:19.551+0000] {processor.py:161} INFO - Started process (PID=4421) to work on /home/ubuntu/airflow-venv/lib/python3.12/site-packages/airflow/example_dags/example_trigger_target_dag.py
[2024-07-31T18:52:19.552+0000] {processor.py:830} INFO - Processing file /home/ubuntu/airflow-venv/lib/python3.12/site-packages/airflow/example_dags/example_trigger_target_dag.py for tasks to queue
[2024-07-31T18:52:19.554+0000] {logging_mixin.py:188} INFO - [2024-07-31T18:52:19.554+0000] {dagbag.py:545} INFO - Filling up the DagBag from /home/ubuntu/airflow-venv/lib/python3.12/site-packages/airflow/example_dags/example_trigger_target_dag.py
[2024-07-31T18:52:19.560+0000] {processor.py:840} INFO - DAG(s) 'example_trigger_target_dag' retrieved from /home/ubuntu/airflow-venv/lib/python3.12/site-packages/airflow/example_dags/example_trigger_target_dag.py
[2024-07-31T18:52:19.575+0000] {logging_mixin.py:188} INFO - [2024-07-31T18:52:19.575+0000] {dag.py:3089} INFO - Sync 1 DAGs
[2024-07-31T18:52:19.587+0000] {logging_mixin.py:188} INFO - [2024-07-31T18:52:19.587+0000] {dag.py:3947} INFO - Setting next_dagrun for example_trigger_target_dag to None, run_after=None
[2024-07-31T18:52:19.613+0000] {processor.py:183} INFO - Processing /home/ubuntu/airflow-venv/lib/python3.12/site-packages/airflow/example_dags/example_trigger_target_dag.py took 0.067 seconds
[2024-07-31T18:52:59.978+0000] {processor.py:161} INFO - Started process (PID=4465) to work on /home/ubuntu/airflow-venv/lib/python3.12/site-packages/airflow/example_dags/example_trigger_target_dag.py
[2024-07-31T18:52:59.979+0000] {processor.py:830} INFO - Processing file /home/ubuntu/airflow-venv/lib/python3.12/site-packages/airflow/example_dags/example_trigger_target_dag.py for tasks to queue
[2024-07-31T18:52:59.980+0000] {logging_mixin.py:188} INFO - [2024-07-31T18:52:59.980+0000] {dagbag.py:545} INFO - Filling up the DagBag from /home/ubuntu/airflow-venv/lib/python3.12/site-packages/airflow/example_dags/example_trigger_target_dag.py
[2024-07-31T18:52:59.986+0000] {processor.py:840} INFO - DAG(s) 'example_trigger_target_dag' retrieved from /home/ubuntu/airflow-venv/lib/python3.12/site-packages/airflow/example_dags/example_trigger_target_dag.py
[2024-07-31T18:53:00.002+0000] {logging_mixin.py:188} INFO - [2024-07-31T18:53:00.002+0000] {dag.py:3089} INFO - Sync 1 DAGs
[2024-07-31T18:53:00.015+0000] {logging_mixin.py:188} INFO - [2024-07-31T18:53:00.015+0000] {dag.py:3947} INFO - Setting next_dagrun for example_trigger_target_dag to None, run_after=None
[2024-07-31T18:53:00.041+0000] {processor.py:183} INFO - Processing /home/ubuntu/airflow-venv/lib/python3.12/site-packages/airflow/example_dags/example_trigger_target_dag.py took 0.069 seconds
[2024-07-31T18:53:42.770+0000] {processor.py:161} INFO - Started process (PID=4511) to work on /home/ubuntu/airflow-venv/lib/python3.12/site-packages/airflow/example_dags/example_trigger_target_dag.py
[2024-07-31T18:53:42.772+0000] {processor.py:830} INFO - Processing file /home/ubuntu/airflow-venv/lib/python3.12/site-packages/airflow/example_dags/example_trigger_target_dag.py for tasks to queue
[2024-07-31T18:53:42.773+0000] {logging_mixin.py:188} INFO - [2024-07-31T18:53:42.772+0000] {dagbag.py:545} INFO - Filling up the DagBag from /home/ubuntu/airflow-venv/lib/python3.12/site-packages/airflow/example_dags/example_trigger_target_dag.py
[2024-07-31T18:53:42.779+0000] {processor.py:840} INFO - DAG(s) 'example_trigger_target_dag' retrieved from /home/ubuntu/airflow-venv/lib/python3.12/site-packages/airflow/example_dags/example_trigger_target_dag.py
[2024-07-31T18:53:42.795+0000] {logging_mixin.py:188} INFO - [2024-07-31T18:53:42.795+0000] {dag.py:3089} INFO - Sync 1 DAGs
[2024-07-31T18:53:42.807+0000] {logging_mixin.py:188} INFO - [2024-07-31T18:53:42.807+0000] {dag.py:3947} INFO - Setting next_dagrun for example_trigger_target_dag to None, run_after=None
[2024-07-31T18:53:42.832+0000] {processor.py:183} INFO - Processing /home/ubuntu/airflow-venv/lib/python3.12/site-packages/airflow/example_dags/example_trigger_target_dag.py took 0.067 seconds
[2024-07-31T18:54:21.515+0000] {processor.py:161} INFO - Started process (PID=4556) to work on /home/ubuntu/airflow-venv/lib/python3.12/site-packages/airflow/example_dags/example_trigger_target_dag.py
[2024-07-31T18:54:21.516+0000] {processor.py:830} INFO - Processing file /home/ubuntu/airflow-venv/lib/python3.12/site-packages/airflow/example_dags/example_trigger_target_dag.py for tasks to queue
[2024-07-31T18:54:21.517+0000] {logging_mixin.py:188} INFO - [2024-07-31T18:54:21.517+0000] {dagbag.py:545} INFO - Filling up the DagBag from /home/ubuntu/airflow-venv/lib/python3.12/site-packages/airflow/example_dags/example_trigger_target_dag.py
[2024-07-31T18:54:21.524+0000] {processor.py:840} INFO - DAG(s) 'example_trigger_target_dag' retrieved from /home/ubuntu/airflow-venv/lib/python3.12/site-packages/airflow/example_dags/example_trigger_target_dag.py
[2024-07-31T18:54:21.540+0000] {logging_mixin.py:188} INFO - [2024-07-31T18:54:21.539+0000] {dag.py:3089} INFO - Sync 1 DAGs
[2024-07-31T18:54:21.552+0000] {logging_mixin.py:188} INFO - [2024-07-31T18:54:21.552+0000] {dag.py:3947} INFO - Setting next_dagrun for example_trigger_target_dag to None, run_after=None
[2024-07-31T18:54:21.576+0000] {processor.py:183} INFO - Processing /home/ubuntu/airflow-venv/lib/python3.12/site-packages/airflow/example_dags/example_trigger_target_dag.py took 0.067 seconds
[2024-07-31T18:55:01.606+0000] {processor.py:161} INFO - Started process (PID=4600) to work on /home/ubuntu/airflow-venv/lib/python3.12/site-packages/airflow/example_dags/example_trigger_target_dag.py
[2024-07-31T18:55:01.608+0000] {processor.py:830} INFO - Processing file /home/ubuntu/airflow-venv/lib/python3.12/site-packages/airflow/example_dags/example_trigger_target_dag.py for tasks to queue
[2024-07-31T18:55:01.609+0000] {logging_mixin.py:188} INFO - [2024-07-31T18:55:01.608+0000] {dagbag.py:545} INFO - Filling up the DagBag from /home/ubuntu/airflow-venv/lib/python3.12/site-packages/airflow/example_dags/example_trigger_target_dag.py
[2024-07-31T18:55:01.615+0000] {processor.py:840} INFO - DAG(s) 'example_trigger_target_dag' retrieved from /home/ubuntu/airflow-venv/lib/python3.12/site-packages/airflow/example_dags/example_trigger_target_dag.py
[2024-07-31T18:55:01.631+0000] {logging_mixin.py:188} INFO - [2024-07-31T18:55:01.631+0000] {dag.py:3089} INFO - Sync 1 DAGs
[2024-07-31T18:55:01.644+0000] {logging_mixin.py:188} INFO - [2024-07-31T18:55:01.644+0000] {dag.py:3947} INFO - Setting next_dagrun for example_trigger_target_dag to None, run_after=None
[2024-07-31T18:55:01.667+0000] {processor.py:183} INFO - Processing /home/ubuntu/airflow-venv/lib/python3.12/site-packages/airflow/example_dags/example_trigger_target_dag.py took 0.066 seconds
[2024-07-31T18:55:43.757+0000] {processor.py:161} INFO - Started process (PID=4647) to work on /home/ubuntu/airflow-venv/lib/python3.12/site-packages/airflow/example_dags/example_trigger_target_dag.py
[2024-07-31T18:55:43.765+0000] {processor.py:830} INFO - Processing file /home/ubuntu/airflow-venv/lib/python3.12/site-packages/airflow/example_dags/example_trigger_target_dag.py for tasks to queue
[2024-07-31T18:55:43.766+0000] {logging_mixin.py:188} INFO - [2024-07-31T18:55:43.766+0000] {dagbag.py:545} INFO - Filling up the DagBag from /home/ubuntu/airflow-venv/lib/python3.12/site-packages/airflow/example_dags/example_trigger_target_dag.py
[2024-07-31T18:55:43.773+0000] {processor.py:840} INFO - DAG(s) 'example_trigger_target_dag' retrieved from /home/ubuntu/airflow-venv/lib/python3.12/site-packages/airflow/example_dags/example_trigger_target_dag.py
[2024-07-31T18:55:43.789+0000] {logging_mixin.py:188} INFO - [2024-07-31T18:55:43.789+0000] {dag.py:3089} INFO - Sync 1 DAGs
[2024-07-31T18:55:43.801+0000] {logging_mixin.py:188} INFO - [2024-07-31T18:55:43.801+0000] {dag.py:3947} INFO - Setting next_dagrun for example_trigger_target_dag to None, run_after=None
[2024-07-31T18:55:43.824+0000] {processor.py:183} INFO - Processing /home/ubuntu/airflow-venv/lib/python3.12/site-packages/airflow/example_dags/example_trigger_target_dag.py took 0.072 seconds
[2024-07-31T18:56:29.789+0000] {processor.py:161} INFO - Started process (PID=4739) to work on /home/ubuntu/airflow-venv/lib/python3.12/site-packages/airflow/example_dags/example_trigger_target_dag.py
[2024-07-31T18:56:29.791+0000] {processor.py:830} INFO - Processing file /home/ubuntu/airflow-venv/lib/python3.12/site-packages/airflow/example_dags/example_trigger_target_dag.py for tasks to queue
[2024-07-31T18:56:29.792+0000] {logging_mixin.py:188} INFO - [2024-07-31T18:56:29.791+0000] {dagbag.py:545} INFO - Filling up the DagBag from /home/ubuntu/airflow-venv/lib/python3.12/site-packages/airflow/example_dags/example_trigger_target_dag.py
[2024-07-31T18:56:29.800+0000] {processor.py:840} INFO - DAG(s) 'example_trigger_target_dag' retrieved from /home/ubuntu/airflow-venv/lib/python3.12/site-packages/airflow/example_dags/example_trigger_target_dag.py
[2024-07-31T18:56:29.816+0000] {logging_mixin.py:188} INFO - [2024-07-31T18:56:29.816+0000] {dag.py:3089} INFO - Sync 1 DAGs
[2024-07-31T18:56:29.829+0000] {logging_mixin.py:188} INFO - [2024-07-31T18:56:29.828+0000] {dag.py:3947} INFO - Setting next_dagrun for example_trigger_target_dag to None, run_after=None
[2024-07-31T18:56:29.854+0000] {processor.py:183} INFO - Processing /home/ubuntu/airflow-venv/lib/python3.12/site-packages/airflow/example_dags/example_trigger_target_dag.py took 0.071 seconds
[2024-07-31T18:57:16.262+0000] {processor.py:161} INFO - Started process (PID=5055) to work on /home/ubuntu/airflow-venv/lib/python3.12/site-packages/airflow/example_dags/example_trigger_target_dag.py
[2024-07-31T18:57:16.264+0000] {processor.py:830} INFO - Processing file /home/ubuntu/airflow-venv/lib/python3.12/site-packages/airflow/example_dags/example_trigger_target_dag.py for tasks to queue
[2024-07-31T18:57:16.265+0000] {logging_mixin.py:188} INFO - [2024-07-31T18:57:16.264+0000] {dagbag.py:545} INFO - Filling up the DagBag from /home/ubuntu/airflow-venv/lib/python3.12/site-packages/airflow/example_dags/example_trigger_target_dag.py
[2024-07-31T18:57:16.271+0000] {processor.py:840} INFO - DAG(s) 'example_trigger_target_dag' retrieved from /home/ubuntu/airflow-venv/lib/python3.12/site-packages/airflow/example_dags/example_trigger_target_dag.py
[2024-07-31T18:57:16.288+0000] {logging_mixin.py:188} INFO - [2024-07-31T18:57:16.288+0000] {dag.py:3089} INFO - Sync 1 DAGs
[2024-07-31T18:57:16.300+0000] {logging_mixin.py:188} INFO - [2024-07-31T18:57:16.300+0000] {dag.py:3947} INFO - Setting next_dagrun for example_trigger_target_dag to None, run_after=None
[2024-07-31T18:57:16.325+0000] {processor.py:183} INFO - Processing /home/ubuntu/airflow-venv/lib/python3.12/site-packages/airflow/example_dags/example_trigger_target_dag.py took 0.069 seconds
[2024-07-31T18:58:01.661+0000] {processor.py:161} INFO - Started process (PID=5102) to work on /home/ubuntu/airflow-venv/lib/python3.12/site-packages/airflow/example_dags/example_trigger_target_dag.py
[2024-07-31T18:58:01.662+0000] {processor.py:830} INFO - Processing file /home/ubuntu/airflow-venv/lib/python3.12/site-packages/airflow/example_dags/example_trigger_target_dag.py for tasks to queue
[2024-07-31T18:58:01.663+0000] {logging_mixin.py:188} INFO - [2024-07-31T18:58:01.663+0000] {dagbag.py:545} INFO - Filling up the DagBag from /home/ubuntu/airflow-venv/lib/python3.12/site-packages/airflow/example_dags/example_trigger_target_dag.py
[2024-07-31T18:58:01.671+0000] {processor.py:840} INFO - DAG(s) 'example_trigger_target_dag' retrieved from /home/ubuntu/airflow-venv/lib/python3.12/site-packages/airflow/example_dags/example_trigger_target_dag.py
[2024-07-31T18:58:01.687+0000] {logging_mixin.py:188} INFO - [2024-07-31T18:58:01.687+0000] {dag.py:3089} INFO - Sync 1 DAGs
[2024-07-31T18:58:01.699+0000] {logging_mixin.py:188} INFO - [2024-07-31T18:58:01.699+0000] {dag.py:3947} INFO - Setting next_dagrun for example_trigger_target_dag to None, run_after=None
[2024-07-31T18:58:01.725+0000] {processor.py:183} INFO - Processing /home/ubuntu/airflow-venv/lib/python3.12/site-packages/airflow/example_dags/example_trigger_target_dag.py took 0.070 seconds
[2024-07-31T18:58:47.082+0000] {processor.py:161} INFO - Started process (PID=5152) to work on /home/ubuntu/airflow-venv/lib/python3.12/site-packages/airflow/example_dags/example_trigger_target_dag.py
[2024-07-31T18:58:47.083+0000] {processor.py:830} INFO - Processing file /home/ubuntu/airflow-venv/lib/python3.12/site-packages/airflow/example_dags/example_trigger_target_dag.py for tasks to queue
[2024-07-31T18:58:47.084+0000] {logging_mixin.py:188} INFO - [2024-07-31T18:58:47.084+0000] {dagbag.py:545} INFO - Filling up the DagBag from /home/ubuntu/airflow-venv/lib/python3.12/site-packages/airflow/example_dags/example_trigger_target_dag.py
[2024-07-31T18:58:47.091+0000] {processor.py:840} INFO - DAG(s) 'example_trigger_target_dag' retrieved from /home/ubuntu/airflow-venv/lib/python3.12/site-packages/airflow/example_dags/example_trigger_target_dag.py
[2024-07-31T18:58:47.107+0000] {logging_mixin.py:188} INFO - [2024-07-31T18:58:47.107+0000] {dag.py:3089} INFO - Sync 1 DAGs
[2024-07-31T18:58:47.120+0000] {logging_mixin.py:188} INFO - [2024-07-31T18:58:47.119+0000] {dag.py:3947} INFO - Setting next_dagrun for example_trigger_target_dag to None, run_after=None
[2024-07-31T18:58:47.144+0000] {processor.py:183} INFO - Processing /home/ubuntu/airflow-venv/lib/python3.12/site-packages/airflow/example_dags/example_trigger_target_dag.py took 0.068 seconds
[2024-07-31T18:59:29.345+0000] {processor.py:161} INFO - Started process (PID=5197) to work on /home/ubuntu/airflow-venv/lib/python3.12/site-packages/airflow/example_dags/example_trigger_target_dag.py
[2024-07-31T18:59:29.346+0000] {processor.py:830} INFO - Processing file /home/ubuntu/airflow-venv/lib/python3.12/site-packages/airflow/example_dags/example_trigger_target_dag.py for tasks to queue
[2024-07-31T18:59:29.347+0000] {logging_mixin.py:188} INFO - [2024-07-31T18:59:29.347+0000] {dagbag.py:545} INFO - Filling up the DagBag from /home/ubuntu/airflow-venv/lib/python3.12/site-packages/airflow/example_dags/example_trigger_target_dag.py
[2024-07-31T18:59:29.354+0000] {processor.py:840} INFO - DAG(s) 'example_trigger_target_dag' retrieved from /home/ubuntu/airflow-venv/lib/python3.12/site-packages/airflow/example_dags/example_trigger_target_dag.py
[2024-07-31T18:59:29.369+0000] {logging_mixin.py:188} INFO - [2024-07-31T18:59:29.369+0000] {dag.py:3089} INFO - Sync 1 DAGs
[2024-07-31T18:59:29.381+0000] {logging_mixin.py:188} INFO - [2024-07-31T18:59:29.381+0000] {dag.py:3947} INFO - Setting next_dagrun for example_trigger_target_dag to None, run_after=None
[2024-07-31T18:59:29.405+0000] {processor.py:183} INFO - Processing /home/ubuntu/airflow-venv/lib/python3.12/site-packages/airflow/example_dags/example_trigger_target_dag.py took 0.066 seconds
[2024-07-31T19:00:11.841+0000] {processor.py:161} INFO - Started process (PID=5245) to work on /home/ubuntu/airflow-venv/lib/python3.12/site-packages/airflow/example_dags/example_trigger_target_dag.py
[2024-07-31T19:00:11.843+0000] {processor.py:830} INFO - Processing file /home/ubuntu/airflow-venv/lib/python3.12/site-packages/airflow/example_dags/example_trigger_target_dag.py for tasks to queue
[2024-07-31T19:00:11.843+0000] {logging_mixin.py:188} INFO - [2024-07-31T19:00:11.843+0000] {dagbag.py:545} INFO - Filling up the DagBag from /home/ubuntu/airflow-venv/lib/python3.12/site-packages/airflow/example_dags/example_trigger_target_dag.py
[2024-07-31T19:00:11.850+0000] {processor.py:840} INFO - DAG(s) 'example_trigger_target_dag' retrieved from /home/ubuntu/airflow-venv/lib/python3.12/site-packages/airflow/example_dags/example_trigger_target_dag.py
[2024-07-31T19:00:11.866+0000] {logging_mixin.py:188} INFO - [2024-07-31T19:00:11.866+0000] {dag.py:3089} INFO - Sync 1 DAGs
[2024-07-31T19:00:11.879+0000] {logging_mixin.py:188} INFO - [2024-07-31T19:00:11.879+0000] {dag.py:3947} INFO - Setting next_dagrun for example_trigger_target_dag to None, run_after=None
[2024-07-31T19:00:11.903+0000] {processor.py:183} INFO - Processing /home/ubuntu/airflow-venv/lib/python3.12/site-packages/airflow/example_dags/example_trigger_target_dag.py took 0.068 seconds
[2024-07-31T19:00:57.119+0000] {processor.py:161} INFO - Started process (PID=5292) to work on /home/ubuntu/airflow-venv/lib/python3.12/site-packages/airflow/example_dags/example_trigger_target_dag.py
[2024-07-31T19:00:57.120+0000] {processor.py:830} INFO - Processing file /home/ubuntu/airflow-venv/lib/python3.12/site-packages/airflow/example_dags/example_trigger_target_dag.py for tasks to queue
[2024-07-31T19:00:57.121+0000] {logging_mixin.py:188} INFO - [2024-07-31T19:00:57.121+0000] {dagbag.py:545} INFO - Filling up the DagBag from /home/ubuntu/airflow-venv/lib/python3.12/site-packages/airflow/example_dags/example_trigger_target_dag.py
[2024-07-31T19:00:57.127+0000] {processor.py:840} INFO - DAG(s) 'example_trigger_target_dag' retrieved from /home/ubuntu/airflow-venv/lib/python3.12/site-packages/airflow/example_dags/example_trigger_target_dag.py
[2024-07-31T19:00:57.143+0000] {logging_mixin.py:188} INFO - [2024-07-31T19:00:57.142+0000] {dag.py:3089} INFO - Sync 1 DAGs
[2024-07-31T19:00:57.154+0000] {logging_mixin.py:188} INFO - [2024-07-31T19:00:57.154+0000] {dag.py:3947} INFO - Setting next_dagrun for example_trigger_target_dag to None, run_after=None
[2024-07-31T19:00:57.177+0000] {processor.py:183} INFO - Processing /home/ubuntu/airflow-venv/lib/python3.12/site-packages/airflow/example_dags/example_trigger_target_dag.py took 0.064 seconds
[2024-07-31T19:01:40.680+0000] {processor.py:161} INFO - Started process (PID=5336) to work on /home/ubuntu/airflow-venv/lib/python3.12/site-packages/airflow/example_dags/example_trigger_target_dag.py
[2024-07-31T19:01:40.681+0000] {processor.py:830} INFO - Processing file /home/ubuntu/airflow-venv/lib/python3.12/site-packages/airflow/example_dags/example_trigger_target_dag.py for tasks to queue
[2024-07-31T19:01:40.682+0000] {logging_mixin.py:188} INFO - [2024-07-31T19:01:40.682+0000] {dagbag.py:545} INFO - Filling up the DagBag from /home/ubuntu/airflow-venv/lib/python3.12/site-packages/airflow/example_dags/example_trigger_target_dag.py
[2024-07-31T19:01:40.689+0000] {processor.py:840} INFO - DAG(s) 'example_trigger_target_dag' retrieved from /home/ubuntu/airflow-venv/lib/python3.12/site-packages/airflow/example_dags/example_trigger_target_dag.py
[2024-07-31T19:01:40.705+0000] {logging_mixin.py:188} INFO - [2024-07-31T19:01:40.705+0000] {dag.py:3089} INFO - Sync 1 DAGs
[2024-07-31T19:01:40.717+0000] {logging_mixin.py:188} INFO - [2024-07-31T19:01:40.717+0000] {dag.py:3947} INFO - Setting next_dagrun for example_trigger_target_dag to None, run_after=None
[2024-07-31T19:01:40.742+0000] {processor.py:183} INFO - Processing /home/ubuntu/airflow-venv/lib/python3.12/site-packages/airflow/example_dags/example_trigger_target_dag.py took 0.068 seconds
[2024-07-31T19:02:26.904+0000] {processor.py:161} INFO - Started process (PID=5383) to work on /home/ubuntu/airflow-venv/lib/python3.12/site-packages/airflow/example_dags/example_trigger_target_dag.py
[2024-07-31T19:02:26.905+0000] {processor.py:830} INFO - Processing file /home/ubuntu/airflow-venv/lib/python3.12/site-packages/airflow/example_dags/example_trigger_target_dag.py for tasks to queue
[2024-07-31T19:02:26.906+0000] {logging_mixin.py:188} INFO - [2024-07-31T19:02:26.906+0000] {dagbag.py:545} INFO - Filling up the DagBag from /home/ubuntu/airflow-venv/lib/python3.12/site-packages/airflow/example_dags/example_trigger_target_dag.py
[2024-07-31T19:02:26.913+0000] {processor.py:840} INFO - DAG(s) 'example_trigger_target_dag' retrieved from /home/ubuntu/airflow-venv/lib/python3.12/site-packages/airflow/example_dags/example_trigger_target_dag.py
[2024-07-31T19:02:26.928+0000] {logging_mixin.py:188} INFO - [2024-07-31T19:02:26.928+0000] {dag.py:3089} INFO - Sync 1 DAGs
[2024-07-31T19:02:26.940+0000] {logging_mixin.py:188} INFO - [2024-07-31T19:02:26.940+0000] {dag.py:3947} INFO - Setting next_dagrun for example_trigger_target_dag to None, run_after=None
[2024-07-31T19:02:26.969+0000] {processor.py:183} INFO - Processing /home/ubuntu/airflow-venv/lib/python3.12/site-packages/airflow/example_dags/example_trigger_target_dag.py took 0.070 seconds
[2024-07-31T19:03:11.184+0000] {processor.py:161} INFO - Started process (PID=5430) to work on /home/ubuntu/airflow-venv/lib/python3.12/site-packages/airflow/example_dags/example_trigger_target_dag.py
[2024-07-31T19:03:11.185+0000] {processor.py:830} INFO - Processing file /home/ubuntu/airflow-venv/lib/python3.12/site-packages/airflow/example_dags/example_trigger_target_dag.py for tasks to queue
[2024-07-31T19:03:11.186+0000] {logging_mixin.py:188} INFO - [2024-07-31T19:03:11.186+0000] {dagbag.py:545} INFO - Filling up the DagBag from /home/ubuntu/airflow-venv/lib/python3.12/site-packages/airflow/example_dags/example_trigger_target_dag.py
[2024-07-31T19:03:11.192+0000] {processor.py:840} INFO - DAG(s) 'example_trigger_target_dag' retrieved from /home/ubuntu/airflow-venv/lib/python3.12/site-packages/airflow/example_dags/example_trigger_target_dag.py
[2024-07-31T19:03:11.208+0000] {logging_mixin.py:188} INFO - [2024-07-31T19:03:11.208+0000] {dag.py:3089} INFO - Sync 1 DAGs
[2024-07-31T19:03:11.220+0000] {logging_mixin.py:188} INFO - [2024-07-31T19:03:11.219+0000] {dag.py:3947} INFO - Setting next_dagrun for example_trigger_target_dag to None, run_after=None
[2024-07-31T19:03:11.243+0000] {processor.py:183} INFO - Processing /home/ubuntu/airflow-venv/lib/python3.12/site-packages/airflow/example_dags/example_trigger_target_dag.py took 0.065 seconds
[2024-07-31T19:03:57.468+0000] {processor.py:161} INFO - Started process (PID=5477) to work on /home/ubuntu/airflow-venv/lib/python3.12/site-packages/airflow/example_dags/example_trigger_target_dag.py
[2024-07-31T19:03:57.469+0000] {processor.py:830} INFO - Processing file /home/ubuntu/airflow-venv/lib/python3.12/site-packages/airflow/example_dags/example_trigger_target_dag.py for tasks to queue
[2024-07-31T19:03:57.470+0000] {logging_mixin.py:188} INFO - [2024-07-31T19:03:57.470+0000] {dagbag.py:545} INFO - Filling up the DagBag from /home/ubuntu/airflow-venv/lib/python3.12/site-packages/airflow/example_dags/example_trigger_target_dag.py
[2024-07-31T19:03:57.476+0000] {processor.py:840} INFO - DAG(s) 'example_trigger_target_dag' retrieved from /home/ubuntu/airflow-venv/lib/python3.12/site-packages/airflow/example_dags/example_trigger_target_dag.py
[2024-07-31T19:03:57.492+0000] {logging_mixin.py:188} INFO - [2024-07-31T19:03:57.492+0000] {dag.py:3089} INFO - Sync 1 DAGs
[2024-07-31T19:03:57.504+0000] {logging_mixin.py:188} INFO - [2024-07-31T19:03:57.504+0000] {dag.py:3947} INFO - Setting next_dagrun for example_trigger_target_dag to None, run_after=None
[2024-07-31T19:03:57.641+0000] {processor.py:183} INFO - Processing /home/ubuntu/airflow-venv/lib/python3.12/site-packages/airflow/example_dags/example_trigger_target_dag.py took 0.179 seconds
[2024-07-31T19:18:44.845+0000] {processor.py:161} INFO - Started process (PID=5605) to work on /home/ubuntu/airflow-venv/lib/python3.12/site-packages/airflow/example_dags/example_trigger_target_dag.py
[2024-07-31T19:18:44.847+0000] {processor.py:830} INFO - Processing file /home/ubuntu/airflow-venv/lib/python3.12/site-packages/airflow/example_dags/example_trigger_target_dag.py for tasks to queue
[2024-07-31T19:18:44.849+0000] {logging_mixin.py:188} INFO - [2024-07-31T19:18:44.849+0000] {dagbag.py:545} INFO - Filling up the DagBag from /home/ubuntu/airflow-venv/lib/python3.12/site-packages/airflow/example_dags/example_trigger_target_dag.py
[2024-07-31T19:18:44.858+0000] {processor.py:840} INFO - DAG(s) 'example_trigger_target_dag' retrieved from /home/ubuntu/airflow-venv/lib/python3.12/site-packages/airflow/example_dags/example_trigger_target_dag.py
[2024-07-31T19:18:44.866+0000] {logging_mixin.py:188} INFO - [2024-07-31T19:18:44.865+0000] {dag.py:3089} INFO - Sync 1 DAGs
[2024-07-31T19:18:44.880+0000] {logging_mixin.py:188} INFO - [2024-07-31T19:18:44.880+0000] {dag.py:3947} INFO - Setting next_dagrun for example_trigger_target_dag to None, run_after=None
[2024-07-31T19:18:44.904+0000] {processor.py:183} INFO - Processing /home/ubuntu/airflow-venv/lib/python3.12/site-packages/airflow/example_dags/example_trigger_target_dag.py took 0.064 seconds
[2024-07-31T19:19:49.102+0000] {processor.py:161} INFO - Started process (PID=5664) to work on /home/ubuntu/airflow-venv/lib/python3.12/site-packages/airflow/example_dags/example_trigger_target_dag.py
[2024-07-31T19:19:49.103+0000] {processor.py:830} INFO - Processing file /home/ubuntu/airflow-venv/lib/python3.12/site-packages/airflow/example_dags/example_trigger_target_dag.py for tasks to queue
[2024-07-31T19:19:49.105+0000] {logging_mixin.py:188} INFO - [2024-07-31T19:19:49.104+0000] {dagbag.py:545} INFO - Filling up the DagBag from /home/ubuntu/airflow-venv/lib/python3.12/site-packages/airflow/example_dags/example_trigger_target_dag.py
[2024-07-31T19:19:49.111+0000] {processor.py:840} INFO - DAG(s) 'example_trigger_target_dag' retrieved from /home/ubuntu/airflow-venv/lib/python3.12/site-packages/airflow/example_dags/example_trigger_target_dag.py
[2024-07-31T19:19:49.212+0000] {logging_mixin.py:188} INFO - [2024-07-31T19:19:49.212+0000] {dag.py:3089} INFO - Sync 1 DAGs
[2024-07-31T19:19:49.222+0000] {logging_mixin.py:188} INFO - [2024-07-31T19:19:49.222+0000] {dag.py:3947} INFO - Setting next_dagrun for example_trigger_target_dag to None, run_after=None
[2024-07-31T19:19:49.244+0000] {processor.py:183} INFO - Processing /home/ubuntu/airflow-venv/lib/python3.12/site-packages/airflow/example_dags/example_trigger_target_dag.py took 0.148 seconds
[2024-07-31T19:20:43.843+0000] {processor.py:161} INFO - Started process (PID=5721) to work on /home/ubuntu/airflow-venv/lib/python3.12/site-packages/airflow/example_dags/example_trigger_target_dag.py
[2024-07-31T19:20:43.844+0000] {processor.py:830} INFO - Processing file /home/ubuntu/airflow-venv/lib/python3.12/site-packages/airflow/example_dags/example_trigger_target_dag.py for tasks to queue
[2024-07-31T19:20:43.846+0000] {logging_mixin.py:188} INFO - [2024-07-31T19:20:43.845+0000] {dagbag.py:545} INFO - Filling up the DagBag from /home/ubuntu/airflow-venv/lib/python3.12/site-packages/airflow/example_dags/example_trigger_target_dag.py
[2024-07-31T19:20:43.852+0000] {processor.py:840} INFO - DAG(s) 'example_trigger_target_dag' retrieved from /home/ubuntu/airflow-venv/lib/python3.12/site-packages/airflow/example_dags/example_trigger_target_dag.py
[2024-07-31T19:20:43.869+0000] {logging_mixin.py:188} INFO - [2024-07-31T19:20:43.869+0000] {dag.py:3089} INFO - Sync 1 DAGs
[2024-07-31T19:20:43.881+0000] {logging_mixin.py:188} INFO - [2024-07-31T19:20:43.881+0000] {dag.py:3947} INFO - Setting next_dagrun for example_trigger_target_dag to None, run_after=None
[2024-07-31T19:20:43.906+0000] {processor.py:183} INFO - Processing /home/ubuntu/airflow-venv/lib/python3.12/site-packages/airflow/example_dags/example_trigger_target_dag.py took 0.069 seconds
[2024-07-31T19:21:31.189+0000] {processor.py:161} INFO - Started process (PID=5770) to work on /home/ubuntu/airflow-venv/lib/python3.12/site-packages/airflow/example_dags/example_trigger_target_dag.py
[2024-07-31T19:21:31.190+0000] {processor.py:830} INFO - Processing file /home/ubuntu/airflow-venv/lib/python3.12/site-packages/airflow/example_dags/example_trigger_target_dag.py for tasks to queue
[2024-07-31T19:21:31.192+0000] {logging_mixin.py:188} INFO - [2024-07-31T19:21:31.191+0000] {dagbag.py:545} INFO - Filling up the DagBag from /home/ubuntu/airflow-venv/lib/python3.12/site-packages/airflow/example_dags/example_trigger_target_dag.py
[2024-07-31T19:21:31.198+0000] {processor.py:840} INFO - DAG(s) 'example_trigger_target_dag' retrieved from /home/ubuntu/airflow-venv/lib/python3.12/site-packages/airflow/example_dags/example_trigger_target_dag.py
[2024-07-31T19:21:31.214+0000] {logging_mixin.py:188} INFO - [2024-07-31T19:21:31.214+0000] {dag.py:3089} INFO - Sync 1 DAGs
[2024-07-31T19:21:31.226+0000] {logging_mixin.py:188} INFO - [2024-07-31T19:21:31.226+0000] {dag.py:3947} INFO - Setting next_dagrun for example_trigger_target_dag to None, run_after=None
[2024-07-31T19:21:31.255+0000] {processor.py:183} INFO - Processing /home/ubuntu/airflow-venv/lib/python3.12/site-packages/airflow/example_dags/example_trigger_target_dag.py took 0.071 seconds
[2024-07-31T19:22:20.906+0000] {processor.py:161} INFO - Started process (PID=5819) to work on /home/ubuntu/airflow-venv/lib/python3.12/site-packages/airflow/example_dags/example_trigger_target_dag.py
[2024-07-31T19:22:20.907+0000] {processor.py:830} INFO - Processing file /home/ubuntu/airflow-venv/lib/python3.12/site-packages/airflow/example_dags/example_trigger_target_dag.py for tasks to queue
[2024-07-31T19:22:20.909+0000] {logging_mixin.py:188} INFO - [2024-07-31T19:22:20.909+0000] {dagbag.py:545} INFO - Filling up the DagBag from /home/ubuntu/airflow-venv/lib/python3.12/site-packages/airflow/example_dags/example_trigger_target_dag.py
[2024-07-31T19:22:20.915+0000] {processor.py:840} INFO - DAG(s) 'example_trigger_target_dag' retrieved from /home/ubuntu/airflow-venv/lib/python3.12/site-packages/airflow/example_dags/example_trigger_target_dag.py
[2024-07-31T19:22:20.931+0000] {logging_mixin.py:188} INFO - [2024-07-31T19:22:20.930+0000] {dag.py:3089} INFO - Sync 1 DAGs
[2024-07-31T19:22:20.943+0000] {logging_mixin.py:188} INFO - [2024-07-31T19:22:20.942+0000] {dag.py:3947} INFO - Setting next_dagrun for example_trigger_target_dag to None, run_after=None
[2024-07-31T19:22:20.966+0000] {processor.py:183} INFO - Processing /home/ubuntu/airflow-venv/lib/python3.12/site-packages/airflow/example_dags/example_trigger_target_dag.py took 0.065 seconds
[2024-07-31T19:23:08.827+0000] {processor.py:161} INFO - Started process (PID=5869) to work on /home/ubuntu/airflow-venv/lib/python3.12/site-packages/airflow/example_dags/example_trigger_target_dag.py
[2024-07-31T19:23:08.828+0000] {processor.py:830} INFO - Processing file /home/ubuntu/airflow-venv/lib/python3.12/site-packages/airflow/example_dags/example_trigger_target_dag.py for tasks to queue
[2024-07-31T19:23:08.829+0000] {logging_mixin.py:188} INFO - [2024-07-31T19:23:08.828+0000] {dagbag.py:545} INFO - Filling up the DagBag from /home/ubuntu/airflow-venv/lib/python3.12/site-packages/airflow/example_dags/example_trigger_target_dag.py
[2024-07-31T19:23:08.835+0000] {processor.py:840} INFO - DAG(s) 'example_trigger_target_dag' retrieved from /home/ubuntu/airflow-venv/lib/python3.12/site-packages/airflow/example_dags/example_trigger_target_dag.py
[2024-07-31T19:23:08.852+0000] {logging_mixin.py:188} INFO - [2024-07-31T19:23:08.852+0000] {dag.py:3089} INFO - Sync 1 DAGs
[2024-07-31T19:23:08.864+0000] {logging_mixin.py:188} INFO - [2024-07-31T19:23:08.864+0000] {dag.py:3947} INFO - Setting next_dagrun for example_trigger_target_dag to None, run_after=None
[2024-07-31T19:23:08.889+0000] {processor.py:183} INFO - Processing /home/ubuntu/airflow-venv/lib/python3.12/site-packages/airflow/example_dags/example_trigger_target_dag.py took 0.068 seconds
[2024-07-31T19:24:04.476+0000] {processor.py:161} INFO - Started process (PID=5933) to work on /home/ubuntu/airflow-venv/lib/python3.12/site-packages/airflow/example_dags/example_trigger_target_dag.py
[2024-07-31T19:24:04.477+0000] {processor.py:830} INFO - Processing file /home/ubuntu/airflow-venv/lib/python3.12/site-packages/airflow/example_dags/example_trigger_target_dag.py for tasks to queue
[2024-07-31T19:24:04.478+0000] {logging_mixin.py:188} INFO - [2024-07-31T19:24:04.478+0000] {dagbag.py:545} INFO - Filling up the DagBag from /home/ubuntu/airflow-venv/lib/python3.12/site-packages/airflow/example_dags/example_trigger_target_dag.py
[2024-07-31T19:24:04.485+0000] {processor.py:840} INFO - DAG(s) 'example_trigger_target_dag' retrieved from /home/ubuntu/airflow-venv/lib/python3.12/site-packages/airflow/example_dags/example_trigger_target_dag.py
[2024-07-31T19:24:04.501+0000] {logging_mixin.py:188} INFO - [2024-07-31T19:24:04.501+0000] {dag.py:3089} INFO - Sync 1 DAGs
[2024-07-31T19:24:04.514+0000] {logging_mixin.py:188} INFO - [2024-07-31T19:24:04.514+0000] {dag.py:3947} INFO - Setting next_dagrun for example_trigger_target_dag to None, run_after=None
[2024-07-31T19:24:04.537+0000] {processor.py:183} INFO - Processing /home/ubuntu/airflow-venv/lib/python3.12/site-packages/airflow/example_dags/example_trigger_target_dag.py took 0.067 seconds
[2024-07-31T19:24:54.663+0000] {processor.py:161} INFO - Started process (PID=5986) to work on /home/ubuntu/airflow-venv/lib/python3.12/site-packages/airflow/example_dags/example_trigger_target_dag.py
[2024-07-31T19:24:54.664+0000] {processor.py:830} INFO - Processing file /home/ubuntu/airflow-venv/lib/python3.12/site-packages/airflow/example_dags/example_trigger_target_dag.py for tasks to queue
[2024-07-31T19:24:54.665+0000] {logging_mixin.py:188} INFO - [2024-07-31T19:24:54.665+0000] {dagbag.py:545} INFO - Filling up the DagBag from /home/ubuntu/airflow-venv/lib/python3.12/site-packages/airflow/example_dags/example_trigger_target_dag.py
[2024-07-31T19:24:54.672+0000] {processor.py:840} INFO - DAG(s) 'example_trigger_target_dag' retrieved from /home/ubuntu/airflow-venv/lib/python3.12/site-packages/airflow/example_dags/example_trigger_target_dag.py
[2024-07-31T19:24:54.688+0000] {logging_mixin.py:188} INFO - [2024-07-31T19:24:54.688+0000] {dag.py:3089} INFO - Sync 1 DAGs
[2024-07-31T19:24:54.703+0000] {logging_mixin.py:188} INFO - [2024-07-31T19:24:54.703+0000] {dag.py:3947} INFO - Setting next_dagrun for example_trigger_target_dag to None, run_after=None
[2024-07-31T19:24:54.728+0000] {processor.py:183} INFO - Processing /home/ubuntu/airflow-venv/lib/python3.12/site-packages/airflow/example_dags/example_trigger_target_dag.py took 0.072 seconds
[2024-07-31T19:25:42.305+0000] {processor.py:161} INFO - Started process (PID=6038) to work on /home/ubuntu/airflow-venv/lib/python3.12/site-packages/airflow/example_dags/example_trigger_target_dag.py
[2024-07-31T19:25:42.307+0000] {processor.py:830} INFO - Processing file /home/ubuntu/airflow-venv/lib/python3.12/site-packages/airflow/example_dags/example_trigger_target_dag.py for tasks to queue
[2024-07-31T19:25:42.308+0000] {logging_mixin.py:188} INFO - [2024-07-31T19:25:42.308+0000] {dagbag.py:545} INFO - Filling up the DagBag from /home/ubuntu/airflow-venv/lib/python3.12/site-packages/airflow/example_dags/example_trigger_target_dag.py
[2024-07-31T19:25:42.315+0000] {processor.py:840} INFO - DAG(s) 'example_trigger_target_dag' retrieved from /home/ubuntu/airflow-venv/lib/python3.12/site-packages/airflow/example_dags/example_trigger_target_dag.py
[2024-07-31T19:25:42.331+0000] {logging_mixin.py:188} INFO - [2024-07-31T19:25:42.331+0000] {dag.py:3089} INFO - Sync 1 DAGs
[2024-07-31T19:25:42.344+0000] {logging_mixin.py:188} INFO - [2024-07-31T19:25:42.343+0000] {dag.py:3947} INFO - Setting next_dagrun for example_trigger_target_dag to None, run_after=None
[2024-07-31T19:25:42.368+0000] {processor.py:183} INFO - Processing /home/ubuntu/airflow-venv/lib/python3.12/site-packages/airflow/example_dags/example_trigger_target_dag.py took 0.069 seconds
[2024-07-31T19:26:27.856+0000] {processor.py:161} INFO - Started process (PID=6085) to work on /home/ubuntu/airflow-venv/lib/python3.12/site-packages/airflow/example_dags/example_trigger_target_dag.py
[2024-07-31T19:26:27.860+0000] {processor.py:830} INFO - Processing file /home/ubuntu/airflow-venv/lib/python3.12/site-packages/airflow/example_dags/example_trigger_target_dag.py for tasks to queue
[2024-07-31T19:26:27.861+0000] {logging_mixin.py:188} INFO - [2024-07-31T19:26:27.861+0000] {dagbag.py:545} INFO - Filling up the DagBag from /home/ubuntu/airflow-venv/lib/python3.12/site-packages/airflow/example_dags/example_trigger_target_dag.py
[2024-07-31T19:26:27.868+0000] {processor.py:840} INFO - DAG(s) 'example_trigger_target_dag' retrieved from /home/ubuntu/airflow-venv/lib/python3.12/site-packages/airflow/example_dags/example_trigger_target_dag.py
[2024-07-31T19:26:27.884+0000] {logging_mixin.py:188} INFO - [2024-07-31T19:26:27.884+0000] {dag.py:3089} INFO - Sync 1 DAGs
[2024-07-31T19:26:27.896+0000] {logging_mixin.py:188} INFO - [2024-07-31T19:26:27.896+0000] {dag.py:3947} INFO - Setting next_dagrun for example_trigger_target_dag to None, run_after=None
[2024-07-31T19:26:27.920+0000] {processor.py:183} INFO - Processing /home/ubuntu/airflow-venv/lib/python3.12/site-packages/airflow/example_dags/example_trigger_target_dag.py took 0.069 seconds
[2024-07-31T19:27:26.494+0000] {processor.py:161} INFO - Started process (PID=6148) to work on /home/ubuntu/airflow-venv/lib/python3.12/site-packages/airflow/example_dags/example_trigger_target_dag.py
[2024-07-31T19:27:26.497+0000] {processor.py:830} INFO - Processing file /home/ubuntu/airflow-venv/lib/python3.12/site-packages/airflow/example_dags/example_trigger_target_dag.py for tasks to queue
[2024-07-31T19:27:26.498+0000] {logging_mixin.py:188} INFO - [2024-07-31T19:27:26.498+0000] {dagbag.py:545} INFO - Filling up the DagBag from /home/ubuntu/airflow-venv/lib/python3.12/site-packages/airflow/example_dags/example_trigger_target_dag.py
[2024-07-31T19:27:26.505+0000] {processor.py:840} INFO - DAG(s) 'example_trigger_target_dag' retrieved from /home/ubuntu/airflow-venv/lib/python3.12/site-packages/airflow/example_dags/example_trigger_target_dag.py
[2024-07-31T19:27:26.521+0000] {logging_mixin.py:188} INFO - [2024-07-31T19:27:26.521+0000] {dag.py:3089} INFO - Sync 1 DAGs
[2024-07-31T19:27:26.534+0000] {logging_mixin.py:188} INFO - [2024-07-31T19:27:26.533+0000] {dag.py:3947} INFO - Setting next_dagrun for example_trigger_target_dag to None, run_after=None
[2024-07-31T19:27:26.559+0000] {processor.py:183} INFO - Processing /home/ubuntu/airflow-venv/lib/python3.12/site-packages/airflow/example_dags/example_trigger_target_dag.py took 0.070 seconds
[2024-07-31T19:28:25.997+0000] {processor.py:161} INFO - Started process (PID=6211) to work on /home/ubuntu/airflow-venv/lib/python3.12/site-packages/airflow/example_dags/example_trigger_target_dag.py
[2024-07-31T19:28:25.999+0000] {processor.py:830} INFO - Processing file /home/ubuntu/airflow-venv/lib/python3.12/site-packages/airflow/example_dags/example_trigger_target_dag.py for tasks to queue
[2024-07-31T19:28:26.000+0000] {logging_mixin.py:188} INFO - [2024-07-31T19:28:25.999+0000] {dagbag.py:545} INFO - Filling up the DagBag from /home/ubuntu/airflow-venv/lib/python3.12/site-packages/airflow/example_dags/example_trigger_target_dag.py
[2024-07-31T19:28:26.006+0000] {processor.py:840} INFO - DAG(s) 'example_trigger_target_dag' retrieved from /home/ubuntu/airflow-venv/lib/python3.12/site-packages/airflow/example_dags/example_trigger_target_dag.py
[2024-07-31T19:28:26.023+0000] {logging_mixin.py:188} INFO - [2024-07-31T19:28:26.022+0000] {dag.py:3089} INFO - Sync 1 DAGs
[2024-07-31T19:28:26.035+0000] {logging_mixin.py:188} INFO - [2024-07-31T19:28:26.035+0000] {dag.py:3947} INFO - Setting next_dagrun for example_trigger_target_dag to None, run_after=None
[2024-07-31T19:28:26.060+0000] {processor.py:183} INFO - Processing /home/ubuntu/airflow-venv/lib/python3.12/site-packages/airflow/example_dags/example_trigger_target_dag.py took 0.069 seconds
[2024-07-31T19:29:11.537+0000] {processor.py:161} INFO - Started process (PID=6257) to work on /home/ubuntu/airflow-venv/lib/python3.12/site-packages/airflow/example_dags/example_trigger_target_dag.py
[2024-07-31T19:29:11.538+0000] {processor.py:830} INFO - Processing file /home/ubuntu/airflow-venv/lib/python3.12/site-packages/airflow/example_dags/example_trigger_target_dag.py for tasks to queue
[2024-07-31T19:29:11.539+0000] {logging_mixin.py:188} INFO - [2024-07-31T19:29:11.538+0000] {dagbag.py:545} INFO - Filling up the DagBag from /home/ubuntu/airflow-venv/lib/python3.12/site-packages/airflow/example_dags/example_trigger_target_dag.py
[2024-07-31T19:29:11.545+0000] {processor.py:840} INFO - DAG(s) 'example_trigger_target_dag' retrieved from /home/ubuntu/airflow-venv/lib/python3.12/site-packages/airflow/example_dags/example_trigger_target_dag.py
[2024-07-31T19:29:11.561+0000] {logging_mixin.py:188} INFO - [2024-07-31T19:29:11.561+0000] {dag.py:3089} INFO - Sync 1 DAGs
[2024-07-31T19:29:11.573+0000] {logging_mixin.py:188} INFO - [2024-07-31T19:29:11.572+0000] {dag.py:3947} INFO - Setting next_dagrun for example_trigger_target_dag to None, run_after=None
[2024-07-31T19:29:11.596+0000] {processor.py:183} INFO - Processing /home/ubuntu/airflow-venv/lib/python3.12/site-packages/airflow/example_dags/example_trigger_target_dag.py took 0.065 seconds
[2024-07-31T19:29:57.001+0000] {processor.py:161} INFO - Started process (PID=6306) to work on /home/ubuntu/airflow-venv/lib/python3.12/site-packages/airflow/example_dags/example_trigger_target_dag.py
[2024-07-31T19:29:57.002+0000] {processor.py:830} INFO - Processing file /home/ubuntu/airflow-venv/lib/python3.12/site-packages/airflow/example_dags/example_trigger_target_dag.py for tasks to queue
[2024-07-31T19:29:57.003+0000] {logging_mixin.py:188} INFO - [2024-07-31T19:29:57.003+0000] {dagbag.py:545} INFO - Filling up the DagBag from /home/ubuntu/airflow-venv/lib/python3.12/site-packages/airflow/example_dags/example_trigger_target_dag.py
[2024-07-31T19:29:57.009+0000] {processor.py:840} INFO - DAG(s) 'example_trigger_target_dag' retrieved from /home/ubuntu/airflow-venv/lib/python3.12/site-packages/airflow/example_dags/example_trigger_target_dag.py
[2024-07-31T19:29:57.025+0000] {logging_mixin.py:188} INFO - [2024-07-31T19:29:57.025+0000] {dag.py:3089} INFO - Sync 1 DAGs
[2024-07-31T19:29:57.037+0000] {logging_mixin.py:188} INFO - [2024-07-31T19:29:57.037+0000] {dag.py:3947} INFO - Setting next_dagrun for example_trigger_target_dag to None, run_after=None
[2024-07-31T19:29:57.061+0000] {processor.py:183} INFO - Processing /home/ubuntu/airflow-venv/lib/python3.12/site-packages/airflow/example_dags/example_trigger_target_dag.py took 0.066 seconds
[2024-07-31T19:30:42.469+0000] {processor.py:161} INFO - Started process (PID=6358) to work on /home/ubuntu/airflow-venv/lib/python3.12/site-packages/airflow/example_dags/example_trigger_target_dag.py
[2024-07-31T19:30:42.471+0000] {processor.py:830} INFO - Processing file /home/ubuntu/airflow-venv/lib/python3.12/site-packages/airflow/example_dags/example_trigger_target_dag.py for tasks to queue
[2024-07-31T19:30:42.472+0000] {logging_mixin.py:188} INFO - [2024-07-31T19:30:42.471+0000] {dagbag.py:545} INFO - Filling up the DagBag from /home/ubuntu/airflow-venv/lib/python3.12/site-packages/airflow/example_dags/example_trigger_target_dag.py
[2024-07-31T19:30:42.478+0000] {processor.py:840} INFO - DAG(s) 'example_trigger_target_dag' retrieved from /home/ubuntu/airflow-venv/lib/python3.12/site-packages/airflow/example_dags/example_trigger_target_dag.py
[2024-07-31T19:30:42.494+0000] {logging_mixin.py:188} INFO - [2024-07-31T19:30:42.494+0000] {dag.py:3089} INFO - Sync 1 DAGs
[2024-07-31T19:30:42.506+0000] {logging_mixin.py:188} INFO - [2024-07-31T19:30:42.505+0000] {dag.py:3947} INFO - Setting next_dagrun for example_trigger_target_dag to None, run_after=None
[2024-07-31T19:30:42.530+0000] {processor.py:183} INFO - Processing /home/ubuntu/airflow-venv/lib/python3.12/site-packages/airflow/example_dags/example_trigger_target_dag.py took 0.066 seconds
[2024-07-31T19:31:34.831+0000] {processor.py:161} INFO - Started process (PID=6415) to work on /home/ubuntu/airflow-venv/lib/python3.12/site-packages/airflow/example_dags/example_trigger_target_dag.py
[2024-07-31T19:31:34.832+0000] {processor.py:830} INFO - Processing file /home/ubuntu/airflow-venv/lib/python3.12/site-packages/airflow/example_dags/example_trigger_target_dag.py for tasks to queue
[2024-07-31T19:31:34.833+0000] {logging_mixin.py:188} INFO - [2024-07-31T19:31:34.833+0000] {dagbag.py:545} INFO - Filling up the DagBag from /home/ubuntu/airflow-venv/lib/python3.12/site-packages/airflow/example_dags/example_trigger_target_dag.py
[2024-07-31T19:31:34.840+0000] {processor.py:840} INFO - DAG(s) 'example_trigger_target_dag' retrieved from /home/ubuntu/airflow-venv/lib/python3.12/site-packages/airflow/example_dags/example_trigger_target_dag.py
[2024-07-31T19:31:34.856+0000] {logging_mixin.py:188} INFO - [2024-07-31T19:31:34.856+0000] {dag.py:3089} INFO - Sync 1 DAGs
[2024-07-31T19:31:34.868+0000] {logging_mixin.py:188} INFO - [2024-07-31T19:31:34.868+0000] {dag.py:3947} INFO - Setting next_dagrun for example_trigger_target_dag to None, run_after=None
[2024-07-31T19:31:34.891+0000] {processor.py:183} INFO - Processing /home/ubuntu/airflow-venv/lib/python3.12/site-packages/airflow/example_dags/example_trigger_target_dag.py took 0.066 seconds
[2024-07-31T19:32:44.061+0000] {processor.py:161} INFO - Started process (PID=6491) to work on /home/ubuntu/airflow-venv/lib/python3.12/site-packages/airflow/example_dags/example_trigger_target_dag.py
[2024-07-31T19:32:44.065+0000] {processor.py:830} INFO - Processing file /home/ubuntu/airflow-venv/lib/python3.12/site-packages/airflow/example_dags/example_trigger_target_dag.py for tasks to queue
[2024-07-31T19:32:44.066+0000] {logging_mixin.py:188} INFO - [2024-07-31T19:32:44.066+0000] {dagbag.py:545} INFO - Filling up the DagBag from /home/ubuntu/airflow-venv/lib/python3.12/site-packages/airflow/example_dags/example_trigger_target_dag.py
[2024-07-31T19:32:44.073+0000] {processor.py:840} INFO - DAG(s) 'example_trigger_target_dag' retrieved from /home/ubuntu/airflow-venv/lib/python3.12/site-packages/airflow/example_dags/example_trigger_target_dag.py
[2024-07-31T19:32:44.089+0000] {logging_mixin.py:188} INFO - [2024-07-31T19:32:44.089+0000] {dag.py:3089} INFO - Sync 1 DAGs
[2024-07-31T19:32:44.101+0000] {logging_mixin.py:188} INFO - [2024-07-31T19:32:44.101+0000] {dag.py:3947} INFO - Setting next_dagrun for example_trigger_target_dag to None, run_after=None
[2024-07-31T19:32:44.125+0000] {processor.py:183} INFO - Processing /home/ubuntu/airflow-venv/lib/python3.12/site-packages/airflow/example_dags/example_trigger_target_dag.py took 0.070 seconds
[2024-07-31T19:33:55.991+0000] {processor.py:161} INFO - Started process (PID=6568) to work on /home/ubuntu/airflow-venv/lib/python3.12/site-packages/airflow/example_dags/example_trigger_target_dag.py
[2024-07-31T19:33:55.993+0000] {processor.py:830} INFO - Processing file /home/ubuntu/airflow-venv/lib/python3.12/site-packages/airflow/example_dags/example_trigger_target_dag.py for tasks to queue
[2024-07-31T19:33:55.994+0000] {logging_mixin.py:188} INFO - [2024-07-31T19:33:55.993+0000] {dagbag.py:545} INFO - Filling up the DagBag from /home/ubuntu/airflow-venv/lib/python3.12/site-packages/airflow/example_dags/example_trigger_target_dag.py
[2024-07-31T19:33:56.000+0000] {processor.py:840} INFO - DAG(s) 'example_trigger_target_dag' retrieved from /home/ubuntu/airflow-venv/lib/python3.12/site-packages/airflow/example_dags/example_trigger_target_dag.py
[2024-07-31T19:33:56.016+0000] {logging_mixin.py:188} INFO - [2024-07-31T19:33:56.015+0000] {dag.py:3089} INFO - Sync 1 DAGs
[2024-07-31T19:33:56.028+0000] {logging_mixin.py:188} INFO - [2024-07-31T19:33:56.027+0000] {dag.py:3947} INFO - Setting next_dagrun for example_trigger_target_dag to None, run_after=None
[2024-07-31T19:33:56.052+0000] {processor.py:183} INFO - Processing /home/ubuntu/airflow-venv/lib/python3.12/site-packages/airflow/example_dags/example_trigger_target_dag.py took 0.067 seconds
[2024-07-31T19:34:49.415+0000] {processor.py:161} INFO - Started process (PID=6622) to work on /home/ubuntu/airflow-venv/lib/python3.12/site-packages/airflow/example_dags/example_trigger_target_dag.py
[2024-07-31T19:34:49.416+0000] {processor.py:830} INFO - Processing file /home/ubuntu/airflow-venv/lib/python3.12/site-packages/airflow/example_dags/example_trigger_target_dag.py for tasks to queue
[2024-07-31T19:34:49.417+0000] {logging_mixin.py:188} INFO - [2024-07-31T19:34:49.417+0000] {dagbag.py:545} INFO - Filling up the DagBag from /home/ubuntu/airflow-venv/lib/python3.12/site-packages/airflow/example_dags/example_trigger_target_dag.py
[2024-07-31T19:34:49.424+0000] {processor.py:840} INFO - DAG(s) 'example_trigger_target_dag' retrieved from /home/ubuntu/airflow-venv/lib/python3.12/site-packages/airflow/example_dags/example_trigger_target_dag.py
[2024-07-31T19:34:49.440+0000] {logging_mixin.py:188} INFO - [2024-07-31T19:34:49.440+0000] {dag.py:3089} INFO - Sync 1 DAGs
[2024-07-31T19:34:49.452+0000] {logging_mixin.py:188} INFO - [2024-07-31T19:34:49.451+0000] {dag.py:3947} INFO - Setting next_dagrun for example_trigger_target_dag to None, run_after=None
[2024-07-31T19:34:49.476+0000] {processor.py:183} INFO - Processing /home/ubuntu/airflow-venv/lib/python3.12/site-packages/airflow/example_dags/example_trigger_target_dag.py took 0.067 seconds
