[2024-07-31T18:43:07.271+0000] {processor.py:161} INFO - Started process (PID=3447) to work on /home/ubuntu/airflow-venv/lib/python3.12/site-packages/airflow/example_dags/example_task_group.py
[2024-07-31T18:43:07.272+0000] {processor.py:830} INFO - Processing file /home/ubuntu/airflow-venv/lib/python3.12/site-packages/airflow/example_dags/example_task_group.py for tasks to queue
[2024-07-31T18:43:07.274+0000] {logging_mixin.py:188} INFO - [2024-07-31T18:43:07.273+0000] {dagbag.py:545} INFO - Filling up the DagBag from /home/ubuntu/airflow-venv/lib/python3.12/site-packages/airflow/example_dags/example_task_group.py
[2024-07-31T18:43:07.283+0000] {processor.py:840} INFO - DAG(s) 'example_task_group' retrieved from /home/ubuntu/airflow-venv/lib/python3.12/site-packages/airflow/example_dags/example_task_group.py
[2024-07-31T18:43:07.405+0000] {logging_mixin.py:188} INFO - [2024-07-31T18:43:07.404+0000] {override.py:1858} INFO - Created Permission View: can edit on DAG:example_task_group
[2024-07-31T18:43:07.418+0000] {logging_mixin.py:188} INFO - [2024-07-31T18:43:07.418+0000] {override.py:1858} INFO - Created Permission View: can read on DAG:example_task_group
[2024-07-31T18:43:07.428+0000] {logging_mixin.py:188} INFO - [2024-07-31T18:43:07.427+0000] {override.py:1858} INFO - Created Permission View: can delete on DAG:example_task_group
[2024-07-31T18:43:07.428+0000] {logging_mixin.py:188} INFO - [2024-07-31T18:43:07.428+0000] {dag.py:3089} INFO - Sync 1 DAGs
[2024-07-31T18:43:07.439+0000] {logging_mixin.py:188} INFO - [2024-07-31T18:43:07.439+0000] {dag.py:3111} INFO - Creating ORM DAG for example_task_group
[2024-07-31T18:43:07.448+0000] {logging_mixin.py:188} INFO - [2024-07-31T18:43:07.448+0000] {dag.py:3947} INFO - Setting next_dagrun for example_task_group to 2024-07-30 00:00:00+00:00, run_after=2024-07-31 00:00:00+00:00
[2024-07-31T18:43:07.471+0000] {processor.py:183} INFO - Processing /home/ubuntu/airflow-venv/lib/python3.12/site-packages/airflow/example_dags/example_task_group.py took 0.205 seconds
[2024-07-31T18:44:06.921+0000] {processor.py:161} INFO - Started process (PID=3524) to work on /home/ubuntu/airflow-venv/lib/python3.12/site-packages/airflow/example_dags/example_task_group.py
[2024-07-31T18:44:06.922+0000] {processor.py:830} INFO - Processing file /home/ubuntu/airflow-venv/lib/python3.12/site-packages/airflow/example_dags/example_task_group.py for tasks to queue
[2024-07-31T18:44:06.924+0000] {logging_mixin.py:188} INFO - [2024-07-31T18:44:06.924+0000] {dagbag.py:545} INFO - Filling up the DagBag from /home/ubuntu/airflow-venv/lib/python3.12/site-packages/airflow/example_dags/example_task_group.py
[2024-07-31T18:44:06.932+0000] {processor.py:840} INFO - DAG(s) 'example_task_group' retrieved from /home/ubuntu/airflow-venv/lib/python3.12/site-packages/airflow/example_dags/example_task_group.py
[2024-07-31T18:44:06.949+0000] {logging_mixin.py:188} INFO - [2024-07-31T18:44:06.949+0000] {dag.py:3089} INFO - Sync 1 DAGs
[2024-07-31T18:44:06.969+0000] {logging_mixin.py:188} INFO - [2024-07-31T18:44:06.969+0000] {dag.py:3947} INFO - Setting next_dagrun for example_task_group to 2024-07-30 00:00:00+00:00, run_after=2024-07-31 00:00:00+00:00
[2024-07-31T18:44:06.993+0000] {processor.py:183} INFO - Processing /home/ubuntu/airflow-venv/lib/python3.12/site-packages/airflow/example_dags/example_task_group.py took 0.078 seconds
[2024-07-31T18:44:53.681+0000] {processor.py:161} INFO - Started process (PID=3578) to work on /home/ubuntu/airflow-venv/lib/python3.12/site-packages/airflow/example_dags/example_task_group.py
[2024-07-31T18:44:53.683+0000] {processor.py:830} INFO - Processing file /home/ubuntu/airflow-venv/lib/python3.12/site-packages/airflow/example_dags/example_task_group.py for tasks to queue
[2024-07-31T18:44:53.684+0000] {logging_mixin.py:188} INFO - [2024-07-31T18:44:53.684+0000] {dagbag.py:545} INFO - Filling up the DagBag from /home/ubuntu/airflow-venv/lib/python3.12/site-packages/airflow/example_dags/example_task_group.py
[2024-07-31T18:44:53.692+0000] {processor.py:840} INFO - DAG(s) 'example_task_group' retrieved from /home/ubuntu/airflow-venv/lib/python3.12/site-packages/airflow/example_dags/example_task_group.py
[2024-07-31T18:44:53.709+0000] {logging_mixin.py:188} INFO - [2024-07-31T18:44:53.709+0000] {dag.py:3089} INFO - Sync 1 DAGs
[2024-07-31T18:44:53.728+0000] {logging_mixin.py:188} INFO - [2024-07-31T18:44:53.728+0000] {dag.py:3947} INFO - Setting next_dagrun for example_task_group to 2024-07-30 00:00:00+00:00, run_after=2024-07-31 00:00:00+00:00
[2024-07-31T18:44:53.751+0000] {processor.py:183} INFO - Processing /home/ubuntu/airflow-venv/lib/python3.12/site-packages/airflow/example_dags/example_task_group.py took 0.076 seconds
[2024-07-31T18:45:44.290+0000] {processor.py:161} INFO - Started process (PID=3637) to work on /home/ubuntu/airflow-venv/lib/python3.12/site-packages/airflow/example_dags/example_task_group.py
[2024-07-31T18:45:44.291+0000] {processor.py:830} INFO - Processing file /home/ubuntu/airflow-venv/lib/python3.12/site-packages/airflow/example_dags/example_task_group.py for tasks to queue
[2024-07-31T18:45:44.293+0000] {logging_mixin.py:188} INFO - [2024-07-31T18:45:44.292+0000] {dagbag.py:545} INFO - Filling up the DagBag from /home/ubuntu/airflow-venv/lib/python3.12/site-packages/airflow/example_dags/example_task_group.py
[2024-07-31T18:45:44.300+0000] {processor.py:840} INFO - DAG(s) 'example_task_group' retrieved from /home/ubuntu/airflow-venv/lib/python3.12/site-packages/airflow/example_dags/example_task_group.py
[2024-07-31T18:45:44.318+0000] {logging_mixin.py:188} INFO - [2024-07-31T18:45:44.317+0000] {dag.py:3089} INFO - Sync 1 DAGs
[2024-07-31T18:45:44.337+0000] {logging_mixin.py:188} INFO - [2024-07-31T18:45:44.337+0000] {dag.py:3947} INFO - Setting next_dagrun for example_task_group to 2024-07-30 00:00:00+00:00, run_after=2024-07-31 00:00:00+00:00
[2024-07-31T18:45:44.361+0000] {processor.py:183} INFO - Processing /home/ubuntu/airflow-venv/lib/python3.12/site-packages/airflow/example_dags/example_task_group.py took 0.077 seconds
[2024-07-31T18:46:26.378+0000] {processor.py:161} INFO - Started process (PID=3737) to work on /home/ubuntu/airflow-venv/lib/python3.12/site-packages/airflow/example_dags/example_task_group.py
[2024-07-31T18:46:26.380+0000] {processor.py:830} INFO - Processing file /home/ubuntu/airflow-venv/lib/python3.12/site-packages/airflow/example_dags/example_task_group.py for tasks to queue
[2024-07-31T18:46:26.381+0000] {logging_mixin.py:188} INFO - [2024-07-31T18:46:26.381+0000] {dagbag.py:545} INFO - Filling up the DagBag from /home/ubuntu/airflow-venv/lib/python3.12/site-packages/airflow/example_dags/example_task_group.py
[2024-07-31T18:46:26.389+0000] {processor.py:840} INFO - DAG(s) 'example_task_group' retrieved from /home/ubuntu/airflow-venv/lib/python3.12/site-packages/airflow/example_dags/example_task_group.py
[2024-07-31T18:46:26.407+0000] {logging_mixin.py:188} INFO - [2024-07-31T18:46:26.407+0000] {dag.py:3089} INFO - Sync 1 DAGs
[2024-07-31T18:46:26.427+0000] {logging_mixin.py:188} INFO - [2024-07-31T18:46:26.427+0000] {dag.py:3947} INFO - Setting next_dagrun for example_task_group to 2024-07-30 00:00:00+00:00, run_after=2024-07-31 00:00:00+00:00
[2024-07-31T18:46:26.451+0000] {processor.py:183} INFO - Processing /home/ubuntu/airflow-venv/lib/python3.12/site-packages/airflow/example_dags/example_task_group.py took 0.079 seconds
[2024-07-31T18:47:07.128+0000] {processor.py:161} INFO - Started process (PID=3915) to work on /home/ubuntu/airflow-venv/lib/python3.12/site-packages/airflow/example_dags/example_task_group.py
[2024-07-31T18:47:07.130+0000] {processor.py:830} INFO - Processing file /home/ubuntu/airflow-venv/lib/python3.12/site-packages/airflow/example_dags/example_task_group.py for tasks to queue
[2024-07-31T18:47:07.131+0000] {logging_mixin.py:188} INFO - [2024-07-31T18:47:07.131+0000] {dagbag.py:545} INFO - Filling up the DagBag from /home/ubuntu/airflow-venv/lib/python3.12/site-packages/airflow/example_dags/example_task_group.py
[2024-07-31T18:47:07.139+0000] {processor.py:840} INFO - DAG(s) 'example_task_group' retrieved from /home/ubuntu/airflow-venv/lib/python3.12/site-packages/airflow/example_dags/example_task_group.py
[2024-07-31T18:47:07.156+0000] {logging_mixin.py:188} INFO - [2024-07-31T18:47:07.156+0000] {dag.py:3089} INFO - Sync 1 DAGs
[2024-07-31T18:47:07.176+0000] {logging_mixin.py:188} INFO - [2024-07-31T18:47:07.176+0000] {dag.py:3947} INFO - Setting next_dagrun for example_task_group to 2024-07-30 00:00:00+00:00, run_after=2024-07-31 00:00:00+00:00
[2024-07-31T18:47:07.375+0000] {processor.py:183} INFO - Processing /home/ubuntu/airflow-venv/lib/python3.12/site-packages/airflow/example_dags/example_task_group.py took 0.253 seconds
[2024-07-31T18:47:48.767+0000] {processor.py:161} INFO - Started process (PID=3960) to work on /home/ubuntu/airflow-venv/lib/python3.12/site-packages/airflow/example_dags/example_task_group.py
[2024-07-31T18:47:48.768+0000] {processor.py:830} INFO - Processing file /home/ubuntu/airflow-venv/lib/python3.12/site-packages/airflow/example_dags/example_task_group.py for tasks to queue
[2024-07-31T18:47:48.770+0000] {logging_mixin.py:188} INFO - [2024-07-31T18:47:48.770+0000] {dagbag.py:545} INFO - Filling up the DagBag from /home/ubuntu/airflow-venv/lib/python3.12/site-packages/airflow/example_dags/example_task_group.py
[2024-07-31T18:47:48.777+0000] {processor.py:840} INFO - DAG(s) 'example_task_group' retrieved from /home/ubuntu/airflow-venv/lib/python3.12/site-packages/airflow/example_dags/example_task_group.py
[2024-07-31T18:47:48.795+0000] {logging_mixin.py:188} INFO - [2024-07-31T18:47:48.795+0000] {dag.py:3089} INFO - Sync 1 DAGs
[2024-07-31T18:47:48.815+0000] {logging_mixin.py:188} INFO - [2024-07-31T18:47:48.815+0000] {dag.py:3947} INFO - Setting next_dagrun for example_task_group to 2024-07-30 00:00:00+00:00, run_after=2024-07-31 00:00:00+00:00
[2024-07-31T18:47:48.840+0000] {processor.py:183} INFO - Processing /home/ubuntu/airflow-venv/lib/python3.12/site-packages/airflow/example_dags/example_task_group.py took 0.079 seconds
[2024-07-31T18:48:43.235+0000] {processor.py:161} INFO - Started process (PID=4187) to work on /home/ubuntu/airflow-venv/lib/python3.12/site-packages/airflow/example_dags/example_task_group.py
[2024-07-31T18:48:43.236+0000] {processor.py:830} INFO - Processing file /home/ubuntu/airflow-venv/lib/python3.12/site-packages/airflow/example_dags/example_task_group.py for tasks to queue
[2024-07-31T18:48:43.238+0000] {logging_mixin.py:188} INFO - [2024-07-31T18:48:43.237+0000] {dagbag.py:545} INFO - Filling up the DagBag from /home/ubuntu/airflow-venv/lib/python3.12/site-packages/airflow/example_dags/example_task_group.py
[2024-07-31T18:48:43.247+0000] {processor.py:840} INFO - DAG(s) 'example_task_group' retrieved from /home/ubuntu/airflow-venv/lib/python3.12/site-packages/airflow/example_dags/example_task_group.py
[2024-07-31T18:48:43.265+0000] {logging_mixin.py:188} INFO - [2024-07-31T18:48:43.265+0000] {dag.py:3089} INFO - Sync 1 DAGs
[2024-07-31T18:48:43.286+0000] {logging_mixin.py:188} INFO - [2024-07-31T18:48:43.286+0000] {dag.py:3947} INFO - Setting next_dagrun for example_task_group to 2024-07-30 00:00:00+00:00, run_after=2024-07-31 00:00:00+00:00
[2024-07-31T18:48:43.310+0000] {processor.py:183} INFO - Processing /home/ubuntu/airflow-venv/lib/python3.12/site-packages/airflow/example_dags/example_task_group.py took 0.082 seconds
[2024-07-31T18:49:24.214+0000] {processor.py:161} INFO - Started process (PID=4230) to work on /home/ubuntu/airflow-venv/lib/python3.12/site-packages/airflow/example_dags/example_task_group.py
[2024-07-31T18:49:24.216+0000] {processor.py:830} INFO - Processing file /home/ubuntu/airflow-venv/lib/python3.12/site-packages/airflow/example_dags/example_task_group.py for tasks to queue
[2024-07-31T18:49:24.217+0000] {logging_mixin.py:188} INFO - [2024-07-31T18:49:24.217+0000] {dagbag.py:545} INFO - Filling up the DagBag from /home/ubuntu/airflow-venv/lib/python3.12/site-packages/airflow/example_dags/example_task_group.py
[2024-07-31T18:49:24.225+0000] {processor.py:840} INFO - DAG(s) 'example_task_group' retrieved from /home/ubuntu/airflow-venv/lib/python3.12/site-packages/airflow/example_dags/example_task_group.py
[2024-07-31T18:49:24.243+0000] {logging_mixin.py:188} INFO - [2024-07-31T18:49:24.243+0000] {dag.py:3089} INFO - Sync 1 DAGs
[2024-07-31T18:49:24.264+0000] {logging_mixin.py:188} INFO - [2024-07-31T18:49:24.263+0000] {dag.py:3947} INFO - Setting next_dagrun for example_task_group to 2024-07-30 00:00:00+00:00, run_after=2024-07-31 00:00:00+00:00
[2024-07-31T18:49:24.288+0000] {processor.py:183} INFO - Processing /home/ubuntu/airflow-venv/lib/python3.12/site-packages/airflow/example_dags/example_task_group.py took 0.080 seconds
[2024-07-31T18:50:03.746+0000] {processor.py:161} INFO - Started process (PID=4273) to work on /home/ubuntu/airflow-venv/lib/python3.12/site-packages/airflow/example_dags/example_task_group.py
[2024-07-31T18:50:03.748+0000] {processor.py:830} INFO - Processing file /home/ubuntu/airflow-venv/lib/python3.12/site-packages/airflow/example_dags/example_task_group.py for tasks to queue
[2024-07-31T18:50:03.750+0000] {logging_mixin.py:188} INFO - [2024-07-31T18:50:03.749+0000] {dagbag.py:545} INFO - Filling up the DagBag from /home/ubuntu/airflow-venv/lib/python3.12/site-packages/airflow/example_dags/example_task_group.py
[2024-07-31T18:50:03.757+0000] {processor.py:840} INFO - DAG(s) 'example_task_group' retrieved from /home/ubuntu/airflow-venv/lib/python3.12/site-packages/airflow/example_dags/example_task_group.py
[2024-07-31T18:50:03.775+0000] {logging_mixin.py:188} INFO - [2024-07-31T18:50:03.775+0000] {dag.py:3089} INFO - Sync 1 DAGs
[2024-07-31T18:50:03.796+0000] {logging_mixin.py:188} INFO - [2024-07-31T18:50:03.795+0000] {dag.py:3947} INFO - Setting next_dagrun for example_task_group to 2024-07-30 00:00:00+00:00, run_after=2024-07-31 00:00:00+00:00
[2024-07-31T18:50:03.819+0000] {processor.py:183} INFO - Processing /home/ubuntu/airflow-venv/lib/python3.12/site-packages/airflow/example_dags/example_task_group.py took 0.078 seconds
[2024-07-31T18:50:43.298+0000] {processor.py:161} INFO - Started process (PID=4317) to work on /home/ubuntu/airflow-venv/lib/python3.12/site-packages/airflow/example_dags/example_task_group.py
[2024-07-31T18:50:43.299+0000] {processor.py:830} INFO - Processing file /home/ubuntu/airflow-venv/lib/python3.12/site-packages/airflow/example_dags/example_task_group.py for tasks to queue
[2024-07-31T18:50:43.301+0000] {logging_mixin.py:188} INFO - [2024-07-31T18:50:43.300+0000] {dagbag.py:545} INFO - Filling up the DagBag from /home/ubuntu/airflow-venv/lib/python3.12/site-packages/airflow/example_dags/example_task_group.py
[2024-07-31T18:50:43.308+0000] {processor.py:840} INFO - DAG(s) 'example_task_group' retrieved from /home/ubuntu/airflow-venv/lib/python3.12/site-packages/airflow/example_dags/example_task_group.py
[2024-07-31T18:50:43.326+0000] {logging_mixin.py:188} INFO - [2024-07-31T18:50:43.326+0000] {dag.py:3089} INFO - Sync 1 DAGs
[2024-07-31T18:50:43.346+0000] {logging_mixin.py:188} INFO - [2024-07-31T18:50:43.346+0000] {dag.py:3947} INFO - Setting next_dagrun for example_task_group to 2024-07-30 00:00:00+00:00, run_after=2024-07-31 00:00:00+00:00
[2024-07-31T18:50:43.369+0000] {processor.py:183} INFO - Processing /home/ubuntu/airflow-venv/lib/python3.12/site-packages/airflow/example_dags/example_task_group.py took 0.078 seconds
[2024-07-31T18:51:23.557+0000] {processor.py:161} INFO - Started process (PID=4361) to work on /home/ubuntu/airflow-venv/lib/python3.12/site-packages/airflow/example_dags/example_task_group.py
[2024-07-31T18:51:23.559+0000] {processor.py:830} INFO - Processing file /home/ubuntu/airflow-venv/lib/python3.12/site-packages/airflow/example_dags/example_task_group.py for tasks to queue
[2024-07-31T18:51:23.561+0000] {logging_mixin.py:188} INFO - [2024-07-31T18:51:23.560+0000] {dagbag.py:545} INFO - Filling up the DagBag from /home/ubuntu/airflow-venv/lib/python3.12/site-packages/airflow/example_dags/example_task_group.py
[2024-07-31T18:51:23.568+0000] {processor.py:840} INFO - DAG(s) 'example_task_group' retrieved from /home/ubuntu/airflow-venv/lib/python3.12/site-packages/airflow/example_dags/example_task_group.py
[2024-07-31T18:51:23.586+0000] {logging_mixin.py:188} INFO - [2024-07-31T18:51:23.586+0000] {dag.py:3089} INFO - Sync 1 DAGs
[2024-07-31T18:51:23.607+0000] {logging_mixin.py:188} INFO - [2024-07-31T18:51:23.607+0000] {dag.py:3947} INFO - Setting next_dagrun for example_task_group to 2024-07-30 00:00:00+00:00, run_after=2024-07-31 00:00:00+00:00
[2024-07-31T18:51:23.630+0000] {processor.py:183} INFO - Processing /home/ubuntu/airflow-venv/lib/python3.12/site-packages/airflow/example_dags/example_task_group.py took 0.079 seconds
[2024-07-31T18:52:01.548+0000] {processor.py:161} INFO - Started process (PID=4402) to work on /home/ubuntu/airflow-venv/lib/python3.12/site-packages/airflow/example_dags/example_task_group.py
[2024-07-31T18:52:01.549+0000] {processor.py:830} INFO - Processing file /home/ubuntu/airflow-venv/lib/python3.12/site-packages/airflow/example_dags/example_task_group.py for tasks to queue
[2024-07-31T18:52:01.551+0000] {logging_mixin.py:188} INFO - [2024-07-31T18:52:01.551+0000] {dagbag.py:545} INFO - Filling up the DagBag from /home/ubuntu/airflow-venv/lib/python3.12/site-packages/airflow/example_dags/example_task_group.py
[2024-07-31T18:52:01.559+0000] {processor.py:840} INFO - DAG(s) 'example_task_group' retrieved from /home/ubuntu/airflow-venv/lib/python3.12/site-packages/airflow/example_dags/example_task_group.py
[2024-07-31T18:52:01.576+0000] {logging_mixin.py:188} INFO - [2024-07-31T18:52:01.576+0000] {dag.py:3089} INFO - Sync 1 DAGs
[2024-07-31T18:52:01.597+0000] {logging_mixin.py:188} INFO - [2024-07-31T18:52:01.596+0000] {dag.py:3947} INFO - Setting next_dagrun for example_task_group to 2024-07-30 00:00:00+00:00, run_after=2024-07-31 00:00:00+00:00
[2024-07-31T18:52:01.621+0000] {processor.py:183} INFO - Processing /home/ubuntu/airflow-venv/lib/python3.12/site-packages/airflow/example_dags/example_task_group.py took 0.079 seconds
[2024-07-31T18:52:39.547+0000] {processor.py:161} INFO - Started process (PID=4443) to work on /home/ubuntu/airflow-venv/lib/python3.12/site-packages/airflow/example_dags/example_task_group.py
[2024-07-31T18:52:39.548+0000] {processor.py:830} INFO - Processing file /home/ubuntu/airflow-venv/lib/python3.12/site-packages/airflow/example_dags/example_task_group.py for tasks to queue
[2024-07-31T18:52:39.550+0000] {logging_mixin.py:188} INFO - [2024-07-31T18:52:39.549+0000] {dagbag.py:545} INFO - Filling up the DagBag from /home/ubuntu/airflow-venv/lib/python3.12/site-packages/airflow/example_dags/example_task_group.py
[2024-07-31T18:52:39.557+0000] {processor.py:840} INFO - DAG(s) 'example_task_group' retrieved from /home/ubuntu/airflow-venv/lib/python3.12/site-packages/airflow/example_dags/example_task_group.py
[2024-07-31T18:52:39.574+0000] {logging_mixin.py:188} INFO - [2024-07-31T18:52:39.574+0000] {dag.py:3089} INFO - Sync 1 DAGs
[2024-07-31T18:52:39.594+0000] {logging_mixin.py:188} INFO - [2024-07-31T18:52:39.593+0000] {dag.py:3947} INFO - Setting next_dagrun for example_task_group to 2024-07-30 00:00:00+00:00, run_after=2024-07-31 00:00:00+00:00
[2024-07-31T18:52:39.618+0000] {processor.py:183} INFO - Processing /home/ubuntu/airflow-venv/lib/python3.12/site-packages/airflow/example_dags/example_task_group.py took 0.077 seconds
[2024-07-31T18:53:19.902+0000] {processor.py:161} INFO - Started process (PID=4487) to work on /home/ubuntu/airflow-venv/lib/python3.12/site-packages/airflow/example_dags/example_task_group.py
[2024-07-31T18:53:19.903+0000] {processor.py:830} INFO - Processing file /home/ubuntu/airflow-venv/lib/python3.12/site-packages/airflow/example_dags/example_task_group.py for tasks to queue
[2024-07-31T18:53:19.904+0000] {logging_mixin.py:188} INFO - [2024-07-31T18:53:19.904+0000] {dagbag.py:545} INFO - Filling up the DagBag from /home/ubuntu/airflow-venv/lib/python3.12/site-packages/airflow/example_dags/example_task_group.py
[2024-07-31T18:53:19.912+0000] {processor.py:840} INFO - DAG(s) 'example_task_group' retrieved from /home/ubuntu/airflow-venv/lib/python3.12/site-packages/airflow/example_dags/example_task_group.py
[2024-07-31T18:53:19.930+0000] {logging_mixin.py:188} INFO - [2024-07-31T18:53:19.930+0000] {dag.py:3089} INFO - Sync 1 DAGs
[2024-07-31T18:53:19.951+0000] {logging_mixin.py:188} INFO - [2024-07-31T18:53:19.950+0000] {dag.py:3947} INFO - Setting next_dagrun for example_task_group to 2024-07-30 00:00:00+00:00, run_after=2024-07-31 00:00:00+00:00
[2024-07-31T18:53:19.975+0000] {processor.py:183} INFO - Processing /home/ubuntu/airflow-venv/lib/python3.12/site-packages/airflow/example_dags/example_task_group.py took 0.079 seconds
[2024-07-31T18:54:00.931+0000] {processor.py:161} INFO - Started process (PID=4534) to work on /home/ubuntu/airflow-venv/lib/python3.12/site-packages/airflow/example_dags/example_task_group.py
[2024-07-31T18:54:00.932+0000] {processor.py:830} INFO - Processing file /home/ubuntu/airflow-venv/lib/python3.12/site-packages/airflow/example_dags/example_task_group.py for tasks to queue
[2024-07-31T18:54:00.933+0000] {logging_mixin.py:188} INFO - [2024-07-31T18:54:00.933+0000] {dagbag.py:545} INFO - Filling up the DagBag from /home/ubuntu/airflow-venv/lib/python3.12/site-packages/airflow/example_dags/example_task_group.py
[2024-07-31T18:54:00.941+0000] {processor.py:840} INFO - DAG(s) 'example_task_group' retrieved from /home/ubuntu/airflow-venv/lib/python3.12/site-packages/airflow/example_dags/example_task_group.py
[2024-07-31T18:54:00.959+0000] {logging_mixin.py:188} INFO - [2024-07-31T18:54:00.958+0000] {dag.py:3089} INFO - Sync 1 DAGs
[2024-07-31T18:54:00.979+0000] {logging_mixin.py:188} INFO - [2024-07-31T18:54:00.979+0000] {dag.py:3947} INFO - Setting next_dagrun for example_task_group to 2024-07-30 00:00:00+00:00, run_after=2024-07-31 00:00:00+00:00
[2024-07-31T18:54:01.001+0000] {processor.py:183} INFO - Processing /home/ubuntu/airflow-venv/lib/python3.12/site-packages/airflow/example_dags/example_task_group.py took 0.076 seconds
[2024-07-31T18:54:43.250+0000] {processor.py:161} INFO - Started process (PID=4579) to work on /home/ubuntu/airflow-venv/lib/python3.12/site-packages/airflow/example_dags/example_task_group.py
[2024-07-31T18:54:43.252+0000] {processor.py:830} INFO - Processing file /home/ubuntu/airflow-venv/lib/python3.12/site-packages/airflow/example_dags/example_task_group.py for tasks to queue
[2024-07-31T18:54:43.253+0000] {logging_mixin.py:188} INFO - [2024-07-31T18:54:43.252+0000] {dagbag.py:545} INFO - Filling up the DagBag from /home/ubuntu/airflow-venv/lib/python3.12/site-packages/airflow/example_dags/example_task_group.py
[2024-07-31T18:54:43.261+0000] {processor.py:840} INFO - DAG(s) 'example_task_group' retrieved from /home/ubuntu/airflow-venv/lib/python3.12/site-packages/airflow/example_dags/example_task_group.py
[2024-07-31T18:54:43.279+0000] {logging_mixin.py:188} INFO - [2024-07-31T18:54:43.279+0000] {dag.py:3089} INFO - Sync 1 DAGs
[2024-07-31T18:54:43.299+0000] {logging_mixin.py:188} INFO - [2024-07-31T18:54:43.299+0000] {dag.py:3947} INFO - Setting next_dagrun for example_task_group to 2024-07-30 00:00:00+00:00, run_after=2024-07-31 00:00:00+00:00
[2024-07-31T18:54:43.323+0000] {processor.py:183} INFO - Processing /home/ubuntu/airflow-venv/lib/python3.12/site-packages/airflow/example_dags/example_task_group.py took 0.079 seconds
[2024-07-31T18:55:24.322+0000] {processor.py:161} INFO - Started process (PID=4626) to work on /home/ubuntu/airflow-venv/lib/python3.12/site-packages/airflow/example_dags/example_task_group.py
[2024-07-31T18:55:24.323+0000] {processor.py:830} INFO - Processing file /home/ubuntu/airflow-venv/lib/python3.12/site-packages/airflow/example_dags/example_task_group.py for tasks to queue
[2024-07-31T18:55:24.324+0000] {logging_mixin.py:188} INFO - [2024-07-31T18:55:24.324+0000] {dagbag.py:545} INFO - Filling up the DagBag from /home/ubuntu/airflow-venv/lib/python3.12/site-packages/airflow/example_dags/example_task_group.py
[2024-07-31T18:55:24.333+0000] {processor.py:840} INFO - DAG(s) 'example_task_group' retrieved from /home/ubuntu/airflow-venv/lib/python3.12/site-packages/airflow/example_dags/example_task_group.py
[2024-07-31T18:55:24.351+0000] {logging_mixin.py:188} INFO - [2024-07-31T18:55:24.351+0000] {dag.py:3089} INFO - Sync 1 DAGs
[2024-07-31T18:55:24.372+0000] {logging_mixin.py:188} INFO - [2024-07-31T18:55:24.372+0000] {dag.py:3947} INFO - Setting next_dagrun for example_task_group to 2024-07-30 00:00:00+00:00, run_after=2024-07-31 00:00:00+00:00
[2024-07-31T18:55:24.396+0000] {processor.py:183} INFO - Processing /home/ubuntu/airflow-venv/lib/python3.12/site-packages/airflow/example_dags/example_task_group.py took 0.081 seconds
[2024-07-31T18:56:07.761+0000] {processor.py:161} INFO - Started process (PID=4672) to work on /home/ubuntu/airflow-venv/lib/python3.12/site-packages/airflow/example_dags/example_task_group.py
[2024-07-31T18:56:07.763+0000] {processor.py:830} INFO - Processing file /home/ubuntu/airflow-venv/lib/python3.12/site-packages/airflow/example_dags/example_task_group.py for tasks to queue
[2024-07-31T18:56:07.764+0000] {logging_mixin.py:188} INFO - [2024-07-31T18:56:07.763+0000] {dagbag.py:545} INFO - Filling up the DagBag from /home/ubuntu/airflow-venv/lib/python3.12/site-packages/airflow/example_dags/example_task_group.py
[2024-07-31T18:56:07.772+0000] {processor.py:840} INFO - DAG(s) 'example_task_group' retrieved from /home/ubuntu/airflow-venv/lib/python3.12/site-packages/airflow/example_dags/example_task_group.py
[2024-07-31T18:56:07.789+0000] {logging_mixin.py:188} INFO - [2024-07-31T18:56:07.789+0000] {dag.py:3089} INFO - Sync 1 DAGs
[2024-07-31T18:56:07.808+0000] {logging_mixin.py:188} INFO - [2024-07-31T18:56:07.808+0000] {dag.py:3947} INFO - Setting next_dagrun for example_task_group to 2024-07-30 00:00:00+00:00, run_after=2024-07-31 00:00:00+00:00
[2024-07-31T18:56:07.831+0000] {processor.py:183} INFO - Processing /home/ubuntu/airflow-venv/lib/python3.12/site-packages/airflow/example_dags/example_task_group.py took 0.076 seconds
[2024-07-31T18:56:53.458+0000] {processor.py:161} INFO - Started process (PID=5031) to work on /home/ubuntu/airflow-venv/lib/python3.12/site-packages/airflow/example_dags/example_task_group.py
[2024-07-31T18:56:53.460+0000] {processor.py:830} INFO - Processing file /home/ubuntu/airflow-venv/lib/python3.12/site-packages/airflow/example_dags/example_task_group.py for tasks to queue
[2024-07-31T18:56:53.461+0000] {logging_mixin.py:188} INFO - [2024-07-31T18:56:53.460+0000] {dagbag.py:545} INFO - Filling up the DagBag from /home/ubuntu/airflow-venv/lib/python3.12/site-packages/airflow/example_dags/example_task_group.py
[2024-07-31T18:56:53.473+0000] {processor.py:840} INFO - DAG(s) 'example_task_group' retrieved from /home/ubuntu/airflow-venv/lib/python3.12/site-packages/airflow/example_dags/example_task_group.py
[2024-07-31T18:56:53.499+0000] {logging_mixin.py:188} INFO - [2024-07-31T18:56:53.499+0000] {dag.py:3089} INFO - Sync 1 DAGs
[2024-07-31T18:56:53.525+0000] {logging_mixin.py:188} INFO - [2024-07-31T18:56:53.525+0000] {dag.py:3947} INFO - Setting next_dagrun for example_task_group to 2024-07-30 00:00:00+00:00, run_after=2024-07-31 00:00:00+00:00
[2024-07-31T18:56:53.554+0000] {processor.py:183} INFO - Processing /home/ubuntu/airflow-venv/lib/python3.12/site-packages/airflow/example_dags/example_task_group.py took 0.108 seconds
[2024-07-31T18:57:39.299+0000] {processor.py:161} INFO - Started process (PID=5079) to work on /home/ubuntu/airflow-venv/lib/python3.12/site-packages/airflow/example_dags/example_task_group.py
[2024-07-31T18:57:39.300+0000] {processor.py:830} INFO - Processing file /home/ubuntu/airflow-venv/lib/python3.12/site-packages/airflow/example_dags/example_task_group.py for tasks to queue
[2024-07-31T18:57:39.301+0000] {logging_mixin.py:188} INFO - [2024-07-31T18:57:39.301+0000] {dagbag.py:545} INFO - Filling up the DagBag from /home/ubuntu/airflow-venv/lib/python3.12/site-packages/airflow/example_dags/example_task_group.py
[2024-07-31T18:57:39.309+0000] {processor.py:840} INFO - DAG(s) 'example_task_group' retrieved from /home/ubuntu/airflow-venv/lib/python3.12/site-packages/airflow/example_dags/example_task_group.py
[2024-07-31T18:57:39.327+0000] {logging_mixin.py:188} INFO - [2024-07-31T18:57:39.326+0000] {dag.py:3089} INFO - Sync 1 DAGs
[2024-07-31T18:57:39.347+0000] {logging_mixin.py:188} INFO - [2024-07-31T18:57:39.347+0000] {dag.py:3947} INFO - Setting next_dagrun for example_task_group to 2024-07-30 00:00:00+00:00, run_after=2024-07-31 00:00:00+00:00
[2024-07-31T18:57:39.372+0000] {processor.py:183} INFO - Processing /home/ubuntu/airflow-venv/lib/python3.12/site-packages/airflow/example_dags/example_task_group.py took 0.079 seconds
[2024-07-31T18:58:23.736+0000] {processor.py:161} INFO - Started process (PID=5126) to work on /home/ubuntu/airflow-venv/lib/python3.12/site-packages/airflow/example_dags/example_task_group.py
[2024-07-31T18:58:23.737+0000] {processor.py:830} INFO - Processing file /home/ubuntu/airflow-venv/lib/python3.12/site-packages/airflow/example_dags/example_task_group.py for tasks to queue
[2024-07-31T18:58:23.738+0000] {logging_mixin.py:188} INFO - [2024-07-31T18:58:23.737+0000] {dagbag.py:545} INFO - Filling up the DagBag from /home/ubuntu/airflow-venv/lib/python3.12/site-packages/airflow/example_dags/example_task_group.py
[2024-07-31T18:58:23.746+0000] {processor.py:840} INFO - DAG(s) 'example_task_group' retrieved from /home/ubuntu/airflow-venv/lib/python3.12/site-packages/airflow/example_dags/example_task_group.py
[2024-07-31T18:58:23.764+0000] {logging_mixin.py:188} INFO - [2024-07-31T18:58:23.764+0000] {dag.py:3089} INFO - Sync 1 DAGs
[2024-07-31T18:58:23.785+0000] {logging_mixin.py:188} INFO - [2024-07-31T18:58:23.784+0000] {dag.py:3947} INFO - Setting next_dagrun for example_task_group to 2024-07-30 00:00:00+00:00, run_after=2024-07-31 00:00:00+00:00
[2024-07-31T18:58:23.809+0000] {processor.py:183} INFO - Processing /home/ubuntu/airflow-venv/lib/python3.12/site-packages/airflow/example_dags/example_task_group.py took 0.080 seconds
[2024-07-31T18:59:06.932+0000] {processor.py:161} INFO - Started process (PID=5174) to work on /home/ubuntu/airflow-venv/lib/python3.12/site-packages/airflow/example_dags/example_task_group.py
[2024-07-31T18:59:06.933+0000] {processor.py:830} INFO - Processing file /home/ubuntu/airflow-venv/lib/python3.12/site-packages/airflow/example_dags/example_task_group.py for tasks to queue
[2024-07-31T18:59:06.934+0000] {logging_mixin.py:188} INFO - [2024-07-31T18:59:06.934+0000] {dagbag.py:545} INFO - Filling up the DagBag from /home/ubuntu/airflow-venv/lib/python3.12/site-packages/airflow/example_dags/example_task_group.py
[2024-07-31T18:59:06.942+0000] {processor.py:840} INFO - DAG(s) 'example_task_group' retrieved from /home/ubuntu/airflow-venv/lib/python3.12/site-packages/airflow/example_dags/example_task_group.py
[2024-07-31T18:59:06.960+0000] {logging_mixin.py:188} INFO - [2024-07-31T18:59:06.960+0000] {dag.py:3089} INFO - Sync 1 DAGs
[2024-07-31T18:59:06.979+0000] {logging_mixin.py:188} INFO - [2024-07-31T18:59:06.979+0000] {dag.py:3947} INFO - Setting next_dagrun for example_task_group to 2024-07-30 00:00:00+00:00, run_after=2024-07-31 00:00:00+00:00
[2024-07-31T18:59:07.002+0000] {processor.py:183} INFO - Processing /home/ubuntu/airflow-venv/lib/python3.12/site-packages/airflow/example_dags/example_task_group.py took 0.076 seconds
[2024-07-31T18:59:48.883+0000] {processor.py:161} INFO - Started process (PID=5217) to work on /home/ubuntu/airflow-venv/lib/python3.12/site-packages/airflow/example_dags/example_task_group.py
[2024-07-31T18:59:48.884+0000] {processor.py:830} INFO - Processing file /home/ubuntu/airflow-venv/lib/python3.12/site-packages/airflow/example_dags/example_task_group.py for tasks to queue
[2024-07-31T18:59:48.885+0000] {logging_mixin.py:188} INFO - [2024-07-31T18:59:48.885+0000] {dagbag.py:545} INFO - Filling up the DagBag from /home/ubuntu/airflow-venv/lib/python3.12/site-packages/airflow/example_dags/example_task_group.py
[2024-07-31T18:59:48.893+0000] {processor.py:840} INFO - DAG(s) 'example_task_group' retrieved from /home/ubuntu/airflow-venv/lib/python3.12/site-packages/airflow/example_dags/example_task_group.py
[2024-07-31T18:59:48.911+0000] {logging_mixin.py:188} INFO - [2024-07-31T18:59:48.911+0000] {dag.py:3089} INFO - Sync 1 DAGs
[2024-07-31T18:59:48.930+0000] {logging_mixin.py:188} INFO - [2024-07-31T18:59:48.930+0000] {dag.py:3947} INFO - Setting next_dagrun for example_task_group to 2024-07-30 00:00:00+00:00, run_after=2024-07-31 00:00:00+00:00
[2024-07-31T18:59:48.954+0000] {processor.py:183} INFO - Processing /home/ubuntu/airflow-venv/lib/python3.12/site-packages/airflow/example_dags/example_task_group.py took 0.077 seconds
[2024-07-31T19:00:35.398+0000] {processor.py:161} INFO - Started process (PID=5269) to work on /home/ubuntu/airflow-venv/lib/python3.12/site-packages/airflow/example_dags/example_task_group.py
[2024-07-31T19:00:35.399+0000] {processor.py:830} INFO - Processing file /home/ubuntu/airflow-venv/lib/python3.12/site-packages/airflow/example_dags/example_task_group.py for tasks to queue
[2024-07-31T19:00:35.400+0000] {logging_mixin.py:188} INFO - [2024-07-31T19:00:35.400+0000] {dagbag.py:545} INFO - Filling up the DagBag from /home/ubuntu/airflow-venv/lib/python3.12/site-packages/airflow/example_dags/example_task_group.py
[2024-07-31T19:00:35.408+0000] {processor.py:840} INFO - DAG(s) 'example_task_group' retrieved from /home/ubuntu/airflow-venv/lib/python3.12/site-packages/airflow/example_dags/example_task_group.py
[2024-07-31T19:00:35.425+0000] {logging_mixin.py:188} INFO - [2024-07-31T19:00:35.425+0000] {dag.py:3089} INFO - Sync 1 DAGs
[2024-07-31T19:00:35.445+0000] {logging_mixin.py:188} INFO - [2024-07-31T19:00:35.444+0000] {dag.py:3947} INFO - Setting next_dagrun for example_task_group to 2024-07-30 00:00:00+00:00, run_after=2024-07-31 00:00:00+00:00
[2024-07-31T19:00:35.468+0000] {processor.py:183} INFO - Processing /home/ubuntu/airflow-venv/lib/python3.12/site-packages/airflow/example_dags/example_task_group.py took 0.076 seconds
[2024-07-31T19:01:19.667+0000] {processor.py:161} INFO - Started process (PID=5315) to work on /home/ubuntu/airflow-venv/lib/python3.12/site-packages/airflow/example_dags/example_task_group.py
[2024-07-31T19:01:19.669+0000] {processor.py:830} INFO - Processing file /home/ubuntu/airflow-venv/lib/python3.12/site-packages/airflow/example_dags/example_task_group.py for tasks to queue
[2024-07-31T19:01:19.670+0000] {logging_mixin.py:188} INFO - [2024-07-31T19:01:19.669+0000] {dagbag.py:545} INFO - Filling up the DagBag from /home/ubuntu/airflow-venv/lib/python3.12/site-packages/airflow/example_dags/example_task_group.py
[2024-07-31T19:01:19.678+0000] {processor.py:840} INFO - DAG(s) 'example_task_group' retrieved from /home/ubuntu/airflow-venv/lib/python3.12/site-packages/airflow/example_dags/example_task_group.py
[2024-07-31T19:01:19.695+0000] {logging_mixin.py:188} INFO - [2024-07-31T19:01:19.695+0000] {dag.py:3089} INFO - Sync 1 DAGs
[2024-07-31T19:01:19.715+0000] {logging_mixin.py:188} INFO - [2024-07-31T19:01:19.715+0000] {dag.py:3947} INFO - Setting next_dagrun for example_task_group to 2024-07-30 00:00:00+00:00, run_after=2024-07-31 00:00:00+00:00
[2024-07-31T19:01:19.741+0000] {processor.py:183} INFO - Processing /home/ubuntu/airflow-venv/lib/python3.12/site-packages/airflow/example_dags/example_task_group.py took 0.080 seconds
[2024-07-31T19:02:05.189+0000] {processor.py:161} INFO - Started process (PID=5361) to work on /home/ubuntu/airflow-venv/lib/python3.12/site-packages/airflow/example_dags/example_task_group.py
[2024-07-31T19:02:05.190+0000] {processor.py:830} INFO - Processing file /home/ubuntu/airflow-venv/lib/python3.12/site-packages/airflow/example_dags/example_task_group.py for tasks to queue
[2024-07-31T19:02:05.191+0000] {logging_mixin.py:188} INFO - [2024-07-31T19:02:05.191+0000] {dagbag.py:545} INFO - Filling up the DagBag from /home/ubuntu/airflow-venv/lib/python3.12/site-packages/airflow/example_dags/example_task_group.py
[2024-07-31T19:02:05.199+0000] {processor.py:840} INFO - DAG(s) 'example_task_group' retrieved from /home/ubuntu/airflow-venv/lib/python3.12/site-packages/airflow/example_dags/example_task_group.py
[2024-07-31T19:02:05.217+0000] {logging_mixin.py:188} INFO - [2024-07-31T19:02:05.217+0000] {dag.py:3089} INFO - Sync 1 DAGs
[2024-07-31T19:02:05.237+0000] {logging_mixin.py:188} INFO - [2024-07-31T19:02:05.237+0000] {dag.py:3947} INFO - Setting next_dagrun for example_task_group to 2024-07-30 00:00:00+00:00, run_after=2024-07-31 00:00:00+00:00
[2024-07-31T19:02:05.261+0000] {processor.py:183} INFO - Processing /home/ubuntu/airflow-venv/lib/python3.12/site-packages/airflow/example_dags/example_task_group.py took 0.078 seconds
[2024-07-31T19:02:50.677+0000] {processor.py:161} INFO - Started process (PID=5408) to work on /home/ubuntu/airflow-venv/lib/python3.12/site-packages/airflow/example_dags/example_task_group.py
[2024-07-31T19:02:50.678+0000] {processor.py:830} INFO - Processing file /home/ubuntu/airflow-venv/lib/python3.12/site-packages/airflow/example_dags/example_task_group.py for tasks to queue
[2024-07-31T19:02:50.679+0000] {logging_mixin.py:188} INFO - [2024-07-31T19:02:50.679+0000] {dagbag.py:545} INFO - Filling up the DagBag from /home/ubuntu/airflow-venv/lib/python3.12/site-packages/airflow/example_dags/example_task_group.py
[2024-07-31T19:02:50.687+0000] {processor.py:840} INFO - DAG(s) 'example_task_group' retrieved from /home/ubuntu/airflow-venv/lib/python3.12/site-packages/airflow/example_dags/example_task_group.py
[2024-07-31T19:02:50.704+0000] {logging_mixin.py:188} INFO - [2024-07-31T19:02:50.704+0000] {dag.py:3089} INFO - Sync 1 DAGs
[2024-07-31T19:02:50.723+0000] {logging_mixin.py:188} INFO - [2024-07-31T19:02:50.723+0000] {dag.py:3947} INFO - Setting next_dagrun for example_task_group to 2024-07-30 00:00:00+00:00, run_after=2024-07-31 00:00:00+00:00
[2024-07-31T19:02:50.746+0000] {processor.py:183} INFO - Processing /home/ubuntu/airflow-venv/lib/python3.12/site-packages/airflow/example_dags/example_task_group.py took 0.075 seconds
[2024-07-31T19:03:32.561+0000] {processor.py:161} INFO - Started process (PID=5453) to work on /home/ubuntu/airflow-venv/lib/python3.12/site-packages/airflow/example_dags/example_task_group.py
[2024-07-31T19:03:32.563+0000] {processor.py:830} INFO - Processing file /home/ubuntu/airflow-venv/lib/python3.12/site-packages/airflow/example_dags/example_task_group.py for tasks to queue
[2024-07-31T19:03:32.563+0000] {logging_mixin.py:188} INFO - [2024-07-31T19:03:32.563+0000] {dagbag.py:545} INFO - Filling up the DagBag from /home/ubuntu/airflow-venv/lib/python3.12/site-packages/airflow/example_dags/example_task_group.py
[2024-07-31T19:03:32.571+0000] {processor.py:840} INFO - DAG(s) 'example_task_group' retrieved from /home/ubuntu/airflow-venv/lib/python3.12/site-packages/airflow/example_dags/example_task_group.py
[2024-07-31T19:03:32.589+0000] {logging_mixin.py:188} INFO - [2024-07-31T19:03:32.588+0000] {dag.py:3089} INFO - Sync 1 DAGs
[2024-07-31T19:03:32.608+0000] {logging_mixin.py:188} INFO - [2024-07-31T19:03:32.608+0000] {dag.py:3947} INFO - Setting next_dagrun for example_task_group to 2024-07-30 00:00:00+00:00, run_after=2024-07-31 00:00:00+00:00
[2024-07-31T19:03:32.733+0000] {processor.py:183} INFO - Processing /home/ubuntu/airflow-venv/lib/python3.12/site-packages/airflow/example_dags/example_task_group.py took 0.178 seconds
[2024-07-31T19:18:48.039+0000] {processor.py:161} INFO - Started process (PID=5608) to work on /home/ubuntu/airflow-venv/lib/python3.12/site-packages/airflow/example_dags/example_task_group.py
[2024-07-31T19:18:48.041+0000] {processor.py:830} INFO - Processing file /home/ubuntu/airflow-venv/lib/python3.12/site-packages/airflow/example_dags/example_task_group.py for tasks to queue
[2024-07-31T19:18:48.042+0000] {logging_mixin.py:188} INFO - [2024-07-31T19:18:48.042+0000] {dagbag.py:545} INFO - Filling up the DagBag from /home/ubuntu/airflow-venv/lib/python3.12/site-packages/airflow/example_dags/example_task_group.py
[2024-07-31T19:18:48.052+0000] {processor.py:840} INFO - DAG(s) 'example_task_group' retrieved from /home/ubuntu/airflow-venv/lib/python3.12/site-packages/airflow/example_dags/example_task_group.py
[2024-07-31T19:18:48.062+0000] {logging_mixin.py:188} INFO - [2024-07-31T19:18:48.062+0000] {dag.py:3089} INFO - Sync 1 DAGs
[2024-07-31T19:18:48.082+0000] {logging_mixin.py:188} INFO - [2024-07-31T19:18:48.082+0000] {dag.py:3947} INFO - Setting next_dagrun for example_task_group to 2024-07-30 00:00:00+00:00, run_after=2024-07-31 00:00:00+00:00
[2024-07-31T19:18:48.106+0000] {processor.py:183} INFO - Processing /home/ubuntu/airflow-venv/lib/python3.12/site-packages/airflow/example_dags/example_task_group.py took 0.072 seconds
[2024-07-31T19:19:52.864+0000] {processor.py:161} INFO - Started process (PID=5667) to work on /home/ubuntu/airflow-venv/lib/python3.12/site-packages/airflow/example_dags/example_task_group.py
[2024-07-31T19:19:52.865+0000] {processor.py:830} INFO - Processing file /home/ubuntu/airflow-venv/lib/python3.12/site-packages/airflow/example_dags/example_task_group.py for tasks to queue
[2024-07-31T19:19:52.867+0000] {logging_mixin.py:188} INFO - [2024-07-31T19:19:52.867+0000] {dagbag.py:545} INFO - Filling up the DagBag from /home/ubuntu/airflow-venv/lib/python3.12/site-packages/airflow/example_dags/example_task_group.py
[2024-07-31T19:19:52.875+0000] {processor.py:840} INFO - DAG(s) 'example_task_group' retrieved from /home/ubuntu/airflow-venv/lib/python3.12/site-packages/airflow/example_dags/example_task_group.py
[2024-07-31T19:19:52.980+0000] {logging_mixin.py:188} INFO - [2024-07-31T19:19:52.980+0000] {dag.py:3089} INFO - Sync 1 DAGs
[2024-07-31T19:19:52.998+0000] {logging_mixin.py:188} INFO - [2024-07-31T19:19:52.997+0000] {dag.py:3947} INFO - Setting next_dagrun for example_task_group to 2024-07-30 00:00:00+00:00, run_after=2024-07-31 00:00:00+00:00
[2024-07-31T19:19:53.023+0000] {processor.py:183} INFO - Processing /home/ubuntu/airflow-venv/lib/python3.12/site-packages/airflow/example_dags/example_task_group.py took 0.165 seconds
[2024-07-31T19:20:46.726+0000] {processor.py:161} INFO - Started process (PID=5724) to work on /home/ubuntu/airflow-venv/lib/python3.12/site-packages/airflow/example_dags/example_task_group.py
[2024-07-31T19:20:46.727+0000] {processor.py:830} INFO - Processing file /home/ubuntu/airflow-venv/lib/python3.12/site-packages/airflow/example_dags/example_task_group.py for tasks to queue
[2024-07-31T19:20:46.729+0000] {logging_mixin.py:188} INFO - [2024-07-31T19:20:46.728+0000] {dagbag.py:545} INFO - Filling up the DagBag from /home/ubuntu/airflow-venv/lib/python3.12/site-packages/airflow/example_dags/example_task_group.py
[2024-07-31T19:20:46.737+0000] {processor.py:840} INFO - DAG(s) 'example_task_group' retrieved from /home/ubuntu/airflow-venv/lib/python3.12/site-packages/airflow/example_dags/example_task_group.py
[2024-07-31T19:20:46.755+0000] {logging_mixin.py:188} INFO - [2024-07-31T19:20:46.754+0000] {dag.py:3089} INFO - Sync 1 DAGs
[2024-07-31T19:20:46.775+0000] {logging_mixin.py:188} INFO - [2024-07-31T19:20:46.775+0000] {dag.py:3947} INFO - Setting next_dagrun for example_task_group to 2024-07-30 00:00:00+00:00, run_after=2024-07-31 00:00:00+00:00
[2024-07-31T19:20:46.799+0000] {processor.py:183} INFO - Processing /home/ubuntu/airflow-venv/lib/python3.12/site-packages/airflow/example_dags/example_task_group.py took 0.079 seconds
[2024-07-31T19:21:34.605+0000] {processor.py:161} INFO - Started process (PID=5773) to work on /home/ubuntu/airflow-venv/lib/python3.12/site-packages/airflow/example_dags/example_task_group.py
[2024-07-31T19:21:34.606+0000] {processor.py:830} INFO - Processing file /home/ubuntu/airflow-venv/lib/python3.12/site-packages/airflow/example_dags/example_task_group.py for tasks to queue
[2024-07-31T19:21:34.608+0000] {logging_mixin.py:188} INFO - [2024-07-31T19:21:34.607+0000] {dagbag.py:545} INFO - Filling up the DagBag from /home/ubuntu/airflow-venv/lib/python3.12/site-packages/airflow/example_dags/example_task_group.py
[2024-07-31T19:21:34.615+0000] {processor.py:840} INFO - DAG(s) 'example_task_group' retrieved from /home/ubuntu/airflow-venv/lib/python3.12/site-packages/airflow/example_dags/example_task_group.py
[2024-07-31T19:21:34.633+0000] {logging_mixin.py:188} INFO - [2024-07-31T19:21:34.633+0000] {dag.py:3089} INFO - Sync 1 DAGs
[2024-07-31T19:21:34.653+0000] {logging_mixin.py:188} INFO - [2024-07-31T19:21:34.653+0000] {dag.py:3947} INFO - Setting next_dagrun for example_task_group to 2024-07-30 00:00:00+00:00, run_after=2024-07-31 00:00:00+00:00
[2024-07-31T19:21:34.677+0000] {processor.py:183} INFO - Processing /home/ubuntu/airflow-venv/lib/python3.12/site-packages/airflow/example_dags/example_task_group.py took 0.078 seconds
[2024-07-31T19:22:24.160+0000] {processor.py:161} INFO - Started process (PID=5822) to work on /home/ubuntu/airflow-venv/lib/python3.12/site-packages/airflow/example_dags/example_task_group.py
[2024-07-31T19:22:24.161+0000] {processor.py:830} INFO - Processing file /home/ubuntu/airflow-venv/lib/python3.12/site-packages/airflow/example_dags/example_task_group.py for tasks to queue
[2024-07-31T19:22:24.163+0000] {logging_mixin.py:188} INFO - [2024-07-31T19:22:24.163+0000] {dagbag.py:545} INFO - Filling up the DagBag from /home/ubuntu/airflow-venv/lib/python3.12/site-packages/airflow/example_dags/example_task_group.py
[2024-07-31T19:22:24.171+0000] {processor.py:840} INFO - DAG(s) 'example_task_group' retrieved from /home/ubuntu/airflow-venv/lib/python3.12/site-packages/airflow/example_dags/example_task_group.py
[2024-07-31T19:22:24.188+0000] {logging_mixin.py:188} INFO - [2024-07-31T19:22:24.188+0000] {dag.py:3089} INFO - Sync 1 DAGs
[2024-07-31T19:22:24.207+0000] {logging_mixin.py:188} INFO - [2024-07-31T19:22:24.207+0000] {dag.py:3947} INFO - Setting next_dagrun for example_task_group to 2024-07-30 00:00:00+00:00, run_after=2024-07-31 00:00:00+00:00
[2024-07-31T19:22:24.231+0000] {processor.py:183} INFO - Processing /home/ubuntu/airflow-venv/lib/python3.12/site-packages/airflow/example_dags/example_task_group.py took 0.076 seconds
[2024-07-31T19:23:12.233+0000] {processor.py:161} INFO - Started process (PID=5872) to work on /home/ubuntu/airflow-venv/lib/python3.12/site-packages/airflow/example_dags/example_task_group.py
[2024-07-31T19:23:12.235+0000] {processor.py:830} INFO - Processing file /home/ubuntu/airflow-venv/lib/python3.12/site-packages/airflow/example_dags/example_task_group.py for tasks to queue
[2024-07-31T19:23:12.236+0000] {logging_mixin.py:188} INFO - [2024-07-31T19:23:12.235+0000] {dagbag.py:545} INFO - Filling up the DagBag from /home/ubuntu/airflow-venv/lib/python3.12/site-packages/airflow/example_dags/example_task_group.py
[2024-07-31T19:23:12.244+0000] {processor.py:840} INFO - DAG(s) 'example_task_group' retrieved from /home/ubuntu/airflow-venv/lib/python3.12/site-packages/airflow/example_dags/example_task_group.py
[2024-07-31T19:23:12.261+0000] {logging_mixin.py:188} INFO - [2024-07-31T19:23:12.261+0000] {dag.py:3089} INFO - Sync 1 DAGs
[2024-07-31T19:23:12.281+0000] {logging_mixin.py:188} INFO - [2024-07-31T19:23:12.281+0000] {dag.py:3947} INFO - Setting next_dagrun for example_task_group to 2024-07-30 00:00:00+00:00, run_after=2024-07-31 00:00:00+00:00
[2024-07-31T19:23:12.305+0000] {processor.py:183} INFO - Processing /home/ubuntu/airflow-venv/lib/python3.12/site-packages/airflow/example_dags/example_task_group.py took 0.077 seconds
[2024-07-31T19:24:07.901+0000] {processor.py:161} INFO - Started process (PID=5936) to work on /home/ubuntu/airflow-venv/lib/python3.12/site-packages/airflow/example_dags/example_task_group.py
[2024-07-31T19:24:07.902+0000] {processor.py:830} INFO - Processing file /home/ubuntu/airflow-venv/lib/python3.12/site-packages/airflow/example_dags/example_task_group.py for tasks to queue
[2024-07-31T19:24:07.903+0000] {logging_mixin.py:188} INFO - [2024-07-31T19:24:07.903+0000] {dagbag.py:545} INFO - Filling up the DagBag from /home/ubuntu/airflow-venv/lib/python3.12/site-packages/airflow/example_dags/example_task_group.py
[2024-07-31T19:24:07.912+0000] {processor.py:840} INFO - DAG(s) 'example_task_group' retrieved from /home/ubuntu/airflow-venv/lib/python3.12/site-packages/airflow/example_dags/example_task_group.py
[2024-07-31T19:24:07.929+0000] {logging_mixin.py:188} INFO - [2024-07-31T19:24:07.929+0000] {dag.py:3089} INFO - Sync 1 DAGs
[2024-07-31T19:24:07.949+0000] {logging_mixin.py:188} INFO - [2024-07-31T19:24:07.949+0000] {dag.py:3947} INFO - Setting next_dagrun for example_task_group to 2024-07-30 00:00:00+00:00, run_after=2024-07-31 00:00:00+00:00
[2024-07-31T19:24:07.972+0000] {processor.py:183} INFO - Processing /home/ubuntu/airflow-venv/lib/python3.12/site-packages/airflow/example_dags/example_task_group.py took 0.077 seconds
[2024-07-31T19:24:57.486+0000] {processor.py:161} INFO - Started process (PID=5989) to work on /home/ubuntu/airflow-venv/lib/python3.12/site-packages/airflow/example_dags/example_task_group.py
[2024-07-31T19:24:57.487+0000] {processor.py:830} INFO - Processing file /home/ubuntu/airflow-venv/lib/python3.12/site-packages/airflow/example_dags/example_task_group.py for tasks to queue
[2024-07-31T19:24:57.488+0000] {logging_mixin.py:188} INFO - [2024-07-31T19:24:57.488+0000] {dagbag.py:545} INFO - Filling up the DagBag from /home/ubuntu/airflow-venv/lib/python3.12/site-packages/airflow/example_dags/example_task_group.py
[2024-07-31T19:24:57.497+0000] {processor.py:840} INFO - DAG(s) 'example_task_group' retrieved from /home/ubuntu/airflow-venv/lib/python3.12/site-packages/airflow/example_dags/example_task_group.py
[2024-07-31T19:24:57.515+0000] {logging_mixin.py:188} INFO - [2024-07-31T19:24:57.514+0000] {dag.py:3089} INFO - Sync 1 DAGs
[2024-07-31T19:24:57.535+0000] {logging_mixin.py:188} INFO - [2024-07-31T19:24:57.535+0000] {dag.py:3947} INFO - Setting next_dagrun for example_task_group to 2024-07-30 00:00:00+00:00, run_after=2024-07-31 00:00:00+00:00
[2024-07-31T19:24:57.580+0000] {processor.py:183} INFO - Processing /home/ubuntu/airflow-venv/lib/python3.12/site-packages/airflow/example_dags/example_task_group.py took 0.099 seconds
[2024-07-31T19:25:45.721+0000] {processor.py:161} INFO - Started process (PID=6041) to work on /home/ubuntu/airflow-venv/lib/python3.12/site-packages/airflow/example_dags/example_task_group.py
[2024-07-31T19:25:45.722+0000] {processor.py:830} INFO - Processing file /home/ubuntu/airflow-venv/lib/python3.12/site-packages/airflow/example_dags/example_task_group.py for tasks to queue
[2024-07-31T19:25:45.723+0000] {logging_mixin.py:188} INFO - [2024-07-31T19:25:45.723+0000] {dagbag.py:545} INFO - Filling up the DagBag from /home/ubuntu/airflow-venv/lib/python3.12/site-packages/airflow/example_dags/example_task_group.py
[2024-07-31T19:25:45.731+0000] {processor.py:840} INFO - DAG(s) 'example_task_group' retrieved from /home/ubuntu/airflow-venv/lib/python3.12/site-packages/airflow/example_dags/example_task_group.py
[2024-07-31T19:25:45.749+0000] {logging_mixin.py:188} INFO - [2024-07-31T19:25:45.749+0000] {dag.py:3089} INFO - Sync 1 DAGs
[2024-07-31T19:25:45.768+0000] {logging_mixin.py:188} INFO - [2024-07-31T19:25:45.768+0000] {dag.py:3947} INFO - Setting next_dagrun for example_task_group to 2024-07-30 00:00:00+00:00, run_after=2024-07-31 00:00:00+00:00
[2024-07-31T19:25:45.792+0000] {processor.py:183} INFO - Processing /home/ubuntu/airflow-venv/lib/python3.12/site-packages/airflow/example_dags/example_task_group.py took 0.077 seconds
[2024-07-31T19:26:30.131+0000] {processor.py:161} INFO - Started process (PID=6088) to work on /home/ubuntu/airflow-venv/lib/python3.12/site-packages/airflow/example_dags/example_task_group.py
[2024-07-31T19:26:30.132+0000] {processor.py:830} INFO - Processing file /home/ubuntu/airflow-venv/lib/python3.12/site-packages/airflow/example_dags/example_task_group.py for tasks to queue
[2024-07-31T19:26:30.133+0000] {logging_mixin.py:188} INFO - [2024-07-31T19:26:30.133+0000] {dagbag.py:545} INFO - Filling up the DagBag from /home/ubuntu/airflow-venv/lib/python3.12/site-packages/airflow/example_dags/example_task_group.py
[2024-07-31T19:26:30.142+0000] {processor.py:840} INFO - DAG(s) 'example_task_group' retrieved from /home/ubuntu/airflow-venv/lib/python3.12/site-packages/airflow/example_dags/example_task_group.py
[2024-07-31T19:26:30.160+0000] {logging_mixin.py:188} INFO - [2024-07-31T19:26:30.160+0000] {dag.py:3089} INFO - Sync 1 DAGs
[2024-07-31T19:26:30.180+0000] {logging_mixin.py:188} INFO - [2024-07-31T19:26:30.180+0000] {dag.py:3947} INFO - Setting next_dagrun for example_task_group to 2024-07-30 00:00:00+00:00, run_after=2024-07-31 00:00:00+00:00
[2024-07-31T19:26:30.205+0000] {processor.py:183} INFO - Processing /home/ubuntu/airflow-venv/lib/python3.12/site-packages/airflow/example_dags/example_task_group.py took 0.081 seconds
[2024-07-31T19:27:31.727+0000] {processor.py:161} INFO - Started process (PID=6154) to work on /home/ubuntu/airflow-venv/lib/python3.12/site-packages/airflow/example_dags/example_task_group.py
[2024-07-31T19:27:31.728+0000] {processor.py:830} INFO - Processing file /home/ubuntu/airflow-venv/lib/python3.12/site-packages/airflow/example_dags/example_task_group.py for tasks to queue
[2024-07-31T19:27:31.729+0000] {logging_mixin.py:188} INFO - [2024-07-31T19:27:31.728+0000] {dagbag.py:545} INFO - Filling up the DagBag from /home/ubuntu/airflow-venv/lib/python3.12/site-packages/airflow/example_dags/example_task_group.py
[2024-07-31T19:27:31.737+0000] {processor.py:840} INFO - DAG(s) 'example_task_group' retrieved from /home/ubuntu/airflow-venv/lib/python3.12/site-packages/airflow/example_dags/example_task_group.py
[2024-07-31T19:27:31.755+0000] {logging_mixin.py:188} INFO - [2024-07-31T19:27:31.755+0000] {dag.py:3089} INFO - Sync 1 DAGs
[2024-07-31T19:27:31.775+0000] {logging_mixin.py:188} INFO - [2024-07-31T19:27:31.775+0000] {dag.py:3947} INFO - Setting next_dagrun for example_task_group to 2024-07-30 00:00:00+00:00, run_after=2024-07-31 00:00:00+00:00
[2024-07-31T19:27:31.798+0000] {processor.py:183} INFO - Processing /home/ubuntu/airflow-venv/lib/python3.12/site-packages/airflow/example_dags/example_task_group.py took 0.077 seconds
[2024-07-31T19:28:28.648+0000] {processor.py:161} INFO - Started process (PID=6214) to work on /home/ubuntu/airflow-venv/lib/python3.12/site-packages/airflow/example_dags/example_task_group.py
[2024-07-31T19:28:28.650+0000] {processor.py:830} INFO - Processing file /home/ubuntu/airflow-venv/lib/python3.12/site-packages/airflow/example_dags/example_task_group.py for tasks to queue
[2024-07-31T19:28:28.651+0000] {logging_mixin.py:188} INFO - [2024-07-31T19:28:28.650+0000] {dagbag.py:545} INFO - Filling up the DagBag from /home/ubuntu/airflow-venv/lib/python3.12/site-packages/airflow/example_dags/example_task_group.py
[2024-07-31T19:28:28.659+0000] {processor.py:840} INFO - DAG(s) 'example_task_group' retrieved from /home/ubuntu/airflow-venv/lib/python3.12/site-packages/airflow/example_dags/example_task_group.py
[2024-07-31T19:28:28.678+0000] {logging_mixin.py:188} INFO - [2024-07-31T19:28:28.678+0000] {dag.py:3089} INFO - Sync 1 DAGs
[2024-07-31T19:28:28.700+0000] {logging_mixin.py:188} INFO - [2024-07-31T19:28:28.700+0000] {dag.py:3947} INFO - Setting next_dagrun for example_task_group to 2024-07-30 00:00:00+00:00, run_after=2024-07-31 00:00:00+00:00
[2024-07-31T19:28:28.724+0000] {processor.py:183} INFO - Processing /home/ubuntu/airflow-venv/lib/python3.12/site-packages/airflow/example_dags/example_task_group.py took 0.082 seconds
[2024-07-31T19:29:14.384+0000] {processor.py:161} INFO - Started process (PID=6260) to work on /home/ubuntu/airflow-venv/lib/python3.12/site-packages/airflow/example_dags/example_task_group.py
[2024-07-31T19:29:14.385+0000] {processor.py:830} INFO - Processing file /home/ubuntu/airflow-venv/lib/python3.12/site-packages/airflow/example_dags/example_task_group.py for tasks to queue
[2024-07-31T19:29:14.386+0000] {logging_mixin.py:188} INFO - [2024-07-31T19:29:14.386+0000] {dagbag.py:545} INFO - Filling up the DagBag from /home/ubuntu/airflow-venv/lib/python3.12/site-packages/airflow/example_dags/example_task_group.py
[2024-07-31T19:29:14.395+0000] {processor.py:840} INFO - DAG(s) 'example_task_group' retrieved from /home/ubuntu/airflow-venv/lib/python3.12/site-packages/airflow/example_dags/example_task_group.py
[2024-07-31T19:29:14.412+0000] {logging_mixin.py:188} INFO - [2024-07-31T19:29:14.411+0000] {dag.py:3089} INFO - Sync 1 DAGs
[2024-07-31T19:29:14.431+0000] {logging_mixin.py:188} INFO - [2024-07-31T19:29:14.431+0000] {dag.py:3947} INFO - Setting next_dagrun for example_task_group to 2024-07-30 00:00:00+00:00, run_after=2024-07-31 00:00:00+00:00
[2024-07-31T19:29:14.555+0000] {processor.py:183} INFO - Processing /home/ubuntu/airflow-venv/lib/python3.12/site-packages/airflow/example_dags/example_task_group.py took 0.176 seconds
[2024-07-31T19:30:00.264+0000] {processor.py:161} INFO - Started process (PID=6310) to work on /home/ubuntu/airflow-venv/lib/python3.12/site-packages/airflow/example_dags/example_task_group.py
[2024-07-31T19:30:00.265+0000] {processor.py:830} INFO - Processing file /home/ubuntu/airflow-venv/lib/python3.12/site-packages/airflow/example_dags/example_task_group.py for tasks to queue
[2024-07-31T19:30:00.266+0000] {logging_mixin.py:188} INFO - [2024-07-31T19:30:00.265+0000] {dagbag.py:545} INFO - Filling up the DagBag from /home/ubuntu/airflow-venv/lib/python3.12/site-packages/airflow/example_dags/example_task_group.py
[2024-07-31T19:30:00.274+0000] {processor.py:840} INFO - DAG(s) 'example_task_group' retrieved from /home/ubuntu/airflow-venv/lib/python3.12/site-packages/airflow/example_dags/example_task_group.py
[2024-07-31T19:30:00.292+0000] {logging_mixin.py:188} INFO - [2024-07-31T19:30:00.292+0000] {dag.py:3089} INFO - Sync 1 DAGs
[2024-07-31T19:30:00.313+0000] {logging_mixin.py:188} INFO - [2024-07-31T19:30:00.313+0000] {dag.py:3947} INFO - Setting next_dagrun for example_task_group to 2024-07-30 00:00:00+00:00, run_after=2024-07-31 00:00:00+00:00
[2024-07-31T19:30:00.338+0000] {processor.py:183} INFO - Processing /home/ubuntu/airflow-venv/lib/python3.12/site-packages/airflow/example_dags/example_task_group.py took 0.080 seconds
[2024-07-31T19:30:44.981+0000] {processor.py:161} INFO - Started process (PID=6361) to work on /home/ubuntu/airflow-venv/lib/python3.12/site-packages/airflow/example_dags/example_task_group.py
[2024-07-31T19:30:44.983+0000] {processor.py:830} INFO - Processing file /home/ubuntu/airflow-venv/lib/python3.12/site-packages/airflow/example_dags/example_task_group.py for tasks to queue
[2024-07-31T19:30:44.984+0000] {logging_mixin.py:188} INFO - [2024-07-31T19:30:44.983+0000] {dagbag.py:545} INFO - Filling up the DagBag from /home/ubuntu/airflow-venv/lib/python3.12/site-packages/airflow/example_dags/example_task_group.py
[2024-07-31T19:30:44.992+0000] {processor.py:840} INFO - DAG(s) 'example_task_group' retrieved from /home/ubuntu/airflow-venv/lib/python3.12/site-packages/airflow/example_dags/example_task_group.py
[2024-07-31T19:30:45.010+0000] {logging_mixin.py:188} INFO - [2024-07-31T19:30:45.009+0000] {dag.py:3089} INFO - Sync 1 DAGs
[2024-07-31T19:30:45.029+0000] {logging_mixin.py:188} INFO - [2024-07-31T19:30:45.029+0000] {dag.py:3947} INFO - Setting next_dagrun for example_task_group to 2024-07-30 00:00:00+00:00, run_after=2024-07-31 00:00:00+00:00
[2024-07-31T19:30:45.054+0000] {processor.py:183} INFO - Processing /home/ubuntu/airflow-venv/lib/python3.12/site-packages/airflow/example_dags/example_task_group.py took 0.079 seconds
[2024-07-31T19:31:38.392+0000] {processor.py:161} INFO - Started process (PID=6418) to work on /home/ubuntu/airflow-venv/lib/python3.12/site-packages/airflow/example_dags/example_task_group.py
[2024-07-31T19:31:38.394+0000] {processor.py:830} INFO - Processing file /home/ubuntu/airflow-venv/lib/python3.12/site-packages/airflow/example_dags/example_task_group.py for tasks to queue
[2024-07-31T19:31:38.394+0000] {logging_mixin.py:188} INFO - [2024-07-31T19:31:38.394+0000] {dagbag.py:545} INFO - Filling up the DagBag from /home/ubuntu/airflow-venv/lib/python3.12/site-packages/airflow/example_dags/example_task_group.py
[2024-07-31T19:31:38.402+0000] {processor.py:840} INFO - DAG(s) 'example_task_group' retrieved from /home/ubuntu/airflow-venv/lib/python3.12/site-packages/airflow/example_dags/example_task_group.py
[2024-07-31T19:31:38.420+0000] {logging_mixin.py:188} INFO - [2024-07-31T19:31:38.420+0000] {dag.py:3089} INFO - Sync 1 DAGs
[2024-07-31T19:31:38.439+0000] {logging_mixin.py:188} INFO - [2024-07-31T19:31:38.439+0000] {dag.py:3947} INFO - Setting next_dagrun for example_task_group to 2024-07-30 00:00:00+00:00, run_after=2024-07-31 00:00:00+00:00
[2024-07-31T19:31:38.462+0000] {processor.py:183} INFO - Processing /home/ubuntu/airflow-venv/lib/python3.12/site-packages/airflow/example_dags/example_task_group.py took 0.076 seconds
[2024-07-31T19:32:47.532+0000] {processor.py:161} INFO - Started process (PID=6494) to work on /home/ubuntu/airflow-venv/lib/python3.12/site-packages/airflow/example_dags/example_task_group.py
[2024-07-31T19:32:47.534+0000] {processor.py:830} INFO - Processing file /home/ubuntu/airflow-venv/lib/python3.12/site-packages/airflow/example_dags/example_task_group.py for tasks to queue
[2024-07-31T19:32:47.535+0000] {logging_mixin.py:188} INFO - [2024-07-31T19:32:47.534+0000] {dagbag.py:545} INFO - Filling up the DagBag from /home/ubuntu/airflow-venv/lib/python3.12/site-packages/airflow/example_dags/example_task_group.py
[2024-07-31T19:32:47.543+0000] {processor.py:840} INFO - DAG(s) 'example_task_group' retrieved from /home/ubuntu/airflow-venv/lib/python3.12/site-packages/airflow/example_dags/example_task_group.py
[2024-07-31T19:32:47.561+0000] {logging_mixin.py:188} INFO - [2024-07-31T19:32:47.561+0000] {dag.py:3089} INFO - Sync 1 DAGs
[2024-07-31T19:32:47.581+0000] {logging_mixin.py:188} INFO - [2024-07-31T19:32:47.580+0000] {dag.py:3947} INFO - Setting next_dagrun for example_task_group to 2024-07-30 00:00:00+00:00, run_after=2024-07-31 00:00:00+00:00
[2024-07-31T19:32:47.603+0000] {processor.py:183} INFO - Processing /home/ubuntu/airflow-venv/lib/python3.12/site-packages/airflow/example_dags/example_task_group.py took 0.076 seconds
[2024-07-31T19:33:58.832+0000] {processor.py:161} INFO - Started process (PID=6571) to work on /home/ubuntu/airflow-venv/lib/python3.12/site-packages/airflow/example_dags/example_task_group.py
[2024-07-31T19:33:58.834+0000] {processor.py:830} INFO - Processing file /home/ubuntu/airflow-venv/lib/python3.12/site-packages/airflow/example_dags/example_task_group.py for tasks to queue
[2024-07-31T19:33:58.835+0000] {logging_mixin.py:188} INFO - [2024-07-31T19:33:58.834+0000] {dagbag.py:545} INFO - Filling up the DagBag from /home/ubuntu/airflow-venv/lib/python3.12/site-packages/airflow/example_dags/example_task_group.py
[2024-07-31T19:33:58.843+0000] {processor.py:840} INFO - DAG(s) 'example_task_group' retrieved from /home/ubuntu/airflow-venv/lib/python3.12/site-packages/airflow/example_dags/example_task_group.py
[2024-07-31T19:33:58.861+0000] {logging_mixin.py:188} INFO - [2024-07-31T19:33:58.860+0000] {dag.py:3089} INFO - Sync 1 DAGs
[2024-07-31T19:33:58.880+0000] {logging_mixin.py:188} INFO - [2024-07-31T19:33:58.880+0000] {dag.py:3947} INFO - Setting next_dagrun for example_task_group to 2024-07-30 00:00:00+00:00, run_after=2024-07-31 00:00:00+00:00
[2024-07-31T19:33:58.904+0000] {processor.py:183} INFO - Processing /home/ubuntu/airflow-venv/lib/python3.12/site-packages/airflow/example_dags/example_task_group.py took 0.077 seconds
[2024-07-31T19:34:52.178+0000] {processor.py:161} INFO - Started process (PID=6625) to work on /home/ubuntu/airflow-venv/lib/python3.12/site-packages/airflow/example_dags/example_task_group.py
[2024-07-31T19:34:52.179+0000] {processor.py:830} INFO - Processing file /home/ubuntu/airflow-venv/lib/python3.12/site-packages/airflow/example_dags/example_task_group.py for tasks to queue
[2024-07-31T19:34:52.180+0000] {logging_mixin.py:188} INFO - [2024-07-31T19:34:52.180+0000] {dagbag.py:545} INFO - Filling up the DagBag from /home/ubuntu/airflow-venv/lib/python3.12/site-packages/airflow/example_dags/example_task_group.py
[2024-07-31T19:34:52.188+0000] {processor.py:840} INFO - DAG(s) 'example_task_group' retrieved from /home/ubuntu/airflow-venv/lib/python3.12/site-packages/airflow/example_dags/example_task_group.py
[2024-07-31T19:34:52.206+0000] {logging_mixin.py:188} INFO - [2024-07-31T19:34:52.206+0000] {dag.py:3089} INFO - Sync 1 DAGs
[2024-07-31T19:34:52.226+0000] {logging_mixin.py:188} INFO - [2024-07-31T19:34:52.225+0000] {dag.py:3947} INFO - Setting next_dagrun for example_task_group to 2024-07-30 00:00:00+00:00, run_after=2024-07-31 00:00:00+00:00
[2024-07-31T19:34:52.250+0000] {processor.py:183} INFO - Processing /home/ubuntu/airflow-venv/lib/python3.12/site-packages/airflow/example_dags/example_task_group.py took 0.078 seconds
