[2024-07-31T18:43:47.536+0000] {processor.py:161} INFO - Started process (PID=3504) to work on /home/ubuntu/airflow-venv/lib/python3.12/site-packages/airflow/example_dags/example_branch_datetime_operator.py
[2024-07-31T18:43:47.537+0000] {processor.py:830} INFO - Processing file /home/ubuntu/airflow-venv/lib/python3.12/site-packages/airflow/example_dags/example_branch_datetime_operator.py for tasks to queue
[2024-07-31T18:43:47.539+0000] {logging_mixin.py:188} INFO - [2024-07-31T18:43:47.538+0000] {dagbag.py:545} INFO - Filling up the DagBag from /home/ubuntu/airflow-venv/lib/python3.12/site-packages/airflow/example_dags/example_branch_datetime_operator.py
[2024-07-31T18:43:47.549+0000] {processor.py:840} INFO - DAG(s) 'example_branch_datetime_operator_2', 'example_branch_datetime_operator_3', 'example_branch_datetime_operator' retrieved from /home/ubuntu/airflow-venv/lib/python3.12/site-packages/airflow/example_dags/example_branch_datetime_operator.py
[2024-07-31T18:43:47.664+0000] {logging_mixin.py:188} INFO - [2024-07-31T18:43:47.663+0000] {override.py:1858} INFO - Created Permission View: can edit on DAG:example_branch_datetime_operator_2
[2024-07-31T18:43:47.678+0000] {logging_mixin.py:188} INFO - [2024-07-31T18:43:47.677+0000] {override.py:1858} INFO - Created Permission View: can read on DAG:example_branch_datetime_operator_2
[2024-07-31T18:43:47.688+0000] {logging_mixin.py:188} INFO - [2024-07-31T18:43:47.687+0000] {override.py:1858} INFO - Created Permission View: can delete on DAG:example_branch_datetime_operator_2
[2024-07-31T18:43:47.711+0000] {logging_mixin.py:188} INFO - [2024-07-31T18:43:47.710+0000] {override.py:1858} INFO - Created Permission View: can edit on DAG:example_branch_datetime_operator_3
[2024-07-31T18:43:47.720+0000] {logging_mixin.py:188} INFO - [2024-07-31T18:43:47.720+0000] {override.py:1858} INFO - Created Permission View: can read on DAG:example_branch_datetime_operator_3
[2024-07-31T18:43:47.730+0000] {logging_mixin.py:188} INFO - [2024-07-31T18:43:47.729+0000] {override.py:1858} INFO - Created Permission View: can delete on DAG:example_branch_datetime_operator_3
[2024-07-31T18:43:47.751+0000] {logging_mixin.py:188} INFO - [2024-07-31T18:43:47.751+0000] {override.py:1858} INFO - Created Permission View: can edit on DAG:example_branch_datetime_operator
[2024-07-31T18:43:47.761+0000] {logging_mixin.py:188} INFO - [2024-07-31T18:43:47.761+0000] {override.py:1858} INFO - Created Permission View: can read on DAG:example_branch_datetime_operator
[2024-07-31T18:43:47.771+0000] {logging_mixin.py:188} INFO - [2024-07-31T18:43:47.771+0000] {override.py:1858} INFO - Created Permission View: can delete on DAG:example_branch_datetime_operator
[2024-07-31T18:43:47.771+0000] {logging_mixin.py:188} INFO - [2024-07-31T18:43:47.771+0000] {dag.py:3089} INFO - Sync 3 DAGs
[2024-07-31T18:43:47.782+0000] {logging_mixin.py:188} INFO - [2024-07-31T18:43:47.781+0000] {dag.py:3111} INFO - Creating ORM DAG for example_branch_datetime_operator_3
[2024-07-31T18:43:47.782+0000] {logging_mixin.py:188} INFO - [2024-07-31T18:43:47.782+0000] {dag.py:3111} INFO - Creating ORM DAG for example_branch_datetime_operator_2
[2024-07-31T18:43:47.783+0000] {logging_mixin.py:188} INFO - [2024-07-31T18:43:47.783+0000] {dag.py:3111} INFO - Creating ORM DAG for example_branch_datetime_operator
[2024-07-31T18:43:47.794+0000] {logging_mixin.py:188} INFO - [2024-07-31T18:43:47.794+0000] {dag.py:3947} INFO - Setting next_dagrun for example_branch_datetime_operator to 2024-07-30 00:00:00+00:00, run_after=2024-07-31 00:00:00+00:00
[2024-07-31T18:43:47.796+0000] {logging_mixin.py:188} INFO - [2024-07-31T18:43:47.796+0000] {dag.py:3947} INFO - Setting next_dagrun for example_branch_datetime_operator_2 to 2024-07-30 00:00:00+00:00, run_after=2024-07-31 00:00:00+00:00
[2024-07-31T18:43:47.798+0000] {logging_mixin.py:188} INFO - [2024-07-31T18:43:47.798+0000] {dag.py:3947} INFO - Setting next_dagrun for example_branch_datetime_operator_3 to 2024-07-30 00:00:00+00:00, run_after=2024-07-31 00:00:00+00:00
[2024-07-31T18:43:47.821+0000] {processor.py:183} INFO - Processing /home/ubuntu/airflow-venv/lib/python3.12/site-packages/airflow/example_dags/example_branch_datetime_operator.py took 0.291 seconds
[2024-07-31T18:44:37.487+0000] {processor.py:161} INFO - Started process (PID=3560) to work on /home/ubuntu/airflow-venv/lib/python3.12/site-packages/airflow/example_dags/example_branch_datetime_operator.py
[2024-07-31T18:44:37.489+0000] {processor.py:830} INFO - Processing file /home/ubuntu/airflow-venv/lib/python3.12/site-packages/airflow/example_dags/example_branch_datetime_operator.py for tasks to queue
[2024-07-31T18:44:37.490+0000] {logging_mixin.py:188} INFO - [2024-07-31T18:44:37.490+0000] {dagbag.py:545} INFO - Filling up the DagBag from /home/ubuntu/airflow-venv/lib/python3.12/site-packages/airflow/example_dags/example_branch_datetime_operator.py
[2024-07-31T18:44:37.501+0000] {processor.py:840} INFO - DAG(s) 'example_branch_datetime_operator_2', 'example_branch_datetime_operator_3', 'example_branch_datetime_operator' retrieved from /home/ubuntu/airflow-venv/lib/python3.12/site-packages/airflow/example_dags/example_branch_datetime_operator.py
[2024-07-31T18:44:37.522+0000] {logging_mixin.py:188} INFO - [2024-07-31T18:44:37.522+0000] {dag.py:3089} INFO - Sync 3 DAGs
[2024-07-31T18:44:37.544+0000] {logging_mixin.py:188} INFO - [2024-07-31T18:44:37.544+0000] {dag.py:3947} INFO - Setting next_dagrun for example_branch_datetime_operator to 2024-07-30 00:00:00+00:00, run_after=2024-07-31 00:00:00+00:00
[2024-07-31T18:44:37.549+0000] {logging_mixin.py:188} INFO - [2024-07-31T18:44:37.549+0000] {dag.py:3947} INFO - Setting next_dagrun for example_branch_datetime_operator_2 to 2024-07-30 00:00:00+00:00, run_after=2024-07-31 00:00:00+00:00
[2024-07-31T18:44:37.551+0000] {logging_mixin.py:188} INFO - [2024-07-31T18:44:37.551+0000] {dag.py:3947} INFO - Setting next_dagrun for example_branch_datetime_operator_3 to 2024-07-30 00:00:00+00:00, run_after=2024-07-31 00:00:00+00:00
[2024-07-31T18:44:37.571+0000] {processor.py:183} INFO - Processing /home/ubuntu/airflow-venv/lib/python3.12/site-packages/airflow/example_dags/example_branch_datetime_operator.py took 0.089 seconds
[2024-07-31T18:45:40.148+0000] {processor.py:161} INFO - Started process (PID=3633) to work on /home/ubuntu/airflow-venv/lib/python3.12/site-packages/airflow/example_dags/example_branch_datetime_operator.py
[2024-07-31T18:45:40.150+0000] {processor.py:830} INFO - Processing file /home/ubuntu/airflow-venv/lib/python3.12/site-packages/airflow/example_dags/example_branch_datetime_operator.py for tasks to queue
[2024-07-31T18:45:40.151+0000] {logging_mixin.py:188} INFO - [2024-07-31T18:45:40.151+0000] {dagbag.py:545} INFO - Filling up the DagBag from /home/ubuntu/airflow-venv/lib/python3.12/site-packages/airflow/example_dags/example_branch_datetime_operator.py
[2024-07-31T18:45:40.162+0000] {processor.py:840} INFO - DAG(s) 'example_branch_datetime_operator_2', 'example_branch_datetime_operator', 'example_branch_datetime_operator_3' retrieved from /home/ubuntu/airflow-venv/lib/python3.12/site-packages/airflow/example_dags/example_branch_datetime_operator.py
[2024-07-31T18:45:40.183+0000] {logging_mixin.py:188} INFO - [2024-07-31T18:45:40.183+0000] {dag.py:3089} INFO - Sync 3 DAGs
[2024-07-31T18:45:40.204+0000] {logging_mixin.py:188} INFO - [2024-07-31T18:45:40.204+0000] {dag.py:3947} INFO - Setting next_dagrun for example_branch_datetime_operator to 2024-07-30 00:00:00+00:00, run_after=2024-07-31 00:00:00+00:00
[2024-07-31T18:45:40.209+0000] {logging_mixin.py:188} INFO - [2024-07-31T18:45:40.208+0000] {dag.py:3947} INFO - Setting next_dagrun for example_branch_datetime_operator_2 to 2024-07-30 00:00:00+00:00, run_after=2024-07-31 00:00:00+00:00
[2024-07-31T18:45:40.211+0000] {logging_mixin.py:188} INFO - [2024-07-31T18:45:40.211+0000] {dag.py:3947} INFO - Setting next_dagrun for example_branch_datetime_operator_3 to 2024-07-30 00:00:00+00:00, run_after=2024-07-31 00:00:00+00:00
[2024-07-31T18:45:40.232+0000] {processor.py:183} INFO - Processing /home/ubuntu/airflow-venv/lib/python3.12/site-packages/airflow/example_dags/example_branch_datetime_operator.py took 0.090 seconds
[2024-07-31T18:46:42.977+0000] {processor.py:161} INFO - Started process (PID=3828) to work on /home/ubuntu/airflow-venv/lib/python3.12/site-packages/airflow/example_dags/example_branch_datetime_operator.py
[2024-07-31T18:46:42.978+0000] {processor.py:830} INFO - Processing file /home/ubuntu/airflow-venv/lib/python3.12/site-packages/airflow/example_dags/example_branch_datetime_operator.py for tasks to queue
[2024-07-31T18:46:42.980+0000] {logging_mixin.py:188} INFO - [2024-07-31T18:46:42.979+0000] {dagbag.py:545} INFO - Filling up the DagBag from /home/ubuntu/airflow-venv/lib/python3.12/site-packages/airflow/example_dags/example_branch_datetime_operator.py
[2024-07-31T18:46:42.991+0000] {processor.py:840} INFO - DAG(s) 'example_branch_datetime_operator_3', 'example_branch_datetime_operator', 'example_branch_datetime_operator_2' retrieved from /home/ubuntu/airflow-venv/lib/python3.12/site-packages/airflow/example_dags/example_branch_datetime_operator.py
[2024-07-31T18:46:43.014+0000] {logging_mixin.py:188} INFO - [2024-07-31T18:46:43.013+0000] {dag.py:3089} INFO - Sync 3 DAGs
[2024-07-31T18:46:43.038+0000] {logging_mixin.py:188} INFO - [2024-07-31T18:46:43.038+0000] {dag.py:3947} INFO - Setting next_dagrun for example_branch_datetime_operator to 2024-07-30 00:00:00+00:00, run_after=2024-07-31 00:00:00+00:00
[2024-07-31T18:46:43.044+0000] {logging_mixin.py:188} INFO - [2024-07-31T18:46:43.044+0000] {dag.py:3947} INFO - Setting next_dagrun for example_branch_datetime_operator_2 to 2024-07-30 00:00:00+00:00, run_after=2024-07-31 00:00:00+00:00
[2024-07-31T18:46:43.047+0000] {logging_mixin.py:188} INFO - [2024-07-31T18:46:43.046+0000] {dag.py:3947} INFO - Setting next_dagrun for example_branch_datetime_operator_3 to 2024-07-30 00:00:00+00:00, run_after=2024-07-31 00:00:00+00:00
[2024-07-31T18:46:43.075+0000] {processor.py:183} INFO - Processing /home/ubuntu/airflow-venv/lib/python3.12/site-packages/airflow/example_dags/example_branch_datetime_operator.py took 0.105 seconds
[2024-07-31T18:47:41.352+0000] {processor.py:161} INFO - Started process (PID=3952) to work on /home/ubuntu/airflow-venv/lib/python3.12/site-packages/airflow/example_dags/example_branch_datetime_operator.py
[2024-07-31T18:47:41.354+0000] {processor.py:830} INFO - Processing file /home/ubuntu/airflow-venv/lib/python3.12/site-packages/airflow/example_dags/example_branch_datetime_operator.py for tasks to queue
[2024-07-31T18:47:41.355+0000] {logging_mixin.py:188} INFO - [2024-07-31T18:47:41.355+0000] {dagbag.py:545} INFO - Filling up the DagBag from /home/ubuntu/airflow-venv/lib/python3.12/site-packages/airflow/example_dags/example_branch_datetime_operator.py
[2024-07-31T18:47:41.366+0000] {processor.py:840} INFO - DAG(s) 'example_branch_datetime_operator_2', 'example_branch_datetime_operator', 'example_branch_datetime_operator_3' retrieved from /home/ubuntu/airflow-venv/lib/python3.12/site-packages/airflow/example_dags/example_branch_datetime_operator.py
[2024-07-31T18:47:41.388+0000] {logging_mixin.py:188} INFO - [2024-07-31T18:47:41.387+0000] {dag.py:3089} INFO - Sync 3 DAGs
[2024-07-31T18:47:41.409+0000] {logging_mixin.py:188} INFO - [2024-07-31T18:47:41.409+0000] {dag.py:3947} INFO - Setting next_dagrun for example_branch_datetime_operator to 2024-07-30 00:00:00+00:00, run_after=2024-07-31 00:00:00+00:00
[2024-07-31T18:47:41.414+0000] {logging_mixin.py:188} INFO - [2024-07-31T18:47:41.414+0000] {dag.py:3947} INFO - Setting next_dagrun for example_branch_datetime_operator_2 to 2024-07-30 00:00:00+00:00, run_after=2024-07-31 00:00:00+00:00
[2024-07-31T18:47:41.416+0000] {logging_mixin.py:188} INFO - [2024-07-31T18:47:41.416+0000] {dag.py:3947} INFO - Setting next_dagrun for example_branch_datetime_operator_3 to 2024-07-30 00:00:00+00:00, run_after=2024-07-31 00:00:00+00:00
[2024-07-31T18:47:41.438+0000] {processor.py:183} INFO - Processing /home/ubuntu/airflow-venv/lib/python3.12/site-packages/airflow/example_dags/example_branch_datetime_operator.py took 0.091 seconds
[2024-07-31T18:48:35.216+0000] {processor.py:161} INFO - Started process (PID=4178) to work on /home/ubuntu/airflow-venv/lib/python3.12/site-packages/airflow/example_dags/example_branch_datetime_operator.py
[2024-07-31T18:48:35.218+0000] {processor.py:830} INFO - Processing file /home/ubuntu/airflow-venv/lib/python3.12/site-packages/airflow/example_dags/example_branch_datetime_operator.py for tasks to queue
[2024-07-31T18:48:35.219+0000] {logging_mixin.py:188} INFO - [2024-07-31T18:48:35.219+0000] {dagbag.py:545} INFO - Filling up the DagBag from /home/ubuntu/airflow-venv/lib/python3.12/site-packages/airflow/example_dags/example_branch_datetime_operator.py
[2024-07-31T18:48:35.230+0000] {processor.py:840} INFO - DAG(s) 'example_branch_datetime_operator_2', 'example_branch_datetime_operator_3', 'example_branch_datetime_operator' retrieved from /home/ubuntu/airflow-venv/lib/python3.12/site-packages/airflow/example_dags/example_branch_datetime_operator.py
[2024-07-31T18:48:35.253+0000] {logging_mixin.py:188} INFO - [2024-07-31T18:48:35.253+0000] {dag.py:3089} INFO - Sync 3 DAGs
[2024-07-31T18:48:35.276+0000] {logging_mixin.py:188} INFO - [2024-07-31T18:48:35.276+0000] {dag.py:3947} INFO - Setting next_dagrun for example_branch_datetime_operator to 2024-07-30 00:00:00+00:00, run_after=2024-07-31 00:00:00+00:00
[2024-07-31T18:48:35.281+0000] {logging_mixin.py:188} INFO - [2024-07-31T18:48:35.281+0000] {dag.py:3947} INFO - Setting next_dagrun for example_branch_datetime_operator_2 to 2024-07-30 00:00:00+00:00, run_after=2024-07-31 00:00:00+00:00
[2024-07-31T18:48:35.283+0000] {logging_mixin.py:188} INFO - [2024-07-31T18:48:35.283+0000] {dag.py:3947} INFO - Setting next_dagrun for example_branch_datetime_operator_3 to 2024-07-30 00:00:00+00:00, run_after=2024-07-31 00:00:00+00:00
[2024-07-31T18:48:35.307+0000] {processor.py:183} INFO - Processing /home/ubuntu/airflow-venv/lib/python3.12/site-packages/airflow/example_dags/example_branch_datetime_operator.py took 0.097 seconds
[2024-07-31T18:49:35.640+0000] {processor.py:161} INFO - Started process (PID=4242) to work on /home/ubuntu/airflow-venv/lib/python3.12/site-packages/airflow/example_dags/example_branch_datetime_operator.py
[2024-07-31T18:49:35.642+0000] {processor.py:830} INFO - Processing file /home/ubuntu/airflow-venv/lib/python3.12/site-packages/airflow/example_dags/example_branch_datetime_operator.py for tasks to queue
[2024-07-31T18:49:35.643+0000] {logging_mixin.py:188} INFO - [2024-07-31T18:49:35.643+0000] {dagbag.py:545} INFO - Filling up the DagBag from /home/ubuntu/airflow-venv/lib/python3.12/site-packages/airflow/example_dags/example_branch_datetime_operator.py
[2024-07-31T18:49:35.654+0000] {processor.py:840} INFO - DAG(s) 'example_branch_datetime_operator_2', 'example_branch_datetime_operator', 'example_branch_datetime_operator_3' retrieved from /home/ubuntu/airflow-venv/lib/python3.12/site-packages/airflow/example_dags/example_branch_datetime_operator.py
[2024-07-31T18:49:35.675+0000] {logging_mixin.py:188} INFO - [2024-07-31T18:49:35.675+0000] {dag.py:3089} INFO - Sync 3 DAGs
[2024-07-31T18:49:35.696+0000] {logging_mixin.py:188} INFO - [2024-07-31T18:49:35.696+0000] {dag.py:3947} INFO - Setting next_dagrun for example_branch_datetime_operator to 2024-07-30 00:00:00+00:00, run_after=2024-07-31 00:00:00+00:00
[2024-07-31T18:49:35.701+0000] {logging_mixin.py:188} INFO - [2024-07-31T18:49:35.700+0000] {dag.py:3947} INFO - Setting next_dagrun for example_branch_datetime_operator_2 to 2024-07-30 00:00:00+00:00, run_after=2024-07-31 00:00:00+00:00
[2024-07-31T18:49:35.703+0000] {logging_mixin.py:188} INFO - [2024-07-31T18:49:35.702+0000] {dag.py:3947} INFO - Setting next_dagrun for example_branch_datetime_operator_3 to 2024-07-30 00:00:00+00:00, run_after=2024-07-31 00:00:00+00:00
[2024-07-31T18:49:35.723+0000] {processor.py:183} INFO - Processing /home/ubuntu/airflow-venv/lib/python3.12/site-packages/airflow/example_dags/example_branch_datetime_operator.py took 0.088 seconds
[2024-07-31T18:50:35.033+0000] {processor.py:161} INFO - Started process (PID=4308) to work on /home/ubuntu/airflow-venv/lib/python3.12/site-packages/airflow/example_dags/example_branch_datetime_operator.py
[2024-07-31T18:50:35.034+0000] {processor.py:830} INFO - Processing file /home/ubuntu/airflow-venv/lib/python3.12/site-packages/airflow/example_dags/example_branch_datetime_operator.py for tasks to queue
[2024-07-31T18:50:35.036+0000] {logging_mixin.py:188} INFO - [2024-07-31T18:50:35.036+0000] {dagbag.py:545} INFO - Filling up the DagBag from /home/ubuntu/airflow-venv/lib/python3.12/site-packages/airflow/example_dags/example_branch_datetime_operator.py
[2024-07-31T18:50:35.046+0000] {processor.py:840} INFO - DAG(s) 'example_branch_datetime_operator_3', 'example_branch_datetime_operator_2', 'example_branch_datetime_operator' retrieved from /home/ubuntu/airflow-venv/lib/python3.12/site-packages/airflow/example_dags/example_branch_datetime_operator.py
[2024-07-31T18:50:35.068+0000] {logging_mixin.py:188} INFO - [2024-07-31T18:50:35.067+0000] {dag.py:3089} INFO - Sync 3 DAGs
[2024-07-31T18:50:35.089+0000] {logging_mixin.py:188} INFO - [2024-07-31T18:50:35.088+0000] {dag.py:3947} INFO - Setting next_dagrun for example_branch_datetime_operator to 2024-07-30 00:00:00+00:00, run_after=2024-07-31 00:00:00+00:00
[2024-07-31T18:50:35.093+0000] {logging_mixin.py:188} INFO - [2024-07-31T18:50:35.093+0000] {dag.py:3947} INFO - Setting next_dagrun for example_branch_datetime_operator_2 to 2024-07-30 00:00:00+00:00, run_after=2024-07-31 00:00:00+00:00
[2024-07-31T18:50:35.095+0000] {logging_mixin.py:188} INFO - [2024-07-31T18:50:35.095+0000] {dag.py:3947} INFO - Setting next_dagrun for example_branch_datetime_operator_3 to 2024-07-30 00:00:00+00:00, run_after=2024-07-31 00:00:00+00:00
[2024-07-31T18:50:35.116+0000] {processor.py:183} INFO - Processing /home/ubuntu/airflow-venv/lib/python3.12/site-packages/airflow/example_dags/example_branch_datetime_operator.py took 0.089 seconds
[2024-07-31T18:51:33.855+0000] {processor.py:161} INFO - Started process (PID=4372) to work on /home/ubuntu/airflow-venv/lib/python3.12/site-packages/airflow/example_dags/example_branch_datetime_operator.py
[2024-07-31T18:51:33.857+0000] {processor.py:830} INFO - Processing file /home/ubuntu/airflow-venv/lib/python3.12/site-packages/airflow/example_dags/example_branch_datetime_operator.py for tasks to queue
[2024-07-31T18:51:33.859+0000] {logging_mixin.py:188} INFO - [2024-07-31T18:51:33.859+0000] {dagbag.py:545} INFO - Filling up the DagBag from /home/ubuntu/airflow-venv/lib/python3.12/site-packages/airflow/example_dags/example_branch_datetime_operator.py
[2024-07-31T18:51:33.870+0000] {processor.py:840} INFO - DAG(s) 'example_branch_datetime_operator_3', 'example_branch_datetime_operator', 'example_branch_datetime_operator_2' retrieved from /home/ubuntu/airflow-venv/lib/python3.12/site-packages/airflow/example_dags/example_branch_datetime_operator.py
[2024-07-31T18:51:33.891+0000] {logging_mixin.py:188} INFO - [2024-07-31T18:51:33.891+0000] {dag.py:3089} INFO - Sync 3 DAGs
[2024-07-31T18:51:33.912+0000] {logging_mixin.py:188} INFO - [2024-07-31T18:51:33.912+0000] {dag.py:3947} INFO - Setting next_dagrun for example_branch_datetime_operator to 2024-07-30 00:00:00+00:00, run_after=2024-07-31 00:00:00+00:00
[2024-07-31T18:51:33.917+0000] {logging_mixin.py:188} INFO - [2024-07-31T18:51:33.917+0000] {dag.py:3947} INFO - Setting next_dagrun for example_branch_datetime_operator_2 to 2024-07-30 00:00:00+00:00, run_after=2024-07-31 00:00:00+00:00
[2024-07-31T18:51:33.919+0000] {logging_mixin.py:188} INFO - [2024-07-31T18:51:33.919+0000] {dag.py:3947} INFO - Setting next_dagrun for example_branch_datetime_operator_3 to 2024-07-30 00:00:00+00:00, run_after=2024-07-31 00:00:00+00:00
[2024-07-31T18:51:33.940+0000] {processor.py:183} INFO - Processing /home/ubuntu/airflow-venv/lib/python3.12/site-packages/airflow/example_dags/example_branch_datetime_operator.py took 0.091 seconds
[2024-07-31T18:52:31.962+0000] {processor.py:161} INFO - Started process (PID=4433) to work on /home/ubuntu/airflow-venv/lib/python3.12/site-packages/airflow/example_dags/example_branch_datetime_operator.py
[2024-07-31T18:52:31.964+0000] {processor.py:830} INFO - Processing file /home/ubuntu/airflow-venv/lib/python3.12/site-packages/airflow/example_dags/example_branch_datetime_operator.py for tasks to queue
[2024-07-31T18:52:31.965+0000] {logging_mixin.py:188} INFO - [2024-07-31T18:52:31.965+0000] {dagbag.py:545} INFO - Filling up the DagBag from /home/ubuntu/airflow-venv/lib/python3.12/site-packages/airflow/example_dags/example_branch_datetime_operator.py
[2024-07-31T18:52:31.976+0000] {processor.py:840} INFO - DAG(s) 'example_branch_datetime_operator_3', 'example_branch_datetime_operator', 'example_branch_datetime_operator_2' retrieved from /home/ubuntu/airflow-venv/lib/python3.12/site-packages/airflow/example_dags/example_branch_datetime_operator.py
[2024-07-31T18:52:31.997+0000] {logging_mixin.py:188} INFO - [2024-07-31T18:52:31.997+0000] {dag.py:3089} INFO - Sync 3 DAGs
[2024-07-31T18:52:32.019+0000] {logging_mixin.py:188} INFO - [2024-07-31T18:52:32.019+0000] {dag.py:3947} INFO - Setting next_dagrun for example_branch_datetime_operator to 2024-07-30 00:00:00+00:00, run_after=2024-07-31 00:00:00+00:00
[2024-07-31T18:52:32.024+0000] {logging_mixin.py:188} INFO - [2024-07-31T18:52:32.024+0000] {dag.py:3947} INFO - Setting next_dagrun for example_branch_datetime_operator_2 to 2024-07-30 00:00:00+00:00, run_after=2024-07-31 00:00:00+00:00
[2024-07-31T18:52:32.026+0000] {logging_mixin.py:188} INFO - [2024-07-31T18:52:32.026+0000] {dag.py:3947} INFO - Setting next_dagrun for example_branch_datetime_operator_3 to 2024-07-30 00:00:00+00:00, run_after=2024-07-31 00:00:00+00:00
[2024-07-31T18:52:32.047+0000] {processor.py:183} INFO - Processing /home/ubuntu/airflow-venv/lib/python3.12/site-packages/airflow/example_dags/example_branch_datetime_operator.py took 0.090 seconds
[2024-07-31T18:53:33.798+0000] {processor.py:161} INFO - Started process (PID=4502) to work on /home/ubuntu/airflow-venv/lib/python3.12/site-packages/airflow/example_dags/example_branch_datetime_operator.py
[2024-07-31T18:53:33.799+0000] {processor.py:830} INFO - Processing file /home/ubuntu/airflow-venv/lib/python3.12/site-packages/airflow/example_dags/example_branch_datetime_operator.py for tasks to queue
[2024-07-31T18:53:33.800+0000] {logging_mixin.py:188} INFO - [2024-07-31T18:53:33.799+0000] {dagbag.py:545} INFO - Filling up the DagBag from /home/ubuntu/airflow-venv/lib/python3.12/site-packages/airflow/example_dags/example_branch_datetime_operator.py
[2024-07-31T18:53:33.810+0000] {processor.py:840} INFO - DAG(s) 'example_branch_datetime_operator_3', 'example_branch_datetime_operator', 'example_branch_datetime_operator_2' retrieved from /home/ubuntu/airflow-venv/lib/python3.12/site-packages/airflow/example_dags/example_branch_datetime_operator.py
[2024-07-31T18:53:33.832+0000] {logging_mixin.py:188} INFO - [2024-07-31T18:53:33.832+0000] {dag.py:3089} INFO - Sync 3 DAGs
[2024-07-31T18:53:33.853+0000] {logging_mixin.py:188} INFO - [2024-07-31T18:53:33.853+0000] {dag.py:3947} INFO - Setting next_dagrun for example_branch_datetime_operator to 2024-07-30 00:00:00+00:00, run_after=2024-07-31 00:00:00+00:00
[2024-07-31T18:53:33.858+0000] {logging_mixin.py:188} INFO - [2024-07-31T18:53:33.858+0000] {dag.py:3947} INFO - Setting next_dagrun for example_branch_datetime_operator_2 to 2024-07-30 00:00:00+00:00, run_after=2024-07-31 00:00:00+00:00
[2024-07-31T18:53:33.860+0000] {logging_mixin.py:188} INFO - [2024-07-31T18:53:33.860+0000] {dag.py:3947} INFO - Setting next_dagrun for example_branch_datetime_operator_3 to 2024-07-30 00:00:00+00:00, run_after=2024-07-31 00:00:00+00:00
[2024-07-31T18:53:33.880+0000] {processor.py:183} INFO - Processing /home/ubuntu/airflow-venv/lib/python3.12/site-packages/airflow/example_dags/example_branch_datetime_operator.py took 0.089 seconds
[2024-07-31T18:54:34.093+0000] {processor.py:161} INFO - Started process (PID=4569) to work on /home/ubuntu/airflow-venv/lib/python3.12/site-packages/airflow/example_dags/example_branch_datetime_operator.py
[2024-07-31T18:54:34.094+0000] {processor.py:830} INFO - Processing file /home/ubuntu/airflow-venv/lib/python3.12/site-packages/airflow/example_dags/example_branch_datetime_operator.py for tasks to queue
[2024-07-31T18:54:34.095+0000] {logging_mixin.py:188} INFO - [2024-07-31T18:54:34.095+0000] {dagbag.py:545} INFO - Filling up the DagBag from /home/ubuntu/airflow-venv/lib/python3.12/site-packages/airflow/example_dags/example_branch_datetime_operator.py
[2024-07-31T18:54:34.106+0000] {processor.py:840} INFO - DAG(s) 'example_branch_datetime_operator_2', 'example_branch_datetime_operator', 'example_branch_datetime_operator_3' retrieved from /home/ubuntu/airflow-venv/lib/python3.12/site-packages/airflow/example_dags/example_branch_datetime_operator.py
[2024-07-31T18:54:34.129+0000] {logging_mixin.py:188} INFO - [2024-07-31T18:54:34.129+0000] {dag.py:3089} INFO - Sync 3 DAGs
[2024-07-31T18:54:34.151+0000] {logging_mixin.py:188} INFO - [2024-07-31T18:54:34.151+0000] {dag.py:3947} INFO - Setting next_dagrun for example_branch_datetime_operator to 2024-07-30 00:00:00+00:00, run_after=2024-07-31 00:00:00+00:00
[2024-07-31T18:54:34.157+0000] {logging_mixin.py:188} INFO - [2024-07-31T18:54:34.156+0000] {dag.py:3947} INFO - Setting next_dagrun for example_branch_datetime_operator_2 to 2024-07-30 00:00:00+00:00, run_after=2024-07-31 00:00:00+00:00
[2024-07-31T18:54:34.159+0000] {logging_mixin.py:188} INFO - [2024-07-31T18:54:34.159+0000] {dag.py:3947} INFO - Setting next_dagrun for example_branch_datetime_operator_3 to 2024-07-30 00:00:00+00:00, run_after=2024-07-31 00:00:00+00:00
[2024-07-31T18:54:34.181+0000] {processor.py:183} INFO - Processing /home/ubuntu/airflow-venv/lib/python3.12/site-packages/airflow/example_dags/example_branch_datetime_operator.py took 0.094 seconds
[2024-07-31T18:55:35.747+0000] {processor.py:161} INFO - Started process (PID=4639) to work on /home/ubuntu/airflow-venv/lib/python3.12/site-packages/airflow/example_dags/example_branch_datetime_operator.py
[2024-07-31T18:55:35.749+0000] {processor.py:830} INFO - Processing file /home/ubuntu/airflow-venv/lib/python3.12/site-packages/airflow/example_dags/example_branch_datetime_operator.py for tasks to queue
[2024-07-31T18:55:35.750+0000] {logging_mixin.py:188} INFO - [2024-07-31T18:55:35.749+0000] {dagbag.py:545} INFO - Filling up the DagBag from /home/ubuntu/airflow-venv/lib/python3.12/site-packages/airflow/example_dags/example_branch_datetime_operator.py
[2024-07-31T18:55:35.760+0000] {processor.py:840} INFO - DAG(s) 'example_branch_datetime_operator_3', 'example_branch_datetime_operator', 'example_branch_datetime_operator_2' retrieved from /home/ubuntu/airflow-venv/lib/python3.12/site-packages/airflow/example_dags/example_branch_datetime_operator.py
[2024-07-31T18:55:35.782+0000] {logging_mixin.py:188} INFO - [2024-07-31T18:55:35.782+0000] {dag.py:3089} INFO - Sync 3 DAGs
[2024-07-31T18:55:35.803+0000] {logging_mixin.py:188} INFO - [2024-07-31T18:55:35.803+0000] {dag.py:3947} INFO - Setting next_dagrun for example_branch_datetime_operator to 2024-07-30 00:00:00+00:00, run_after=2024-07-31 00:00:00+00:00
[2024-07-31T18:55:35.808+0000] {logging_mixin.py:188} INFO - [2024-07-31T18:55:35.808+0000] {dag.py:3947} INFO - Setting next_dagrun for example_branch_datetime_operator_2 to 2024-07-30 00:00:00+00:00, run_after=2024-07-31 00:00:00+00:00
[2024-07-31T18:55:35.810+0000] {logging_mixin.py:188} INFO - [2024-07-31T18:55:35.810+0000] {dag.py:3947} INFO - Setting next_dagrun for example_branch_datetime_operator_3 to 2024-07-30 00:00:00+00:00, run_after=2024-07-31 00:00:00+00:00
[2024-07-31T18:55:35.830+0000] {processor.py:183} INFO - Processing /home/ubuntu/airflow-venv/lib/python3.12/site-packages/airflow/example_dags/example_branch_datetime_operator.py took 0.088 seconds
[2024-07-31T18:56:43.485+0000] {processor.py:161} INFO - Started process (PID=4941) to work on /home/ubuntu/airflow-venv/lib/python3.12/site-packages/airflow/example_dags/example_branch_datetime_operator.py
[2024-07-31T18:56:43.488+0000] {processor.py:830} INFO - Processing file /home/ubuntu/airflow-venv/lib/python3.12/site-packages/airflow/example_dags/example_branch_datetime_operator.py for tasks to queue
[2024-07-31T18:56:43.489+0000] {logging_mixin.py:188} INFO - [2024-07-31T18:56:43.488+0000] {dagbag.py:545} INFO - Filling up the DagBag from /home/ubuntu/airflow-venv/lib/python3.12/site-packages/airflow/example_dags/example_branch_datetime_operator.py
[2024-07-31T18:56:43.505+0000] {processor.py:840} INFO - DAG(s) 'example_branch_datetime_operator', 'example_branch_datetime_operator_3', 'example_branch_datetime_operator_2' retrieved from /home/ubuntu/airflow-venv/lib/python3.12/site-packages/airflow/example_dags/example_branch_datetime_operator.py
[2024-07-31T18:56:43.528+0000] {logging_mixin.py:188} INFO - [2024-07-31T18:56:43.528+0000] {dag.py:3089} INFO - Sync 3 DAGs
[2024-07-31T18:56:43.553+0000] {logging_mixin.py:188} INFO - [2024-07-31T18:56:43.552+0000] {dag.py:3947} INFO - Setting next_dagrun for example_branch_datetime_operator to 2024-07-30 00:00:00+00:00, run_after=2024-07-31 00:00:00+00:00
[2024-07-31T18:56:43.558+0000] {logging_mixin.py:188} INFO - [2024-07-31T18:56:43.558+0000] {dag.py:3947} INFO - Setting next_dagrun for example_branch_datetime_operator_2 to 2024-07-30 00:00:00+00:00, run_after=2024-07-31 00:00:00+00:00
[2024-07-31T18:56:43.560+0000] {logging_mixin.py:188} INFO - [2024-07-31T18:56:43.560+0000] {dag.py:3947} INFO - Setting next_dagrun for example_branch_datetime_operator_3 to 2024-07-30 00:00:00+00:00, run_after=2024-07-31 00:00:00+00:00
[2024-07-31T18:56:43.593+0000] {processor.py:183} INFO - Processing /home/ubuntu/airflow-venv/lib/python3.12/site-packages/airflow/example_dags/example_branch_datetime_operator.py took 0.118 seconds
[2024-07-31T18:57:52.446+0000] {processor.py:161} INFO - Started process (PID=5093) to work on /home/ubuntu/airflow-venv/lib/python3.12/site-packages/airflow/example_dags/example_branch_datetime_operator.py
[2024-07-31T18:57:52.447+0000] {processor.py:830} INFO - Processing file /home/ubuntu/airflow-venv/lib/python3.12/site-packages/airflow/example_dags/example_branch_datetime_operator.py for tasks to queue
[2024-07-31T18:57:52.448+0000] {logging_mixin.py:188} INFO - [2024-07-31T18:57:52.448+0000] {dagbag.py:545} INFO - Filling up the DagBag from /home/ubuntu/airflow-venv/lib/python3.12/site-packages/airflow/example_dags/example_branch_datetime_operator.py
[2024-07-31T18:57:52.458+0000] {processor.py:840} INFO - DAG(s) 'example_branch_datetime_operator_2', 'example_branch_datetime_operator', 'example_branch_datetime_operator_3' retrieved from /home/ubuntu/airflow-venv/lib/python3.12/site-packages/airflow/example_dags/example_branch_datetime_operator.py
[2024-07-31T18:57:52.481+0000] {logging_mixin.py:188} INFO - [2024-07-31T18:57:52.480+0000] {dag.py:3089} INFO - Sync 3 DAGs
[2024-07-31T18:57:52.502+0000] {logging_mixin.py:188} INFO - [2024-07-31T18:57:52.502+0000] {dag.py:3947} INFO - Setting next_dagrun for example_branch_datetime_operator to 2024-07-30 00:00:00+00:00, run_after=2024-07-31 00:00:00+00:00
[2024-07-31T18:57:52.507+0000] {logging_mixin.py:188} INFO - [2024-07-31T18:57:52.507+0000] {dag.py:3947} INFO - Setting next_dagrun for example_branch_datetime_operator_2 to 2024-07-30 00:00:00+00:00, run_after=2024-07-31 00:00:00+00:00
[2024-07-31T18:57:52.509+0000] {logging_mixin.py:188} INFO - [2024-07-31T18:57:52.509+0000] {dag.py:3947} INFO - Setting next_dagrun for example_branch_datetime_operator_3 to 2024-07-30 00:00:00+00:00, run_after=2024-07-31 00:00:00+00:00
[2024-07-31T18:57:52.530+0000] {processor.py:183} INFO - Processing /home/ubuntu/airflow-venv/lib/python3.12/site-packages/airflow/example_dags/example_branch_datetime_operator.py took 0.090 seconds
[2024-07-31T18:58:59.070+0000] {processor.py:161} INFO - Started process (PID=5165) to work on /home/ubuntu/airflow-venv/lib/python3.12/site-packages/airflow/example_dags/example_branch_datetime_operator.py
[2024-07-31T18:58:59.071+0000] {processor.py:830} INFO - Processing file /home/ubuntu/airflow-venv/lib/python3.12/site-packages/airflow/example_dags/example_branch_datetime_operator.py for tasks to queue
[2024-07-31T18:58:59.072+0000] {logging_mixin.py:188} INFO - [2024-07-31T18:58:59.071+0000] {dagbag.py:545} INFO - Filling up the DagBag from /home/ubuntu/airflow-venv/lib/python3.12/site-packages/airflow/example_dags/example_branch_datetime_operator.py
[2024-07-31T18:58:59.082+0000] {processor.py:840} INFO - DAG(s) 'example_branch_datetime_operator_2', 'example_branch_datetime_operator_3', 'example_branch_datetime_operator' retrieved from /home/ubuntu/airflow-venv/lib/python3.12/site-packages/airflow/example_dags/example_branch_datetime_operator.py
[2024-07-31T18:58:59.105+0000] {logging_mixin.py:188} INFO - [2024-07-31T18:58:59.104+0000] {dag.py:3089} INFO - Sync 3 DAGs
[2024-07-31T18:58:59.126+0000] {logging_mixin.py:188} INFO - [2024-07-31T18:58:59.126+0000] {dag.py:3947} INFO - Setting next_dagrun for example_branch_datetime_operator to 2024-07-30 00:00:00+00:00, run_after=2024-07-31 00:00:00+00:00
[2024-07-31T18:58:59.131+0000] {logging_mixin.py:188} INFO - [2024-07-31T18:58:59.131+0000] {dag.py:3947} INFO - Setting next_dagrun for example_branch_datetime_operator_2 to 2024-07-30 00:00:00+00:00, run_after=2024-07-31 00:00:00+00:00
[2024-07-31T18:58:59.133+0000] {logging_mixin.py:188} INFO - [2024-07-31T18:58:59.133+0000] {dag.py:3947} INFO - Setting next_dagrun for example_branch_datetime_operator_3 to 2024-07-30 00:00:00+00:00, run_after=2024-07-31 00:00:00+00:00
[2024-07-31T18:58:59.154+0000] {processor.py:183} INFO - Processing /home/ubuntu/airflow-venv/lib/python3.12/site-packages/airflow/example_dags/example_branch_datetime_operator.py took 0.091 seconds
[2024-07-31T19:00:02.040+0000] {processor.py:161} INFO - Started process (PID=5232) to work on /home/ubuntu/airflow-venv/lib/python3.12/site-packages/airflow/example_dags/example_branch_datetime_operator.py
[2024-07-31T19:00:02.043+0000] {processor.py:830} INFO - Processing file /home/ubuntu/airflow-venv/lib/python3.12/site-packages/airflow/example_dags/example_branch_datetime_operator.py for tasks to queue
[2024-07-31T19:00:02.044+0000] {logging_mixin.py:188} INFO - [2024-07-31T19:00:02.043+0000] {dagbag.py:545} INFO - Filling up the DagBag from /home/ubuntu/airflow-venv/lib/python3.12/site-packages/airflow/example_dags/example_branch_datetime_operator.py
[2024-07-31T19:00:02.054+0000] {processor.py:840} INFO - DAG(s) 'example_branch_datetime_operator_3', 'example_branch_datetime_operator', 'example_branch_datetime_operator_2' retrieved from /home/ubuntu/airflow-venv/lib/python3.12/site-packages/airflow/example_dags/example_branch_datetime_operator.py
[2024-07-31T19:00:02.076+0000] {logging_mixin.py:188} INFO - [2024-07-31T19:00:02.076+0000] {dag.py:3089} INFO - Sync 3 DAGs
[2024-07-31T19:00:02.105+0000] {logging_mixin.py:188} INFO - [2024-07-31T19:00:02.105+0000] {dag.py:3947} INFO - Setting next_dagrun for example_branch_datetime_operator to 2024-07-30 00:00:00+00:00, run_after=2024-07-31 00:00:00+00:00
[2024-07-31T19:00:02.110+0000] {logging_mixin.py:188} INFO - [2024-07-31T19:00:02.110+0000] {dag.py:3947} INFO - Setting next_dagrun for example_branch_datetime_operator_2 to 2024-07-30 00:00:00+00:00, run_after=2024-07-31 00:00:00+00:00
[2024-07-31T19:00:02.112+0000] {logging_mixin.py:188} INFO - [2024-07-31T19:00:02.112+0000] {dag.py:3947} INFO - Setting next_dagrun for example_branch_datetime_operator_3 to 2024-07-30 00:00:00+00:00, run_after=2024-07-31 00:00:00+00:00
[2024-07-31T19:00:02.134+0000] {processor.py:183} INFO - Processing /home/ubuntu/airflow-venv/lib/python3.12/site-packages/airflow/example_dags/example_branch_datetime_operator.py took 0.100 seconds
[2024-07-31T19:01:10.294+0000] {processor.py:161} INFO - Started process (PID=5305) to work on /home/ubuntu/airflow-venv/lib/python3.12/site-packages/airflow/example_dags/example_branch_datetime_operator.py
[2024-07-31T19:01:10.296+0000] {processor.py:830} INFO - Processing file /home/ubuntu/airflow-venv/lib/python3.12/site-packages/airflow/example_dags/example_branch_datetime_operator.py for tasks to queue
[2024-07-31T19:01:10.297+0000] {logging_mixin.py:188} INFO - [2024-07-31T19:01:10.297+0000] {dagbag.py:545} INFO - Filling up the DagBag from /home/ubuntu/airflow-venv/lib/python3.12/site-packages/airflow/example_dags/example_branch_datetime_operator.py
[2024-07-31T19:01:10.308+0000] {processor.py:840} INFO - DAG(s) 'example_branch_datetime_operator', 'example_branch_datetime_operator_2', 'example_branch_datetime_operator_3' retrieved from /home/ubuntu/airflow-venv/lib/python3.12/site-packages/airflow/example_dags/example_branch_datetime_operator.py
[2024-07-31T19:01:10.332+0000] {logging_mixin.py:188} INFO - [2024-07-31T19:01:10.332+0000] {dag.py:3089} INFO - Sync 3 DAGs
[2024-07-31T19:01:10.355+0000] {logging_mixin.py:188} INFO - [2024-07-31T19:01:10.354+0000] {dag.py:3947} INFO - Setting next_dagrun for example_branch_datetime_operator to 2024-07-30 00:00:00+00:00, run_after=2024-07-31 00:00:00+00:00
[2024-07-31T19:01:10.360+0000] {logging_mixin.py:188} INFO - [2024-07-31T19:01:10.359+0000] {dag.py:3947} INFO - Setting next_dagrun for example_branch_datetime_operator_2 to 2024-07-30 00:00:00+00:00, run_after=2024-07-31 00:00:00+00:00
[2024-07-31T19:01:10.362+0000] {logging_mixin.py:188} INFO - [2024-07-31T19:01:10.362+0000] {dag.py:3947} INFO - Setting next_dagrun for example_branch_datetime_operator_3 to 2024-07-30 00:00:00+00:00, run_after=2024-07-31 00:00:00+00:00
[2024-07-31T19:01:10.388+0000] {processor.py:183} INFO - Processing /home/ubuntu/airflow-venv/lib/python3.12/site-packages/airflow/example_dags/example_branch_datetime_operator.py took 0.100 seconds
[2024-07-31T19:02:19.193+0000] {processor.py:161} INFO - Started process (PID=5375) to work on /home/ubuntu/airflow-venv/lib/python3.12/site-packages/airflow/example_dags/example_branch_datetime_operator.py
[2024-07-31T19:02:19.195+0000] {processor.py:830} INFO - Processing file /home/ubuntu/airflow-venv/lib/python3.12/site-packages/airflow/example_dags/example_branch_datetime_operator.py for tasks to queue
[2024-07-31T19:02:19.196+0000] {logging_mixin.py:188} INFO - [2024-07-31T19:02:19.195+0000] {dagbag.py:545} INFO - Filling up the DagBag from /home/ubuntu/airflow-venv/lib/python3.12/site-packages/airflow/example_dags/example_branch_datetime_operator.py
[2024-07-31T19:02:19.206+0000] {processor.py:840} INFO - DAG(s) 'example_branch_datetime_operator_3', 'example_branch_datetime_operator_2', 'example_branch_datetime_operator' retrieved from /home/ubuntu/airflow-venv/lib/python3.12/site-packages/airflow/example_dags/example_branch_datetime_operator.py
[2024-07-31T19:02:19.229+0000] {logging_mixin.py:188} INFO - [2024-07-31T19:02:19.228+0000] {dag.py:3089} INFO - Sync 3 DAGs
[2024-07-31T19:02:19.251+0000] {logging_mixin.py:188} INFO - [2024-07-31T19:02:19.250+0000] {dag.py:3947} INFO - Setting next_dagrun for example_branch_datetime_operator to 2024-07-30 00:00:00+00:00, run_after=2024-07-31 00:00:00+00:00
[2024-07-31T19:02:19.256+0000] {logging_mixin.py:188} INFO - [2024-07-31T19:02:19.255+0000] {dag.py:3947} INFO - Setting next_dagrun for example_branch_datetime_operator_2 to 2024-07-30 00:00:00+00:00, run_after=2024-07-31 00:00:00+00:00
[2024-07-31T19:02:19.258+0000] {logging_mixin.py:188} INFO - [2024-07-31T19:02:19.258+0000] {dag.py:3947} INFO - Setting next_dagrun for example_branch_datetime_operator_3 to 2024-07-30 00:00:00+00:00, run_after=2024-07-31 00:00:00+00:00
[2024-07-31T19:02:19.279+0000] {processor.py:183} INFO - Processing /home/ubuntu/airflow-venv/lib/python3.12/site-packages/airflow/example_dags/example_branch_datetime_operator.py took 0.092 seconds
[2024-07-31T19:03:24.899+0000] {processor.py:161} INFO - Started process (PID=5444) to work on /home/ubuntu/airflow-venv/lib/python3.12/site-packages/airflow/example_dags/example_branch_datetime_operator.py
[2024-07-31T19:03:24.900+0000] {processor.py:830} INFO - Processing file /home/ubuntu/airflow-venv/lib/python3.12/site-packages/airflow/example_dags/example_branch_datetime_operator.py for tasks to queue
[2024-07-31T19:03:24.901+0000] {logging_mixin.py:188} INFO - [2024-07-31T19:03:24.901+0000] {dagbag.py:545} INFO - Filling up the DagBag from /home/ubuntu/airflow-venv/lib/python3.12/site-packages/airflow/example_dags/example_branch_datetime_operator.py
[2024-07-31T19:03:24.912+0000] {processor.py:840} INFO - DAG(s) 'example_branch_datetime_operator_2', 'example_branch_datetime_operator', 'example_branch_datetime_operator_3' retrieved from /home/ubuntu/airflow-venv/lib/python3.12/site-packages/airflow/example_dags/example_branch_datetime_operator.py
[2024-07-31T19:03:24.934+0000] {logging_mixin.py:188} INFO - [2024-07-31T19:03:24.934+0000] {dag.py:3089} INFO - Sync 3 DAGs
[2024-07-31T19:03:24.956+0000] {logging_mixin.py:188} INFO - [2024-07-31T19:03:24.956+0000] {dag.py:3947} INFO - Setting next_dagrun for example_branch_datetime_operator to 2024-07-30 00:00:00+00:00, run_after=2024-07-31 00:00:00+00:00
[2024-07-31T19:03:24.961+0000] {logging_mixin.py:188} INFO - [2024-07-31T19:03:24.961+0000] {dag.py:3947} INFO - Setting next_dagrun for example_branch_datetime_operator_2 to 2024-07-30 00:00:00+00:00, run_after=2024-07-31 00:00:00+00:00
[2024-07-31T19:03:24.963+0000] {logging_mixin.py:188} INFO - [2024-07-31T19:03:24.963+0000] {dag.py:3947} INFO - Setting next_dagrun for example_branch_datetime_operator_3 to 2024-07-30 00:00:00+00:00, run_after=2024-07-31 00:00:00+00:00
[2024-07-31T19:03:24.986+0000] {processor.py:183} INFO - Processing /home/ubuntu/airflow-venv/lib/python3.12/site-packages/airflow/example_dags/example_branch_datetime_operator.py took 0.092 seconds
[2024-07-31T19:19:28.829+0000] {processor.py:161} INFO - Started process (PID=5646) to work on /home/ubuntu/airflow-venv/lib/python3.12/site-packages/airflow/example_dags/example_branch_datetime_operator.py
[2024-07-31T19:19:28.831+0000] {processor.py:830} INFO - Processing file /home/ubuntu/airflow-venv/lib/python3.12/site-packages/airflow/example_dags/example_branch_datetime_operator.py for tasks to queue
[2024-07-31T19:19:28.832+0000] {logging_mixin.py:188} INFO - [2024-07-31T19:19:28.832+0000] {dagbag.py:545} INFO - Filling up the DagBag from /home/ubuntu/airflow-venv/lib/python3.12/site-packages/airflow/example_dags/example_branch_datetime_operator.py
[2024-07-31T19:19:28.843+0000] {processor.py:840} INFO - DAG(s) 'example_branch_datetime_operator_3', 'example_branch_datetime_operator_2', 'example_branch_datetime_operator' retrieved from /home/ubuntu/airflow-venv/lib/python3.12/site-packages/airflow/example_dags/example_branch_datetime_operator.py
[2024-07-31T19:19:28.961+0000] {logging_mixin.py:188} INFO - [2024-07-31T19:19:28.961+0000] {dag.py:3089} INFO - Sync 3 DAGs
[2024-07-31T19:19:28.981+0000] {logging_mixin.py:188} INFO - [2024-07-31T19:19:28.981+0000] {dag.py:3947} INFO - Setting next_dagrun for example_branch_datetime_operator to 2024-07-30 00:00:00+00:00, run_after=2024-07-31 00:00:00+00:00
[2024-07-31T19:19:28.985+0000] {logging_mixin.py:188} INFO - [2024-07-31T19:19:28.985+0000] {dag.py:3947} INFO - Setting next_dagrun for example_branch_datetime_operator_2 to 2024-07-30 00:00:00+00:00, run_after=2024-07-31 00:00:00+00:00
[2024-07-31T19:19:28.987+0000] {logging_mixin.py:188} INFO - [2024-07-31T19:19:28.987+0000] {dag.py:3947} INFO - Setting next_dagrun for example_branch_datetime_operator_3 to 2024-07-30 00:00:00+00:00, run_after=2024-07-31 00:00:00+00:00
[2024-07-31T19:19:29.009+0000] {processor.py:183} INFO - Processing /home/ubuntu/airflow-venv/lib/python3.12/site-packages/airflow/example_dags/example_branch_datetime_operator.py took 0.186 seconds
[2024-07-31T19:20:26.773+0000] {processor.py:161} INFO - Started process (PID=5702) to work on /home/ubuntu/airflow-venv/lib/python3.12/site-packages/airflow/example_dags/example_branch_datetime_operator.py
[2024-07-31T19:20:26.775+0000] {processor.py:830} INFO - Processing file /home/ubuntu/airflow-venv/lib/python3.12/site-packages/airflow/example_dags/example_branch_datetime_operator.py for tasks to queue
[2024-07-31T19:20:26.777+0000] {logging_mixin.py:188} INFO - [2024-07-31T19:20:26.776+0000] {dagbag.py:545} INFO - Filling up the DagBag from /home/ubuntu/airflow-venv/lib/python3.12/site-packages/airflow/example_dags/example_branch_datetime_operator.py
[2024-07-31T19:20:26.788+0000] {processor.py:840} INFO - DAG(s) 'example_branch_datetime_operator_3', 'example_branch_datetime_operator', 'example_branch_datetime_operator_2' retrieved from /home/ubuntu/airflow-venv/lib/python3.12/site-packages/airflow/example_dags/example_branch_datetime_operator.py
[2024-07-31T19:20:26.810+0000] {logging_mixin.py:188} INFO - [2024-07-31T19:20:26.810+0000] {dag.py:3089} INFO - Sync 3 DAGs
[2024-07-31T19:20:26.832+0000] {logging_mixin.py:188} INFO - [2024-07-31T19:20:26.832+0000] {dag.py:3947} INFO - Setting next_dagrun for example_branch_datetime_operator to 2024-07-30 00:00:00+00:00, run_after=2024-07-31 00:00:00+00:00
[2024-07-31T19:20:26.838+0000] {logging_mixin.py:188} INFO - [2024-07-31T19:20:26.837+0000] {dag.py:3947} INFO - Setting next_dagrun for example_branch_datetime_operator_2 to 2024-07-30 00:00:00+00:00, run_after=2024-07-31 00:00:00+00:00
[2024-07-31T19:20:26.840+0000] {logging_mixin.py:188} INFO - [2024-07-31T19:20:26.840+0000] {dag.py:3947} INFO - Setting next_dagrun for example_branch_datetime_operator_3 to 2024-07-30 00:00:00+00:00, run_after=2024-07-31 00:00:00+00:00
[2024-07-31T19:20:26.864+0000] {processor.py:183} INFO - Processing /home/ubuntu/airflow-venv/lib/python3.12/site-packages/airflow/example_dags/example_branch_datetime_operator.py took 0.096 seconds
[2024-07-31T19:21:39.240+0000] {processor.py:161} INFO - Started process (PID=5777) to work on /home/ubuntu/airflow-venv/lib/python3.12/site-packages/airflow/example_dags/example_branch_datetime_operator.py
[2024-07-31T19:21:39.242+0000] {processor.py:830} INFO - Processing file /home/ubuntu/airflow-venv/lib/python3.12/site-packages/airflow/example_dags/example_branch_datetime_operator.py for tasks to queue
[2024-07-31T19:21:39.243+0000] {logging_mixin.py:188} INFO - [2024-07-31T19:21:39.243+0000] {dagbag.py:545} INFO - Filling up the DagBag from /home/ubuntu/airflow-venv/lib/python3.12/site-packages/airflow/example_dags/example_branch_datetime_operator.py
[2024-07-31T19:21:39.254+0000] {processor.py:840} INFO - DAG(s) 'example_branch_datetime_operator_2', 'example_branch_datetime_operator_3', 'example_branch_datetime_operator' retrieved from /home/ubuntu/airflow-venv/lib/python3.12/site-packages/airflow/example_dags/example_branch_datetime_operator.py
[2024-07-31T19:21:39.276+0000] {logging_mixin.py:188} INFO - [2024-07-31T19:21:39.276+0000] {dag.py:3089} INFO - Sync 3 DAGs
[2024-07-31T19:21:39.299+0000] {logging_mixin.py:188} INFO - [2024-07-31T19:21:39.299+0000] {dag.py:3947} INFO - Setting next_dagrun for example_branch_datetime_operator to 2024-07-30 00:00:00+00:00, run_after=2024-07-31 00:00:00+00:00
[2024-07-31T19:21:39.304+0000] {logging_mixin.py:188} INFO - [2024-07-31T19:21:39.304+0000] {dag.py:3947} INFO - Setting next_dagrun for example_branch_datetime_operator_2 to 2024-07-30 00:00:00+00:00, run_after=2024-07-31 00:00:00+00:00
[2024-07-31T19:21:39.306+0000] {logging_mixin.py:188} INFO - [2024-07-31T19:21:39.306+0000] {dag.py:3947} INFO - Setting next_dagrun for example_branch_datetime_operator_3 to 2024-07-30 00:00:00+00:00, run_after=2024-07-31 00:00:00+00:00
[2024-07-31T19:21:39.327+0000] {processor.py:183} INFO - Processing /home/ubuntu/airflow-venv/lib/python3.12/site-packages/airflow/example_dags/example_branch_datetime_operator.py took 0.093 seconds
[2024-07-31T19:22:51.220+0000] {processor.py:161} INFO - Started process (PID=5850) to work on /home/ubuntu/airflow-venv/lib/python3.12/site-packages/airflow/example_dags/example_branch_datetime_operator.py
[2024-07-31T19:22:51.222+0000] {processor.py:830} INFO - Processing file /home/ubuntu/airflow-venv/lib/python3.12/site-packages/airflow/example_dags/example_branch_datetime_operator.py for tasks to queue
[2024-07-31T19:22:51.223+0000] {logging_mixin.py:188} INFO - [2024-07-31T19:22:51.222+0000] {dagbag.py:545} INFO - Filling up the DagBag from /home/ubuntu/airflow-venv/lib/python3.12/site-packages/airflow/example_dags/example_branch_datetime_operator.py
[2024-07-31T19:22:51.233+0000] {processor.py:840} INFO - DAG(s) 'example_branch_datetime_operator_3', 'example_branch_datetime_operator_2', 'example_branch_datetime_operator' retrieved from /home/ubuntu/airflow-venv/lib/python3.12/site-packages/airflow/example_dags/example_branch_datetime_operator.py
[2024-07-31T19:22:51.255+0000] {logging_mixin.py:188} INFO - [2024-07-31T19:22:51.255+0000] {dag.py:3089} INFO - Sync 3 DAGs
[2024-07-31T19:22:51.276+0000] {logging_mixin.py:188} INFO - [2024-07-31T19:22:51.276+0000] {dag.py:3947} INFO - Setting next_dagrun for example_branch_datetime_operator to 2024-07-30 00:00:00+00:00, run_after=2024-07-31 00:00:00+00:00
[2024-07-31T19:22:51.281+0000] {logging_mixin.py:188} INFO - [2024-07-31T19:22:51.281+0000] {dag.py:3947} INFO - Setting next_dagrun for example_branch_datetime_operator_2 to 2024-07-30 00:00:00+00:00, run_after=2024-07-31 00:00:00+00:00
[2024-07-31T19:22:51.283+0000] {logging_mixin.py:188} INFO - [2024-07-31T19:22:51.283+0000] {dag.py:3947} INFO - Setting next_dagrun for example_branch_datetime_operator_3 to 2024-07-30 00:00:00+00:00, run_after=2024-07-31 00:00:00+00:00
[2024-07-31T19:22:51.304+0000] {processor.py:183} INFO - Processing /home/ubuntu/airflow-venv/lib/python3.12/site-packages/airflow/example_dags/example_branch_datetime_operator.py took 0.089 seconds
[2024-07-31T19:24:00.287+0000] {processor.py:161} INFO - Started process (PID=5927) to work on /home/ubuntu/airflow-venv/lib/python3.12/site-packages/airflow/example_dags/example_branch_datetime_operator.py
[2024-07-31T19:24:00.289+0000] {processor.py:830} INFO - Processing file /home/ubuntu/airflow-venv/lib/python3.12/site-packages/airflow/example_dags/example_branch_datetime_operator.py for tasks to queue
[2024-07-31T19:24:00.290+0000] {logging_mixin.py:188} INFO - [2024-07-31T19:24:00.289+0000] {dagbag.py:545} INFO - Filling up the DagBag from /home/ubuntu/airflow-venv/lib/python3.12/site-packages/airflow/example_dags/example_branch_datetime_operator.py
[2024-07-31T19:24:00.300+0000] {processor.py:840} INFO - DAG(s) 'example_branch_datetime_operator', 'example_branch_datetime_operator_3', 'example_branch_datetime_operator_2' retrieved from /home/ubuntu/airflow-venv/lib/python3.12/site-packages/airflow/example_dags/example_branch_datetime_operator.py
[2024-07-31T19:24:00.324+0000] {logging_mixin.py:188} INFO - [2024-07-31T19:24:00.323+0000] {dag.py:3089} INFO - Sync 3 DAGs
[2024-07-31T19:24:00.346+0000] {logging_mixin.py:188} INFO - [2024-07-31T19:24:00.346+0000] {dag.py:3947} INFO - Setting next_dagrun for example_branch_datetime_operator to 2024-07-30 00:00:00+00:00, run_after=2024-07-31 00:00:00+00:00
[2024-07-31T19:24:00.352+0000] {logging_mixin.py:188} INFO - [2024-07-31T19:24:00.351+0000] {dag.py:3947} INFO - Setting next_dagrun for example_branch_datetime_operator_2 to 2024-07-30 00:00:00+00:00, run_after=2024-07-31 00:00:00+00:00
[2024-07-31T19:24:00.354+0000] {logging_mixin.py:188} INFO - [2024-07-31T19:24:00.354+0000] {dag.py:3947} INFO - Setting next_dagrun for example_branch_datetime_operator_3 to 2024-07-30 00:00:00+00:00, run_after=2024-07-31 00:00:00+00:00
[2024-07-31T19:24:00.375+0000] {processor.py:183} INFO - Processing /home/ubuntu/airflow-venv/lib/python3.12/site-packages/airflow/example_dags/example_branch_datetime_operator.py took 0.093 seconds
[2024-07-31T19:24:49.601+0000] {processor.py:161} INFO - Started process (PID=5981) to work on /home/ubuntu/airflow-venv/lib/python3.12/site-packages/airflow/example_dags/example_branch_datetime_operator.py
[2024-07-31T19:24:49.603+0000] {processor.py:830} INFO - Processing file /home/ubuntu/airflow-venv/lib/python3.12/site-packages/airflow/example_dags/example_branch_datetime_operator.py for tasks to queue
[2024-07-31T19:24:49.603+0000] {logging_mixin.py:188} INFO - [2024-07-31T19:24:49.603+0000] {dagbag.py:545} INFO - Filling up the DagBag from /home/ubuntu/airflow-venv/lib/python3.12/site-packages/airflow/example_dags/example_branch_datetime_operator.py
[2024-07-31T19:24:49.614+0000] {processor.py:840} INFO - DAG(s) 'example_branch_datetime_operator', 'example_branch_datetime_operator_3', 'example_branch_datetime_operator_2' retrieved from /home/ubuntu/airflow-venv/lib/python3.12/site-packages/airflow/example_dags/example_branch_datetime_operator.py
[2024-07-31T19:24:49.637+0000] {logging_mixin.py:188} INFO - [2024-07-31T19:24:49.636+0000] {dag.py:3089} INFO - Sync 3 DAGs
[2024-07-31T19:24:49.659+0000] {logging_mixin.py:188} INFO - [2024-07-31T19:24:49.659+0000] {dag.py:3947} INFO - Setting next_dagrun for example_branch_datetime_operator to 2024-07-30 00:00:00+00:00, run_after=2024-07-31 00:00:00+00:00
[2024-07-31T19:24:49.664+0000] {logging_mixin.py:188} INFO - [2024-07-31T19:24:49.664+0000] {dag.py:3947} INFO - Setting next_dagrun for example_branch_datetime_operator_2 to 2024-07-30 00:00:00+00:00, run_after=2024-07-31 00:00:00+00:00
[2024-07-31T19:24:49.666+0000] {logging_mixin.py:188} INFO - [2024-07-31T19:24:49.666+0000] {dag.py:3947} INFO - Setting next_dagrun for example_branch_datetime_operator_3 to 2024-07-30 00:00:00+00:00, run_after=2024-07-31 00:00:00+00:00
[2024-07-31T19:24:49.688+0000] {processor.py:183} INFO - Processing /home/ubuntu/airflow-venv/lib/python3.12/site-packages/airflow/example_dags/example_branch_datetime_operator.py took 0.092 seconds
[2024-07-31T19:26:01.027+0000] {processor.py:161} INFO - Started process (PID=6057) to work on /home/ubuntu/airflow-venv/lib/python3.12/site-packages/airflow/example_dags/example_branch_datetime_operator.py
[2024-07-31T19:26:01.029+0000] {processor.py:830} INFO - Processing file /home/ubuntu/airflow-venv/lib/python3.12/site-packages/airflow/example_dags/example_branch_datetime_operator.py for tasks to queue
[2024-07-31T19:26:01.030+0000] {logging_mixin.py:188} INFO - [2024-07-31T19:26:01.029+0000] {dagbag.py:545} INFO - Filling up the DagBag from /home/ubuntu/airflow-venv/lib/python3.12/site-packages/airflow/example_dags/example_branch_datetime_operator.py
[2024-07-31T19:26:01.040+0000] {processor.py:840} INFO - DAG(s) 'example_branch_datetime_operator_3', 'example_branch_datetime_operator_2', 'example_branch_datetime_operator' retrieved from /home/ubuntu/airflow-venv/lib/python3.12/site-packages/airflow/example_dags/example_branch_datetime_operator.py
[2024-07-31T19:26:01.063+0000] {logging_mixin.py:188} INFO - [2024-07-31T19:26:01.063+0000] {dag.py:3089} INFO - Sync 3 DAGs
[2024-07-31T19:26:01.087+0000] {logging_mixin.py:188} INFO - [2024-07-31T19:26:01.086+0000] {dag.py:3947} INFO - Setting next_dagrun for example_branch_datetime_operator to 2024-07-30 00:00:00+00:00, run_after=2024-07-31 00:00:00+00:00
[2024-07-31T19:26:01.092+0000] {logging_mixin.py:188} INFO - [2024-07-31T19:26:01.092+0000] {dag.py:3947} INFO - Setting next_dagrun for example_branch_datetime_operator_2 to 2024-07-30 00:00:00+00:00, run_after=2024-07-31 00:00:00+00:00
[2024-07-31T19:26:01.094+0000] {logging_mixin.py:188} INFO - [2024-07-31T19:26:01.094+0000] {dag.py:3947} INFO - Setting next_dagrun for example_branch_datetime_operator_3 to 2024-07-30 00:00:00+00:00, run_after=2024-07-31 00:00:00+00:00
[2024-07-31T19:26:01.116+0000] {processor.py:183} INFO - Processing /home/ubuntu/airflow-venv/lib/python3.12/site-packages/airflow/example_dags/example_branch_datetime_operator.py took 0.095 seconds
[2024-07-31T19:27:20.844+0000] {processor.py:161} INFO - Started process (PID=6143) to work on /home/ubuntu/airflow-venv/lib/python3.12/site-packages/airflow/example_dags/example_branch_datetime_operator.py
[2024-07-31T19:27:20.845+0000] {processor.py:830} INFO - Processing file /home/ubuntu/airflow-venv/lib/python3.12/site-packages/airflow/example_dags/example_branch_datetime_operator.py for tasks to queue
[2024-07-31T19:27:20.846+0000] {logging_mixin.py:188} INFO - [2024-07-31T19:27:20.846+0000] {dagbag.py:545} INFO - Filling up the DagBag from /home/ubuntu/airflow-venv/lib/python3.12/site-packages/airflow/example_dags/example_branch_datetime_operator.py
[2024-07-31T19:27:20.857+0000] {processor.py:840} INFO - DAG(s) 'example_branch_datetime_operator_3', 'example_branch_datetime_operator', 'example_branch_datetime_operator_2' retrieved from /home/ubuntu/airflow-venv/lib/python3.12/site-packages/airflow/example_dags/example_branch_datetime_operator.py
[2024-07-31T19:27:20.879+0000] {logging_mixin.py:188} INFO - [2024-07-31T19:27:20.879+0000] {dag.py:3089} INFO - Sync 3 DAGs
[2024-07-31T19:27:20.902+0000] {logging_mixin.py:188} INFO - [2024-07-31T19:27:20.902+0000] {dag.py:3947} INFO - Setting next_dagrun for example_branch_datetime_operator to 2024-07-30 00:00:00+00:00, run_after=2024-07-31 00:00:00+00:00
[2024-07-31T19:27:20.907+0000] {logging_mixin.py:188} INFO - [2024-07-31T19:27:20.907+0000] {dag.py:3947} INFO - Setting next_dagrun for example_branch_datetime_operator_2 to 2024-07-30 00:00:00+00:00, run_after=2024-07-31 00:00:00+00:00
[2024-07-31T19:27:20.909+0000] {logging_mixin.py:188} INFO - [2024-07-31T19:27:20.909+0000] {dag.py:3947} INFO - Setting next_dagrun for example_branch_datetime_operator_3 to 2024-07-30 00:00:00+00:00, run_after=2024-07-31 00:00:00+00:00
[2024-07-31T19:27:20.932+0000] {processor.py:183} INFO - Processing /home/ubuntu/airflow-venv/lib/python3.12/site-packages/airflow/example_dags/example_branch_datetime_operator.py took 0.093 seconds
[2024-07-31T19:28:22.345+0000] {processor.py:161} INFO - Started process (PID=6207) to work on /home/ubuntu/airflow-venv/lib/python3.12/site-packages/airflow/example_dags/example_branch_datetime_operator.py
[2024-07-31T19:28:22.346+0000] {processor.py:830} INFO - Processing file /home/ubuntu/airflow-venv/lib/python3.12/site-packages/airflow/example_dags/example_branch_datetime_operator.py for tasks to queue
[2024-07-31T19:28:22.347+0000] {logging_mixin.py:188} INFO - [2024-07-31T19:28:22.347+0000] {dagbag.py:545} INFO - Filling up the DagBag from /home/ubuntu/airflow-venv/lib/python3.12/site-packages/airflow/example_dags/example_branch_datetime_operator.py
[2024-07-31T19:28:22.358+0000] {processor.py:840} INFO - DAG(s) 'example_branch_datetime_operator_3', 'example_branch_datetime_operator', 'example_branch_datetime_operator_2' retrieved from /home/ubuntu/airflow-venv/lib/python3.12/site-packages/airflow/example_dags/example_branch_datetime_operator.py
[2024-07-31T19:28:22.380+0000] {logging_mixin.py:188} INFO - [2024-07-31T19:28:22.380+0000] {dag.py:3089} INFO - Sync 3 DAGs
[2024-07-31T19:28:22.401+0000] {logging_mixin.py:188} INFO - [2024-07-31T19:28:22.401+0000] {dag.py:3947} INFO - Setting next_dagrun for example_branch_datetime_operator to 2024-07-30 00:00:00+00:00, run_after=2024-07-31 00:00:00+00:00
[2024-07-31T19:28:22.406+0000] {logging_mixin.py:188} INFO - [2024-07-31T19:28:22.405+0000] {dag.py:3947} INFO - Setting next_dagrun for example_branch_datetime_operator_2 to 2024-07-30 00:00:00+00:00, run_after=2024-07-31 00:00:00+00:00
[2024-07-31T19:28:22.408+0000] {logging_mixin.py:188} INFO - [2024-07-31T19:28:22.408+0000] {dag.py:3947} INFO - Setting next_dagrun for example_branch_datetime_operator_3 to 2024-07-30 00:00:00+00:00, run_after=2024-07-31 00:00:00+00:00
[2024-07-31T19:28:22.434+0000] {processor.py:183} INFO - Processing /home/ubuntu/airflow-venv/lib/python3.12/site-packages/airflow/example_dags/example_branch_datetime_operator.py took 0.095 seconds
[2024-07-31T19:29:31.878+0000] {processor.py:161} INFO - Started process (PID=6279) to work on /home/ubuntu/airflow-venv/lib/python3.12/site-packages/airflow/example_dags/example_branch_datetime_operator.py
[2024-07-31T19:29:31.879+0000] {processor.py:830} INFO - Processing file /home/ubuntu/airflow-venv/lib/python3.12/site-packages/airflow/example_dags/example_branch_datetime_operator.py for tasks to queue
[2024-07-31T19:29:31.880+0000] {logging_mixin.py:188} INFO - [2024-07-31T19:29:31.880+0000] {dagbag.py:545} INFO - Filling up the DagBag from /home/ubuntu/airflow-venv/lib/python3.12/site-packages/airflow/example_dags/example_branch_datetime_operator.py
[2024-07-31T19:29:31.891+0000] {processor.py:840} INFO - DAG(s) 'example_branch_datetime_operator_3', 'example_branch_datetime_operator', 'example_branch_datetime_operator_2' retrieved from /home/ubuntu/airflow-venv/lib/python3.12/site-packages/airflow/example_dags/example_branch_datetime_operator.py
[2024-07-31T19:29:31.913+0000] {logging_mixin.py:188} INFO - [2024-07-31T19:29:31.913+0000] {dag.py:3089} INFO - Sync 3 DAGs
[2024-07-31T19:29:31.935+0000] {logging_mixin.py:188} INFO - [2024-07-31T19:29:31.935+0000] {dag.py:3947} INFO - Setting next_dagrun for example_branch_datetime_operator to 2024-07-30 00:00:00+00:00, run_after=2024-07-31 00:00:00+00:00
[2024-07-31T19:29:31.940+0000] {logging_mixin.py:188} INFO - [2024-07-31T19:29:31.940+0000] {dag.py:3947} INFO - Setting next_dagrun for example_branch_datetime_operator_2 to 2024-07-30 00:00:00+00:00, run_after=2024-07-31 00:00:00+00:00
[2024-07-31T19:29:31.942+0000] {logging_mixin.py:188} INFO - [2024-07-31T19:29:31.942+0000] {dag.py:3947} INFO - Setting next_dagrun for example_branch_datetime_operator_3 to 2024-07-30 00:00:00+00:00, run_after=2024-07-31 00:00:00+00:00
[2024-07-31T19:29:31.966+0000] {processor.py:183} INFO - Processing /home/ubuntu/airflow-venv/lib/python3.12/site-packages/airflow/example_dags/example_branch_datetime_operator.py took 0.094 seconds
[2024-07-31T19:30:38.290+0000] {processor.py:161} INFO - Started process (PID=6354) to work on /home/ubuntu/airflow-venv/lib/python3.12/site-packages/airflow/example_dags/example_branch_datetime_operator.py
[2024-07-31T19:30:38.291+0000] {processor.py:830} INFO - Processing file /home/ubuntu/airflow-venv/lib/python3.12/site-packages/airflow/example_dags/example_branch_datetime_operator.py for tasks to queue
[2024-07-31T19:30:38.292+0000] {logging_mixin.py:188} INFO - [2024-07-31T19:30:38.292+0000] {dagbag.py:545} INFO - Filling up the DagBag from /home/ubuntu/airflow-venv/lib/python3.12/site-packages/airflow/example_dags/example_branch_datetime_operator.py
[2024-07-31T19:30:38.303+0000] {processor.py:840} INFO - DAG(s) 'example_branch_datetime_operator_3', 'example_branch_datetime_operator', 'example_branch_datetime_operator_2' retrieved from /home/ubuntu/airflow-venv/lib/python3.12/site-packages/airflow/example_dags/example_branch_datetime_operator.py
[2024-07-31T19:30:38.325+0000] {logging_mixin.py:188} INFO - [2024-07-31T19:30:38.325+0000] {dag.py:3089} INFO - Sync 3 DAGs
[2024-07-31T19:30:38.347+0000] {logging_mixin.py:188} INFO - [2024-07-31T19:30:38.347+0000] {dag.py:3947} INFO - Setting next_dagrun for example_branch_datetime_operator to 2024-07-30 00:00:00+00:00, run_after=2024-07-31 00:00:00+00:00
[2024-07-31T19:30:38.352+0000] {logging_mixin.py:188} INFO - [2024-07-31T19:30:38.352+0000] {dag.py:3947} INFO - Setting next_dagrun for example_branch_datetime_operator_2 to 2024-07-30 00:00:00+00:00, run_after=2024-07-31 00:00:00+00:00
[2024-07-31T19:30:38.355+0000] {logging_mixin.py:188} INFO - [2024-07-31T19:30:38.355+0000] {dag.py:3947} INFO - Setting next_dagrun for example_branch_datetime_operator_3 to 2024-07-30 00:00:00+00:00, run_after=2024-07-31 00:00:00+00:00
[2024-07-31T19:30:38.376+0000] {processor.py:183} INFO - Processing /home/ubuntu/airflow-venv/lib/python3.12/site-packages/airflow/example_dags/example_branch_datetime_operator.py took 0.091 seconds
[2024-07-31T19:31:53.632+0000] {processor.py:161} INFO - Started process (PID=6433) to work on /home/ubuntu/airflow-venv/lib/python3.12/site-packages/airflow/example_dags/example_branch_datetime_operator.py
[2024-07-31T19:31:53.637+0000] {processor.py:830} INFO - Processing file /home/ubuntu/airflow-venv/lib/python3.12/site-packages/airflow/example_dags/example_branch_datetime_operator.py for tasks to queue
[2024-07-31T19:31:53.638+0000] {logging_mixin.py:188} INFO - [2024-07-31T19:31:53.638+0000] {dagbag.py:545} INFO - Filling up the DagBag from /home/ubuntu/airflow-venv/lib/python3.12/site-packages/airflow/example_dags/example_branch_datetime_operator.py
[2024-07-31T19:31:53.649+0000] {processor.py:840} INFO - DAG(s) 'example_branch_datetime_operator_2', 'example_branch_datetime_operator_3', 'example_branch_datetime_operator' retrieved from /home/ubuntu/airflow-venv/lib/python3.12/site-packages/airflow/example_dags/example_branch_datetime_operator.py
[2024-07-31T19:31:53.671+0000] {logging_mixin.py:188} INFO - [2024-07-31T19:31:53.671+0000] {dag.py:3089} INFO - Sync 3 DAGs
[2024-07-31T19:31:53.693+0000] {logging_mixin.py:188} INFO - [2024-07-31T19:31:53.693+0000] {dag.py:3947} INFO - Setting next_dagrun for example_branch_datetime_operator to 2024-07-30 00:00:00+00:00, run_after=2024-07-31 00:00:00+00:00
[2024-07-31T19:31:53.698+0000] {logging_mixin.py:188} INFO - [2024-07-31T19:31:53.698+0000] {dag.py:3947} INFO - Setting next_dagrun for example_branch_datetime_operator_2 to 2024-07-30 00:00:00+00:00, run_after=2024-07-31 00:00:00+00:00
[2024-07-31T19:31:53.700+0000] {logging_mixin.py:188} INFO - [2024-07-31T19:31:53.700+0000] {dag.py:3947} INFO - Setting next_dagrun for example_branch_datetime_operator_3 to 2024-07-30 00:00:00+00:00, run_after=2024-07-31 00:00:00+00:00
[2024-07-31T19:31:53.720+0000] {processor.py:183} INFO - Processing /home/ubuntu/airflow-venv/lib/python3.12/site-packages/airflow/example_dags/example_branch_datetime_operator.py took 0.094 seconds
[2024-07-31T19:33:03.594+0000] {processor.py:161} INFO - Started process (PID=6511) to work on /home/ubuntu/airflow-venv/lib/python3.12/site-packages/airflow/example_dags/example_branch_datetime_operator.py
[2024-07-31T19:33:03.596+0000] {processor.py:830} INFO - Processing file /home/ubuntu/airflow-venv/lib/python3.12/site-packages/airflow/example_dags/example_branch_datetime_operator.py for tasks to queue
[2024-07-31T19:33:03.596+0000] {logging_mixin.py:188} INFO - [2024-07-31T19:33:03.596+0000] {dagbag.py:545} INFO - Filling up the DagBag from /home/ubuntu/airflow-venv/lib/python3.12/site-packages/airflow/example_dags/example_branch_datetime_operator.py
[2024-07-31T19:33:03.607+0000] {processor.py:840} INFO - DAG(s) 'example_branch_datetime_operator_2', 'example_branch_datetime_operator', 'example_branch_datetime_operator_3' retrieved from /home/ubuntu/airflow-venv/lib/python3.12/site-packages/airflow/example_dags/example_branch_datetime_operator.py
[2024-07-31T19:33:03.630+0000] {logging_mixin.py:188} INFO - [2024-07-31T19:33:03.630+0000] {dag.py:3089} INFO - Sync 3 DAGs
[2024-07-31T19:33:03.653+0000] {logging_mixin.py:188} INFO - [2024-07-31T19:33:03.653+0000] {dag.py:3947} INFO - Setting next_dagrun for example_branch_datetime_operator to 2024-07-30 00:00:00+00:00, run_after=2024-07-31 00:00:00+00:00
[2024-07-31T19:33:03.658+0000] {logging_mixin.py:188} INFO - [2024-07-31T19:33:03.658+0000] {dag.py:3947} INFO - Setting next_dagrun for example_branch_datetime_operator_2 to 2024-07-30 00:00:00+00:00, run_after=2024-07-31 00:00:00+00:00
[2024-07-31T19:33:03.660+0000] {logging_mixin.py:188} INFO - [2024-07-31T19:33:03.660+0000] {dag.py:3947} INFO - Setting next_dagrun for example_branch_datetime_operator_3 to 2024-07-30 00:00:00+00:00, run_after=2024-07-31 00:00:00+00:00
[2024-07-31T19:33:03.683+0000] {processor.py:183} INFO - Processing /home/ubuntu/airflow-venv/lib/python3.12/site-packages/airflow/example_dags/example_branch_datetime_operator.py took 0.094 seconds
[2024-07-31T19:34:15.467+0000] {processor.py:161} INFO - Started process (PID=6587) to work on /home/ubuntu/airflow-venv/lib/python3.12/site-packages/airflow/example_dags/example_branch_datetime_operator.py
[2024-07-31T19:34:15.468+0000] {processor.py:830} INFO - Processing file /home/ubuntu/airflow-venv/lib/python3.12/site-packages/airflow/example_dags/example_branch_datetime_operator.py for tasks to queue
[2024-07-31T19:34:15.469+0000] {logging_mixin.py:188} INFO - [2024-07-31T19:34:15.469+0000] {dagbag.py:545} INFO - Filling up the DagBag from /home/ubuntu/airflow-venv/lib/python3.12/site-packages/airflow/example_dags/example_branch_datetime_operator.py
[2024-07-31T19:34:15.480+0000] {processor.py:840} INFO - DAG(s) 'example_branch_datetime_operator_3', 'example_branch_datetime_operator_2', 'example_branch_datetime_operator' retrieved from /home/ubuntu/airflow-venv/lib/python3.12/site-packages/airflow/example_dags/example_branch_datetime_operator.py
[2024-07-31T19:34:15.503+0000] {logging_mixin.py:188} INFO - [2024-07-31T19:34:15.503+0000] {dag.py:3089} INFO - Sync 3 DAGs
[2024-07-31T19:34:15.525+0000] {logging_mixin.py:188} INFO - [2024-07-31T19:34:15.524+0000] {dag.py:3947} INFO - Setting next_dagrun for example_branch_datetime_operator to 2024-07-30 00:00:00+00:00, run_after=2024-07-31 00:00:00+00:00
[2024-07-31T19:34:15.529+0000] {logging_mixin.py:188} INFO - [2024-07-31T19:34:15.529+0000] {dag.py:3947} INFO - Setting next_dagrun for example_branch_datetime_operator_2 to 2024-07-30 00:00:00+00:00, run_after=2024-07-31 00:00:00+00:00
[2024-07-31T19:34:15.532+0000] {logging_mixin.py:188} INFO - [2024-07-31T19:34:15.531+0000] {dag.py:3947} INFO - Setting next_dagrun for example_branch_datetime_operator_3 to 2024-07-30 00:00:00+00:00, run_after=2024-07-31 00:00:00+00:00
[2024-07-31T19:34:15.553+0000] {processor.py:183} INFO - Processing /home/ubuntu/airflow-venv/lib/python3.12/site-packages/airflow/example_dags/example_branch_datetime_operator.py took 0.092 seconds
