[2024-07-31T18:43:17.872+0000] {processor.py:161} INFO - Started process (PID=3456) to work on /home/ubuntu/airflow-venv/lib/python3.12/site-packages/airflow/example_dags/example_setup_teardown.py
[2024-07-31T18:43:17.873+0000] {processor.py:830} INFO - Processing file /home/ubuntu/airflow-venv/lib/python3.12/site-packages/airflow/example_dags/example_setup_teardown.py for tasks to queue
[2024-07-31T18:43:17.874+0000] {logging_mixin.py:188} INFO - [2024-07-31T18:43:17.874+0000] {dagbag.py:545} INFO - Filling up the DagBag from /home/ubuntu/airflow-venv/lib/python3.12/site-packages/airflow/example_dags/example_setup_teardown.py
[2024-07-31T18:43:17.881+0000] {processor.py:840} INFO - DAG(s) 'example_setup_teardown' retrieved from /home/ubuntu/airflow-venv/lib/python3.12/site-packages/airflow/example_dags/example_setup_teardown.py
[2024-07-31T18:43:18.003+0000] {logging_mixin.py:188} INFO - [2024-07-31T18:43:18.002+0000] {override.py:1858} INFO - Created Permission View: can edit on DAG:example_setup_teardown
[2024-07-31T18:43:18.017+0000] {logging_mixin.py:188} INFO - [2024-07-31T18:43:18.017+0000] {override.py:1858} INFO - Created Permission View: can read on DAG:example_setup_teardown
[2024-07-31T18:43:18.027+0000] {logging_mixin.py:188} INFO - [2024-07-31T18:43:18.027+0000] {override.py:1858} INFO - Created Permission View: can delete on DAG:example_setup_teardown
[2024-07-31T18:43:18.028+0000] {logging_mixin.py:188} INFO - [2024-07-31T18:43:18.028+0000] {dag.py:3089} INFO - Sync 1 DAGs
[2024-07-31T18:43:18.038+0000] {logging_mixin.py:188} INFO - [2024-07-31T18:43:18.038+0000] {dag.py:3111} INFO - Creating ORM DAG for example_setup_teardown
[2024-07-31T18:43:18.048+0000] {logging_mixin.py:188} INFO - [2024-07-31T18:43:18.048+0000] {dag.py:3947} INFO - Setting next_dagrun for example_setup_teardown to 2024-07-30 00:00:00+00:00, run_after=2024-07-31 00:00:00+00:00
[2024-07-31T18:43:18.071+0000] {processor.py:183} INFO - Processing /home/ubuntu/airflow-venv/lib/python3.12/site-packages/airflow/example_dags/example_setup_teardown.py took 0.205 seconds
[2024-07-31T18:44:14.943+0000] {processor.py:161} INFO - Started process (PID=3533) to work on /home/ubuntu/airflow-venv/lib/python3.12/site-packages/airflow/example_dags/example_setup_teardown.py
[2024-07-31T18:44:14.945+0000] {processor.py:830} INFO - Processing file /home/ubuntu/airflow-venv/lib/python3.12/site-packages/airflow/example_dags/example_setup_teardown.py for tasks to queue
[2024-07-31T18:44:14.946+0000] {logging_mixin.py:188} INFO - [2024-07-31T18:44:14.946+0000] {dagbag.py:545} INFO - Filling up the DagBag from /home/ubuntu/airflow-venv/lib/python3.12/site-packages/airflow/example_dags/example_setup_teardown.py
[2024-07-31T18:44:14.953+0000] {processor.py:840} INFO - DAG(s) 'example_setup_teardown' retrieved from /home/ubuntu/airflow-venv/lib/python3.12/site-packages/airflow/example_dags/example_setup_teardown.py
[2024-07-31T18:44:14.970+0000] {logging_mixin.py:188} INFO - [2024-07-31T18:44:14.970+0000] {dag.py:3089} INFO - Sync 1 DAGs
[2024-07-31T18:44:14.991+0000] {logging_mixin.py:188} INFO - [2024-07-31T18:44:14.991+0000] {dag.py:3947} INFO - Setting next_dagrun for example_setup_teardown to 2024-07-30 00:00:00+00:00, run_after=2024-07-31 00:00:00+00:00
[2024-07-31T18:44:15.015+0000] {processor.py:183} INFO - Processing /home/ubuntu/airflow-venv/lib/python3.12/site-packages/airflow/example_dags/example_setup_teardown.py took 0.078 seconds
[2024-07-31T18:45:04.952+0000] {processor.py:161} INFO - Started process (PID=3593) to work on /home/ubuntu/airflow-venv/lib/python3.12/site-packages/airflow/example_dags/example_setup_teardown.py
[2024-07-31T18:45:04.953+0000] {processor.py:830} INFO - Processing file /home/ubuntu/airflow-venv/lib/python3.12/site-packages/airflow/example_dags/example_setup_teardown.py for tasks to queue
[2024-07-31T18:45:04.955+0000] {logging_mixin.py:188} INFO - [2024-07-31T18:45:04.955+0000] {dagbag.py:545} INFO - Filling up the DagBag from /home/ubuntu/airflow-venv/lib/python3.12/site-packages/airflow/example_dags/example_setup_teardown.py
[2024-07-31T18:45:04.962+0000] {processor.py:840} INFO - DAG(s) 'example_setup_teardown' retrieved from /home/ubuntu/airflow-venv/lib/python3.12/site-packages/airflow/example_dags/example_setup_teardown.py
[2024-07-31T18:45:04.978+0000] {logging_mixin.py:188} INFO - [2024-07-31T18:45:04.978+0000] {dag.py:3089} INFO - Sync 1 DAGs
[2024-07-31T18:45:04.997+0000] {logging_mixin.py:188} INFO - [2024-07-31T18:45:04.996+0000] {dag.py:3947} INFO - Setting next_dagrun for example_setup_teardown to 2024-07-30 00:00:00+00:00, run_after=2024-07-31 00:00:00+00:00
[2024-07-31T18:45:05.021+0000] {processor.py:183} INFO - Processing /home/ubuntu/airflow-venv/lib/python3.12/site-packages/airflow/example_dags/example_setup_teardown.py took 0.074 seconds
[2024-07-31T18:45:53.012+0000] {processor.py:161} INFO - Started process (PID=3646) to work on /home/ubuntu/airflow-venv/lib/python3.12/site-packages/airflow/example_dags/example_setup_teardown.py
[2024-07-31T18:45:53.014+0000] {processor.py:830} INFO - Processing file /home/ubuntu/airflow-venv/lib/python3.12/site-packages/airflow/example_dags/example_setup_teardown.py for tasks to queue
[2024-07-31T18:45:53.015+0000] {logging_mixin.py:188} INFO - [2024-07-31T18:45:53.015+0000] {dagbag.py:545} INFO - Filling up the DagBag from /home/ubuntu/airflow-venv/lib/python3.12/site-packages/airflow/example_dags/example_setup_teardown.py
[2024-07-31T18:45:53.022+0000] {processor.py:840} INFO - DAG(s) 'example_setup_teardown' retrieved from /home/ubuntu/airflow-venv/lib/python3.12/site-packages/airflow/example_dags/example_setup_teardown.py
[2024-07-31T18:45:53.039+0000] {logging_mixin.py:188} INFO - [2024-07-31T18:45:53.039+0000] {dag.py:3089} INFO - Sync 1 DAGs
[2024-07-31T18:45:53.059+0000] {logging_mixin.py:188} INFO - [2024-07-31T18:45:53.058+0000] {dag.py:3947} INFO - Setting next_dagrun for example_setup_teardown to 2024-07-30 00:00:00+00:00, run_after=2024-07-31 00:00:00+00:00
[2024-07-31T18:45:53.081+0000] {processor.py:183} INFO - Processing /home/ubuntu/airflow-venv/lib/python3.12/site-packages/airflow/example_dags/example_setup_teardown.py took 0.075 seconds
[2024-07-31T18:46:34.244+0000] {processor.py:161} INFO - Started process (PID=3789) to work on /home/ubuntu/airflow-venv/lib/python3.12/site-packages/airflow/example_dags/example_setup_teardown.py
[2024-07-31T18:46:34.245+0000] {processor.py:830} INFO - Processing file /home/ubuntu/airflow-venv/lib/python3.12/site-packages/airflow/example_dags/example_setup_teardown.py for tasks to queue
[2024-07-31T18:46:34.247+0000] {logging_mixin.py:188} INFO - [2024-07-31T18:46:34.246+0000] {dagbag.py:545} INFO - Filling up the DagBag from /home/ubuntu/airflow-venv/lib/python3.12/site-packages/airflow/example_dags/example_setup_teardown.py
[2024-07-31T18:46:34.254+0000] {processor.py:840} INFO - DAG(s) 'example_setup_teardown' retrieved from /home/ubuntu/airflow-venv/lib/python3.12/site-packages/airflow/example_dags/example_setup_teardown.py
[2024-07-31T18:46:34.270+0000] {logging_mixin.py:188} INFO - [2024-07-31T18:46:34.270+0000] {dag.py:3089} INFO - Sync 1 DAGs
[2024-07-31T18:46:34.290+0000] {logging_mixin.py:188} INFO - [2024-07-31T18:46:34.290+0000] {dag.py:3947} INFO - Setting next_dagrun for example_setup_teardown to 2024-07-30 00:00:00+00:00, run_after=2024-07-31 00:00:00+00:00
[2024-07-31T18:46:34.313+0000] {processor.py:183} INFO - Processing /home/ubuntu/airflow-venv/lib/python3.12/site-packages/airflow/example_dags/example_setup_teardown.py took 0.075 seconds
[2024-07-31T18:47:32.195+0000] {processor.py:161} INFO - Started process (PID=3943) to work on /home/ubuntu/airflow-venv/lib/python3.12/site-packages/airflow/example_dags/example_setup_teardown.py
[2024-07-31T18:47:32.196+0000] {processor.py:830} INFO - Processing file /home/ubuntu/airflow-venv/lib/python3.12/site-packages/airflow/example_dags/example_setup_teardown.py for tasks to queue
[2024-07-31T18:47:32.198+0000] {logging_mixin.py:188} INFO - [2024-07-31T18:47:32.198+0000] {dagbag.py:545} INFO - Filling up the DagBag from /home/ubuntu/airflow-venv/lib/python3.12/site-packages/airflow/example_dags/example_setup_teardown.py
[2024-07-31T18:47:32.205+0000] {processor.py:840} INFO - DAG(s) 'example_setup_teardown' retrieved from /home/ubuntu/airflow-venv/lib/python3.12/site-packages/airflow/example_dags/example_setup_teardown.py
[2024-07-31T18:47:32.222+0000] {logging_mixin.py:188} INFO - [2024-07-31T18:47:32.221+0000] {dag.py:3089} INFO - Sync 1 DAGs
[2024-07-31T18:47:32.242+0000] {logging_mixin.py:188} INFO - [2024-07-31T18:47:32.241+0000] {dag.py:3947} INFO - Setting next_dagrun for example_setup_teardown to 2024-07-30 00:00:00+00:00, run_after=2024-07-31 00:00:00+00:00
[2024-07-31T18:47:32.266+0000] {processor.py:183} INFO - Processing /home/ubuntu/airflow-venv/lib/python3.12/site-packages/airflow/example_dags/example_setup_teardown.py took 0.077 seconds
[2024-07-31T18:48:25.925+0000] {processor.py:161} INFO - Started process (PID=4169) to work on /home/ubuntu/airflow-venv/lib/python3.12/site-packages/airflow/example_dags/example_setup_teardown.py
[2024-07-31T18:48:25.927+0000] {processor.py:830} INFO - Processing file /home/ubuntu/airflow-venv/lib/python3.12/site-packages/airflow/example_dags/example_setup_teardown.py for tasks to queue
[2024-07-31T18:48:25.929+0000] {logging_mixin.py:188} INFO - [2024-07-31T18:48:25.928+0000] {dagbag.py:545} INFO - Filling up the DagBag from /home/ubuntu/airflow-venv/lib/python3.12/site-packages/airflow/example_dags/example_setup_teardown.py
[2024-07-31T18:48:25.936+0000] {processor.py:840} INFO - DAG(s) 'example_setup_teardown' retrieved from /home/ubuntu/airflow-venv/lib/python3.12/site-packages/airflow/example_dags/example_setup_teardown.py
[2024-07-31T18:48:25.954+0000] {logging_mixin.py:188} INFO - [2024-07-31T18:48:25.954+0000] {dag.py:3089} INFO - Sync 1 DAGs
[2024-07-31T18:48:25.975+0000] {logging_mixin.py:188} INFO - [2024-07-31T18:48:25.975+0000] {dag.py:3947} INFO - Setting next_dagrun for example_setup_teardown to 2024-07-30 00:00:00+00:00, run_after=2024-07-31 00:00:00+00:00
[2024-07-31T18:48:26.001+0000] {processor.py:183} INFO - Processing /home/ubuntu/airflow-venv/lib/python3.12/site-packages/airflow/example_dags/example_setup_teardown.py took 0.082 seconds
[2024-07-31T18:49:08.768+0000] {processor.py:161} INFO - Started process (PID=4213) to work on /home/ubuntu/airflow-venv/lib/python3.12/site-packages/airflow/example_dags/example_setup_teardown.py
[2024-07-31T18:49:08.769+0000] {processor.py:830} INFO - Processing file /home/ubuntu/airflow-venv/lib/python3.12/site-packages/airflow/example_dags/example_setup_teardown.py for tasks to queue
[2024-07-31T18:49:08.771+0000] {logging_mixin.py:188} INFO - [2024-07-31T18:49:08.770+0000] {dagbag.py:545} INFO - Filling up the DagBag from /home/ubuntu/airflow-venv/lib/python3.12/site-packages/airflow/example_dags/example_setup_teardown.py
[2024-07-31T18:49:08.778+0000] {processor.py:840} INFO - DAG(s) 'example_setup_teardown' retrieved from /home/ubuntu/airflow-venv/lib/python3.12/site-packages/airflow/example_dags/example_setup_teardown.py
[2024-07-31T18:49:08.795+0000] {logging_mixin.py:188} INFO - [2024-07-31T18:49:08.795+0000] {dag.py:3089} INFO - Sync 1 DAGs
[2024-07-31T18:49:08.815+0000] {logging_mixin.py:188} INFO - [2024-07-31T18:49:08.815+0000] {dag.py:3947} INFO - Setting next_dagrun for example_setup_teardown to 2024-07-30 00:00:00+00:00, run_after=2024-07-31 00:00:00+00:00
[2024-07-31T18:49:08.839+0000] {processor.py:183} INFO - Processing /home/ubuntu/airflow-venv/lib/python3.12/site-packages/airflow/example_dags/example_setup_teardown.py took 0.078 seconds
[2024-07-31T18:50:07.178+0000] {processor.py:161} INFO - Started process (PID=4277) to work on /home/ubuntu/airflow-venv/lib/python3.12/site-packages/airflow/example_dags/example_setup_teardown.py
[2024-07-31T18:50:07.180+0000] {processor.py:830} INFO - Processing file /home/ubuntu/airflow-venv/lib/python3.12/site-packages/airflow/example_dags/example_setup_teardown.py for tasks to queue
[2024-07-31T18:50:07.182+0000] {logging_mixin.py:188} INFO - [2024-07-31T18:50:07.181+0000] {dagbag.py:545} INFO - Filling up the DagBag from /home/ubuntu/airflow-venv/lib/python3.12/site-packages/airflow/example_dags/example_setup_teardown.py
[2024-07-31T18:50:07.189+0000] {processor.py:840} INFO - DAG(s) 'example_setup_teardown' retrieved from /home/ubuntu/airflow-venv/lib/python3.12/site-packages/airflow/example_dags/example_setup_teardown.py
[2024-07-31T18:50:07.205+0000] {logging_mixin.py:188} INFO - [2024-07-31T18:50:07.205+0000] {dag.py:3089} INFO - Sync 1 DAGs
[2024-07-31T18:50:07.227+0000] {logging_mixin.py:188} INFO - [2024-07-31T18:50:07.227+0000] {dag.py:3947} INFO - Setting next_dagrun for example_setup_teardown to 2024-07-30 00:00:00+00:00, run_after=2024-07-31 00:00:00+00:00
[2024-07-31T18:50:07.251+0000] {processor.py:183} INFO - Processing /home/ubuntu/airflow-venv/lib/python3.12/site-packages/airflow/example_dags/example_setup_teardown.py took 0.078 seconds
[2024-07-31T18:50:50.403+0000] {processor.py:161} INFO - Started process (PID=4324) to work on /home/ubuntu/airflow-venv/lib/python3.12/site-packages/airflow/example_dags/example_setup_teardown.py
[2024-07-31T18:50:50.405+0000] {processor.py:830} INFO - Processing file /home/ubuntu/airflow-venv/lib/python3.12/site-packages/airflow/example_dags/example_setup_teardown.py for tasks to queue
[2024-07-31T18:50:50.406+0000] {logging_mixin.py:188} INFO - [2024-07-31T18:50:50.406+0000] {dagbag.py:545} INFO - Filling up the DagBag from /home/ubuntu/airflow-venv/lib/python3.12/site-packages/airflow/example_dags/example_setup_teardown.py
[2024-07-31T18:50:50.413+0000] {processor.py:840} INFO - DAG(s) 'example_setup_teardown' retrieved from /home/ubuntu/airflow-venv/lib/python3.12/site-packages/airflow/example_dags/example_setup_teardown.py
[2024-07-31T18:50:50.430+0000] {logging_mixin.py:188} INFO - [2024-07-31T18:50:50.429+0000] {dag.py:3089} INFO - Sync 1 DAGs
[2024-07-31T18:50:50.449+0000] {logging_mixin.py:188} INFO - [2024-07-31T18:50:50.449+0000] {dag.py:3947} INFO - Setting next_dagrun for example_setup_teardown to 2024-07-30 00:00:00+00:00, run_after=2024-07-31 00:00:00+00:00
[2024-07-31T18:50:50.472+0000] {processor.py:183} INFO - Processing /home/ubuntu/airflow-venv/lib/python3.12/site-packages/airflow/example_dags/example_setup_teardown.py took 0.074 seconds
[2024-07-31T18:51:47.012+0000] {processor.py:161} INFO - Started process (PID=4386) to work on /home/ubuntu/airflow-venv/lib/python3.12/site-packages/airflow/example_dags/example_setup_teardown.py
[2024-07-31T18:51:47.014+0000] {processor.py:830} INFO - Processing file /home/ubuntu/airflow-venv/lib/python3.12/site-packages/airflow/example_dags/example_setup_teardown.py for tasks to queue
[2024-07-31T18:51:47.015+0000] {logging_mixin.py:188} INFO - [2024-07-31T18:51:47.015+0000] {dagbag.py:545} INFO - Filling up the DagBag from /home/ubuntu/airflow-venv/lib/python3.12/site-packages/airflow/example_dags/example_setup_teardown.py
[2024-07-31T18:51:47.022+0000] {processor.py:840} INFO - DAG(s) 'example_setup_teardown' retrieved from /home/ubuntu/airflow-venv/lib/python3.12/site-packages/airflow/example_dags/example_setup_teardown.py
[2024-07-31T18:51:47.038+0000] {logging_mixin.py:188} INFO - [2024-07-31T18:51:47.038+0000] {dag.py:3089} INFO - Sync 1 DAGs
[2024-07-31T18:51:47.058+0000] {logging_mixin.py:188} INFO - [2024-07-31T18:51:47.057+0000] {dag.py:3947} INFO - Setting next_dagrun for example_setup_teardown to 2024-07-30 00:00:00+00:00, run_after=2024-07-31 00:00:00+00:00
[2024-07-31T18:51:47.081+0000] {processor.py:183} INFO - Processing /home/ubuntu/airflow-venv/lib/python3.12/site-packages/airflow/example_dags/example_setup_teardown.py took 0.074 seconds
[2024-07-31T18:52:43.546+0000] {processor.py:161} INFO - Started process (PID=4448) to work on /home/ubuntu/airflow-venv/lib/python3.12/site-packages/airflow/example_dags/example_setup_teardown.py
[2024-07-31T18:52:43.548+0000] {processor.py:830} INFO - Processing file /home/ubuntu/airflow-venv/lib/python3.12/site-packages/airflow/example_dags/example_setup_teardown.py for tasks to queue
[2024-07-31T18:52:43.550+0000] {logging_mixin.py:188} INFO - [2024-07-31T18:52:43.549+0000] {dagbag.py:545} INFO - Filling up the DagBag from /home/ubuntu/airflow-venv/lib/python3.12/site-packages/airflow/example_dags/example_setup_teardown.py
[2024-07-31T18:52:43.557+0000] {processor.py:840} INFO - DAG(s) 'example_setup_teardown' retrieved from /home/ubuntu/airflow-venv/lib/python3.12/site-packages/airflow/example_dags/example_setup_teardown.py
[2024-07-31T18:52:43.573+0000] {logging_mixin.py:188} INFO - [2024-07-31T18:52:43.573+0000] {dag.py:3089} INFO - Sync 1 DAGs
[2024-07-31T18:52:43.593+0000] {logging_mixin.py:188} INFO - [2024-07-31T18:52:43.593+0000] {dag.py:3947} INFO - Setting next_dagrun for example_setup_teardown to 2024-07-30 00:00:00+00:00, run_after=2024-07-31 00:00:00+00:00
[2024-07-31T18:52:43.616+0000] {processor.py:183} INFO - Processing /home/ubuntu/airflow-venv/lib/python3.12/site-packages/airflow/example_dags/example_setup_teardown.py took 0.076 seconds
[2024-07-31T18:53:26.194+0000] {processor.py:161} INFO - Started process (PID=4494) to work on /home/ubuntu/airflow-venv/lib/python3.12/site-packages/airflow/example_dags/example_setup_teardown.py
[2024-07-31T18:53:26.196+0000] {processor.py:830} INFO - Processing file /home/ubuntu/airflow-venv/lib/python3.12/site-packages/airflow/example_dags/example_setup_teardown.py for tasks to queue
[2024-07-31T18:53:26.197+0000] {logging_mixin.py:188} INFO - [2024-07-31T18:53:26.196+0000] {dagbag.py:545} INFO - Filling up the DagBag from /home/ubuntu/airflow-venv/lib/python3.12/site-packages/airflow/example_dags/example_setup_teardown.py
[2024-07-31T18:53:26.204+0000] {processor.py:840} INFO - DAG(s) 'example_setup_teardown' retrieved from /home/ubuntu/airflow-venv/lib/python3.12/site-packages/airflow/example_dags/example_setup_teardown.py
[2024-07-31T18:53:26.220+0000] {logging_mixin.py:188} INFO - [2024-07-31T18:53:26.220+0000] {dag.py:3089} INFO - Sync 1 DAGs
[2024-07-31T18:53:26.240+0000] {logging_mixin.py:188} INFO - [2024-07-31T18:53:26.240+0000] {dag.py:3947} INFO - Setting next_dagrun for example_setup_teardown to 2024-07-30 00:00:00+00:00, run_after=2024-07-31 00:00:00+00:00
[2024-07-31T18:53:26.264+0000] {processor.py:183} INFO - Processing /home/ubuntu/airflow-venv/lib/python3.12/site-packages/airflow/example_dags/example_setup_teardown.py took 0.076 seconds
[2024-07-31T18:54:26.662+0000] {processor.py:161} INFO - Started process (PID=4561) to work on /home/ubuntu/airflow-venv/lib/python3.12/site-packages/airflow/example_dags/example_setup_teardown.py
[2024-07-31T18:54:26.664+0000] {processor.py:830} INFO - Processing file /home/ubuntu/airflow-venv/lib/python3.12/site-packages/airflow/example_dags/example_setup_teardown.py for tasks to queue
[2024-07-31T18:54:26.664+0000] {logging_mixin.py:188} INFO - [2024-07-31T18:54:26.664+0000] {dagbag.py:545} INFO - Filling up the DagBag from /home/ubuntu/airflow-venv/lib/python3.12/site-packages/airflow/example_dags/example_setup_teardown.py
[2024-07-31T18:54:26.672+0000] {processor.py:840} INFO - DAG(s) 'example_setup_teardown' retrieved from /home/ubuntu/airflow-venv/lib/python3.12/site-packages/airflow/example_dags/example_setup_teardown.py
[2024-07-31T18:54:26.689+0000] {logging_mixin.py:188} INFO - [2024-07-31T18:54:26.689+0000] {dag.py:3089} INFO - Sync 1 DAGs
[2024-07-31T18:54:26.711+0000] {logging_mixin.py:188} INFO - [2024-07-31T18:54:26.711+0000] {dag.py:3947} INFO - Setting next_dagrun for example_setup_teardown to 2024-07-30 00:00:00+00:00, run_after=2024-07-31 00:00:00+00:00
[2024-07-31T18:54:26.734+0000] {processor.py:183} INFO - Processing /home/ubuntu/airflow-venv/lib/python3.12/site-packages/airflow/example_dags/example_setup_teardown.py took 0.078 seconds
[2024-07-31T18:55:07.835+0000] {processor.py:161} INFO - Started process (PID=4609) to work on /home/ubuntu/airflow-venv/lib/python3.12/site-packages/airflow/example_dags/example_setup_teardown.py
[2024-07-31T18:55:07.837+0000] {processor.py:830} INFO - Processing file /home/ubuntu/airflow-venv/lib/python3.12/site-packages/airflow/example_dags/example_setup_teardown.py for tasks to queue
[2024-07-31T18:55:07.838+0000] {logging_mixin.py:188} INFO - [2024-07-31T18:55:07.837+0000] {dagbag.py:545} INFO - Filling up the DagBag from /home/ubuntu/airflow-venv/lib/python3.12/site-packages/airflow/example_dags/example_setup_teardown.py
[2024-07-31T18:55:07.845+0000] {processor.py:840} INFO - DAG(s) 'example_setup_teardown' retrieved from /home/ubuntu/airflow-venv/lib/python3.12/site-packages/airflow/example_dags/example_setup_teardown.py
[2024-07-31T18:55:07.862+0000] {logging_mixin.py:188} INFO - [2024-07-31T18:55:07.862+0000] {dag.py:3089} INFO - Sync 1 DAGs
[2024-07-31T18:55:07.882+0000] {logging_mixin.py:188} INFO - [2024-07-31T18:55:07.882+0000] {dag.py:3947} INFO - Setting next_dagrun for example_setup_teardown to 2024-07-30 00:00:00+00:00, run_after=2024-07-31 00:00:00+00:00
[2024-07-31T18:55:07.908+0000] {processor.py:183} INFO - Processing /home/ubuntu/airflow-venv/lib/python3.12/site-packages/airflow/example_dags/example_setup_teardown.py took 0.078 seconds
[2024-07-31T18:55:51.185+0000] {processor.py:161} INFO - Started process (PID=4654) to work on /home/ubuntu/airflow-venv/lib/python3.12/site-packages/airflow/example_dags/example_setup_teardown.py
[2024-07-31T18:55:51.186+0000] {processor.py:830} INFO - Processing file /home/ubuntu/airflow-venv/lib/python3.12/site-packages/airflow/example_dags/example_setup_teardown.py for tasks to queue
[2024-07-31T18:55:51.187+0000] {logging_mixin.py:188} INFO - [2024-07-31T18:55:51.187+0000] {dagbag.py:545} INFO - Filling up the DagBag from /home/ubuntu/airflow-venv/lib/python3.12/site-packages/airflow/example_dags/example_setup_teardown.py
[2024-07-31T18:55:51.195+0000] {processor.py:840} INFO - DAG(s) 'example_setup_teardown' retrieved from /home/ubuntu/airflow-venv/lib/python3.12/site-packages/airflow/example_dags/example_setup_teardown.py
[2024-07-31T18:55:51.212+0000] {logging_mixin.py:188} INFO - [2024-07-31T18:55:51.211+0000] {dag.py:3089} INFO - Sync 1 DAGs
[2024-07-31T18:55:51.232+0000] {logging_mixin.py:188} INFO - [2024-07-31T18:55:51.231+0000] {dag.py:3947} INFO - Setting next_dagrun for example_setup_teardown to 2024-07-30 00:00:00+00:00, run_after=2024-07-31 00:00:00+00:00
[2024-07-31T18:55:51.255+0000] {processor.py:183} INFO - Processing /home/ubuntu/airflow-venv/lib/python3.12/site-packages/airflow/example_dags/example_setup_teardown.py took 0.076 seconds
[2024-07-31T18:56:36.471+0000] {processor.py:161} INFO - Started process (PID=4747) to work on /home/ubuntu/airflow-venv/lib/python3.12/site-packages/airflow/example_dags/example_setup_teardown.py
[2024-07-31T18:56:36.473+0000] {processor.py:830} INFO - Processing file /home/ubuntu/airflow-venv/lib/python3.12/site-packages/airflow/example_dags/example_setup_teardown.py for tasks to queue
[2024-07-31T18:56:36.474+0000] {logging_mixin.py:188} INFO - [2024-07-31T18:56:36.473+0000] {dagbag.py:545} INFO - Filling up the DagBag from /home/ubuntu/airflow-venv/lib/python3.12/site-packages/airflow/example_dags/example_setup_teardown.py
[2024-07-31T18:56:36.481+0000] {processor.py:840} INFO - DAG(s) 'example_setup_teardown' retrieved from /home/ubuntu/airflow-venv/lib/python3.12/site-packages/airflow/example_dags/example_setup_teardown.py
[2024-07-31T18:56:36.498+0000] {logging_mixin.py:188} INFO - [2024-07-31T18:56:36.497+0000] {dag.py:3089} INFO - Sync 1 DAGs
[2024-07-31T18:56:36.517+0000] {logging_mixin.py:188} INFO - [2024-07-31T18:56:36.517+0000] {dag.py:3947} INFO - Setting next_dagrun for example_setup_teardown to 2024-07-30 00:00:00+00:00, run_after=2024-07-31 00:00:00+00:00
[2024-07-31T18:56:36.541+0000] {processor.py:183} INFO - Processing /home/ubuntu/airflow-venv/lib/python3.12/site-packages/airflow/example_dags/example_setup_teardown.py took 0.075 seconds
[2024-07-31T18:57:22.831+0000] {processor.py:161} INFO - Started process (PID=5062) to work on /home/ubuntu/airflow-venv/lib/python3.12/site-packages/airflow/example_dags/example_setup_teardown.py
[2024-07-31T18:57:22.832+0000] {processor.py:830} INFO - Processing file /home/ubuntu/airflow-venv/lib/python3.12/site-packages/airflow/example_dags/example_setup_teardown.py for tasks to queue
[2024-07-31T18:57:22.833+0000] {logging_mixin.py:188} INFO - [2024-07-31T18:57:22.832+0000] {dagbag.py:545} INFO - Filling up the DagBag from /home/ubuntu/airflow-venv/lib/python3.12/site-packages/airflow/example_dags/example_setup_teardown.py
[2024-07-31T18:57:22.840+0000] {processor.py:840} INFO - DAG(s) 'example_setup_teardown' retrieved from /home/ubuntu/airflow-venv/lib/python3.12/site-packages/airflow/example_dags/example_setup_teardown.py
[2024-07-31T18:57:22.857+0000] {logging_mixin.py:188} INFO - [2024-07-31T18:57:22.857+0000] {dag.py:3089} INFO - Sync 1 DAGs
[2024-07-31T18:57:22.877+0000] {logging_mixin.py:188} INFO - [2024-07-31T18:57:22.877+0000] {dag.py:3947} INFO - Setting next_dagrun for example_setup_teardown to 2024-07-30 00:00:00+00:00, run_after=2024-07-31 00:00:00+00:00
[2024-07-31T18:57:22.903+0000] {processor.py:183} INFO - Processing /home/ubuntu/airflow-venv/lib/python3.12/site-packages/airflow/example_dags/example_setup_teardown.py took 0.078 seconds
[2024-07-31T18:58:09.040+0000] {processor.py:161} INFO - Started process (PID=5109) to work on /home/ubuntu/airflow-venv/lib/python3.12/site-packages/airflow/example_dags/example_setup_teardown.py
[2024-07-31T18:58:09.041+0000] {processor.py:830} INFO - Processing file /home/ubuntu/airflow-venv/lib/python3.12/site-packages/airflow/example_dags/example_setup_teardown.py for tasks to queue
[2024-07-31T18:58:09.042+0000] {logging_mixin.py:188} INFO - [2024-07-31T18:58:09.042+0000] {dagbag.py:545} INFO - Filling up the DagBag from /home/ubuntu/airflow-venv/lib/python3.12/site-packages/airflow/example_dags/example_setup_teardown.py
[2024-07-31T18:58:09.050+0000] {processor.py:840} INFO - DAG(s) 'example_setup_teardown' retrieved from /home/ubuntu/airflow-venv/lib/python3.12/site-packages/airflow/example_dags/example_setup_teardown.py
[2024-07-31T18:58:09.067+0000] {logging_mixin.py:188} INFO - [2024-07-31T18:58:09.066+0000] {dag.py:3089} INFO - Sync 1 DAGs
[2024-07-31T18:58:09.087+0000] {logging_mixin.py:188} INFO - [2024-07-31T18:58:09.087+0000] {dag.py:3947} INFO - Setting next_dagrun for example_setup_teardown to 2024-07-30 00:00:00+00:00, run_after=2024-07-31 00:00:00+00:00
[2024-07-31T18:58:09.111+0000] {processor.py:183} INFO - Processing /home/ubuntu/airflow-venv/lib/python3.12/site-packages/airflow/example_dags/example_setup_teardown.py took 0.077 seconds
[2024-07-31T18:58:53.733+0000] {processor.py:161} INFO - Started process (PID=5159) to work on /home/ubuntu/airflow-venv/lib/python3.12/site-packages/airflow/example_dags/example_setup_teardown.py
[2024-07-31T18:58:53.734+0000] {processor.py:830} INFO - Processing file /home/ubuntu/airflow-venv/lib/python3.12/site-packages/airflow/example_dags/example_setup_teardown.py for tasks to queue
[2024-07-31T18:58:53.735+0000] {logging_mixin.py:188} INFO - [2024-07-31T18:58:53.735+0000] {dagbag.py:545} INFO - Filling up the DagBag from /home/ubuntu/airflow-venv/lib/python3.12/site-packages/airflow/example_dags/example_setup_teardown.py
[2024-07-31T18:58:53.743+0000] {processor.py:840} INFO - DAG(s) 'example_setup_teardown' retrieved from /home/ubuntu/airflow-venv/lib/python3.12/site-packages/airflow/example_dags/example_setup_teardown.py
[2024-07-31T18:58:53.759+0000] {logging_mixin.py:188} INFO - [2024-07-31T18:58:53.759+0000] {dag.py:3089} INFO - Sync 1 DAGs
[2024-07-31T18:58:53.779+0000] {logging_mixin.py:188} INFO - [2024-07-31T18:58:53.779+0000] {dag.py:3947} INFO - Setting next_dagrun for example_setup_teardown to 2024-07-30 00:00:00+00:00, run_after=2024-07-31 00:00:00+00:00
[2024-07-31T18:58:53.805+0000] {processor.py:183} INFO - Processing /home/ubuntu/airflow-venv/lib/python3.12/site-packages/airflow/example_dags/example_setup_teardown.py took 0.078 seconds
[2024-07-31T18:59:56.154+0000] {processor.py:161} INFO - Started process (PID=5224) to work on /home/ubuntu/airflow-venv/lib/python3.12/site-packages/airflow/example_dags/example_setup_teardown.py
[2024-07-31T18:59:56.156+0000] {processor.py:830} INFO - Processing file /home/ubuntu/airflow-venv/lib/python3.12/site-packages/airflow/example_dags/example_setup_teardown.py for tasks to queue
[2024-07-31T18:59:56.157+0000] {logging_mixin.py:188} INFO - [2024-07-31T18:59:56.156+0000] {dagbag.py:545} INFO - Filling up the DagBag from /home/ubuntu/airflow-venv/lib/python3.12/site-packages/airflow/example_dags/example_setup_teardown.py
[2024-07-31T18:59:56.167+0000] {processor.py:840} INFO - DAG(s) 'example_setup_teardown' retrieved from /home/ubuntu/airflow-venv/lib/python3.12/site-packages/airflow/example_dags/example_setup_teardown.py
[2024-07-31T18:59:56.190+0000] {logging_mixin.py:188} INFO - [2024-07-31T18:59:56.190+0000] {dag.py:3089} INFO - Sync 1 DAGs
[2024-07-31T18:59:56.215+0000] {logging_mixin.py:188} INFO - [2024-07-31T18:59:56.215+0000] {dag.py:3947} INFO - Setting next_dagrun for example_setup_teardown to 2024-07-30 00:00:00+00:00, run_after=2024-07-31 00:00:00+00:00
[2024-07-31T18:59:56.244+0000] {processor.py:183} INFO - Processing /home/ubuntu/airflow-venv/lib/python3.12/site-packages/airflow/example_dags/example_setup_teardown.py took 0.098 seconds
[2024-07-31T19:00:41.681+0000] {processor.py:161} INFO - Started process (PID=5276) to work on /home/ubuntu/airflow-venv/lib/python3.12/site-packages/airflow/example_dags/example_setup_teardown.py
[2024-07-31T19:00:41.683+0000] {processor.py:830} INFO - Processing file /home/ubuntu/airflow-venv/lib/python3.12/site-packages/airflow/example_dags/example_setup_teardown.py for tasks to queue
[2024-07-31T19:00:41.684+0000] {logging_mixin.py:188} INFO - [2024-07-31T19:00:41.683+0000] {dagbag.py:545} INFO - Filling up the DagBag from /home/ubuntu/airflow-venv/lib/python3.12/site-packages/airflow/example_dags/example_setup_teardown.py
[2024-07-31T19:00:41.692+0000] {processor.py:840} INFO - DAG(s) 'example_setup_teardown' retrieved from /home/ubuntu/airflow-venv/lib/python3.12/site-packages/airflow/example_dags/example_setup_teardown.py
[2024-07-31T19:00:41.709+0000] {logging_mixin.py:188} INFO - [2024-07-31T19:00:41.709+0000] {dag.py:3089} INFO - Sync 1 DAGs
[2024-07-31T19:00:41.730+0000] {logging_mixin.py:188} INFO - [2024-07-31T19:00:41.730+0000] {dag.py:3947} INFO - Setting next_dagrun for example_setup_teardown to 2024-07-30 00:00:00+00:00, run_after=2024-07-31 00:00:00+00:00
[2024-07-31T19:00:41.755+0000] {processor.py:183} INFO - Processing /home/ubuntu/airflow-venv/lib/python3.12/site-packages/airflow/example_dags/example_setup_teardown.py took 0.080 seconds
[2024-07-31T19:01:26.383+0000] {processor.py:161} INFO - Started process (PID=5322) to work on /home/ubuntu/airflow-venv/lib/python3.12/site-packages/airflow/example_dags/example_setup_teardown.py
[2024-07-31T19:01:26.385+0000] {processor.py:830} INFO - Processing file /home/ubuntu/airflow-venv/lib/python3.12/site-packages/airflow/example_dags/example_setup_teardown.py for tasks to queue
[2024-07-31T19:01:26.386+0000] {logging_mixin.py:188} INFO - [2024-07-31T19:01:26.385+0000] {dagbag.py:545} INFO - Filling up the DagBag from /home/ubuntu/airflow-venv/lib/python3.12/site-packages/airflow/example_dags/example_setup_teardown.py
[2024-07-31T19:01:26.394+0000] {processor.py:840} INFO - DAG(s) 'example_setup_teardown' retrieved from /home/ubuntu/airflow-venv/lib/python3.12/site-packages/airflow/example_dags/example_setup_teardown.py
[2024-07-31T19:01:26.411+0000] {logging_mixin.py:188} INFO - [2024-07-31T19:01:26.410+0000] {dag.py:3089} INFO - Sync 1 DAGs
[2024-07-31T19:01:26.430+0000] {logging_mixin.py:188} INFO - [2024-07-31T19:01:26.430+0000] {dag.py:3947} INFO - Setting next_dagrun for example_setup_teardown to 2024-07-30 00:00:00+00:00, run_after=2024-07-31 00:00:00+00:00
[2024-07-31T19:01:26.454+0000] {processor.py:183} INFO - Processing /home/ubuntu/airflow-venv/lib/python3.12/site-packages/airflow/example_dags/example_setup_teardown.py took 0.076 seconds
[2024-07-31T19:02:12.609+0000] {processor.py:161} INFO - Started process (PID=5368) to work on /home/ubuntu/airflow-venv/lib/python3.12/site-packages/airflow/example_dags/example_setup_teardown.py
[2024-07-31T19:02:12.611+0000] {processor.py:830} INFO - Processing file /home/ubuntu/airflow-venv/lib/python3.12/site-packages/airflow/example_dags/example_setup_teardown.py for tasks to queue
[2024-07-31T19:02:12.612+0000] {logging_mixin.py:188} INFO - [2024-07-31T19:02:12.611+0000] {dagbag.py:545} INFO - Filling up the DagBag from /home/ubuntu/airflow-venv/lib/python3.12/site-packages/airflow/example_dags/example_setup_teardown.py
[2024-07-31T19:02:12.619+0000] {processor.py:840} INFO - DAG(s) 'example_setup_teardown' retrieved from /home/ubuntu/airflow-venv/lib/python3.12/site-packages/airflow/example_dags/example_setup_teardown.py
[2024-07-31T19:02:12.636+0000] {logging_mixin.py:188} INFO - [2024-07-31T19:02:12.636+0000] {dag.py:3089} INFO - Sync 1 DAGs
[2024-07-31T19:02:12.656+0000] {logging_mixin.py:188} INFO - [2024-07-31T19:02:12.656+0000] {dag.py:3947} INFO - Setting next_dagrun for example_setup_teardown to 2024-07-30 00:00:00+00:00, run_after=2024-07-31 00:00:00+00:00
[2024-07-31T19:02:12.683+0000] {processor.py:183} INFO - Processing /home/ubuntu/airflow-venv/lib/python3.12/site-packages/airflow/example_dags/example_setup_teardown.py took 0.080 seconds
[2024-07-31T19:02:56.668+0000] {processor.py:161} INFO - Started process (PID=5415) to work on /home/ubuntu/airflow-venv/lib/python3.12/site-packages/airflow/example_dags/example_setup_teardown.py
[2024-07-31T19:02:56.670+0000] {processor.py:830} INFO - Processing file /home/ubuntu/airflow-venv/lib/python3.12/site-packages/airflow/example_dags/example_setup_teardown.py for tasks to queue
[2024-07-31T19:02:56.671+0000] {logging_mixin.py:188} INFO - [2024-07-31T19:02:56.670+0000] {dagbag.py:545} INFO - Filling up the DagBag from /home/ubuntu/airflow-venv/lib/python3.12/site-packages/airflow/example_dags/example_setup_teardown.py
[2024-07-31T19:02:56.678+0000] {processor.py:840} INFO - DAG(s) 'example_setup_teardown' retrieved from /home/ubuntu/airflow-venv/lib/python3.12/site-packages/airflow/example_dags/example_setup_teardown.py
[2024-07-31T19:02:56.695+0000] {logging_mixin.py:188} INFO - [2024-07-31T19:02:56.694+0000] {dag.py:3089} INFO - Sync 1 DAGs
[2024-07-31T19:02:56.714+0000] {logging_mixin.py:188} INFO - [2024-07-31T19:02:56.714+0000] {dag.py:3947} INFO - Setting next_dagrun for example_setup_teardown to 2024-07-30 00:00:00+00:00, run_after=2024-07-31 00:00:00+00:00
[2024-07-31T19:02:56.738+0000] {processor.py:183} INFO - Processing /home/ubuntu/airflow-venv/lib/python3.12/site-packages/airflow/example_dags/example_setup_teardown.py took 0.075 seconds
[2024-07-31T19:03:39.146+0000] {processor.py:161} INFO - Started process (PID=5460) to work on /home/ubuntu/airflow-venv/lib/python3.12/site-packages/airflow/example_dags/example_setup_teardown.py
[2024-07-31T19:03:39.147+0000] {processor.py:830} INFO - Processing file /home/ubuntu/airflow-venv/lib/python3.12/site-packages/airflow/example_dags/example_setup_teardown.py for tasks to queue
[2024-07-31T19:03:39.148+0000] {logging_mixin.py:188} INFO - [2024-07-31T19:03:39.147+0000] {dagbag.py:545} INFO - Filling up the DagBag from /home/ubuntu/airflow-venv/lib/python3.12/site-packages/airflow/example_dags/example_setup_teardown.py
[2024-07-31T19:03:39.155+0000] {processor.py:840} INFO - DAG(s) 'example_setup_teardown' retrieved from /home/ubuntu/airflow-venv/lib/python3.12/site-packages/airflow/example_dags/example_setup_teardown.py
[2024-07-31T19:03:39.172+0000] {logging_mixin.py:188} INFO - [2024-07-31T19:03:39.171+0000] {dag.py:3089} INFO - Sync 1 DAGs
[2024-07-31T19:03:39.192+0000] {logging_mixin.py:188} INFO - [2024-07-31T19:03:39.191+0000] {dag.py:3947} INFO - Setting next_dagrun for example_setup_teardown to 2024-07-30 00:00:00+00:00, run_after=2024-07-31 00:00:00+00:00
[2024-07-31T19:03:39.323+0000] {processor.py:183} INFO - Processing /home/ubuntu/airflow-venv/lib/python3.12/site-packages/airflow/example_dags/example_setup_teardown.py took 0.184 seconds
[2024-07-31T19:19:03.241+0000] {processor.py:161} INFO - Started process (PID=5623) to work on /home/ubuntu/airflow-venv/lib/python3.12/site-packages/airflow/example_dags/example_setup_teardown.py
[2024-07-31T19:19:03.243+0000] {processor.py:830} INFO - Processing file /home/ubuntu/airflow-venv/lib/python3.12/site-packages/airflow/example_dags/example_setup_teardown.py for tasks to queue
[2024-07-31T19:19:03.245+0000] {logging_mixin.py:188} INFO - [2024-07-31T19:19:03.244+0000] {dagbag.py:545} INFO - Filling up the DagBag from /home/ubuntu/airflow-venv/lib/python3.12/site-packages/airflow/example_dags/example_setup_teardown.py
[2024-07-31T19:19:03.252+0000] {processor.py:840} INFO - DAG(s) 'example_setup_teardown' retrieved from /home/ubuntu/airflow-venv/lib/python3.12/site-packages/airflow/example_dags/example_setup_teardown.py
[2024-07-31T19:19:03.359+0000] {logging_mixin.py:188} INFO - [2024-07-31T19:19:03.359+0000] {dag.py:3089} INFO - Sync 1 DAGs
[2024-07-31T19:19:03.377+0000] {logging_mixin.py:188} INFO - [2024-07-31T19:19:03.377+0000] {dag.py:3947} INFO - Setting next_dagrun for example_setup_teardown to 2024-07-30 00:00:00+00:00, run_after=2024-07-31 00:00:00+00:00
[2024-07-31T19:19:03.401+0000] {processor.py:183} INFO - Processing /home/ubuntu/airflow-venv/lib/python3.12/site-packages/airflow/example_dags/example_setup_teardown.py took 0.165 seconds
[2024-07-31T19:20:02.818+0000] {processor.py:161} INFO - Started process (PID=5676) to work on /home/ubuntu/airflow-venv/lib/python3.12/site-packages/airflow/example_dags/example_setup_teardown.py
[2024-07-31T19:20:02.820+0000] {processor.py:830} INFO - Processing file /home/ubuntu/airflow-venv/lib/python3.12/site-packages/airflow/example_dags/example_setup_teardown.py for tasks to queue
[2024-07-31T19:20:02.821+0000] {logging_mixin.py:188} INFO - [2024-07-31T19:20:02.821+0000] {dagbag.py:545} INFO - Filling up the DagBag from /home/ubuntu/airflow-venv/lib/python3.12/site-packages/airflow/example_dags/example_setup_teardown.py
[2024-07-31T19:20:02.828+0000] {processor.py:840} INFO - DAG(s) 'example_setup_teardown' retrieved from /home/ubuntu/airflow-venv/lib/python3.12/site-packages/airflow/example_dags/example_setup_teardown.py
[2024-07-31T19:20:02.846+0000] {logging_mixin.py:188} INFO - [2024-07-31T19:20:02.846+0000] {dag.py:3089} INFO - Sync 1 DAGs
[2024-07-31T19:20:02.865+0000] {logging_mixin.py:188} INFO - [2024-07-31T19:20:02.865+0000] {dag.py:3947} INFO - Setting next_dagrun for example_setup_teardown to 2024-07-30 00:00:00+00:00, run_after=2024-07-31 00:00:00+00:00
[2024-07-31T19:20:02.889+0000] {processor.py:183} INFO - Processing /home/ubuntu/airflow-venv/lib/python3.12/site-packages/airflow/example_dags/example_setup_teardown.py took 0.076 seconds
[2024-07-31T19:20:57.714+0000] {processor.py:161} INFO - Started process (PID=5735) to work on /home/ubuntu/airflow-venv/lib/python3.12/site-packages/airflow/example_dags/example_setup_teardown.py
[2024-07-31T19:20:57.716+0000] {processor.py:830} INFO - Processing file /home/ubuntu/airflow-venv/lib/python3.12/site-packages/airflow/example_dags/example_setup_teardown.py for tasks to queue
[2024-07-31T19:20:57.718+0000] {logging_mixin.py:188} INFO - [2024-07-31T19:20:57.717+0000] {dagbag.py:545} INFO - Filling up the DagBag from /home/ubuntu/airflow-venv/lib/python3.12/site-packages/airflow/example_dags/example_setup_teardown.py
[2024-07-31T19:20:57.725+0000] {processor.py:840} INFO - DAG(s) 'example_setup_teardown' retrieved from /home/ubuntu/airflow-venv/lib/python3.12/site-packages/airflow/example_dags/example_setup_teardown.py
[2024-07-31T19:20:57.742+0000] {logging_mixin.py:188} INFO - [2024-07-31T19:20:57.742+0000] {dag.py:3089} INFO - Sync 1 DAGs
[2024-07-31T19:20:57.762+0000] {logging_mixin.py:188} INFO - [2024-07-31T19:20:57.762+0000] {dag.py:3947} INFO - Setting next_dagrun for example_setup_teardown to 2024-07-30 00:00:00+00:00, run_after=2024-07-31 00:00:00+00:00
[2024-07-31T19:20:57.785+0000] {processor.py:183} INFO - Processing /home/ubuntu/airflow-venv/lib/python3.12/site-packages/airflow/example_dags/example_setup_teardown.py took 0.077 seconds
[2024-07-31T19:21:51.227+0000] {processor.py:161} INFO - Started process (PID=5789) to work on /home/ubuntu/airflow-venv/lib/python3.12/site-packages/airflow/example_dags/example_setup_teardown.py
[2024-07-31T19:21:51.229+0000] {processor.py:830} INFO - Processing file /home/ubuntu/airflow-venv/lib/python3.12/site-packages/airflow/example_dags/example_setup_teardown.py for tasks to queue
[2024-07-31T19:21:51.230+0000] {logging_mixin.py:188} INFO - [2024-07-31T19:21:51.230+0000] {dagbag.py:545} INFO - Filling up the DagBag from /home/ubuntu/airflow-venv/lib/python3.12/site-packages/airflow/example_dags/example_setup_teardown.py
[2024-07-31T19:21:51.237+0000] {processor.py:840} INFO - DAG(s) 'example_setup_teardown' retrieved from /home/ubuntu/airflow-venv/lib/python3.12/site-packages/airflow/example_dags/example_setup_teardown.py
[2024-07-31T19:21:51.254+0000] {logging_mixin.py:188} INFO - [2024-07-31T19:21:51.254+0000] {dag.py:3089} INFO - Sync 1 DAGs
[2024-07-31T19:21:51.274+0000] {logging_mixin.py:188} INFO - [2024-07-31T19:21:51.274+0000] {dag.py:3947} INFO - Setting next_dagrun for example_setup_teardown to 2024-07-30 00:00:00+00:00, run_after=2024-07-31 00:00:00+00:00
[2024-07-31T19:21:51.298+0000] {processor.py:183} INFO - Processing /home/ubuntu/airflow-venv/lib/python3.12/site-packages/airflow/example_dags/example_setup_teardown.py took 0.076 seconds
[2024-07-31T19:22:38.652+0000] {processor.py:161} INFO - Started process (PID=5837) to work on /home/ubuntu/airflow-venv/lib/python3.12/site-packages/airflow/example_dags/example_setup_teardown.py
[2024-07-31T19:22:38.654+0000] {processor.py:830} INFO - Processing file /home/ubuntu/airflow-venv/lib/python3.12/site-packages/airflow/example_dags/example_setup_teardown.py for tasks to queue
[2024-07-31T19:22:38.655+0000] {logging_mixin.py:188} INFO - [2024-07-31T19:22:38.654+0000] {dagbag.py:545} INFO - Filling up the DagBag from /home/ubuntu/airflow-venv/lib/python3.12/site-packages/airflow/example_dags/example_setup_teardown.py
[2024-07-31T19:22:38.663+0000] {processor.py:840} INFO - DAG(s) 'example_setup_teardown' retrieved from /home/ubuntu/airflow-venv/lib/python3.12/site-packages/airflow/example_dags/example_setup_teardown.py
[2024-07-31T19:22:38.679+0000] {logging_mixin.py:188} INFO - [2024-07-31T19:22:38.679+0000] {dag.py:3089} INFO - Sync 1 DAGs
[2024-07-31T19:22:38.699+0000] {logging_mixin.py:188} INFO - [2024-07-31T19:22:38.699+0000] {dag.py:3947} INFO - Setting next_dagrun for example_setup_teardown to 2024-07-30 00:00:00+00:00, run_after=2024-07-31 00:00:00+00:00
[2024-07-31T19:22:38.723+0000] {processor.py:183} INFO - Processing /home/ubuntu/airflow-venv/lib/python3.12/site-packages/airflow/example_dags/example_setup_teardown.py took 0.076 seconds
[2024-07-31T19:23:23.119+0000] {processor.py:161} INFO - Started process (PID=5885) to work on /home/ubuntu/airflow-venv/lib/python3.12/site-packages/airflow/example_dags/example_setup_teardown.py
[2024-07-31T19:23:23.121+0000] {processor.py:830} INFO - Processing file /home/ubuntu/airflow-venv/lib/python3.12/site-packages/airflow/example_dags/example_setup_teardown.py for tasks to queue
[2024-07-31T19:23:23.122+0000] {logging_mixin.py:188} INFO - [2024-07-31T19:23:23.121+0000] {dagbag.py:545} INFO - Filling up the DagBag from /home/ubuntu/airflow-venv/lib/python3.12/site-packages/airflow/example_dags/example_setup_teardown.py
[2024-07-31T19:23:23.129+0000] {processor.py:840} INFO - DAG(s) 'example_setup_teardown' retrieved from /home/ubuntu/airflow-venv/lib/python3.12/site-packages/airflow/example_dags/example_setup_teardown.py
[2024-07-31T19:23:23.146+0000] {logging_mixin.py:188} INFO - [2024-07-31T19:23:23.146+0000] {dag.py:3089} INFO - Sync 1 DAGs
[2024-07-31T19:23:23.166+0000] {logging_mixin.py:188} INFO - [2024-07-31T19:23:23.166+0000] {dag.py:3947} INFO - Setting next_dagrun for example_setup_teardown to 2024-07-30 00:00:00+00:00, run_after=2024-07-31 00:00:00+00:00
[2024-07-31T19:23:23.190+0000] {processor.py:183} INFO - Processing /home/ubuntu/airflow-venv/lib/python3.12/site-packages/airflow/example_dags/example_setup_teardown.py took 0.076 seconds
[2024-07-31T19:24:16.889+0000] {processor.py:161} INFO - Started process (PID=5945) to work on /home/ubuntu/airflow-venv/lib/python3.12/site-packages/airflow/example_dags/example_setup_teardown.py
[2024-07-31T19:24:16.890+0000] {processor.py:830} INFO - Processing file /home/ubuntu/airflow-venv/lib/python3.12/site-packages/airflow/example_dags/example_setup_teardown.py for tasks to queue
[2024-07-31T19:24:16.891+0000] {logging_mixin.py:188} INFO - [2024-07-31T19:24:16.891+0000] {dagbag.py:545} INFO - Filling up the DagBag from /home/ubuntu/airflow-venv/lib/python3.12/site-packages/airflow/example_dags/example_setup_teardown.py
[2024-07-31T19:24:16.899+0000] {processor.py:840} INFO - DAG(s) 'example_setup_teardown' retrieved from /home/ubuntu/airflow-venv/lib/python3.12/site-packages/airflow/example_dags/example_setup_teardown.py
[2024-07-31T19:24:16.917+0000] {logging_mixin.py:188} INFO - [2024-07-31T19:24:16.916+0000] {dag.py:3089} INFO - Sync 1 DAGs
[2024-07-31T19:24:16.938+0000] {logging_mixin.py:188} INFO - [2024-07-31T19:24:16.937+0000] {dag.py:3947} INFO - Setting next_dagrun for example_setup_teardown to 2024-07-30 00:00:00+00:00, run_after=2024-07-31 00:00:00+00:00
[2024-07-31T19:24:16.962+0000] {processor.py:183} INFO - Processing /home/ubuntu/airflow-venv/lib/python3.12/site-packages/airflow/example_dags/example_setup_teardown.py took 0.079 seconds
[2024-07-31T19:25:06.469+0000] {processor.py:161} INFO - Started process (PID=6001) to work on /home/ubuntu/airflow-venv/lib/python3.12/site-packages/airflow/example_dags/example_setup_teardown.py
[2024-07-31T19:25:06.470+0000] {processor.py:830} INFO - Processing file /home/ubuntu/airflow-venv/lib/python3.12/site-packages/airflow/example_dags/example_setup_teardown.py for tasks to queue
[2024-07-31T19:25:06.471+0000] {logging_mixin.py:188} INFO - [2024-07-31T19:25:06.471+0000] {dagbag.py:545} INFO - Filling up the DagBag from /home/ubuntu/airflow-venv/lib/python3.12/site-packages/airflow/example_dags/example_setup_teardown.py
[2024-07-31T19:25:06.479+0000] {processor.py:840} INFO - DAG(s) 'example_setup_teardown' retrieved from /home/ubuntu/airflow-venv/lib/python3.12/site-packages/airflow/example_dags/example_setup_teardown.py
[2024-07-31T19:25:06.497+0000] {logging_mixin.py:188} INFO - [2024-07-31T19:25:06.497+0000] {dag.py:3089} INFO - Sync 1 DAGs
[2024-07-31T19:25:06.518+0000] {logging_mixin.py:188} INFO - [2024-07-31T19:25:06.517+0000] {dag.py:3947} INFO - Setting next_dagrun for example_setup_teardown to 2024-07-30 00:00:00+00:00, run_after=2024-07-31 00:00:00+00:00
[2024-07-31T19:25:06.543+0000] {processor.py:183} INFO - Processing /home/ubuntu/airflow-venv/lib/python3.12/site-packages/airflow/example_dags/example_setup_teardown.py took 0.080 seconds
[2024-07-31T19:25:54.744+0000] {processor.py:161} INFO - Started process (PID=6050) to work on /home/ubuntu/airflow-venv/lib/python3.12/site-packages/airflow/example_dags/example_setup_teardown.py
[2024-07-31T19:25:54.745+0000] {processor.py:830} INFO - Processing file /home/ubuntu/airflow-venv/lib/python3.12/site-packages/airflow/example_dags/example_setup_teardown.py for tasks to queue
[2024-07-31T19:25:54.746+0000] {logging_mixin.py:188} INFO - [2024-07-31T19:25:54.746+0000] {dagbag.py:545} INFO - Filling up the DagBag from /home/ubuntu/airflow-venv/lib/python3.12/site-packages/airflow/example_dags/example_setup_teardown.py
[2024-07-31T19:25:54.754+0000] {processor.py:840} INFO - DAG(s) 'example_setup_teardown' retrieved from /home/ubuntu/airflow-venv/lib/python3.12/site-packages/airflow/example_dags/example_setup_teardown.py
[2024-07-31T19:25:54.771+0000] {logging_mixin.py:188} INFO - [2024-07-31T19:25:54.770+0000] {dag.py:3089} INFO - Sync 1 DAGs
[2024-07-31T19:25:54.790+0000] {logging_mixin.py:188} INFO - [2024-07-31T19:25:54.790+0000] {dag.py:3947} INFO - Setting next_dagrun for example_setup_teardown to 2024-07-30 00:00:00+00:00, run_after=2024-07-31 00:00:00+00:00
[2024-07-31T19:25:54.816+0000] {processor.py:183} INFO - Processing /home/ubuntu/airflow-venv/lib/python3.12/site-packages/airflow/example_dags/example_setup_teardown.py took 0.078 seconds
[2024-07-31T19:26:38.272+0000] {processor.py:161} INFO - Started process (PID=6097) to work on /home/ubuntu/airflow-venv/lib/python3.12/site-packages/airflow/example_dags/example_setup_teardown.py
[2024-07-31T19:26:38.273+0000] {processor.py:830} INFO - Processing file /home/ubuntu/airflow-venv/lib/python3.12/site-packages/airflow/example_dags/example_setup_teardown.py for tasks to queue
[2024-07-31T19:26:38.274+0000] {logging_mixin.py:188} INFO - [2024-07-31T19:26:38.274+0000] {dagbag.py:545} INFO - Filling up the DagBag from /home/ubuntu/airflow-venv/lib/python3.12/site-packages/airflow/example_dags/example_setup_teardown.py
[2024-07-31T19:26:38.282+0000] {processor.py:840} INFO - DAG(s) 'example_setup_teardown' retrieved from /home/ubuntu/airflow-venv/lib/python3.12/site-packages/airflow/example_dags/example_setup_teardown.py
[2024-07-31T19:26:38.299+0000] {logging_mixin.py:188} INFO - [2024-07-31T19:26:38.298+0000] {dag.py:3089} INFO - Sync 1 DAGs
[2024-07-31T19:26:38.318+0000] {logging_mixin.py:188} INFO - [2024-07-31T19:26:38.318+0000] {dag.py:3947} INFO - Setting next_dagrun for example_setup_teardown to 2024-07-30 00:00:00+00:00, run_after=2024-07-31 00:00:00+00:00
[2024-07-31T19:26:38.342+0000] {processor.py:183} INFO - Processing /home/ubuntu/airflow-venv/lib/python3.12/site-packages/airflow/example_dags/example_setup_teardown.py took 0.075 seconds
[2024-07-31T19:27:45.830+0000] {processor.py:161} INFO - Started process (PID=6169) to work on /home/ubuntu/airflow-venv/lib/python3.12/site-packages/airflow/example_dags/example_setup_teardown.py
[2024-07-31T19:27:45.832+0000] {processor.py:830} INFO - Processing file /home/ubuntu/airflow-venv/lib/python3.12/site-packages/airflow/example_dags/example_setup_teardown.py for tasks to queue
[2024-07-31T19:27:45.833+0000] {logging_mixin.py:188} INFO - [2024-07-31T19:27:45.832+0000] {dagbag.py:545} INFO - Filling up the DagBag from /home/ubuntu/airflow-venv/lib/python3.12/site-packages/airflow/example_dags/example_setup_teardown.py
[2024-07-31T19:27:45.840+0000] {processor.py:840} INFO - DAG(s) 'example_setup_teardown' retrieved from /home/ubuntu/airflow-venv/lib/python3.12/site-packages/airflow/example_dags/example_setup_teardown.py
[2024-07-31T19:27:45.858+0000] {logging_mixin.py:188} INFO - [2024-07-31T19:27:45.857+0000] {dag.py:3089} INFO - Sync 1 DAGs
[2024-07-31T19:27:45.877+0000] {logging_mixin.py:188} INFO - [2024-07-31T19:27:45.877+0000] {dag.py:3947} INFO - Setting next_dagrun for example_setup_teardown to 2024-07-30 00:00:00+00:00, run_after=2024-07-31 00:00:00+00:00
[2024-07-31T19:27:45.900+0000] {processor.py:183} INFO - Processing /home/ubuntu/airflow-venv/lib/python3.12/site-packages/airflow/example_dags/example_setup_teardown.py took 0.076 seconds
[2024-07-31T19:28:37.402+0000] {processor.py:161} INFO - Started process (PID=6223) to work on /home/ubuntu/airflow-venv/lib/python3.12/site-packages/airflow/example_dags/example_setup_teardown.py
[2024-07-31T19:28:37.404+0000] {processor.py:830} INFO - Processing file /home/ubuntu/airflow-venv/lib/python3.12/site-packages/airflow/example_dags/example_setup_teardown.py for tasks to queue
[2024-07-31T19:28:37.405+0000] {logging_mixin.py:188} INFO - [2024-07-31T19:28:37.404+0000] {dagbag.py:545} INFO - Filling up the DagBag from /home/ubuntu/airflow-venv/lib/python3.12/site-packages/airflow/example_dags/example_setup_teardown.py
[2024-07-31T19:28:37.412+0000] {processor.py:840} INFO - DAG(s) 'example_setup_teardown' retrieved from /home/ubuntu/airflow-venv/lib/python3.12/site-packages/airflow/example_dags/example_setup_teardown.py
[2024-07-31T19:28:37.429+0000] {logging_mixin.py:188} INFO - [2024-07-31T19:28:37.429+0000] {dag.py:3089} INFO - Sync 1 DAGs
[2024-07-31T19:28:37.449+0000] {logging_mixin.py:188} INFO - [2024-07-31T19:28:37.449+0000] {dag.py:3947} INFO - Setting next_dagrun for example_setup_teardown to 2024-07-30 00:00:00+00:00, run_after=2024-07-31 00:00:00+00:00
[2024-07-31T19:28:37.471+0000] {processor.py:183} INFO - Processing /home/ubuntu/airflow-venv/lib/python3.12/site-packages/airflow/example_dags/example_setup_teardown.py took 0.075 seconds
[2024-07-31T19:29:23.384+0000] {processor.py:161} INFO - Started process (PID=6269) to work on /home/ubuntu/airflow-venv/lib/python3.12/site-packages/airflow/example_dags/example_setup_teardown.py
[2024-07-31T19:29:23.386+0000] {processor.py:830} INFO - Processing file /home/ubuntu/airflow-venv/lib/python3.12/site-packages/airflow/example_dags/example_setup_teardown.py for tasks to queue
[2024-07-31T19:29:23.387+0000] {logging_mixin.py:188} INFO - [2024-07-31T19:29:23.386+0000] {dagbag.py:545} INFO - Filling up the DagBag from /home/ubuntu/airflow-venv/lib/python3.12/site-packages/airflow/example_dags/example_setup_teardown.py
[2024-07-31T19:29:23.395+0000] {processor.py:840} INFO - DAG(s) 'example_setup_teardown' retrieved from /home/ubuntu/airflow-venv/lib/python3.12/site-packages/airflow/example_dags/example_setup_teardown.py
[2024-07-31T19:29:23.412+0000] {logging_mixin.py:188} INFO - [2024-07-31T19:29:23.411+0000] {dag.py:3089} INFO - Sync 1 DAGs
[2024-07-31T19:29:23.431+0000] {logging_mixin.py:188} INFO - [2024-07-31T19:29:23.431+0000] {dag.py:3947} INFO - Setting next_dagrun for example_setup_teardown to 2024-07-30 00:00:00+00:00, run_after=2024-07-31 00:00:00+00:00
[2024-07-31T19:29:23.455+0000] {processor.py:183} INFO - Processing /home/ubuntu/airflow-venv/lib/python3.12/site-packages/airflow/example_dags/example_setup_teardown.py took 0.077 seconds
[2024-07-31T19:30:08.274+0000] {processor.py:161} INFO - Started process (PID=6324) to work on /home/ubuntu/airflow-venv/lib/python3.12/site-packages/airflow/example_dags/example_setup_teardown.py
[2024-07-31T19:30:08.276+0000] {processor.py:830} INFO - Processing file /home/ubuntu/airflow-venv/lib/python3.12/site-packages/airflow/example_dags/example_setup_teardown.py for tasks to queue
[2024-07-31T19:30:08.277+0000] {logging_mixin.py:188} INFO - [2024-07-31T19:30:08.276+0000] {dagbag.py:545} INFO - Filling up the DagBag from /home/ubuntu/airflow-venv/lib/python3.12/site-packages/airflow/example_dags/example_setup_teardown.py
[2024-07-31T19:30:08.284+0000] {processor.py:840} INFO - DAG(s) 'example_setup_teardown' retrieved from /home/ubuntu/airflow-venv/lib/python3.12/site-packages/airflow/example_dags/example_setup_teardown.py
[2024-07-31T19:30:08.301+0000] {logging_mixin.py:188} INFO - [2024-07-31T19:30:08.301+0000] {dag.py:3089} INFO - Sync 1 DAGs
[2024-07-31T19:30:08.322+0000] {logging_mixin.py:188} INFO - [2024-07-31T19:30:08.321+0000] {dag.py:3947} INFO - Setting next_dagrun for example_setup_teardown to 2024-07-30 00:00:00+00:00, run_after=2024-07-31 00:00:00+00:00
[2024-07-31T19:30:08.346+0000] {processor.py:183} INFO - Processing /home/ubuntu/airflow-venv/lib/python3.12/site-packages/airflow/example_dags/example_setup_teardown.py took 0.077 seconds
[2024-07-31T19:30:54.491+0000] {processor.py:161} INFO - Started process (PID=6370) to work on /home/ubuntu/airflow-venv/lib/python3.12/site-packages/airflow/example_dags/example_setup_teardown.py
[2024-07-31T19:30:54.493+0000] {processor.py:830} INFO - Processing file /home/ubuntu/airflow-venv/lib/python3.12/site-packages/airflow/example_dags/example_setup_teardown.py for tasks to queue
[2024-07-31T19:30:54.494+0000] {logging_mixin.py:188} INFO - [2024-07-31T19:30:54.493+0000] {dagbag.py:545} INFO - Filling up the DagBag from /home/ubuntu/airflow-venv/lib/python3.12/site-packages/airflow/example_dags/example_setup_teardown.py
[2024-07-31T19:30:54.502+0000] {processor.py:840} INFO - DAG(s) 'example_setup_teardown' retrieved from /home/ubuntu/airflow-venv/lib/python3.12/site-packages/airflow/example_dags/example_setup_teardown.py
[2024-07-31T19:30:54.519+0000] {logging_mixin.py:188} INFO - [2024-07-31T19:30:54.519+0000] {dag.py:3089} INFO - Sync 1 DAGs
[2024-07-31T19:30:54.540+0000] {logging_mixin.py:188} INFO - [2024-07-31T19:30:54.539+0000] {dag.py:3947} INFO - Setting next_dagrun for example_setup_teardown to 2024-07-30 00:00:00+00:00, run_after=2024-07-31 00:00:00+00:00
[2024-07-31T19:30:54.566+0000] {processor.py:183} INFO - Processing /home/ubuntu/airflow-venv/lib/python3.12/site-packages/airflow/example_dags/example_setup_teardown.py took 0.080 seconds
[2024-07-31T19:31:47.317+0000] {processor.py:161} INFO - Started process (PID=6427) to work on /home/ubuntu/airflow-venv/lib/python3.12/site-packages/airflow/example_dags/example_setup_teardown.py
[2024-07-31T19:31:47.318+0000] {processor.py:830} INFO - Processing file /home/ubuntu/airflow-venv/lib/python3.12/site-packages/airflow/example_dags/example_setup_teardown.py for tasks to queue
[2024-07-31T19:31:47.319+0000] {logging_mixin.py:188} INFO - [2024-07-31T19:31:47.319+0000] {dagbag.py:545} INFO - Filling up the DagBag from /home/ubuntu/airflow-venv/lib/python3.12/site-packages/airflow/example_dags/example_setup_teardown.py
[2024-07-31T19:31:47.327+0000] {processor.py:840} INFO - DAG(s) 'example_setup_teardown' retrieved from /home/ubuntu/airflow-venv/lib/python3.12/site-packages/airflow/example_dags/example_setup_teardown.py
[2024-07-31T19:31:47.343+0000] {logging_mixin.py:188} INFO - [2024-07-31T19:31:47.343+0000] {dag.py:3089} INFO - Sync 1 DAGs
[2024-07-31T19:31:47.363+0000] {logging_mixin.py:188} INFO - [2024-07-31T19:31:47.362+0000] {dag.py:3947} INFO - Setting next_dagrun for example_setup_teardown to 2024-07-30 00:00:00+00:00, run_after=2024-07-31 00:00:00+00:00
[2024-07-31T19:31:47.388+0000] {processor.py:183} INFO - Processing /home/ubuntu/airflow-venv/lib/python3.12/site-packages/airflow/example_dags/example_setup_teardown.py took 0.077 seconds
[2024-07-31T19:32:56.538+0000] {processor.py:161} INFO - Started process (PID=6503) to work on /home/ubuntu/airflow-venv/lib/python3.12/site-packages/airflow/example_dags/example_setup_teardown.py
[2024-07-31T19:32:56.540+0000] {processor.py:830} INFO - Processing file /home/ubuntu/airflow-venv/lib/python3.12/site-packages/airflow/example_dags/example_setup_teardown.py for tasks to queue
[2024-07-31T19:32:56.540+0000] {logging_mixin.py:188} INFO - [2024-07-31T19:32:56.540+0000] {dagbag.py:545} INFO - Filling up the DagBag from /home/ubuntu/airflow-venv/lib/python3.12/site-packages/airflow/example_dags/example_setup_teardown.py
[2024-07-31T19:32:56.548+0000] {processor.py:840} INFO - DAG(s) 'example_setup_teardown' retrieved from /home/ubuntu/airflow-venv/lib/python3.12/site-packages/airflow/example_dags/example_setup_teardown.py
[2024-07-31T19:32:56.565+0000] {logging_mixin.py:188} INFO - [2024-07-31T19:32:56.565+0000] {dag.py:3089} INFO - Sync 1 DAGs
[2024-07-31T19:32:56.585+0000] {logging_mixin.py:188} INFO - [2024-07-31T19:32:56.584+0000] {dag.py:3947} INFO - Setting next_dagrun for example_setup_teardown to 2024-07-30 00:00:00+00:00, run_after=2024-07-31 00:00:00+00:00
[2024-07-31T19:32:56.607+0000] {processor.py:183} INFO - Processing /home/ubuntu/airflow-venv/lib/python3.12/site-packages/airflow/example_dags/example_setup_teardown.py took 0.075 seconds
[2024-07-31T19:34:07.914+0000] {processor.py:161} INFO - Started process (PID=6580) to work on /home/ubuntu/airflow-venv/lib/python3.12/site-packages/airflow/example_dags/example_setup_teardown.py
[2024-07-31T19:34:07.916+0000] {processor.py:830} INFO - Processing file /home/ubuntu/airflow-venv/lib/python3.12/site-packages/airflow/example_dags/example_setup_teardown.py for tasks to queue
[2024-07-31T19:34:07.917+0000] {logging_mixin.py:188} INFO - [2024-07-31T19:34:07.916+0000] {dagbag.py:545} INFO - Filling up the DagBag from /home/ubuntu/airflow-venv/lib/python3.12/site-packages/airflow/example_dags/example_setup_teardown.py
[2024-07-31T19:34:07.924+0000] {processor.py:840} INFO - DAG(s) 'example_setup_teardown' retrieved from /home/ubuntu/airflow-venv/lib/python3.12/site-packages/airflow/example_dags/example_setup_teardown.py
[2024-07-31T19:34:07.941+0000] {logging_mixin.py:188} INFO - [2024-07-31T19:34:07.941+0000] {dag.py:3089} INFO - Sync 1 DAGs
[2024-07-31T19:34:07.961+0000] {logging_mixin.py:188} INFO - [2024-07-31T19:34:07.961+0000] {dag.py:3947} INFO - Setting next_dagrun for example_setup_teardown to 2024-07-30 00:00:00+00:00, run_after=2024-07-31 00:00:00+00:00
[2024-07-31T19:34:07.983+0000] {processor.py:183} INFO - Processing /home/ubuntu/airflow-venv/lib/python3.12/site-packages/airflow/example_dags/example_setup_teardown.py took 0.075 seconds
