[2024-07-31T18:43:11.271+0000] {processor.py:161} INFO - Started process (PID=3451) to work on /home/ubuntu/airflow-venv/lib/python3.12/site-packages/airflow/example_dags/example_task_group_decorator.py
[2024-07-31T18:43:11.272+0000] {processor.py:830} INFO - Processing file /home/ubuntu/airflow-venv/lib/python3.12/site-packages/airflow/example_dags/example_task_group_decorator.py for tasks to queue
[2024-07-31T18:43:11.274+0000] {logging_mixin.py:188} INFO - [2024-07-31T18:43:11.273+0000] {dagbag.py:545} INFO - Filling up the DagBag from /home/ubuntu/airflow-venv/lib/python3.12/site-packages/airflow/example_dags/example_task_group_decorator.py
[2024-07-31T18:43:11.289+0000] {processor.py:840} INFO - DAG(s) 'example_task_group_decorator' retrieved from /home/ubuntu/airflow-venv/lib/python3.12/site-packages/airflow/example_dags/example_task_group_decorator.py
[2024-07-31T18:43:11.413+0000] {logging_mixin.py:188} INFO - [2024-07-31T18:43:11.412+0000] {override.py:1858} INFO - Created Permission View: can edit on DAG:example_task_group_decorator
[2024-07-31T18:43:11.426+0000] {logging_mixin.py:188} INFO - [2024-07-31T18:43:11.426+0000] {override.py:1858} INFO - Created Permission View: can read on DAG:example_task_group_decorator
[2024-07-31T18:43:11.437+0000] {logging_mixin.py:188} INFO - [2024-07-31T18:43:11.437+0000] {override.py:1858} INFO - Created Permission View: can delete on DAG:example_task_group_decorator
[2024-07-31T18:43:11.437+0000] {logging_mixin.py:188} INFO - [2024-07-31T18:43:11.437+0000] {dag.py:3089} INFO - Sync 1 DAGs
[2024-07-31T18:43:11.448+0000] {logging_mixin.py:188} INFO - [2024-07-31T18:43:11.448+0000] {dag.py:3111} INFO - Creating ORM DAG for example_task_group_decorator
[2024-07-31T18:43:11.457+0000] {logging_mixin.py:188} INFO - [2024-07-31T18:43:11.456+0000] {dag.py:3947} INFO - Setting next_dagrun for example_task_group_decorator to 2024-07-30 00:00:00+00:00, run_after=2024-07-31 00:00:00+00:00
[2024-07-31T18:43:11.480+0000] {processor.py:183} INFO - Processing /home/ubuntu/airflow-venv/lib/python3.12/site-packages/airflow/example_dags/example_task_group_decorator.py took 0.215 seconds
[2024-07-31T18:44:09.796+0000] {processor.py:161} INFO - Started process (PID=3528) to work on /home/ubuntu/airflow-venv/lib/python3.12/site-packages/airflow/example_dags/example_task_group_decorator.py
[2024-07-31T18:44:09.798+0000] {processor.py:830} INFO - Processing file /home/ubuntu/airflow-venv/lib/python3.12/site-packages/airflow/example_dags/example_task_group_decorator.py for tasks to queue
[2024-07-31T18:44:09.799+0000] {logging_mixin.py:188} INFO - [2024-07-31T18:44:09.799+0000] {dagbag.py:545} INFO - Filling up the DagBag from /home/ubuntu/airflow-venv/lib/python3.12/site-packages/airflow/example_dags/example_task_group_decorator.py
[2024-07-31T18:44:09.815+0000] {processor.py:840} INFO - DAG(s) 'example_task_group_decorator' retrieved from /home/ubuntu/airflow-venv/lib/python3.12/site-packages/airflow/example_dags/example_task_group_decorator.py
[2024-07-31T18:44:09.837+0000] {logging_mixin.py:188} INFO - [2024-07-31T18:44:09.836+0000] {dag.py:3089} INFO - Sync 1 DAGs
[2024-07-31T18:44:09.858+0000] {logging_mixin.py:188} INFO - [2024-07-31T18:44:09.858+0000] {dag.py:3947} INFO - Setting next_dagrun for example_task_group_decorator to 2024-07-30 00:00:00+00:00, run_after=2024-07-31 00:00:00+00:00
[2024-07-31T18:44:09.882+0000] {processor.py:183} INFO - Processing /home/ubuntu/airflow-venv/lib/python3.12/site-packages/airflow/example_dags/example_task_group_decorator.py took 0.091 seconds
[2024-07-31T18:45:00.163+0000] {processor.py:161} INFO - Started process (PID=3585) to work on /home/ubuntu/airflow-venv/lib/python3.12/site-packages/airflow/example_dags/example_task_group_decorator.py
[2024-07-31T18:45:00.165+0000] {processor.py:830} INFO - Processing file /home/ubuntu/airflow-venv/lib/python3.12/site-packages/airflow/example_dags/example_task_group_decorator.py for tasks to queue
[2024-07-31T18:45:00.166+0000] {logging_mixin.py:188} INFO - [2024-07-31T18:45:00.166+0000] {dagbag.py:545} INFO - Filling up the DagBag from /home/ubuntu/airflow-venv/lib/python3.12/site-packages/airflow/example_dags/example_task_group_decorator.py
[2024-07-31T18:45:00.182+0000] {processor.py:840} INFO - DAG(s) 'example_task_group_decorator' retrieved from /home/ubuntu/airflow-venv/lib/python3.12/site-packages/airflow/example_dags/example_task_group_decorator.py
[2024-07-31T18:45:00.203+0000] {logging_mixin.py:188} INFO - [2024-07-31T18:45:00.202+0000] {dag.py:3089} INFO - Sync 1 DAGs
[2024-07-31T18:45:00.222+0000] {logging_mixin.py:188} INFO - [2024-07-31T18:45:00.222+0000] {dag.py:3947} INFO - Setting next_dagrun for example_task_group_decorator to 2024-07-30 00:00:00+00:00, run_after=2024-07-31 00:00:00+00:00
[2024-07-31T18:45:00.247+0000] {processor.py:183} INFO - Processing /home/ubuntu/airflow-venv/lib/python3.12/site-packages/airflow/example_dags/example_task_group_decorator.py took 0.089 seconds
[2024-07-31T18:45:48.710+0000] {processor.py:161} INFO - Started process (PID=3641) to work on /home/ubuntu/airflow-venv/lib/python3.12/site-packages/airflow/example_dags/example_task_group_decorator.py
[2024-07-31T18:45:48.711+0000] {processor.py:830} INFO - Processing file /home/ubuntu/airflow-venv/lib/python3.12/site-packages/airflow/example_dags/example_task_group_decorator.py for tasks to queue
[2024-07-31T18:45:48.713+0000] {logging_mixin.py:188} INFO - [2024-07-31T18:45:48.712+0000] {dagbag.py:545} INFO - Filling up the DagBag from /home/ubuntu/airflow-venv/lib/python3.12/site-packages/airflow/example_dags/example_task_group_decorator.py
[2024-07-31T18:45:48.729+0000] {processor.py:840} INFO - DAG(s) 'example_task_group_decorator' retrieved from /home/ubuntu/airflow-venv/lib/python3.12/site-packages/airflow/example_dags/example_task_group_decorator.py
[2024-07-31T18:45:48.750+0000] {logging_mixin.py:188} INFO - [2024-07-31T18:45:48.750+0000] {dag.py:3089} INFO - Sync 1 DAGs
[2024-07-31T18:45:48.769+0000] {logging_mixin.py:188} INFO - [2024-07-31T18:45:48.769+0000] {dag.py:3947} INFO - Setting next_dagrun for example_task_group_decorator to 2024-07-30 00:00:00+00:00, run_after=2024-07-31 00:00:00+00:00
[2024-07-31T18:45:48.793+0000] {processor.py:183} INFO - Processing /home/ubuntu/airflow-venv/lib/python3.12/site-packages/airflow/example_dags/example_task_group_decorator.py took 0.089 seconds
[2024-07-31T18:46:29.963+0000] {processor.py:161} INFO - Started process (PID=3784) to work on /home/ubuntu/airflow-venv/lib/python3.12/site-packages/airflow/example_dags/example_task_group_decorator.py
[2024-07-31T18:46:29.965+0000] {processor.py:830} INFO - Processing file /home/ubuntu/airflow-venv/lib/python3.12/site-packages/airflow/example_dags/example_task_group_decorator.py for tasks to queue
[2024-07-31T18:46:29.966+0000] {logging_mixin.py:188} INFO - [2024-07-31T18:46:29.966+0000] {dagbag.py:545} INFO - Filling up the DagBag from /home/ubuntu/airflow-venv/lib/python3.12/site-packages/airflow/example_dags/example_task_group_decorator.py
[2024-07-31T18:46:29.982+0000] {processor.py:840} INFO - DAG(s) 'example_task_group_decorator' retrieved from /home/ubuntu/airflow-venv/lib/python3.12/site-packages/airflow/example_dags/example_task_group_decorator.py
[2024-07-31T18:46:30.003+0000] {logging_mixin.py:188} INFO - [2024-07-31T18:46:30.003+0000] {dag.py:3089} INFO - Sync 1 DAGs
[2024-07-31T18:46:30.024+0000] {logging_mixin.py:188} INFO - [2024-07-31T18:46:30.024+0000] {dag.py:3947} INFO - Setting next_dagrun for example_task_group_decorator to 2024-07-30 00:00:00+00:00, run_after=2024-07-31 00:00:00+00:00
[2024-07-31T18:46:30.048+0000] {processor.py:183} INFO - Processing /home/ubuntu/airflow-venv/lib/python3.12/site-packages/airflow/example_dags/example_task_group_decorator.py took 0.091 seconds
[2024-07-31T18:47:10.272+0000] {processor.py:161} INFO - Started process (PID=3919) to work on /home/ubuntu/airflow-venv/lib/python3.12/site-packages/airflow/example_dags/example_task_group_decorator.py
[2024-07-31T18:47:10.273+0000] {processor.py:830} INFO - Processing file /home/ubuntu/airflow-venv/lib/python3.12/site-packages/airflow/example_dags/example_task_group_decorator.py for tasks to queue
[2024-07-31T18:47:10.275+0000] {logging_mixin.py:188} INFO - [2024-07-31T18:47:10.275+0000] {dagbag.py:545} INFO - Filling up the DagBag from /home/ubuntu/airflow-venv/lib/python3.12/site-packages/airflow/example_dags/example_task_group_decorator.py
[2024-07-31T18:47:10.291+0000] {processor.py:840} INFO - DAG(s) 'example_task_group_decorator' retrieved from /home/ubuntu/airflow-venv/lib/python3.12/site-packages/airflow/example_dags/example_task_group_decorator.py
[2024-07-31T18:47:10.312+0000] {logging_mixin.py:188} INFO - [2024-07-31T18:47:10.312+0000] {dag.py:3089} INFO - Sync 1 DAGs
[2024-07-31T18:47:10.332+0000] {logging_mixin.py:188} INFO - [2024-07-31T18:47:10.331+0000] {dag.py:3947} INFO - Setting next_dagrun for example_task_group_decorator to 2024-07-30 00:00:00+00:00, run_after=2024-07-31 00:00:00+00:00
[2024-07-31T18:47:10.355+0000] {processor.py:183} INFO - Processing /home/ubuntu/airflow-venv/lib/python3.12/site-packages/airflow/example_dags/example_task_group_decorator.py took 0.089 seconds
[2024-07-31T18:47:50.905+0000] {processor.py:161} INFO - Started process (PID=3964) to work on /home/ubuntu/airflow-venv/lib/python3.12/site-packages/airflow/example_dags/example_task_group_decorator.py
[2024-07-31T18:47:50.906+0000] {processor.py:830} INFO - Processing file /home/ubuntu/airflow-venv/lib/python3.12/site-packages/airflow/example_dags/example_task_group_decorator.py for tasks to queue
[2024-07-31T18:47:50.908+0000] {logging_mixin.py:188} INFO - [2024-07-31T18:47:50.907+0000] {dagbag.py:545} INFO - Filling up the DagBag from /home/ubuntu/airflow-venv/lib/python3.12/site-packages/airflow/example_dags/example_task_group_decorator.py
[2024-07-31T18:47:50.923+0000] {processor.py:840} INFO - DAG(s) 'example_task_group_decorator' retrieved from /home/ubuntu/airflow-venv/lib/python3.12/site-packages/airflow/example_dags/example_task_group_decorator.py
[2024-07-31T18:47:50.944+0000] {logging_mixin.py:188} INFO - [2024-07-31T18:47:50.944+0000] {dag.py:3089} INFO - Sync 1 DAGs
[2024-07-31T18:47:50.964+0000] {logging_mixin.py:188} INFO - [2024-07-31T18:47:50.964+0000] {dag.py:3947} INFO - Setting next_dagrun for example_task_group_decorator to 2024-07-30 00:00:00+00:00, run_after=2024-07-31 00:00:00+00:00
[2024-07-31T18:47:50.986+0000] {processor.py:183} INFO - Processing /home/ubuntu/airflow-venv/lib/python3.12/site-packages/airflow/example_dags/example_task_group_decorator.py took 0.087 seconds
[2024-07-31T18:48:47.234+0000] {processor.py:161} INFO - Started process (PID=4191) to work on /home/ubuntu/airflow-venv/lib/python3.12/site-packages/airflow/example_dags/example_task_group_decorator.py
[2024-07-31T18:48:47.235+0000] {processor.py:830} INFO - Processing file /home/ubuntu/airflow-venv/lib/python3.12/site-packages/airflow/example_dags/example_task_group_decorator.py for tasks to queue
[2024-07-31T18:48:47.237+0000] {logging_mixin.py:188} INFO - [2024-07-31T18:48:47.236+0000] {dagbag.py:545} INFO - Filling up the DagBag from /home/ubuntu/airflow-venv/lib/python3.12/site-packages/airflow/example_dags/example_task_group_decorator.py
[2024-07-31T18:48:47.253+0000] {processor.py:840} INFO - DAG(s) 'example_task_group_decorator' retrieved from /home/ubuntu/airflow-venv/lib/python3.12/site-packages/airflow/example_dags/example_task_group_decorator.py
[2024-07-31T18:48:47.275+0000] {logging_mixin.py:188} INFO - [2024-07-31T18:48:47.274+0000] {dag.py:3089} INFO - Sync 1 DAGs
[2024-07-31T18:48:47.296+0000] {logging_mixin.py:188} INFO - [2024-07-31T18:48:47.295+0000] {dag.py:3947} INFO - Setting next_dagrun for example_task_group_decorator to 2024-07-30 00:00:00+00:00, run_after=2024-07-31 00:00:00+00:00
[2024-07-31T18:48:47.319+0000] {processor.py:183} INFO - Processing /home/ubuntu/airflow-venv/lib/python3.12/site-packages/airflow/example_dags/example_task_group_decorator.py took 0.091 seconds
[2024-07-31T18:49:27.765+0000] {processor.py:161} INFO - Started process (PID=4234) to work on /home/ubuntu/airflow-venv/lib/python3.12/site-packages/airflow/example_dags/example_task_group_decorator.py
[2024-07-31T18:49:27.767+0000] {processor.py:830} INFO - Processing file /home/ubuntu/airflow-venv/lib/python3.12/site-packages/airflow/example_dags/example_task_group_decorator.py for tasks to queue
[2024-07-31T18:49:27.769+0000] {logging_mixin.py:188} INFO - [2024-07-31T18:49:27.768+0000] {dagbag.py:545} INFO - Filling up the DagBag from /home/ubuntu/airflow-venv/lib/python3.12/site-packages/airflow/example_dags/example_task_group_decorator.py
[2024-07-31T18:49:27.784+0000] {processor.py:840} INFO - DAG(s) 'example_task_group_decorator' retrieved from /home/ubuntu/airflow-venv/lib/python3.12/site-packages/airflow/example_dags/example_task_group_decorator.py
[2024-07-31T18:49:27.805+0000] {logging_mixin.py:188} INFO - [2024-07-31T18:49:27.805+0000] {dag.py:3089} INFO - Sync 1 DAGs
[2024-07-31T18:49:27.824+0000] {logging_mixin.py:188} INFO - [2024-07-31T18:49:27.824+0000] {dag.py:3947} INFO - Setting next_dagrun for example_task_group_decorator to 2024-07-30 00:00:00+00:00, run_after=2024-07-31 00:00:00+00:00
[2024-07-31T18:49:27.848+0000] {processor.py:183} INFO - Processing /home/ubuntu/airflow-venv/lib/python3.12/site-packages/airflow/example_dags/example_task_group_decorator.py took 0.089 seconds
[2024-07-31T18:50:27.027+0000] {processor.py:161} INFO - Started process (PID=4299) to work on /home/ubuntu/airflow-venv/lib/python3.12/site-packages/airflow/example_dags/example_task_group_decorator.py
[2024-07-31T18:50:27.028+0000] {processor.py:830} INFO - Processing file /home/ubuntu/airflow-venv/lib/python3.12/site-packages/airflow/example_dags/example_task_group_decorator.py for tasks to queue
[2024-07-31T18:50:27.030+0000] {logging_mixin.py:188} INFO - [2024-07-31T18:50:27.030+0000] {dagbag.py:545} INFO - Filling up the DagBag from /home/ubuntu/airflow-venv/lib/python3.12/site-packages/airflow/example_dags/example_task_group_decorator.py
[2024-07-31T18:50:27.046+0000] {processor.py:840} INFO - DAG(s) 'example_task_group_decorator' retrieved from /home/ubuntu/airflow-venv/lib/python3.12/site-packages/airflow/example_dags/example_task_group_decorator.py
[2024-07-31T18:50:27.067+0000] {logging_mixin.py:188} INFO - [2024-07-31T18:50:27.067+0000] {dag.py:3089} INFO - Sync 1 DAGs
[2024-07-31T18:50:27.086+0000] {logging_mixin.py:188} INFO - [2024-07-31T18:50:27.086+0000] {dag.py:3947} INFO - Setting next_dagrun for example_task_group_decorator to 2024-07-30 00:00:00+00:00, run_after=2024-07-31 00:00:00+00:00
[2024-07-31T18:50:27.111+0000] {processor.py:183} INFO - Processing /home/ubuntu/airflow-venv/lib/python3.12/site-packages/airflow/example_dags/example_task_group_decorator.py took 0.089 seconds
[2024-07-31T18:51:06.985+0000] {processor.py:161} INFO - Started process (PID=4343) to work on /home/ubuntu/airflow-venv/lib/python3.12/site-packages/airflow/example_dags/example_task_group_decorator.py
[2024-07-31T18:51:06.987+0000] {processor.py:830} INFO - Processing file /home/ubuntu/airflow-venv/lib/python3.12/site-packages/airflow/example_dags/example_task_group_decorator.py for tasks to queue
[2024-07-31T18:51:06.989+0000] {logging_mixin.py:188} INFO - [2024-07-31T18:51:06.988+0000] {dagbag.py:545} INFO - Filling up the DagBag from /home/ubuntu/airflow-venv/lib/python3.12/site-packages/airflow/example_dags/example_task_group_decorator.py
[2024-07-31T18:51:07.004+0000] {processor.py:840} INFO - DAG(s) 'example_task_group_decorator' retrieved from /home/ubuntu/airflow-venv/lib/python3.12/site-packages/airflow/example_dags/example_task_group_decorator.py
[2024-07-31T18:51:07.025+0000] {logging_mixin.py:188} INFO - [2024-07-31T18:51:07.025+0000] {dag.py:3089} INFO - Sync 1 DAGs
[2024-07-31T18:51:07.044+0000] {logging_mixin.py:188} INFO - [2024-07-31T18:51:07.044+0000] {dag.py:3947} INFO - Setting next_dagrun for example_task_group_decorator to 2024-07-30 00:00:00+00:00, run_after=2024-07-31 00:00:00+00:00
[2024-07-31T18:51:07.068+0000] {processor.py:183} INFO - Processing /home/ubuntu/airflow-venv/lib/python3.12/site-packages/airflow/example_dags/example_task_group_decorator.py took 0.088 seconds
[2024-07-31T18:52:03.596+0000] {processor.py:161} INFO - Started process (PID=4404) to work on /home/ubuntu/airflow-venv/lib/python3.12/site-packages/airflow/example_dags/example_task_group_decorator.py
[2024-07-31T18:52:03.597+0000] {processor.py:830} INFO - Processing file /home/ubuntu/airflow-venv/lib/python3.12/site-packages/airflow/example_dags/example_task_group_decorator.py for tasks to queue
[2024-07-31T18:52:03.599+0000] {logging_mixin.py:188} INFO - [2024-07-31T18:52:03.598+0000] {dagbag.py:545} INFO - Filling up the DagBag from /home/ubuntu/airflow-venv/lib/python3.12/site-packages/airflow/example_dags/example_task_group_decorator.py
[2024-07-31T18:52:03.614+0000] {processor.py:840} INFO - DAG(s) 'example_task_group_decorator' retrieved from /home/ubuntu/airflow-venv/lib/python3.12/site-packages/airflow/example_dags/example_task_group_decorator.py
[2024-07-31T18:52:03.635+0000] {logging_mixin.py:188} INFO - [2024-07-31T18:52:03.635+0000] {dag.py:3089} INFO - Sync 1 DAGs
[2024-07-31T18:52:03.655+0000] {logging_mixin.py:188} INFO - [2024-07-31T18:52:03.655+0000] {dag.py:3947} INFO - Setting next_dagrun for example_task_group_decorator to 2024-07-30 00:00:00+00:00, run_after=2024-07-31 00:00:00+00:00
[2024-07-31T18:52:03.679+0000] {processor.py:183} INFO - Processing /home/ubuntu/airflow-venv/lib/python3.12/site-packages/airflow/example_dags/example_task_group_decorator.py took 0.089 seconds
[2024-07-31T18:53:03.387+0000] {processor.py:161} INFO - Started process (PID=4468) to work on /home/ubuntu/airflow-venv/lib/python3.12/site-packages/airflow/example_dags/example_task_group_decorator.py
[2024-07-31T18:53:03.388+0000] {processor.py:830} INFO - Processing file /home/ubuntu/airflow-venv/lib/python3.12/site-packages/airflow/example_dags/example_task_group_decorator.py for tasks to queue
[2024-07-31T18:53:03.389+0000] {logging_mixin.py:188} INFO - [2024-07-31T18:53:03.389+0000] {dagbag.py:545} INFO - Filling up the DagBag from /home/ubuntu/airflow-venv/lib/python3.12/site-packages/airflow/example_dags/example_task_group_decorator.py
[2024-07-31T18:53:03.405+0000] {processor.py:840} INFO - DAG(s) 'example_task_group_decorator' retrieved from /home/ubuntu/airflow-venv/lib/python3.12/site-packages/airflow/example_dags/example_task_group_decorator.py
[2024-07-31T18:53:03.426+0000] {logging_mixin.py:188} INFO - [2024-07-31T18:53:03.425+0000] {dag.py:3089} INFO - Sync 1 DAGs
[2024-07-31T18:53:03.445+0000] {logging_mixin.py:188} INFO - [2024-07-31T18:53:03.445+0000] {dag.py:3947} INFO - Setting next_dagrun for example_task_group_decorator to 2024-07-30 00:00:00+00:00, run_after=2024-07-31 00:00:00+00:00
[2024-07-31T18:53:03.469+0000] {processor.py:183} INFO - Processing /home/ubuntu/airflow-venv/lib/python3.12/site-packages/airflow/example_dags/example_task_group_decorator.py took 0.088 seconds
[2024-07-31T18:53:45.461+0000] {processor.py:161} INFO - Started process (PID=4514) to work on /home/ubuntu/airflow-venv/lib/python3.12/site-packages/airflow/example_dags/example_task_group_decorator.py
[2024-07-31T18:53:45.463+0000] {processor.py:830} INFO - Processing file /home/ubuntu/airflow-venv/lib/python3.12/site-packages/airflow/example_dags/example_task_group_decorator.py for tasks to queue
[2024-07-31T18:53:45.464+0000] {logging_mixin.py:188} INFO - [2024-07-31T18:53:45.463+0000] {dagbag.py:545} INFO - Filling up the DagBag from /home/ubuntu/airflow-venv/lib/python3.12/site-packages/airflow/example_dags/example_task_group_decorator.py
[2024-07-31T18:53:45.480+0000] {processor.py:840} INFO - DAG(s) 'example_task_group_decorator' retrieved from /home/ubuntu/airflow-venv/lib/python3.12/site-packages/airflow/example_dags/example_task_group_decorator.py
[2024-07-31T18:53:45.501+0000] {logging_mixin.py:188} INFO - [2024-07-31T18:53:45.500+0000] {dag.py:3089} INFO - Sync 1 DAGs
[2024-07-31T18:53:45.520+0000] {logging_mixin.py:188} INFO - [2024-07-31T18:53:45.520+0000] {dag.py:3947} INFO - Setting next_dagrun for example_task_group_decorator to 2024-07-30 00:00:00+00:00, run_after=2024-07-31 00:00:00+00:00
[2024-07-31T18:53:45.544+0000] {processor.py:183} INFO - Processing /home/ubuntu/airflow-venv/lib/python3.12/site-packages/airflow/example_dags/example_task_group_decorator.py took 0.089 seconds
[2024-07-31T18:54:24.935+0000] {processor.py:161} INFO - Started process (PID=4559) to work on /home/ubuntu/airflow-venv/lib/python3.12/site-packages/airflow/example_dags/example_task_group_decorator.py
[2024-07-31T18:54:24.936+0000] {processor.py:830} INFO - Processing file /home/ubuntu/airflow-venv/lib/python3.12/site-packages/airflow/example_dags/example_task_group_decorator.py for tasks to queue
[2024-07-31T18:54:24.937+0000] {logging_mixin.py:188} INFO - [2024-07-31T18:54:24.937+0000] {dagbag.py:545} INFO - Filling up the DagBag from /home/ubuntu/airflow-venv/lib/python3.12/site-packages/airflow/example_dags/example_task_group_decorator.py
[2024-07-31T18:54:24.954+0000] {processor.py:840} INFO - DAG(s) 'example_task_group_decorator' retrieved from /home/ubuntu/airflow-venv/lib/python3.12/site-packages/airflow/example_dags/example_task_group_decorator.py
[2024-07-31T18:54:24.976+0000] {logging_mixin.py:188} INFO - [2024-07-31T18:54:24.975+0000] {dag.py:3089} INFO - Sync 1 DAGs
[2024-07-31T18:54:24.996+0000] {logging_mixin.py:188} INFO - [2024-07-31T18:54:24.996+0000] {dag.py:3947} INFO - Setting next_dagrun for example_task_group_decorator to 2024-07-30 00:00:00+00:00, run_after=2024-07-31 00:00:00+00:00
[2024-07-31T18:54:25.019+0000] {processor.py:183} INFO - Processing /home/ubuntu/airflow-venv/lib/python3.12/site-packages/airflow/example_dags/example_task_group_decorator.py took 0.091 seconds
[2024-07-31T18:55:04.970+0000] {processor.py:161} INFO - Started process (PID=4606) to work on /home/ubuntu/airflow-venv/lib/python3.12/site-packages/airflow/example_dags/example_task_group_decorator.py
[2024-07-31T18:55:04.971+0000] {processor.py:830} INFO - Processing file /home/ubuntu/airflow-venv/lib/python3.12/site-packages/airflow/example_dags/example_task_group_decorator.py for tasks to queue
[2024-07-31T18:55:04.972+0000] {logging_mixin.py:188} INFO - [2024-07-31T18:55:04.972+0000] {dagbag.py:545} INFO - Filling up the DagBag from /home/ubuntu/airflow-venv/lib/python3.12/site-packages/airflow/example_dags/example_task_group_decorator.py
[2024-07-31T18:55:04.988+0000] {processor.py:840} INFO - DAG(s) 'example_task_group_decorator' retrieved from /home/ubuntu/airflow-venv/lib/python3.12/site-packages/airflow/example_dags/example_task_group_decorator.py
[2024-07-31T18:55:05.010+0000] {logging_mixin.py:188} INFO - [2024-07-31T18:55:05.009+0000] {dag.py:3089} INFO - Sync 1 DAGs
[2024-07-31T18:55:05.029+0000] {logging_mixin.py:188} INFO - [2024-07-31T18:55:05.029+0000] {dag.py:3947} INFO - Setting next_dagrun for example_task_group_decorator to 2024-07-30 00:00:00+00:00, run_after=2024-07-31 00:00:00+00:00
[2024-07-31T18:55:05.053+0000] {processor.py:183} INFO - Processing /home/ubuntu/airflow-venv/lib/python3.12/site-packages/airflow/example_dags/example_task_group_decorator.py took 0.089 seconds
[2024-07-31T18:55:46.677+0000] {processor.py:161} INFO - Started process (PID=4650) to work on /home/ubuntu/airflow-venv/lib/python3.12/site-packages/airflow/example_dags/example_task_group_decorator.py
[2024-07-31T18:55:46.679+0000] {processor.py:830} INFO - Processing file /home/ubuntu/airflow-venv/lib/python3.12/site-packages/airflow/example_dags/example_task_group_decorator.py for tasks to queue
[2024-07-31T18:55:46.680+0000] {logging_mixin.py:188} INFO - [2024-07-31T18:55:46.679+0000] {dagbag.py:545} INFO - Filling up the DagBag from /home/ubuntu/airflow-venv/lib/python3.12/site-packages/airflow/example_dags/example_task_group_decorator.py
[2024-07-31T18:55:46.696+0000] {processor.py:840} INFO - DAG(s) 'example_task_group_decorator' retrieved from /home/ubuntu/airflow-venv/lib/python3.12/site-packages/airflow/example_dags/example_task_group_decorator.py
[2024-07-31T18:55:46.717+0000] {logging_mixin.py:188} INFO - [2024-07-31T18:55:46.717+0000] {dag.py:3089} INFO - Sync 1 DAGs
[2024-07-31T18:55:46.737+0000] {logging_mixin.py:188} INFO - [2024-07-31T18:55:46.736+0000] {dag.py:3947} INFO - Setting next_dagrun for example_task_group_decorator to 2024-07-30 00:00:00+00:00, run_after=2024-07-31 00:00:00+00:00
[2024-07-31T18:55:46.759+0000] {processor.py:183} INFO - Processing /home/ubuntu/airflow-venv/lib/python3.12/site-packages/airflow/example_dags/example_task_group_decorator.py took 0.088 seconds
[2024-07-31T18:56:32.463+0000] {processor.py:161} INFO - Started process (PID=4742) to work on /home/ubuntu/airflow-venv/lib/python3.12/site-packages/airflow/example_dags/example_task_group_decorator.py
[2024-07-31T18:56:32.465+0000] {processor.py:830} INFO - Processing file /home/ubuntu/airflow-venv/lib/python3.12/site-packages/airflow/example_dags/example_task_group_decorator.py for tasks to queue
[2024-07-31T18:56:32.466+0000] {logging_mixin.py:188} INFO - [2024-07-31T18:56:32.465+0000] {dagbag.py:545} INFO - Filling up the DagBag from /home/ubuntu/airflow-venv/lib/python3.12/site-packages/airflow/example_dags/example_task_group_decorator.py
[2024-07-31T18:56:32.482+0000] {processor.py:840} INFO - DAG(s) 'example_task_group_decorator' retrieved from /home/ubuntu/airflow-venv/lib/python3.12/site-packages/airflow/example_dags/example_task_group_decorator.py
[2024-07-31T18:56:32.507+0000] {logging_mixin.py:188} INFO - [2024-07-31T18:56:32.506+0000] {dag.py:3089} INFO - Sync 1 DAGs
[2024-07-31T18:56:32.526+0000] {logging_mixin.py:188} INFO - [2024-07-31T18:56:32.526+0000] {dag.py:3947} INFO - Setting next_dagrun for example_task_group_decorator to 2024-07-30 00:00:00+00:00, run_after=2024-07-31 00:00:00+00:00
[2024-07-31T18:56:32.555+0000] {processor.py:183} INFO - Processing /home/ubuntu/airflow-venv/lib/python3.12/site-packages/airflow/example_dags/example_task_group_decorator.py took 0.097 seconds
[2024-07-31T18:57:18.817+0000] {processor.py:161} INFO - Started process (PID=5058) to work on /home/ubuntu/airflow-venv/lib/python3.12/site-packages/airflow/example_dags/example_task_group_decorator.py
[2024-07-31T18:57:18.818+0000] {processor.py:830} INFO - Processing file /home/ubuntu/airflow-venv/lib/python3.12/site-packages/airflow/example_dags/example_task_group_decorator.py for tasks to queue
[2024-07-31T18:57:18.819+0000] {logging_mixin.py:188} INFO - [2024-07-31T18:57:18.818+0000] {dagbag.py:545} INFO - Filling up the DagBag from /home/ubuntu/airflow-venv/lib/python3.12/site-packages/airflow/example_dags/example_task_group_decorator.py
[2024-07-31T18:57:18.835+0000] {processor.py:840} INFO - DAG(s) 'example_task_group_decorator' retrieved from /home/ubuntu/airflow-venv/lib/python3.12/site-packages/airflow/example_dags/example_task_group_decorator.py
[2024-07-31T18:57:18.857+0000] {logging_mixin.py:188} INFO - [2024-07-31T18:57:18.857+0000] {dag.py:3089} INFO - Sync 1 DAGs
[2024-07-31T18:57:18.877+0000] {logging_mixin.py:188} INFO - [2024-07-31T18:57:18.876+0000] {dag.py:3947} INFO - Setting next_dagrun for example_task_group_decorator to 2024-07-30 00:00:00+00:00, run_after=2024-07-31 00:00:00+00:00
[2024-07-31T18:57:18.902+0000] {processor.py:183} INFO - Processing /home/ubuntu/airflow-venv/lib/python3.12/site-packages/airflow/example_dags/example_task_group_decorator.py took 0.091 seconds
[2024-07-31T18:58:04.868+0000] {processor.py:161} INFO - Started process (PID=5105) to work on /home/ubuntu/airflow-venv/lib/python3.12/site-packages/airflow/example_dags/example_task_group_decorator.py
[2024-07-31T18:58:04.870+0000] {processor.py:830} INFO - Processing file /home/ubuntu/airflow-venv/lib/python3.12/site-packages/airflow/example_dags/example_task_group_decorator.py for tasks to queue
[2024-07-31T18:58:04.870+0000] {logging_mixin.py:188} INFO - [2024-07-31T18:58:04.870+0000] {dagbag.py:545} INFO - Filling up the DagBag from /home/ubuntu/airflow-venv/lib/python3.12/site-packages/airflow/example_dags/example_task_group_decorator.py
[2024-07-31T18:58:04.887+0000] {processor.py:840} INFO - DAG(s) 'example_task_group_decorator' retrieved from /home/ubuntu/airflow-venv/lib/python3.12/site-packages/airflow/example_dags/example_task_group_decorator.py
[2024-07-31T18:58:04.909+0000] {logging_mixin.py:188} INFO - [2024-07-31T18:58:04.909+0000] {dag.py:3089} INFO - Sync 1 DAGs
[2024-07-31T18:58:04.929+0000] {logging_mixin.py:188} INFO - [2024-07-31T18:58:04.928+0000] {dag.py:3947} INFO - Setting next_dagrun for example_task_group_decorator to 2024-07-30 00:00:00+00:00, run_after=2024-07-31 00:00:00+00:00
[2024-07-31T18:58:04.952+0000] {processor.py:183} INFO - Processing /home/ubuntu/airflow-venv/lib/python3.12/site-packages/airflow/example_dags/example_task_group_decorator.py took 0.089 seconds
[2024-07-31T18:58:49.866+0000] {processor.py:161} INFO - Started process (PID=5155) to work on /home/ubuntu/airflow-venv/lib/python3.12/site-packages/airflow/example_dags/example_task_group_decorator.py
[2024-07-31T18:58:49.867+0000] {processor.py:830} INFO - Processing file /home/ubuntu/airflow-venv/lib/python3.12/site-packages/airflow/example_dags/example_task_group_decorator.py for tasks to queue
[2024-07-31T18:58:49.868+0000] {logging_mixin.py:188} INFO - [2024-07-31T18:58:49.868+0000] {dagbag.py:545} INFO - Filling up the DagBag from /home/ubuntu/airflow-venv/lib/python3.12/site-packages/airflow/example_dags/example_task_group_decorator.py
[2024-07-31T18:58:49.884+0000] {processor.py:840} INFO - DAG(s) 'example_task_group_decorator' retrieved from /home/ubuntu/airflow-venv/lib/python3.12/site-packages/airflow/example_dags/example_task_group_decorator.py
[2024-07-31T18:58:49.906+0000] {logging_mixin.py:188} INFO - [2024-07-31T18:58:49.905+0000] {dag.py:3089} INFO - Sync 1 DAGs
[2024-07-31T18:58:49.926+0000] {logging_mixin.py:188} INFO - [2024-07-31T18:58:49.925+0000] {dag.py:3947} INFO - Setting next_dagrun for example_task_group_decorator to 2024-07-30 00:00:00+00:00, run_after=2024-07-31 00:00:00+00:00
[2024-07-31T18:58:49.951+0000] {processor.py:183} INFO - Processing /home/ubuntu/airflow-venv/lib/python3.12/site-packages/airflow/example_dags/example_task_group_decorator.py took 0.091 seconds
[2024-07-31T18:59:31.359+0000] {processor.py:161} INFO - Started process (PID=5200) to work on /home/ubuntu/airflow-venv/lib/python3.12/site-packages/airflow/example_dags/example_task_group_decorator.py
[2024-07-31T18:59:31.361+0000] {processor.py:830} INFO - Processing file /home/ubuntu/airflow-venv/lib/python3.12/site-packages/airflow/example_dags/example_task_group_decorator.py for tasks to queue
[2024-07-31T18:59:31.362+0000] {logging_mixin.py:188} INFO - [2024-07-31T18:59:31.361+0000] {dagbag.py:545} INFO - Filling up the DagBag from /home/ubuntu/airflow-venv/lib/python3.12/site-packages/airflow/example_dags/example_task_group_decorator.py
[2024-07-31T18:59:31.378+0000] {processor.py:840} INFO - DAG(s) 'example_task_group_decorator' retrieved from /home/ubuntu/airflow-venv/lib/python3.12/site-packages/airflow/example_dags/example_task_group_decorator.py
[2024-07-31T18:59:31.399+0000] {logging_mixin.py:188} INFO - [2024-07-31T18:59:31.399+0000] {dag.py:3089} INFO - Sync 1 DAGs
[2024-07-31T18:59:31.418+0000] {logging_mixin.py:188} INFO - [2024-07-31T18:59:31.418+0000] {dag.py:3947} INFO - Setting next_dagrun for example_task_group_decorator to 2024-07-30 00:00:00+00:00, run_after=2024-07-31 00:00:00+00:00
[2024-07-31T18:59:31.442+0000] {processor.py:183} INFO - Processing /home/ubuntu/airflow-venv/lib/python3.12/site-packages/airflow/example_dags/example_task_group_decorator.py took 0.088 seconds
[2024-07-31T19:00:14.828+0000] {processor.py:161} INFO - Started process (PID=5248) to work on /home/ubuntu/airflow-venv/lib/python3.12/site-packages/airflow/example_dags/example_task_group_decorator.py
[2024-07-31T19:00:14.830+0000] {processor.py:830} INFO - Processing file /home/ubuntu/airflow-venv/lib/python3.12/site-packages/airflow/example_dags/example_task_group_decorator.py for tasks to queue
[2024-07-31T19:00:14.830+0000] {logging_mixin.py:188} INFO - [2024-07-31T19:00:14.830+0000] {dagbag.py:545} INFO - Filling up the DagBag from /home/ubuntu/airflow-venv/lib/python3.12/site-packages/airflow/example_dags/example_task_group_decorator.py
[2024-07-31T19:00:14.847+0000] {processor.py:840} INFO - DAG(s) 'example_task_group_decorator' retrieved from /home/ubuntu/airflow-venv/lib/python3.12/site-packages/airflow/example_dags/example_task_group_decorator.py
[2024-07-31T19:00:14.869+0000] {logging_mixin.py:188} INFO - [2024-07-31T19:00:14.868+0000] {dag.py:3089} INFO - Sync 1 DAGs
[2024-07-31T19:00:14.889+0000] {logging_mixin.py:188} INFO - [2024-07-31T19:00:14.889+0000] {dag.py:3947} INFO - Setting next_dagrun for example_task_group_decorator to 2024-07-30 00:00:00+00:00, run_after=2024-07-31 00:00:00+00:00
[2024-07-31T19:00:14.912+0000] {processor.py:183} INFO - Processing /home/ubuntu/airflow-venv/lib/python3.12/site-packages/airflow/example_dags/example_task_group_decorator.py took 0.090 seconds
[2024-07-31T19:00:59.994+0000] {processor.py:161} INFO - Started process (PID=5295) to work on /home/ubuntu/airflow-venv/lib/python3.12/site-packages/airflow/example_dags/example_task_group_decorator.py
[2024-07-31T19:00:59.996+0000] {processor.py:830} INFO - Processing file /home/ubuntu/airflow-venv/lib/python3.12/site-packages/airflow/example_dags/example_task_group_decorator.py for tasks to queue
[2024-07-31T19:00:59.997+0000] {logging_mixin.py:188} INFO - [2024-07-31T19:00:59.996+0000] {dagbag.py:545} INFO - Filling up the DagBag from /home/ubuntu/airflow-venv/lib/python3.12/site-packages/airflow/example_dags/example_task_group_decorator.py
[2024-07-31T19:01:00.013+0000] {processor.py:840} INFO - DAG(s) 'example_task_group_decorator' retrieved from /home/ubuntu/airflow-venv/lib/python3.12/site-packages/airflow/example_dags/example_task_group_decorator.py
[2024-07-31T19:01:00.035+0000] {logging_mixin.py:188} INFO - [2024-07-31T19:01:00.035+0000] {dag.py:3089} INFO - Sync 1 DAGs
[2024-07-31T19:01:00.055+0000] {logging_mixin.py:188} INFO - [2024-07-31T19:01:00.055+0000] {dag.py:3947} INFO - Setting next_dagrun for example_task_group_decorator to 2024-07-30 00:00:00+00:00, run_after=2024-07-31 00:00:00+00:00
[2024-07-31T19:01:00.079+0000] {processor.py:183} INFO - Processing /home/ubuntu/airflow-venv/lib/python3.12/site-packages/airflow/example_dags/example_task_group_decorator.py took 0.090 seconds
[2024-07-31T19:01:44.098+0000] {processor.py:161} INFO - Started process (PID=5339) to work on /home/ubuntu/airflow-venv/lib/python3.12/site-packages/airflow/example_dags/example_task_group_decorator.py
[2024-07-31T19:01:44.099+0000] {processor.py:830} INFO - Processing file /home/ubuntu/airflow-venv/lib/python3.12/site-packages/airflow/example_dags/example_task_group_decorator.py for tasks to queue
[2024-07-31T19:01:44.100+0000] {logging_mixin.py:188} INFO - [2024-07-31T19:01:44.100+0000] {dagbag.py:545} INFO - Filling up the DagBag from /home/ubuntu/airflow-venv/lib/python3.12/site-packages/airflow/example_dags/example_task_group_decorator.py
[2024-07-31T19:01:44.117+0000] {processor.py:840} INFO - DAG(s) 'example_task_group_decorator' retrieved from /home/ubuntu/airflow-venv/lib/python3.12/site-packages/airflow/example_dags/example_task_group_decorator.py
[2024-07-31T19:01:44.139+0000] {logging_mixin.py:188} INFO - [2024-07-31T19:01:44.139+0000] {dag.py:3089} INFO - Sync 1 DAGs
[2024-07-31T19:01:44.159+0000] {logging_mixin.py:188} INFO - [2024-07-31T19:01:44.158+0000] {dag.py:3947} INFO - Setting next_dagrun for example_task_group_decorator to 2024-07-30 00:00:00+00:00, run_after=2024-07-31 00:00:00+00:00
[2024-07-31T19:01:44.196+0000] {processor.py:183} INFO - Processing /home/ubuntu/airflow-venv/lib/python3.12/site-packages/airflow/example_dags/example_task_group_decorator.py took 0.104 seconds
[2024-07-31T19:02:29.330+0000] {processor.py:161} INFO - Started process (PID=5386) to work on /home/ubuntu/airflow-venv/lib/python3.12/site-packages/airflow/example_dags/example_task_group_decorator.py
[2024-07-31T19:02:29.332+0000] {processor.py:830} INFO - Processing file /home/ubuntu/airflow-venv/lib/python3.12/site-packages/airflow/example_dags/example_task_group_decorator.py for tasks to queue
[2024-07-31T19:02:29.333+0000] {logging_mixin.py:188} INFO - [2024-07-31T19:02:29.332+0000] {dagbag.py:545} INFO - Filling up the DagBag from /home/ubuntu/airflow-venv/lib/python3.12/site-packages/airflow/example_dags/example_task_group_decorator.py
[2024-07-31T19:02:29.349+0000] {processor.py:840} INFO - DAG(s) 'example_task_group_decorator' retrieved from /home/ubuntu/airflow-venv/lib/python3.12/site-packages/airflow/example_dags/example_task_group_decorator.py
[2024-07-31T19:02:29.371+0000] {logging_mixin.py:188} INFO - [2024-07-31T19:02:29.371+0000] {dag.py:3089} INFO - Sync 1 DAGs
[2024-07-31T19:02:29.390+0000] {logging_mixin.py:188} INFO - [2024-07-31T19:02:29.390+0000] {dag.py:3947} INFO - Setting next_dagrun for example_task_group_decorator to 2024-07-30 00:00:00+00:00, run_after=2024-07-31 00:00:00+00:00
[2024-07-31T19:02:29.524+0000] {processor.py:183} INFO - Processing /home/ubuntu/airflow-venv/lib/python3.12/site-packages/airflow/example_dags/example_task_group_decorator.py took 0.200 seconds
[2024-07-31T19:03:14.602+0000] {processor.py:161} INFO - Started process (PID=5433) to work on /home/ubuntu/airflow-venv/lib/python3.12/site-packages/airflow/example_dags/example_task_group_decorator.py
[2024-07-31T19:03:14.603+0000] {processor.py:830} INFO - Processing file /home/ubuntu/airflow-venv/lib/python3.12/site-packages/airflow/example_dags/example_task_group_decorator.py for tasks to queue
[2024-07-31T19:03:14.604+0000] {logging_mixin.py:188} INFO - [2024-07-31T19:03:14.604+0000] {dagbag.py:545} INFO - Filling up the DagBag from /home/ubuntu/airflow-venv/lib/python3.12/site-packages/airflow/example_dags/example_task_group_decorator.py
[2024-07-31T19:03:14.621+0000] {processor.py:840} INFO - DAG(s) 'example_task_group_decorator' retrieved from /home/ubuntu/airflow-venv/lib/python3.12/site-packages/airflow/example_dags/example_task_group_decorator.py
[2024-07-31T19:03:14.643+0000] {logging_mixin.py:188} INFO - [2024-07-31T19:03:14.643+0000] {dag.py:3089} INFO - Sync 1 DAGs
[2024-07-31T19:03:14.663+0000] {logging_mixin.py:188} INFO - [2024-07-31T19:03:14.662+0000] {dag.py:3947} INFO - Setting next_dagrun for example_task_group_decorator to 2024-07-30 00:00:00+00:00, run_after=2024-07-31 00:00:00+00:00
[2024-07-31T19:03:14.686+0000] {processor.py:183} INFO - Processing /home/ubuntu/airflow-venv/lib/python3.12/site-packages/airflow/example_dags/example_task_group_decorator.py took 0.091 seconds
[2024-07-31T19:04:00.235+0000] {processor.py:161} INFO - Started process (PID=5480) to work on /home/ubuntu/airflow-venv/lib/python3.12/site-packages/airflow/example_dags/example_task_group_decorator.py
[2024-07-31T19:04:00.237+0000] {processor.py:830} INFO - Processing file /home/ubuntu/airflow-venv/lib/python3.12/site-packages/airflow/example_dags/example_task_group_decorator.py for tasks to queue
[2024-07-31T19:04:00.238+0000] {logging_mixin.py:188} INFO - [2024-07-31T19:04:00.238+0000] {dagbag.py:545} INFO - Filling up the DagBag from /home/ubuntu/airflow-venv/lib/python3.12/site-packages/airflow/example_dags/example_task_group_decorator.py
[2024-07-31T19:04:00.255+0000] {processor.py:840} INFO - DAG(s) 'example_task_group_decorator' retrieved from /home/ubuntu/airflow-venv/lib/python3.12/site-packages/airflow/example_dags/example_task_group_decorator.py
[2024-07-31T19:04:00.276+0000] {logging_mixin.py:188} INFO - [2024-07-31T19:04:00.276+0000] {dag.py:3089} INFO - Sync 1 DAGs
[2024-07-31T19:04:00.410+0000] {logging_mixin.py:188} INFO - [2024-07-31T19:04:00.410+0000] {dag.py:3947} INFO - Setting next_dagrun for example_task_group_decorator to 2024-07-30 00:00:00+00:00, run_after=2024-07-31 00:00:00+00:00
[2024-07-31T19:04:00.431+0000] {processor.py:183} INFO - Processing /home/ubuntu/airflow-venv/lib/python3.12/site-packages/airflow/example_dags/example_task_group_decorator.py took 0.202 seconds
[2024-07-31T19:18:54.658+0000] {processor.py:161} INFO - Started process (PID=5615) to work on /home/ubuntu/airflow-venv/lib/python3.12/site-packages/airflow/example_dags/example_task_group_decorator.py
[2024-07-31T19:18:54.659+0000] {processor.py:830} INFO - Processing file /home/ubuntu/airflow-venv/lib/python3.12/site-packages/airflow/example_dags/example_task_group_decorator.py for tasks to queue
[2024-07-31T19:18:54.661+0000] {logging_mixin.py:188} INFO - [2024-07-31T19:18:54.660+0000] {dagbag.py:545} INFO - Filling up the DagBag from /home/ubuntu/airflow-venv/lib/python3.12/site-packages/airflow/example_dags/example_task_group_decorator.py
[2024-07-31T19:18:54.678+0000] {processor.py:840} INFO - DAG(s) 'example_task_group_decorator' retrieved from /home/ubuntu/airflow-venv/lib/python3.12/site-packages/airflow/example_dags/example_task_group_decorator.py
[2024-07-31T19:18:54.785+0000] {logging_mixin.py:188} INFO - [2024-07-31T19:18:54.785+0000] {dag.py:3089} INFO - Sync 1 DAGs
[2024-07-31T19:18:54.802+0000] {logging_mixin.py:188} INFO - [2024-07-31T19:18:54.802+0000] {dag.py:3947} INFO - Setting next_dagrun for example_task_group_decorator to 2024-07-30 00:00:00+00:00, run_after=2024-07-31 00:00:00+00:00
[2024-07-31T19:18:54.828+0000] {processor.py:183} INFO - Processing /home/ubuntu/airflow-venv/lib/python3.12/site-packages/airflow/example_dags/example_task_group_decorator.py took 0.176 seconds
[2024-07-31T19:19:57.867+0000] {processor.py:161} INFO - Started process (PID=5671) to work on /home/ubuntu/airflow-venv/lib/python3.12/site-packages/airflow/example_dags/example_task_group_decorator.py
[2024-07-31T19:19:57.869+0000] {processor.py:830} INFO - Processing file /home/ubuntu/airflow-venv/lib/python3.12/site-packages/airflow/example_dags/example_task_group_decorator.py for tasks to queue
[2024-07-31T19:19:57.871+0000] {logging_mixin.py:188} INFO - [2024-07-31T19:19:57.870+0000] {dagbag.py:545} INFO - Filling up the DagBag from /home/ubuntu/airflow-venv/lib/python3.12/site-packages/airflow/example_dags/example_task_group_decorator.py
[2024-07-31T19:19:57.886+0000] {processor.py:840} INFO - DAG(s) 'example_task_group_decorator' retrieved from /home/ubuntu/airflow-venv/lib/python3.12/site-packages/airflow/example_dags/example_task_group_decorator.py
[2024-07-31T19:19:57.908+0000] {logging_mixin.py:188} INFO - [2024-07-31T19:19:57.908+0000] {dag.py:3089} INFO - Sync 1 DAGs
[2024-07-31T19:19:57.928+0000] {logging_mixin.py:188} INFO - [2024-07-31T19:19:57.928+0000] {dag.py:3947} INFO - Setting next_dagrun for example_task_group_decorator to 2024-07-30 00:00:00+00:00, run_after=2024-07-31 00:00:00+00:00
[2024-07-31T19:19:57.951+0000] {processor.py:183} INFO - Processing /home/ubuntu/airflow-venv/lib/python3.12/site-packages/airflow/example_dags/example_task_group_decorator.py took 0.089 seconds
[2024-07-31T19:20:51.133+0000] {processor.py:161} INFO - Started process (PID=5728) to work on /home/ubuntu/airflow-venv/lib/python3.12/site-packages/airflow/example_dags/example_task_group_decorator.py
[2024-07-31T19:20:51.134+0000] {processor.py:830} INFO - Processing file /home/ubuntu/airflow-venv/lib/python3.12/site-packages/airflow/example_dags/example_task_group_decorator.py for tasks to queue
[2024-07-31T19:20:51.136+0000] {logging_mixin.py:188} INFO - [2024-07-31T19:20:51.135+0000] {dagbag.py:545} INFO - Filling up the DagBag from /home/ubuntu/airflow-venv/lib/python3.12/site-packages/airflow/example_dags/example_task_group_decorator.py
[2024-07-31T19:20:51.151+0000] {processor.py:840} INFO - DAG(s) 'example_task_group_decorator' retrieved from /home/ubuntu/airflow-venv/lib/python3.12/site-packages/airflow/example_dags/example_task_group_decorator.py
[2024-07-31T19:20:51.172+0000] {logging_mixin.py:188} INFO - [2024-07-31T19:20:51.172+0000] {dag.py:3089} INFO - Sync 1 DAGs
[2024-07-31T19:20:51.192+0000] {logging_mixin.py:188} INFO - [2024-07-31T19:20:51.192+0000] {dag.py:3947} INFO - Setting next_dagrun for example_task_group_decorator to 2024-07-30 00:00:00+00:00, run_after=2024-07-31 00:00:00+00:00
[2024-07-31T19:20:51.216+0000] {processor.py:183} INFO - Processing /home/ubuntu/airflow-venv/lib/python3.12/site-packages/airflow/example_dags/example_task_group_decorator.py took 0.088 seconds
[2024-07-31T19:21:45.965+0000] {processor.py:161} INFO - Started process (PID=5784) to work on /home/ubuntu/airflow-venv/lib/python3.12/site-packages/airflow/example_dags/example_task_group_decorator.py
[2024-07-31T19:21:45.967+0000] {processor.py:830} INFO - Processing file /home/ubuntu/airflow-venv/lib/python3.12/site-packages/airflow/example_dags/example_task_group_decorator.py for tasks to queue
[2024-07-31T19:21:45.968+0000] {logging_mixin.py:188} INFO - [2024-07-31T19:21:45.968+0000] {dagbag.py:545} INFO - Filling up the DagBag from /home/ubuntu/airflow-venv/lib/python3.12/site-packages/airflow/example_dags/example_task_group_decorator.py
[2024-07-31T19:21:45.984+0000] {processor.py:840} INFO - DAG(s) 'example_task_group_decorator' retrieved from /home/ubuntu/airflow-venv/lib/python3.12/site-packages/airflow/example_dags/example_task_group_decorator.py
[2024-07-31T19:21:46.005+0000] {logging_mixin.py:188} INFO - [2024-07-31T19:21:46.004+0000] {dag.py:3089} INFO - Sync 1 DAGs
[2024-07-31T19:21:46.024+0000] {logging_mixin.py:188} INFO - [2024-07-31T19:21:46.023+0000] {dag.py:3947} INFO - Setting next_dagrun for example_task_group_decorator to 2024-07-30 00:00:00+00:00, run_after=2024-07-31 00:00:00+00:00
[2024-07-31T19:21:46.047+0000] {processor.py:183} INFO - Processing /home/ubuntu/airflow-venv/lib/python3.12/site-packages/airflow/example_dags/example_task_group_decorator.py took 0.087 seconds
[2024-07-31T19:22:33.250+0000] {processor.py:161} INFO - Started process (PID=5832) to work on /home/ubuntu/airflow-venv/lib/python3.12/site-packages/airflow/example_dags/example_task_group_decorator.py
[2024-07-31T19:22:33.252+0000] {processor.py:830} INFO - Processing file /home/ubuntu/airflow-venv/lib/python3.12/site-packages/airflow/example_dags/example_task_group_decorator.py for tasks to queue
[2024-07-31T19:22:33.253+0000] {logging_mixin.py:188} INFO - [2024-07-31T19:22:33.252+0000] {dagbag.py:545} INFO - Filling up the DagBag from /home/ubuntu/airflow-venv/lib/python3.12/site-packages/airflow/example_dags/example_task_group_decorator.py
[2024-07-31T19:22:33.270+0000] {processor.py:840} INFO - DAG(s) 'example_task_group_decorator' retrieved from /home/ubuntu/airflow-venv/lib/python3.12/site-packages/airflow/example_dags/example_task_group_decorator.py
[2024-07-31T19:22:33.291+0000] {logging_mixin.py:188} INFO - [2024-07-31T19:22:33.290+0000] {dag.py:3089} INFO - Sync 1 DAGs
[2024-07-31T19:22:33.310+0000] {logging_mixin.py:188} INFO - [2024-07-31T19:22:33.310+0000] {dag.py:3947} INFO - Setting next_dagrun for example_task_group_decorator to 2024-07-30 00:00:00+00:00, run_after=2024-07-31 00:00:00+00:00
[2024-07-31T19:22:33.337+0000] {processor.py:183} INFO - Processing /home/ubuntu/airflow-venv/lib/python3.12/site-packages/airflow/example_dags/example_task_group_decorator.py took 0.092 seconds
[2024-07-31T19:23:19.119+0000] {processor.py:161} INFO - Started process (PID=5880) to work on /home/ubuntu/airflow-venv/lib/python3.12/site-packages/airflow/example_dags/example_task_group_decorator.py
[2024-07-31T19:23:19.121+0000] {processor.py:830} INFO - Processing file /home/ubuntu/airflow-venv/lib/python3.12/site-packages/airflow/example_dags/example_task_group_decorator.py for tasks to queue
[2024-07-31T19:23:19.122+0000] {logging_mixin.py:188} INFO - [2024-07-31T19:23:19.121+0000] {dagbag.py:545} INFO - Filling up the DagBag from /home/ubuntu/airflow-venv/lib/python3.12/site-packages/airflow/example_dags/example_task_group_decorator.py
[2024-07-31T19:23:19.140+0000] {processor.py:840} INFO - DAG(s) 'example_task_group_decorator' retrieved from /home/ubuntu/airflow-venv/lib/python3.12/site-packages/airflow/example_dags/example_task_group_decorator.py
[2024-07-31T19:23:19.161+0000] {logging_mixin.py:188} INFO - [2024-07-31T19:23:19.161+0000] {dag.py:3089} INFO - Sync 1 DAGs
[2024-07-31T19:23:19.182+0000] {logging_mixin.py:188} INFO - [2024-07-31T19:23:19.182+0000] {dag.py:3947} INFO - Setting next_dagrun for example_task_group_decorator to 2024-07-30 00:00:00+00:00, run_after=2024-07-31 00:00:00+00:00
[2024-07-31T19:23:19.207+0000] {processor.py:183} INFO - Processing /home/ubuntu/airflow-venv/lib/python3.12/site-packages/airflow/example_dags/example_task_group_decorator.py took 0.094 seconds
[2024-07-31T19:24:11.823+0000] {processor.py:161} INFO - Started process (PID=5940) to work on /home/ubuntu/airflow-venv/lib/python3.12/site-packages/airflow/example_dags/example_task_group_decorator.py
[2024-07-31T19:24:11.824+0000] {processor.py:830} INFO - Processing file /home/ubuntu/airflow-venv/lib/python3.12/site-packages/airflow/example_dags/example_task_group_decorator.py for tasks to queue
[2024-07-31T19:24:11.825+0000] {logging_mixin.py:188} INFO - [2024-07-31T19:24:11.824+0000] {dagbag.py:545} INFO - Filling up the DagBag from /home/ubuntu/airflow-venv/lib/python3.12/site-packages/airflow/example_dags/example_task_group_decorator.py
[2024-07-31T19:24:11.841+0000] {processor.py:840} INFO - DAG(s) 'example_task_group_decorator' retrieved from /home/ubuntu/airflow-venv/lib/python3.12/site-packages/airflow/example_dags/example_task_group_decorator.py
[2024-07-31T19:24:11.863+0000] {logging_mixin.py:188} INFO - [2024-07-31T19:24:11.863+0000] {dag.py:3089} INFO - Sync 1 DAGs
[2024-07-31T19:24:11.883+0000] {logging_mixin.py:188} INFO - [2024-07-31T19:24:11.883+0000] {dag.py:3947} INFO - Setting next_dagrun for example_task_group_decorator to 2024-07-30 00:00:00+00:00, run_after=2024-07-31 00:00:00+00:00
[2024-07-31T19:24:11.906+0000] {processor.py:183} INFO - Processing /home/ubuntu/airflow-venv/lib/python3.12/site-packages/airflow/example_dags/example_task_group_decorator.py took 0.089 seconds
[2024-07-31T19:25:02.326+0000] {processor.py:161} INFO - Started process (PID=5996) to work on /home/ubuntu/airflow-venv/lib/python3.12/site-packages/airflow/example_dags/example_task_group_decorator.py
[2024-07-31T19:25:02.327+0000] {processor.py:830} INFO - Processing file /home/ubuntu/airflow-venv/lib/python3.12/site-packages/airflow/example_dags/example_task_group_decorator.py for tasks to queue
[2024-07-31T19:25:02.328+0000] {logging_mixin.py:188} INFO - [2024-07-31T19:25:02.328+0000] {dagbag.py:545} INFO - Filling up the DagBag from /home/ubuntu/airflow-venv/lib/python3.12/site-packages/airflow/example_dags/example_task_group_decorator.py
[2024-07-31T19:25:02.345+0000] {processor.py:840} INFO - DAG(s) 'example_task_group_decorator' retrieved from /home/ubuntu/airflow-venv/lib/python3.12/site-packages/airflow/example_dags/example_task_group_decorator.py
[2024-07-31T19:25:02.367+0000] {logging_mixin.py:188} INFO - [2024-07-31T19:25:02.366+0000] {dag.py:3089} INFO - Sync 1 DAGs
[2024-07-31T19:25:02.386+0000] {logging_mixin.py:188} INFO - [2024-07-31T19:25:02.386+0000] {dag.py:3947} INFO - Setting next_dagrun for example_task_group_decorator to 2024-07-30 00:00:00+00:00, run_after=2024-07-31 00:00:00+00:00
[2024-07-31T19:25:02.414+0000] {processor.py:183} INFO - Processing /home/ubuntu/airflow-venv/lib/python3.12/site-packages/airflow/example_dags/example_task_group_decorator.py took 0.094 seconds
[2024-07-31T19:25:49.535+0000] {processor.py:161} INFO - Started process (PID=6045) to work on /home/ubuntu/airflow-venv/lib/python3.12/site-packages/airflow/example_dags/example_task_group_decorator.py
[2024-07-31T19:25:49.536+0000] {processor.py:830} INFO - Processing file /home/ubuntu/airflow-venv/lib/python3.12/site-packages/airflow/example_dags/example_task_group_decorator.py for tasks to queue
[2024-07-31T19:25:49.537+0000] {logging_mixin.py:188} INFO - [2024-07-31T19:25:49.537+0000] {dagbag.py:545} INFO - Filling up the DagBag from /home/ubuntu/airflow-venv/lib/python3.12/site-packages/airflow/example_dags/example_task_group_decorator.py
[2024-07-31T19:25:49.561+0000] {processor.py:840} INFO - DAG(s) 'example_task_group_decorator' retrieved from /home/ubuntu/airflow-venv/lib/python3.12/site-packages/airflow/example_dags/example_task_group_decorator.py
[2024-07-31T19:25:49.588+0000] {logging_mixin.py:188} INFO - [2024-07-31T19:25:49.588+0000] {dag.py:3089} INFO - Sync 1 DAGs
[2024-07-31T19:25:49.609+0000] {logging_mixin.py:188} INFO - [2024-07-31T19:25:49.609+0000] {dag.py:3947} INFO - Setting next_dagrun for example_task_group_decorator to 2024-07-30 00:00:00+00:00, run_after=2024-07-31 00:00:00+00:00
[2024-07-31T19:25:49.635+0000] {processor.py:183} INFO - Processing /home/ubuntu/airflow-venv/lib/python3.12/site-packages/airflow/example_dags/example_task_group_decorator.py took 0.106 seconds
[2024-07-31T19:26:34.272+0000] {processor.py:161} INFO - Started process (PID=6092) to work on /home/ubuntu/airflow-venv/lib/python3.12/site-packages/airflow/example_dags/example_task_group_decorator.py
[2024-07-31T19:26:34.274+0000] {processor.py:830} INFO - Processing file /home/ubuntu/airflow-venv/lib/python3.12/site-packages/airflow/example_dags/example_task_group_decorator.py for tasks to queue
[2024-07-31T19:26:34.274+0000] {logging_mixin.py:188} INFO - [2024-07-31T19:26:34.274+0000] {dagbag.py:545} INFO - Filling up the DagBag from /home/ubuntu/airflow-venv/lib/python3.12/site-packages/airflow/example_dags/example_task_group_decorator.py
[2024-07-31T19:26:34.291+0000] {processor.py:840} INFO - DAG(s) 'example_task_group_decorator' retrieved from /home/ubuntu/airflow-venv/lib/python3.12/site-packages/airflow/example_dags/example_task_group_decorator.py
[2024-07-31T19:26:34.312+0000] {logging_mixin.py:188} INFO - [2024-07-31T19:26:34.312+0000] {dag.py:3089} INFO - Sync 1 DAGs
[2024-07-31T19:26:34.332+0000] {logging_mixin.py:188} INFO - [2024-07-31T19:26:34.331+0000] {dag.py:3947} INFO - Setting next_dagrun for example_task_group_decorator to 2024-07-30 00:00:00+00:00, run_after=2024-07-31 00:00:00+00:00
[2024-07-31T19:26:34.355+0000] {processor.py:183} INFO - Processing /home/ubuntu/airflow-venv/lib/python3.12/site-packages/airflow/example_dags/example_task_group_decorator.py took 0.089 seconds
[2024-07-31T19:27:40.821+0000] {processor.py:161} INFO - Started process (PID=6164) to work on /home/ubuntu/airflow-venv/lib/python3.12/site-packages/airflow/example_dags/example_task_group_decorator.py
[2024-07-31T19:27:40.823+0000] {processor.py:830} INFO - Processing file /home/ubuntu/airflow-venv/lib/python3.12/site-packages/airflow/example_dags/example_task_group_decorator.py for tasks to queue
[2024-07-31T19:27:40.824+0000] {logging_mixin.py:188} INFO - [2024-07-31T19:27:40.824+0000] {dagbag.py:545} INFO - Filling up the DagBag from /home/ubuntu/airflow-venv/lib/python3.12/site-packages/airflow/example_dags/example_task_group_decorator.py
[2024-07-31T19:27:40.840+0000] {processor.py:840} INFO - DAG(s) 'example_task_group_decorator' retrieved from /home/ubuntu/airflow-venv/lib/python3.12/site-packages/airflow/example_dags/example_task_group_decorator.py
[2024-07-31T19:27:40.862+0000] {logging_mixin.py:188} INFO - [2024-07-31T19:27:40.862+0000] {dag.py:3089} INFO - Sync 1 DAGs
[2024-07-31T19:27:40.881+0000] {logging_mixin.py:188} INFO - [2024-07-31T19:27:40.881+0000] {dag.py:3947} INFO - Setting next_dagrun for example_task_group_decorator to 2024-07-30 00:00:00+00:00, run_after=2024-07-31 00:00:00+00:00
[2024-07-31T19:27:40.904+0000] {processor.py:183} INFO - Processing /home/ubuntu/airflow-venv/lib/python3.12/site-packages/airflow/example_dags/example_task_group_decorator.py took 0.089 seconds
[2024-07-31T19:28:32.507+0000] {processor.py:161} INFO - Started process (PID=6218) to work on /home/ubuntu/airflow-venv/lib/python3.12/site-packages/airflow/example_dags/example_task_group_decorator.py
[2024-07-31T19:28:32.508+0000] {processor.py:830} INFO - Processing file /home/ubuntu/airflow-venv/lib/python3.12/site-packages/airflow/example_dags/example_task_group_decorator.py for tasks to queue
[2024-07-31T19:28:32.509+0000] {logging_mixin.py:188} INFO - [2024-07-31T19:28:32.509+0000] {dagbag.py:545} INFO - Filling up the DagBag from /home/ubuntu/airflow-venv/lib/python3.12/site-packages/airflow/example_dags/example_task_group_decorator.py
[2024-07-31T19:28:32.525+0000] {processor.py:840} INFO - DAG(s) 'example_task_group_decorator' retrieved from /home/ubuntu/airflow-venv/lib/python3.12/site-packages/airflow/example_dags/example_task_group_decorator.py
[2024-07-31T19:28:32.547+0000] {logging_mixin.py:188} INFO - [2024-07-31T19:28:32.546+0000] {dag.py:3089} INFO - Sync 1 DAGs
[2024-07-31T19:28:32.567+0000] {logging_mixin.py:188} INFO - [2024-07-31T19:28:32.567+0000] {dag.py:3947} INFO - Setting next_dagrun for example_task_group_decorator to 2024-07-30 00:00:00+00:00, run_after=2024-07-31 00:00:00+00:00
[2024-07-31T19:28:32.591+0000] {processor.py:183} INFO - Processing /home/ubuntu/airflow-venv/lib/python3.12/site-packages/airflow/example_dags/example_task_group_decorator.py took 0.090 seconds
[2024-07-31T19:29:19.013+0000] {processor.py:161} INFO - Started process (PID=6264) to work on /home/ubuntu/airflow-venv/lib/python3.12/site-packages/airflow/example_dags/example_task_group_decorator.py
[2024-07-31T19:29:19.014+0000] {processor.py:830} INFO - Processing file /home/ubuntu/airflow-venv/lib/python3.12/site-packages/airflow/example_dags/example_task_group_decorator.py for tasks to queue
[2024-07-31T19:29:19.015+0000] {logging_mixin.py:188} INFO - [2024-07-31T19:29:19.015+0000] {dagbag.py:545} INFO - Filling up the DagBag from /home/ubuntu/airflow-venv/lib/python3.12/site-packages/airflow/example_dags/example_task_group_decorator.py
[2024-07-31T19:29:19.031+0000] {processor.py:840} INFO - DAG(s) 'example_task_group_decorator' retrieved from /home/ubuntu/airflow-venv/lib/python3.12/site-packages/airflow/example_dags/example_task_group_decorator.py
[2024-07-31T19:29:19.053+0000] {logging_mixin.py:188} INFO - [2024-07-31T19:29:19.053+0000] {dag.py:3089} INFO - Sync 1 DAGs
[2024-07-31T19:29:19.072+0000] {logging_mixin.py:188} INFO - [2024-07-31T19:29:19.072+0000] {dag.py:3947} INFO - Setting next_dagrun for example_task_group_decorator to 2024-07-30 00:00:00+00:00, run_after=2024-07-31 00:00:00+00:00
[2024-07-31T19:29:19.095+0000] {processor.py:183} INFO - Processing /home/ubuntu/airflow-venv/lib/python3.12/site-packages/airflow/example_dags/example_task_group_decorator.py took 0.088 seconds
[2024-07-31T19:30:04.274+0000] {processor.py:161} INFO - Started process (PID=6319) to work on /home/ubuntu/airflow-venv/lib/python3.12/site-packages/airflow/example_dags/example_task_group_decorator.py
[2024-07-31T19:30:04.276+0000] {processor.py:830} INFO - Processing file /home/ubuntu/airflow-venv/lib/python3.12/site-packages/airflow/example_dags/example_task_group_decorator.py for tasks to queue
[2024-07-31T19:30:04.277+0000] {logging_mixin.py:188} INFO - [2024-07-31T19:30:04.276+0000] {dagbag.py:545} INFO - Filling up the DagBag from /home/ubuntu/airflow-venv/lib/python3.12/site-packages/airflow/example_dags/example_task_group_decorator.py
[2024-07-31T19:30:04.293+0000] {processor.py:840} INFO - DAG(s) 'example_task_group_decorator' retrieved from /home/ubuntu/airflow-venv/lib/python3.12/site-packages/airflow/example_dags/example_task_group_decorator.py
[2024-07-31T19:30:04.315+0000] {logging_mixin.py:188} INFO - [2024-07-31T19:30:04.314+0000] {dag.py:3089} INFO - Sync 1 DAGs
[2024-07-31T19:30:04.334+0000] {logging_mixin.py:188} INFO - [2024-07-31T19:30:04.334+0000] {dag.py:3947} INFO - Setting next_dagrun for example_task_group_decorator to 2024-07-30 00:00:00+00:00, run_after=2024-07-31 00:00:00+00:00
[2024-07-31T19:30:04.359+0000] {processor.py:183} INFO - Processing /home/ubuntu/airflow-venv/lib/python3.12/site-packages/airflow/example_dags/example_task_group_decorator.py took 0.090 seconds
[2024-07-31T19:30:49.328+0000] {processor.py:161} INFO - Started process (PID=6365) to work on /home/ubuntu/airflow-venv/lib/python3.12/site-packages/airflow/example_dags/example_task_group_decorator.py
[2024-07-31T19:30:49.329+0000] {processor.py:830} INFO - Processing file /home/ubuntu/airflow-venv/lib/python3.12/site-packages/airflow/example_dags/example_task_group_decorator.py for tasks to queue
[2024-07-31T19:30:49.330+0000] {logging_mixin.py:188} INFO - [2024-07-31T19:30:49.330+0000] {dagbag.py:545} INFO - Filling up the DagBag from /home/ubuntu/airflow-venv/lib/python3.12/site-packages/airflow/example_dags/example_task_group_decorator.py
[2024-07-31T19:30:49.347+0000] {processor.py:840} INFO - DAG(s) 'example_task_group_decorator' retrieved from /home/ubuntu/airflow-venv/lib/python3.12/site-packages/airflow/example_dags/example_task_group_decorator.py
[2024-07-31T19:30:49.368+0000] {logging_mixin.py:188} INFO - [2024-07-31T19:30:49.368+0000] {dag.py:3089} INFO - Sync 1 DAGs
[2024-07-31T19:30:49.388+0000] {logging_mixin.py:188} INFO - [2024-07-31T19:30:49.388+0000] {dag.py:3947} INFO - Setting next_dagrun for example_task_group_decorator to 2024-07-30 00:00:00+00:00, run_after=2024-07-31 00:00:00+00:00
[2024-07-31T19:30:49.412+0000] {processor.py:183} INFO - Processing /home/ubuntu/airflow-venv/lib/python3.12/site-packages/airflow/example_dags/example_task_group_decorator.py took 0.091 seconds
[2024-07-31T19:31:41.944+0000] {processor.py:161} INFO - Started process (PID=6422) to work on /home/ubuntu/airflow-venv/lib/python3.12/site-packages/airflow/example_dags/example_task_group_decorator.py
[2024-07-31T19:31:41.945+0000] {processor.py:830} INFO - Processing file /home/ubuntu/airflow-venv/lib/python3.12/site-packages/airflow/example_dags/example_task_group_decorator.py for tasks to queue
[2024-07-31T19:31:41.946+0000] {logging_mixin.py:188} INFO - [2024-07-31T19:31:41.946+0000] {dagbag.py:545} INFO - Filling up the DagBag from /home/ubuntu/airflow-venv/lib/python3.12/site-packages/airflow/example_dags/example_task_group_decorator.py
[2024-07-31T19:31:41.963+0000] {processor.py:840} INFO - DAG(s) 'example_task_group_decorator' retrieved from /home/ubuntu/airflow-venv/lib/python3.12/site-packages/airflow/example_dags/example_task_group_decorator.py
[2024-07-31T19:31:41.984+0000] {logging_mixin.py:188} INFO - [2024-07-31T19:31:41.984+0000] {dag.py:3089} INFO - Sync 1 DAGs
[2024-07-31T19:31:42.004+0000] {logging_mixin.py:188} INFO - [2024-07-31T19:31:42.003+0000] {dag.py:3947} INFO - Setting next_dagrun for example_task_group_decorator to 2024-07-30 00:00:00+00:00, run_after=2024-07-31 00:00:00+00:00
[2024-07-31T19:31:42.027+0000] {processor.py:183} INFO - Processing /home/ubuntu/airflow-venv/lib/python3.12/site-packages/airflow/example_dags/example_task_group_decorator.py took 0.089 seconds
[2024-07-31T19:32:51.565+0000] {processor.py:161} INFO - Started process (PID=6498) to work on /home/ubuntu/airflow-venv/lib/python3.12/site-packages/airflow/example_dags/example_task_group_decorator.py
[2024-07-31T19:32:51.572+0000] {processor.py:830} INFO - Processing file /home/ubuntu/airflow-venv/lib/python3.12/site-packages/airflow/example_dags/example_task_group_decorator.py for tasks to queue
[2024-07-31T19:32:51.573+0000] {logging_mixin.py:188} INFO - [2024-07-31T19:32:51.572+0000] {dagbag.py:545} INFO - Filling up the DagBag from /home/ubuntu/airflow-venv/lib/python3.12/site-packages/airflow/example_dags/example_task_group_decorator.py
[2024-07-31T19:32:51.590+0000] {processor.py:840} INFO - DAG(s) 'example_task_group_decorator' retrieved from /home/ubuntu/airflow-venv/lib/python3.12/site-packages/airflow/example_dags/example_task_group_decorator.py
[2024-07-31T19:32:51.611+0000] {logging_mixin.py:188} INFO - [2024-07-31T19:32:51.611+0000] {dag.py:3089} INFO - Sync 1 DAGs
[2024-07-31T19:32:51.631+0000] {logging_mixin.py:188} INFO - [2024-07-31T19:32:51.631+0000] {dag.py:3947} INFO - Setting next_dagrun for example_task_group_decorator to 2024-07-30 00:00:00+00:00, run_after=2024-07-31 00:00:00+00:00
[2024-07-31T19:32:51.656+0000] {processor.py:183} INFO - Processing /home/ubuntu/airflow-venv/lib/python3.12/site-packages/airflow/example_dags/example_task_group_decorator.py took 0.097 seconds
[2024-07-31T19:34:02.849+0000] {processor.py:161} INFO - Started process (PID=6575) to work on /home/ubuntu/airflow-venv/lib/python3.12/site-packages/airflow/example_dags/example_task_group_decorator.py
[2024-07-31T19:34:02.850+0000] {processor.py:830} INFO - Processing file /home/ubuntu/airflow-venv/lib/python3.12/site-packages/airflow/example_dags/example_task_group_decorator.py for tasks to queue
[2024-07-31T19:34:02.851+0000] {logging_mixin.py:188} INFO - [2024-07-31T19:34:02.851+0000] {dagbag.py:545} INFO - Filling up the DagBag from /home/ubuntu/airflow-venv/lib/python3.12/site-packages/airflow/example_dags/example_task_group_decorator.py
[2024-07-31T19:34:02.868+0000] {processor.py:840} INFO - DAG(s) 'example_task_group_decorator' retrieved from /home/ubuntu/airflow-venv/lib/python3.12/site-packages/airflow/example_dags/example_task_group_decorator.py
[2024-07-31T19:34:02.890+0000] {logging_mixin.py:188} INFO - [2024-07-31T19:34:02.889+0000] {dag.py:3089} INFO - Sync 1 DAGs
[2024-07-31T19:34:02.910+0000] {logging_mixin.py:188} INFO - [2024-07-31T19:34:02.910+0000] {dag.py:3947} INFO - Setting next_dagrun for example_task_group_decorator to 2024-07-30 00:00:00+00:00, run_after=2024-07-31 00:00:00+00:00
[2024-07-31T19:34:02.934+0000] {processor.py:183} INFO - Processing /home/ubuntu/airflow-venv/lib/python3.12/site-packages/airflow/example_dags/example_task_group_decorator.py took 0.091 seconds
