[2024-07-31T18:43:24.518+0000] {processor.py:161} INFO - Started process (PID=3486) to work on /home/ubuntu/airflow-venv/lib/python3.12/site-packages/airflow/example_dags/example_python_decorator.py
[2024-07-31T18:43:24.519+0000] {processor.py:830} INFO - Processing file /home/ubuntu/airflow-venv/lib/python3.12/site-packages/airflow/example_dags/example_python_decorator.py for tasks to queue
[2024-07-31T18:43:24.521+0000] {logging_mixin.py:188} INFO - [2024-07-31T18:43:24.520+0000] {dagbag.py:545} INFO - Filling up the DagBag from /home/ubuntu/airflow-venv/lib/python3.12/site-packages/airflow/example_dags/example_python_decorator.py
[2024-07-31T18:43:24.530+0000] {logging_mixin.py:188} INFO - [2024-07-31T18:43:24.529+0000] {example_python_decorator.py:80} WARNING - The virtalenv_python example task requires virtualenv, please install it.
[2024-07-31T18:43:24.530+0000] {processor.py:840} INFO - DAG(s) 'example_python_decorator' retrieved from /home/ubuntu/airflow-venv/lib/python3.12/site-packages/airflow/example_dags/example_python_decorator.py
[2024-07-31T18:43:24.647+0000] {logging_mixin.py:188} INFO - [2024-07-31T18:43:24.646+0000] {override.py:1858} INFO - Created Permission View: can edit on DAG:example_python_decorator
[2024-07-31T18:43:24.660+0000] {logging_mixin.py:188} INFO - [2024-07-31T18:43:24.660+0000] {override.py:1858} INFO - Created Permission View: can read on DAG:example_python_decorator
[2024-07-31T18:43:24.671+0000] {logging_mixin.py:188} INFO - [2024-07-31T18:43:24.671+0000] {override.py:1858} INFO - Created Permission View: can delete on DAG:example_python_decorator
[2024-07-31T18:43:24.672+0000] {logging_mixin.py:188} INFO - [2024-07-31T18:43:24.671+0000] {dag.py:3089} INFO - Sync 1 DAGs
[2024-07-31T18:43:24.682+0000] {logging_mixin.py:188} INFO - [2024-07-31T18:43:24.682+0000] {dag.py:3111} INFO - Creating ORM DAG for example_python_decorator
[2024-07-31T18:43:24.683+0000] {logging_mixin.py:188} INFO - [2024-07-31T18:43:24.683+0000] {dag.py:3947} INFO - Setting next_dagrun for example_python_decorator to None, run_after=None
[2024-07-31T18:43:24.707+0000] {processor.py:183} INFO - Processing /home/ubuntu/airflow-venv/lib/python3.12/site-packages/airflow/example_dags/example_python_decorator.py took 0.194 seconds
[2024-07-31T18:44:20.089+0000] {processor.py:161} INFO - Started process (PID=3538) to work on /home/ubuntu/airflow-venv/lib/python3.12/site-packages/airflow/example_dags/example_python_decorator.py
[2024-07-31T18:44:20.091+0000] {processor.py:830} INFO - Processing file /home/ubuntu/airflow-venv/lib/python3.12/site-packages/airflow/example_dags/example_python_decorator.py for tasks to queue
[2024-07-31T18:44:20.093+0000] {logging_mixin.py:188} INFO - [2024-07-31T18:44:20.092+0000] {dagbag.py:545} INFO - Filling up the DagBag from /home/ubuntu/airflow-venv/lib/python3.12/site-packages/airflow/example_dags/example_python_decorator.py
[2024-07-31T18:44:20.102+0000] {logging_mixin.py:188} INFO - [2024-07-31T18:44:20.102+0000] {example_python_decorator.py:80} WARNING - The virtalenv_python example task requires virtualenv, please install it.
[2024-07-31T18:44:20.102+0000] {processor.py:840} INFO - DAG(s) 'example_python_decorator' retrieved from /home/ubuntu/airflow-venv/lib/python3.12/site-packages/airflow/example_dags/example_python_decorator.py
[2024-07-31T18:44:20.120+0000] {logging_mixin.py:188} INFO - [2024-07-31T18:44:20.120+0000] {dag.py:3089} INFO - Sync 1 DAGs
[2024-07-31T18:44:20.132+0000] {logging_mixin.py:188} INFO - [2024-07-31T18:44:20.132+0000] {dag.py:3947} INFO - Setting next_dagrun for example_python_decorator to None, run_after=None
[2024-07-31T18:44:20.156+0000] {processor.py:183} INFO - Processing /home/ubuntu/airflow-venv/lib/python3.12/site-packages/airflow/example_dags/example_python_decorator.py took 0.072 seconds
[2024-07-31T18:45:09.866+0000] {processor.py:161} INFO - Started process (PID=3598) to work on /home/ubuntu/airflow-venv/lib/python3.12/site-packages/airflow/example_dags/example_python_decorator.py
[2024-07-31T18:45:09.867+0000] {processor.py:830} INFO - Processing file /home/ubuntu/airflow-venv/lib/python3.12/site-packages/airflow/example_dags/example_python_decorator.py for tasks to queue
[2024-07-31T18:45:09.869+0000] {logging_mixin.py:188} INFO - [2024-07-31T18:45:09.868+0000] {dagbag.py:545} INFO - Filling up the DagBag from /home/ubuntu/airflow-venv/lib/python3.12/site-packages/airflow/example_dags/example_python_decorator.py
[2024-07-31T18:45:09.878+0000] {logging_mixin.py:188} INFO - [2024-07-31T18:45:09.878+0000] {example_python_decorator.py:80} WARNING - The virtalenv_python example task requires virtualenv, please install it.
[2024-07-31T18:45:09.879+0000] {processor.py:840} INFO - DAG(s) 'example_python_decorator' retrieved from /home/ubuntu/airflow-venv/lib/python3.12/site-packages/airflow/example_dags/example_python_decorator.py
[2024-07-31T18:45:09.897+0000] {logging_mixin.py:188} INFO - [2024-07-31T18:45:09.897+0000] {dag.py:3089} INFO - Sync 1 DAGs
[2024-07-31T18:45:09.909+0000] {logging_mixin.py:188} INFO - [2024-07-31T18:45:09.909+0000] {dag.py:3947} INFO - Setting next_dagrun for example_python_decorator to None, run_after=None
[2024-07-31T18:45:09.934+0000] {processor.py:183} INFO - Processing /home/ubuntu/airflow-venv/lib/python3.12/site-packages/airflow/example_dags/example_python_decorator.py took 0.074 seconds
[2024-07-31T18:45:57.847+0000] {processor.py:161} INFO - Started process (PID=3651) to work on /home/ubuntu/airflow-venv/lib/python3.12/site-packages/airflow/example_dags/example_python_decorator.py
[2024-07-31T18:45:57.848+0000] {processor.py:830} INFO - Processing file /home/ubuntu/airflow-venv/lib/python3.12/site-packages/airflow/example_dags/example_python_decorator.py for tasks to queue
[2024-07-31T18:45:57.850+0000] {logging_mixin.py:188} INFO - [2024-07-31T18:45:57.850+0000] {dagbag.py:545} INFO - Filling up the DagBag from /home/ubuntu/airflow-venv/lib/python3.12/site-packages/airflow/example_dags/example_python_decorator.py
[2024-07-31T18:45:57.859+0000] {logging_mixin.py:188} INFO - [2024-07-31T18:45:57.859+0000] {example_python_decorator.py:80} WARNING - The virtalenv_python example task requires virtualenv, please install it.
[2024-07-31T18:45:57.860+0000] {processor.py:840} INFO - DAG(s) 'example_python_decorator' retrieved from /home/ubuntu/airflow-venv/lib/python3.12/site-packages/airflow/example_dags/example_python_decorator.py
[2024-07-31T18:45:57.877+0000] {logging_mixin.py:188} INFO - [2024-07-31T18:45:57.877+0000] {dag.py:3089} INFO - Sync 1 DAGs
[2024-07-31T18:45:57.889+0000] {logging_mixin.py:188} INFO - [2024-07-31T18:45:57.889+0000] {dag.py:3947} INFO - Setting next_dagrun for example_python_decorator to None, run_after=None
[2024-07-31T18:45:57.912+0000] {processor.py:183} INFO - Processing /home/ubuntu/airflow-venv/lib/python3.12/site-packages/airflow/example_dags/example_python_decorator.py took 0.071 seconds
[2024-07-31T18:46:58.682+0000] {processor.py:161} INFO - Started process (PID=3907) to work on /home/ubuntu/airflow-venv/lib/python3.12/site-packages/airflow/example_dags/example_python_decorator.py
[2024-07-31T18:46:58.684+0000] {processor.py:830} INFO - Processing file /home/ubuntu/airflow-venv/lib/python3.12/site-packages/airflow/example_dags/example_python_decorator.py for tasks to queue
[2024-07-31T18:46:58.685+0000] {logging_mixin.py:188} INFO - [2024-07-31T18:46:58.685+0000] {dagbag.py:545} INFO - Filling up the DagBag from /home/ubuntu/airflow-venv/lib/python3.12/site-packages/airflow/example_dags/example_python_decorator.py
[2024-07-31T18:46:58.694+0000] {logging_mixin.py:188} INFO - [2024-07-31T18:46:58.694+0000] {example_python_decorator.py:80} WARNING - The virtalenv_python example task requires virtualenv, please install it.
[2024-07-31T18:46:58.695+0000] {processor.py:840} INFO - DAG(s) 'example_python_decorator' retrieved from /home/ubuntu/airflow-venv/lib/python3.12/site-packages/airflow/example_dags/example_python_decorator.py
[2024-07-31T18:46:58.712+0000] {logging_mixin.py:188} INFO - [2024-07-31T18:46:58.712+0000] {dag.py:3089} INFO - Sync 1 DAGs
[2024-07-31T18:46:58.724+0000] {logging_mixin.py:188} INFO - [2024-07-31T18:46:58.724+0000] {dag.py:3947} INFO - Setting next_dagrun for example_python_decorator to None, run_after=None
[2024-07-31T18:46:58.752+0000] {processor.py:183} INFO - Processing /home/ubuntu/airflow-venv/lib/python3.12/site-packages/airflow/example_dags/example_python_decorator.py took 0.076 seconds
[2024-07-31T18:47:55.644+0000] {processor.py:161} INFO - Started process (PID=3989) to work on /home/ubuntu/airflow-venv/lib/python3.12/site-packages/airflow/example_dags/example_python_decorator.py
[2024-07-31T18:47:55.645+0000] {processor.py:830} INFO - Processing file /home/ubuntu/airflow-venv/lib/python3.12/site-packages/airflow/example_dags/example_python_decorator.py for tasks to queue
[2024-07-31T18:47:55.647+0000] {logging_mixin.py:188} INFO - [2024-07-31T18:47:55.646+0000] {dagbag.py:545} INFO - Filling up the DagBag from /home/ubuntu/airflow-venv/lib/python3.12/site-packages/airflow/example_dags/example_python_decorator.py
[2024-07-31T18:47:55.656+0000] {logging_mixin.py:188} INFO - [2024-07-31T18:47:55.655+0000] {example_python_decorator.py:80} WARNING - The virtalenv_python example task requires virtualenv, please install it.
[2024-07-31T18:47:55.656+0000] {processor.py:840} INFO - DAG(s) 'example_python_decorator' retrieved from /home/ubuntu/airflow-venv/lib/python3.12/site-packages/airflow/example_dags/example_python_decorator.py
[2024-07-31T18:47:55.673+0000] {logging_mixin.py:188} INFO - [2024-07-31T18:47:55.673+0000] {dag.py:3089} INFO - Sync 1 DAGs
[2024-07-31T18:47:55.685+0000] {logging_mixin.py:188} INFO - [2024-07-31T18:47:55.685+0000] {dag.py:3947} INFO - Setting next_dagrun for example_python_decorator to None, run_after=None
[2024-07-31T18:47:55.708+0000] {processor.py:183} INFO - Processing /home/ubuntu/airflow-venv/lib/python3.12/site-packages/airflow/example_dags/example_python_decorator.py took 0.070 seconds
[2024-07-31T18:48:53.434+0000] {processor.py:161} INFO - Started process (PID=4197) to work on /home/ubuntu/airflow-venv/lib/python3.12/site-packages/airflow/example_dags/example_python_decorator.py
[2024-07-31T18:48:53.435+0000] {processor.py:830} INFO - Processing file /home/ubuntu/airflow-venv/lib/python3.12/site-packages/airflow/example_dags/example_python_decorator.py for tasks to queue
[2024-07-31T18:48:53.437+0000] {logging_mixin.py:188} INFO - [2024-07-31T18:48:53.437+0000] {dagbag.py:545} INFO - Filling up the DagBag from /home/ubuntu/airflow-venv/lib/python3.12/site-packages/airflow/example_dags/example_python_decorator.py
[2024-07-31T18:48:53.446+0000] {logging_mixin.py:188} INFO - [2024-07-31T18:48:53.446+0000] {example_python_decorator.py:80} WARNING - The virtalenv_python example task requires virtualenv, please install it.
[2024-07-31T18:48:53.447+0000] {processor.py:840} INFO - DAG(s) 'example_python_decorator' retrieved from /home/ubuntu/airflow-venv/lib/python3.12/site-packages/airflow/example_dags/example_python_decorator.py
[2024-07-31T18:48:53.464+0000] {logging_mixin.py:188} INFO - [2024-07-31T18:48:53.464+0000] {dag.py:3089} INFO - Sync 1 DAGs
[2024-07-31T18:48:53.477+0000] {logging_mixin.py:188} INFO - [2024-07-31T18:48:53.477+0000] {dag.py:3947} INFO - Setting next_dagrun for example_python_decorator to None, run_after=None
[2024-07-31T18:48:53.502+0000] {processor.py:183} INFO - Processing /home/ubuntu/airflow-venv/lib/python3.12/site-packages/airflow/example_dags/example_python_decorator.py took 0.074 seconds
[2024-07-31T18:49:53.770+0000] {processor.py:161} INFO - Started process (PID=4260) to work on /home/ubuntu/airflow-venv/lib/python3.12/site-packages/airflow/example_dags/example_python_decorator.py
[2024-07-31T18:49:53.771+0000] {processor.py:830} INFO - Processing file /home/ubuntu/airflow-venv/lib/python3.12/site-packages/airflow/example_dags/example_python_decorator.py for tasks to queue
[2024-07-31T18:49:53.773+0000] {logging_mixin.py:188} INFO - [2024-07-31T18:49:53.772+0000] {dagbag.py:545} INFO - Filling up the DagBag from /home/ubuntu/airflow-venv/lib/python3.12/site-packages/airflow/example_dags/example_python_decorator.py
[2024-07-31T18:49:53.782+0000] {logging_mixin.py:188} INFO - [2024-07-31T18:49:53.782+0000] {example_python_decorator.py:80} WARNING - The virtalenv_python example task requires virtualenv, please install it.
[2024-07-31T18:49:53.783+0000] {processor.py:840} INFO - DAG(s) 'example_python_decorator' retrieved from /home/ubuntu/airflow-venv/lib/python3.12/site-packages/airflow/example_dags/example_python_decorator.py
[2024-07-31T18:49:53.800+0000] {logging_mixin.py:188} INFO - [2024-07-31T18:49:53.800+0000] {dag.py:3089} INFO - Sync 1 DAGs
[2024-07-31T18:49:53.813+0000] {logging_mixin.py:188} INFO - [2024-07-31T18:49:53.812+0000] {dag.py:3947} INFO - Setting next_dagrun for example_python_decorator to None, run_after=None
[2024-07-31T18:49:53.837+0000] {processor.py:183} INFO - Processing /home/ubuntu/airflow-venv/lib/python3.12/site-packages/airflow/example_dags/example_python_decorator.py took 0.073 seconds
[2024-07-31T18:50:53.807+0000] {processor.py:161} INFO - Started process (PID=4328) to work on /home/ubuntu/airflow-venv/lib/python3.12/site-packages/airflow/example_dags/example_python_decorator.py
[2024-07-31T18:50:53.809+0000] {processor.py:830} INFO - Processing file /home/ubuntu/airflow-venv/lib/python3.12/site-packages/airflow/example_dags/example_python_decorator.py for tasks to queue
[2024-07-31T18:50:53.810+0000] {logging_mixin.py:188} INFO - [2024-07-31T18:50:53.810+0000] {dagbag.py:545} INFO - Filling up the DagBag from /home/ubuntu/airflow-venv/lib/python3.12/site-packages/airflow/example_dags/example_python_decorator.py
[2024-07-31T18:50:53.819+0000] {logging_mixin.py:188} INFO - [2024-07-31T18:50:53.819+0000] {example_python_decorator.py:80} WARNING - The virtalenv_python example task requires virtualenv, please install it.
[2024-07-31T18:50:53.820+0000] {processor.py:840} INFO - DAG(s) 'example_python_decorator' retrieved from /home/ubuntu/airflow-venv/lib/python3.12/site-packages/airflow/example_dags/example_python_decorator.py
[2024-07-31T18:50:53.836+0000] {logging_mixin.py:188} INFO - [2024-07-31T18:50:53.836+0000] {dag.py:3089} INFO - Sync 1 DAGs
[2024-07-31T18:50:53.848+0000] {logging_mixin.py:188} INFO - [2024-07-31T18:50:53.848+0000] {dag.py:3947} INFO - Setting next_dagrun for example_python_decorator to None, run_after=None
[2024-07-31T18:50:53.871+0000] {processor.py:183} INFO - Processing /home/ubuntu/airflow-venv/lib/python3.12/site-packages/airflow/example_dags/example_python_decorator.py took 0.070 seconds
[2024-07-31T18:51:51.412+0000] {processor.py:161} INFO - Started process (PID=4390) to work on /home/ubuntu/airflow-venv/lib/python3.12/site-packages/airflow/example_dags/example_python_decorator.py
[2024-07-31T18:51:51.413+0000] {processor.py:830} INFO - Processing file /home/ubuntu/airflow-venv/lib/python3.12/site-packages/airflow/example_dags/example_python_decorator.py for tasks to queue
[2024-07-31T18:51:51.415+0000] {logging_mixin.py:188} INFO - [2024-07-31T18:51:51.414+0000] {dagbag.py:545} INFO - Filling up the DagBag from /home/ubuntu/airflow-venv/lib/python3.12/site-packages/airflow/example_dags/example_python_decorator.py
[2024-07-31T18:51:51.424+0000] {logging_mixin.py:188} INFO - [2024-07-31T18:51:51.424+0000] {example_python_decorator.py:80} WARNING - The virtalenv_python example task requires virtualenv, please install it.
[2024-07-31T18:51:51.424+0000] {processor.py:840} INFO - DAG(s) 'example_python_decorator' retrieved from /home/ubuntu/airflow-venv/lib/python3.12/site-packages/airflow/example_dags/example_python_decorator.py
[2024-07-31T18:51:51.442+0000] {logging_mixin.py:188} INFO - [2024-07-31T18:51:51.442+0000] {dag.py:3089} INFO - Sync 1 DAGs
[2024-07-31T18:51:51.454+0000] {logging_mixin.py:188} INFO - [2024-07-31T18:51:51.454+0000] {dag.py:3947} INFO - Setting next_dagrun for example_python_decorator to None, run_after=None
[2024-07-31T18:51:51.476+0000] {processor.py:183} INFO - Processing /home/ubuntu/airflow-venv/lib/python3.12/site-packages/airflow/example_dags/example_python_decorator.py took 0.070 seconds
[2024-07-31T18:52:48.098+0000] {processor.py:161} INFO - Started process (PID=4452) to work on /home/ubuntu/airflow-venv/lib/python3.12/site-packages/airflow/example_dags/example_python_decorator.py
[2024-07-31T18:52:48.099+0000] {processor.py:830} INFO - Processing file /home/ubuntu/airflow-venv/lib/python3.12/site-packages/airflow/example_dags/example_python_decorator.py for tasks to queue
[2024-07-31T18:52:48.101+0000] {logging_mixin.py:188} INFO - [2024-07-31T18:52:48.101+0000] {dagbag.py:545} INFO - Filling up the DagBag from /home/ubuntu/airflow-venv/lib/python3.12/site-packages/airflow/example_dags/example_python_decorator.py
[2024-07-31T18:52:48.110+0000] {logging_mixin.py:188} INFO - [2024-07-31T18:52:48.110+0000] {example_python_decorator.py:80} WARNING - The virtalenv_python example task requires virtualenv, please install it.
[2024-07-31T18:52:48.111+0000] {processor.py:840} INFO - DAG(s) 'example_python_decorator' retrieved from /home/ubuntu/airflow-venv/lib/python3.12/site-packages/airflow/example_dags/example_python_decorator.py
[2024-07-31T18:52:48.128+0000] {logging_mixin.py:188} INFO - [2024-07-31T18:52:48.128+0000] {dag.py:3089} INFO - Sync 1 DAGs
[2024-07-31T18:52:48.140+0000] {logging_mixin.py:188} INFO - [2024-07-31T18:52:48.140+0000] {dag.py:3947} INFO - Setting next_dagrun for example_python_decorator to None, run_after=None
[2024-07-31T18:52:48.164+0000] {processor.py:183} INFO - Processing /home/ubuntu/airflow-venv/lib/python3.12/site-packages/airflow/example_dags/example_python_decorator.py took 0.072 seconds
[2024-07-31T18:53:50.637+0000] {processor.py:161} INFO - Started process (PID=4520) to work on /home/ubuntu/airflow-venv/lib/python3.12/site-packages/airflow/example_dags/example_python_decorator.py
[2024-07-31T18:53:50.638+0000] {processor.py:830} INFO - Processing file /home/ubuntu/airflow-venv/lib/python3.12/site-packages/airflow/example_dags/example_python_decorator.py for tasks to queue
[2024-07-31T18:53:50.639+0000] {logging_mixin.py:188} INFO - [2024-07-31T18:53:50.639+0000] {dagbag.py:545} INFO - Filling up the DagBag from /home/ubuntu/airflow-venv/lib/python3.12/site-packages/airflow/example_dags/example_python_decorator.py
[2024-07-31T18:53:50.649+0000] {logging_mixin.py:188} INFO - [2024-07-31T18:53:50.648+0000] {example_python_decorator.py:80} WARNING - The virtalenv_python example task requires virtualenv, please install it.
[2024-07-31T18:53:50.649+0000] {processor.py:840} INFO - DAG(s) 'example_python_decorator' retrieved from /home/ubuntu/airflow-venv/lib/python3.12/site-packages/airflow/example_dags/example_python_decorator.py
[2024-07-31T18:53:50.668+0000] {logging_mixin.py:188} INFO - [2024-07-31T18:53:50.667+0000] {dag.py:3089} INFO - Sync 1 DAGs
[2024-07-31T18:53:50.680+0000] {logging_mixin.py:188} INFO - [2024-07-31T18:53:50.680+0000] {dag.py:3947} INFO - Setting next_dagrun for example_python_decorator to None, run_after=None
[2024-07-31T18:53:50.704+0000] {processor.py:183} INFO - Processing /home/ubuntu/airflow-venv/lib/python3.12/site-packages/airflow/example_dags/example_python_decorator.py took 0.073 seconds
[2024-07-31T18:54:52.083+0000] {processor.py:161} INFO - Started process (PID=4589) to work on /home/ubuntu/airflow-venv/lib/python3.12/site-packages/airflow/example_dags/example_python_decorator.py
[2024-07-31T18:54:52.085+0000] {processor.py:830} INFO - Processing file /home/ubuntu/airflow-venv/lib/python3.12/site-packages/airflow/example_dags/example_python_decorator.py for tasks to queue
[2024-07-31T18:54:52.085+0000] {logging_mixin.py:188} INFO - [2024-07-31T18:54:52.085+0000] {dagbag.py:545} INFO - Filling up the DagBag from /home/ubuntu/airflow-venv/lib/python3.12/site-packages/airflow/example_dags/example_python_decorator.py
[2024-07-31T18:54:52.094+0000] {logging_mixin.py:188} INFO - [2024-07-31T18:54:52.094+0000] {example_python_decorator.py:80} WARNING - The virtalenv_python example task requires virtualenv, please install it.
[2024-07-31T18:54:52.095+0000] {processor.py:840} INFO - DAG(s) 'example_python_decorator' retrieved from /home/ubuntu/airflow-venv/lib/python3.12/site-packages/airflow/example_dags/example_python_decorator.py
[2024-07-31T18:54:52.112+0000] {logging_mixin.py:188} INFO - [2024-07-31T18:54:52.112+0000] {dag.py:3089} INFO - Sync 1 DAGs
[2024-07-31T18:54:52.125+0000] {logging_mixin.py:188} INFO - [2024-07-31T18:54:52.124+0000] {dag.py:3947} INFO - Setting next_dagrun for example_python_decorator to None, run_after=None
[2024-07-31T18:54:52.147+0000] {processor.py:183} INFO - Processing /home/ubuntu/airflow-venv/lib/python3.12/site-packages/airflow/example_dags/example_python_decorator.py took 0.070 seconds
[2024-07-31T18:55:56.339+0000] {processor.py:161} INFO - Started process (PID=4659) to work on /home/ubuntu/airflow-venv/lib/python3.12/site-packages/airflow/example_dags/example_python_decorator.py
[2024-07-31T18:55:56.340+0000] {processor.py:830} INFO - Processing file /home/ubuntu/airflow-venv/lib/python3.12/site-packages/airflow/example_dags/example_python_decorator.py for tasks to queue
[2024-07-31T18:55:56.341+0000] {logging_mixin.py:188} INFO - [2024-07-31T18:55:56.341+0000] {dagbag.py:545} INFO - Filling up the DagBag from /home/ubuntu/airflow-venv/lib/python3.12/site-packages/airflow/example_dags/example_python_decorator.py
[2024-07-31T18:55:56.350+0000] {logging_mixin.py:188} INFO - [2024-07-31T18:55:56.350+0000] {example_python_decorator.py:80} WARNING - The virtalenv_python example task requires virtualenv, please install it.
[2024-07-31T18:55:56.351+0000] {processor.py:840} INFO - DAG(s) 'example_python_decorator' retrieved from /home/ubuntu/airflow-venv/lib/python3.12/site-packages/airflow/example_dags/example_python_decorator.py
[2024-07-31T18:55:56.369+0000] {logging_mixin.py:188} INFO - [2024-07-31T18:55:56.369+0000] {dag.py:3089} INFO - Sync 1 DAGs
[2024-07-31T18:55:56.381+0000] {logging_mixin.py:188} INFO - [2024-07-31T18:55:56.381+0000] {dag.py:3947} INFO - Setting next_dagrun for example_python_decorator to None, run_after=None
[2024-07-31T18:55:56.405+0000] {processor.py:183} INFO - Processing /home/ubuntu/airflow-venv/lib/python3.12/site-packages/airflow/example_dags/example_python_decorator.py took 0.072 seconds
[2024-07-31T18:57:01.125+0000] {processor.py:161} INFO - Started process (PID=5040) to work on /home/ubuntu/airflow-venv/lib/python3.12/site-packages/airflow/example_dags/example_python_decorator.py
[2024-07-31T18:57:01.127+0000] {processor.py:830} INFO - Processing file /home/ubuntu/airflow-venv/lib/python3.12/site-packages/airflow/example_dags/example_python_decorator.py for tasks to queue
[2024-07-31T18:57:01.127+0000] {logging_mixin.py:188} INFO - [2024-07-31T18:57:01.127+0000] {dagbag.py:545} INFO - Filling up the DagBag from /home/ubuntu/airflow-venv/lib/python3.12/site-packages/airflow/example_dags/example_python_decorator.py
[2024-07-31T18:57:01.137+0000] {logging_mixin.py:188} INFO - [2024-07-31T18:57:01.136+0000] {example_python_decorator.py:80} WARNING - The virtalenv_python example task requires virtualenv, please install it.
[2024-07-31T18:57:01.137+0000] {processor.py:840} INFO - DAG(s) 'example_python_decorator' retrieved from /home/ubuntu/airflow-venv/lib/python3.12/site-packages/airflow/example_dags/example_python_decorator.py
[2024-07-31T18:57:01.155+0000] {logging_mixin.py:188} INFO - [2024-07-31T18:57:01.155+0000] {dag.py:3089} INFO - Sync 1 DAGs
[2024-07-31T18:57:01.167+0000] {logging_mixin.py:188} INFO - [2024-07-31T18:57:01.167+0000] {dag.py:3947} INFO - Setting next_dagrun for example_python_decorator to None, run_after=None
[2024-07-31T18:57:01.191+0000] {processor.py:183} INFO - Processing /home/ubuntu/airflow-venv/lib/python3.12/site-packages/airflow/example_dags/example_python_decorator.py took 0.071 seconds
[2024-07-31T18:57:46.521+0000] {processor.py:161} INFO - Started process (PID=5087) to work on /home/ubuntu/airflow-venv/lib/python3.12/site-packages/airflow/example_dags/example_python_decorator.py
[2024-07-31T18:57:46.522+0000] {processor.py:830} INFO - Processing file /home/ubuntu/airflow-venv/lib/python3.12/site-packages/airflow/example_dags/example_python_decorator.py for tasks to queue
[2024-07-31T18:57:46.523+0000] {logging_mixin.py:188} INFO - [2024-07-31T18:57:46.523+0000] {dagbag.py:545} INFO - Filling up the DagBag from /home/ubuntu/airflow-venv/lib/python3.12/site-packages/airflow/example_dags/example_python_decorator.py
[2024-07-31T18:57:46.532+0000] {logging_mixin.py:188} INFO - [2024-07-31T18:57:46.532+0000] {example_python_decorator.py:80} WARNING - The virtalenv_python example task requires virtualenv, please install it.
[2024-07-31T18:57:46.533+0000] {processor.py:840} INFO - DAG(s) 'example_python_decorator' retrieved from /home/ubuntu/airflow-venv/lib/python3.12/site-packages/airflow/example_dags/example_python_decorator.py
[2024-07-31T18:57:46.550+0000] {logging_mixin.py:188} INFO - [2024-07-31T18:57:46.550+0000] {dag.py:3089} INFO - Sync 1 DAGs
[2024-07-31T18:57:46.563+0000] {logging_mixin.py:188} INFO - [2024-07-31T18:57:46.562+0000] {dag.py:3947} INFO - Setting next_dagrun for example_python_decorator to None, run_after=None
[2024-07-31T18:57:46.585+0000] {processor.py:183} INFO - Processing /home/ubuntu/airflow-venv/lib/python3.12/site-packages/airflow/example_dags/example_python_decorator.py took 0.070 seconds
[2024-07-31T18:58:30.803+0000] {processor.py:161} INFO - Started process (PID=5134) to work on /home/ubuntu/airflow-venv/lib/python3.12/site-packages/airflow/example_dags/example_python_decorator.py
[2024-07-31T18:58:30.805+0000] {processor.py:830} INFO - Processing file /home/ubuntu/airflow-venv/lib/python3.12/site-packages/airflow/example_dags/example_python_decorator.py for tasks to queue
[2024-07-31T18:58:30.806+0000] {logging_mixin.py:188} INFO - [2024-07-31T18:58:30.805+0000] {dagbag.py:545} INFO - Filling up the DagBag from /home/ubuntu/airflow-venv/lib/python3.12/site-packages/airflow/example_dags/example_python_decorator.py
[2024-07-31T18:58:30.815+0000] {logging_mixin.py:188} INFO - [2024-07-31T18:58:30.815+0000] {example_python_decorator.py:80} WARNING - The virtalenv_python example task requires virtualenv, please install it.
[2024-07-31T18:58:30.816+0000] {processor.py:840} INFO - DAG(s) 'example_python_decorator' retrieved from /home/ubuntu/airflow-venv/lib/python3.12/site-packages/airflow/example_dags/example_python_decorator.py
[2024-07-31T18:58:30.834+0000] {logging_mixin.py:188} INFO - [2024-07-31T18:58:30.834+0000] {dag.py:3089} INFO - Sync 1 DAGs
[2024-07-31T18:58:30.847+0000] {logging_mixin.py:188} INFO - [2024-07-31T18:58:30.846+0000] {dag.py:3947} INFO - Setting next_dagrun for example_python_decorator to None, run_after=None
[2024-07-31T18:58:30.871+0000] {processor.py:183} INFO - Processing /home/ubuntu/airflow-venv/lib/python3.12/site-packages/airflow/example_dags/example_python_decorator.py took 0.074 seconds
[2024-07-31T18:59:15.110+0000] {processor.py:161} INFO - Started process (PID=5182) to work on /home/ubuntu/airflow-venv/lib/python3.12/site-packages/airflow/example_dags/example_python_decorator.py
[2024-07-31T18:59:15.111+0000] {processor.py:830} INFO - Processing file /home/ubuntu/airflow-venv/lib/python3.12/site-packages/airflow/example_dags/example_python_decorator.py for tasks to queue
[2024-07-31T18:59:15.112+0000] {logging_mixin.py:188} INFO - [2024-07-31T18:59:15.112+0000] {dagbag.py:545} INFO - Filling up the DagBag from /home/ubuntu/airflow-venv/lib/python3.12/site-packages/airflow/example_dags/example_python_decorator.py
[2024-07-31T18:59:15.122+0000] {logging_mixin.py:188} INFO - [2024-07-31T18:59:15.122+0000] {example_python_decorator.py:80} WARNING - The virtalenv_python example task requires virtualenv, please install it.
[2024-07-31T18:59:15.122+0000] {processor.py:840} INFO - DAG(s) 'example_python_decorator' retrieved from /home/ubuntu/airflow-venv/lib/python3.12/site-packages/airflow/example_dags/example_python_decorator.py
[2024-07-31T18:59:15.141+0000] {logging_mixin.py:188} INFO - [2024-07-31T18:59:15.141+0000] {dag.py:3089} INFO - Sync 1 DAGs
[2024-07-31T18:59:15.153+0000] {logging_mixin.py:188} INFO - [2024-07-31T18:59:15.153+0000] {dag.py:3947} INFO - Setting next_dagrun for example_python_decorator to None, run_after=None
[2024-07-31T18:59:15.178+0000] {processor.py:183} INFO - Processing /home/ubuntu/airflow-venv/lib/python3.12/site-packages/airflow/example_dags/example_python_decorator.py took 0.074 seconds
[2024-07-31T19:00:18.941+0000] {processor.py:161} INFO - Started process (PID=5252) to work on /home/ubuntu/airflow-venv/lib/python3.12/site-packages/airflow/example_dags/example_python_decorator.py
[2024-07-31T19:00:18.943+0000] {processor.py:830} INFO - Processing file /home/ubuntu/airflow-venv/lib/python3.12/site-packages/airflow/example_dags/example_python_decorator.py for tasks to queue
[2024-07-31T19:00:18.943+0000] {logging_mixin.py:188} INFO - [2024-07-31T19:00:18.943+0000] {dagbag.py:545} INFO - Filling up the DagBag from /home/ubuntu/airflow-venv/lib/python3.12/site-packages/airflow/example_dags/example_python_decorator.py
[2024-07-31T19:00:18.952+0000] {logging_mixin.py:188} INFO - [2024-07-31T19:00:18.952+0000] {example_python_decorator.py:80} WARNING - The virtalenv_python example task requires virtualenv, please install it.
[2024-07-31T19:00:18.953+0000] {processor.py:840} INFO - DAG(s) 'example_python_decorator' retrieved from /home/ubuntu/airflow-venv/lib/python3.12/site-packages/airflow/example_dags/example_python_decorator.py
[2024-07-31T19:00:18.971+0000] {logging_mixin.py:188} INFO - [2024-07-31T19:00:18.970+0000] {dag.py:3089} INFO - Sync 1 DAGs
[2024-07-31T19:00:18.983+0000] {logging_mixin.py:188} INFO - [2024-07-31T19:00:18.983+0000] {dag.py:3947} INFO - Setting next_dagrun for example_python_decorator to None, run_after=None
[2024-07-31T19:00:19.007+0000] {processor.py:183} INFO - Processing /home/ubuntu/airflow-venv/lib/python3.12/site-packages/airflow/example_dags/example_python_decorator.py took 0.072 seconds
[2024-07-31T19:01:03.995+0000] {processor.py:161} INFO - Started process (PID=5299) to work on /home/ubuntu/airflow-venv/lib/python3.12/site-packages/airflow/example_dags/example_python_decorator.py
[2024-07-31T19:01:03.996+0000] {processor.py:830} INFO - Processing file /home/ubuntu/airflow-venv/lib/python3.12/site-packages/airflow/example_dags/example_python_decorator.py for tasks to queue
[2024-07-31T19:01:03.997+0000] {logging_mixin.py:188} INFO - [2024-07-31T19:01:03.997+0000] {dagbag.py:545} INFO - Filling up the DagBag from /home/ubuntu/airflow-venv/lib/python3.12/site-packages/airflow/example_dags/example_python_decorator.py
[2024-07-31T19:01:04.007+0000] {logging_mixin.py:188} INFO - [2024-07-31T19:01:04.007+0000] {example_python_decorator.py:80} WARNING - The virtalenv_python example task requires virtualenv, please install it.
[2024-07-31T19:01:04.008+0000] {processor.py:840} INFO - DAG(s) 'example_python_decorator' retrieved from /home/ubuntu/airflow-venv/lib/python3.12/site-packages/airflow/example_dags/example_python_decorator.py
[2024-07-31T19:01:04.026+0000] {logging_mixin.py:188} INFO - [2024-07-31T19:01:04.026+0000] {dag.py:3089} INFO - Sync 1 DAGs
[2024-07-31T19:01:04.039+0000] {logging_mixin.py:188} INFO - [2024-07-31T19:01:04.039+0000] {dag.py:3947} INFO - Setting next_dagrun for example_python_decorator to None, run_after=None
[2024-07-31T19:01:04.063+0000] {processor.py:183} INFO - Processing /home/ubuntu/airflow-venv/lib/python3.12/site-packages/airflow/example_dags/example_python_decorator.py took 0.075 seconds
[2024-07-31T19:01:50.051+0000] {processor.py:161} INFO - Started process (PID=5345) to work on /home/ubuntu/airflow-venv/lib/python3.12/site-packages/airflow/example_dags/example_python_decorator.py
[2024-07-31T19:01:50.053+0000] {processor.py:830} INFO - Processing file /home/ubuntu/airflow-venv/lib/python3.12/site-packages/airflow/example_dags/example_python_decorator.py for tasks to queue
[2024-07-31T19:01:50.054+0000] {logging_mixin.py:188} INFO - [2024-07-31T19:01:50.053+0000] {dagbag.py:545} INFO - Filling up the DagBag from /home/ubuntu/airflow-venv/lib/python3.12/site-packages/airflow/example_dags/example_python_decorator.py
[2024-07-31T19:01:50.063+0000] {logging_mixin.py:188} INFO - [2024-07-31T19:01:50.063+0000] {example_python_decorator.py:80} WARNING - The virtalenv_python example task requires virtualenv, please install it.
[2024-07-31T19:01:50.064+0000] {processor.py:840} INFO - DAG(s) 'example_python_decorator' retrieved from /home/ubuntu/airflow-venv/lib/python3.12/site-packages/airflow/example_dags/example_python_decorator.py
[2024-07-31T19:01:50.082+0000] {logging_mixin.py:188} INFO - [2024-07-31T19:01:50.082+0000] {dag.py:3089} INFO - Sync 1 DAGs
[2024-07-31T19:01:50.095+0000] {logging_mixin.py:188} INFO - [2024-07-31T19:01:50.094+0000] {dag.py:3947} INFO - Setting next_dagrun for example_python_decorator to None, run_after=None
[2024-07-31T19:01:50.119+0000] {processor.py:183} INFO - Processing /home/ubuntu/airflow-venv/lib/python3.12/site-packages/airflow/example_dags/example_python_decorator.py took 0.073 seconds
[2024-07-31T19:02:35.675+0000] {processor.py:161} INFO - Started process (PID=5392) to work on /home/ubuntu/airflow-venv/lib/python3.12/site-packages/airflow/example_dags/example_python_decorator.py
[2024-07-31T19:02:35.677+0000] {processor.py:830} INFO - Processing file /home/ubuntu/airflow-venv/lib/python3.12/site-packages/airflow/example_dags/example_python_decorator.py for tasks to queue
[2024-07-31T19:02:35.677+0000] {logging_mixin.py:188} INFO - [2024-07-31T19:02:35.677+0000] {dagbag.py:545} INFO - Filling up the DagBag from /home/ubuntu/airflow-venv/lib/python3.12/site-packages/airflow/example_dags/example_python_decorator.py
[2024-07-31T19:02:35.686+0000] {logging_mixin.py:188} INFO - [2024-07-31T19:02:35.686+0000] {example_python_decorator.py:80} WARNING - The virtalenv_python example task requires virtualenv, please install it.
[2024-07-31T19:02:35.687+0000] {processor.py:840} INFO - DAG(s) 'example_python_decorator' retrieved from /home/ubuntu/airflow-venv/lib/python3.12/site-packages/airflow/example_dags/example_python_decorator.py
[2024-07-31T19:02:35.705+0000] {logging_mixin.py:188} INFO - [2024-07-31T19:02:35.705+0000] {dag.py:3089} INFO - Sync 1 DAGs
[2024-07-31T19:02:35.717+0000] {logging_mixin.py:188} INFO - [2024-07-31T19:02:35.716+0000] {dag.py:3947} INFO - Setting next_dagrun for example_python_decorator to None, run_after=None
[2024-07-31T19:02:35.742+0000] {processor.py:183} INFO - Processing /home/ubuntu/airflow-venv/lib/python3.12/site-packages/airflow/example_dags/example_python_decorator.py took 0.072 seconds
[2024-07-31T19:03:41.635+0000] {processor.py:161} INFO - Started process (PID=5462) to work on /home/ubuntu/airflow-venv/lib/python3.12/site-packages/airflow/example_dags/example_python_decorator.py
[2024-07-31T19:03:41.638+0000] {processor.py:830} INFO - Processing file /home/ubuntu/airflow-venv/lib/python3.12/site-packages/airflow/example_dags/example_python_decorator.py for tasks to queue
[2024-07-31T19:03:41.639+0000] {logging_mixin.py:188} INFO - [2024-07-31T19:03:41.638+0000] {dagbag.py:545} INFO - Filling up the DagBag from /home/ubuntu/airflow-venv/lib/python3.12/site-packages/airflow/example_dags/example_python_decorator.py
[2024-07-31T19:03:41.657+0000] {logging_mixin.py:188} INFO - [2024-07-31T19:03:41.657+0000] {example_python_decorator.py:80} WARNING - The virtalenv_python example task requires virtualenv, please install it.
[2024-07-31T19:03:41.657+0000] {processor.py:840} INFO - DAG(s) 'example_python_decorator' retrieved from /home/ubuntu/airflow-venv/lib/python3.12/site-packages/airflow/example_dags/example_python_decorator.py
[2024-07-31T19:03:41.688+0000] {logging_mixin.py:188} INFO - [2024-07-31T19:03:41.688+0000] {dag.py:3089} INFO - Sync 1 DAGs
[2024-07-31T19:03:41.704+0000] {logging_mixin.py:188} INFO - [2024-07-31T19:03:41.704+0000] {dag.py:3947} INFO - Setting next_dagrun for example_python_decorator to None, run_after=None
[2024-07-31T19:03:41.735+0000] {processor.py:183} INFO - Processing /home/ubuntu/airflow-venv/lib/python3.12/site-packages/airflow/example_dags/example_python_decorator.py took 0.106 seconds
[2024-07-31T19:19:09.478+0000] {processor.py:161} INFO - Started process (PID=5628) to work on /home/ubuntu/airflow-venv/lib/python3.12/site-packages/airflow/example_dags/example_python_decorator.py
[2024-07-31T19:19:09.480+0000] {processor.py:830} INFO - Processing file /home/ubuntu/airflow-venv/lib/python3.12/site-packages/airflow/example_dags/example_python_decorator.py for tasks to queue
[2024-07-31T19:19:09.482+0000] {logging_mixin.py:188} INFO - [2024-07-31T19:19:09.481+0000] {dagbag.py:545} INFO - Filling up the DagBag from /home/ubuntu/airflow-venv/lib/python3.12/site-packages/airflow/example_dags/example_python_decorator.py
[2024-07-31T19:19:09.491+0000] {logging_mixin.py:188} INFO - [2024-07-31T19:19:09.491+0000] {example_python_decorator.py:80} WARNING - The virtalenv_python example task requires virtualenv, please install it.
[2024-07-31T19:19:09.492+0000] {processor.py:840} INFO - DAG(s) 'example_python_decorator' retrieved from /home/ubuntu/airflow-venv/lib/python3.12/site-packages/airflow/example_dags/example_python_decorator.py
[2024-07-31T19:19:09.598+0000] {logging_mixin.py:188} INFO - [2024-07-31T19:19:09.598+0000] {dag.py:3089} INFO - Sync 1 DAGs
[2024-07-31T19:19:09.608+0000] {logging_mixin.py:188} INFO - [2024-07-31T19:19:09.608+0000] {dag.py:3947} INFO - Setting next_dagrun for example_python_decorator to None, run_after=None
[2024-07-31T19:19:09.724+0000] {processor.py:183} INFO - Processing /home/ubuntu/airflow-venv/lib/python3.12/site-packages/airflow/example_dags/example_python_decorator.py took 0.252 seconds
[2024-07-31T19:20:08.229+0000] {processor.py:161} INFO - Started process (PID=5682) to work on /home/ubuntu/airflow-venv/lib/python3.12/site-packages/airflow/example_dags/example_python_decorator.py
[2024-07-31T19:20:08.231+0000] {processor.py:830} INFO - Processing file /home/ubuntu/airflow-venv/lib/python3.12/site-packages/airflow/example_dags/example_python_decorator.py for tasks to queue
[2024-07-31T19:20:08.232+0000] {logging_mixin.py:188} INFO - [2024-07-31T19:20:08.232+0000] {dagbag.py:545} INFO - Filling up the DagBag from /home/ubuntu/airflow-venv/lib/python3.12/site-packages/airflow/example_dags/example_python_decorator.py
[2024-07-31T19:20:08.242+0000] {logging_mixin.py:188} INFO - [2024-07-31T19:20:08.241+0000] {example_python_decorator.py:80} WARNING - The virtalenv_python example task requires virtualenv, please install it.
[2024-07-31T19:20:08.242+0000] {processor.py:840} INFO - DAG(s) 'example_python_decorator' retrieved from /home/ubuntu/airflow-venv/lib/python3.12/site-packages/airflow/example_dags/example_python_decorator.py
[2024-07-31T19:20:08.260+0000] {logging_mixin.py:188} INFO - [2024-07-31T19:20:08.260+0000] {dag.py:3089} INFO - Sync 1 DAGs
[2024-07-31T19:20:08.274+0000] {logging_mixin.py:188} INFO - [2024-07-31T19:20:08.274+0000] {dag.py:3947} INFO - Setting next_dagrun for example_python_decorator to None, run_after=None
[2024-07-31T19:20:08.302+0000] {processor.py:183} INFO - Processing /home/ubuntu/airflow-venv/lib/python3.12/site-packages/airflow/example_dags/example_python_decorator.py took 0.079 seconds
[2024-07-31T19:21:02.435+0000] {processor.py:161} INFO - Started process (PID=5740) to work on /home/ubuntu/airflow-venv/lib/python3.12/site-packages/airflow/example_dags/example_python_decorator.py
[2024-07-31T19:21:02.438+0000] {processor.py:830} INFO - Processing file /home/ubuntu/airflow-venv/lib/python3.12/site-packages/airflow/example_dags/example_python_decorator.py for tasks to queue
[2024-07-31T19:21:02.440+0000] {logging_mixin.py:188} INFO - [2024-07-31T19:21:02.439+0000] {dagbag.py:545} INFO - Filling up the DagBag from /home/ubuntu/airflow-venv/lib/python3.12/site-packages/airflow/example_dags/example_python_decorator.py
[2024-07-31T19:21:02.450+0000] {logging_mixin.py:188} INFO - [2024-07-31T19:21:02.449+0000] {example_python_decorator.py:80} WARNING - The virtalenv_python example task requires virtualenv, please install it.
[2024-07-31T19:21:02.450+0000] {processor.py:840} INFO - DAG(s) 'example_python_decorator' retrieved from /home/ubuntu/airflow-venv/lib/python3.12/site-packages/airflow/example_dags/example_python_decorator.py
[2024-07-31T19:21:02.468+0000] {logging_mixin.py:188} INFO - [2024-07-31T19:21:02.467+0000] {dag.py:3089} INFO - Sync 1 DAGs
[2024-07-31T19:21:02.480+0000] {logging_mixin.py:188} INFO - [2024-07-31T19:21:02.479+0000] {dag.py:3947} INFO - Setting next_dagrun for example_python_decorator to None, run_after=None
[2024-07-31T19:21:02.504+0000] {processor.py:183} INFO - Processing /home/ubuntu/airflow-venv/lib/python3.12/site-packages/airflow/example_dags/example_python_decorator.py took 0.075 seconds
[2024-07-31T19:21:55.228+0000] {processor.py:161} INFO - Started process (PID=5794) to work on /home/ubuntu/airflow-venv/lib/python3.12/site-packages/airflow/example_dags/example_python_decorator.py
[2024-07-31T19:21:55.229+0000] {processor.py:830} INFO - Processing file /home/ubuntu/airflow-venv/lib/python3.12/site-packages/airflow/example_dags/example_python_decorator.py for tasks to queue
[2024-07-31T19:21:55.231+0000] {logging_mixin.py:188} INFO - [2024-07-31T19:21:55.230+0000] {dagbag.py:545} INFO - Filling up the DagBag from /home/ubuntu/airflow-venv/lib/python3.12/site-packages/airflow/example_dags/example_python_decorator.py
[2024-07-31T19:21:55.240+0000] {logging_mixin.py:188} INFO - [2024-07-31T19:21:55.240+0000] {example_python_decorator.py:80} WARNING - The virtalenv_python example task requires virtualenv, please install it.
[2024-07-31T19:21:55.241+0000] {processor.py:840} INFO - DAG(s) 'example_python_decorator' retrieved from /home/ubuntu/airflow-venv/lib/python3.12/site-packages/airflow/example_dags/example_python_decorator.py
[2024-07-31T19:21:55.258+0000] {logging_mixin.py:188} INFO - [2024-07-31T19:21:55.258+0000] {dag.py:3089} INFO - Sync 1 DAGs
[2024-07-31T19:21:55.270+0000] {logging_mixin.py:188} INFO - [2024-07-31T19:21:55.270+0000] {dag.py:3947} INFO - Setting next_dagrun for example_python_decorator to None, run_after=None
[2024-07-31T19:21:55.294+0000] {processor.py:183} INFO - Processing /home/ubuntu/airflow-venv/lib/python3.12/site-packages/airflow/example_dags/example_python_decorator.py took 0.072 seconds
[2024-07-31T19:22:43.388+0000] {processor.py:161} INFO - Started process (PID=5842) to work on /home/ubuntu/airflow-venv/lib/python3.12/site-packages/airflow/example_dags/example_python_decorator.py
[2024-07-31T19:22:43.390+0000] {processor.py:830} INFO - Processing file /home/ubuntu/airflow-venv/lib/python3.12/site-packages/airflow/example_dags/example_python_decorator.py for tasks to queue
[2024-07-31T19:22:43.391+0000] {logging_mixin.py:188} INFO - [2024-07-31T19:22:43.390+0000] {dagbag.py:545} INFO - Filling up the DagBag from /home/ubuntu/airflow-venv/lib/python3.12/site-packages/airflow/example_dags/example_python_decorator.py
[2024-07-31T19:22:43.400+0000] {logging_mixin.py:188} INFO - [2024-07-31T19:22:43.400+0000] {example_python_decorator.py:80} WARNING - The virtalenv_python example task requires virtualenv, please install it.
[2024-07-31T19:22:43.400+0000] {processor.py:840} INFO - DAG(s) 'example_python_decorator' retrieved from /home/ubuntu/airflow-venv/lib/python3.12/site-packages/airflow/example_dags/example_python_decorator.py
[2024-07-31T19:22:43.419+0000] {logging_mixin.py:188} INFO - [2024-07-31T19:22:43.418+0000] {dag.py:3089} INFO - Sync 1 DAGs
[2024-07-31T19:22:43.431+0000] {logging_mixin.py:188} INFO - [2024-07-31T19:22:43.430+0000] {dag.py:3947} INFO - Setting next_dagrun for example_python_decorator to None, run_after=None
[2024-07-31T19:22:43.454+0000] {processor.py:183} INFO - Processing /home/ubuntu/airflow-venv/lib/python3.12/site-packages/airflow/example_dags/example_python_decorator.py took 0.071 seconds
[2024-07-31T19:23:28.300+0000] {processor.py:161} INFO - Started process (PID=5890) to work on /home/ubuntu/airflow-venv/lib/python3.12/site-packages/airflow/example_dags/example_python_decorator.py
[2024-07-31T19:23:28.301+0000] {processor.py:830} INFO - Processing file /home/ubuntu/airflow-venv/lib/python3.12/site-packages/airflow/example_dags/example_python_decorator.py for tasks to queue
[2024-07-31T19:23:28.302+0000] {logging_mixin.py:188} INFO - [2024-07-31T19:23:28.302+0000] {dagbag.py:545} INFO - Filling up the DagBag from /home/ubuntu/airflow-venv/lib/python3.12/site-packages/airflow/example_dags/example_python_decorator.py
[2024-07-31T19:23:28.312+0000] {logging_mixin.py:188} INFO - [2024-07-31T19:23:28.311+0000] {example_python_decorator.py:80} WARNING - The virtalenv_python example task requires virtualenv, please install it.
[2024-07-31T19:23:28.312+0000] {processor.py:840} INFO - DAG(s) 'example_python_decorator' retrieved from /home/ubuntu/airflow-venv/lib/python3.12/site-packages/airflow/example_dags/example_python_decorator.py
[2024-07-31T19:23:28.331+0000] {logging_mixin.py:188} INFO - [2024-07-31T19:23:28.331+0000] {dag.py:3089} INFO - Sync 1 DAGs
[2024-07-31T19:23:28.343+0000] {logging_mixin.py:188} INFO - [2024-07-31T19:23:28.343+0000] {dag.py:3947} INFO - Setting next_dagrun for example_python_decorator to None, run_after=None
[2024-07-31T19:23:28.367+0000] {processor.py:183} INFO - Processing /home/ubuntu/airflow-venv/lib/python3.12/site-packages/airflow/example_dags/example_python_decorator.py took 0.073 seconds
[2024-07-31T19:24:22.422+0000] {processor.py:161} INFO - Started process (PID=5950) to work on /home/ubuntu/airflow-venv/lib/python3.12/site-packages/airflow/example_dags/example_python_decorator.py
[2024-07-31T19:24:22.423+0000] {processor.py:830} INFO - Processing file /home/ubuntu/airflow-venv/lib/python3.12/site-packages/airflow/example_dags/example_python_decorator.py for tasks to queue
[2024-07-31T19:24:22.424+0000] {logging_mixin.py:188} INFO - [2024-07-31T19:24:22.424+0000] {dagbag.py:545} INFO - Filling up the DagBag from /home/ubuntu/airflow-venv/lib/python3.12/site-packages/airflow/example_dags/example_python_decorator.py
[2024-07-31T19:24:22.433+0000] {logging_mixin.py:188} INFO - [2024-07-31T19:24:22.433+0000] {example_python_decorator.py:80} WARNING - The virtalenv_python example task requires virtualenv, please install it.
[2024-07-31T19:24:22.434+0000] {processor.py:840} INFO - DAG(s) 'example_python_decorator' retrieved from /home/ubuntu/airflow-venv/lib/python3.12/site-packages/airflow/example_dags/example_python_decorator.py
[2024-07-31T19:24:22.452+0000] {logging_mixin.py:188} INFO - [2024-07-31T19:24:22.452+0000] {dag.py:3089} INFO - Sync 1 DAGs
[2024-07-31T19:24:22.465+0000] {logging_mixin.py:188} INFO - [2024-07-31T19:24:22.465+0000] {dag.py:3947} INFO - Setting next_dagrun for example_python_decorator to None, run_after=None
[2024-07-31T19:24:22.489+0000] {processor.py:183} INFO - Processing /home/ubuntu/airflow-venv/lib/python3.12/site-packages/airflow/example_dags/example_python_decorator.py took 0.073 seconds
[2024-07-31T19:25:25.775+0000] {processor.py:161} INFO - Started process (PID=6020) to work on /home/ubuntu/airflow-venv/lib/python3.12/site-packages/airflow/example_dags/example_python_decorator.py
[2024-07-31T19:25:25.776+0000] {processor.py:830} INFO - Processing file /home/ubuntu/airflow-venv/lib/python3.12/site-packages/airflow/example_dags/example_python_decorator.py for tasks to queue
[2024-07-31T19:25:25.777+0000] {logging_mixin.py:188} INFO - [2024-07-31T19:25:25.777+0000] {dagbag.py:545} INFO - Filling up the DagBag from /home/ubuntu/airflow-venv/lib/python3.12/site-packages/airflow/example_dags/example_python_decorator.py
[2024-07-31T19:25:25.786+0000] {logging_mixin.py:188} INFO - [2024-07-31T19:25:25.786+0000] {example_python_decorator.py:80} WARNING - The virtalenv_python example task requires virtualenv, please install it.
[2024-07-31T19:25:25.787+0000] {processor.py:840} INFO - DAG(s) 'example_python_decorator' retrieved from /home/ubuntu/airflow-venv/lib/python3.12/site-packages/airflow/example_dags/example_python_decorator.py
[2024-07-31T19:25:25.805+0000] {logging_mixin.py:188} INFO - [2024-07-31T19:25:25.805+0000] {dag.py:3089} INFO - Sync 1 DAGs
[2024-07-31T19:25:25.818+0000] {logging_mixin.py:188} INFO - [2024-07-31T19:25:25.817+0000] {dag.py:3947} INFO - Setting next_dagrun for example_python_decorator to None, run_after=None
[2024-07-31T19:25:25.842+0000] {processor.py:183} INFO - Processing /home/ubuntu/airflow-venv/lib/python3.12/site-packages/airflow/example_dags/example_python_decorator.py took 0.073 seconds
[2024-07-31T19:26:16.597+0000] {processor.py:161} INFO - Started process (PID=6074) to work on /home/ubuntu/airflow-venv/lib/python3.12/site-packages/airflow/example_dags/example_python_decorator.py
[2024-07-31T19:26:16.599+0000] {processor.py:830} INFO - Processing file /home/ubuntu/airflow-venv/lib/python3.12/site-packages/airflow/example_dags/example_python_decorator.py for tasks to queue
[2024-07-31T19:26:16.600+0000] {logging_mixin.py:188} INFO - [2024-07-31T19:26:16.599+0000] {dagbag.py:545} INFO - Filling up the DagBag from /home/ubuntu/airflow-venv/lib/python3.12/site-packages/airflow/example_dags/example_python_decorator.py
[2024-07-31T19:26:16.609+0000] {logging_mixin.py:188} INFO - [2024-07-31T19:26:16.609+0000] {example_python_decorator.py:80} WARNING - The virtalenv_python example task requires virtualenv, please install it.
[2024-07-31T19:26:16.610+0000] {processor.py:840} INFO - DAG(s) 'example_python_decorator' retrieved from /home/ubuntu/airflow-venv/lib/python3.12/site-packages/airflow/example_dags/example_python_decorator.py
[2024-07-31T19:26:16.628+0000] {logging_mixin.py:188} INFO - [2024-07-31T19:26:16.628+0000] {dag.py:3089} INFO - Sync 1 DAGs
[2024-07-31T19:26:16.641+0000] {logging_mixin.py:188} INFO - [2024-07-31T19:26:16.640+0000] {dag.py:3947} INFO - Setting next_dagrun for example_python_decorator to None, run_after=None
[2024-07-31T19:26:16.665+0000] {processor.py:183} INFO - Processing /home/ubuntu/airflow-venv/lib/python3.12/site-packages/airflow/example_dags/example_python_decorator.py took 0.073 seconds
[2024-07-31T19:27:09.544+0000] {processor.py:161} INFO - Started process (PID=6132) to work on /home/ubuntu/airflow-venv/lib/python3.12/site-packages/airflow/example_dags/example_python_decorator.py
[2024-07-31T19:27:09.546+0000] {processor.py:830} INFO - Processing file /home/ubuntu/airflow-venv/lib/python3.12/site-packages/airflow/example_dags/example_python_decorator.py for tasks to queue
[2024-07-31T19:27:09.546+0000] {logging_mixin.py:188} INFO - [2024-07-31T19:27:09.546+0000] {dagbag.py:545} INFO - Filling up the DagBag from /home/ubuntu/airflow-venv/lib/python3.12/site-packages/airflow/example_dags/example_python_decorator.py
[2024-07-31T19:27:09.556+0000] {logging_mixin.py:188} INFO - [2024-07-31T19:27:09.556+0000] {example_python_decorator.py:80} WARNING - The virtalenv_python example task requires virtualenv, please install it.
[2024-07-31T19:27:09.557+0000] {processor.py:840} INFO - DAG(s) 'example_python_decorator' retrieved from /home/ubuntu/airflow-venv/lib/python3.12/site-packages/airflow/example_dags/example_python_decorator.py
[2024-07-31T19:27:09.575+0000] {logging_mixin.py:188} INFO - [2024-07-31T19:27:09.575+0000] {dag.py:3089} INFO - Sync 1 DAGs
[2024-07-31T19:27:09.588+0000] {logging_mixin.py:188} INFO - [2024-07-31T19:27:09.587+0000] {dag.py:3947} INFO - Setting next_dagrun for example_python_decorator to None, run_after=None
[2024-07-31T19:27:09.612+0000] {processor.py:183} INFO - Processing /home/ubuntu/airflow-venv/lib/python3.12/site-packages/airflow/example_dags/example_python_decorator.py took 0.074 seconds
[2024-07-31T19:28:11.657+0000] {processor.py:161} INFO - Started process (PID=6196) to work on /home/ubuntu/airflow-venv/lib/python3.12/site-packages/airflow/example_dags/example_python_decorator.py
[2024-07-31T19:28:11.659+0000] {processor.py:830} INFO - Processing file /home/ubuntu/airflow-venv/lib/python3.12/site-packages/airflow/example_dags/example_python_decorator.py for tasks to queue
[2024-07-31T19:28:11.660+0000] {logging_mixin.py:188} INFO - [2024-07-31T19:28:11.659+0000] {dagbag.py:545} INFO - Filling up the DagBag from /home/ubuntu/airflow-venv/lib/python3.12/site-packages/airflow/example_dags/example_python_decorator.py
[2024-07-31T19:28:11.669+0000] {logging_mixin.py:188} INFO - [2024-07-31T19:28:11.669+0000] {example_python_decorator.py:80} WARNING - The virtalenv_python example task requires virtualenv, please install it.
[2024-07-31T19:28:11.670+0000] {processor.py:840} INFO - DAG(s) 'example_python_decorator' retrieved from /home/ubuntu/airflow-venv/lib/python3.12/site-packages/airflow/example_dags/example_python_decorator.py
[2024-07-31T19:28:11.688+0000] {logging_mixin.py:188} INFO - [2024-07-31T19:28:11.687+0000] {dag.py:3089} INFO - Sync 1 DAGs
[2024-07-31T19:28:11.700+0000] {logging_mixin.py:188} INFO - [2024-07-31T19:28:11.699+0000] {dag.py:3947} INFO - Setting next_dagrun for example_python_decorator to None, run_after=None
[2024-07-31T19:28:11.723+0000] {processor.py:183} INFO - Processing /home/ubuntu/airflow-venv/lib/python3.12/site-packages/airflow/example_dags/example_python_decorator.py took 0.072 seconds
[2024-07-31T19:29:04.231+0000] {processor.py:161} INFO - Started process (PID=6250) to work on /home/ubuntu/airflow-venv/lib/python3.12/site-packages/airflow/example_dags/example_python_decorator.py
[2024-07-31T19:29:04.233+0000] {processor.py:830} INFO - Processing file /home/ubuntu/airflow-venv/lib/python3.12/site-packages/airflow/example_dags/example_python_decorator.py for tasks to queue
[2024-07-31T19:29:04.233+0000] {logging_mixin.py:188} INFO - [2024-07-31T19:29:04.233+0000] {dagbag.py:545} INFO - Filling up the DagBag from /home/ubuntu/airflow-venv/lib/python3.12/site-packages/airflow/example_dags/example_python_decorator.py
[2024-07-31T19:29:04.243+0000] {logging_mixin.py:188} INFO - [2024-07-31T19:29:04.243+0000] {example_python_decorator.py:80} WARNING - The virtalenv_python example task requires virtualenv, please install it.
[2024-07-31T19:29:04.243+0000] {processor.py:840} INFO - DAG(s) 'example_python_decorator' retrieved from /home/ubuntu/airflow-venv/lib/python3.12/site-packages/airflow/example_dags/example_python_decorator.py
[2024-07-31T19:29:04.262+0000] {logging_mixin.py:188} INFO - [2024-07-31T19:29:04.261+0000] {dag.py:3089} INFO - Sync 1 DAGs
[2024-07-31T19:29:04.274+0000] {logging_mixin.py:188} INFO - [2024-07-31T19:29:04.274+0000] {dag.py:3947} INFO - Setting next_dagrun for example_python_decorator to None, run_after=None
[2024-07-31T19:29:04.300+0000] {processor.py:183} INFO - Processing /home/ubuntu/airflow-venv/lib/python3.12/site-packages/airflow/example_dags/example_python_decorator.py took 0.074 seconds
[2024-07-31T19:30:09.850+0000] {processor.py:161} INFO - Started process (PID=6326) to work on /home/ubuntu/airflow-venv/lib/python3.12/site-packages/airflow/example_dags/example_python_decorator.py
[2024-07-31T19:30:09.851+0000] {processor.py:830} INFO - Processing file /home/ubuntu/airflow-venv/lib/python3.12/site-packages/airflow/example_dags/example_python_decorator.py for tasks to queue
[2024-07-31T19:30:09.852+0000] {logging_mixin.py:188} INFO - [2024-07-31T19:30:09.852+0000] {dagbag.py:545} INFO - Filling up the DagBag from /home/ubuntu/airflow-venv/lib/python3.12/site-packages/airflow/example_dags/example_python_decorator.py
[2024-07-31T19:30:09.862+0000] {logging_mixin.py:188} INFO - [2024-07-31T19:30:09.861+0000] {example_python_decorator.py:80} WARNING - The virtalenv_python example task requires virtualenv, please install it.
[2024-07-31T19:30:09.862+0000] {processor.py:840} INFO - DAG(s) 'example_python_decorator' retrieved from /home/ubuntu/airflow-venv/lib/python3.12/site-packages/airflow/example_dags/example_python_decorator.py
[2024-07-31T19:30:09.881+0000] {logging_mixin.py:188} INFO - [2024-07-31T19:30:09.881+0000] {dag.py:3089} INFO - Sync 1 DAGs
[2024-07-31T19:30:09.893+0000] {logging_mixin.py:188} INFO - [2024-07-31T19:30:09.893+0000] {dag.py:3947} INFO - Setting next_dagrun for example_python_decorator to None, run_after=None
[2024-07-31T19:30:09.917+0000] {processor.py:183} INFO - Processing /home/ubuntu/airflow-venv/lib/python3.12/site-packages/airflow/example_dags/example_python_decorator.py took 0.073 seconds
[2024-07-31T19:30:57.631+0000] {processor.py:161} INFO - Started process (PID=6374) to work on /home/ubuntu/airflow-venv/lib/python3.12/site-packages/airflow/example_dags/example_python_decorator.py
[2024-07-31T19:30:57.632+0000] {processor.py:830} INFO - Processing file /home/ubuntu/airflow-venv/lib/python3.12/site-packages/airflow/example_dags/example_python_decorator.py for tasks to queue
[2024-07-31T19:30:57.633+0000] {logging_mixin.py:188} INFO - [2024-07-31T19:30:57.632+0000] {dagbag.py:545} INFO - Filling up the DagBag from /home/ubuntu/airflow-venv/lib/python3.12/site-packages/airflow/example_dags/example_python_decorator.py
[2024-07-31T19:30:57.642+0000] {logging_mixin.py:188} INFO - [2024-07-31T19:30:57.642+0000] {example_python_decorator.py:80} WARNING - The virtalenv_python example task requires virtualenv, please install it.
[2024-07-31T19:30:57.643+0000] {processor.py:840} INFO - DAG(s) 'example_python_decorator' retrieved from /home/ubuntu/airflow-venv/lib/python3.12/site-packages/airflow/example_dags/example_python_decorator.py
[2024-07-31T19:30:57.661+0000] {logging_mixin.py:188} INFO - [2024-07-31T19:30:57.661+0000] {dag.py:3089} INFO - Sync 1 DAGs
[2024-07-31T19:30:57.673+0000] {logging_mixin.py:188} INFO - [2024-07-31T19:30:57.673+0000] {dag.py:3947} INFO - Setting next_dagrun for example_python_decorator to None, run_after=None
[2024-07-31T19:30:57.697+0000] {processor.py:183} INFO - Processing /home/ubuntu/airflow-venv/lib/python3.12/site-packages/airflow/example_dags/example_python_decorator.py took 0.072 seconds
[2024-07-31T19:32:23.014+0000] {processor.py:161} INFO - Started process (PID=6467) to work on /home/ubuntu/airflow-venv/lib/python3.12/site-packages/airflow/example_dags/example_python_decorator.py
[2024-07-31T19:32:23.016+0000] {processor.py:830} INFO - Processing file /home/ubuntu/airflow-venv/lib/python3.12/site-packages/airflow/example_dags/example_python_decorator.py for tasks to queue
[2024-07-31T19:32:23.017+0000] {logging_mixin.py:188} INFO - [2024-07-31T19:32:23.017+0000] {dagbag.py:545} INFO - Filling up the DagBag from /home/ubuntu/airflow-venv/lib/python3.12/site-packages/airflow/example_dags/example_python_decorator.py
[2024-07-31T19:32:23.026+0000] {logging_mixin.py:188} INFO - [2024-07-31T19:32:23.026+0000] {example_python_decorator.py:80} WARNING - The virtalenv_python example task requires virtualenv, please install it.
[2024-07-31T19:32:23.027+0000] {processor.py:840} INFO - DAG(s) 'example_python_decorator' retrieved from /home/ubuntu/airflow-venv/lib/python3.12/site-packages/airflow/example_dags/example_python_decorator.py
[2024-07-31T19:32:23.045+0000] {logging_mixin.py:188} INFO - [2024-07-31T19:32:23.045+0000] {dag.py:3089} INFO - Sync 1 DAGs
[2024-07-31T19:32:23.057+0000] {logging_mixin.py:188} INFO - [2024-07-31T19:32:23.057+0000] {dag.py:3947} INFO - Setting next_dagrun for example_python_decorator to None, run_after=None
[2024-07-31T19:32:23.081+0000] {processor.py:183} INFO - Processing /home/ubuntu/airflow-venv/lib/python3.12/site-packages/airflow/example_dags/example_python_decorator.py took 0.072 seconds
[2024-07-31T19:33:30.334+0000] {processor.py:161} INFO - Started process (PID=6540) to work on /home/ubuntu/airflow-venv/lib/python3.12/site-packages/airflow/example_dags/example_python_decorator.py
[2024-07-31T19:33:30.335+0000] {processor.py:830} INFO - Processing file /home/ubuntu/airflow-venv/lib/python3.12/site-packages/airflow/example_dags/example_python_decorator.py for tasks to queue
[2024-07-31T19:33:30.336+0000] {logging_mixin.py:188} INFO - [2024-07-31T19:33:30.336+0000] {dagbag.py:545} INFO - Filling up the DagBag from /home/ubuntu/airflow-venv/lib/python3.12/site-packages/airflow/example_dags/example_python_decorator.py
[2024-07-31T19:33:30.346+0000] {logging_mixin.py:188} INFO - [2024-07-31T19:33:30.345+0000] {example_python_decorator.py:80} WARNING - The virtalenv_python example task requires virtualenv, please install it.
[2024-07-31T19:33:30.346+0000] {processor.py:840} INFO - DAG(s) 'example_python_decorator' retrieved from /home/ubuntu/airflow-venv/lib/python3.12/site-packages/airflow/example_dags/example_python_decorator.py
[2024-07-31T19:33:30.364+0000] {logging_mixin.py:188} INFO - [2024-07-31T19:33:30.364+0000] {dag.py:3089} INFO - Sync 1 DAGs
[2024-07-31T19:33:30.377+0000] {logging_mixin.py:188} INFO - [2024-07-31T19:33:30.376+0000] {dag.py:3947} INFO - Setting next_dagrun for example_python_decorator to None, run_after=None
[2024-07-31T19:33:30.402+0000] {processor.py:183} INFO - Processing /home/ubuntu/airflow-venv/lib/python3.12/site-packages/airflow/example_dags/example_python_decorator.py took 0.074 seconds
[2024-07-31T19:34:24.652+0000] {processor.py:161} INFO - Started process (PID=6597) to work on /home/ubuntu/airflow-venv/lib/python3.12/site-packages/airflow/example_dags/example_python_decorator.py
[2024-07-31T19:34:24.654+0000] {processor.py:830} INFO - Processing file /home/ubuntu/airflow-venv/lib/python3.12/site-packages/airflow/example_dags/example_python_decorator.py for tasks to queue
[2024-07-31T19:34:24.655+0000] {logging_mixin.py:188} INFO - [2024-07-31T19:34:24.654+0000] {dagbag.py:545} INFO - Filling up the DagBag from /home/ubuntu/airflow-venv/lib/python3.12/site-packages/airflow/example_dags/example_python_decorator.py
[2024-07-31T19:34:24.664+0000] {logging_mixin.py:188} INFO - [2024-07-31T19:34:24.664+0000] {example_python_decorator.py:80} WARNING - The virtalenv_python example task requires virtualenv, please install it.
[2024-07-31T19:34:24.665+0000] {processor.py:840} INFO - DAG(s) 'example_python_decorator' retrieved from /home/ubuntu/airflow-venv/lib/python3.12/site-packages/airflow/example_dags/example_python_decorator.py
[2024-07-31T19:34:24.683+0000] {logging_mixin.py:188} INFO - [2024-07-31T19:34:24.683+0000] {dag.py:3089} INFO - Sync 1 DAGs
[2024-07-31T19:34:24.695+0000] {logging_mixin.py:188} INFO - [2024-07-31T19:34:24.695+0000] {dag.py:3947} INFO - Setting next_dagrun for example_python_decorator to None, run_after=None
[2024-07-31T19:34:24.719+0000] {processor.py:183} INFO - Processing /home/ubuntu/airflow-venv/lib/python3.12/site-packages/airflow/example_dags/example_python_decorator.py took 0.073 seconds
