[2024-07-31T18:43:25.754+0000] {processor.py:161} INFO - Started process (PID=3487) to work on /home/ubuntu/airflow-venv/lib/python3.12/site-packages/airflow/example_dags/example_params_trigger_ui.py
[2024-07-31T18:43:25.755+0000] {processor.py:830} INFO - Processing file /home/ubuntu/airflow-venv/lib/python3.12/site-packages/airflow/example_dags/example_params_trigger_ui.py for tasks to queue
[2024-07-31T18:43:25.757+0000] {logging_mixin.py:188} INFO - [2024-07-31T18:43:25.756+0000] {dagbag.py:545} INFO - Filling up the DagBag from /home/ubuntu/airflow-venv/lib/python3.12/site-packages/airflow/example_dags/example_params_trigger_ui.py
[2024-07-31T18:43:25.767+0000] {processor.py:840} INFO - DAG(s) 'example_params_trigger_ui' retrieved from /home/ubuntu/airflow-venv/lib/python3.12/site-packages/airflow/example_dags/example_params_trigger_ui.py
[2024-07-31T18:43:25.910+0000] {logging_mixin.py:188} INFO - [2024-07-31T18:43:25.909+0000] {override.py:1858} INFO - Created Permission View: can edit on DAG:example_params_trigger_ui
[2024-07-31T18:43:25.924+0000] {logging_mixin.py:188} INFO - [2024-07-31T18:43:25.923+0000] {override.py:1858} INFO - Created Permission View: can read on DAG:example_params_trigger_ui
[2024-07-31T18:43:25.935+0000] {logging_mixin.py:188} INFO - [2024-07-31T18:43:25.935+0000] {override.py:1858} INFO - Created Permission View: can delete on DAG:example_params_trigger_ui
[2024-07-31T18:43:25.935+0000] {logging_mixin.py:188} INFO - [2024-07-31T18:43:25.935+0000] {dag.py:3089} INFO - Sync 1 DAGs
[2024-07-31T18:43:25.946+0000] {logging_mixin.py:188} INFO - [2024-07-31T18:43:25.946+0000] {dag.py:3111} INFO - Creating ORM DAG for example_params_trigger_ui
[2024-07-31T18:43:25.947+0000] {logging_mixin.py:188} INFO - [2024-07-31T18:43:25.947+0000] {dag.py:3947} INFO - Setting next_dagrun for example_params_trigger_ui to None, run_after=None
[2024-07-31T18:43:25.971+0000] {processor.py:183} INFO - Processing /home/ubuntu/airflow-venv/lib/python3.12/site-packages/airflow/example_dags/example_params_trigger_ui.py took 0.222 seconds
[2024-07-31T18:44:21.225+0000] {processor.py:161} INFO - Started process (PID=3539) to work on /home/ubuntu/airflow-venv/lib/python3.12/site-packages/airflow/example_dags/example_params_trigger_ui.py
[2024-07-31T18:44:21.227+0000] {processor.py:830} INFO - Processing file /home/ubuntu/airflow-venv/lib/python3.12/site-packages/airflow/example_dags/example_params_trigger_ui.py for tasks to queue
[2024-07-31T18:44:21.229+0000] {logging_mixin.py:188} INFO - [2024-07-31T18:44:21.228+0000] {dagbag.py:545} INFO - Filling up the DagBag from /home/ubuntu/airflow-venv/lib/python3.12/site-packages/airflow/example_dags/example_params_trigger_ui.py
[2024-07-31T18:44:21.238+0000] {processor.py:840} INFO - DAG(s) 'example_params_trigger_ui' retrieved from /home/ubuntu/airflow-venv/lib/python3.12/site-packages/airflow/example_dags/example_params_trigger_ui.py
[2024-07-31T18:44:21.280+0000] {logging_mixin.py:188} INFO - [2024-07-31T18:44:21.280+0000] {dag.py:3089} INFO - Sync 1 DAGs
[2024-07-31T18:44:21.292+0000] {logging_mixin.py:188} INFO - [2024-07-31T18:44:21.292+0000] {dag.py:3947} INFO - Setting next_dagrun for example_params_trigger_ui to None, run_after=None
[2024-07-31T18:44:21.316+0000] {processor.py:183} INFO - Processing /home/ubuntu/airflow-venv/lib/python3.12/site-packages/airflow/example_dags/example_params_trigger_ui.py took 0.096 seconds
[2024-07-31T18:45:10.455+0000] {processor.py:161} INFO - Started process (PID=3599) to work on /home/ubuntu/airflow-venv/lib/python3.12/site-packages/airflow/example_dags/example_params_trigger_ui.py
[2024-07-31T18:45:10.456+0000] {processor.py:830} INFO - Processing file /home/ubuntu/airflow-venv/lib/python3.12/site-packages/airflow/example_dags/example_params_trigger_ui.py for tasks to queue
[2024-07-31T18:45:10.458+0000] {logging_mixin.py:188} INFO - [2024-07-31T18:45:10.458+0000] {dagbag.py:545} INFO - Filling up the DagBag from /home/ubuntu/airflow-venv/lib/python3.12/site-packages/airflow/example_dags/example_params_trigger_ui.py
[2024-07-31T18:45:10.468+0000] {processor.py:840} INFO - DAG(s) 'example_params_trigger_ui' retrieved from /home/ubuntu/airflow-venv/lib/python3.12/site-packages/airflow/example_dags/example_params_trigger_ui.py
[2024-07-31T18:45:10.509+0000] {logging_mixin.py:188} INFO - [2024-07-31T18:45:10.509+0000] {dag.py:3089} INFO - Sync 1 DAGs
[2024-07-31T18:45:10.522+0000] {logging_mixin.py:188} INFO - [2024-07-31T18:45:10.521+0000] {dag.py:3947} INFO - Setting next_dagrun for example_params_trigger_ui to None, run_after=None
[2024-07-31T18:45:10.545+0000] {processor.py:183} INFO - Processing /home/ubuntu/airflow-venv/lib/python3.12/site-packages/airflow/example_dags/example_params_trigger_ui.py took 0.095 seconds
[2024-07-31T18:45:58.982+0000] {processor.py:161} INFO - Started process (PID=3652) to work on /home/ubuntu/airflow-venv/lib/python3.12/site-packages/airflow/example_dags/example_params_trigger_ui.py
[2024-07-31T18:45:58.984+0000] {processor.py:830} INFO - Processing file /home/ubuntu/airflow-venv/lib/python3.12/site-packages/airflow/example_dags/example_params_trigger_ui.py for tasks to queue
[2024-07-31T18:45:58.985+0000] {logging_mixin.py:188} INFO - [2024-07-31T18:45:58.985+0000] {dagbag.py:545} INFO - Filling up the DagBag from /home/ubuntu/airflow-venv/lib/python3.12/site-packages/airflow/example_dags/example_params_trigger_ui.py
[2024-07-31T18:45:58.995+0000] {processor.py:840} INFO - DAG(s) 'example_params_trigger_ui' retrieved from /home/ubuntu/airflow-venv/lib/python3.12/site-packages/airflow/example_dags/example_params_trigger_ui.py
[2024-07-31T18:45:59.036+0000] {logging_mixin.py:188} INFO - [2024-07-31T18:45:59.036+0000] {dag.py:3089} INFO - Sync 1 DAGs
[2024-07-31T18:45:59.048+0000] {logging_mixin.py:188} INFO - [2024-07-31T18:45:59.047+0000] {dag.py:3947} INFO - Setting next_dagrun for example_params_trigger_ui to None, run_after=None
[2024-07-31T18:45:59.069+0000] {processor.py:183} INFO - Processing /home/ubuntu/airflow-venv/lib/python3.12/site-packages/airflow/example_dags/example_params_trigger_ui.py took 0.093 seconds
[2024-07-31T18:46:59.867+0000] {processor.py:161} INFO - Started process (PID=3908) to work on /home/ubuntu/airflow-venv/lib/python3.12/site-packages/airflow/example_dags/example_params_trigger_ui.py
[2024-07-31T18:46:59.868+0000] {processor.py:830} INFO - Processing file /home/ubuntu/airflow-venv/lib/python3.12/site-packages/airflow/example_dags/example_params_trigger_ui.py for tasks to queue
[2024-07-31T18:46:59.870+0000] {logging_mixin.py:188} INFO - [2024-07-31T18:46:59.869+0000] {dagbag.py:545} INFO - Filling up the DagBag from /home/ubuntu/airflow-venv/lib/python3.12/site-packages/airflow/example_dags/example_params_trigger_ui.py
[2024-07-31T18:46:59.879+0000] {processor.py:840} INFO - DAG(s) 'example_params_trigger_ui' retrieved from /home/ubuntu/airflow-venv/lib/python3.12/site-packages/airflow/example_dags/example_params_trigger_ui.py
[2024-07-31T18:46:59.920+0000] {logging_mixin.py:188} INFO - [2024-07-31T18:46:59.920+0000] {dag.py:3089} INFO - Sync 1 DAGs
[2024-07-31T18:46:59.932+0000] {logging_mixin.py:188} INFO - [2024-07-31T18:46:59.932+0000] {dag.py:3947} INFO - Setting next_dagrun for example_params_trigger_ui to None, run_after=None
[2024-07-31T18:46:59.968+0000] {processor.py:183} INFO - Processing /home/ubuntu/airflow-venv/lib/python3.12/site-packages/airflow/example_dags/example_params_trigger_ui.py took 0.107 seconds
[2024-07-31T18:47:56.789+0000] {processor.py:161} INFO - Started process (PID=4028) to work on /home/ubuntu/airflow-venv/lib/python3.12/site-packages/airflow/example_dags/example_params_trigger_ui.py
[2024-07-31T18:47:56.791+0000] {processor.py:830} INFO - Processing file /home/ubuntu/airflow-venv/lib/python3.12/site-packages/airflow/example_dags/example_params_trigger_ui.py for tasks to queue
[2024-07-31T18:47:56.792+0000] {logging_mixin.py:188} INFO - [2024-07-31T18:47:56.792+0000] {dagbag.py:545} INFO - Filling up the DagBag from /home/ubuntu/airflow-venv/lib/python3.12/site-packages/airflow/example_dags/example_params_trigger_ui.py
[2024-07-31T18:47:56.802+0000] {processor.py:840} INFO - DAG(s) 'example_params_trigger_ui' retrieved from /home/ubuntu/airflow-venv/lib/python3.12/site-packages/airflow/example_dags/example_params_trigger_ui.py
[2024-07-31T18:47:56.843+0000] {logging_mixin.py:188} INFO - [2024-07-31T18:47:56.843+0000] {dag.py:3089} INFO - Sync 1 DAGs
[2024-07-31T18:47:56.855+0000] {logging_mixin.py:188} INFO - [2024-07-31T18:47:56.854+0000] {dag.py:3947} INFO - Setting next_dagrun for example_params_trigger_ui to None, run_after=None
[2024-07-31T18:47:56.878+0000] {processor.py:183} INFO - Processing /home/ubuntu/airflow-venv/lib/python3.12/site-packages/airflow/example_dags/example_params_trigger_ui.py took 0.094 seconds
[2024-07-31T18:48:54.570+0000] {processor.py:161} INFO - Started process (PID=4198) to work on /home/ubuntu/airflow-venv/lib/python3.12/site-packages/airflow/example_dags/example_params_trigger_ui.py
[2024-07-31T18:48:54.572+0000] {processor.py:830} INFO - Processing file /home/ubuntu/airflow-venv/lib/python3.12/site-packages/airflow/example_dags/example_params_trigger_ui.py for tasks to queue
[2024-07-31T18:48:54.574+0000] {logging_mixin.py:188} INFO - [2024-07-31T18:48:54.573+0000] {dagbag.py:545} INFO - Filling up the DagBag from /home/ubuntu/airflow-venv/lib/python3.12/site-packages/airflow/example_dags/example_params_trigger_ui.py
[2024-07-31T18:48:54.584+0000] {processor.py:840} INFO - DAG(s) 'example_params_trigger_ui' retrieved from /home/ubuntu/airflow-venv/lib/python3.12/site-packages/airflow/example_dags/example_params_trigger_ui.py
[2024-07-31T18:48:54.627+0000] {logging_mixin.py:188} INFO - [2024-07-31T18:48:54.626+0000] {dag.py:3089} INFO - Sync 1 DAGs
[2024-07-31T18:48:54.639+0000] {logging_mixin.py:188} INFO - [2024-07-31T18:48:54.638+0000] {dag.py:3947} INFO - Setting next_dagrun for example_params_trigger_ui to None, run_after=None
[2024-07-31T18:48:54.664+0000] {processor.py:183} INFO - Processing /home/ubuntu/airflow-venv/lib/python3.12/site-packages/airflow/example_dags/example_params_trigger_ui.py took 0.100 seconds
[2024-07-31T18:49:53.948+0000] {processor.py:161} INFO - Started process (PID=4261) to work on /home/ubuntu/airflow-venv/lib/python3.12/site-packages/airflow/example_dags/example_params_trigger_ui.py
[2024-07-31T18:49:53.949+0000] {processor.py:830} INFO - Processing file /home/ubuntu/airflow-venv/lib/python3.12/site-packages/airflow/example_dags/example_params_trigger_ui.py for tasks to queue
[2024-07-31T18:49:53.951+0000] {logging_mixin.py:188} INFO - [2024-07-31T18:49:53.950+0000] {dagbag.py:545} INFO - Filling up the DagBag from /home/ubuntu/airflow-venv/lib/python3.12/site-packages/airflow/example_dags/example_params_trigger_ui.py
[2024-07-31T18:49:53.961+0000] {processor.py:840} INFO - DAG(s) 'example_params_trigger_ui' retrieved from /home/ubuntu/airflow-venv/lib/python3.12/site-packages/airflow/example_dags/example_params_trigger_ui.py
[2024-07-31T18:49:54.003+0000] {logging_mixin.py:188} INFO - [2024-07-31T18:49:54.003+0000] {dag.py:3089} INFO - Sync 1 DAGs
[2024-07-31T18:49:54.020+0000] {logging_mixin.py:188} INFO - [2024-07-31T18:49:54.019+0000] {dag.py:3947} INFO - Setting next_dagrun for example_params_trigger_ui to None, run_after=None
[2024-07-31T18:49:54.045+0000] {processor.py:183} INFO - Processing /home/ubuntu/airflow-venv/lib/python3.12/site-packages/airflow/example_dags/example_params_trigger_ui.py took 0.103 seconds
[2024-07-31T18:50:54.943+0000] {processor.py:161} INFO - Started process (PID=4329) to work on /home/ubuntu/airflow-venv/lib/python3.12/site-packages/airflow/example_dags/example_params_trigger_ui.py
[2024-07-31T18:50:54.944+0000] {processor.py:830} INFO - Processing file /home/ubuntu/airflow-venv/lib/python3.12/site-packages/airflow/example_dags/example_params_trigger_ui.py for tasks to queue
[2024-07-31T18:50:54.946+0000] {logging_mixin.py:188} INFO - [2024-07-31T18:50:54.945+0000] {dagbag.py:545} INFO - Filling up the DagBag from /home/ubuntu/airflow-venv/lib/python3.12/site-packages/airflow/example_dags/example_params_trigger_ui.py
[2024-07-31T18:50:54.955+0000] {processor.py:840} INFO - DAG(s) 'example_params_trigger_ui' retrieved from /home/ubuntu/airflow-venv/lib/python3.12/site-packages/airflow/example_dags/example_params_trigger_ui.py
[2024-07-31T18:50:54.997+0000] {logging_mixin.py:188} INFO - [2024-07-31T18:50:54.997+0000] {dag.py:3089} INFO - Sync 1 DAGs
[2024-07-31T18:50:55.009+0000] {logging_mixin.py:188} INFO - [2024-07-31T18:50:55.009+0000] {dag.py:3947} INFO - Setting next_dagrun for example_params_trigger_ui to None, run_after=None
[2024-07-31T18:50:55.032+0000] {processor.py:183} INFO - Processing /home/ubuntu/airflow-venv/lib/python3.12/site-packages/airflow/example_dags/example_params_trigger_ui.py took 0.095 seconds
[2024-07-31T18:51:51.669+0000] {processor.py:161} INFO - Started process (PID=4391) to work on /home/ubuntu/airflow-venv/lib/python3.12/site-packages/airflow/example_dags/example_params_trigger_ui.py
[2024-07-31T18:51:51.670+0000] {processor.py:830} INFO - Processing file /home/ubuntu/airflow-venv/lib/python3.12/site-packages/airflow/example_dags/example_params_trigger_ui.py for tasks to queue
[2024-07-31T18:51:51.672+0000] {logging_mixin.py:188} INFO - [2024-07-31T18:51:51.672+0000] {dagbag.py:545} INFO - Filling up the DagBag from /home/ubuntu/airflow-venv/lib/python3.12/site-packages/airflow/example_dags/example_params_trigger_ui.py
[2024-07-31T18:51:51.682+0000] {processor.py:840} INFO - DAG(s) 'example_params_trigger_ui' retrieved from /home/ubuntu/airflow-venv/lib/python3.12/site-packages/airflow/example_dags/example_params_trigger_ui.py
[2024-07-31T18:51:51.723+0000] {logging_mixin.py:188} INFO - [2024-07-31T18:51:51.723+0000] {dag.py:3089} INFO - Sync 1 DAGs
[2024-07-31T18:51:51.735+0000] {logging_mixin.py:188} INFO - [2024-07-31T18:51:51.735+0000] {dag.py:3947} INFO - Setting next_dagrun for example_params_trigger_ui to None, run_after=None
[2024-07-31T18:51:51.759+0000] {processor.py:183} INFO - Processing /home/ubuntu/airflow-venv/lib/python3.12/site-packages/airflow/example_dags/example_params_trigger_ui.py took 0.096 seconds
[2024-07-31T18:52:48.693+0000] {processor.py:161} INFO - Started process (PID=4453) to work on /home/ubuntu/airflow-venv/lib/python3.12/site-packages/airflow/example_dags/example_params_trigger_ui.py
[2024-07-31T18:52:48.694+0000] {processor.py:830} INFO - Processing file /home/ubuntu/airflow-venv/lib/python3.12/site-packages/airflow/example_dags/example_params_trigger_ui.py for tasks to queue
[2024-07-31T18:52:48.696+0000] {logging_mixin.py:188} INFO - [2024-07-31T18:52:48.696+0000] {dagbag.py:545} INFO - Filling up the DagBag from /home/ubuntu/airflow-venv/lib/python3.12/site-packages/airflow/example_dags/example_params_trigger_ui.py
[2024-07-31T18:52:48.706+0000] {processor.py:840} INFO - DAG(s) 'example_params_trigger_ui' retrieved from /home/ubuntu/airflow-venv/lib/python3.12/site-packages/airflow/example_dags/example_params_trigger_ui.py
[2024-07-31T18:52:48.748+0000] {logging_mixin.py:188} INFO - [2024-07-31T18:52:48.748+0000] {dag.py:3089} INFO - Sync 1 DAGs
[2024-07-31T18:52:48.760+0000] {logging_mixin.py:188} INFO - [2024-07-31T18:52:48.759+0000] {dag.py:3947} INFO - Setting next_dagrun for example_params_trigger_ui to None, run_after=None
[2024-07-31T18:52:48.783+0000] {processor.py:183} INFO - Processing /home/ubuntu/airflow-venv/lib/python3.12/site-packages/airflow/example_dags/example_params_trigger_ui.py took 0.096 seconds
[2024-07-31T18:53:51.785+0000] {processor.py:161} INFO - Started process (PID=4521) to work on /home/ubuntu/airflow-venv/lib/python3.12/site-packages/airflow/example_dags/example_params_trigger_ui.py
[2024-07-31T18:53:51.787+0000] {processor.py:830} INFO - Processing file /home/ubuntu/airflow-venv/lib/python3.12/site-packages/airflow/example_dags/example_params_trigger_ui.py for tasks to queue
[2024-07-31T18:53:51.788+0000] {logging_mixin.py:188} INFO - [2024-07-31T18:53:51.787+0000] {dagbag.py:545} INFO - Filling up the DagBag from /home/ubuntu/airflow-venv/lib/python3.12/site-packages/airflow/example_dags/example_params_trigger_ui.py
[2024-07-31T18:53:51.798+0000] {processor.py:840} INFO - DAG(s) 'example_params_trigger_ui' retrieved from /home/ubuntu/airflow-venv/lib/python3.12/site-packages/airflow/example_dags/example_params_trigger_ui.py
[2024-07-31T18:53:51.839+0000] {logging_mixin.py:188} INFO - [2024-07-31T18:53:51.838+0000] {dag.py:3089} INFO - Sync 1 DAGs
[2024-07-31T18:53:51.851+0000] {logging_mixin.py:188} INFO - [2024-07-31T18:53:51.851+0000] {dag.py:3947} INFO - Setting next_dagrun for example_params_trigger_ui to None, run_after=None
[2024-07-31T18:53:51.875+0000] {processor.py:183} INFO - Processing /home/ubuntu/airflow-venv/lib/python3.12/site-packages/airflow/example_dags/example_params_trigger_ui.py took 0.096 seconds
[2024-07-31T18:54:52.395+0000] {processor.py:161} INFO - Started process (PID=4590) to work on /home/ubuntu/airflow-venv/lib/python3.12/site-packages/airflow/example_dags/example_params_trigger_ui.py
[2024-07-31T18:54:52.396+0000] {processor.py:830} INFO - Processing file /home/ubuntu/airflow-venv/lib/python3.12/site-packages/airflow/example_dags/example_params_trigger_ui.py for tasks to queue
[2024-07-31T18:54:52.397+0000] {logging_mixin.py:188} INFO - [2024-07-31T18:54:52.396+0000] {dagbag.py:545} INFO - Filling up the DagBag from /home/ubuntu/airflow-venv/lib/python3.12/site-packages/airflow/example_dags/example_params_trigger_ui.py
[2024-07-31T18:54:52.407+0000] {processor.py:840} INFO - DAG(s) 'example_params_trigger_ui' retrieved from /home/ubuntu/airflow-venv/lib/python3.12/site-packages/airflow/example_dags/example_params_trigger_ui.py
[2024-07-31T18:54:52.448+0000] {logging_mixin.py:188} INFO - [2024-07-31T18:54:52.448+0000] {dag.py:3089} INFO - Sync 1 DAGs
[2024-07-31T18:54:52.460+0000] {logging_mixin.py:188} INFO - [2024-07-31T18:54:52.460+0000] {dag.py:3947} INFO - Setting next_dagrun for example_params_trigger_ui to None, run_after=None
[2024-07-31T18:54:52.485+0000] {processor.py:183} INFO - Processing /home/ubuntu/airflow-venv/lib/python3.12/site-packages/airflow/example_dags/example_params_trigger_ui.py took 0.096 seconds
[2024-07-31T18:55:57.475+0000] {processor.py:161} INFO - Started process (PID=4660) to work on /home/ubuntu/airflow-venv/lib/python3.12/site-packages/airflow/example_dags/example_params_trigger_ui.py
[2024-07-31T18:55:57.476+0000] {processor.py:830} INFO - Processing file /home/ubuntu/airflow-venv/lib/python3.12/site-packages/airflow/example_dags/example_params_trigger_ui.py for tasks to queue
[2024-07-31T18:55:57.477+0000] {logging_mixin.py:188} INFO - [2024-07-31T18:55:57.477+0000] {dagbag.py:545} INFO - Filling up the DagBag from /home/ubuntu/airflow-venv/lib/python3.12/site-packages/airflow/example_dags/example_params_trigger_ui.py
[2024-07-31T18:55:57.488+0000] {processor.py:840} INFO - DAG(s) 'example_params_trigger_ui' retrieved from /home/ubuntu/airflow-venv/lib/python3.12/site-packages/airflow/example_dags/example_params_trigger_ui.py
[2024-07-31T18:55:57.529+0000] {logging_mixin.py:188} INFO - [2024-07-31T18:55:57.529+0000] {dag.py:3089} INFO - Sync 1 DAGs
[2024-07-31T18:55:57.541+0000] {logging_mixin.py:188} INFO - [2024-07-31T18:55:57.541+0000] {dag.py:3947} INFO - Setting next_dagrun for example_params_trigger_ui to None, run_after=None
[2024-07-31T18:55:57.564+0000] {processor.py:183} INFO - Processing /home/ubuntu/airflow-venv/lib/python3.12/site-packages/airflow/example_dags/example_params_trigger_ui.py took 0.095 seconds
[2024-07-31T18:57:02.273+0000] {processor.py:161} INFO - Started process (PID=5041) to work on /home/ubuntu/airflow-venv/lib/python3.12/site-packages/airflow/example_dags/example_params_trigger_ui.py
[2024-07-31T18:57:02.275+0000] {processor.py:830} INFO - Processing file /home/ubuntu/airflow-venv/lib/python3.12/site-packages/airflow/example_dags/example_params_trigger_ui.py for tasks to queue
[2024-07-31T18:57:02.276+0000] {logging_mixin.py:188} INFO - [2024-07-31T18:57:02.275+0000] {dagbag.py:545} INFO - Filling up the DagBag from /home/ubuntu/airflow-venv/lib/python3.12/site-packages/airflow/example_dags/example_params_trigger_ui.py
[2024-07-31T18:57:02.286+0000] {processor.py:840} INFO - DAG(s) 'example_params_trigger_ui' retrieved from /home/ubuntu/airflow-venv/lib/python3.12/site-packages/airflow/example_dags/example_params_trigger_ui.py
[2024-07-31T18:57:02.327+0000] {logging_mixin.py:188} INFO - [2024-07-31T18:57:02.327+0000] {dag.py:3089} INFO - Sync 1 DAGs
[2024-07-31T18:57:02.340+0000] {logging_mixin.py:188} INFO - [2024-07-31T18:57:02.339+0000] {dag.py:3947} INFO - Setting next_dagrun for example_params_trigger_ui to None, run_after=None
[2024-07-31T18:57:02.363+0000] {processor.py:183} INFO - Processing /home/ubuntu/airflow-venv/lib/python3.12/site-packages/airflow/example_dags/example_params_trigger_ui.py took 0.096 seconds
[2024-07-31T18:57:47.321+0000] {processor.py:161} INFO - Started process (PID=5088) to work on /home/ubuntu/airflow-venv/lib/python3.12/site-packages/airflow/example_dags/example_params_trigger_ui.py
[2024-07-31T18:57:47.323+0000] {processor.py:830} INFO - Processing file /home/ubuntu/airflow-venv/lib/python3.12/site-packages/airflow/example_dags/example_params_trigger_ui.py for tasks to queue
[2024-07-31T18:57:47.324+0000] {logging_mixin.py:188} INFO - [2024-07-31T18:57:47.323+0000] {dagbag.py:545} INFO - Filling up the DagBag from /home/ubuntu/airflow-venv/lib/python3.12/site-packages/airflow/example_dags/example_params_trigger_ui.py
[2024-07-31T18:57:47.334+0000] {processor.py:840} INFO - DAG(s) 'example_params_trigger_ui' retrieved from /home/ubuntu/airflow-venv/lib/python3.12/site-packages/airflow/example_dags/example_params_trigger_ui.py
[2024-07-31T18:57:47.376+0000] {logging_mixin.py:188} INFO - [2024-07-31T18:57:47.375+0000] {dag.py:3089} INFO - Sync 1 DAGs
[2024-07-31T18:57:47.387+0000] {logging_mixin.py:188} INFO - [2024-07-31T18:57:47.387+0000] {dag.py:3947} INFO - Setting next_dagrun for example_params_trigger_ui to None, run_after=None
[2024-07-31T18:57:47.409+0000] {processor.py:183} INFO - Processing /home/ubuntu/airflow-venv/lib/python3.12/site-packages/airflow/example_dags/example_params_trigger_ui.py took 0.094 seconds
[2024-07-31T18:58:31.947+0000] {processor.py:161} INFO - Started process (PID=5135) to work on /home/ubuntu/airflow-venv/lib/python3.12/site-packages/airflow/example_dags/example_params_trigger_ui.py
[2024-07-31T18:58:31.948+0000] {processor.py:830} INFO - Processing file /home/ubuntu/airflow-venv/lib/python3.12/site-packages/airflow/example_dags/example_params_trigger_ui.py for tasks to queue
[2024-07-31T18:58:31.949+0000] {logging_mixin.py:188} INFO - [2024-07-31T18:58:31.949+0000] {dagbag.py:545} INFO - Filling up the DagBag from /home/ubuntu/airflow-venv/lib/python3.12/site-packages/airflow/example_dags/example_params_trigger_ui.py
[2024-07-31T18:58:31.960+0000] {processor.py:840} INFO - DAG(s) 'example_params_trigger_ui' retrieved from /home/ubuntu/airflow-venv/lib/python3.12/site-packages/airflow/example_dags/example_params_trigger_ui.py
[2024-07-31T18:58:32.001+0000] {logging_mixin.py:188} INFO - [2024-07-31T18:58:32.001+0000] {dag.py:3089} INFO - Sync 1 DAGs
[2024-07-31T18:58:32.013+0000] {logging_mixin.py:188} INFO - [2024-07-31T18:58:32.013+0000] {dag.py:3947} INFO - Setting next_dagrun for example_params_trigger_ui to None, run_after=None
[2024-07-31T18:58:32.039+0000] {processor.py:183} INFO - Processing /home/ubuntu/airflow-venv/lib/python3.12/site-packages/airflow/example_dags/example_params_trigger_ui.py took 0.098 seconds
[2024-07-31T18:59:33.637+0000] {processor.py:161} INFO - Started process (PID=5202) to work on /home/ubuntu/airflow-venv/lib/python3.12/site-packages/airflow/example_dags/example_params_trigger_ui.py
[2024-07-31T18:59:33.641+0000] {processor.py:830} INFO - Processing file /home/ubuntu/airflow-venv/lib/python3.12/site-packages/airflow/example_dags/example_params_trigger_ui.py for tasks to queue
[2024-07-31T18:59:33.642+0000] {logging_mixin.py:188} INFO - [2024-07-31T18:59:33.642+0000] {dagbag.py:545} INFO - Filling up the DagBag from /home/ubuntu/airflow-venv/lib/python3.12/site-packages/airflow/example_dags/example_params_trigger_ui.py
[2024-07-31T18:59:33.653+0000] {processor.py:840} INFO - DAG(s) 'example_params_trigger_ui' retrieved from /home/ubuntu/airflow-venv/lib/python3.12/site-packages/airflow/example_dags/example_params_trigger_ui.py
[2024-07-31T18:59:33.694+0000] {logging_mixin.py:188} INFO - [2024-07-31T18:59:33.693+0000] {dag.py:3089} INFO - Sync 1 DAGs
[2024-07-31T18:59:33.706+0000] {logging_mixin.py:188} INFO - [2024-07-31T18:59:33.705+0000] {dag.py:3947} INFO - Setting next_dagrun for example_params_trigger_ui to None, run_after=None
[2024-07-31T18:59:33.813+0000] {processor.py:183} INFO - Processing /home/ubuntu/airflow-venv/lib/python3.12/site-packages/airflow/example_dags/example_params_trigger_ui.py took 0.182 seconds
[2024-07-31T19:00:20.076+0000] {processor.py:161} INFO - Started process (PID=5253) to work on /home/ubuntu/airflow-venv/lib/python3.12/site-packages/airflow/example_dags/example_params_trigger_ui.py
[2024-07-31T19:00:20.078+0000] {processor.py:830} INFO - Processing file /home/ubuntu/airflow-venv/lib/python3.12/site-packages/airflow/example_dags/example_params_trigger_ui.py for tasks to queue
[2024-07-31T19:00:20.079+0000] {logging_mixin.py:188} INFO - [2024-07-31T19:00:20.078+0000] {dagbag.py:545} INFO - Filling up the DagBag from /home/ubuntu/airflow-venv/lib/python3.12/site-packages/airflow/example_dags/example_params_trigger_ui.py
[2024-07-31T19:00:20.089+0000] {processor.py:840} INFO - DAG(s) 'example_params_trigger_ui' retrieved from /home/ubuntu/airflow-venv/lib/python3.12/site-packages/airflow/example_dags/example_params_trigger_ui.py
[2024-07-31T19:00:20.130+0000] {logging_mixin.py:188} INFO - [2024-07-31T19:00:20.130+0000] {dag.py:3089} INFO - Sync 1 DAGs
[2024-07-31T19:00:20.143+0000] {logging_mixin.py:188} INFO - [2024-07-31T19:00:20.142+0000] {dag.py:3947} INFO - Setting next_dagrun for example_params_trigger_ui to None, run_after=None
[2024-07-31T19:00:20.166+0000] {processor.py:183} INFO - Processing /home/ubuntu/airflow-venv/lib/python3.12/site-packages/airflow/example_dags/example_params_trigger_ui.py took 0.095 seconds
[2024-07-31T19:01:05.142+0000] {processor.py:161} INFO - Started process (PID=5300) to work on /home/ubuntu/airflow-venv/lib/python3.12/site-packages/airflow/example_dags/example_params_trigger_ui.py
[2024-07-31T19:01:05.144+0000] {processor.py:830} INFO - Processing file /home/ubuntu/airflow-venv/lib/python3.12/site-packages/airflow/example_dags/example_params_trigger_ui.py for tasks to queue
[2024-07-31T19:01:05.145+0000] {logging_mixin.py:188} INFO - [2024-07-31T19:01:05.144+0000] {dagbag.py:545} INFO - Filling up the DagBag from /home/ubuntu/airflow-venv/lib/python3.12/site-packages/airflow/example_dags/example_params_trigger_ui.py
[2024-07-31T19:01:05.155+0000] {processor.py:840} INFO - DAG(s) 'example_params_trigger_ui' retrieved from /home/ubuntu/airflow-venv/lib/python3.12/site-packages/airflow/example_dags/example_params_trigger_ui.py
[2024-07-31T19:01:05.196+0000] {logging_mixin.py:188} INFO - [2024-07-31T19:01:05.196+0000] {dag.py:3089} INFO - Sync 1 DAGs
[2024-07-31T19:01:05.208+0000] {logging_mixin.py:188} INFO - [2024-07-31T19:01:05.208+0000] {dag.py:3947} INFO - Setting next_dagrun for example_params_trigger_ui to None, run_after=None
[2024-07-31T19:01:05.308+0000] {processor.py:183} INFO - Processing /home/ubuntu/airflow-venv/lib/python3.12/site-packages/airflow/example_dags/example_params_trigger_ui.py took 0.172 seconds
[2024-07-31T19:02:13.745+0000] {processor.py:161} INFO - Started process (PID=5369) to work on /home/ubuntu/airflow-venv/lib/python3.12/site-packages/airflow/example_dags/example_params_trigger_ui.py
[2024-07-31T19:02:13.747+0000] {processor.py:830} INFO - Processing file /home/ubuntu/airflow-venv/lib/python3.12/site-packages/airflow/example_dags/example_params_trigger_ui.py for tasks to queue
[2024-07-31T19:02:13.748+0000] {logging_mixin.py:188} INFO - [2024-07-31T19:02:13.747+0000] {dagbag.py:545} INFO - Filling up the DagBag from /home/ubuntu/airflow-venv/lib/python3.12/site-packages/airflow/example_dags/example_params_trigger_ui.py
[2024-07-31T19:02:13.758+0000] {processor.py:840} INFO - DAG(s) 'example_params_trigger_ui' retrieved from /home/ubuntu/airflow-venv/lib/python3.12/site-packages/airflow/example_dags/example_params_trigger_ui.py
[2024-07-31T19:02:13.799+0000] {logging_mixin.py:188} INFO - [2024-07-31T19:02:13.799+0000] {dag.py:3089} INFO - Sync 1 DAGs
[2024-07-31T19:02:13.812+0000] {logging_mixin.py:188} INFO - [2024-07-31T19:02:13.811+0000] {dag.py:3947} INFO - Setting next_dagrun for example_params_trigger_ui to None, run_after=None
[2024-07-31T19:02:13.840+0000] {processor.py:183} INFO - Processing /home/ubuntu/airflow-venv/lib/python3.12/site-packages/airflow/example_dags/example_params_trigger_ui.py took 0.101 seconds
[2024-07-31T19:03:19.012+0000] {processor.py:161} INFO - Started process (PID=5438) to work on /home/ubuntu/airflow-venv/lib/python3.12/site-packages/airflow/example_dags/example_params_trigger_ui.py
[2024-07-31T19:03:19.013+0000] {processor.py:830} INFO - Processing file /home/ubuntu/airflow-venv/lib/python3.12/site-packages/airflow/example_dags/example_params_trigger_ui.py for tasks to queue
[2024-07-31T19:03:19.014+0000] {logging_mixin.py:188} INFO - [2024-07-31T19:03:19.014+0000] {dagbag.py:545} INFO - Filling up the DagBag from /home/ubuntu/airflow-venv/lib/python3.12/site-packages/airflow/example_dags/example_params_trigger_ui.py
[2024-07-31T19:03:19.025+0000] {processor.py:840} INFO - DAG(s) 'example_params_trigger_ui' retrieved from /home/ubuntu/airflow-venv/lib/python3.12/site-packages/airflow/example_dags/example_params_trigger_ui.py
[2024-07-31T19:03:19.067+0000] {logging_mixin.py:188} INFO - [2024-07-31T19:03:19.067+0000] {dag.py:3089} INFO - Sync 1 DAGs
[2024-07-31T19:03:19.079+0000] {logging_mixin.py:188} INFO - [2024-07-31T19:03:19.079+0000] {dag.py:3947} INFO - Setting next_dagrun for example_params_trigger_ui to None, run_after=None
[2024-07-31T19:03:19.102+0000] {processor.py:183} INFO - Processing /home/ubuntu/airflow-venv/lib/python3.12/site-packages/airflow/example_dags/example_params_trigger_ui.py took 0.096 seconds
[2024-07-31T19:19:10.839+0000] {processor.py:161} INFO - Started process (PID=5629) to work on /home/ubuntu/airflow-venv/lib/python3.12/site-packages/airflow/example_dags/example_params_trigger_ui.py
[2024-07-31T19:19:10.840+0000] {processor.py:830} INFO - Processing file /home/ubuntu/airflow-venv/lib/python3.12/site-packages/airflow/example_dags/example_params_trigger_ui.py for tasks to queue
[2024-07-31T19:19:10.842+0000] {logging_mixin.py:188} INFO - [2024-07-31T19:19:10.841+0000] {dagbag.py:545} INFO - Filling up the DagBag from /home/ubuntu/airflow-venv/lib/python3.12/site-packages/airflow/example_dags/example_params_trigger_ui.py
[2024-07-31T19:19:10.852+0000] {processor.py:840} INFO - DAG(s) 'example_params_trigger_ui' retrieved from /home/ubuntu/airflow-venv/lib/python3.12/site-packages/airflow/example_dags/example_params_trigger_ui.py
[2024-07-31T19:19:10.982+0000] {logging_mixin.py:188} INFO - [2024-07-31T19:19:10.981+0000] {dag.py:3089} INFO - Sync 1 DAGs
[2024-07-31T19:19:10.991+0000] {logging_mixin.py:188} INFO - [2024-07-31T19:19:10.991+0000] {dag.py:3947} INFO - Setting next_dagrun for example_params_trigger_ui to None, run_after=None
[2024-07-31T19:19:11.015+0000] {processor.py:183} INFO - Processing /home/ubuntu/airflow-venv/lib/python3.12/site-packages/airflow/example_dags/example_params_trigger_ui.py took 0.182 seconds
[2024-07-31T19:20:09.390+0000] {processor.py:161} INFO - Started process (PID=5683) to work on /home/ubuntu/airflow-venv/lib/python3.12/site-packages/airflow/example_dags/example_params_trigger_ui.py
[2024-07-31T19:20:09.391+0000] {processor.py:830} INFO - Processing file /home/ubuntu/airflow-venv/lib/python3.12/site-packages/airflow/example_dags/example_params_trigger_ui.py for tasks to queue
[2024-07-31T19:20:09.393+0000] {logging_mixin.py:188} INFO - [2024-07-31T19:20:09.393+0000] {dagbag.py:545} INFO - Filling up the DagBag from /home/ubuntu/airflow-venv/lib/python3.12/site-packages/airflow/example_dags/example_params_trigger_ui.py
[2024-07-31T19:20:09.403+0000] {processor.py:840} INFO - DAG(s) 'example_params_trigger_ui' retrieved from /home/ubuntu/airflow-venv/lib/python3.12/site-packages/airflow/example_dags/example_params_trigger_ui.py
[2024-07-31T19:20:09.450+0000] {logging_mixin.py:188} INFO - [2024-07-31T19:20:09.450+0000] {dag.py:3089} INFO - Sync 1 DAGs
[2024-07-31T19:20:09.464+0000] {logging_mixin.py:188} INFO - [2024-07-31T19:20:09.463+0000] {dag.py:3947} INFO - Setting next_dagrun for example_params_trigger_ui to None, run_after=None
[2024-07-31T19:20:09.487+0000] {processor.py:183} INFO - Processing /home/ubuntu/airflow-venv/lib/python3.12/site-packages/airflow/example_dags/example_params_trigger_ui.py took 0.103 seconds
[2024-07-31T19:21:03.424+0000] {processor.py:161} INFO - Started process (PID=5741) to work on /home/ubuntu/airflow-venv/lib/python3.12/site-packages/airflow/example_dags/example_params_trigger_ui.py
[2024-07-31T19:21:03.426+0000] {processor.py:830} INFO - Processing file /home/ubuntu/airflow-venv/lib/python3.12/site-packages/airflow/example_dags/example_params_trigger_ui.py for tasks to queue
[2024-07-31T19:21:03.427+0000] {logging_mixin.py:188} INFO - [2024-07-31T19:21:03.427+0000] {dagbag.py:545} INFO - Filling up the DagBag from /home/ubuntu/airflow-venv/lib/python3.12/site-packages/airflow/example_dags/example_params_trigger_ui.py
[2024-07-31T19:21:03.437+0000] {processor.py:840} INFO - DAG(s) 'example_params_trigger_ui' retrieved from /home/ubuntu/airflow-venv/lib/python3.12/site-packages/airflow/example_dags/example_params_trigger_ui.py
[2024-07-31T19:21:03.478+0000] {logging_mixin.py:188} INFO - [2024-07-31T19:21:03.478+0000] {dag.py:3089} INFO - Sync 1 DAGs
[2024-07-31T19:21:03.490+0000] {logging_mixin.py:188} INFO - [2024-07-31T19:21:03.490+0000] {dag.py:3947} INFO - Setting next_dagrun for example_params_trigger_ui to None, run_after=None
[2024-07-31T19:21:03.514+0000] {processor.py:183} INFO - Processing /home/ubuntu/airflow-venv/lib/python3.12/site-packages/airflow/example_dags/example_params_trigger_ui.py took 0.096 seconds
[2024-07-31T19:21:56.387+0000] {processor.py:161} INFO - Started process (PID=5795) to work on /home/ubuntu/airflow-venv/lib/python3.12/site-packages/airflow/example_dags/example_params_trigger_ui.py
[2024-07-31T19:21:56.389+0000] {processor.py:830} INFO - Processing file /home/ubuntu/airflow-venv/lib/python3.12/site-packages/airflow/example_dags/example_params_trigger_ui.py for tasks to queue
[2024-07-31T19:21:56.390+0000] {logging_mixin.py:188} INFO - [2024-07-31T19:21:56.390+0000] {dagbag.py:545} INFO - Filling up the DagBag from /home/ubuntu/airflow-venv/lib/python3.12/site-packages/airflow/example_dags/example_params_trigger_ui.py
[2024-07-31T19:21:56.400+0000] {processor.py:840} INFO - DAG(s) 'example_params_trigger_ui' retrieved from /home/ubuntu/airflow-venv/lib/python3.12/site-packages/airflow/example_dags/example_params_trigger_ui.py
[2024-07-31T19:21:56.442+0000] {logging_mixin.py:188} INFO - [2024-07-31T19:21:56.441+0000] {dag.py:3089} INFO - Sync 1 DAGs
[2024-07-31T19:21:56.454+0000] {logging_mixin.py:188} INFO - [2024-07-31T19:21:56.454+0000] {dag.py:3947} INFO - Setting next_dagrun for example_params_trigger_ui to None, run_after=None
[2024-07-31T19:21:56.478+0000] {processor.py:183} INFO - Processing /home/ubuntu/airflow-venv/lib/python3.12/site-packages/airflow/example_dags/example_params_trigger_ui.py took 0.096 seconds
[2024-07-31T19:22:44.525+0000] {processor.py:161} INFO - Started process (PID=5843) to work on /home/ubuntu/airflow-venv/lib/python3.12/site-packages/airflow/example_dags/example_params_trigger_ui.py
[2024-07-31T19:22:44.526+0000] {processor.py:830} INFO - Processing file /home/ubuntu/airflow-venv/lib/python3.12/site-packages/airflow/example_dags/example_params_trigger_ui.py for tasks to queue
[2024-07-31T19:22:44.527+0000] {logging_mixin.py:188} INFO - [2024-07-31T19:22:44.527+0000] {dagbag.py:545} INFO - Filling up the DagBag from /home/ubuntu/airflow-venv/lib/python3.12/site-packages/airflow/example_dags/example_params_trigger_ui.py
[2024-07-31T19:22:44.538+0000] {processor.py:840} INFO - DAG(s) 'example_params_trigger_ui' retrieved from /home/ubuntu/airflow-venv/lib/python3.12/site-packages/airflow/example_dags/example_params_trigger_ui.py
[2024-07-31T19:22:44.579+0000] {logging_mixin.py:188} INFO - [2024-07-31T19:22:44.579+0000] {dag.py:3089} INFO - Sync 1 DAGs
[2024-07-31T19:22:44.591+0000] {logging_mixin.py:188} INFO - [2024-07-31T19:22:44.591+0000] {dag.py:3947} INFO - Setting next_dagrun for example_params_trigger_ui to None, run_after=None
[2024-07-31T19:22:44.615+0000] {processor.py:183} INFO - Processing /home/ubuntu/airflow-venv/lib/python3.12/site-packages/airflow/example_dags/example_params_trigger_ui.py took 0.096 seconds
[2024-07-31T19:23:28.570+0000] {processor.py:161} INFO - Started process (PID=5891) to work on /home/ubuntu/airflow-venv/lib/python3.12/site-packages/airflow/example_dags/example_params_trigger_ui.py
[2024-07-31T19:23:28.572+0000] {processor.py:830} INFO - Processing file /home/ubuntu/airflow-venv/lib/python3.12/site-packages/airflow/example_dags/example_params_trigger_ui.py for tasks to queue
[2024-07-31T19:23:28.573+0000] {logging_mixin.py:188} INFO - [2024-07-31T19:23:28.573+0000] {dagbag.py:545} INFO - Filling up the DagBag from /home/ubuntu/airflow-venv/lib/python3.12/site-packages/airflow/example_dags/example_params_trigger_ui.py
[2024-07-31T19:23:28.584+0000] {processor.py:840} INFO - DAG(s) 'example_params_trigger_ui' retrieved from /home/ubuntu/airflow-venv/lib/python3.12/site-packages/airflow/example_dags/example_params_trigger_ui.py
[2024-07-31T19:23:28.626+0000] {logging_mixin.py:188} INFO - [2024-07-31T19:23:28.625+0000] {dag.py:3089} INFO - Sync 1 DAGs
[2024-07-31T19:23:28.638+0000] {logging_mixin.py:188} INFO - [2024-07-31T19:23:28.638+0000] {dag.py:3947} INFO - Setting next_dagrun for example_params_trigger_ui to None, run_after=None
[2024-07-31T19:23:28.662+0000] {processor.py:183} INFO - Processing /home/ubuntu/airflow-venv/lib/python3.12/site-packages/airflow/example_dags/example_params_trigger_ui.py took 0.097 seconds
[2024-07-31T19:24:23.558+0000] {processor.py:161} INFO - Started process (PID=5951) to work on /home/ubuntu/airflow-venv/lib/python3.12/site-packages/airflow/example_dags/example_params_trigger_ui.py
[2024-07-31T19:24:23.560+0000] {processor.py:830} INFO - Processing file /home/ubuntu/airflow-venv/lib/python3.12/site-packages/airflow/example_dags/example_params_trigger_ui.py for tasks to queue
[2024-07-31T19:24:23.561+0000] {logging_mixin.py:188} INFO - [2024-07-31T19:24:23.560+0000] {dagbag.py:545} INFO - Filling up the DagBag from /home/ubuntu/airflow-venv/lib/python3.12/site-packages/airflow/example_dags/example_params_trigger_ui.py
[2024-07-31T19:24:23.572+0000] {processor.py:840} INFO - DAG(s) 'example_params_trigger_ui' retrieved from /home/ubuntu/airflow-venv/lib/python3.12/site-packages/airflow/example_dags/example_params_trigger_ui.py
[2024-07-31T19:24:23.613+0000] {logging_mixin.py:188} INFO - [2024-07-31T19:24:23.613+0000] {dag.py:3089} INFO - Sync 1 DAGs
[2024-07-31T19:24:23.625+0000] {logging_mixin.py:188} INFO - [2024-07-31T19:24:23.625+0000] {dag.py:3947} INFO - Setting next_dagrun for example_params_trigger_ui to None, run_after=None
[2024-07-31T19:24:23.648+0000] {processor.py:183} INFO - Processing /home/ubuntu/airflow-venv/lib/python3.12/site-packages/airflow/example_dags/example_params_trigger_ui.py took 0.096 seconds
[2024-07-31T19:25:26.927+0000] {processor.py:161} INFO - Started process (PID=6021) to work on /home/ubuntu/airflow-venv/lib/python3.12/site-packages/airflow/example_dags/example_params_trigger_ui.py
[2024-07-31T19:25:26.928+0000] {processor.py:830} INFO - Processing file /home/ubuntu/airflow-venv/lib/python3.12/site-packages/airflow/example_dags/example_params_trigger_ui.py for tasks to queue
[2024-07-31T19:25:26.929+0000] {logging_mixin.py:188} INFO - [2024-07-31T19:25:26.928+0000] {dagbag.py:545} INFO - Filling up the DagBag from /home/ubuntu/airflow-venv/lib/python3.12/site-packages/airflow/example_dags/example_params_trigger_ui.py
[2024-07-31T19:25:26.940+0000] {processor.py:840} INFO - DAG(s) 'example_params_trigger_ui' retrieved from /home/ubuntu/airflow-venv/lib/python3.12/site-packages/airflow/example_dags/example_params_trigger_ui.py
[2024-07-31T19:25:26.983+0000] {logging_mixin.py:188} INFO - [2024-07-31T19:25:26.982+0000] {dag.py:3089} INFO - Sync 1 DAGs
[2024-07-31T19:25:26.995+0000] {logging_mixin.py:188} INFO - [2024-07-31T19:25:26.995+0000] {dag.py:3947} INFO - Setting next_dagrun for example_params_trigger_ui to None, run_after=None
[2024-07-31T19:25:27.019+0000] {processor.py:183} INFO - Processing /home/ubuntu/airflow-venv/lib/python3.12/site-packages/airflow/example_dags/example_params_trigger_ui.py took 0.100 seconds
[2024-07-31T19:26:17.560+0000] {processor.py:161} INFO - Started process (PID=6075) to work on /home/ubuntu/airflow-venv/lib/python3.12/site-packages/airflow/example_dags/example_params_trigger_ui.py
[2024-07-31T19:26:17.562+0000] {processor.py:830} INFO - Processing file /home/ubuntu/airflow-venv/lib/python3.12/site-packages/airflow/example_dags/example_params_trigger_ui.py for tasks to queue
[2024-07-31T19:26:17.563+0000] {logging_mixin.py:188} INFO - [2024-07-31T19:26:17.562+0000] {dagbag.py:545} INFO - Filling up the DagBag from /home/ubuntu/airflow-venv/lib/python3.12/site-packages/airflow/example_dags/example_params_trigger_ui.py
[2024-07-31T19:26:17.573+0000] {processor.py:840} INFO - DAG(s) 'example_params_trigger_ui' retrieved from /home/ubuntu/airflow-venv/lib/python3.12/site-packages/airflow/example_dags/example_params_trigger_ui.py
[2024-07-31T19:26:17.615+0000] {logging_mixin.py:188} INFO - [2024-07-31T19:26:17.615+0000] {dag.py:3089} INFO - Sync 1 DAGs
[2024-07-31T19:26:17.627+0000] {logging_mixin.py:188} INFO - [2024-07-31T19:26:17.627+0000] {dag.py:3947} INFO - Setting next_dagrun for example_params_trigger_ui to None, run_after=None
[2024-07-31T19:26:17.650+0000] {processor.py:183} INFO - Processing /home/ubuntu/airflow-venv/lib/python3.12/site-packages/airflow/example_dags/example_params_trigger_ui.py took 0.096 seconds
[2024-07-31T19:27:10.693+0000] {processor.py:161} INFO - Started process (PID=6133) to work on /home/ubuntu/airflow-venv/lib/python3.12/site-packages/airflow/example_dags/example_params_trigger_ui.py
[2024-07-31T19:27:10.695+0000] {processor.py:830} INFO - Processing file /home/ubuntu/airflow-venv/lib/python3.12/site-packages/airflow/example_dags/example_params_trigger_ui.py for tasks to queue
[2024-07-31T19:27:10.696+0000] {logging_mixin.py:188} INFO - [2024-07-31T19:27:10.695+0000] {dagbag.py:545} INFO - Filling up the DagBag from /home/ubuntu/airflow-venv/lib/python3.12/site-packages/airflow/example_dags/example_params_trigger_ui.py
[2024-07-31T19:27:10.707+0000] {processor.py:840} INFO - DAG(s) 'example_params_trigger_ui' retrieved from /home/ubuntu/airflow-venv/lib/python3.12/site-packages/airflow/example_dags/example_params_trigger_ui.py
[2024-07-31T19:27:10.748+0000] {logging_mixin.py:188} INFO - [2024-07-31T19:27:10.748+0000] {dag.py:3089} INFO - Sync 1 DAGs
[2024-07-31T19:27:10.761+0000] {logging_mixin.py:188} INFO - [2024-07-31T19:27:10.761+0000] {dag.py:3947} INFO - Setting next_dagrun for example_params_trigger_ui to None, run_after=None
[2024-07-31T19:27:10.785+0000] {processor.py:183} INFO - Processing /home/ubuntu/airflow-venv/lib/python3.12/site-packages/airflow/example_dags/example_params_trigger_ui.py took 0.097 seconds
[2024-07-31T19:28:12.186+0000] {processor.py:161} INFO - Started process (PID=6197) to work on /home/ubuntu/airflow-venv/lib/python3.12/site-packages/airflow/example_dags/example_params_trigger_ui.py
[2024-07-31T19:28:12.187+0000] {processor.py:830} INFO - Processing file /home/ubuntu/airflow-venv/lib/python3.12/site-packages/airflow/example_dags/example_params_trigger_ui.py for tasks to queue
[2024-07-31T19:28:12.188+0000] {logging_mixin.py:188} INFO - [2024-07-31T19:28:12.188+0000] {dagbag.py:545} INFO - Filling up the DagBag from /home/ubuntu/airflow-venv/lib/python3.12/site-packages/airflow/example_dags/example_params_trigger_ui.py
[2024-07-31T19:28:12.199+0000] {processor.py:840} INFO - DAG(s) 'example_params_trigger_ui' retrieved from /home/ubuntu/airflow-venv/lib/python3.12/site-packages/airflow/example_dags/example_params_trigger_ui.py
[2024-07-31T19:28:12.240+0000] {logging_mixin.py:188} INFO - [2024-07-31T19:28:12.240+0000] {dag.py:3089} INFO - Sync 1 DAGs
[2024-07-31T19:28:12.253+0000] {logging_mixin.py:188} INFO - [2024-07-31T19:28:12.252+0000] {dag.py:3947} INFO - Setting next_dagrun for example_params_trigger_ui to None, run_after=None
[2024-07-31T19:28:12.277+0000] {processor.py:183} INFO - Processing /home/ubuntu/airflow-venv/lib/python3.12/site-packages/airflow/example_dags/example_params_trigger_ui.py took 0.097 seconds
[2024-07-31T19:29:05.386+0000] {processor.py:161} INFO - Started process (PID=6251) to work on /home/ubuntu/airflow-venv/lib/python3.12/site-packages/airflow/example_dags/example_params_trigger_ui.py
[2024-07-31T19:29:05.387+0000] {processor.py:830} INFO - Processing file /home/ubuntu/airflow-venv/lib/python3.12/site-packages/airflow/example_dags/example_params_trigger_ui.py for tasks to queue
[2024-07-31T19:29:05.388+0000] {logging_mixin.py:188} INFO - [2024-07-31T19:29:05.387+0000] {dagbag.py:545} INFO - Filling up the DagBag from /home/ubuntu/airflow-venv/lib/python3.12/site-packages/airflow/example_dags/example_params_trigger_ui.py
[2024-07-31T19:29:05.398+0000] {processor.py:840} INFO - DAG(s) 'example_params_trigger_ui' retrieved from /home/ubuntu/airflow-venv/lib/python3.12/site-packages/airflow/example_dags/example_params_trigger_ui.py
[2024-07-31T19:29:05.440+0000] {logging_mixin.py:188} INFO - [2024-07-31T19:29:05.440+0000] {dag.py:3089} INFO - Sync 1 DAGs
[2024-07-31T19:29:05.452+0000] {logging_mixin.py:188} INFO - [2024-07-31T19:29:05.452+0000] {dag.py:3947} INFO - Setting next_dagrun for example_params_trigger_ui to None, run_after=None
[2024-07-31T19:29:05.477+0000] {processor.py:183} INFO - Processing /home/ubuntu/airflow-venv/lib/python3.12/site-packages/airflow/example_dags/example_params_trigger_ui.py took 0.097 seconds
[2024-07-31T19:30:11.008+0000] {processor.py:161} INFO - Started process (PID=6327) to work on /home/ubuntu/airflow-venv/lib/python3.12/site-packages/airflow/example_dags/example_params_trigger_ui.py
[2024-07-31T19:30:11.009+0000] {processor.py:830} INFO - Processing file /home/ubuntu/airflow-venv/lib/python3.12/site-packages/airflow/example_dags/example_params_trigger_ui.py for tasks to queue
[2024-07-31T19:30:11.010+0000] {logging_mixin.py:188} INFO - [2024-07-31T19:30:11.010+0000] {dagbag.py:545} INFO - Filling up the DagBag from /home/ubuntu/airflow-venv/lib/python3.12/site-packages/airflow/example_dags/example_params_trigger_ui.py
[2024-07-31T19:30:11.021+0000] {processor.py:840} INFO - DAG(s) 'example_params_trigger_ui' retrieved from /home/ubuntu/airflow-venv/lib/python3.12/site-packages/airflow/example_dags/example_params_trigger_ui.py
[2024-07-31T19:30:11.063+0000] {logging_mixin.py:188} INFO - [2024-07-31T19:30:11.062+0000] {dag.py:3089} INFO - Sync 1 DAGs
[2024-07-31T19:30:11.075+0000] {logging_mixin.py:188} INFO - [2024-07-31T19:30:11.075+0000] {dag.py:3947} INFO - Setting next_dagrun for example_params_trigger_ui to None, run_after=None
[2024-07-31T19:30:11.098+0000] {processor.py:183} INFO - Processing /home/ubuntu/airflow-venv/lib/python3.12/site-packages/airflow/example_dags/example_params_trigger_ui.py took 0.096 seconds
[2024-07-31T19:30:58.783+0000] {processor.py:161} INFO - Started process (PID=6375) to work on /home/ubuntu/airflow-venv/lib/python3.12/site-packages/airflow/example_dags/example_params_trigger_ui.py
[2024-07-31T19:30:58.784+0000] {processor.py:830} INFO - Processing file /home/ubuntu/airflow-venv/lib/python3.12/site-packages/airflow/example_dags/example_params_trigger_ui.py for tasks to queue
[2024-07-31T19:30:58.785+0000] {logging_mixin.py:188} INFO - [2024-07-31T19:30:58.785+0000] {dagbag.py:545} INFO - Filling up the DagBag from /home/ubuntu/airflow-venv/lib/python3.12/site-packages/airflow/example_dags/example_params_trigger_ui.py
[2024-07-31T19:30:58.796+0000] {processor.py:840} INFO - DAG(s) 'example_params_trigger_ui' retrieved from /home/ubuntu/airflow-venv/lib/python3.12/site-packages/airflow/example_dags/example_params_trigger_ui.py
[2024-07-31T19:30:58.836+0000] {logging_mixin.py:188} INFO - [2024-07-31T19:30:58.836+0000] {dag.py:3089} INFO - Sync 1 DAGs
[2024-07-31T19:30:58.848+0000] {logging_mixin.py:188} INFO - [2024-07-31T19:30:58.848+0000] {dag.py:3947} INFO - Setting next_dagrun for example_params_trigger_ui to None, run_after=None
[2024-07-31T19:30:58.872+0000] {processor.py:183} INFO - Processing /home/ubuntu/airflow-venv/lib/python3.12/site-packages/airflow/example_dags/example_params_trigger_ui.py took 0.094 seconds
[2024-07-31T19:32:23.640+0000] {processor.py:161} INFO - Started process (PID=6468) to work on /home/ubuntu/airflow-venv/lib/python3.12/site-packages/airflow/example_dags/example_params_trigger_ui.py
[2024-07-31T19:32:23.643+0000] {processor.py:830} INFO - Processing file /home/ubuntu/airflow-venv/lib/python3.12/site-packages/airflow/example_dags/example_params_trigger_ui.py for tasks to queue
[2024-07-31T19:32:23.644+0000] {logging_mixin.py:188} INFO - [2024-07-31T19:32:23.643+0000] {dagbag.py:545} INFO - Filling up the DagBag from /home/ubuntu/airflow-venv/lib/python3.12/site-packages/airflow/example_dags/example_params_trigger_ui.py
[2024-07-31T19:32:23.655+0000] {processor.py:840} INFO - DAG(s) 'example_params_trigger_ui' retrieved from /home/ubuntu/airflow-venv/lib/python3.12/site-packages/airflow/example_dags/example_params_trigger_ui.py
[2024-07-31T19:32:23.697+0000] {logging_mixin.py:188} INFO - [2024-07-31T19:32:23.697+0000] {dag.py:3089} INFO - Sync 1 DAGs
[2024-07-31T19:32:23.710+0000] {logging_mixin.py:188} INFO - [2024-07-31T19:32:23.710+0000] {dag.py:3947} INFO - Setting next_dagrun for example_params_trigger_ui to None, run_after=None
[2024-07-31T19:32:23.734+0000] {processor.py:183} INFO - Processing /home/ubuntu/airflow-venv/lib/python3.12/site-packages/airflow/example_dags/example_params_trigger_ui.py took 0.100 seconds
[2024-07-31T19:33:30.595+0000] {processor.py:161} INFO - Started process (PID=6541) to work on /home/ubuntu/airflow-venv/lib/python3.12/site-packages/airflow/example_dags/example_params_trigger_ui.py
[2024-07-31T19:33:30.596+0000] {processor.py:830} INFO - Processing file /home/ubuntu/airflow-venv/lib/python3.12/site-packages/airflow/example_dags/example_params_trigger_ui.py for tasks to queue
[2024-07-31T19:33:30.597+0000] {logging_mixin.py:188} INFO - [2024-07-31T19:33:30.597+0000] {dagbag.py:545} INFO - Filling up the DagBag from /home/ubuntu/airflow-venv/lib/python3.12/site-packages/airflow/example_dags/example_params_trigger_ui.py
[2024-07-31T19:33:30.608+0000] {processor.py:840} INFO - DAG(s) 'example_params_trigger_ui' retrieved from /home/ubuntu/airflow-venv/lib/python3.12/site-packages/airflow/example_dags/example_params_trigger_ui.py
[2024-07-31T19:33:30.651+0000] {logging_mixin.py:188} INFO - [2024-07-31T19:33:30.650+0000] {dag.py:3089} INFO - Sync 1 DAGs
[2024-07-31T19:33:30.663+0000] {logging_mixin.py:188} INFO - [2024-07-31T19:33:30.662+0000] {dag.py:3947} INFO - Setting next_dagrun for example_params_trigger_ui to None, run_after=None
[2024-07-31T19:33:30.686+0000] {processor.py:183} INFO - Processing /home/ubuntu/airflow-venv/lib/python3.12/site-packages/airflow/example_dags/example_params_trigger_ui.py took 0.097 seconds
[2024-07-31T19:34:25.819+0000] {processor.py:161} INFO - Started process (PID=6598) to work on /home/ubuntu/airflow-venv/lib/python3.12/site-packages/airflow/example_dags/example_params_trigger_ui.py
[2024-07-31T19:34:25.821+0000] {processor.py:830} INFO - Processing file /home/ubuntu/airflow-venv/lib/python3.12/site-packages/airflow/example_dags/example_params_trigger_ui.py for tasks to queue
[2024-07-31T19:34:25.822+0000] {logging_mixin.py:188} INFO - [2024-07-31T19:34:25.821+0000] {dagbag.py:545} INFO - Filling up the DagBag from /home/ubuntu/airflow-venv/lib/python3.12/site-packages/airflow/example_dags/example_params_trigger_ui.py
[2024-07-31T19:34:25.832+0000] {processor.py:840} INFO - DAG(s) 'example_params_trigger_ui' retrieved from /home/ubuntu/airflow-venv/lib/python3.12/site-packages/airflow/example_dags/example_params_trigger_ui.py
[2024-07-31T19:34:25.873+0000] {logging_mixin.py:188} INFO - [2024-07-31T19:34:25.873+0000] {dag.py:3089} INFO - Sync 1 DAGs
[2024-07-31T19:34:25.885+0000] {logging_mixin.py:188} INFO - [2024-07-31T19:34:25.885+0000] {dag.py:3947} INFO - Setting next_dagrun for example_params_trigger_ui to None, run_after=None
[2024-07-31T19:34:25.908+0000] {processor.py:183} INFO - Processing /home/ubuntu/airflow-venv/lib/python3.12/site-packages/airflow/example_dags/example_params_trigger_ui.py took 0.094 seconds
