[2024-07-31T18:43:03.256+0000] {processor.py:161} INFO - Started process (PID=3443) to work on /home/ubuntu/airflow-venv/lib/python3.12/site-packages/airflow/example_dags/example_time_delta_sensor_async.py
[2024-07-31T18:43:03.256+0000] {processor.py:830} INFO - Processing file /home/ubuntu/airflow-venv/lib/python3.12/site-packages/airflow/example_dags/example_time_delta_sensor_async.py for tasks to queue
[2024-07-31T18:43:03.258+0000] {logging_mixin.py:188} INFO - [2024-07-31T18:43:03.258+0000] {dagbag.py:545} INFO - Filling up the DagBag from /home/ubuntu/airflow-venv/lib/python3.12/site-packages/airflow/example_dags/example_time_delta_sensor_async.py
[2024-07-31T18:43:03.266+0000] {processor.py:840} INFO - DAG(s) 'example_time_delta_sensor_async' retrieved from /home/ubuntu/airflow-venv/lib/python3.12/site-packages/airflow/example_dags/example_time_delta_sensor_async.py
[2024-07-31T18:43:03.387+0000] {logging_mixin.py:188} INFO - [2024-07-31T18:43:03.386+0000] {override.py:1858} INFO - Created Permission View: can edit on DAG:example_time_delta_sensor_async
[2024-07-31T18:43:03.403+0000] {logging_mixin.py:188} INFO - [2024-07-31T18:43:03.403+0000] {override.py:1858} INFO - Created Permission View: can read on DAG:example_time_delta_sensor_async
[2024-07-31T18:43:03.415+0000] {logging_mixin.py:188} INFO - [2024-07-31T18:43:03.414+0000] {override.py:1858} INFO - Created Permission View: can delete on DAG:example_time_delta_sensor_async
[2024-07-31T18:43:03.415+0000] {logging_mixin.py:188} INFO - [2024-07-31T18:43:03.415+0000] {dag.py:3089} INFO - Sync 1 DAGs
[2024-07-31T18:43:03.426+0000] {logging_mixin.py:188} INFO - [2024-07-31T18:43:03.425+0000] {dag.py:3111} INFO - Creating ORM DAG for example_time_delta_sensor_async
[2024-07-31T18:43:03.426+0000] {logging_mixin.py:188} INFO - [2024-07-31T18:43:03.426+0000] {dag.py:3947} INFO - Setting next_dagrun for example_time_delta_sensor_async to None, run_after=None
[2024-07-31T18:43:03.570+0000] {processor.py:183} INFO - Processing /home/ubuntu/airflow-venv/lib/python3.12/site-packages/airflow/example_dags/example_time_delta_sensor_async.py took 0.319 seconds
[2024-07-31T18:44:02.883+0000] {processor.py:161} INFO - Started process (PID=3520) to work on /home/ubuntu/airflow-venv/lib/python3.12/site-packages/airflow/example_dags/example_time_delta_sensor_async.py
[2024-07-31T18:44:02.884+0000] {processor.py:830} INFO - Processing file /home/ubuntu/airflow-venv/lib/python3.12/site-packages/airflow/example_dags/example_time_delta_sensor_async.py for tasks to queue
[2024-07-31T18:44:02.886+0000] {logging_mixin.py:188} INFO - [2024-07-31T18:44:02.886+0000] {dagbag.py:545} INFO - Filling up the DagBag from /home/ubuntu/airflow-venv/lib/python3.12/site-packages/airflow/example_dags/example_time_delta_sensor_async.py
[2024-07-31T18:44:02.891+0000] {processor.py:840} INFO - DAG(s) 'example_time_delta_sensor_async' retrieved from /home/ubuntu/airflow-venv/lib/python3.12/site-packages/airflow/example_dags/example_time_delta_sensor_async.py
[2024-07-31T18:44:02.907+0000] {logging_mixin.py:188} INFO - [2024-07-31T18:44:02.907+0000] {dag.py:3089} INFO - Sync 1 DAGs
[2024-07-31T18:44:02.919+0000] {logging_mixin.py:188} INFO - [2024-07-31T18:44:02.919+0000] {dag.py:3947} INFO - Setting next_dagrun for example_time_delta_sensor_async to None, run_after=None
[2024-07-31T18:44:02.944+0000] {processor.py:183} INFO - Processing /home/ubuntu/airflow-venv/lib/python3.12/site-packages/airflow/example_dags/example_time_delta_sensor_async.py took 0.067 seconds
[2024-07-31T18:44:50.151+0000] {processor.py:161} INFO - Started process (PID=3574) to work on /home/ubuntu/airflow-venv/lib/python3.12/site-packages/airflow/example_dags/example_time_delta_sensor_async.py
[2024-07-31T18:44:50.153+0000] {processor.py:830} INFO - Processing file /home/ubuntu/airflow-venv/lib/python3.12/site-packages/airflow/example_dags/example_time_delta_sensor_async.py for tasks to queue
[2024-07-31T18:44:50.154+0000] {logging_mixin.py:188} INFO - [2024-07-31T18:44:50.154+0000] {dagbag.py:545} INFO - Filling up the DagBag from /home/ubuntu/airflow-venv/lib/python3.12/site-packages/airflow/example_dags/example_time_delta_sensor_async.py
[2024-07-31T18:44:50.159+0000] {processor.py:840} INFO - DAG(s) 'example_time_delta_sensor_async' retrieved from /home/ubuntu/airflow-venv/lib/python3.12/site-packages/airflow/example_dags/example_time_delta_sensor_async.py
[2024-07-31T18:44:50.175+0000] {logging_mixin.py:188} INFO - [2024-07-31T18:44:50.175+0000] {dag.py:3089} INFO - Sync 1 DAGs
[2024-07-31T18:44:50.187+0000] {logging_mixin.py:188} INFO - [2024-07-31T18:44:50.186+0000] {dag.py:3947} INFO - Setting next_dagrun for example_time_delta_sensor_async to None, run_after=None
[2024-07-31T18:44:50.210+0000] {processor.py:183} INFO - Processing /home/ubuntu/airflow-venv/lib/python3.12/site-packages/airflow/example_dags/example_time_delta_sensor_async.py took 0.064 seconds
[2024-07-31T18:45:31.045+0000] {processor.py:161} INFO - Started process (PID=3623) to work on /home/ubuntu/airflow-venv/lib/python3.12/site-packages/airflow/example_dags/example_time_delta_sensor_async.py
[2024-07-31T18:45:31.047+0000] {processor.py:830} INFO - Processing file /home/ubuntu/airflow-venv/lib/python3.12/site-packages/airflow/example_dags/example_time_delta_sensor_async.py for tasks to queue
[2024-07-31T18:45:31.048+0000] {logging_mixin.py:188} INFO - [2024-07-31T18:45:31.048+0000] {dagbag.py:545} INFO - Filling up the DagBag from /home/ubuntu/airflow-venv/lib/python3.12/site-packages/airflow/example_dags/example_time_delta_sensor_async.py
[2024-07-31T18:45:31.053+0000] {processor.py:840} INFO - DAG(s) 'example_time_delta_sensor_async' retrieved from /home/ubuntu/airflow-venv/lib/python3.12/site-packages/airflow/example_dags/example_time_delta_sensor_async.py
[2024-07-31T18:45:31.069+0000] {logging_mixin.py:188} INFO - [2024-07-31T18:45:31.068+0000] {dag.py:3089} INFO - Sync 1 DAGs
[2024-07-31T18:45:31.080+0000] {logging_mixin.py:188} INFO - [2024-07-31T18:45:31.080+0000] {dag.py:3947} INFO - Setting next_dagrun for example_time_delta_sensor_async to None, run_after=None
[2024-07-31T18:45:31.104+0000] {processor.py:183} INFO - Processing /home/ubuntu/airflow-venv/lib/python3.12/site-packages/airflow/example_dags/example_time_delta_sensor_async.py took 0.064 seconds
[2024-07-31T18:46:13.968+0000] {processor.py:161} INFO - Started process (PID=3668) to work on /home/ubuntu/airflow-venv/lib/python3.12/site-packages/airflow/example_dags/example_time_delta_sensor_async.py
[2024-07-31T18:46:13.970+0000] {processor.py:830} INFO - Processing file /home/ubuntu/airflow-venv/lib/python3.12/site-packages/airflow/example_dags/example_time_delta_sensor_async.py for tasks to queue
[2024-07-31T18:46:13.971+0000] {logging_mixin.py:188} INFO - [2024-07-31T18:46:13.971+0000] {dagbag.py:545} INFO - Filling up the DagBag from /home/ubuntu/airflow-venv/lib/python3.12/site-packages/airflow/example_dags/example_time_delta_sensor_async.py
[2024-07-31T18:46:13.977+0000] {processor.py:840} INFO - DAG(s) 'example_time_delta_sensor_async' retrieved from /home/ubuntu/airflow-venv/lib/python3.12/site-packages/airflow/example_dags/example_time_delta_sensor_async.py
[2024-07-31T18:46:13.993+0000] {logging_mixin.py:188} INFO - [2024-07-31T18:46:13.993+0000] {dag.py:3089} INFO - Sync 1 DAGs
[2024-07-31T18:46:14.006+0000] {logging_mixin.py:188} INFO - [2024-07-31T18:46:14.006+0000] {dag.py:3947} INFO - Setting next_dagrun for example_time_delta_sensor_async to None, run_after=None
[2024-07-31T18:46:14.030+0000] {processor.py:183} INFO - Processing /home/ubuntu/airflow-venv/lib/python3.12/site-packages/airflow/example_dags/example_time_delta_sensor_async.py took 0.068 seconds
[2024-07-31T18:46:54.518+0000] {processor.py:161} INFO - Started process (PID=3903) to work on /home/ubuntu/airflow-venv/lib/python3.12/site-packages/airflow/example_dags/example_time_delta_sensor_async.py
[2024-07-31T18:46:54.520+0000] {processor.py:830} INFO - Processing file /home/ubuntu/airflow-venv/lib/python3.12/site-packages/airflow/example_dags/example_time_delta_sensor_async.py for tasks to queue
[2024-07-31T18:46:54.522+0000] {logging_mixin.py:188} INFO - [2024-07-31T18:46:54.521+0000] {dagbag.py:545} INFO - Filling up the DagBag from /home/ubuntu/airflow-venv/lib/python3.12/site-packages/airflow/example_dags/example_time_delta_sensor_async.py
[2024-07-31T18:46:54.527+0000] {processor.py:840} INFO - DAG(s) 'example_time_delta_sensor_async' retrieved from /home/ubuntu/airflow-venv/lib/python3.12/site-packages/airflow/example_dags/example_time_delta_sensor_async.py
[2024-07-31T18:46:54.543+0000] {logging_mixin.py:188} INFO - [2024-07-31T18:46:54.543+0000] {dag.py:3089} INFO - Sync 1 DAGs
[2024-07-31T18:46:54.556+0000] {logging_mixin.py:188} INFO - [2024-07-31T18:46:54.555+0000] {dag.py:3947} INFO - Setting next_dagrun for example_time_delta_sensor_async to None, run_after=None
[2024-07-31T18:46:54.579+0000] {processor.py:183} INFO - Processing /home/ubuntu/airflow-venv/lib/python3.12/site-packages/airflow/example_dags/example_time_delta_sensor_async.py took 0.066 seconds
[2024-07-31T18:47:45.207+0000] {processor.py:161} INFO - Started process (PID=3956) to work on /home/ubuntu/airflow-venv/lib/python3.12/site-packages/airflow/example_dags/example_time_delta_sensor_async.py
[2024-07-31T18:47:45.209+0000] {processor.py:830} INFO - Processing file /home/ubuntu/airflow-venv/lib/python3.12/site-packages/airflow/example_dags/example_time_delta_sensor_async.py for tasks to queue
[2024-07-31T18:47:45.211+0000] {logging_mixin.py:188} INFO - [2024-07-31T18:47:45.210+0000] {dagbag.py:545} INFO - Filling up the DagBag from /home/ubuntu/airflow-venv/lib/python3.12/site-packages/airflow/example_dags/example_time_delta_sensor_async.py
[2024-07-31T18:47:45.215+0000] {processor.py:840} INFO - DAG(s) 'example_time_delta_sensor_async' retrieved from /home/ubuntu/airflow-venv/lib/python3.12/site-packages/airflow/example_dags/example_time_delta_sensor_async.py
[2024-07-31T18:47:45.231+0000] {logging_mixin.py:188} INFO - [2024-07-31T18:47:45.230+0000] {dag.py:3089} INFO - Sync 1 DAGs
[2024-07-31T18:47:45.242+0000] {logging_mixin.py:188} INFO - [2024-07-31T18:47:45.242+0000] {dag.py:3947} INFO - Setting next_dagrun for example_time_delta_sensor_async to None, run_after=None
[2024-07-31T18:47:45.264+0000] {processor.py:183} INFO - Processing /home/ubuntu/airflow-venv/lib/python3.12/site-packages/airflow/example_dags/example_time_delta_sensor_async.py took 0.063 seconds
[2024-07-31T18:48:20.902+0000] {processor.py:161} INFO - Started process (PID=4164) to work on /home/ubuntu/airflow-venv/lib/python3.12/site-packages/airflow/example_dags/example_time_delta_sensor_async.py
[2024-07-31T18:48:20.904+0000] {processor.py:830} INFO - Processing file /home/ubuntu/airflow-venv/lib/python3.12/site-packages/airflow/example_dags/example_time_delta_sensor_async.py for tasks to queue
[2024-07-31T18:48:20.906+0000] {logging_mixin.py:188} INFO - [2024-07-31T18:48:20.906+0000] {dagbag.py:545} INFO - Filling up the DagBag from /home/ubuntu/airflow-venv/lib/python3.12/site-packages/airflow/example_dags/example_time_delta_sensor_async.py
[2024-07-31T18:48:20.911+0000] {processor.py:840} INFO - DAG(s) 'example_time_delta_sensor_async' retrieved from /home/ubuntu/airflow-venv/lib/python3.12/site-packages/airflow/example_dags/example_time_delta_sensor_async.py
[2024-07-31T18:48:20.927+0000] {logging_mixin.py:188} INFO - [2024-07-31T18:48:20.927+0000] {dag.py:3089} INFO - Sync 1 DAGs
[2024-07-31T18:48:20.940+0000] {logging_mixin.py:188} INFO - [2024-07-31T18:48:20.939+0000] {dag.py:3947} INFO - Setting next_dagrun for example_time_delta_sensor_async to None, run_after=None
[2024-07-31T18:48:20.965+0000] {processor.py:183} INFO - Processing /home/ubuntu/airflow-venv/lib/python3.12/site-packages/airflow/example_dags/example_time_delta_sensor_async.py took 0.068 seconds
[2024-07-31T18:49:02.581+0000] {processor.py:161} INFO - Started process (PID=4207) to work on /home/ubuntu/airflow-venv/lib/python3.12/site-packages/airflow/example_dags/example_time_delta_sensor_async.py
[2024-07-31T18:49:02.583+0000] {processor.py:830} INFO - Processing file /home/ubuntu/airflow-venv/lib/python3.12/site-packages/airflow/example_dags/example_time_delta_sensor_async.py for tasks to queue
[2024-07-31T18:49:02.585+0000] {logging_mixin.py:188} INFO - [2024-07-31T18:49:02.584+0000] {dagbag.py:545} INFO - Filling up the DagBag from /home/ubuntu/airflow-venv/lib/python3.12/site-packages/airflow/example_dags/example_time_delta_sensor_async.py
[2024-07-31T18:49:02.589+0000] {processor.py:840} INFO - DAG(s) 'example_time_delta_sensor_async' retrieved from /home/ubuntu/airflow-venv/lib/python3.12/site-packages/airflow/example_dags/example_time_delta_sensor_async.py
[2024-07-31T18:49:02.606+0000] {logging_mixin.py:188} INFO - [2024-07-31T18:49:02.606+0000] {dag.py:3089} INFO - Sync 1 DAGs
[2024-07-31T18:49:02.619+0000] {logging_mixin.py:188} INFO - [2024-07-31T18:49:02.619+0000] {dag.py:3947} INFO - Setting next_dagrun for example_time_delta_sensor_async to None, run_after=None
[2024-07-31T18:49:02.644+0000] {processor.py:183} INFO - Processing /home/ubuntu/airflow-venv/lib/python3.12/site-packages/airflow/example_dags/example_time_delta_sensor_async.py took 0.070 seconds
[2024-07-31T18:49:42.755+0000] {processor.py:161} INFO - Started process (PID=4249) to work on /home/ubuntu/airflow-venv/lib/python3.12/site-packages/airflow/example_dags/example_time_delta_sensor_async.py
[2024-07-31T18:49:42.756+0000] {processor.py:830} INFO - Processing file /home/ubuntu/airflow-venv/lib/python3.12/site-packages/airflow/example_dags/example_time_delta_sensor_async.py for tasks to queue
[2024-07-31T18:49:42.758+0000] {logging_mixin.py:188} INFO - [2024-07-31T18:49:42.758+0000] {dagbag.py:545} INFO - Filling up the DagBag from /home/ubuntu/airflow-venv/lib/python3.12/site-packages/airflow/example_dags/example_time_delta_sensor_async.py
[2024-07-31T18:49:42.763+0000] {processor.py:840} INFO - DAG(s) 'example_time_delta_sensor_async' retrieved from /home/ubuntu/airflow-venv/lib/python3.12/site-packages/airflow/example_dags/example_time_delta_sensor_async.py
[2024-07-31T18:49:42.779+0000] {logging_mixin.py:188} INFO - [2024-07-31T18:49:42.779+0000] {dag.py:3089} INFO - Sync 1 DAGs
[2024-07-31T18:49:42.790+0000] {logging_mixin.py:188} INFO - [2024-07-31T18:49:42.790+0000] {dag.py:3947} INFO - Setting next_dagrun for example_time_delta_sensor_async to None, run_after=None
[2024-07-31T18:49:42.814+0000] {processor.py:183} INFO - Processing /home/ubuntu/airflow-venv/lib/python3.12/site-packages/airflow/example_dags/example_time_delta_sensor_async.py took 0.065 seconds
[2024-07-31T18:50:23.012+0000] {processor.py:161} INFO - Started process (PID=4295) to work on /home/ubuntu/airflow-venv/lib/python3.12/site-packages/airflow/example_dags/example_time_delta_sensor_async.py
[2024-07-31T18:50:23.014+0000] {processor.py:830} INFO - Processing file /home/ubuntu/airflow-venv/lib/python3.12/site-packages/airflow/example_dags/example_time_delta_sensor_async.py for tasks to queue
[2024-07-31T18:50:23.016+0000] {logging_mixin.py:188} INFO - [2024-07-31T18:50:23.015+0000] {dagbag.py:545} INFO - Filling up the DagBag from /home/ubuntu/airflow-venv/lib/python3.12/site-packages/airflow/example_dags/example_time_delta_sensor_async.py
[2024-07-31T18:50:23.020+0000] {processor.py:840} INFO - DAG(s) 'example_time_delta_sensor_async' retrieved from /home/ubuntu/airflow-venv/lib/python3.12/site-packages/airflow/example_dags/example_time_delta_sensor_async.py
[2024-07-31T18:50:23.037+0000] {logging_mixin.py:188} INFO - [2024-07-31T18:50:23.037+0000] {dag.py:3089} INFO - Sync 1 DAGs
[2024-07-31T18:50:23.050+0000] {logging_mixin.py:188} INFO - [2024-07-31T18:50:23.050+0000] {dag.py:3947} INFO - Setting next_dagrun for example_time_delta_sensor_async to None, run_after=None
[2024-07-31T18:50:23.075+0000] {processor.py:183} INFO - Processing /home/ubuntu/airflow-venv/lib/python3.12/site-packages/airflow/example_dags/example_time_delta_sensor_async.py took 0.069 seconds
[2024-07-31T18:51:02.975+0000] {processor.py:161} INFO - Started process (PID=4339) to work on /home/ubuntu/airflow-venv/lib/python3.12/site-packages/airflow/example_dags/example_time_delta_sensor_async.py
[2024-07-31T18:51:02.976+0000] {processor.py:830} INFO - Processing file /home/ubuntu/airflow-venv/lib/python3.12/site-packages/airflow/example_dags/example_time_delta_sensor_async.py for tasks to queue
[2024-07-31T18:51:02.978+0000] {logging_mixin.py:188} INFO - [2024-07-31T18:51:02.978+0000] {dagbag.py:545} INFO - Filling up the DagBag from /home/ubuntu/airflow-venv/lib/python3.12/site-packages/airflow/example_dags/example_time_delta_sensor_async.py
[2024-07-31T18:51:02.983+0000] {processor.py:840} INFO - DAG(s) 'example_time_delta_sensor_async' retrieved from /home/ubuntu/airflow-venv/lib/python3.12/site-packages/airflow/example_dags/example_time_delta_sensor_async.py
[2024-07-31T18:51:02.999+0000] {logging_mixin.py:188} INFO - [2024-07-31T18:51:02.999+0000] {dag.py:3089} INFO - Sync 1 DAGs
[2024-07-31T18:51:03.012+0000] {logging_mixin.py:188} INFO - [2024-07-31T18:51:03.011+0000] {dag.py:3947} INFO - Setting next_dagrun for example_time_delta_sensor_async to None, run_after=None
[2024-07-31T18:51:03.036+0000] {processor.py:183} INFO - Processing /home/ubuntu/airflow-venv/lib/python3.12/site-packages/airflow/example_dags/example_time_delta_sensor_async.py took 0.067 seconds
[2024-07-31T18:51:41.274+0000] {processor.py:161} INFO - Started process (PID=4379) to work on /home/ubuntu/airflow-venv/lib/python3.12/site-packages/airflow/example_dags/example_time_delta_sensor_async.py
[2024-07-31T18:51:41.275+0000] {processor.py:830} INFO - Processing file /home/ubuntu/airflow-venv/lib/python3.12/site-packages/airflow/example_dags/example_time_delta_sensor_async.py for tasks to queue
[2024-07-31T18:51:41.277+0000] {logging_mixin.py:188} INFO - [2024-07-31T18:51:41.277+0000] {dagbag.py:545} INFO - Filling up the DagBag from /home/ubuntu/airflow-venv/lib/python3.12/site-packages/airflow/example_dags/example_time_delta_sensor_async.py
[2024-07-31T18:51:41.282+0000] {processor.py:840} INFO - DAG(s) 'example_time_delta_sensor_async' retrieved from /home/ubuntu/airflow-venv/lib/python3.12/site-packages/airflow/example_dags/example_time_delta_sensor_async.py
[2024-07-31T18:51:41.298+0000] {logging_mixin.py:188} INFO - [2024-07-31T18:51:41.298+0000] {dag.py:3089} INFO - Sync 1 DAGs
[2024-07-31T18:51:41.311+0000] {logging_mixin.py:188} INFO - [2024-07-31T18:51:41.310+0000] {dag.py:3947} INFO - Setting next_dagrun for example_time_delta_sensor_async to None, run_after=None
[2024-07-31T18:51:41.334+0000] {processor.py:183} INFO - Processing /home/ubuntu/airflow-venv/lib/python3.12/site-packages/airflow/example_dags/example_time_delta_sensor_async.py took 0.066 seconds
[2024-07-31T18:52:19.032+0000] {processor.py:161} INFO - Started process (PID=4420) to work on /home/ubuntu/airflow-venv/lib/python3.12/site-packages/airflow/example_dags/example_time_delta_sensor_async.py
[2024-07-31T18:52:19.034+0000] {processor.py:830} INFO - Processing file /home/ubuntu/airflow-venv/lib/python3.12/site-packages/airflow/example_dags/example_time_delta_sensor_async.py for tasks to queue
[2024-07-31T18:52:19.035+0000] {logging_mixin.py:188} INFO - [2024-07-31T18:52:19.035+0000] {dagbag.py:545} INFO - Filling up the DagBag from /home/ubuntu/airflow-venv/lib/python3.12/site-packages/airflow/example_dags/example_time_delta_sensor_async.py
[2024-07-31T18:52:19.040+0000] {processor.py:840} INFO - DAG(s) 'example_time_delta_sensor_async' retrieved from /home/ubuntu/airflow-venv/lib/python3.12/site-packages/airflow/example_dags/example_time_delta_sensor_async.py
[2024-07-31T18:52:19.056+0000] {logging_mixin.py:188} INFO - [2024-07-31T18:52:19.056+0000] {dag.py:3089} INFO - Sync 1 DAGs
[2024-07-31T18:52:19.067+0000] {logging_mixin.py:188} INFO - [2024-07-31T18:52:19.067+0000] {dag.py:3947} INFO - Setting next_dagrun for example_time_delta_sensor_async to None, run_after=None
[2024-07-31T18:52:19.090+0000] {processor.py:183} INFO - Processing /home/ubuntu/airflow-venv/lib/python3.12/site-packages/airflow/example_dags/example_time_delta_sensor_async.py took 0.063 seconds
[2024-07-31T18:52:58.912+0000] {processor.py:161} INFO - Started process (PID=4464) to work on /home/ubuntu/airflow-venv/lib/python3.12/site-packages/airflow/example_dags/example_time_delta_sensor_async.py
[2024-07-31T18:52:58.914+0000] {processor.py:830} INFO - Processing file /home/ubuntu/airflow-venv/lib/python3.12/site-packages/airflow/example_dags/example_time_delta_sensor_async.py for tasks to queue
[2024-07-31T18:52:58.914+0000] {logging_mixin.py:188} INFO - [2024-07-31T18:52:58.914+0000] {dagbag.py:545} INFO - Filling up the DagBag from /home/ubuntu/airflow-venv/lib/python3.12/site-packages/airflow/example_dags/example_time_delta_sensor_async.py
[2024-07-31T18:52:58.919+0000] {processor.py:840} INFO - DAG(s) 'example_time_delta_sensor_async' retrieved from /home/ubuntu/airflow-venv/lib/python3.12/site-packages/airflow/example_dags/example_time_delta_sensor_async.py
[2024-07-31T18:52:58.935+0000] {logging_mixin.py:188} INFO - [2024-07-31T18:52:58.935+0000] {dag.py:3089} INFO - Sync 1 DAGs
[2024-07-31T18:52:58.947+0000] {logging_mixin.py:188} INFO - [2024-07-31T18:52:58.947+0000] {dag.py:3947} INFO - Setting next_dagrun for example_time_delta_sensor_async to None, run_after=None
[2024-07-31T18:52:58.970+0000] {processor.py:183} INFO - Processing /home/ubuntu/airflow-venv/lib/python3.12/site-packages/airflow/example_dags/example_time_delta_sensor_async.py took 0.063 seconds
[2024-07-31T18:53:41.636+0000] {processor.py:161} INFO - Started process (PID=4510) to work on /home/ubuntu/airflow-venv/lib/python3.12/site-packages/airflow/example_dags/example_time_delta_sensor_async.py
[2024-07-31T18:53:41.637+0000] {processor.py:830} INFO - Processing file /home/ubuntu/airflow-venv/lib/python3.12/site-packages/airflow/example_dags/example_time_delta_sensor_async.py for tasks to queue
[2024-07-31T18:53:41.638+0000] {logging_mixin.py:188} INFO - [2024-07-31T18:53:41.637+0000] {dagbag.py:545} INFO - Filling up the DagBag from /home/ubuntu/airflow-venv/lib/python3.12/site-packages/airflow/example_dags/example_time_delta_sensor_async.py
[2024-07-31T18:53:41.643+0000] {processor.py:840} INFO - DAG(s) 'example_time_delta_sensor_async' retrieved from /home/ubuntu/airflow-venv/lib/python3.12/site-packages/airflow/example_dags/example_time_delta_sensor_async.py
[2024-07-31T18:53:41.659+0000] {logging_mixin.py:188} INFO - [2024-07-31T18:53:41.659+0000] {dag.py:3089} INFO - Sync 1 DAGs
[2024-07-31T18:53:41.671+0000] {logging_mixin.py:188} INFO - [2024-07-31T18:53:41.670+0000] {dag.py:3947} INFO - Setting next_dagrun for example_time_delta_sensor_async to None, run_after=None
[2024-07-31T18:53:41.693+0000] {processor.py:183} INFO - Processing /home/ubuntu/airflow-venv/lib/python3.12/site-packages/airflow/example_dags/example_time_delta_sensor_async.py took 0.063 seconds
[2024-07-31T18:54:21.058+0000] {processor.py:161} INFO - Started process (PID=4555) to work on /home/ubuntu/airflow-venv/lib/python3.12/site-packages/airflow/example_dags/example_time_delta_sensor_async.py
[2024-07-31T18:54:21.060+0000] {processor.py:830} INFO - Processing file /home/ubuntu/airflow-venv/lib/python3.12/site-packages/airflow/example_dags/example_time_delta_sensor_async.py for tasks to queue
[2024-07-31T18:54:21.060+0000] {logging_mixin.py:188} INFO - [2024-07-31T18:54:21.060+0000] {dagbag.py:545} INFO - Filling up the DagBag from /home/ubuntu/airflow-venv/lib/python3.12/site-packages/airflow/example_dags/example_time_delta_sensor_async.py
[2024-07-31T18:54:21.065+0000] {processor.py:840} INFO - DAG(s) 'example_time_delta_sensor_async' retrieved from /home/ubuntu/airflow-venv/lib/python3.12/site-packages/airflow/example_dags/example_time_delta_sensor_async.py
[2024-07-31T18:54:21.081+0000] {logging_mixin.py:188} INFO - [2024-07-31T18:54:21.081+0000] {dag.py:3089} INFO - Sync 1 DAGs
[2024-07-31T18:54:21.093+0000] {logging_mixin.py:188} INFO - [2024-07-31T18:54:21.093+0000] {dag.py:3947} INFO - Setting next_dagrun for example_time_delta_sensor_async to None, run_after=None
[2024-07-31T18:54:21.119+0000] {processor.py:183} INFO - Processing /home/ubuntu/airflow-venv/lib/python3.12/site-packages/airflow/example_dags/example_time_delta_sensor_async.py took 0.066 seconds
[2024-07-31T18:55:01.263+0000] {processor.py:161} INFO - Started process (PID=4599) to work on /home/ubuntu/airflow-venv/lib/python3.12/site-packages/airflow/example_dags/example_time_delta_sensor_async.py
[2024-07-31T18:55:01.264+0000] {processor.py:830} INFO - Processing file /home/ubuntu/airflow-venv/lib/python3.12/site-packages/airflow/example_dags/example_time_delta_sensor_async.py for tasks to queue
[2024-07-31T18:55:01.265+0000] {logging_mixin.py:188} INFO - [2024-07-31T18:55:01.265+0000] {dagbag.py:545} INFO - Filling up the DagBag from /home/ubuntu/airflow-venv/lib/python3.12/site-packages/airflow/example_dags/example_time_delta_sensor_async.py
[2024-07-31T18:55:01.270+0000] {processor.py:840} INFO - DAG(s) 'example_time_delta_sensor_async' retrieved from /home/ubuntu/airflow-venv/lib/python3.12/site-packages/airflow/example_dags/example_time_delta_sensor_async.py
[2024-07-31T18:55:01.287+0000] {logging_mixin.py:188} INFO - [2024-07-31T18:55:01.286+0000] {dag.py:3089} INFO - Sync 1 DAGs
[2024-07-31T18:55:01.299+0000] {logging_mixin.py:188} INFO - [2024-07-31T18:55:01.299+0000] {dag.py:3947} INFO - Setting next_dagrun for example_time_delta_sensor_async to None, run_after=None
[2024-07-31T18:55:01.322+0000] {processor.py:183} INFO - Processing /home/ubuntu/airflow-venv/lib/python3.12/site-packages/airflow/example_dags/example_time_delta_sensor_async.py took 0.064 seconds
[2024-07-31T18:55:43.164+0000] {processor.py:161} INFO - Started process (PID=4646) to work on /home/ubuntu/airflow-venv/lib/python3.12/site-packages/airflow/example_dags/example_time_delta_sensor_async.py
[2024-07-31T18:55:43.165+0000] {processor.py:830} INFO - Processing file /home/ubuntu/airflow-venv/lib/python3.12/site-packages/airflow/example_dags/example_time_delta_sensor_async.py for tasks to queue
[2024-07-31T18:55:43.166+0000] {logging_mixin.py:188} INFO - [2024-07-31T18:55:43.166+0000] {dagbag.py:545} INFO - Filling up the DagBag from /home/ubuntu/airflow-venv/lib/python3.12/site-packages/airflow/example_dags/example_time_delta_sensor_async.py
[2024-07-31T18:55:43.171+0000] {processor.py:840} INFO - DAG(s) 'example_time_delta_sensor_async' retrieved from /home/ubuntu/airflow-venv/lib/python3.12/site-packages/airflow/example_dags/example_time_delta_sensor_async.py
[2024-07-31T18:55:43.187+0000] {logging_mixin.py:188} INFO - [2024-07-31T18:55:43.187+0000] {dag.py:3089} INFO - Sync 1 DAGs
[2024-07-31T18:55:43.199+0000] {logging_mixin.py:188} INFO - [2024-07-31T18:55:43.199+0000] {dag.py:3947} INFO - Setting next_dagrun for example_time_delta_sensor_async to None, run_after=None
[2024-07-31T18:55:43.223+0000] {processor.py:183} INFO - Processing /home/ubuntu/airflow-venv/lib/python3.12/site-packages/airflow/example_dags/example_time_delta_sensor_async.py took 0.065 seconds
[2024-07-31T18:56:28.649+0000] {processor.py:161} INFO - Started process (PID=4738) to work on /home/ubuntu/airflow-venv/lib/python3.12/site-packages/airflow/example_dags/example_time_delta_sensor_async.py
[2024-07-31T18:56:28.651+0000] {processor.py:830} INFO - Processing file /home/ubuntu/airflow-venv/lib/python3.12/site-packages/airflow/example_dags/example_time_delta_sensor_async.py for tasks to queue
[2024-07-31T18:56:28.652+0000] {logging_mixin.py:188} INFO - [2024-07-31T18:56:28.651+0000] {dagbag.py:545} INFO - Filling up the DagBag from /home/ubuntu/airflow-venv/lib/python3.12/site-packages/airflow/example_dags/example_time_delta_sensor_async.py
[2024-07-31T18:56:28.656+0000] {processor.py:840} INFO - DAG(s) 'example_time_delta_sensor_async' retrieved from /home/ubuntu/airflow-venv/lib/python3.12/site-packages/airflow/example_dags/example_time_delta_sensor_async.py
[2024-07-31T18:56:28.675+0000] {logging_mixin.py:188} INFO - [2024-07-31T18:56:28.675+0000] {dag.py:3089} INFO - Sync 1 DAGs
[2024-07-31T18:56:28.689+0000] {logging_mixin.py:188} INFO - [2024-07-31T18:56:28.689+0000] {dag.py:3947} INFO - Setting next_dagrun for example_time_delta_sensor_async to None, run_after=None
[2024-07-31T18:56:28.722+0000] {processor.py:183} INFO - Processing /home/ubuntu/airflow-venv/lib/python3.12/site-packages/airflow/example_dags/example_time_delta_sensor_async.py took 0.078 seconds
[2024-07-31T18:57:15.125+0000] {processor.py:161} INFO - Started process (PID=5054) to work on /home/ubuntu/airflow-venv/lib/python3.12/site-packages/airflow/example_dags/example_time_delta_sensor_async.py
[2024-07-31T18:57:15.126+0000] {processor.py:830} INFO - Processing file /home/ubuntu/airflow-venv/lib/python3.12/site-packages/airflow/example_dags/example_time_delta_sensor_async.py for tasks to queue
[2024-07-31T18:57:15.127+0000] {logging_mixin.py:188} INFO - [2024-07-31T18:57:15.127+0000] {dagbag.py:545} INFO - Filling up the DagBag from /home/ubuntu/airflow-venv/lib/python3.12/site-packages/airflow/example_dags/example_time_delta_sensor_async.py
[2024-07-31T18:57:15.132+0000] {processor.py:840} INFO - DAG(s) 'example_time_delta_sensor_async' retrieved from /home/ubuntu/airflow-venv/lib/python3.12/site-packages/airflow/example_dags/example_time_delta_sensor_async.py
[2024-07-31T18:57:15.149+0000] {logging_mixin.py:188} INFO - [2024-07-31T18:57:15.149+0000] {dag.py:3089} INFO - Sync 1 DAGs
[2024-07-31T18:57:15.161+0000] {logging_mixin.py:188} INFO - [2024-07-31T18:57:15.161+0000] {dag.py:3947} INFO - Setting next_dagrun for example_time_delta_sensor_async to None, run_after=None
[2024-07-31T18:57:15.184+0000] {processor.py:183} INFO - Processing /home/ubuntu/airflow-venv/lib/python3.12/site-packages/airflow/example_dags/example_time_delta_sensor_async.py took 0.065 seconds
[2024-07-31T18:58:00.520+0000] {processor.py:161} INFO - Started process (PID=5101) to work on /home/ubuntu/airflow-venv/lib/python3.12/site-packages/airflow/example_dags/example_time_delta_sensor_async.py
[2024-07-31T18:58:00.521+0000] {processor.py:830} INFO - Processing file /home/ubuntu/airflow-venv/lib/python3.12/site-packages/airflow/example_dags/example_time_delta_sensor_async.py for tasks to queue
[2024-07-31T18:58:00.522+0000] {logging_mixin.py:188} INFO - [2024-07-31T18:58:00.522+0000] {dagbag.py:545} INFO - Filling up the DagBag from /home/ubuntu/airflow-venv/lib/python3.12/site-packages/airflow/example_dags/example_time_delta_sensor_async.py
[2024-07-31T18:58:00.527+0000] {processor.py:840} INFO - DAG(s) 'example_time_delta_sensor_async' retrieved from /home/ubuntu/airflow-venv/lib/python3.12/site-packages/airflow/example_dags/example_time_delta_sensor_async.py
[2024-07-31T18:58:00.544+0000] {logging_mixin.py:188} INFO - [2024-07-31T18:58:00.544+0000] {dag.py:3089} INFO - Sync 1 DAGs
[2024-07-31T18:58:00.556+0000] {logging_mixin.py:188} INFO - [2024-07-31T18:58:00.556+0000] {dag.py:3947} INFO - Setting next_dagrun for example_time_delta_sensor_async to None, run_after=None
[2024-07-31T18:58:00.579+0000] {processor.py:183} INFO - Processing /home/ubuntu/airflow-venv/lib/python3.12/site-packages/airflow/example_dags/example_time_delta_sensor_async.py took 0.065 seconds
[2024-07-31T18:58:45.945+0000] {processor.py:161} INFO - Started process (PID=5151) to work on /home/ubuntu/airflow-venv/lib/python3.12/site-packages/airflow/example_dags/example_time_delta_sensor_async.py
[2024-07-31T18:58:45.946+0000] {processor.py:830} INFO - Processing file /home/ubuntu/airflow-venv/lib/python3.12/site-packages/airflow/example_dags/example_time_delta_sensor_async.py for tasks to queue
[2024-07-31T18:58:45.947+0000] {logging_mixin.py:188} INFO - [2024-07-31T18:58:45.947+0000] {dagbag.py:545} INFO - Filling up the DagBag from /home/ubuntu/airflow-venv/lib/python3.12/site-packages/airflow/example_dags/example_time_delta_sensor_async.py
[2024-07-31T18:58:45.952+0000] {processor.py:840} INFO - DAG(s) 'example_time_delta_sensor_async' retrieved from /home/ubuntu/airflow-venv/lib/python3.12/site-packages/airflow/example_dags/example_time_delta_sensor_async.py
[2024-07-31T18:58:45.969+0000] {logging_mixin.py:188} INFO - [2024-07-31T18:58:45.969+0000] {dag.py:3089} INFO - Sync 1 DAGs
[2024-07-31T18:58:45.981+0000] {logging_mixin.py:188} INFO - [2024-07-31T18:58:45.981+0000] {dag.py:3947} INFO - Setting next_dagrun for example_time_delta_sensor_async to None, run_after=None
[2024-07-31T18:58:46.007+0000] {processor.py:183} INFO - Processing /home/ubuntu/airflow-venv/lib/python3.12/site-packages/airflow/example_dags/example_time_delta_sensor_async.py took 0.068 seconds
[2024-07-31T18:59:28.210+0000] {processor.py:161} INFO - Started process (PID=5196) to work on /home/ubuntu/airflow-venv/lib/python3.12/site-packages/airflow/example_dags/example_time_delta_sensor_async.py
[2024-07-31T18:59:28.212+0000] {processor.py:830} INFO - Processing file /home/ubuntu/airflow-venv/lib/python3.12/site-packages/airflow/example_dags/example_time_delta_sensor_async.py for tasks to queue
[2024-07-31T18:59:28.213+0000] {logging_mixin.py:188} INFO - [2024-07-31T18:59:28.212+0000] {dagbag.py:545} INFO - Filling up the DagBag from /home/ubuntu/airflow-venv/lib/python3.12/site-packages/airflow/example_dags/example_time_delta_sensor_async.py
[2024-07-31T18:59:28.218+0000] {processor.py:840} INFO - DAG(s) 'example_time_delta_sensor_async' retrieved from /home/ubuntu/airflow-venv/lib/python3.12/site-packages/airflow/example_dags/example_time_delta_sensor_async.py
[2024-07-31T18:59:28.235+0000] {logging_mixin.py:188} INFO - [2024-07-31T18:59:28.235+0000] {dag.py:3089} INFO - Sync 1 DAGs
[2024-07-31T18:59:28.248+0000] {logging_mixin.py:188} INFO - [2024-07-31T18:59:28.247+0000] {dag.py:3947} INFO - Setting next_dagrun for example_time_delta_sensor_async to None, run_after=None
[2024-07-31T18:59:28.272+0000] {processor.py:183} INFO - Processing /home/ubuntu/airflow-venv/lib/python3.12/site-packages/airflow/example_dags/example_time_delta_sensor_async.py took 0.068 seconds
[2024-07-31T19:00:10.705+0000] {processor.py:161} INFO - Started process (PID=5240) to work on /home/ubuntu/airflow-venv/lib/python3.12/site-packages/airflow/example_dags/example_time_delta_sensor_async.py
[2024-07-31T19:00:10.706+0000] {processor.py:830} INFO - Processing file /home/ubuntu/airflow-venv/lib/python3.12/site-packages/airflow/example_dags/example_time_delta_sensor_async.py for tasks to queue
[2024-07-31T19:00:10.707+0000] {logging_mixin.py:188} INFO - [2024-07-31T19:00:10.707+0000] {dagbag.py:545} INFO - Filling up the DagBag from /home/ubuntu/airflow-venv/lib/python3.12/site-packages/airflow/example_dags/example_time_delta_sensor_async.py
[2024-07-31T19:00:10.712+0000] {processor.py:840} INFO - DAG(s) 'example_time_delta_sensor_async' retrieved from /home/ubuntu/airflow-venv/lib/python3.12/site-packages/airflow/example_dags/example_time_delta_sensor_async.py
[2024-07-31T19:00:10.728+0000] {logging_mixin.py:188} INFO - [2024-07-31T19:00:10.728+0000] {dag.py:3089} INFO - Sync 1 DAGs
[2024-07-31T19:00:10.740+0000] {logging_mixin.py:188} INFO - [2024-07-31T19:00:10.740+0000] {dag.py:3947} INFO - Setting next_dagrun for example_time_delta_sensor_async to None, run_after=None
[2024-07-31T19:00:10.763+0000] {processor.py:183} INFO - Processing /home/ubuntu/airflow-venv/lib/python3.12/site-packages/airflow/example_dags/example_time_delta_sensor_async.py took 0.064 seconds
[2024-07-31T19:00:55.984+0000] {processor.py:161} INFO - Started process (PID=5291) to work on /home/ubuntu/airflow-venv/lib/python3.12/site-packages/airflow/example_dags/example_time_delta_sensor_async.py
[2024-07-31T19:00:55.986+0000] {processor.py:830} INFO - Processing file /home/ubuntu/airflow-venv/lib/python3.12/site-packages/airflow/example_dags/example_time_delta_sensor_async.py for tasks to queue
[2024-07-31T19:00:55.987+0000] {logging_mixin.py:188} INFO - [2024-07-31T19:00:55.986+0000] {dagbag.py:545} INFO - Filling up the DagBag from /home/ubuntu/airflow-venv/lib/python3.12/site-packages/airflow/example_dags/example_time_delta_sensor_async.py
[2024-07-31T19:00:55.992+0000] {processor.py:840} INFO - DAG(s) 'example_time_delta_sensor_async' retrieved from /home/ubuntu/airflow-venv/lib/python3.12/site-packages/airflow/example_dags/example_time_delta_sensor_async.py
[2024-07-31T19:00:56.008+0000] {logging_mixin.py:188} INFO - [2024-07-31T19:00:56.008+0000] {dag.py:3089} INFO - Sync 1 DAGs
[2024-07-31T19:00:56.020+0000] {logging_mixin.py:188} INFO - [2024-07-31T19:00:56.020+0000] {dag.py:3947} INFO - Setting next_dagrun for example_time_delta_sensor_async to None, run_after=None
[2024-07-31T19:00:56.053+0000] {processor.py:183} INFO - Processing /home/ubuntu/airflow-venv/lib/python3.12/site-packages/airflow/example_dags/example_time_delta_sensor_async.py took 0.075 seconds
[2024-07-31T19:01:39.927+0000] {processor.py:161} INFO - Started process (PID=5335) to work on /home/ubuntu/airflow-venv/lib/python3.12/site-packages/airflow/example_dags/example_time_delta_sensor_async.py
[2024-07-31T19:01:39.929+0000] {processor.py:830} INFO - Processing file /home/ubuntu/airflow-venv/lib/python3.12/site-packages/airflow/example_dags/example_time_delta_sensor_async.py for tasks to queue
[2024-07-31T19:01:39.930+0000] {logging_mixin.py:188} INFO - [2024-07-31T19:01:39.930+0000] {dagbag.py:545} INFO - Filling up the DagBag from /home/ubuntu/airflow-venv/lib/python3.12/site-packages/airflow/example_dags/example_time_delta_sensor_async.py
[2024-07-31T19:01:39.935+0000] {processor.py:840} INFO - DAG(s) 'example_time_delta_sensor_async' retrieved from /home/ubuntu/airflow-venv/lib/python3.12/site-packages/airflow/example_dags/example_time_delta_sensor_async.py
[2024-07-31T19:01:39.952+0000] {logging_mixin.py:188} INFO - [2024-07-31T19:01:39.952+0000] {dag.py:3089} INFO - Sync 1 DAGs
[2024-07-31T19:01:39.964+0000] {logging_mixin.py:188} INFO - [2024-07-31T19:01:39.964+0000] {dag.py:3947} INFO - Setting next_dagrun for example_time_delta_sensor_async to None, run_after=None
[2024-07-31T19:01:39.990+0000] {processor.py:183} INFO - Processing /home/ubuntu/airflow-venv/lib/python3.12/site-packages/airflow/example_dags/example_time_delta_sensor_async.py took 0.068 seconds
[2024-07-31T19:02:26.310+0000] {processor.py:161} INFO - Started process (PID=5382) to work on /home/ubuntu/airflow-venv/lib/python3.12/site-packages/airflow/example_dags/example_time_delta_sensor_async.py
[2024-07-31T19:02:26.312+0000] {processor.py:830} INFO - Processing file /home/ubuntu/airflow-venv/lib/python3.12/site-packages/airflow/example_dags/example_time_delta_sensor_async.py for tasks to queue
[2024-07-31T19:02:26.313+0000] {logging_mixin.py:188} INFO - [2024-07-31T19:02:26.312+0000] {dagbag.py:545} INFO - Filling up the DagBag from /home/ubuntu/airflow-venv/lib/python3.12/site-packages/airflow/example_dags/example_time_delta_sensor_async.py
[2024-07-31T19:02:26.318+0000] {processor.py:840} INFO - DAG(s) 'example_time_delta_sensor_async' retrieved from /home/ubuntu/airflow-venv/lib/python3.12/site-packages/airflow/example_dags/example_time_delta_sensor_async.py
[2024-07-31T19:02:26.335+0000] {logging_mixin.py:188} INFO - [2024-07-31T19:02:26.335+0000] {dag.py:3089} INFO - Sync 1 DAGs
[2024-07-31T19:02:26.348+0000] {logging_mixin.py:188} INFO - [2024-07-31T19:02:26.347+0000] {dag.py:3947} INFO - Setting next_dagrun for example_time_delta_sensor_async to None, run_after=None
[2024-07-31T19:02:26.372+0000] {processor.py:183} INFO - Processing /home/ubuntu/airflow-venv/lib/python3.12/site-packages/airflow/example_dags/example_time_delta_sensor_async.py took 0.068 seconds
[2024-07-31T19:03:10.049+0000] {processor.py:161} INFO - Started process (PID=5429) to work on /home/ubuntu/airflow-venv/lib/python3.12/site-packages/airflow/example_dags/example_time_delta_sensor_async.py
[2024-07-31T19:03:10.051+0000] {processor.py:830} INFO - Processing file /home/ubuntu/airflow-venv/lib/python3.12/site-packages/airflow/example_dags/example_time_delta_sensor_async.py for tasks to queue
[2024-07-31T19:03:10.052+0000] {logging_mixin.py:188} INFO - [2024-07-31T19:03:10.051+0000] {dagbag.py:545} INFO - Filling up the DagBag from /home/ubuntu/airflow-venv/lib/python3.12/site-packages/airflow/example_dags/example_time_delta_sensor_async.py
[2024-07-31T19:03:10.056+0000] {processor.py:840} INFO - DAG(s) 'example_time_delta_sensor_async' retrieved from /home/ubuntu/airflow-venv/lib/python3.12/site-packages/airflow/example_dags/example_time_delta_sensor_async.py
[2024-07-31T19:03:10.073+0000] {logging_mixin.py:188} INFO - [2024-07-31T19:03:10.073+0000] {dag.py:3089} INFO - Sync 1 DAGs
[2024-07-31T19:03:10.085+0000] {logging_mixin.py:188} INFO - [2024-07-31T19:03:10.085+0000] {dag.py:3947} INFO - Setting next_dagrun for example_time_delta_sensor_async to None, run_after=None
[2024-07-31T19:03:10.109+0000] {processor.py:183} INFO - Processing /home/ubuntu/airflow-venv/lib/python3.12/site-packages/airflow/example_dags/example_time_delta_sensor_async.py took 0.066 seconds
[2024-07-31T19:03:56.233+0000] {processor.py:161} INFO - Started process (PID=5476) to work on /home/ubuntu/airflow-venv/lib/python3.12/site-packages/airflow/example_dags/example_time_delta_sensor_async.py
[2024-07-31T19:03:56.235+0000] {processor.py:830} INFO - Processing file /home/ubuntu/airflow-venv/lib/python3.12/site-packages/airflow/example_dags/example_time_delta_sensor_async.py for tasks to queue
[2024-07-31T19:03:56.236+0000] {logging_mixin.py:188} INFO - [2024-07-31T19:03:56.235+0000] {dagbag.py:545} INFO - Filling up the DagBag from /home/ubuntu/airflow-venv/lib/python3.12/site-packages/airflow/example_dags/example_time_delta_sensor_async.py
[2024-07-31T19:03:56.241+0000] {processor.py:840} INFO - DAG(s) 'example_time_delta_sensor_async' retrieved from /home/ubuntu/airflow-venv/lib/python3.12/site-packages/airflow/example_dags/example_time_delta_sensor_async.py
[2024-07-31T19:03:56.258+0000] {logging_mixin.py:188} INFO - [2024-07-31T19:03:56.258+0000] {dag.py:3089} INFO - Sync 1 DAGs
[2024-07-31T19:03:56.270+0000] {logging_mixin.py:188} INFO - [2024-07-31T19:03:56.270+0000] {dag.py:3947} INFO - Setting next_dagrun for example_time_delta_sensor_async to None, run_after=None
[2024-07-31T19:03:56.406+0000] {processor.py:183} INFO - Processing /home/ubuntu/airflow-venv/lib/python3.12/site-packages/airflow/example_dags/example_time_delta_sensor_async.py took 0.178 seconds
[2024-07-31T19:18:43.688+0000] {processor.py:161} INFO - Started process (PID=5604) to work on /home/ubuntu/airflow-venv/lib/python3.12/site-packages/airflow/example_dags/example_time_delta_sensor_async.py
[2024-07-31T19:18:43.689+0000] {processor.py:830} INFO - Processing file /home/ubuntu/airflow-venv/lib/python3.12/site-packages/airflow/example_dags/example_time_delta_sensor_async.py for tasks to queue
[2024-07-31T19:18:43.692+0000] {logging_mixin.py:188} INFO - [2024-07-31T19:18:43.691+0000] {dagbag.py:545} INFO - Filling up the DagBag from /home/ubuntu/airflow-venv/lib/python3.12/site-packages/airflow/example_dags/example_time_delta_sensor_async.py
[2024-07-31T19:18:43.699+0000] {processor.py:840} INFO - DAG(s) 'example_time_delta_sensor_async' retrieved from /home/ubuntu/airflow-venv/lib/python3.12/site-packages/airflow/example_dags/example_time_delta_sensor_async.py
[2024-07-31T19:18:43.707+0000] {logging_mixin.py:188} INFO - [2024-07-31T19:18:43.707+0000] {dag.py:3089} INFO - Sync 1 DAGs
[2024-07-31T19:18:43.722+0000] {logging_mixin.py:188} INFO - [2024-07-31T19:18:43.722+0000] {dag.py:3947} INFO - Setting next_dagrun for example_time_delta_sensor_async to None, run_after=None
[2024-07-31T19:18:43.745+0000] {processor.py:183} INFO - Processing /home/ubuntu/airflow-venv/lib/python3.12/site-packages/airflow/example_dags/example_time_delta_sensor_async.py took 0.063 seconds
[2024-07-31T19:19:47.853+0000] {processor.py:161} INFO - Started process (PID=5663) to work on /home/ubuntu/airflow-venv/lib/python3.12/site-packages/airflow/example_dags/example_time_delta_sensor_async.py
[2024-07-31T19:19:47.855+0000] {processor.py:830} INFO - Processing file /home/ubuntu/airflow-venv/lib/python3.12/site-packages/airflow/example_dags/example_time_delta_sensor_async.py for tasks to queue
[2024-07-31T19:19:47.856+0000] {logging_mixin.py:188} INFO - [2024-07-31T19:19:47.856+0000] {dagbag.py:545} INFO - Filling up the DagBag from /home/ubuntu/airflow-venv/lib/python3.12/site-packages/airflow/example_dags/example_time_delta_sensor_async.py
[2024-07-31T19:19:47.862+0000] {processor.py:840} INFO - DAG(s) 'example_time_delta_sensor_async' retrieved from /home/ubuntu/airflow-venv/lib/python3.12/site-packages/airflow/example_dags/example_time_delta_sensor_async.py
[2024-07-31T19:19:47.962+0000] {logging_mixin.py:188} INFO - [2024-07-31T19:19:47.962+0000] {dag.py:3089} INFO - Sync 1 DAGs
[2024-07-31T19:19:47.972+0000] {logging_mixin.py:188} INFO - [2024-07-31T19:19:47.971+0000] {dag.py:3947} INFO - Setting next_dagrun for example_time_delta_sensor_async to None, run_after=None
[2024-07-31T19:19:47.996+0000] {processor.py:183} INFO - Processing /home/ubuntu/airflow-venv/lib/python3.12/site-packages/airflow/example_dags/example_time_delta_sensor_async.py took 0.148 seconds
[2024-07-31T19:20:42.680+0000] {processor.py:161} INFO - Started process (PID=5720) to work on /home/ubuntu/airflow-venv/lib/python3.12/site-packages/airflow/example_dags/example_time_delta_sensor_async.py
[2024-07-31T19:20:42.682+0000] {processor.py:830} INFO - Processing file /home/ubuntu/airflow-venv/lib/python3.12/site-packages/airflow/example_dags/example_time_delta_sensor_async.py for tasks to queue
[2024-07-31T19:20:42.684+0000] {logging_mixin.py:188} INFO - [2024-07-31T19:20:42.683+0000] {dagbag.py:545} INFO - Filling up the DagBag from /home/ubuntu/airflow-venv/lib/python3.12/site-packages/airflow/example_dags/example_time_delta_sensor_async.py
[2024-07-31T19:20:42.688+0000] {processor.py:840} INFO - DAG(s) 'example_time_delta_sensor_async' retrieved from /home/ubuntu/airflow-venv/lib/python3.12/site-packages/airflow/example_dags/example_time_delta_sensor_async.py
[2024-07-31T19:20:42.705+0000] {logging_mixin.py:188} INFO - [2024-07-31T19:20:42.704+0000] {dag.py:3089} INFO - Sync 1 DAGs
[2024-07-31T19:20:42.717+0000] {logging_mixin.py:188} INFO - [2024-07-31T19:20:42.716+0000] {dag.py:3947} INFO - Setting next_dagrun for example_time_delta_sensor_async to None, run_after=None
[2024-07-31T19:20:42.741+0000] {processor.py:183} INFO - Processing /home/ubuntu/airflow-venv/lib/python3.12/site-packages/airflow/example_dags/example_time_delta_sensor_async.py took 0.066 seconds
[2024-07-31T19:21:30.894+0000] {processor.py:161} INFO - Started process (PID=5769) to work on /home/ubuntu/airflow-venv/lib/python3.12/site-packages/airflow/example_dags/example_time_delta_sensor_async.py
[2024-07-31T19:21:30.895+0000] {processor.py:830} INFO - Processing file /home/ubuntu/airflow-venv/lib/python3.12/site-packages/airflow/example_dags/example_time_delta_sensor_async.py for tasks to queue
[2024-07-31T19:21:30.897+0000] {logging_mixin.py:188} INFO - [2024-07-31T19:21:30.896+0000] {dagbag.py:545} INFO - Filling up the DagBag from /home/ubuntu/airflow-venv/lib/python3.12/site-packages/airflow/example_dags/example_time_delta_sensor_async.py
[2024-07-31T19:21:30.901+0000] {processor.py:840} INFO - DAG(s) 'example_time_delta_sensor_async' retrieved from /home/ubuntu/airflow-venv/lib/python3.12/site-packages/airflow/example_dags/example_time_delta_sensor_async.py
[2024-07-31T19:21:30.918+0000] {logging_mixin.py:188} INFO - [2024-07-31T19:21:30.917+0000] {dag.py:3089} INFO - Sync 1 DAGs
[2024-07-31T19:21:30.930+0000] {logging_mixin.py:188} INFO - [2024-07-31T19:21:30.930+0000] {dag.py:3947} INFO - Setting next_dagrun for example_time_delta_sensor_async to None, run_after=None
[2024-07-31T19:21:30.954+0000] {processor.py:183} INFO - Processing /home/ubuntu/airflow-venv/lib/python3.12/site-packages/airflow/example_dags/example_time_delta_sensor_async.py took 0.067 seconds
[2024-07-31T19:22:20.347+0000] {processor.py:161} INFO - Started process (PID=5818) to work on /home/ubuntu/airflow-venv/lib/python3.12/site-packages/airflow/example_dags/example_time_delta_sensor_async.py
[2024-07-31T19:22:20.349+0000] {processor.py:830} INFO - Processing file /home/ubuntu/airflow-venv/lib/python3.12/site-packages/airflow/example_dags/example_time_delta_sensor_async.py for tasks to queue
[2024-07-31T19:22:20.350+0000] {logging_mixin.py:188} INFO - [2024-07-31T19:22:20.350+0000] {dagbag.py:545} INFO - Filling up the DagBag from /home/ubuntu/airflow-venv/lib/python3.12/site-packages/airflow/example_dags/example_time_delta_sensor_async.py
[2024-07-31T19:22:20.355+0000] {processor.py:840} INFO - DAG(s) 'example_time_delta_sensor_async' retrieved from /home/ubuntu/airflow-venv/lib/python3.12/site-packages/airflow/example_dags/example_time_delta_sensor_async.py
[2024-07-31T19:22:20.371+0000] {logging_mixin.py:188} INFO - [2024-07-31T19:22:20.371+0000] {dag.py:3089} INFO - Sync 1 DAGs
[2024-07-31T19:22:20.383+0000] {logging_mixin.py:188} INFO - [2024-07-31T19:22:20.383+0000] {dag.py:3947} INFO - Setting next_dagrun for example_time_delta_sensor_async to None, run_after=None
[2024-07-31T19:22:20.407+0000] {processor.py:183} INFO - Processing /home/ubuntu/airflow-venv/lib/python3.12/site-packages/airflow/example_dags/example_time_delta_sensor_async.py took 0.066 seconds
[2024-07-31T19:23:07.676+0000] {processor.py:161} INFO - Started process (PID=5868) to work on /home/ubuntu/airflow-venv/lib/python3.12/site-packages/airflow/example_dags/example_time_delta_sensor_async.py
[2024-07-31T19:23:07.677+0000] {processor.py:830} INFO - Processing file /home/ubuntu/airflow-venv/lib/python3.12/site-packages/airflow/example_dags/example_time_delta_sensor_async.py for tasks to queue
[2024-07-31T19:23:07.678+0000] {logging_mixin.py:188} INFO - [2024-07-31T19:23:07.677+0000] {dagbag.py:545} INFO - Filling up the DagBag from /home/ubuntu/airflow-venv/lib/python3.12/site-packages/airflow/example_dags/example_time_delta_sensor_async.py
[2024-07-31T19:23:07.683+0000] {processor.py:840} INFO - DAG(s) 'example_time_delta_sensor_async' retrieved from /home/ubuntu/airflow-venv/lib/python3.12/site-packages/airflow/example_dags/example_time_delta_sensor_async.py
[2024-07-31T19:23:07.699+0000] {logging_mixin.py:188} INFO - [2024-07-31T19:23:07.699+0000] {dag.py:3089} INFO - Sync 1 DAGs
[2024-07-31T19:23:07.711+0000] {logging_mixin.py:188} INFO - [2024-07-31T19:23:07.711+0000] {dag.py:3947} INFO - Setting next_dagrun for example_time_delta_sensor_async to None, run_after=None
[2024-07-31T19:23:07.734+0000] {processor.py:183} INFO - Processing /home/ubuntu/airflow-venv/lib/python3.12/site-packages/airflow/example_dags/example_time_delta_sensor_async.py took 0.064 seconds
[2024-07-31T19:24:04.298+0000] {processor.py:161} INFO - Started process (PID=5932) to work on /home/ubuntu/airflow-venv/lib/python3.12/site-packages/airflow/example_dags/example_time_delta_sensor_async.py
[2024-07-31T19:24:04.300+0000] {processor.py:830} INFO - Processing file /home/ubuntu/airflow-venv/lib/python3.12/site-packages/airflow/example_dags/example_time_delta_sensor_async.py for tasks to queue
[2024-07-31T19:24:04.301+0000] {logging_mixin.py:188} INFO - [2024-07-31T19:24:04.300+0000] {dagbag.py:545} INFO - Filling up the DagBag from /home/ubuntu/airflow-venv/lib/python3.12/site-packages/airflow/example_dags/example_time_delta_sensor_async.py
[2024-07-31T19:24:04.305+0000] {processor.py:840} INFO - DAG(s) 'example_time_delta_sensor_async' retrieved from /home/ubuntu/airflow-venv/lib/python3.12/site-packages/airflow/example_dags/example_time_delta_sensor_async.py
[2024-07-31T19:24:04.322+0000] {logging_mixin.py:188} INFO - [2024-07-31T19:24:04.322+0000] {dag.py:3089} INFO - Sync 1 DAGs
[2024-07-31T19:24:04.334+0000] {logging_mixin.py:188} INFO - [2024-07-31T19:24:04.334+0000] {dag.py:3947} INFO - Setting next_dagrun for example_time_delta_sensor_async to None, run_after=None
[2024-07-31T19:24:04.358+0000] {processor.py:183} INFO - Processing /home/ubuntu/airflow-venv/lib/python3.12/site-packages/airflow/example_dags/example_time_delta_sensor_async.py took 0.065 seconds
[2024-07-31T19:24:53.523+0000] {processor.py:161} INFO - Started process (PID=5985) to work on /home/ubuntu/airflow-venv/lib/python3.12/site-packages/airflow/example_dags/example_time_delta_sensor_async.py
[2024-07-31T19:24:53.524+0000] {processor.py:830} INFO - Processing file /home/ubuntu/airflow-venv/lib/python3.12/site-packages/airflow/example_dags/example_time_delta_sensor_async.py for tasks to queue
[2024-07-31T19:24:53.525+0000] {logging_mixin.py:188} INFO - [2024-07-31T19:24:53.525+0000] {dagbag.py:545} INFO - Filling up the DagBag from /home/ubuntu/airflow-venv/lib/python3.12/site-packages/airflow/example_dags/example_time_delta_sensor_async.py
[2024-07-31T19:24:53.530+0000] {processor.py:840} INFO - DAG(s) 'example_time_delta_sensor_async' retrieved from /home/ubuntu/airflow-venv/lib/python3.12/site-packages/airflow/example_dags/example_time_delta_sensor_async.py
[2024-07-31T19:24:53.547+0000] {logging_mixin.py:188} INFO - [2024-07-31T19:24:53.547+0000] {dag.py:3089} INFO - Sync 1 DAGs
[2024-07-31T19:24:53.559+0000] {logging_mixin.py:188} INFO - [2024-07-31T19:24:53.559+0000] {dag.py:3947} INFO - Setting next_dagrun for example_time_delta_sensor_async to None, run_after=None
[2024-07-31T19:24:53.583+0000] {processor.py:183} INFO - Processing /home/ubuntu/airflow-venv/lib/python3.12/site-packages/airflow/example_dags/example_time_delta_sensor_async.py took 0.066 seconds
[2024-07-31T19:25:41.157+0000] {processor.py:161} INFO - Started process (PID=6037) to work on /home/ubuntu/airflow-venv/lib/python3.12/site-packages/airflow/example_dags/example_time_delta_sensor_async.py
[2024-07-31T19:25:41.160+0000] {processor.py:830} INFO - Processing file /home/ubuntu/airflow-venv/lib/python3.12/site-packages/airflow/example_dags/example_time_delta_sensor_async.py for tasks to queue
[2024-07-31T19:25:41.161+0000] {logging_mixin.py:188} INFO - [2024-07-31T19:25:41.161+0000] {dagbag.py:545} INFO - Filling up the DagBag from /home/ubuntu/airflow-venv/lib/python3.12/site-packages/airflow/example_dags/example_time_delta_sensor_async.py
[2024-07-31T19:25:41.166+0000] {processor.py:840} INFO - DAG(s) 'example_time_delta_sensor_async' retrieved from /home/ubuntu/airflow-venv/lib/python3.12/site-packages/airflow/example_dags/example_time_delta_sensor_async.py
[2024-07-31T19:25:41.183+0000] {logging_mixin.py:188} INFO - [2024-07-31T19:25:41.183+0000] {dag.py:3089} INFO - Sync 1 DAGs
[2024-07-31T19:25:41.196+0000] {logging_mixin.py:188} INFO - [2024-07-31T19:25:41.195+0000] {dag.py:3947} INFO - Setting next_dagrun for example_time_delta_sensor_async to None, run_after=None
[2024-07-31T19:25:41.221+0000] {processor.py:183} INFO - Processing /home/ubuntu/airflow-venv/lib/python3.12/site-packages/airflow/example_dags/example_time_delta_sensor_async.py took 0.069 seconds
[2024-07-31T19:26:26.735+0000] {processor.py:161} INFO - Started process (PID=6084) to work on /home/ubuntu/airflow-venv/lib/python3.12/site-packages/airflow/example_dags/example_time_delta_sensor_async.py
[2024-07-31T19:26:26.737+0000] {processor.py:830} INFO - Processing file /home/ubuntu/airflow-venv/lib/python3.12/site-packages/airflow/example_dags/example_time_delta_sensor_async.py for tasks to queue
[2024-07-31T19:26:26.738+0000] {logging_mixin.py:188} INFO - [2024-07-31T19:26:26.738+0000] {dagbag.py:545} INFO - Filling up the DagBag from /home/ubuntu/airflow-venv/lib/python3.12/site-packages/airflow/example_dags/example_time_delta_sensor_async.py
[2024-07-31T19:26:26.743+0000] {processor.py:840} INFO - DAG(s) 'example_time_delta_sensor_async' retrieved from /home/ubuntu/airflow-venv/lib/python3.12/site-packages/airflow/example_dags/example_time_delta_sensor_async.py
[2024-07-31T19:26:26.760+0000] {logging_mixin.py:188} INFO - [2024-07-31T19:26:26.760+0000] {dag.py:3089} INFO - Sync 1 DAGs
[2024-07-31T19:26:26.772+0000] {logging_mixin.py:188} INFO - [2024-07-31T19:26:26.772+0000] {dag.py:3947} INFO - Setting next_dagrun for example_time_delta_sensor_async to None, run_after=None
[2024-07-31T19:26:26.796+0000] {processor.py:183} INFO - Processing /home/ubuntu/airflow-venv/lib/python3.12/site-packages/airflow/example_dags/example_time_delta_sensor_async.py took 0.067 seconds
[2024-07-31T19:27:25.347+0000] {processor.py:161} INFO - Started process (PID=6147) to work on /home/ubuntu/airflow-venv/lib/python3.12/site-packages/airflow/example_dags/example_time_delta_sensor_async.py
[2024-07-31T19:27:25.349+0000] {processor.py:830} INFO - Processing file /home/ubuntu/airflow-venv/lib/python3.12/site-packages/airflow/example_dags/example_time_delta_sensor_async.py for tasks to queue
[2024-07-31T19:27:25.350+0000] {logging_mixin.py:188} INFO - [2024-07-31T19:27:25.350+0000] {dagbag.py:545} INFO - Filling up the DagBag from /home/ubuntu/airflow-venv/lib/python3.12/site-packages/airflow/example_dags/example_time_delta_sensor_async.py
[2024-07-31T19:27:25.355+0000] {processor.py:840} INFO - DAG(s) 'example_time_delta_sensor_async' retrieved from /home/ubuntu/airflow-venv/lib/python3.12/site-packages/airflow/example_dags/example_time_delta_sensor_async.py
[2024-07-31T19:27:25.373+0000] {logging_mixin.py:188} INFO - [2024-07-31T19:27:25.373+0000] {dag.py:3089} INFO - Sync 1 DAGs
[2024-07-31T19:27:25.386+0000] {logging_mixin.py:188} INFO - [2024-07-31T19:27:25.386+0000] {dag.py:3947} INFO - Setting next_dagrun for example_time_delta_sensor_async to None, run_after=None
[2024-07-31T19:27:25.411+0000] {processor.py:183} INFO - Processing /home/ubuntu/airflow-venv/lib/python3.12/site-packages/airflow/example_dags/example_time_delta_sensor_async.py took 0.069 seconds
[2024-07-31T19:28:24.828+0000] {processor.py:161} INFO - Started process (PID=6210) to work on /home/ubuntu/airflow-venv/lib/python3.12/site-packages/airflow/example_dags/example_time_delta_sensor_async.py
[2024-07-31T19:28:24.830+0000] {processor.py:830} INFO - Processing file /home/ubuntu/airflow-venv/lib/python3.12/site-packages/airflow/example_dags/example_time_delta_sensor_async.py for tasks to queue
[2024-07-31T19:28:24.831+0000] {logging_mixin.py:188} INFO - [2024-07-31T19:28:24.830+0000] {dagbag.py:545} INFO - Filling up the DagBag from /home/ubuntu/airflow-venv/lib/python3.12/site-packages/airflow/example_dags/example_time_delta_sensor_async.py
[2024-07-31T19:28:24.835+0000] {processor.py:840} INFO - DAG(s) 'example_time_delta_sensor_async' retrieved from /home/ubuntu/airflow-venv/lib/python3.12/site-packages/airflow/example_dags/example_time_delta_sensor_async.py
[2024-07-31T19:28:24.853+0000] {logging_mixin.py:188} INFO - [2024-07-31T19:28:24.852+0000] {dag.py:3089} INFO - Sync 1 DAGs
[2024-07-31T19:28:24.865+0000] {logging_mixin.py:188} INFO - [2024-07-31T19:28:24.865+0000] {dag.py:3947} INFO - Setting next_dagrun for example_time_delta_sensor_async to None, run_after=None
[2024-07-31T19:28:24.889+0000] {processor.py:183} INFO - Processing /home/ubuntu/airflow-venv/lib/python3.12/site-packages/airflow/example_dags/example_time_delta_sensor_async.py took 0.067 seconds
[2024-07-31T19:29:10.385+0000] {processor.py:161} INFO - Started process (PID=6256) to work on /home/ubuntu/airflow-venv/lib/python3.12/site-packages/airflow/example_dags/example_time_delta_sensor_async.py
[2024-07-31T19:29:10.387+0000] {processor.py:830} INFO - Processing file /home/ubuntu/airflow-venv/lib/python3.12/site-packages/airflow/example_dags/example_time_delta_sensor_async.py for tasks to queue
[2024-07-31T19:29:10.388+0000] {logging_mixin.py:188} INFO - [2024-07-31T19:29:10.387+0000] {dagbag.py:545} INFO - Filling up the DagBag from /home/ubuntu/airflow-venv/lib/python3.12/site-packages/airflow/example_dags/example_time_delta_sensor_async.py
[2024-07-31T19:29:10.393+0000] {processor.py:840} INFO - DAG(s) 'example_time_delta_sensor_async' retrieved from /home/ubuntu/airflow-venv/lib/python3.12/site-packages/airflow/example_dags/example_time_delta_sensor_async.py
[2024-07-31T19:29:10.410+0000] {logging_mixin.py:188} INFO - [2024-07-31T19:29:10.409+0000] {dag.py:3089} INFO - Sync 1 DAGs
[2024-07-31T19:29:10.422+0000] {logging_mixin.py:188} INFO - [2024-07-31T19:29:10.421+0000] {dag.py:3947} INFO - Setting next_dagrun for example_time_delta_sensor_async to None, run_after=None
[2024-07-31T19:29:10.444+0000] {processor.py:183} INFO - Processing /home/ubuntu/airflow-venv/lib/python3.12/site-packages/airflow/example_dags/example_time_delta_sensor_async.py took 0.065 seconds
[2024-07-31T19:29:55.849+0000] {processor.py:161} INFO - Started process (PID=6305) to work on /home/ubuntu/airflow-venv/lib/python3.12/site-packages/airflow/example_dags/example_time_delta_sensor_async.py
[2024-07-31T19:29:55.850+0000] {processor.py:830} INFO - Processing file /home/ubuntu/airflow-venv/lib/python3.12/site-packages/airflow/example_dags/example_time_delta_sensor_async.py for tasks to queue
[2024-07-31T19:29:55.851+0000] {logging_mixin.py:188} INFO - [2024-07-31T19:29:55.851+0000] {dagbag.py:545} INFO - Filling up the DagBag from /home/ubuntu/airflow-venv/lib/python3.12/site-packages/airflow/example_dags/example_time_delta_sensor_async.py
[2024-07-31T19:29:55.856+0000] {processor.py:840} INFO - DAG(s) 'example_time_delta_sensor_async' retrieved from /home/ubuntu/airflow-venv/lib/python3.12/site-packages/airflow/example_dags/example_time_delta_sensor_async.py
[2024-07-31T19:29:55.873+0000] {logging_mixin.py:188} INFO - [2024-07-31T19:29:55.873+0000] {dag.py:3089} INFO - Sync 1 DAGs
[2024-07-31T19:29:55.885+0000] {logging_mixin.py:188} INFO - [2024-07-31T19:29:55.885+0000] {dag.py:3947} INFO - Setting next_dagrun for example_time_delta_sensor_async to None, run_after=None
[2024-07-31T19:29:55.909+0000] {processor.py:183} INFO - Processing /home/ubuntu/airflow-venv/lib/python3.12/site-packages/airflow/example_dags/example_time_delta_sensor_async.py took 0.066 seconds
[2024-07-31T19:30:41.318+0000] {processor.py:161} INFO - Started process (PID=6357) to work on /home/ubuntu/airflow-venv/lib/python3.12/site-packages/airflow/example_dags/example_time_delta_sensor_async.py
[2024-07-31T19:30:41.320+0000] {processor.py:830} INFO - Processing file /home/ubuntu/airflow-venv/lib/python3.12/site-packages/airflow/example_dags/example_time_delta_sensor_async.py for tasks to queue
[2024-07-31T19:30:41.320+0000] {logging_mixin.py:188} INFO - [2024-07-31T19:30:41.320+0000] {dagbag.py:545} INFO - Filling up the DagBag from /home/ubuntu/airflow-venv/lib/python3.12/site-packages/airflow/example_dags/example_time_delta_sensor_async.py
[2024-07-31T19:30:41.325+0000] {processor.py:840} INFO - DAG(s) 'example_time_delta_sensor_async' retrieved from /home/ubuntu/airflow-venv/lib/python3.12/site-packages/airflow/example_dags/example_time_delta_sensor_async.py
[2024-07-31T19:30:41.342+0000] {logging_mixin.py:188} INFO - [2024-07-31T19:30:41.341+0000] {dag.py:3089} INFO - Sync 1 DAGs
[2024-07-31T19:30:41.353+0000] {logging_mixin.py:188} INFO - [2024-07-31T19:30:41.353+0000] {dag.py:3947} INFO - Setting next_dagrun for example_time_delta_sensor_async to None, run_after=None
[2024-07-31T19:30:41.377+0000] {processor.py:183} INFO - Processing /home/ubuntu/airflow-venv/lib/python3.12/site-packages/airflow/example_dags/example_time_delta_sensor_async.py took 0.064 seconds
[2024-07-31T19:31:33.678+0000] {processor.py:161} INFO - Started process (PID=6414) to work on /home/ubuntu/airflow-venv/lib/python3.12/site-packages/airflow/example_dags/example_time_delta_sensor_async.py
[2024-07-31T19:31:33.679+0000] {processor.py:830} INFO - Processing file /home/ubuntu/airflow-venv/lib/python3.12/site-packages/airflow/example_dags/example_time_delta_sensor_async.py for tasks to queue
[2024-07-31T19:31:33.680+0000] {logging_mixin.py:188} INFO - [2024-07-31T19:31:33.680+0000] {dagbag.py:545} INFO - Filling up the DagBag from /home/ubuntu/airflow-venv/lib/python3.12/site-packages/airflow/example_dags/example_time_delta_sensor_async.py
[2024-07-31T19:31:33.685+0000] {processor.py:840} INFO - DAG(s) 'example_time_delta_sensor_async' retrieved from /home/ubuntu/airflow-venv/lib/python3.12/site-packages/airflow/example_dags/example_time_delta_sensor_async.py
[2024-07-31T19:31:33.702+0000] {logging_mixin.py:188} INFO - [2024-07-31T19:31:33.701+0000] {dag.py:3089} INFO - Sync 1 DAGs
[2024-07-31T19:31:33.714+0000] {logging_mixin.py:188} INFO - [2024-07-31T19:31:33.713+0000] {dag.py:3947} INFO - Setting next_dagrun for example_time_delta_sensor_async to None, run_after=None
[2024-07-31T19:31:33.737+0000] {processor.py:183} INFO - Processing /home/ubuntu/airflow-venv/lib/python3.12/site-packages/airflow/example_dags/example_time_delta_sensor_async.py took 0.064 seconds
[2024-07-31T19:32:43.809+0000] {processor.py:161} INFO - Started process (PID=6490) to work on /home/ubuntu/airflow-venv/lib/python3.12/site-packages/airflow/example_dags/example_time_delta_sensor_async.py
[2024-07-31T19:32:43.811+0000] {processor.py:830} INFO - Processing file /home/ubuntu/airflow-venv/lib/python3.12/site-packages/airflow/example_dags/example_time_delta_sensor_async.py for tasks to queue
[2024-07-31T19:32:43.812+0000] {logging_mixin.py:188} INFO - [2024-07-31T19:32:43.811+0000] {dagbag.py:545} INFO - Filling up the DagBag from /home/ubuntu/airflow-venv/lib/python3.12/site-packages/airflow/example_dags/example_time_delta_sensor_async.py
[2024-07-31T19:32:43.817+0000] {processor.py:840} INFO - DAG(s) 'example_time_delta_sensor_async' retrieved from /home/ubuntu/airflow-venv/lib/python3.12/site-packages/airflow/example_dags/example_time_delta_sensor_async.py
[2024-07-31T19:32:43.833+0000] {logging_mixin.py:188} INFO - [2024-07-31T19:32:43.833+0000] {dag.py:3089} INFO - Sync 1 DAGs
[2024-07-31T19:32:43.845+0000] {logging_mixin.py:188} INFO - [2024-07-31T19:32:43.845+0000] {dag.py:3947} INFO - Setting next_dagrun for example_time_delta_sensor_async to None, run_after=None
[2024-07-31T19:32:43.869+0000] {processor.py:183} INFO - Processing /home/ubuntu/airflow-venv/lib/python3.12/site-packages/airflow/example_dags/example_time_delta_sensor_async.py took 0.066 seconds
[2024-07-31T19:33:54.823+0000] {processor.py:161} INFO - Started process (PID=6567) to work on /home/ubuntu/airflow-venv/lib/python3.12/site-packages/airflow/example_dags/example_time_delta_sensor_async.py
[2024-07-31T19:33:54.824+0000] {processor.py:830} INFO - Processing file /home/ubuntu/airflow-venv/lib/python3.12/site-packages/airflow/example_dags/example_time_delta_sensor_async.py for tasks to queue
[2024-07-31T19:33:54.825+0000] {logging_mixin.py:188} INFO - [2024-07-31T19:33:54.825+0000] {dagbag.py:545} INFO - Filling up the DagBag from /home/ubuntu/airflow-venv/lib/python3.12/site-packages/airflow/example_dags/example_time_delta_sensor_async.py
[2024-07-31T19:33:54.830+0000] {processor.py:840} INFO - DAG(s) 'example_time_delta_sensor_async' retrieved from /home/ubuntu/airflow-venv/lib/python3.12/site-packages/airflow/example_dags/example_time_delta_sensor_async.py
[2024-07-31T19:33:54.847+0000] {logging_mixin.py:188} INFO - [2024-07-31T19:33:54.847+0000] {dag.py:3089} INFO - Sync 1 DAGs
[2024-07-31T19:33:54.859+0000] {logging_mixin.py:188} INFO - [2024-07-31T19:33:54.859+0000] {dag.py:3947} INFO - Setting next_dagrun for example_time_delta_sensor_async to None, run_after=None
[2024-07-31T19:33:54.884+0000] {processor.py:183} INFO - Processing /home/ubuntu/airflow-venv/lib/python3.12/site-packages/airflow/example_dags/example_time_delta_sensor_async.py took 0.067 seconds
[2024-07-31T19:34:48.239+0000] {processor.py:161} INFO - Started process (PID=6621) to work on /home/ubuntu/airflow-venv/lib/python3.12/site-packages/airflow/example_dags/example_time_delta_sensor_async.py
[2024-07-31T19:34:48.240+0000] {processor.py:830} INFO - Processing file /home/ubuntu/airflow-venv/lib/python3.12/site-packages/airflow/example_dags/example_time_delta_sensor_async.py for tasks to queue
[2024-07-31T19:34:48.241+0000] {logging_mixin.py:188} INFO - [2024-07-31T19:34:48.241+0000] {dagbag.py:545} INFO - Filling up the DagBag from /home/ubuntu/airflow-venv/lib/python3.12/site-packages/airflow/example_dags/example_time_delta_sensor_async.py
[2024-07-31T19:34:48.246+0000] {processor.py:840} INFO - DAG(s) 'example_time_delta_sensor_async' retrieved from /home/ubuntu/airflow-venv/lib/python3.12/site-packages/airflow/example_dags/example_time_delta_sensor_async.py
[2024-07-31T19:34:48.264+0000] {logging_mixin.py:188} INFO - [2024-07-31T19:34:48.263+0000] {dag.py:3089} INFO - Sync 1 DAGs
[2024-07-31T19:34:48.276+0000] {logging_mixin.py:188} INFO - [2024-07-31T19:34:48.275+0000] {dag.py:3947} INFO - Setting next_dagrun for example_time_delta_sensor_async to None, run_after=None
[2024-07-31T19:34:48.317+0000] {processor.py:183} INFO - Processing /home/ubuntu/airflow-venv/lib/python3.12/site-packages/airflow/example_dags/example_time_delta_sensor_async.py took 0.083 seconds
