[2024-07-31T18:43:47.929+0000] {processor.py:161} INFO - Started process (PID=3505) to work on /home/ubuntu/airflow-venv/lib/python3.12/site-packages/airflow/example_dags/example_bash_operator.py
[2024-07-31T18:43:47.930+0000] {processor.py:830} INFO - Processing file /home/ubuntu/airflow-venv/lib/python3.12/site-packages/airflow/example_dags/example_bash_operator.py for tasks to queue
[2024-07-31T18:43:47.932+0000] {logging_mixin.py:188} INFO - [2024-07-31T18:43:47.931+0000] {dagbag.py:545} INFO - Filling up the DagBag from /home/ubuntu/airflow-venv/lib/python3.12/site-packages/airflow/example_dags/example_bash_operator.py
[2024-07-31T18:43:47.944+0000] {processor.py:840} INFO - DAG(s) 'example_bash_operator' retrieved from /home/ubuntu/airflow-venv/lib/python3.12/site-packages/airflow/example_dags/example_bash_operator.py
[2024-07-31T18:43:48.064+0000] {logging_mixin.py:188} INFO - [2024-07-31T18:43:48.063+0000] {override.py:1858} INFO - Created Permission View: can edit on DAG:example_bash_operator
[2024-07-31T18:43:48.077+0000] {logging_mixin.py:188} INFO - [2024-07-31T18:43:48.077+0000] {override.py:1858} INFO - Created Permission View: can read on DAG:example_bash_operator
[2024-07-31T18:43:48.089+0000] {logging_mixin.py:188} INFO - [2024-07-31T18:43:48.089+0000] {override.py:1858} INFO - Created Permission View: can delete on DAG:example_bash_operator
[2024-07-31T18:43:48.090+0000] {logging_mixin.py:188} INFO - [2024-07-31T18:43:48.089+0000] {dag.py:3089} INFO - Sync 1 DAGs
[2024-07-31T18:43:48.102+0000] {logging_mixin.py:188} INFO - [2024-07-31T18:43:48.102+0000] {dag.py:3111} INFO - Creating ORM DAG for example_bash_operator
[2024-07-31T18:43:48.112+0000] {logging_mixin.py:188} INFO - [2024-07-31T18:43:48.111+0000] {dag.py:3947} INFO - Setting next_dagrun for example_bash_operator to 2024-07-30 00:00:00+00:00, run_after=2024-07-31 00:00:00+00:00
[2024-07-31T18:43:48.135+0000] {processor.py:183} INFO - Processing /home/ubuntu/airflow-venv/lib/python3.12/site-packages/airflow/example_dags/example_bash_operator.py took 0.211 seconds
[2024-07-31T18:44:38.624+0000] {processor.py:161} INFO - Started process (PID=3561) to work on /home/ubuntu/airflow-venv/lib/python3.12/site-packages/airflow/example_dags/example_bash_operator.py
[2024-07-31T18:44:38.626+0000] {processor.py:830} INFO - Processing file /home/ubuntu/airflow-venv/lib/python3.12/site-packages/airflow/example_dags/example_bash_operator.py for tasks to queue
[2024-07-31T18:44:38.627+0000] {logging_mixin.py:188} INFO - [2024-07-31T18:44:38.627+0000] {dagbag.py:545} INFO - Filling up the DagBag from /home/ubuntu/airflow-venv/lib/python3.12/site-packages/airflow/example_dags/example_bash_operator.py
[2024-07-31T18:44:38.639+0000] {processor.py:840} INFO - DAG(s) 'example_bash_operator' retrieved from /home/ubuntu/airflow-venv/lib/python3.12/site-packages/airflow/example_dags/example_bash_operator.py
[2024-07-31T18:44:38.663+0000] {logging_mixin.py:188} INFO - [2024-07-31T18:44:38.663+0000] {dag.py:3089} INFO - Sync 1 DAGs
[2024-07-31T18:44:38.683+0000] {logging_mixin.py:188} INFO - [2024-07-31T18:44:38.683+0000] {dag.py:3947} INFO - Setting next_dagrun for example_bash_operator to 2024-07-30 00:00:00+00:00, run_after=2024-07-31 00:00:00+00:00
[2024-07-31T18:44:38.707+0000] {processor.py:183} INFO - Processing /home/ubuntu/airflow-venv/lib/python3.12/site-packages/airflow/example_dags/example_bash_operator.py took 0.088 seconds
[2024-07-31T18:45:41.283+0000] {processor.py:161} INFO - Started process (PID=3634) to work on /home/ubuntu/airflow-venv/lib/python3.12/site-packages/airflow/example_dags/example_bash_operator.py
[2024-07-31T18:45:41.284+0000] {processor.py:830} INFO - Processing file /home/ubuntu/airflow-venv/lib/python3.12/site-packages/airflow/example_dags/example_bash_operator.py for tasks to queue
[2024-07-31T18:45:41.286+0000] {logging_mixin.py:188} INFO - [2024-07-31T18:45:41.286+0000] {dagbag.py:545} INFO - Filling up the DagBag from /home/ubuntu/airflow-venv/lib/python3.12/site-packages/airflow/example_dags/example_bash_operator.py
[2024-07-31T18:45:41.298+0000] {processor.py:840} INFO - DAG(s) 'example_bash_operator' retrieved from /home/ubuntu/airflow-venv/lib/python3.12/site-packages/airflow/example_dags/example_bash_operator.py
[2024-07-31T18:45:41.322+0000] {logging_mixin.py:188} INFO - [2024-07-31T18:45:41.322+0000] {dag.py:3089} INFO - Sync 1 DAGs
[2024-07-31T18:45:41.343+0000] {logging_mixin.py:188} INFO - [2024-07-31T18:45:41.343+0000] {dag.py:3947} INFO - Setting next_dagrun for example_bash_operator to 2024-07-30 00:00:00+00:00, run_after=2024-07-31 00:00:00+00:00
[2024-07-31T18:45:41.367+0000] {processor.py:183} INFO - Processing /home/ubuntu/airflow-venv/lib/python3.12/site-packages/airflow/example_dags/example_bash_operator.py took 0.090 seconds
[2024-07-31T18:46:43.231+0000] {processor.py:161} INFO - Started process (PID=3855) to work on /home/ubuntu/airflow-venv/lib/python3.12/site-packages/airflow/example_dags/example_bash_operator.py
[2024-07-31T18:46:43.233+0000] {processor.py:830} INFO - Processing file /home/ubuntu/airflow-venv/lib/python3.12/site-packages/airflow/example_dags/example_bash_operator.py for tasks to queue
[2024-07-31T18:46:43.236+0000] {logging_mixin.py:188} INFO - [2024-07-31T18:46:43.236+0000] {dagbag.py:545} INFO - Filling up the DagBag from /home/ubuntu/airflow-venv/lib/python3.12/site-packages/airflow/example_dags/example_bash_operator.py
[2024-07-31T18:46:43.249+0000] {processor.py:840} INFO - DAG(s) 'example_bash_operator' retrieved from /home/ubuntu/airflow-venv/lib/python3.12/site-packages/airflow/example_dags/example_bash_operator.py
[2024-07-31T18:46:43.274+0000] {logging_mixin.py:188} INFO - [2024-07-31T18:46:43.274+0000] {dag.py:3089} INFO - Sync 1 DAGs
[2024-07-31T18:46:43.296+0000] {logging_mixin.py:188} INFO - [2024-07-31T18:46:43.295+0000] {dag.py:3947} INFO - Setting next_dagrun for example_bash_operator to 2024-07-30 00:00:00+00:00, run_after=2024-07-31 00:00:00+00:00
[2024-07-31T18:46:43.320+0000] {processor.py:183} INFO - Processing /home/ubuntu/airflow-venv/lib/python3.12/site-packages/airflow/example_dags/example_bash_operator.py took 0.095 seconds
[2024-07-31T18:47:42.487+0000] {processor.py:161} INFO - Started process (PID=3953) to work on /home/ubuntu/airflow-venv/lib/python3.12/site-packages/airflow/example_dags/example_bash_operator.py
[2024-07-31T18:47:42.489+0000] {processor.py:830} INFO - Processing file /home/ubuntu/airflow-venv/lib/python3.12/site-packages/airflow/example_dags/example_bash_operator.py for tasks to queue
[2024-07-31T18:47:42.490+0000] {logging_mixin.py:188} INFO - [2024-07-31T18:47:42.490+0000] {dagbag.py:545} INFO - Filling up the DagBag from /home/ubuntu/airflow-venv/lib/python3.12/site-packages/airflow/example_dags/example_bash_operator.py
[2024-07-31T18:47:42.502+0000] {processor.py:840} INFO - DAG(s) 'example_bash_operator' retrieved from /home/ubuntu/airflow-venv/lib/python3.12/site-packages/airflow/example_dags/example_bash_operator.py
[2024-07-31T18:47:42.526+0000] {logging_mixin.py:188} INFO - [2024-07-31T18:47:42.525+0000] {dag.py:3089} INFO - Sync 1 DAGs
[2024-07-31T18:47:42.547+0000] {logging_mixin.py:188} INFO - [2024-07-31T18:47:42.547+0000] {dag.py:3947} INFO - Setting next_dagrun for example_bash_operator to 2024-07-30 00:00:00+00:00, run_after=2024-07-31 00:00:00+00:00
[2024-07-31T18:47:42.570+0000] {processor.py:183} INFO - Processing /home/ubuntu/airflow-venv/lib/python3.12/site-packages/airflow/example_dags/example_bash_operator.py took 0.089 seconds
[2024-07-31T18:48:36.064+0000] {processor.py:161} INFO - Started process (PID=4179) to work on /home/ubuntu/airflow-venv/lib/python3.12/site-packages/airflow/example_dags/example_bash_operator.py
[2024-07-31T18:48:36.065+0000] {processor.py:830} INFO - Processing file /home/ubuntu/airflow-venv/lib/python3.12/site-packages/airflow/example_dags/example_bash_operator.py for tasks to queue
[2024-07-31T18:48:36.067+0000] {logging_mixin.py:188} INFO - [2024-07-31T18:48:36.066+0000] {dagbag.py:545} INFO - Filling up the DagBag from /home/ubuntu/airflow-venv/lib/python3.12/site-packages/airflow/example_dags/example_bash_operator.py
[2024-07-31T18:48:36.079+0000] {processor.py:840} INFO - DAG(s) 'example_bash_operator' retrieved from /home/ubuntu/airflow-venv/lib/python3.12/site-packages/airflow/example_dags/example_bash_operator.py
[2024-07-31T18:48:36.104+0000] {logging_mixin.py:188} INFO - [2024-07-31T18:48:36.103+0000] {dag.py:3089} INFO - Sync 1 DAGs
[2024-07-31T18:48:36.126+0000] {logging_mixin.py:188} INFO - [2024-07-31T18:48:36.125+0000] {dag.py:3947} INFO - Setting next_dagrun for example_bash_operator to 2024-07-30 00:00:00+00:00, run_after=2024-07-31 00:00:00+00:00
[2024-07-31T18:48:36.152+0000] {processor.py:183} INFO - Processing /home/ubuntu/airflow-venv/lib/python3.12/site-packages/airflow/example_dags/example_bash_operator.py took 0.094 seconds
[2024-07-31T18:49:36.765+0000] {processor.py:161} INFO - Started process (PID=4243) to work on /home/ubuntu/airflow-venv/lib/python3.12/site-packages/airflow/example_dags/example_bash_operator.py
[2024-07-31T18:49:36.767+0000] {processor.py:830} INFO - Processing file /home/ubuntu/airflow-venv/lib/python3.12/site-packages/airflow/example_dags/example_bash_operator.py for tasks to queue
[2024-07-31T18:49:36.768+0000] {logging_mixin.py:188} INFO - [2024-07-31T18:49:36.768+0000] {dagbag.py:545} INFO - Filling up the DagBag from /home/ubuntu/airflow-venv/lib/python3.12/site-packages/airflow/example_dags/example_bash_operator.py
[2024-07-31T18:49:36.780+0000] {processor.py:840} INFO - DAG(s) 'example_bash_operator' retrieved from /home/ubuntu/airflow-venv/lib/python3.12/site-packages/airflow/example_dags/example_bash_operator.py
[2024-07-31T18:49:36.804+0000] {logging_mixin.py:188} INFO - [2024-07-31T18:49:36.804+0000] {dag.py:3089} INFO - Sync 1 DAGs
[2024-07-31T18:49:36.825+0000] {logging_mixin.py:188} INFO - [2024-07-31T18:49:36.825+0000] {dag.py:3947} INFO - Setting next_dagrun for example_bash_operator to 2024-07-30 00:00:00+00:00, run_after=2024-07-31 00:00:00+00:00
[2024-07-31T18:49:36.848+0000] {processor.py:183} INFO - Processing /home/ubuntu/airflow-venv/lib/python3.12/site-packages/airflow/example_dags/example_bash_operator.py took 0.089 seconds
[2024-07-31T18:50:36.179+0000] {processor.py:161} INFO - Started process (PID=4309) to work on /home/ubuntu/airflow-venv/lib/python3.12/site-packages/airflow/example_dags/example_bash_operator.py
[2024-07-31T18:50:36.181+0000] {processor.py:830} INFO - Processing file /home/ubuntu/airflow-venv/lib/python3.12/site-packages/airflow/example_dags/example_bash_operator.py for tasks to queue
[2024-07-31T18:50:36.182+0000] {logging_mixin.py:188} INFO - [2024-07-31T18:50:36.182+0000] {dagbag.py:545} INFO - Filling up the DagBag from /home/ubuntu/airflow-venv/lib/python3.12/site-packages/airflow/example_dags/example_bash_operator.py
[2024-07-31T18:50:36.194+0000] {processor.py:840} INFO - DAG(s) 'example_bash_operator' retrieved from /home/ubuntu/airflow-venv/lib/python3.12/site-packages/airflow/example_dags/example_bash_operator.py
[2024-07-31T18:50:36.218+0000] {logging_mixin.py:188} INFO - [2024-07-31T18:50:36.217+0000] {dag.py:3089} INFO - Sync 1 DAGs
[2024-07-31T18:50:36.238+0000] {logging_mixin.py:188} INFO - [2024-07-31T18:50:36.238+0000] {dag.py:3947} INFO - Setting next_dagrun for example_bash_operator to 2024-07-30 00:00:00+00:00, run_after=2024-07-31 00:00:00+00:00
[2024-07-31T18:50:36.266+0000] {processor.py:183} INFO - Processing /home/ubuntu/airflow-venv/lib/python3.12/site-packages/airflow/example_dags/example_bash_operator.py took 0.092 seconds
[2024-07-31T18:51:34.989+0000] {processor.py:161} INFO - Started process (PID=4373) to work on /home/ubuntu/airflow-venv/lib/python3.12/site-packages/airflow/example_dags/example_bash_operator.py
[2024-07-31T18:51:34.991+0000] {processor.py:830} INFO - Processing file /home/ubuntu/airflow-venv/lib/python3.12/site-packages/airflow/example_dags/example_bash_operator.py for tasks to queue
[2024-07-31T18:51:34.992+0000] {logging_mixin.py:188} INFO - [2024-07-31T18:51:34.992+0000] {dagbag.py:545} INFO - Filling up the DagBag from /home/ubuntu/airflow-venv/lib/python3.12/site-packages/airflow/example_dags/example_bash_operator.py
[2024-07-31T18:51:35.004+0000] {processor.py:840} INFO - DAG(s) 'example_bash_operator' retrieved from /home/ubuntu/airflow-venv/lib/python3.12/site-packages/airflow/example_dags/example_bash_operator.py
[2024-07-31T18:51:35.028+0000] {logging_mixin.py:188} INFO - [2024-07-31T18:51:35.028+0000] {dag.py:3089} INFO - Sync 1 DAGs
[2024-07-31T18:51:35.049+0000] {logging_mixin.py:188} INFO - [2024-07-31T18:51:35.049+0000] {dag.py:3947} INFO - Setting next_dagrun for example_bash_operator to 2024-07-30 00:00:00+00:00, run_after=2024-07-31 00:00:00+00:00
[2024-07-31T18:51:35.072+0000] {processor.py:183} INFO - Processing /home/ubuntu/airflow-venv/lib/python3.12/site-packages/airflow/example_dags/example_bash_operator.py took 0.089 seconds
[2024-07-31T18:52:33.097+0000] {processor.py:161} INFO - Started process (PID=4434) to work on /home/ubuntu/airflow-venv/lib/python3.12/site-packages/airflow/example_dags/example_bash_operator.py
[2024-07-31T18:52:33.098+0000] {processor.py:830} INFO - Processing file /home/ubuntu/airflow-venv/lib/python3.12/site-packages/airflow/example_dags/example_bash_operator.py for tasks to queue
[2024-07-31T18:52:33.100+0000] {logging_mixin.py:188} INFO - [2024-07-31T18:52:33.100+0000] {dagbag.py:545} INFO - Filling up the DagBag from /home/ubuntu/airflow-venv/lib/python3.12/site-packages/airflow/example_dags/example_bash_operator.py
[2024-07-31T18:52:33.112+0000] {processor.py:840} INFO - DAG(s) 'example_bash_operator' retrieved from /home/ubuntu/airflow-venv/lib/python3.12/site-packages/airflow/example_dags/example_bash_operator.py
[2024-07-31T18:52:33.135+0000] {logging_mixin.py:188} INFO - [2024-07-31T18:52:33.135+0000] {dag.py:3089} INFO - Sync 1 DAGs
[2024-07-31T18:52:33.156+0000] {logging_mixin.py:188} INFO - [2024-07-31T18:52:33.156+0000] {dag.py:3947} INFO - Setting next_dagrun for example_bash_operator to 2024-07-30 00:00:00+00:00, run_after=2024-07-31 00:00:00+00:00
[2024-07-31T18:52:33.181+0000] {processor.py:183} INFO - Processing /home/ubuntu/airflow-venv/lib/python3.12/site-packages/airflow/example_dags/example_bash_operator.py took 0.090 seconds
[2024-07-31T18:53:34.932+0000] {processor.py:161} INFO - Started process (PID=4503) to work on /home/ubuntu/airflow-venv/lib/python3.12/site-packages/airflow/example_dags/example_bash_operator.py
[2024-07-31T18:53:34.933+0000] {processor.py:830} INFO - Processing file /home/ubuntu/airflow-venv/lib/python3.12/site-packages/airflow/example_dags/example_bash_operator.py for tasks to queue
[2024-07-31T18:53:34.934+0000] {logging_mixin.py:188} INFO - [2024-07-31T18:53:34.933+0000] {dagbag.py:545} INFO - Filling up the DagBag from /home/ubuntu/airflow-venv/lib/python3.12/site-packages/airflow/example_dags/example_bash_operator.py
[2024-07-31T18:53:34.946+0000] {processor.py:840} INFO - DAG(s) 'example_bash_operator' retrieved from /home/ubuntu/airflow-venv/lib/python3.12/site-packages/airflow/example_dags/example_bash_operator.py
[2024-07-31T18:53:34.970+0000] {logging_mixin.py:188} INFO - [2024-07-31T18:53:34.970+0000] {dag.py:3089} INFO - Sync 1 DAGs
[2024-07-31T18:53:34.990+0000] {logging_mixin.py:188} INFO - [2024-07-31T18:53:34.990+0000] {dag.py:3947} INFO - Setting next_dagrun for example_bash_operator to 2024-07-30 00:00:00+00:00, run_after=2024-07-31 00:00:00+00:00
[2024-07-31T18:53:35.015+0000] {processor.py:183} INFO - Processing /home/ubuntu/airflow-venv/lib/python3.12/site-packages/airflow/example_dags/example_bash_operator.py took 0.089 seconds
[2024-07-31T18:54:35.230+0000] {processor.py:161} INFO - Started process (PID=4570) to work on /home/ubuntu/airflow-venv/lib/python3.12/site-packages/airflow/example_dags/example_bash_operator.py
[2024-07-31T18:54:35.231+0000] {processor.py:830} INFO - Processing file /home/ubuntu/airflow-venv/lib/python3.12/site-packages/airflow/example_dags/example_bash_operator.py for tasks to queue
[2024-07-31T18:54:35.232+0000] {logging_mixin.py:188} INFO - [2024-07-31T18:54:35.232+0000] {dagbag.py:545} INFO - Filling up the DagBag from /home/ubuntu/airflow-venv/lib/python3.12/site-packages/airflow/example_dags/example_bash_operator.py
[2024-07-31T18:54:35.244+0000] {processor.py:840} INFO - DAG(s) 'example_bash_operator' retrieved from /home/ubuntu/airflow-venv/lib/python3.12/site-packages/airflow/example_dags/example_bash_operator.py
[2024-07-31T18:54:35.269+0000] {logging_mixin.py:188} INFO - [2024-07-31T18:54:35.268+0000] {dag.py:3089} INFO - Sync 1 DAGs
[2024-07-31T18:54:35.290+0000] {logging_mixin.py:188} INFO - [2024-07-31T18:54:35.290+0000] {dag.py:3947} INFO - Setting next_dagrun for example_bash_operator to 2024-07-30 00:00:00+00:00, run_after=2024-07-31 00:00:00+00:00
[2024-07-31T18:54:35.315+0000] {processor.py:183} INFO - Processing /home/ubuntu/airflow-venv/lib/python3.12/site-packages/airflow/example_dags/example_bash_operator.py took 0.091 seconds
[2024-07-31T18:55:36.882+0000] {processor.py:161} INFO - Started process (PID=4640) to work on /home/ubuntu/airflow-venv/lib/python3.12/site-packages/airflow/example_dags/example_bash_operator.py
[2024-07-31T18:55:36.884+0000] {processor.py:830} INFO - Processing file /home/ubuntu/airflow-venv/lib/python3.12/site-packages/airflow/example_dags/example_bash_operator.py for tasks to queue
[2024-07-31T18:55:36.884+0000] {logging_mixin.py:188} INFO - [2024-07-31T18:55:36.884+0000] {dagbag.py:545} INFO - Filling up the DagBag from /home/ubuntu/airflow-venv/lib/python3.12/site-packages/airflow/example_dags/example_bash_operator.py
[2024-07-31T18:55:36.896+0000] {processor.py:840} INFO - DAG(s) 'example_bash_operator' retrieved from /home/ubuntu/airflow-venv/lib/python3.12/site-packages/airflow/example_dags/example_bash_operator.py
[2024-07-31T18:55:36.920+0000] {logging_mixin.py:188} INFO - [2024-07-31T18:55:36.920+0000] {dag.py:3089} INFO - Sync 1 DAGs
[2024-07-31T18:55:36.940+0000] {logging_mixin.py:188} INFO - [2024-07-31T18:55:36.940+0000] {dag.py:3947} INFO - Setting next_dagrun for example_bash_operator to 2024-07-30 00:00:00+00:00, run_after=2024-07-31 00:00:00+00:00
[2024-07-31T18:55:36.964+0000] {processor.py:183} INFO - Processing /home/ubuntu/airflow-venv/lib/python3.12/site-packages/airflow/example_dags/example_bash_operator.py took 0.088 seconds
[2024-07-31T18:56:44.737+0000] {processor.py:161} INFO - Started process (PID=4990) to work on /home/ubuntu/airflow-venv/lib/python3.12/site-packages/airflow/example_dags/example_bash_operator.py
[2024-07-31T18:56:44.741+0000] {processor.py:830} INFO - Processing file /home/ubuntu/airflow-venv/lib/python3.12/site-packages/airflow/example_dags/example_bash_operator.py for tasks to queue
[2024-07-31T18:56:44.742+0000] {logging_mixin.py:188} INFO - [2024-07-31T18:56:44.741+0000] {dagbag.py:545} INFO - Filling up the DagBag from /home/ubuntu/airflow-venv/lib/python3.12/site-packages/airflow/example_dags/example_bash_operator.py
[2024-07-31T18:56:44.759+0000] {processor.py:840} INFO - DAG(s) 'example_bash_operator' retrieved from /home/ubuntu/airflow-venv/lib/python3.12/site-packages/airflow/example_dags/example_bash_operator.py
[2024-07-31T18:56:44.795+0000] {logging_mixin.py:188} INFO - [2024-07-31T18:56:44.795+0000] {dag.py:3089} INFO - Sync 1 DAGs
[2024-07-31T18:56:44.823+0000] {logging_mixin.py:188} INFO - [2024-07-31T18:56:44.822+0000] {dag.py:3947} INFO - Setting next_dagrun for example_bash_operator to 2024-07-30 00:00:00+00:00, run_after=2024-07-31 00:00:00+00:00
[2024-07-31T18:56:44.859+0000] {processor.py:183} INFO - Processing /home/ubuntu/airflow-venv/lib/python3.12/site-packages/airflow/example_dags/example_bash_operator.py took 0.132 seconds
[2024-07-31T18:57:53.596+0000] {processor.py:161} INFO - Started process (PID=5094) to work on /home/ubuntu/airflow-venv/lib/python3.12/site-packages/airflow/example_dags/example_bash_operator.py
[2024-07-31T18:57:53.599+0000] {processor.py:830} INFO - Processing file /home/ubuntu/airflow-venv/lib/python3.12/site-packages/airflow/example_dags/example_bash_operator.py for tasks to queue
[2024-07-31T18:57:53.600+0000] {logging_mixin.py:188} INFO - [2024-07-31T18:57:53.599+0000] {dagbag.py:545} INFO - Filling up the DagBag from /home/ubuntu/airflow-venv/lib/python3.12/site-packages/airflow/example_dags/example_bash_operator.py
[2024-07-31T18:57:53.612+0000] {processor.py:840} INFO - DAG(s) 'example_bash_operator' retrieved from /home/ubuntu/airflow-venv/lib/python3.12/site-packages/airflow/example_dags/example_bash_operator.py
[2024-07-31T18:57:53.636+0000] {logging_mixin.py:188} INFO - [2024-07-31T18:57:53.636+0000] {dag.py:3089} INFO - Sync 1 DAGs
[2024-07-31T18:57:53.656+0000] {logging_mixin.py:188} INFO - [2024-07-31T18:57:53.656+0000] {dag.py:3947} INFO - Setting next_dagrun for example_bash_operator to 2024-07-30 00:00:00+00:00, run_after=2024-07-31 00:00:00+00:00
[2024-07-31T18:57:53.679+0000] {processor.py:183} INFO - Processing /home/ubuntu/airflow-venv/lib/python3.12/site-packages/airflow/example_dags/example_bash_operator.py took 0.088 seconds
[2024-07-31T18:59:00.169+0000] {processor.py:161} INFO - Started process (PID=5166) to work on /home/ubuntu/airflow-venv/lib/python3.12/site-packages/airflow/example_dags/example_bash_operator.py
[2024-07-31T18:59:00.171+0000] {processor.py:830} INFO - Processing file /home/ubuntu/airflow-venv/lib/python3.12/site-packages/airflow/example_dags/example_bash_operator.py for tasks to queue
[2024-07-31T18:59:00.172+0000] {logging_mixin.py:188} INFO - [2024-07-31T18:59:00.171+0000] {dagbag.py:545} INFO - Filling up the DagBag from /home/ubuntu/airflow-venv/lib/python3.12/site-packages/airflow/example_dags/example_bash_operator.py
[2024-07-31T18:59:00.190+0000] {processor.py:840} INFO - DAG(s) 'example_bash_operator' retrieved from /home/ubuntu/airflow-venv/lib/python3.12/site-packages/airflow/example_dags/example_bash_operator.py
[2024-07-31T18:59:00.227+0000] {logging_mixin.py:188} INFO - [2024-07-31T18:59:00.227+0000] {dag.py:3089} INFO - Sync 1 DAGs
[2024-07-31T18:59:00.255+0000] {logging_mixin.py:188} INFO - [2024-07-31T18:59:00.255+0000] {dag.py:3947} INFO - Setting next_dagrun for example_bash_operator to 2024-07-30 00:00:00+00:00, run_after=2024-07-31 00:00:00+00:00
[2024-07-31T18:59:00.286+0000] {processor.py:183} INFO - Processing /home/ubuntu/airflow-venv/lib/python3.12/site-packages/airflow/example_dags/example_bash_operator.py took 0.127 seconds
[2024-07-31T19:00:03.288+0000] {processor.py:161} INFO - Started process (PID=5233) to work on /home/ubuntu/airflow-venv/lib/python3.12/site-packages/airflow/example_dags/example_bash_operator.py
[2024-07-31T19:00:03.289+0000] {processor.py:830} INFO - Processing file /home/ubuntu/airflow-venv/lib/python3.12/site-packages/airflow/example_dags/example_bash_operator.py for tasks to queue
[2024-07-31T19:00:03.290+0000] {logging_mixin.py:188} INFO - [2024-07-31T19:00:03.290+0000] {dagbag.py:545} INFO - Filling up the DagBag from /home/ubuntu/airflow-venv/lib/python3.12/site-packages/airflow/example_dags/example_bash_operator.py
[2024-07-31T19:00:03.302+0000] {processor.py:840} INFO - DAG(s) 'example_bash_operator' retrieved from /home/ubuntu/airflow-venv/lib/python3.12/site-packages/airflow/example_dags/example_bash_operator.py
[2024-07-31T19:00:03.326+0000] {logging_mixin.py:188} INFO - [2024-07-31T19:00:03.326+0000] {dag.py:3089} INFO - Sync 1 DAGs
[2024-07-31T19:00:03.348+0000] {logging_mixin.py:188} INFO - [2024-07-31T19:00:03.348+0000] {dag.py:3947} INFO - Setting next_dagrun for example_bash_operator to 2024-07-30 00:00:00+00:00, run_after=2024-07-31 00:00:00+00:00
[2024-07-31T19:00:03.373+0000] {processor.py:183} INFO - Processing /home/ubuntu/airflow-venv/lib/python3.12/site-packages/airflow/example_dags/example_bash_operator.py took 0.091 seconds
[2024-07-31T19:01:11.529+0000] {processor.py:161} INFO - Started process (PID=5306) to work on /home/ubuntu/airflow-venv/lib/python3.12/site-packages/airflow/example_dags/example_bash_operator.py
[2024-07-31T19:01:11.590+0000] {processor.py:830} INFO - Processing file /home/ubuntu/airflow-venv/lib/python3.12/site-packages/airflow/example_dags/example_bash_operator.py for tasks to queue
[2024-07-31T19:01:11.591+0000] {logging_mixin.py:188} INFO - [2024-07-31T19:01:11.590+0000] {dagbag.py:545} INFO - Filling up the DagBag from /home/ubuntu/airflow-venv/lib/python3.12/site-packages/airflow/example_dags/example_bash_operator.py
[2024-07-31T19:01:11.603+0000] {processor.py:840} INFO - DAG(s) 'example_bash_operator' retrieved from /home/ubuntu/airflow-venv/lib/python3.12/site-packages/airflow/example_dags/example_bash_operator.py
[2024-07-31T19:01:11.627+0000] {logging_mixin.py:188} INFO - [2024-07-31T19:01:11.627+0000] {dag.py:3089} INFO - Sync 1 DAGs
[2024-07-31T19:01:11.649+0000] {logging_mixin.py:188} INFO - [2024-07-31T19:01:11.648+0000] {dag.py:3947} INFO - Setting next_dagrun for example_bash_operator to 2024-07-30 00:00:00+00:00, run_after=2024-07-31 00:00:00+00:00
[2024-07-31T19:01:11.792+0000] {processor.py:183} INFO - Processing /home/ubuntu/airflow-venv/lib/python3.12/site-packages/airflow/example_dags/example_bash_operator.py took 0.269 seconds
[2024-07-31T19:02:20.328+0000] {processor.py:161} INFO - Started process (PID=5376) to work on /home/ubuntu/airflow-venv/lib/python3.12/site-packages/airflow/example_dags/example_bash_operator.py
[2024-07-31T19:02:20.329+0000] {processor.py:830} INFO - Processing file /home/ubuntu/airflow-venv/lib/python3.12/site-packages/airflow/example_dags/example_bash_operator.py for tasks to queue
[2024-07-31T19:02:20.330+0000] {logging_mixin.py:188} INFO - [2024-07-31T19:02:20.330+0000] {dagbag.py:545} INFO - Filling up the DagBag from /home/ubuntu/airflow-venv/lib/python3.12/site-packages/airflow/example_dags/example_bash_operator.py
[2024-07-31T19:02:20.342+0000] {processor.py:840} INFO - DAG(s) 'example_bash_operator' retrieved from /home/ubuntu/airflow-venv/lib/python3.12/site-packages/airflow/example_dags/example_bash_operator.py
[2024-07-31T19:02:20.367+0000] {logging_mixin.py:188} INFO - [2024-07-31T19:02:20.366+0000] {dag.py:3089} INFO - Sync 1 DAGs
[2024-07-31T19:02:20.387+0000] {logging_mixin.py:188} INFO - [2024-07-31T19:02:20.387+0000] {dag.py:3947} INFO - Setting next_dagrun for example_bash_operator to 2024-07-30 00:00:00+00:00, run_after=2024-07-31 00:00:00+00:00
[2024-07-31T19:02:20.412+0000] {processor.py:183} INFO - Processing /home/ubuntu/airflow-venv/lib/python3.12/site-packages/airflow/example_dags/example_bash_operator.py took 0.090 seconds
[2024-07-31T19:03:26.033+0000] {processor.py:161} INFO - Started process (PID=5445) to work on /home/ubuntu/airflow-venv/lib/python3.12/site-packages/airflow/example_dags/example_bash_operator.py
[2024-07-31T19:03:26.037+0000] {processor.py:830} INFO - Processing file /home/ubuntu/airflow-venv/lib/python3.12/site-packages/airflow/example_dags/example_bash_operator.py for tasks to queue
[2024-07-31T19:03:26.037+0000] {logging_mixin.py:188} INFO - [2024-07-31T19:03:26.037+0000] {dagbag.py:545} INFO - Filling up the DagBag from /home/ubuntu/airflow-venv/lib/python3.12/site-packages/airflow/example_dags/example_bash_operator.py
[2024-07-31T19:03:26.049+0000] {processor.py:840} INFO - DAG(s) 'example_bash_operator' retrieved from /home/ubuntu/airflow-venv/lib/python3.12/site-packages/airflow/example_dags/example_bash_operator.py
[2024-07-31T19:03:26.074+0000] {logging_mixin.py:188} INFO - [2024-07-31T19:03:26.074+0000] {dag.py:3089} INFO - Sync 1 DAGs
[2024-07-31T19:03:26.095+0000] {logging_mixin.py:188} INFO - [2024-07-31T19:03:26.095+0000] {dag.py:3947} INFO - Setting next_dagrun for example_bash_operator to 2024-07-30 00:00:00+00:00, run_after=2024-07-31 00:00:00+00:00
[2024-07-31T19:03:26.120+0000] {processor.py:183} INFO - Processing /home/ubuntu/airflow-venv/lib/python3.12/site-packages/airflow/example_dags/example_bash_operator.py took 0.093 seconds
[2024-07-31T19:19:30.080+0000] {processor.py:161} INFO - Started process (PID=5647) to work on /home/ubuntu/airflow-venv/lib/python3.12/site-packages/airflow/example_dags/example_bash_operator.py
[2024-07-31T19:19:30.082+0000] {processor.py:830} INFO - Processing file /home/ubuntu/airflow-venv/lib/python3.12/site-packages/airflow/example_dags/example_bash_operator.py for tasks to queue
[2024-07-31T19:19:30.084+0000] {logging_mixin.py:188} INFO - [2024-07-31T19:19:30.083+0000] {dagbag.py:545} INFO - Filling up the DagBag from /home/ubuntu/airflow-venv/lib/python3.12/site-packages/airflow/example_dags/example_bash_operator.py
[2024-07-31T19:19:30.095+0000] {processor.py:840} INFO - DAG(s) 'example_bash_operator' retrieved from /home/ubuntu/airflow-venv/lib/python3.12/site-packages/airflow/example_dags/example_bash_operator.py
[2024-07-31T19:19:30.206+0000] {logging_mixin.py:188} INFO - [2024-07-31T19:19:30.205+0000] {dag.py:3089} INFO - Sync 1 DAGs
[2024-07-31T19:19:30.224+0000] {logging_mixin.py:188} INFO - [2024-07-31T19:19:30.224+0000] {dag.py:3947} INFO - Setting next_dagrun for example_bash_operator to 2024-07-30 00:00:00+00:00, run_after=2024-07-31 00:00:00+00:00
[2024-07-31T19:19:30.249+0000] {processor.py:183} INFO - Processing /home/ubuntu/airflow-venv/lib/python3.12/site-packages/airflow/example_dags/example_bash_operator.py took 0.175 seconds
[2024-07-31T19:20:27.937+0000] {processor.py:161} INFO - Started process (PID=5703) to work on /home/ubuntu/airflow-venv/lib/python3.12/site-packages/airflow/example_dags/example_bash_operator.py
[2024-07-31T19:20:27.938+0000] {processor.py:830} INFO - Processing file /home/ubuntu/airflow-venv/lib/python3.12/site-packages/airflow/example_dags/example_bash_operator.py for tasks to queue
[2024-07-31T19:20:27.940+0000] {logging_mixin.py:188} INFO - [2024-07-31T19:20:27.939+0000] {dagbag.py:545} INFO - Filling up the DagBag from /home/ubuntu/airflow-venv/lib/python3.12/site-packages/airflow/example_dags/example_bash_operator.py
[2024-07-31T19:20:27.952+0000] {processor.py:840} INFO - DAG(s) 'example_bash_operator' retrieved from /home/ubuntu/airflow-venv/lib/python3.12/site-packages/airflow/example_dags/example_bash_operator.py
[2024-07-31T19:20:27.976+0000] {logging_mixin.py:188} INFO - [2024-07-31T19:20:27.976+0000] {dag.py:3089} INFO - Sync 1 DAGs
[2024-07-31T19:20:27.997+0000] {logging_mixin.py:188} INFO - [2024-07-31T19:20:27.997+0000] {dag.py:3947} INFO - Setting next_dagrun for example_bash_operator to 2024-07-30 00:00:00+00:00, run_after=2024-07-31 00:00:00+00:00
[2024-07-31T19:20:28.025+0000] {processor.py:183} INFO - Processing /home/ubuntu/airflow-venv/lib/python3.12/site-packages/airflow/example_dags/example_bash_operator.py took 0.094 seconds
[2024-07-31T19:21:39.764+0000] {processor.py:161} INFO - Started process (PID=5778) to work on /home/ubuntu/airflow-venv/lib/python3.12/site-packages/airflow/example_dags/example_bash_operator.py
[2024-07-31T19:21:39.765+0000] {processor.py:830} INFO - Processing file /home/ubuntu/airflow-venv/lib/python3.12/site-packages/airflow/example_dags/example_bash_operator.py for tasks to queue
[2024-07-31T19:21:39.767+0000] {logging_mixin.py:188} INFO - [2024-07-31T19:21:39.767+0000] {dagbag.py:545} INFO - Filling up the DagBag from /home/ubuntu/airflow-venv/lib/python3.12/site-packages/airflow/example_dags/example_bash_operator.py
[2024-07-31T19:21:39.779+0000] {processor.py:840} INFO - DAG(s) 'example_bash_operator' retrieved from /home/ubuntu/airflow-venv/lib/python3.12/site-packages/airflow/example_dags/example_bash_operator.py
[2024-07-31T19:21:39.803+0000] {logging_mixin.py:188} INFO - [2024-07-31T19:21:39.803+0000] {dag.py:3089} INFO - Sync 1 DAGs
[2024-07-31T19:21:39.824+0000] {logging_mixin.py:188} INFO - [2024-07-31T19:21:39.824+0000] {dag.py:3947} INFO - Setting next_dagrun for example_bash_operator to 2024-07-30 00:00:00+00:00, run_after=2024-07-31 00:00:00+00:00
[2024-07-31T19:21:39.847+0000] {processor.py:183} INFO - Processing /home/ubuntu/airflow-venv/lib/python3.12/site-packages/airflow/example_dags/example_bash_operator.py took 0.089 seconds
[2024-07-31T19:22:51.814+0000] {processor.py:161} INFO - Started process (PID=5851) to work on /home/ubuntu/airflow-venv/lib/python3.12/site-packages/airflow/example_dags/example_bash_operator.py
[2024-07-31T19:22:51.816+0000] {processor.py:830} INFO - Processing file /home/ubuntu/airflow-venv/lib/python3.12/site-packages/airflow/example_dags/example_bash_operator.py for tasks to queue
[2024-07-31T19:22:51.816+0000] {logging_mixin.py:188} INFO - [2024-07-31T19:22:51.816+0000] {dagbag.py:545} INFO - Filling up the DagBag from /home/ubuntu/airflow-venv/lib/python3.12/site-packages/airflow/example_dags/example_bash_operator.py
[2024-07-31T19:22:51.829+0000] {processor.py:840} INFO - DAG(s) 'example_bash_operator' retrieved from /home/ubuntu/airflow-venv/lib/python3.12/site-packages/airflow/example_dags/example_bash_operator.py
[2024-07-31T19:22:51.853+0000] {logging_mixin.py:188} INFO - [2024-07-31T19:22:51.853+0000] {dag.py:3089} INFO - Sync 1 DAGs
[2024-07-31T19:22:51.874+0000] {logging_mixin.py:188} INFO - [2024-07-31T19:22:51.873+0000] {dag.py:3947} INFO - Setting next_dagrun for example_bash_operator to 2024-07-30 00:00:00+00:00, run_after=2024-07-31 00:00:00+00:00
[2024-07-31T19:22:51.898+0000] {processor.py:183} INFO - Processing /home/ubuntu/airflow-venv/lib/python3.12/site-packages/airflow/example_dags/example_bash_operator.py took 0.090 seconds
[2024-07-31T19:24:01.424+0000] {processor.py:161} INFO - Started process (PID=5928) to work on /home/ubuntu/airflow-venv/lib/python3.12/site-packages/airflow/example_dags/example_bash_operator.py
[2024-07-31T19:24:01.426+0000] {processor.py:830} INFO - Processing file /home/ubuntu/airflow-venv/lib/python3.12/site-packages/airflow/example_dags/example_bash_operator.py for tasks to queue
[2024-07-31T19:24:01.426+0000] {logging_mixin.py:188} INFO - [2024-07-31T19:24:01.426+0000] {dagbag.py:545} INFO - Filling up the DagBag from /home/ubuntu/airflow-venv/lib/python3.12/site-packages/airflow/example_dags/example_bash_operator.py
[2024-07-31T19:24:01.438+0000] {processor.py:840} INFO - DAG(s) 'example_bash_operator' retrieved from /home/ubuntu/airflow-venv/lib/python3.12/site-packages/airflow/example_dags/example_bash_operator.py
[2024-07-31T19:24:01.463+0000] {logging_mixin.py:188} INFO - [2024-07-31T19:24:01.462+0000] {dag.py:3089} INFO - Sync 1 DAGs
[2024-07-31T19:24:01.484+0000] {logging_mixin.py:188} INFO - [2024-07-31T19:24:01.483+0000] {dag.py:3947} INFO - Setting next_dagrun for example_bash_operator to 2024-07-30 00:00:00+00:00, run_after=2024-07-31 00:00:00+00:00
[2024-07-31T19:24:01.508+0000] {processor.py:183} INFO - Processing /home/ubuntu/airflow-venv/lib/python3.12/site-packages/airflow/example_dags/example_bash_operator.py took 0.089 seconds
[2024-07-31T19:25:11.220+0000] {processor.py:161} INFO - Started process (PID=6005) to work on /home/ubuntu/airflow-venv/lib/python3.12/site-packages/airflow/example_dags/example_bash_operator.py
[2024-07-31T19:25:11.222+0000] {processor.py:830} INFO - Processing file /home/ubuntu/airflow-venv/lib/python3.12/site-packages/airflow/example_dags/example_bash_operator.py for tasks to queue
[2024-07-31T19:25:11.223+0000] {logging_mixin.py:188} INFO - [2024-07-31T19:25:11.223+0000] {dagbag.py:545} INFO - Filling up the DagBag from /home/ubuntu/airflow-venv/lib/python3.12/site-packages/airflow/example_dags/example_bash_operator.py
[2024-07-31T19:25:11.235+0000] {processor.py:840} INFO - DAG(s) 'example_bash_operator' retrieved from /home/ubuntu/airflow-venv/lib/python3.12/site-packages/airflow/example_dags/example_bash_operator.py
[2024-07-31T19:25:11.260+0000] {logging_mixin.py:188} INFO - [2024-07-31T19:25:11.260+0000] {dag.py:3089} INFO - Sync 1 DAGs
[2024-07-31T19:25:11.282+0000] {logging_mixin.py:188} INFO - [2024-07-31T19:25:11.282+0000] {dag.py:3947} INFO - Setting next_dagrun for example_bash_operator to 2024-07-30 00:00:00+00:00, run_after=2024-07-31 00:00:00+00:00
[2024-07-31T19:25:11.307+0000] {processor.py:183} INFO - Processing /home/ubuntu/airflow-venv/lib/python3.12/site-packages/airflow/example_dags/example_bash_operator.py took 0.092 seconds
[2024-07-31T19:26:22.710+0000] {processor.py:161} INFO - Started process (PID=6080) to work on /home/ubuntu/airflow-venv/lib/python3.12/site-packages/airflow/example_dags/example_bash_operator.py
[2024-07-31T19:26:22.712+0000] {processor.py:830} INFO - Processing file /home/ubuntu/airflow-venv/lib/python3.12/site-packages/airflow/example_dags/example_bash_operator.py for tasks to queue
[2024-07-31T19:26:22.713+0000] {logging_mixin.py:188} INFO - [2024-07-31T19:26:22.712+0000] {dagbag.py:545} INFO - Filling up the DagBag from /home/ubuntu/airflow-venv/lib/python3.12/site-packages/airflow/example_dags/example_bash_operator.py
[2024-07-31T19:26:22.725+0000] {processor.py:840} INFO - DAG(s) 'example_bash_operator' retrieved from /home/ubuntu/airflow-venv/lib/python3.12/site-packages/airflow/example_dags/example_bash_operator.py
[2024-07-31T19:26:22.749+0000] {logging_mixin.py:188} INFO - [2024-07-31T19:26:22.749+0000] {dag.py:3089} INFO - Sync 1 DAGs
[2024-07-31T19:26:22.770+0000] {logging_mixin.py:188} INFO - [2024-07-31T19:26:22.770+0000] {dag.py:3947} INFO - Setting next_dagrun for example_bash_operator to 2024-07-30 00:00:00+00:00, run_after=2024-07-31 00:00:00+00:00
[2024-07-31T19:26:22.793+0000] {processor.py:183} INFO - Processing /home/ubuntu/airflow-venv/lib/python3.12/site-packages/airflow/example_dags/example_bash_operator.py took 0.089 seconds
[2024-07-31T19:27:21.976+0000] {processor.py:161} INFO - Started process (PID=6144) to work on /home/ubuntu/airflow-venv/lib/python3.12/site-packages/airflow/example_dags/example_bash_operator.py
[2024-07-31T19:27:21.978+0000] {processor.py:830} INFO - Processing file /home/ubuntu/airflow-venv/lib/python3.12/site-packages/airflow/example_dags/example_bash_operator.py for tasks to queue
[2024-07-31T19:27:21.979+0000] {logging_mixin.py:188} INFO - [2024-07-31T19:27:21.978+0000] {dagbag.py:545} INFO - Filling up the DagBag from /home/ubuntu/airflow-venv/lib/python3.12/site-packages/airflow/example_dags/example_bash_operator.py
[2024-07-31T19:27:21.991+0000] {processor.py:840} INFO - DAG(s) 'example_bash_operator' retrieved from /home/ubuntu/airflow-venv/lib/python3.12/site-packages/airflow/example_dags/example_bash_operator.py
[2024-07-31T19:27:22.016+0000] {logging_mixin.py:188} INFO - [2024-07-31T19:27:22.015+0000] {dag.py:3089} INFO - Sync 1 DAGs
[2024-07-31T19:27:22.037+0000] {logging_mixin.py:188} INFO - [2024-07-31T19:27:22.037+0000] {dag.py:3947} INFO - Setting next_dagrun for example_bash_operator to 2024-07-30 00:00:00+00:00, run_after=2024-07-31 00:00:00+00:00
[2024-07-31T19:27:22.062+0000] {processor.py:183} INFO - Processing /home/ubuntu/airflow-venv/lib/python3.12/site-packages/airflow/example_dags/example_bash_operator.py took 0.091 seconds
[2024-07-31T19:28:23.505+0000] {processor.py:161} INFO - Started process (PID=6208) to work on /home/ubuntu/airflow-venv/lib/python3.12/site-packages/airflow/example_dags/example_bash_operator.py
[2024-07-31T19:28:23.507+0000] {processor.py:830} INFO - Processing file /home/ubuntu/airflow-venv/lib/python3.12/site-packages/airflow/example_dags/example_bash_operator.py for tasks to queue
[2024-07-31T19:28:23.508+0000] {logging_mixin.py:188} INFO - [2024-07-31T19:28:23.507+0000] {dagbag.py:545} INFO - Filling up the DagBag from /home/ubuntu/airflow-venv/lib/python3.12/site-packages/airflow/example_dags/example_bash_operator.py
[2024-07-31T19:28:23.520+0000] {processor.py:840} INFO - DAG(s) 'example_bash_operator' retrieved from /home/ubuntu/airflow-venv/lib/python3.12/site-packages/airflow/example_dags/example_bash_operator.py
[2024-07-31T19:28:23.545+0000] {logging_mixin.py:188} INFO - [2024-07-31T19:28:23.544+0000] {dag.py:3089} INFO - Sync 1 DAGs
[2024-07-31T19:28:23.566+0000] {logging_mixin.py:188} INFO - [2024-07-31T19:28:23.565+0000] {dag.py:3947} INFO - Setting next_dagrun for example_bash_operator to 2024-07-30 00:00:00+00:00, run_after=2024-07-31 00:00:00+00:00
[2024-07-31T19:28:23.591+0000] {processor.py:183} INFO - Processing /home/ubuntu/airflow-venv/lib/python3.12/site-packages/airflow/example_dags/example_bash_operator.py took 0.092 seconds
[2024-07-31T19:29:32.190+0000] {processor.py:161} INFO - Started process (PID=6280) to work on /home/ubuntu/airflow-venv/lib/python3.12/site-packages/airflow/example_dags/example_bash_operator.py
[2024-07-31T19:29:32.191+0000] {processor.py:830} INFO - Processing file /home/ubuntu/airflow-venv/lib/python3.12/site-packages/airflow/example_dags/example_bash_operator.py for tasks to queue
[2024-07-31T19:29:32.192+0000] {logging_mixin.py:188} INFO - [2024-07-31T19:29:32.191+0000] {dagbag.py:545} INFO - Filling up the DagBag from /home/ubuntu/airflow-venv/lib/python3.12/site-packages/airflow/example_dags/example_bash_operator.py
[2024-07-31T19:29:32.204+0000] {processor.py:840} INFO - DAG(s) 'example_bash_operator' retrieved from /home/ubuntu/airflow-venv/lib/python3.12/site-packages/airflow/example_dags/example_bash_operator.py
[2024-07-31T19:29:32.228+0000] {logging_mixin.py:188} INFO - [2024-07-31T19:29:32.228+0000] {dag.py:3089} INFO - Sync 1 DAGs
[2024-07-31T19:29:32.248+0000] {logging_mixin.py:188} INFO - [2024-07-31T19:29:32.248+0000] {dag.py:3947} INFO - Setting next_dagrun for example_bash_operator to 2024-07-30 00:00:00+00:00, run_after=2024-07-31 00:00:00+00:00
[2024-07-31T19:29:32.273+0000] {processor.py:183} INFO - Processing /home/ubuntu/airflow-venv/lib/python3.12/site-packages/airflow/example_dags/example_bash_operator.py took 0.089 seconds
[2024-07-31T19:30:39.001+0000] {processor.py:161} INFO - Started process (PID=6355) to work on /home/ubuntu/airflow-venv/lib/python3.12/site-packages/airflow/example_dags/example_bash_operator.py
[2024-07-31T19:30:39.003+0000] {processor.py:830} INFO - Processing file /home/ubuntu/airflow-venv/lib/python3.12/site-packages/airflow/example_dags/example_bash_operator.py for tasks to queue
[2024-07-31T19:30:39.004+0000] {logging_mixin.py:188} INFO - [2024-07-31T19:30:39.003+0000] {dagbag.py:545} INFO - Filling up the DagBag from /home/ubuntu/airflow-venv/lib/python3.12/site-packages/airflow/example_dags/example_bash_operator.py
[2024-07-31T19:30:39.016+0000] {processor.py:840} INFO - DAG(s) 'example_bash_operator' retrieved from /home/ubuntu/airflow-venv/lib/python3.12/site-packages/airflow/example_dags/example_bash_operator.py
[2024-07-31T19:30:39.041+0000] {logging_mixin.py:188} INFO - [2024-07-31T19:30:39.040+0000] {dag.py:3089} INFO - Sync 1 DAGs
[2024-07-31T19:30:39.061+0000] {logging_mixin.py:188} INFO - [2024-07-31T19:30:39.061+0000] {dag.py:3947} INFO - Setting next_dagrun for example_bash_operator to 2024-07-30 00:00:00+00:00, run_after=2024-07-31 00:00:00+00:00
[2024-07-31T19:30:39.086+0000] {processor.py:183} INFO - Processing /home/ubuntu/airflow-venv/lib/python3.12/site-packages/airflow/example_dags/example_bash_operator.py took 0.091 seconds
[2024-07-31T19:31:54.174+0000] {processor.py:161} INFO - Started process (PID=6434) to work on /home/ubuntu/airflow-venv/lib/python3.12/site-packages/airflow/example_dags/example_bash_operator.py
[2024-07-31T19:31:54.177+0000] {processor.py:830} INFO - Processing file /home/ubuntu/airflow-venv/lib/python3.12/site-packages/airflow/example_dags/example_bash_operator.py for tasks to queue
[2024-07-31T19:31:54.177+0000] {logging_mixin.py:188} INFO - [2024-07-31T19:31:54.177+0000] {dagbag.py:545} INFO - Filling up the DagBag from /home/ubuntu/airflow-venv/lib/python3.12/site-packages/airflow/example_dags/example_bash_operator.py
[2024-07-31T19:31:54.189+0000] {processor.py:840} INFO - DAG(s) 'example_bash_operator' retrieved from /home/ubuntu/airflow-venv/lib/python3.12/site-packages/airflow/example_dags/example_bash_operator.py
[2024-07-31T19:31:54.213+0000] {logging_mixin.py:188} INFO - [2024-07-31T19:31:54.213+0000] {dag.py:3089} INFO - Sync 1 DAGs
[2024-07-31T19:31:54.233+0000] {logging_mixin.py:188} INFO - [2024-07-31T19:31:54.233+0000] {dag.py:3947} INFO - Setting next_dagrun for example_bash_operator to 2024-07-30 00:00:00+00:00, run_after=2024-07-31 00:00:00+00:00
[2024-07-31T19:31:54.256+0000] {processor.py:183} INFO - Processing /home/ubuntu/airflow-venv/lib/python3.12/site-packages/airflow/example_dags/example_bash_operator.py took 0.088 seconds
[2024-07-31T19:33:04.380+0000] {processor.py:161} INFO - Started process (PID=6512) to work on /home/ubuntu/airflow-venv/lib/python3.12/site-packages/airflow/example_dags/example_bash_operator.py
[2024-07-31T19:33:04.381+0000] {processor.py:830} INFO - Processing file /home/ubuntu/airflow-venv/lib/python3.12/site-packages/airflow/example_dags/example_bash_operator.py for tasks to queue
[2024-07-31T19:33:04.382+0000] {logging_mixin.py:188} INFO - [2024-07-31T19:33:04.382+0000] {dagbag.py:545} INFO - Filling up the DagBag from /home/ubuntu/airflow-venv/lib/python3.12/site-packages/airflow/example_dags/example_bash_operator.py
[2024-07-31T19:33:04.395+0000] {processor.py:840} INFO - DAG(s) 'example_bash_operator' retrieved from /home/ubuntu/airflow-venv/lib/python3.12/site-packages/airflow/example_dags/example_bash_operator.py
[2024-07-31T19:33:04.419+0000] {logging_mixin.py:188} INFO - [2024-07-31T19:33:04.419+0000] {dag.py:3089} INFO - Sync 1 DAGs
[2024-07-31T19:33:04.441+0000] {logging_mixin.py:188} INFO - [2024-07-31T19:33:04.441+0000] {dag.py:3947} INFO - Setting next_dagrun for example_bash_operator to 2024-07-30 00:00:00+00:00, run_after=2024-07-31 00:00:00+00:00
[2024-07-31T19:33:04.465+0000] {processor.py:183} INFO - Processing /home/ubuntu/airflow-venv/lib/python3.12/site-packages/airflow/example_dags/example_bash_operator.py took 0.091 seconds
[2024-07-31T19:34:16.631+0000] {processor.py:161} INFO - Started process (PID=6588) to work on /home/ubuntu/airflow-venv/lib/python3.12/site-packages/airflow/example_dags/example_bash_operator.py
[2024-07-31T19:34:16.632+0000] {processor.py:830} INFO - Processing file /home/ubuntu/airflow-venv/lib/python3.12/site-packages/airflow/example_dags/example_bash_operator.py for tasks to queue
[2024-07-31T19:34:16.633+0000] {logging_mixin.py:188} INFO - [2024-07-31T19:34:16.633+0000] {dagbag.py:545} INFO - Filling up the DagBag from /home/ubuntu/airflow-venv/lib/python3.12/site-packages/airflow/example_dags/example_bash_operator.py
[2024-07-31T19:34:16.645+0000] {processor.py:840} INFO - DAG(s) 'example_bash_operator' retrieved from /home/ubuntu/airflow-venv/lib/python3.12/site-packages/airflow/example_dags/example_bash_operator.py
[2024-07-31T19:34:16.670+0000] {logging_mixin.py:188} INFO - [2024-07-31T19:34:16.670+0000] {dag.py:3089} INFO - Sync 1 DAGs
[2024-07-31T19:34:16.692+0000] {logging_mixin.py:188} INFO - [2024-07-31T19:34:16.691+0000] {dag.py:3947} INFO - Setting next_dagrun for example_bash_operator to 2024-07-30 00:00:00+00:00, run_after=2024-07-31 00:00:00+00:00
[2024-07-31T19:34:16.717+0000] {processor.py:183} INFO - Processing /home/ubuntu/airflow-venv/lib/python3.12/site-packages/airflow/example_dags/example_bash_operator.py took 0.092 seconds
