[2024-07-31T18:43:05.151+0000] {processor.py:161} INFO - Started process (PID=3445) to work on /home/ubuntu/airflow-venv/lib/python3.12/site-packages/airflow/example_dags/example_xcomargs.py
[2024-07-31T18:43:05.152+0000] {processor.py:830} INFO - Processing file /home/ubuntu/airflow-venv/lib/python3.12/site-packages/airflow/example_dags/example_xcomargs.py for tasks to queue
[2024-07-31T18:43:05.154+0000] {logging_mixin.py:188} INFO - [2024-07-31T18:43:05.154+0000] {dagbag.py:545} INFO - Filling up the DagBag from /home/ubuntu/airflow-venv/lib/python3.12/site-packages/airflow/example_dags/example_xcomargs.py
[2024-07-31T18:43:05.165+0000] {processor.py:840} INFO - DAG(s) 'example_xcom_args', 'example_xcom_args_with_operators' retrieved from /home/ubuntu/airflow-venv/lib/python3.12/site-packages/airflow/example_dags/example_xcomargs.py
[2024-07-31T18:43:05.287+0000] {logging_mixin.py:188} INFO - [2024-07-31T18:43:05.284+0000] {override.py:1858} INFO - Created Permission View: can edit on DAG:example_xcom_args
[2024-07-31T18:43:05.300+0000] {logging_mixin.py:188} INFO - [2024-07-31T18:43:05.300+0000] {override.py:1858} INFO - Created Permission View: can read on DAG:example_xcom_args
[2024-07-31T18:43:05.311+0000] {logging_mixin.py:188} INFO - [2024-07-31T18:43:05.311+0000] {override.py:1858} INFO - Created Permission View: can delete on DAG:example_xcom_args
[2024-07-31T18:43:05.337+0000] {logging_mixin.py:188} INFO - [2024-07-31T18:43:05.336+0000] {override.py:1858} INFO - Created Permission View: can edit on DAG:example_xcom_args_with_operators
[2024-07-31T18:43:05.348+0000] {logging_mixin.py:188} INFO - [2024-07-31T18:43:05.347+0000] {override.py:1858} INFO - Created Permission View: can read on DAG:example_xcom_args_with_operators
[2024-07-31T18:43:05.358+0000] {logging_mixin.py:188} INFO - [2024-07-31T18:43:05.357+0000] {override.py:1858} INFO - Created Permission View: can delete on DAG:example_xcom_args_with_operators
[2024-07-31T18:43:05.358+0000] {logging_mixin.py:188} INFO - [2024-07-31T18:43:05.358+0000] {dag.py:3089} INFO - Sync 2 DAGs
[2024-07-31T18:43:05.369+0000] {logging_mixin.py:188} INFO - [2024-07-31T18:43:05.368+0000] {dag.py:3111} INFO - Creating ORM DAG for example_xcom_args_with_operators
[2024-07-31T18:43:05.369+0000] {logging_mixin.py:188} INFO - [2024-07-31T18:43:05.369+0000] {dag.py:3111} INFO - Creating ORM DAG for example_xcom_args
[2024-07-31T18:43:05.370+0000] {logging_mixin.py:188} INFO - [2024-07-31T18:43:05.370+0000] {dag.py:3947} INFO - Setting next_dagrun for example_xcom_args to None, run_after=None
[2024-07-31T18:43:05.371+0000] {logging_mixin.py:188} INFO - [2024-07-31T18:43:05.370+0000] {dag.py:3947} INFO - Setting next_dagrun for example_xcom_args_with_operators to None, run_after=None
[2024-07-31T18:43:05.393+0000] {processor.py:183} INFO - Processing /home/ubuntu/airflow-venv/lib/python3.12/site-packages/airflow/example_dags/example_xcomargs.py took 0.248 seconds
[2024-07-31T18:44:04.651+0000] {processor.py:161} INFO - Started process (PID=3522) to work on /home/ubuntu/airflow-venv/lib/python3.12/site-packages/airflow/example_dags/example_xcomargs.py
[2024-07-31T18:44:04.652+0000] {processor.py:830} INFO - Processing file /home/ubuntu/airflow-venv/lib/python3.12/site-packages/airflow/example_dags/example_xcomargs.py for tasks to queue
[2024-07-31T18:44:04.654+0000] {logging_mixin.py:188} INFO - [2024-07-31T18:44:04.654+0000] {dagbag.py:545} INFO - Filling up the DagBag from /home/ubuntu/airflow-venv/lib/python3.12/site-packages/airflow/example_dags/example_xcomargs.py
[2024-07-31T18:44:04.663+0000] {processor.py:840} INFO - DAG(s) 'example_xcom_args_with_operators', 'example_xcom_args' retrieved from /home/ubuntu/airflow-venv/lib/python3.12/site-packages/airflow/example_dags/example_xcomargs.py
[2024-07-31T18:44:04.682+0000] {logging_mixin.py:188} INFO - [2024-07-31T18:44:04.682+0000] {dag.py:3089} INFO - Sync 2 DAGs
[2024-07-31T18:44:04.695+0000] {logging_mixin.py:188} INFO - [2024-07-31T18:44:04.695+0000] {dag.py:3947} INFO - Setting next_dagrun for example_xcom_args to None, run_after=None
[2024-07-31T18:44:04.699+0000] {logging_mixin.py:188} INFO - [2024-07-31T18:44:04.698+0000] {dag.py:3947} INFO - Setting next_dagrun for example_xcom_args_with_operators to None, run_after=None
[2024-07-31T18:44:04.722+0000] {processor.py:183} INFO - Processing /home/ubuntu/airflow-venv/lib/python3.12/site-packages/airflow/example_dags/example_xcomargs.py took 0.077 seconds
[2024-07-31T18:44:51.633+0000] {processor.py:161} INFO - Started process (PID=3576) to work on /home/ubuntu/airflow-venv/lib/python3.12/site-packages/airflow/example_dags/example_xcomargs.py
[2024-07-31T18:44:51.634+0000] {processor.py:830} INFO - Processing file /home/ubuntu/airflow-venv/lib/python3.12/site-packages/airflow/example_dags/example_xcomargs.py for tasks to queue
[2024-07-31T18:44:51.636+0000] {logging_mixin.py:188} INFO - [2024-07-31T18:44:51.635+0000] {dagbag.py:545} INFO - Filling up the DagBag from /home/ubuntu/airflow-venv/lib/python3.12/site-packages/airflow/example_dags/example_xcomargs.py
[2024-07-31T18:44:51.645+0000] {processor.py:840} INFO - DAG(s) 'example_xcom_args', 'example_xcom_args_with_operators' retrieved from /home/ubuntu/airflow-venv/lib/python3.12/site-packages/airflow/example_dags/example_xcomargs.py
[2024-07-31T18:44:51.663+0000] {logging_mixin.py:188} INFO - [2024-07-31T18:44:51.662+0000] {dag.py:3089} INFO - Sync 2 DAGs
[2024-07-31T18:44:51.675+0000] {logging_mixin.py:188} INFO - [2024-07-31T18:44:51.675+0000] {dag.py:3947} INFO - Setting next_dagrun for example_xcom_args to None, run_after=None
[2024-07-31T18:44:51.678+0000] {logging_mixin.py:188} INFO - [2024-07-31T18:44:51.678+0000] {dag.py:3947} INFO - Setting next_dagrun for example_xcom_args_with_operators to None, run_after=None
[2024-07-31T18:44:51.699+0000] {processor.py:183} INFO - Processing /home/ubuntu/airflow-venv/lib/python3.12/site-packages/airflow/example_dags/example_xcomargs.py took 0.072 seconds
[2024-07-31T18:45:42.429+0000] {processor.py:161} INFO - Started process (PID=3635) to work on /home/ubuntu/airflow-venv/lib/python3.12/site-packages/airflow/example_dags/example_xcomargs.py
[2024-07-31T18:45:42.431+0000] {processor.py:830} INFO - Processing file /home/ubuntu/airflow-venv/lib/python3.12/site-packages/airflow/example_dags/example_xcomargs.py for tasks to queue
[2024-07-31T18:45:42.432+0000] {logging_mixin.py:188} INFO - [2024-07-31T18:45:42.432+0000] {dagbag.py:545} INFO - Filling up the DagBag from /home/ubuntu/airflow-venv/lib/python3.12/site-packages/airflow/example_dags/example_xcomargs.py
[2024-07-31T18:45:42.441+0000] {processor.py:840} INFO - DAG(s) 'example_xcom_args_with_operators', 'example_xcom_args' retrieved from /home/ubuntu/airflow-venv/lib/python3.12/site-packages/airflow/example_dags/example_xcomargs.py
[2024-07-31T18:45:42.460+0000] {logging_mixin.py:188} INFO - [2024-07-31T18:45:42.460+0000] {dag.py:3089} INFO - Sync 2 DAGs
[2024-07-31T18:45:42.472+0000] {logging_mixin.py:188} INFO - [2024-07-31T18:45:42.472+0000] {dag.py:3947} INFO - Setting next_dagrun for example_xcom_args to None, run_after=None
[2024-07-31T18:45:42.475+0000] {logging_mixin.py:188} INFO - [2024-07-31T18:45:42.475+0000] {dag.py:3947} INFO - Setting next_dagrun for example_xcom_args_with_operators to None, run_after=None
[2024-07-31T18:45:42.496+0000] {processor.py:183} INFO - Processing /home/ubuntu/airflow-venv/lib/python3.12/site-packages/airflow/example_dags/example_xcomargs.py took 0.073 seconds
[2024-07-31T18:46:24.106+0000] {processor.py:161} INFO - Started process (PID=3679) to work on /home/ubuntu/airflow-venv/lib/python3.12/site-packages/airflow/example_dags/example_xcomargs.py
[2024-07-31T18:46:24.107+0000] {processor.py:830} INFO - Processing file /home/ubuntu/airflow-venv/lib/python3.12/site-packages/airflow/example_dags/example_xcomargs.py for tasks to queue
[2024-07-31T18:46:24.109+0000] {logging_mixin.py:188} INFO - [2024-07-31T18:46:24.108+0000] {dagbag.py:545} INFO - Filling up the DagBag from /home/ubuntu/airflow-venv/lib/python3.12/site-packages/airflow/example_dags/example_xcomargs.py
[2024-07-31T18:46:24.118+0000] {processor.py:840} INFO - DAG(s) 'example_xcom_args', 'example_xcom_args_with_operators' retrieved from /home/ubuntu/airflow-venv/lib/python3.12/site-packages/airflow/example_dags/example_xcomargs.py
[2024-07-31T18:46:24.136+0000] {logging_mixin.py:188} INFO - [2024-07-31T18:46:24.136+0000] {dag.py:3089} INFO - Sync 2 DAGs
[2024-07-31T18:46:24.149+0000] {logging_mixin.py:188} INFO - [2024-07-31T18:46:24.149+0000] {dag.py:3947} INFO - Setting next_dagrun for example_xcom_args to None, run_after=None
[2024-07-31T18:46:24.152+0000] {logging_mixin.py:188} INFO - [2024-07-31T18:46:24.152+0000] {dag.py:3947} INFO - Setting next_dagrun for example_xcom_args_with_operators to None, run_after=None
[2024-07-31T18:46:24.176+0000] {processor.py:183} INFO - Processing /home/ubuntu/airflow-venv/lib/python3.12/site-packages/airflow/example_dags/example_xcomargs.py took 0.075 seconds
[2024-07-31T18:47:04.656+0000] {processor.py:161} INFO - Started process (PID=3913) to work on /home/ubuntu/airflow-venv/lib/python3.12/site-packages/airflow/example_dags/example_xcomargs.py
[2024-07-31T18:47:04.657+0000] {processor.py:830} INFO - Processing file /home/ubuntu/airflow-venv/lib/python3.12/site-packages/airflow/example_dags/example_xcomargs.py for tasks to queue
[2024-07-31T18:47:04.659+0000] {logging_mixin.py:188} INFO - [2024-07-31T18:47:04.658+0000] {dagbag.py:545} INFO - Filling up the DagBag from /home/ubuntu/airflow-venv/lib/python3.12/site-packages/airflow/example_dags/example_xcomargs.py
[2024-07-31T18:47:04.668+0000] {processor.py:840} INFO - DAG(s) 'example_xcom_args', 'example_xcom_args_with_operators' retrieved from /home/ubuntu/airflow-venv/lib/python3.12/site-packages/airflow/example_dags/example_xcomargs.py
[2024-07-31T18:47:04.687+0000] {logging_mixin.py:188} INFO - [2024-07-31T18:47:04.686+0000] {dag.py:3089} INFO - Sync 2 DAGs
[2024-07-31T18:47:04.699+0000] {logging_mixin.py:188} INFO - [2024-07-31T18:47:04.699+0000] {dag.py:3947} INFO - Setting next_dagrun for example_xcom_args to None, run_after=None
[2024-07-31T18:47:04.702+0000] {logging_mixin.py:188} INFO - [2024-07-31T18:47:04.702+0000] {dag.py:3947} INFO - Setting next_dagrun for example_xcom_args_with_operators to None, run_after=None
[2024-07-31T18:47:04.800+0000] {processor.py:183} INFO - Processing /home/ubuntu/airflow-venv/lib/python3.12/site-packages/airflow/example_dags/example_xcomargs.py took 0.150 seconds
[2024-07-31T18:47:46.497+0000] {processor.py:161} INFO - Started process (PID=3958) to work on /home/ubuntu/airflow-venv/lib/python3.12/site-packages/airflow/example_dags/example_xcomargs.py
[2024-07-31T18:47:46.499+0000] {processor.py:830} INFO - Processing file /home/ubuntu/airflow-venv/lib/python3.12/site-packages/airflow/example_dags/example_xcomargs.py for tasks to queue
[2024-07-31T18:47:46.501+0000] {logging_mixin.py:188} INFO - [2024-07-31T18:47:46.500+0000] {dagbag.py:545} INFO - Filling up the DagBag from /home/ubuntu/airflow-venv/lib/python3.12/site-packages/airflow/example_dags/example_xcomargs.py
[2024-07-31T18:47:46.510+0000] {processor.py:840} INFO - DAG(s) 'example_xcom_args', 'example_xcom_args_with_operators' retrieved from /home/ubuntu/airflow-venv/lib/python3.12/site-packages/airflow/example_dags/example_xcomargs.py
[2024-07-31T18:47:46.529+0000] {logging_mixin.py:188} INFO - [2024-07-31T18:47:46.528+0000] {dag.py:3089} INFO - Sync 2 DAGs
[2024-07-31T18:47:46.542+0000] {logging_mixin.py:188} INFO - [2024-07-31T18:47:46.541+0000] {dag.py:3947} INFO - Setting next_dagrun for example_xcom_args to None, run_after=None
[2024-07-31T18:47:46.545+0000] {logging_mixin.py:188} INFO - [2024-07-31T18:47:46.545+0000] {dag.py:3947} INFO - Setting next_dagrun for example_xcom_args_with_operators to None, run_after=None
[2024-07-31T18:47:46.567+0000] {processor.py:183} INFO - Processing /home/ubuntu/airflow-venv/lib/python3.12/site-packages/airflow/example_dags/example_xcomargs.py took 0.075 seconds
[2024-07-31T18:48:22.645+0000] {processor.py:161} INFO - Started process (PID=4166) to work on /home/ubuntu/airflow-venv/lib/python3.12/site-packages/airflow/example_dags/example_xcomargs.py
[2024-07-31T18:48:22.647+0000] {processor.py:830} INFO - Processing file /home/ubuntu/airflow-venv/lib/python3.12/site-packages/airflow/example_dags/example_xcomargs.py for tasks to queue
[2024-07-31T18:48:22.649+0000] {logging_mixin.py:188} INFO - [2024-07-31T18:48:22.648+0000] {dagbag.py:545} INFO - Filling up the DagBag from /home/ubuntu/airflow-venv/lib/python3.12/site-packages/airflow/example_dags/example_xcomargs.py
[2024-07-31T18:48:22.658+0000] {processor.py:840} INFO - DAG(s) 'example_xcom_args_with_operators', 'example_xcom_args' retrieved from /home/ubuntu/airflow-venv/lib/python3.12/site-packages/airflow/example_dags/example_xcomargs.py
[2024-07-31T18:48:22.677+0000] {logging_mixin.py:188} INFO - [2024-07-31T18:48:22.677+0000] {dag.py:3089} INFO - Sync 2 DAGs
[2024-07-31T18:48:22.690+0000] {logging_mixin.py:188} INFO - [2024-07-31T18:48:22.690+0000] {dag.py:3947} INFO - Setting next_dagrun for example_xcom_args to None, run_after=None
[2024-07-31T18:48:22.694+0000] {logging_mixin.py:188} INFO - [2024-07-31T18:48:22.693+0000] {dag.py:3947} INFO - Setting next_dagrun for example_xcom_args_with_operators to None, run_after=None
[2024-07-31T18:48:22.716+0000] {processor.py:183} INFO - Processing /home/ubuntu/airflow-venv/lib/python3.12/site-packages/airflow/example_dags/example_xcomargs.py took 0.077 seconds
[2024-07-31T18:49:04.864+0000] {processor.py:161} INFO - Started process (PID=4209) to work on /home/ubuntu/airflow-venv/lib/python3.12/site-packages/airflow/example_dags/example_xcomargs.py
[2024-07-31T18:49:04.866+0000] {processor.py:830} INFO - Processing file /home/ubuntu/airflow-venv/lib/python3.12/site-packages/airflow/example_dags/example_xcomargs.py for tasks to queue
[2024-07-31T18:49:04.868+0000] {logging_mixin.py:188} INFO - [2024-07-31T18:49:04.867+0000] {dagbag.py:545} INFO - Filling up the DagBag from /home/ubuntu/airflow-venv/lib/python3.12/site-packages/airflow/example_dags/example_xcomargs.py
[2024-07-31T18:49:04.877+0000] {processor.py:840} INFO - DAG(s) 'example_xcom_args', 'example_xcom_args_with_operators' retrieved from /home/ubuntu/airflow-venv/lib/python3.12/site-packages/airflow/example_dags/example_xcomargs.py
[2024-07-31T18:49:04.896+0000] {logging_mixin.py:188} INFO - [2024-07-31T18:49:04.896+0000] {dag.py:3089} INFO - Sync 2 DAGs
[2024-07-31T18:49:04.908+0000] {logging_mixin.py:188} INFO - [2024-07-31T18:49:04.908+0000] {dag.py:3947} INFO - Setting next_dagrun for example_xcom_args to None, run_after=None
[2024-07-31T18:49:04.912+0000] {logging_mixin.py:188} INFO - [2024-07-31T18:49:04.912+0000] {dag.py:3947} INFO - Setting next_dagrun for example_xcom_args_with_operators to None, run_after=None
[2024-07-31T18:49:04.933+0000] {processor.py:183} INFO - Processing /home/ubuntu/airflow-venv/lib/python3.12/site-packages/airflow/example_dags/example_xcomargs.py took 0.074 seconds
[2024-07-31T18:49:44.799+0000] {processor.py:161} INFO - Started process (PID=4251) to work on /home/ubuntu/airflow-venv/lib/python3.12/site-packages/airflow/example_dags/example_xcomargs.py
[2024-07-31T18:49:44.800+0000] {processor.py:830} INFO - Processing file /home/ubuntu/airflow-venv/lib/python3.12/site-packages/airflow/example_dags/example_xcomargs.py for tasks to queue
[2024-07-31T18:49:44.802+0000] {logging_mixin.py:188} INFO - [2024-07-31T18:49:44.801+0000] {dagbag.py:545} INFO - Filling up the DagBag from /home/ubuntu/airflow-venv/lib/python3.12/site-packages/airflow/example_dags/example_xcomargs.py
[2024-07-31T18:49:44.811+0000] {processor.py:840} INFO - DAG(s) 'example_xcom_args_with_operators', 'example_xcom_args' retrieved from /home/ubuntu/airflow-venv/lib/python3.12/site-packages/airflow/example_dags/example_xcomargs.py
[2024-07-31T18:49:44.830+0000] {logging_mixin.py:188} INFO - [2024-07-31T18:49:44.830+0000] {dag.py:3089} INFO - Sync 2 DAGs
[2024-07-31T18:49:44.842+0000] {logging_mixin.py:188} INFO - [2024-07-31T18:49:44.842+0000] {dag.py:3947} INFO - Setting next_dagrun for example_xcom_args to None, run_after=None
[2024-07-31T18:49:44.846+0000] {logging_mixin.py:188} INFO - [2024-07-31T18:49:44.846+0000] {dag.py:3947} INFO - Setting next_dagrun for example_xcom_args_with_operators to None, run_after=None
[2024-07-31T18:49:44.868+0000] {processor.py:183} INFO - Processing /home/ubuntu/airflow-venv/lib/python3.12/site-packages/airflow/example_dags/example_xcomargs.py took 0.075 seconds
[2024-07-31T18:50:24.740+0000] {processor.py:161} INFO - Started process (PID=4297) to work on /home/ubuntu/airflow-venv/lib/python3.12/site-packages/airflow/example_dags/example_xcomargs.py
[2024-07-31T18:50:24.742+0000] {processor.py:830} INFO - Processing file /home/ubuntu/airflow-venv/lib/python3.12/site-packages/airflow/example_dags/example_xcomargs.py for tasks to queue
[2024-07-31T18:50:24.744+0000] {logging_mixin.py:188} INFO - [2024-07-31T18:50:24.743+0000] {dagbag.py:545} INFO - Filling up the DagBag from /home/ubuntu/airflow-venv/lib/python3.12/site-packages/airflow/example_dags/example_xcomargs.py
[2024-07-31T18:50:24.753+0000] {processor.py:840} INFO - DAG(s) 'example_xcom_args', 'example_xcom_args_with_operators' retrieved from /home/ubuntu/airflow-venv/lib/python3.12/site-packages/airflow/example_dags/example_xcomargs.py
[2024-07-31T18:50:24.775+0000] {logging_mixin.py:188} INFO - [2024-07-31T18:50:24.774+0000] {dag.py:3089} INFO - Sync 2 DAGs
[2024-07-31T18:50:24.788+0000] {logging_mixin.py:188} INFO - [2024-07-31T18:50:24.788+0000] {dag.py:3947} INFO - Setting next_dagrun for example_xcom_args to None, run_after=None
[2024-07-31T18:50:24.793+0000] {logging_mixin.py:188} INFO - [2024-07-31T18:50:24.793+0000] {dag.py:3947} INFO - Setting next_dagrun for example_xcom_args_with_operators to None, run_after=None
[2024-07-31T18:50:24.818+0000] {processor.py:183} INFO - Processing /home/ubuntu/airflow-venv/lib/python3.12/site-packages/airflow/example_dags/example_xcomargs.py took 0.083 seconds
[2024-07-31T18:51:05.243+0000] {processor.py:161} INFO - Started process (PID=4341) to work on /home/ubuntu/airflow-venv/lib/python3.12/site-packages/airflow/example_dags/example_xcomargs.py
[2024-07-31T18:51:05.245+0000] {processor.py:830} INFO - Processing file /home/ubuntu/airflow-venv/lib/python3.12/site-packages/airflow/example_dags/example_xcomargs.py for tasks to queue
[2024-07-31T18:51:05.247+0000] {logging_mixin.py:188} INFO - [2024-07-31T18:51:05.246+0000] {dagbag.py:545} INFO - Filling up the DagBag from /home/ubuntu/airflow-venv/lib/python3.12/site-packages/airflow/example_dags/example_xcomargs.py
[2024-07-31T18:51:05.256+0000] {processor.py:840} INFO - DAG(s) 'example_xcom_args', 'example_xcom_args_with_operators' retrieved from /home/ubuntu/airflow-venv/lib/python3.12/site-packages/airflow/example_dags/example_xcomargs.py
[2024-07-31T18:51:05.274+0000] {logging_mixin.py:188} INFO - [2024-07-31T18:51:05.274+0000] {dag.py:3089} INFO - Sync 2 DAGs
[2024-07-31T18:51:05.286+0000] {logging_mixin.py:188} INFO - [2024-07-31T18:51:05.286+0000] {dag.py:3947} INFO - Setting next_dagrun for example_xcom_args to None, run_after=None
[2024-07-31T18:51:05.290+0000] {logging_mixin.py:188} INFO - [2024-07-31T18:51:05.289+0000] {dag.py:3947} INFO - Setting next_dagrun for example_xcom_args_with_operators to None, run_after=None
[2024-07-31T18:51:05.310+0000] {processor.py:183} INFO - Processing /home/ubuntu/airflow-venv/lib/python3.12/site-packages/airflow/example_dags/example_xcomargs.py took 0.072 seconds
[2024-07-31T18:51:41.867+0000] {processor.py:161} INFO - Started process (PID=4381) to work on /home/ubuntu/airflow-venv/lib/python3.12/site-packages/airflow/example_dags/example_xcomargs.py
[2024-07-31T18:51:41.868+0000] {processor.py:830} INFO - Processing file /home/ubuntu/airflow-venv/lib/python3.12/site-packages/airflow/example_dags/example_xcomargs.py for tasks to queue
[2024-07-31T18:51:41.870+0000] {logging_mixin.py:188} INFO - [2024-07-31T18:51:41.869+0000] {dagbag.py:545} INFO - Filling up the DagBag from /home/ubuntu/airflow-venv/lib/python3.12/site-packages/airflow/example_dags/example_xcomargs.py
[2024-07-31T18:51:41.879+0000] {processor.py:840} INFO - DAG(s) 'example_xcom_args', 'example_xcom_args_with_operators' retrieved from /home/ubuntu/airflow-venv/lib/python3.12/site-packages/airflow/example_dags/example_xcomargs.py
[2024-07-31T18:51:41.898+0000] {logging_mixin.py:188} INFO - [2024-07-31T18:51:41.898+0000] {dag.py:3089} INFO - Sync 2 DAGs
[2024-07-31T18:51:41.911+0000] {logging_mixin.py:188} INFO - [2024-07-31T18:51:41.911+0000] {dag.py:3947} INFO - Setting next_dagrun for example_xcom_args to None, run_after=None
[2024-07-31T18:51:41.915+0000] {logging_mixin.py:188} INFO - [2024-07-31T18:51:41.914+0000] {dag.py:3947} INFO - Setting next_dagrun for example_xcom_args_with_operators to None, run_after=None
[2024-07-31T18:51:41.936+0000] {processor.py:183} INFO - Processing /home/ubuntu/airflow-venv/lib/python3.12/site-packages/airflow/example_dags/example_xcomargs.py took 0.075 seconds
[2024-07-31T18:52:20.688+0000] {processor.py:161} INFO - Started process (PID=4422) to work on /home/ubuntu/airflow-venv/lib/python3.12/site-packages/airflow/example_dags/example_xcomargs.py
[2024-07-31T18:52:20.689+0000] {processor.py:830} INFO - Processing file /home/ubuntu/airflow-venv/lib/python3.12/site-packages/airflow/example_dags/example_xcomargs.py for tasks to queue
[2024-07-31T18:52:20.691+0000] {logging_mixin.py:188} INFO - [2024-07-31T18:52:20.690+0000] {dagbag.py:545} INFO - Filling up the DagBag from /home/ubuntu/airflow-venv/lib/python3.12/site-packages/airflow/example_dags/example_xcomargs.py
[2024-07-31T18:52:20.700+0000] {processor.py:840} INFO - DAG(s) 'example_xcom_args_with_operators', 'example_xcom_args' retrieved from /home/ubuntu/airflow-venv/lib/python3.12/site-packages/airflow/example_dags/example_xcomargs.py
[2024-07-31T18:52:20.718+0000] {logging_mixin.py:188} INFO - [2024-07-31T18:52:20.718+0000] {dag.py:3089} INFO - Sync 2 DAGs
[2024-07-31T18:52:20.731+0000] {logging_mixin.py:188} INFO - [2024-07-31T18:52:20.730+0000] {dag.py:3947} INFO - Setting next_dagrun for example_xcom_args to None, run_after=None
[2024-07-31T18:52:20.734+0000] {logging_mixin.py:188} INFO - [2024-07-31T18:52:20.734+0000] {dag.py:3947} INFO - Setting next_dagrun for example_xcom_args_with_operators to None, run_after=None
[2024-07-31T18:52:20.755+0000] {processor.py:183} INFO - Processing /home/ubuntu/airflow-venv/lib/python3.12/site-packages/airflow/example_dags/example_xcomargs.py took 0.073 seconds
[2024-07-31T18:53:01.117+0000] {processor.py:161} INFO - Started process (PID=4466) to work on /home/ubuntu/airflow-venv/lib/python3.12/site-packages/airflow/example_dags/example_xcomargs.py
[2024-07-31T18:53:01.119+0000] {processor.py:830} INFO - Processing file /home/ubuntu/airflow-venv/lib/python3.12/site-packages/airflow/example_dags/example_xcomargs.py for tasks to queue
[2024-07-31T18:53:01.119+0000] {logging_mixin.py:188} INFO - [2024-07-31T18:53:01.119+0000] {dagbag.py:545} INFO - Filling up the DagBag from /home/ubuntu/airflow-venv/lib/python3.12/site-packages/airflow/example_dags/example_xcomargs.py
[2024-07-31T18:53:01.129+0000] {processor.py:840} INFO - DAG(s) 'example_xcom_args', 'example_xcom_args_with_operators' retrieved from /home/ubuntu/airflow-venv/lib/python3.12/site-packages/airflow/example_dags/example_xcomargs.py
[2024-07-31T18:53:01.149+0000] {logging_mixin.py:188} INFO - [2024-07-31T18:53:01.148+0000] {dag.py:3089} INFO - Sync 2 DAGs
[2024-07-31T18:53:01.161+0000] {logging_mixin.py:188} INFO - [2024-07-31T18:53:01.161+0000] {dag.py:3947} INFO - Setting next_dagrun for example_xcom_args to None, run_after=None
[2024-07-31T18:53:01.165+0000] {logging_mixin.py:188} INFO - [2024-07-31T18:53:01.165+0000] {dag.py:3947} INFO - Setting next_dagrun for example_xcom_args_with_operators to None, run_after=None
[2024-07-31T18:53:01.187+0000] {processor.py:183} INFO - Processing /home/ubuntu/airflow-venv/lib/python3.12/site-packages/airflow/example_dags/example_xcomargs.py took 0.076 seconds
[2024-07-31T18:53:43.190+0000] {processor.py:161} INFO - Started process (PID=4512) to work on /home/ubuntu/airflow-venv/lib/python3.12/site-packages/airflow/example_dags/example_xcomargs.py
[2024-07-31T18:53:43.191+0000] {processor.py:830} INFO - Processing file /home/ubuntu/airflow-venv/lib/python3.12/site-packages/airflow/example_dags/example_xcomargs.py for tasks to queue
[2024-07-31T18:53:43.192+0000] {logging_mixin.py:188} INFO - [2024-07-31T18:53:43.192+0000] {dagbag.py:545} INFO - Filling up the DagBag from /home/ubuntu/airflow-venv/lib/python3.12/site-packages/airflow/example_dags/example_xcomargs.py
[2024-07-31T18:53:43.201+0000] {processor.py:840} INFO - DAG(s) 'example_xcom_args', 'example_xcom_args_with_operators' retrieved from /home/ubuntu/airflow-venv/lib/python3.12/site-packages/airflow/example_dags/example_xcomargs.py
[2024-07-31T18:53:43.220+0000] {logging_mixin.py:188} INFO - [2024-07-31T18:53:43.220+0000] {dag.py:3089} INFO - Sync 2 DAGs
[2024-07-31T18:53:43.232+0000] {logging_mixin.py:188} INFO - [2024-07-31T18:53:43.232+0000] {dag.py:3947} INFO - Setting next_dagrun for example_xcom_args to None, run_after=None
[2024-07-31T18:53:43.236+0000] {logging_mixin.py:188} INFO - [2024-07-31T18:53:43.236+0000] {dag.py:3947} INFO - Setting next_dagrun for example_xcom_args_with_operators to None, run_after=None
[2024-07-31T18:53:43.257+0000] {processor.py:183} INFO - Processing /home/ubuntu/airflow-venv/lib/python3.12/site-packages/airflow/example_dags/example_xcomargs.py took 0.073 seconds
[2024-07-31T18:54:22.663+0000] {processor.py:161} INFO - Started process (PID=4557) to work on /home/ubuntu/airflow-venv/lib/python3.12/site-packages/airflow/example_dags/example_xcomargs.py
[2024-07-31T18:54:22.665+0000] {processor.py:830} INFO - Processing file /home/ubuntu/airflow-venv/lib/python3.12/site-packages/airflow/example_dags/example_xcomargs.py for tasks to queue
[2024-07-31T18:54:22.666+0000] {logging_mixin.py:188} INFO - [2024-07-31T18:54:22.665+0000] {dagbag.py:545} INFO - Filling up the DagBag from /home/ubuntu/airflow-venv/lib/python3.12/site-packages/airflow/example_dags/example_xcomargs.py
[2024-07-31T18:54:22.674+0000] {processor.py:840} INFO - DAG(s) 'example_xcom_args_with_operators', 'example_xcom_args' retrieved from /home/ubuntu/airflow-venv/lib/python3.12/site-packages/airflow/example_dags/example_xcomargs.py
[2024-07-31T18:54:22.694+0000] {logging_mixin.py:188} INFO - [2024-07-31T18:54:22.694+0000] {dag.py:3089} INFO - Sync 2 DAGs
[2024-07-31T18:54:22.706+0000] {logging_mixin.py:188} INFO - [2024-07-31T18:54:22.706+0000] {dag.py:3947} INFO - Setting next_dagrun for example_xcom_args to None, run_after=None
[2024-07-31T18:54:22.710+0000] {logging_mixin.py:188} INFO - [2024-07-31T18:54:22.710+0000] {dag.py:3947} INFO - Setting next_dagrun for example_xcom_args_with_operators to None, run_after=None
[2024-07-31T18:54:22.732+0000] {processor.py:183} INFO - Processing /home/ubuntu/airflow-venv/lib/python3.12/site-packages/airflow/example_dags/example_xcomargs.py took 0.074 seconds
[2024-07-31T18:55:02.689+0000] {processor.py:161} INFO - Started process (PID=4604) to work on /home/ubuntu/airflow-venv/lib/python3.12/site-packages/airflow/example_dags/example_xcomargs.py
[2024-07-31T18:55:02.691+0000] {processor.py:830} INFO - Processing file /home/ubuntu/airflow-venv/lib/python3.12/site-packages/airflow/example_dags/example_xcomargs.py for tasks to queue
[2024-07-31T18:55:02.692+0000] {logging_mixin.py:188} INFO - [2024-07-31T18:55:02.691+0000] {dagbag.py:545} INFO - Filling up the DagBag from /home/ubuntu/airflow-venv/lib/python3.12/site-packages/airflow/example_dags/example_xcomargs.py
[2024-07-31T18:55:02.701+0000] {processor.py:840} INFO - DAG(s) 'example_xcom_args', 'example_xcom_args_with_operators' retrieved from /home/ubuntu/airflow-venv/lib/python3.12/site-packages/airflow/example_dags/example_xcomargs.py
[2024-07-31T18:55:02.720+0000] {logging_mixin.py:188} INFO - [2024-07-31T18:55:02.720+0000] {dag.py:3089} INFO - Sync 2 DAGs
[2024-07-31T18:55:02.733+0000] {logging_mixin.py:188} INFO - [2024-07-31T18:55:02.733+0000] {dag.py:3947} INFO - Setting next_dagrun for example_xcom_args to None, run_after=None
[2024-07-31T18:55:02.737+0000] {logging_mixin.py:188} INFO - [2024-07-31T18:55:02.736+0000] {dag.py:3947} INFO - Setting next_dagrun for example_xcom_args_with_operators to None, run_after=None
[2024-07-31T18:55:02.758+0000] {processor.py:183} INFO - Processing /home/ubuntu/airflow-venv/lib/python3.12/site-packages/airflow/example_dags/example_xcomargs.py took 0.075 seconds
[2024-07-31T18:55:44.406+0000] {processor.py:161} INFO - Started process (PID=4648) to work on /home/ubuntu/airflow-venv/lib/python3.12/site-packages/airflow/example_dags/example_xcomargs.py
[2024-07-31T18:55:44.408+0000] {processor.py:830} INFO - Processing file /home/ubuntu/airflow-venv/lib/python3.12/site-packages/airflow/example_dags/example_xcomargs.py for tasks to queue
[2024-07-31T18:55:44.409+0000] {logging_mixin.py:188} INFO - [2024-07-31T18:55:44.408+0000] {dagbag.py:545} INFO - Filling up the DagBag from /home/ubuntu/airflow-venv/lib/python3.12/site-packages/airflow/example_dags/example_xcomargs.py
[2024-07-31T18:55:44.418+0000] {processor.py:840} INFO - DAG(s) 'example_xcom_args', 'example_xcom_args_with_operators' retrieved from /home/ubuntu/airflow-venv/lib/python3.12/site-packages/airflow/example_dags/example_xcomargs.py
[2024-07-31T18:55:44.438+0000] {logging_mixin.py:188} INFO - [2024-07-31T18:55:44.438+0000] {dag.py:3089} INFO - Sync 2 DAGs
[2024-07-31T18:55:44.451+0000] {logging_mixin.py:188} INFO - [2024-07-31T18:55:44.450+0000] {dag.py:3947} INFO - Setting next_dagrun for example_xcom_args to None, run_after=None
[2024-07-31T18:55:44.454+0000] {logging_mixin.py:188} INFO - [2024-07-31T18:55:44.454+0000] {dag.py:3947} INFO - Setting next_dagrun for example_xcom_args_with_operators to None, run_after=None
[2024-07-31T18:55:44.476+0000] {processor.py:183} INFO - Processing /home/ubuntu/airflow-venv/lib/python3.12/site-packages/airflow/example_dags/example_xcomargs.py took 0.075 seconds
[2024-07-31T18:56:30.158+0000] {processor.py:161} INFO - Started process (PID=4740) to work on /home/ubuntu/airflow-venv/lib/python3.12/site-packages/airflow/example_dags/example_xcomargs.py
[2024-07-31T18:56:30.160+0000] {processor.py:830} INFO - Processing file /home/ubuntu/airflow-venv/lib/python3.12/site-packages/airflow/example_dags/example_xcomargs.py for tasks to queue
[2024-07-31T18:56:30.161+0000] {logging_mixin.py:188} INFO - [2024-07-31T18:56:30.161+0000] {dagbag.py:545} INFO - Filling up the DagBag from /home/ubuntu/airflow-venv/lib/python3.12/site-packages/airflow/example_dags/example_xcomargs.py
[2024-07-31T18:56:30.171+0000] {processor.py:840} INFO - DAG(s) 'example_xcom_args', 'example_xcom_args_with_operators' retrieved from /home/ubuntu/airflow-venv/lib/python3.12/site-packages/airflow/example_dags/example_xcomargs.py
[2024-07-31T18:56:30.191+0000] {logging_mixin.py:188} INFO - [2024-07-31T18:56:30.191+0000] {dag.py:3089} INFO - Sync 2 DAGs
[2024-07-31T18:56:30.204+0000] {logging_mixin.py:188} INFO - [2024-07-31T18:56:30.204+0000] {dag.py:3947} INFO - Setting next_dagrun for example_xcom_args to None, run_after=None
[2024-07-31T18:56:30.208+0000] {logging_mixin.py:188} INFO - [2024-07-31T18:56:30.208+0000] {dag.py:3947} INFO - Setting next_dagrun for example_xcom_args_with_operators to None, run_after=None
[2024-07-31T18:56:30.243+0000] {processor.py:183} INFO - Processing /home/ubuntu/airflow-venv/lib/python3.12/site-packages/airflow/example_dags/example_xcomargs.py took 0.091 seconds
[2024-07-31T18:57:16.534+0000] {processor.py:161} INFO - Started process (PID=5056) to work on /home/ubuntu/airflow-venv/lib/python3.12/site-packages/airflow/example_dags/example_xcomargs.py
[2024-07-31T18:57:16.535+0000] {processor.py:830} INFO - Processing file /home/ubuntu/airflow-venv/lib/python3.12/site-packages/airflow/example_dags/example_xcomargs.py for tasks to queue
[2024-07-31T18:57:16.536+0000] {logging_mixin.py:188} INFO - [2024-07-31T18:57:16.536+0000] {dagbag.py:545} INFO - Filling up the DagBag from /home/ubuntu/airflow-venv/lib/python3.12/site-packages/airflow/example_dags/example_xcomargs.py
[2024-07-31T18:57:16.545+0000] {processor.py:840} INFO - DAG(s) 'example_xcom_args', 'example_xcom_args_with_operators' retrieved from /home/ubuntu/airflow-venv/lib/python3.12/site-packages/airflow/example_dags/example_xcomargs.py
[2024-07-31T18:57:16.564+0000] {logging_mixin.py:188} INFO - [2024-07-31T18:57:16.564+0000] {dag.py:3089} INFO - Sync 2 DAGs
[2024-07-31T18:57:16.576+0000] {logging_mixin.py:188} INFO - [2024-07-31T18:57:16.576+0000] {dag.py:3947} INFO - Setting next_dagrun for example_xcom_args to None, run_after=None
[2024-07-31T18:57:16.579+0000] {logging_mixin.py:188} INFO - [2024-07-31T18:57:16.579+0000] {dag.py:3947} INFO - Setting next_dagrun for example_xcom_args_with_operators to None, run_after=None
[2024-07-31T18:57:16.601+0000] {processor.py:183} INFO - Processing /home/ubuntu/airflow-venv/lib/python3.12/site-packages/airflow/example_dags/example_xcomargs.py took 0.072 seconds
[2024-07-31T18:58:02.746+0000] {processor.py:161} INFO - Started process (PID=5103) to work on /home/ubuntu/airflow-venv/lib/python3.12/site-packages/airflow/example_dags/example_xcomargs.py
[2024-07-31T18:58:02.747+0000] {processor.py:830} INFO - Processing file /home/ubuntu/airflow-venv/lib/python3.12/site-packages/airflow/example_dags/example_xcomargs.py for tasks to queue
[2024-07-31T18:58:02.748+0000] {logging_mixin.py:188} INFO - [2024-07-31T18:58:02.748+0000] {dagbag.py:545} INFO - Filling up the DagBag from /home/ubuntu/airflow-venv/lib/python3.12/site-packages/airflow/example_dags/example_xcomargs.py
[2024-07-31T18:58:02.758+0000] {processor.py:840} INFO - DAG(s) 'example_xcom_args_with_operators', 'example_xcom_args' retrieved from /home/ubuntu/airflow-venv/lib/python3.12/site-packages/airflow/example_dags/example_xcomargs.py
[2024-07-31T18:58:02.777+0000] {logging_mixin.py:188} INFO - [2024-07-31T18:58:02.777+0000] {dag.py:3089} INFO - Sync 2 DAGs
[2024-07-31T18:58:02.790+0000] {logging_mixin.py:188} INFO - [2024-07-31T18:58:02.789+0000] {dag.py:3947} INFO - Setting next_dagrun for example_xcom_args to None, run_after=None
[2024-07-31T18:58:02.793+0000] {logging_mixin.py:188} INFO - [2024-07-31T18:58:02.793+0000] {dag.py:3947} INFO - Setting next_dagrun for example_xcom_args_with_operators to None, run_after=None
[2024-07-31T18:58:02.817+0000] {processor.py:183} INFO - Processing /home/ubuntu/airflow-venv/lib/python3.12/site-packages/airflow/example_dags/example_xcomargs.py took 0.077 seconds
[2024-07-31T18:58:48.216+0000] {processor.py:161} INFO - Started process (PID=5153) to work on /home/ubuntu/airflow-venv/lib/python3.12/site-packages/airflow/example_dags/example_xcomargs.py
[2024-07-31T18:58:48.218+0000] {processor.py:830} INFO - Processing file /home/ubuntu/airflow-venv/lib/python3.12/site-packages/airflow/example_dags/example_xcomargs.py for tasks to queue
[2024-07-31T18:58:48.219+0000] {logging_mixin.py:188} INFO - [2024-07-31T18:58:48.218+0000] {dagbag.py:545} INFO - Filling up the DagBag from /home/ubuntu/airflow-venv/lib/python3.12/site-packages/airflow/example_dags/example_xcomargs.py
[2024-07-31T18:58:48.228+0000] {processor.py:840} INFO - DAG(s) 'example_xcom_args_with_operators', 'example_xcom_args' retrieved from /home/ubuntu/airflow-venv/lib/python3.12/site-packages/airflow/example_dags/example_xcomargs.py
[2024-07-31T18:58:48.246+0000] {logging_mixin.py:188} INFO - [2024-07-31T18:58:48.246+0000] {dag.py:3089} INFO - Sync 2 DAGs
[2024-07-31T18:58:48.258+0000] {logging_mixin.py:188} INFO - [2024-07-31T18:58:48.258+0000] {dag.py:3947} INFO - Setting next_dagrun for example_xcom_args to None, run_after=None
[2024-07-31T18:58:48.262+0000] {logging_mixin.py:188} INFO - [2024-07-31T18:58:48.262+0000] {dag.py:3947} INFO - Setting next_dagrun for example_xcom_args_with_operators to None, run_after=None
[2024-07-31T18:58:48.283+0000] {processor.py:183} INFO - Processing /home/ubuntu/airflow-venv/lib/python3.12/site-packages/airflow/example_dags/example_xcomargs.py took 0.073 seconds
[2024-07-31T18:59:30.479+0000] {processor.py:161} INFO - Started process (PID=5198) to work on /home/ubuntu/airflow-venv/lib/python3.12/site-packages/airflow/example_dags/example_xcomargs.py
[2024-07-31T18:59:30.481+0000] {processor.py:830} INFO - Processing file /home/ubuntu/airflow-venv/lib/python3.12/site-packages/airflow/example_dags/example_xcomargs.py for tasks to queue
[2024-07-31T18:59:30.482+0000] {logging_mixin.py:188} INFO - [2024-07-31T18:59:30.481+0000] {dagbag.py:545} INFO - Filling up the DagBag from /home/ubuntu/airflow-venv/lib/python3.12/site-packages/airflow/example_dags/example_xcomargs.py
[2024-07-31T18:59:30.491+0000] {processor.py:840} INFO - DAG(s) 'example_xcom_args_with_operators', 'example_xcom_args' retrieved from /home/ubuntu/airflow-venv/lib/python3.12/site-packages/airflow/example_dags/example_xcomargs.py
[2024-07-31T18:59:30.511+0000] {logging_mixin.py:188} INFO - [2024-07-31T18:59:30.510+0000] {dag.py:3089} INFO - Sync 2 DAGs
[2024-07-31T18:59:30.523+0000] {logging_mixin.py:188} INFO - [2024-07-31T18:59:30.523+0000] {dag.py:3947} INFO - Setting next_dagrun for example_xcom_args to None, run_after=None
[2024-07-31T18:59:30.527+0000] {logging_mixin.py:188} INFO - [2024-07-31T18:59:30.527+0000] {dag.py:3947} INFO - Setting next_dagrun for example_xcom_args_with_operators to None, run_after=None
[2024-07-31T18:59:30.550+0000] {processor.py:183} INFO - Processing /home/ubuntu/airflow-venv/lib/python3.12/site-packages/airflow/example_dags/example_xcomargs.py took 0.076 seconds
[2024-07-31T19:00:12.443+0000] {processor.py:161} INFO - Started process (PID=5246) to work on /home/ubuntu/airflow-venv/lib/python3.12/site-packages/airflow/example_dags/example_xcomargs.py
[2024-07-31T19:00:12.446+0000] {processor.py:830} INFO - Processing file /home/ubuntu/airflow-venv/lib/python3.12/site-packages/airflow/example_dags/example_xcomargs.py for tasks to queue
[2024-07-31T19:00:12.447+0000] {logging_mixin.py:188} INFO - [2024-07-31T19:00:12.446+0000] {dagbag.py:545} INFO - Filling up the DagBag from /home/ubuntu/airflow-venv/lib/python3.12/site-packages/airflow/example_dags/example_xcomargs.py
[2024-07-31T19:00:12.460+0000] {processor.py:840} INFO - DAG(s) 'example_xcom_args', 'example_xcom_args_with_operators' retrieved from /home/ubuntu/airflow-venv/lib/python3.12/site-packages/airflow/example_dags/example_xcomargs.py
[2024-07-31T19:00:12.487+0000] {logging_mixin.py:188} INFO - [2024-07-31T19:00:12.487+0000] {dag.py:3089} INFO - Sync 2 DAGs
[2024-07-31T19:00:12.504+0000] {logging_mixin.py:188} INFO - [2024-07-31T19:00:12.504+0000] {dag.py:3947} INFO - Setting next_dagrun for example_xcom_args to None, run_after=None
[2024-07-31T19:00:12.508+0000] {logging_mixin.py:188} INFO - [2024-07-31T19:00:12.507+0000] {dag.py:3947} INFO - Setting next_dagrun for example_xcom_args_with_operators to None, run_after=None
[2024-07-31T19:00:12.539+0000] {processor.py:183} INFO - Processing /home/ubuntu/airflow-venv/lib/python3.12/site-packages/airflow/example_dags/example_xcomargs.py took 0.104 seconds
[2024-07-31T19:00:58.258+0000] {processor.py:161} INFO - Started process (PID=5293) to work on /home/ubuntu/airflow-venv/lib/python3.12/site-packages/airflow/example_dags/example_xcomargs.py
[2024-07-31T19:00:58.260+0000] {processor.py:830} INFO - Processing file /home/ubuntu/airflow-venv/lib/python3.12/site-packages/airflow/example_dags/example_xcomargs.py for tasks to queue
[2024-07-31T19:00:58.261+0000] {logging_mixin.py:188} INFO - [2024-07-31T19:00:58.260+0000] {dagbag.py:545} INFO - Filling up the DagBag from /home/ubuntu/airflow-venv/lib/python3.12/site-packages/airflow/example_dags/example_xcomargs.py
[2024-07-31T19:00:58.270+0000] {processor.py:840} INFO - DAG(s) 'example_xcom_args_with_operators', 'example_xcom_args' retrieved from /home/ubuntu/airflow-venv/lib/python3.12/site-packages/airflow/example_dags/example_xcomargs.py
[2024-07-31T19:00:58.289+0000] {logging_mixin.py:188} INFO - [2024-07-31T19:00:58.289+0000] {dag.py:3089} INFO - Sync 2 DAGs
[2024-07-31T19:00:58.301+0000] {logging_mixin.py:188} INFO - [2024-07-31T19:00:58.301+0000] {dag.py:3947} INFO - Setting next_dagrun for example_xcom_args to None, run_after=None
[2024-07-31T19:00:58.304+0000] {logging_mixin.py:188} INFO - [2024-07-31T19:00:58.304+0000] {dag.py:3947} INFO - Setting next_dagrun for example_xcom_args_with_operators to None, run_after=None
[2024-07-31T19:00:58.326+0000] {processor.py:183} INFO - Processing /home/ubuntu/airflow-venv/lib/python3.12/site-packages/airflow/example_dags/example_xcomargs.py took 0.073 seconds
[2024-07-31T19:01:41.828+0000] {processor.py:161} INFO - Started process (PID=5337) to work on /home/ubuntu/airflow-venv/lib/python3.12/site-packages/airflow/example_dags/example_xcomargs.py
[2024-07-31T19:01:41.830+0000] {processor.py:830} INFO - Processing file /home/ubuntu/airflow-venv/lib/python3.12/site-packages/airflow/example_dags/example_xcomargs.py for tasks to queue
[2024-07-31T19:01:41.831+0000] {logging_mixin.py:188} INFO - [2024-07-31T19:01:41.830+0000] {dagbag.py:545} INFO - Filling up the DagBag from /home/ubuntu/airflow-venv/lib/python3.12/site-packages/airflow/example_dags/example_xcomargs.py
[2024-07-31T19:01:41.840+0000] {processor.py:840} INFO - DAG(s) 'example_xcom_args_with_operators', 'example_xcom_args' retrieved from /home/ubuntu/airflow-venv/lib/python3.12/site-packages/airflow/example_dags/example_xcomargs.py
[2024-07-31T19:01:41.859+0000] {logging_mixin.py:188} INFO - [2024-07-31T19:01:41.859+0000] {dag.py:3089} INFO - Sync 2 DAGs
[2024-07-31T19:01:41.872+0000] {logging_mixin.py:188} INFO - [2024-07-31T19:01:41.872+0000] {dag.py:3947} INFO - Setting next_dagrun for example_xcom_args to None, run_after=None
[2024-07-31T19:01:41.876+0000] {logging_mixin.py:188} INFO - [2024-07-31T19:01:41.875+0000] {dag.py:3947} INFO - Setting next_dagrun for example_xcom_args_with_operators to None, run_after=None
[2024-07-31T19:01:41.899+0000] {processor.py:183} INFO - Processing /home/ubuntu/airflow-venv/lib/python3.12/site-packages/airflow/example_dags/example_xcomargs.py took 0.076 seconds
[2024-07-31T19:02:28.051+0000] {processor.py:161} INFO - Started process (PID=5384) to work on /home/ubuntu/airflow-venv/lib/python3.12/site-packages/airflow/example_dags/example_xcomargs.py
[2024-07-31T19:02:28.054+0000] {processor.py:830} INFO - Processing file /home/ubuntu/airflow-venv/lib/python3.12/site-packages/airflow/example_dags/example_xcomargs.py for tasks to queue
[2024-07-31T19:02:28.054+0000] {logging_mixin.py:188} INFO - [2024-07-31T19:02:28.054+0000] {dagbag.py:545} INFO - Filling up the DagBag from /home/ubuntu/airflow-venv/lib/python3.12/site-packages/airflow/example_dags/example_xcomargs.py
[2024-07-31T19:02:28.064+0000] {processor.py:840} INFO - DAG(s) 'example_xcom_args', 'example_xcom_args_with_operators' retrieved from /home/ubuntu/airflow-venv/lib/python3.12/site-packages/airflow/example_dags/example_xcomargs.py
[2024-07-31T19:02:28.083+0000] {logging_mixin.py:188} INFO - [2024-07-31T19:02:28.083+0000] {dag.py:3089} INFO - Sync 2 DAGs
[2024-07-31T19:02:28.096+0000] {logging_mixin.py:188} INFO - [2024-07-31T19:02:28.096+0000] {dag.py:3947} INFO - Setting next_dagrun for example_xcom_args to None, run_after=None
[2024-07-31T19:02:28.099+0000] {logging_mixin.py:188} INFO - [2024-07-31T19:02:28.099+0000] {dag.py:3947} INFO - Setting next_dagrun for example_xcom_args_with_operators to None, run_after=None
[2024-07-31T19:02:28.121+0000] {processor.py:183} INFO - Processing /home/ubuntu/airflow-venv/lib/python3.12/site-packages/airflow/example_dags/example_xcomargs.py took 0.076 seconds
[2024-07-31T19:03:12.319+0000] {processor.py:161} INFO - Started process (PID=5431) to work on /home/ubuntu/airflow-venv/lib/python3.12/site-packages/airflow/example_dags/example_xcomargs.py
[2024-07-31T19:03:12.320+0000] {processor.py:830} INFO - Processing file /home/ubuntu/airflow-venv/lib/python3.12/site-packages/airflow/example_dags/example_xcomargs.py for tasks to queue
[2024-07-31T19:03:12.321+0000] {logging_mixin.py:188} INFO - [2024-07-31T19:03:12.321+0000] {dagbag.py:545} INFO - Filling up the DagBag from /home/ubuntu/airflow-venv/lib/python3.12/site-packages/airflow/example_dags/example_xcomargs.py
[2024-07-31T19:03:12.330+0000] {processor.py:840} INFO - DAG(s) 'example_xcom_args', 'example_xcom_args_with_operators' retrieved from /home/ubuntu/airflow-venv/lib/python3.12/site-packages/airflow/example_dags/example_xcomargs.py
[2024-07-31T19:03:12.350+0000] {logging_mixin.py:188} INFO - [2024-07-31T19:03:12.349+0000] {dag.py:3089} INFO - Sync 2 DAGs
[2024-07-31T19:03:12.361+0000] {logging_mixin.py:188} INFO - [2024-07-31T19:03:12.361+0000] {dag.py:3947} INFO - Setting next_dagrun for example_xcom_args to None, run_after=None
[2024-07-31T19:03:12.365+0000] {logging_mixin.py:188} INFO - [2024-07-31T19:03:12.365+0000] {dag.py:3947} INFO - Setting next_dagrun for example_xcom_args_with_operators to None, run_after=None
[2024-07-31T19:03:12.386+0000] {processor.py:183} INFO - Processing /home/ubuntu/airflow-venv/lib/python3.12/site-packages/airflow/example_dags/example_xcomargs.py took 0.073 seconds
[2024-07-31T19:03:58.703+0000] {processor.py:161} INFO - Started process (PID=5478) to work on /home/ubuntu/airflow-venv/lib/python3.12/site-packages/airflow/example_dags/example_xcomargs.py
[2024-07-31T19:03:58.704+0000] {processor.py:830} INFO - Processing file /home/ubuntu/airflow-venv/lib/python3.12/site-packages/airflow/example_dags/example_xcomargs.py for tasks to queue
[2024-07-31T19:03:58.705+0000] {logging_mixin.py:188} INFO - [2024-07-31T19:03:58.705+0000] {dagbag.py:545} INFO - Filling up the DagBag from /home/ubuntu/airflow-venv/lib/python3.12/site-packages/airflow/example_dags/example_xcomargs.py
[2024-07-31T19:03:58.715+0000] {processor.py:840} INFO - DAG(s) 'example_xcom_args', 'example_xcom_args_with_operators' retrieved from /home/ubuntu/airflow-venv/lib/python3.12/site-packages/airflow/example_dags/example_xcomargs.py
[2024-07-31T19:03:58.735+0000] {logging_mixin.py:188} INFO - [2024-07-31T19:03:58.735+0000] {dag.py:3089} INFO - Sync 2 DAGs
[2024-07-31T19:03:58.748+0000] {logging_mixin.py:188} INFO - [2024-07-31T19:03:58.748+0000] {dag.py:3947} INFO - Setting next_dagrun for example_xcom_args to None, run_after=None
[2024-07-31T19:03:58.752+0000] {logging_mixin.py:188} INFO - [2024-07-31T19:03:58.752+0000] {dag.py:3947} INFO - Setting next_dagrun for example_xcom_args_with_operators to None, run_after=None
[2024-07-31T19:03:58.885+0000] {processor.py:183} INFO - Processing /home/ubuntu/airflow-venv/lib/python3.12/site-packages/airflow/example_dags/example_xcomargs.py took 0.188 seconds
[2024-07-31T19:18:45.995+0000] {processor.py:161} INFO - Started process (PID=5606) to work on /home/ubuntu/airflow-venv/lib/python3.12/site-packages/airflow/example_dags/example_xcomargs.py
[2024-07-31T19:18:45.996+0000] {processor.py:830} INFO - Processing file /home/ubuntu/airflow-venv/lib/python3.12/site-packages/airflow/example_dags/example_xcomargs.py for tasks to queue
[2024-07-31T19:18:45.998+0000] {logging_mixin.py:188} INFO - [2024-07-31T19:18:45.997+0000] {dagbag.py:545} INFO - Filling up the DagBag from /home/ubuntu/airflow-venv/lib/python3.12/site-packages/airflow/example_dags/example_xcomargs.py
[2024-07-31T19:18:46.009+0000] {processor.py:840} INFO - DAG(s) 'example_xcom_args', 'example_xcom_args_with_operators' retrieved from /home/ubuntu/airflow-venv/lib/python3.12/site-packages/airflow/example_dags/example_xcomargs.py
[2024-07-31T19:18:46.017+0000] {logging_mixin.py:188} INFO - [2024-07-31T19:18:46.017+0000] {dag.py:3089} INFO - Sync 2 DAGs
[2024-07-31T19:18:46.032+0000] {logging_mixin.py:188} INFO - [2024-07-31T19:18:46.032+0000] {dag.py:3947} INFO - Setting next_dagrun for example_xcom_args to None, run_after=None
[2024-07-31T19:18:46.035+0000] {logging_mixin.py:188} INFO - [2024-07-31T19:18:46.035+0000] {dag.py:3947} INFO - Setting next_dagrun for example_xcom_args_with_operators to None, run_after=None
[2024-07-31T19:18:46.056+0000] {processor.py:183} INFO - Processing /home/ubuntu/airflow-venv/lib/python3.12/site-packages/airflow/example_dags/example_xcomargs.py took 0.067 seconds
[2024-07-31T19:19:50.356+0000] {processor.py:161} INFO - Started process (PID=5665) to work on /home/ubuntu/airflow-venv/lib/python3.12/site-packages/airflow/example_dags/example_xcomargs.py
[2024-07-31T19:19:50.358+0000] {processor.py:830} INFO - Processing file /home/ubuntu/airflow-venv/lib/python3.12/site-packages/airflow/example_dags/example_xcomargs.py for tasks to queue
[2024-07-31T19:19:50.360+0000] {logging_mixin.py:188} INFO - [2024-07-31T19:19:50.359+0000] {dagbag.py:545} INFO - Filling up the DagBag from /home/ubuntu/airflow-venv/lib/python3.12/site-packages/airflow/example_dags/example_xcomargs.py
[2024-07-31T19:19:50.369+0000] {processor.py:840} INFO - DAG(s) 'example_xcom_args_with_operators', 'example_xcom_args' retrieved from /home/ubuntu/airflow-venv/lib/python3.12/site-packages/airflow/example_dags/example_xcomargs.py
[2024-07-31T19:19:50.480+0000] {logging_mixin.py:188} INFO - [2024-07-31T19:19:50.480+0000] {dag.py:3089} INFO - Sync 2 DAGs
[2024-07-31T19:19:50.490+0000] {logging_mixin.py:188} INFO - [2024-07-31T19:19:50.490+0000] {dag.py:3947} INFO - Setting next_dagrun for example_xcom_args to None, run_after=None
[2024-07-31T19:19:50.493+0000] {logging_mixin.py:188} INFO - [2024-07-31T19:19:50.492+0000] {dag.py:3947} INFO - Setting next_dagrun for example_xcom_args_with_operators to None, run_after=None
[2024-07-31T19:19:50.517+0000] {processor.py:183} INFO - Processing /home/ubuntu/airflow-venv/lib/python3.12/site-packages/airflow/example_dags/example_xcomargs.py took 0.166 seconds
[2024-07-31T19:20:44.425+0000] {processor.py:161} INFO - Started process (PID=5722) to work on /home/ubuntu/airflow-venv/lib/python3.12/site-packages/airflow/example_dags/example_xcomargs.py
[2024-07-31T19:20:44.426+0000] {processor.py:830} INFO - Processing file /home/ubuntu/airflow-venv/lib/python3.12/site-packages/airflow/example_dags/example_xcomargs.py for tasks to queue
[2024-07-31T19:20:44.428+0000] {logging_mixin.py:188} INFO - [2024-07-31T19:20:44.428+0000] {dagbag.py:545} INFO - Filling up the DagBag from /home/ubuntu/airflow-venv/lib/python3.12/site-packages/airflow/example_dags/example_xcomargs.py
[2024-07-31T19:20:44.437+0000] {processor.py:840} INFO - DAG(s) 'example_xcom_args_with_operators', 'example_xcom_args' retrieved from /home/ubuntu/airflow-venv/lib/python3.12/site-packages/airflow/example_dags/example_xcomargs.py
[2024-07-31T19:20:44.457+0000] {logging_mixin.py:188} INFO - [2024-07-31T19:20:44.456+0000] {dag.py:3089} INFO - Sync 2 DAGs
[2024-07-31T19:20:44.469+0000] {logging_mixin.py:188} INFO - [2024-07-31T19:20:44.469+0000] {dag.py:3947} INFO - Setting next_dagrun for example_xcom_args to None, run_after=None
[2024-07-31T19:20:44.473+0000] {logging_mixin.py:188} INFO - [2024-07-31T19:20:44.473+0000] {dag.py:3947} INFO - Setting next_dagrun for example_xcom_args_with_operators to None, run_after=None
[2024-07-31T19:20:44.495+0000] {processor.py:183} INFO - Processing /home/ubuntu/airflow-venv/lib/python3.12/site-packages/airflow/example_dags/example_xcomargs.py took 0.076 seconds
[2024-07-31T19:21:32.339+0000] {processor.py:161} INFO - Started process (PID=5771) to work on /home/ubuntu/airflow-venv/lib/python3.12/site-packages/airflow/example_dags/example_xcomargs.py
[2024-07-31T19:21:32.341+0000] {processor.py:830} INFO - Processing file /home/ubuntu/airflow-venv/lib/python3.12/site-packages/airflow/example_dags/example_xcomargs.py for tasks to queue
[2024-07-31T19:21:32.342+0000] {logging_mixin.py:188} INFO - [2024-07-31T19:21:32.342+0000] {dagbag.py:545} INFO - Filling up the DagBag from /home/ubuntu/airflow-venv/lib/python3.12/site-packages/airflow/example_dags/example_xcomargs.py
[2024-07-31T19:21:32.351+0000] {processor.py:840} INFO - DAG(s) 'example_xcom_args_with_operators', 'example_xcom_args' retrieved from /home/ubuntu/airflow-venv/lib/python3.12/site-packages/airflow/example_dags/example_xcomargs.py
[2024-07-31T19:21:32.370+0000] {logging_mixin.py:188} INFO - [2024-07-31T19:21:32.370+0000] {dag.py:3089} INFO - Sync 2 DAGs
[2024-07-31T19:21:32.382+0000] {logging_mixin.py:188} INFO - [2024-07-31T19:21:32.382+0000] {dag.py:3947} INFO - Setting next_dagrun for example_xcom_args to None, run_after=None
[2024-07-31T19:21:32.386+0000] {logging_mixin.py:188} INFO - [2024-07-31T19:21:32.386+0000] {dag.py:3947} INFO - Setting next_dagrun for example_xcom_args_with_operators to None, run_after=None
[2024-07-31T19:21:32.407+0000] {processor.py:183} INFO - Processing /home/ubuntu/airflow-venv/lib/python3.12/site-packages/airflow/example_dags/example_xcomargs.py took 0.074 seconds
[2024-07-31T19:22:21.863+0000] {processor.py:161} INFO - Started process (PID=5820) to work on /home/ubuntu/airflow-venv/lib/python3.12/site-packages/airflow/example_dags/example_xcomargs.py
[2024-07-31T19:22:21.865+0000] {processor.py:830} INFO - Processing file /home/ubuntu/airflow-venv/lib/python3.12/site-packages/airflow/example_dags/example_xcomargs.py for tasks to queue
[2024-07-31T19:22:21.867+0000] {logging_mixin.py:188} INFO - [2024-07-31T19:22:21.866+0000] {dagbag.py:545} INFO - Filling up the DagBag from /home/ubuntu/airflow-venv/lib/python3.12/site-packages/airflow/example_dags/example_xcomargs.py
[2024-07-31T19:22:21.876+0000] {processor.py:840} INFO - DAG(s) 'example_xcom_args', 'example_xcom_args_with_operators' retrieved from /home/ubuntu/airflow-venv/lib/python3.12/site-packages/airflow/example_dags/example_xcomargs.py
[2024-07-31T19:22:21.895+0000] {logging_mixin.py:188} INFO - [2024-07-31T19:22:21.894+0000] {dag.py:3089} INFO - Sync 2 DAGs
[2024-07-31T19:22:21.907+0000] {logging_mixin.py:188} INFO - [2024-07-31T19:22:21.906+0000] {dag.py:3947} INFO - Setting next_dagrun for example_xcom_args to None, run_after=None
[2024-07-31T19:22:21.910+0000] {logging_mixin.py:188} INFO - [2024-07-31T19:22:21.910+0000] {dag.py:3947} INFO - Setting next_dagrun for example_xcom_args_with_operators to None, run_after=None
[2024-07-31T19:22:21.931+0000] {processor.py:183} INFO - Processing /home/ubuntu/airflow-venv/lib/python3.12/site-packages/airflow/example_dags/example_xcomargs.py took 0.073 seconds
[2024-07-31T19:23:09.962+0000] {processor.py:161} INFO - Started process (PID=5870) to work on /home/ubuntu/airflow-venv/lib/python3.12/site-packages/airflow/example_dags/example_xcomargs.py
[2024-07-31T19:23:09.963+0000] {processor.py:830} INFO - Processing file /home/ubuntu/airflow-venv/lib/python3.12/site-packages/airflow/example_dags/example_xcomargs.py for tasks to queue
[2024-07-31T19:23:09.964+0000] {logging_mixin.py:188} INFO - [2024-07-31T19:23:09.964+0000] {dagbag.py:545} INFO - Filling up the DagBag from /home/ubuntu/airflow-venv/lib/python3.12/site-packages/airflow/example_dags/example_xcomargs.py
[2024-07-31T19:23:09.973+0000] {processor.py:840} INFO - DAG(s) 'example_xcom_args', 'example_xcom_args_with_operators' retrieved from /home/ubuntu/airflow-venv/lib/python3.12/site-packages/airflow/example_dags/example_xcomargs.py
[2024-07-31T19:23:09.993+0000] {logging_mixin.py:188} INFO - [2024-07-31T19:23:09.992+0000] {dag.py:3089} INFO - Sync 2 DAGs
[2024-07-31T19:23:10.005+0000] {logging_mixin.py:188} INFO - [2024-07-31T19:23:10.005+0000] {dag.py:3947} INFO - Setting next_dagrun for example_xcom_args to None, run_after=None
[2024-07-31T19:23:10.009+0000] {logging_mixin.py:188} INFO - [2024-07-31T19:23:10.009+0000] {dag.py:3947} INFO - Setting next_dagrun for example_xcom_args_with_operators to None, run_after=None
[2024-07-31T19:23:10.030+0000] {processor.py:183} INFO - Processing /home/ubuntu/airflow-venv/lib/python3.12/site-packages/airflow/example_dags/example_xcomargs.py took 0.074 seconds
[2024-07-31T19:24:05.614+0000] {processor.py:161} INFO - Started process (PID=5934) to work on /home/ubuntu/airflow-venv/lib/python3.12/site-packages/airflow/example_dags/example_xcomargs.py
[2024-07-31T19:24:05.615+0000] {processor.py:830} INFO - Processing file /home/ubuntu/airflow-venv/lib/python3.12/site-packages/airflow/example_dags/example_xcomargs.py for tasks to queue
[2024-07-31T19:24:05.616+0000] {logging_mixin.py:188} INFO - [2024-07-31T19:24:05.616+0000] {dagbag.py:545} INFO - Filling up the DagBag from /home/ubuntu/airflow-venv/lib/python3.12/site-packages/airflow/example_dags/example_xcomargs.py
[2024-07-31T19:24:05.625+0000] {processor.py:840} INFO - DAG(s) 'example_xcom_args', 'example_xcom_args_with_operators' retrieved from /home/ubuntu/airflow-venv/lib/python3.12/site-packages/airflow/example_dags/example_xcomargs.py
[2024-07-31T19:24:05.644+0000] {logging_mixin.py:188} INFO - [2024-07-31T19:24:05.644+0000] {dag.py:3089} INFO - Sync 2 DAGs
[2024-07-31T19:24:05.656+0000] {logging_mixin.py:188} INFO - [2024-07-31T19:24:05.656+0000] {dag.py:3947} INFO - Setting next_dagrun for example_xcom_args to None, run_after=None
[2024-07-31T19:24:05.660+0000] {logging_mixin.py:188} INFO - [2024-07-31T19:24:05.659+0000] {dag.py:3947} INFO - Setting next_dagrun for example_xcom_args_with_operators to None, run_after=None
[2024-07-31T19:24:05.681+0000] {processor.py:183} INFO - Processing /home/ubuntu/airflow-venv/lib/python3.12/site-packages/airflow/example_dags/example_xcomargs.py took 0.073 seconds
[2024-07-31T19:24:55.187+0000] {processor.py:161} INFO - Started process (PID=5987) to work on /home/ubuntu/airflow-venv/lib/python3.12/site-packages/airflow/example_dags/example_xcomargs.py
[2024-07-31T19:24:55.190+0000] {processor.py:830} INFO - Processing file /home/ubuntu/airflow-venv/lib/python3.12/site-packages/airflow/example_dags/example_xcomargs.py for tasks to queue
[2024-07-31T19:24:55.191+0000] {logging_mixin.py:188} INFO - [2024-07-31T19:24:55.190+0000] {dagbag.py:545} INFO - Filling up the DagBag from /home/ubuntu/airflow-venv/lib/python3.12/site-packages/airflow/example_dags/example_xcomargs.py
[2024-07-31T19:24:55.204+0000] {processor.py:840} INFO - DAG(s) 'example_xcom_args_with_operators', 'example_xcom_args' retrieved from /home/ubuntu/airflow-venv/lib/python3.12/site-packages/airflow/example_dags/example_xcomargs.py
[2024-07-31T19:24:55.224+0000] {logging_mixin.py:188} INFO - [2024-07-31T19:24:55.224+0000] {dag.py:3089} INFO - Sync 2 DAGs
[2024-07-31T19:24:55.236+0000] {logging_mixin.py:188} INFO - [2024-07-31T19:24:55.236+0000] {dag.py:3947} INFO - Setting next_dagrun for example_xcom_args to None, run_after=None
[2024-07-31T19:24:55.240+0000] {logging_mixin.py:188} INFO - [2024-07-31T19:24:55.240+0000] {dag.py:3947} INFO - Setting next_dagrun for example_xcom_args_with_operators to None, run_after=None
[2024-07-31T19:24:55.263+0000] {processor.py:183} INFO - Processing /home/ubuntu/airflow-venv/lib/python3.12/site-packages/airflow/example_dags/example_xcomargs.py took 0.083 seconds
[2024-07-31T19:25:43.444+0000] {processor.py:161} INFO - Started process (PID=6039) to work on /home/ubuntu/airflow-venv/lib/python3.12/site-packages/airflow/example_dags/example_xcomargs.py
[2024-07-31T19:25:43.445+0000] {processor.py:830} INFO - Processing file /home/ubuntu/airflow-venv/lib/python3.12/site-packages/airflow/example_dags/example_xcomargs.py for tasks to queue
[2024-07-31T19:25:43.446+0000] {logging_mixin.py:188} INFO - [2024-07-31T19:25:43.445+0000] {dagbag.py:545} INFO - Filling up the DagBag from /home/ubuntu/airflow-venv/lib/python3.12/site-packages/airflow/example_dags/example_xcomargs.py
[2024-07-31T19:25:43.456+0000] {processor.py:840} INFO - DAG(s) 'example_xcom_args_with_operators', 'example_xcom_args' retrieved from /home/ubuntu/airflow-venv/lib/python3.12/site-packages/airflow/example_dags/example_xcomargs.py
[2024-07-31T19:25:43.476+0000] {logging_mixin.py:188} INFO - [2024-07-31T19:25:43.476+0000] {dag.py:3089} INFO - Sync 2 DAGs
[2024-07-31T19:25:43.489+0000] {logging_mixin.py:188} INFO - [2024-07-31T19:25:43.488+0000] {dag.py:3947} INFO - Setting next_dagrun for example_xcom_args to None, run_after=None
[2024-07-31T19:25:43.493+0000] {logging_mixin.py:188} INFO - [2024-07-31T19:25:43.492+0000] {dag.py:3947} INFO - Setting next_dagrun for example_xcom_args_with_operators to None, run_after=None
[2024-07-31T19:25:43.529+0000] {processor.py:183} INFO - Processing /home/ubuntu/airflow-venv/lib/python3.12/site-packages/airflow/example_dags/example_xcomargs.py took 0.091 seconds
[2024-07-31T19:26:28.479+0000] {processor.py:161} INFO - Started process (PID=6086) to work on /home/ubuntu/airflow-venv/lib/python3.12/site-packages/airflow/example_dags/example_xcomargs.py
[2024-07-31T19:26:28.481+0000] {processor.py:830} INFO - Processing file /home/ubuntu/airflow-venv/lib/python3.12/site-packages/airflow/example_dags/example_xcomargs.py for tasks to queue
[2024-07-31T19:26:28.482+0000] {logging_mixin.py:188} INFO - [2024-07-31T19:26:28.481+0000] {dagbag.py:545} INFO - Filling up the DagBag from /home/ubuntu/airflow-venv/lib/python3.12/site-packages/airflow/example_dags/example_xcomargs.py
[2024-07-31T19:26:28.491+0000] {processor.py:840} INFO - DAG(s) 'example_xcom_args', 'example_xcom_args_with_operators' retrieved from /home/ubuntu/airflow-venv/lib/python3.12/site-packages/airflow/example_dags/example_xcomargs.py
[2024-07-31T19:26:28.511+0000] {logging_mixin.py:188} INFO - [2024-07-31T19:26:28.511+0000] {dag.py:3089} INFO - Sync 2 DAGs
[2024-07-31T19:26:28.524+0000] {logging_mixin.py:188} INFO - [2024-07-31T19:26:28.524+0000] {dag.py:3947} INFO - Setting next_dagrun for example_xcom_args to None, run_after=None
[2024-07-31T19:26:28.528+0000] {logging_mixin.py:188} INFO - [2024-07-31T19:26:28.528+0000] {dag.py:3947} INFO - Setting next_dagrun for example_xcom_args_with_operators to None, run_after=None
[2024-07-31T19:26:28.550+0000] {processor.py:183} INFO - Processing /home/ubuntu/airflow-venv/lib/python3.12/site-packages/airflow/example_dags/example_xcomargs.py took 0.077 seconds
[2024-07-31T19:27:27.643+0000] {processor.py:161} INFO - Started process (PID=6149) to work on /home/ubuntu/airflow-venv/lib/python3.12/site-packages/airflow/example_dags/example_xcomargs.py
[2024-07-31T19:27:27.644+0000] {processor.py:830} INFO - Processing file /home/ubuntu/airflow-venv/lib/python3.12/site-packages/airflow/example_dags/example_xcomargs.py for tasks to queue
[2024-07-31T19:27:27.645+0000] {logging_mixin.py:188} INFO - [2024-07-31T19:27:27.645+0000] {dagbag.py:545} INFO - Filling up the DagBag from /home/ubuntu/airflow-venv/lib/python3.12/site-packages/airflow/example_dags/example_xcomargs.py
[2024-07-31T19:27:27.655+0000] {processor.py:840} INFO - DAG(s) 'example_xcom_args', 'example_xcom_args_with_operators' retrieved from /home/ubuntu/airflow-venv/lib/python3.12/site-packages/airflow/example_dags/example_xcomargs.py
[2024-07-31T19:27:27.674+0000] {logging_mixin.py:188} INFO - [2024-07-31T19:27:27.674+0000] {dag.py:3089} INFO - Sync 2 DAGs
[2024-07-31T19:27:27.687+0000] {logging_mixin.py:188} INFO - [2024-07-31T19:27:27.687+0000] {dag.py:3947} INFO - Setting next_dagrun for example_xcom_args to None, run_after=None
[2024-07-31T19:27:27.691+0000] {logging_mixin.py:188} INFO - [2024-07-31T19:27:27.691+0000] {dag.py:3947} INFO - Setting next_dagrun for example_xcom_args_with_operators to None, run_after=None
[2024-07-31T19:27:27.713+0000] {processor.py:183} INFO - Processing /home/ubuntu/airflow-venv/lib/python3.12/site-packages/airflow/example_dags/example_xcomargs.py took 0.077 seconds
[2024-07-31T19:28:27.152+0000] {processor.py:161} INFO - Started process (PID=6212) to work on /home/ubuntu/airflow-venv/lib/python3.12/site-packages/airflow/example_dags/example_xcomargs.py
[2024-07-31T19:28:27.154+0000] {processor.py:830} INFO - Processing file /home/ubuntu/airflow-venv/lib/python3.12/site-packages/airflow/example_dags/example_xcomargs.py for tasks to queue
[2024-07-31T19:28:27.154+0000] {logging_mixin.py:188} INFO - [2024-07-31T19:28:27.154+0000] {dagbag.py:545} INFO - Filling up the DagBag from /home/ubuntu/airflow-venv/lib/python3.12/site-packages/airflow/example_dags/example_xcomargs.py
[2024-07-31T19:28:27.164+0000] {processor.py:840} INFO - DAG(s) 'example_xcom_args', 'example_xcom_args_with_operators' retrieved from /home/ubuntu/airflow-venv/lib/python3.12/site-packages/airflow/example_dags/example_xcomargs.py
[2024-07-31T19:28:27.183+0000] {logging_mixin.py:188} INFO - [2024-07-31T19:28:27.183+0000] {dag.py:3089} INFO - Sync 2 DAGs
[2024-07-31T19:28:27.196+0000] {logging_mixin.py:188} INFO - [2024-07-31T19:28:27.196+0000] {dag.py:3947} INFO - Setting next_dagrun for example_xcom_args to None, run_after=None
[2024-07-31T19:28:27.199+0000] {logging_mixin.py:188} INFO - [2024-07-31T19:28:27.199+0000] {dag.py:3947} INFO - Setting next_dagrun for example_xcom_args_with_operators to None, run_after=None
[2024-07-31T19:28:27.220+0000] {processor.py:183} INFO - Processing /home/ubuntu/airflow-venv/lib/python3.12/site-packages/airflow/example_dags/example_xcomargs.py took 0.074 seconds
[2024-07-31T19:29:12.699+0000] {processor.py:161} INFO - Started process (PID=6258) to work on /home/ubuntu/airflow-venv/lib/python3.12/site-packages/airflow/example_dags/example_xcomargs.py
[2024-07-31T19:29:12.700+0000] {processor.py:830} INFO - Processing file /home/ubuntu/airflow-venv/lib/python3.12/site-packages/airflow/example_dags/example_xcomargs.py for tasks to queue
[2024-07-31T19:29:12.701+0000] {logging_mixin.py:188} INFO - [2024-07-31T19:29:12.701+0000] {dagbag.py:545} INFO - Filling up the DagBag from /home/ubuntu/airflow-venv/lib/python3.12/site-packages/airflow/example_dags/example_xcomargs.py
[2024-07-31T19:29:12.710+0000] {processor.py:840} INFO - DAG(s) 'example_xcom_args_with_operators', 'example_xcom_args' retrieved from /home/ubuntu/airflow-venv/lib/python3.12/site-packages/airflow/example_dags/example_xcomargs.py
[2024-07-31T19:29:12.729+0000] {logging_mixin.py:188} INFO - [2024-07-31T19:29:12.729+0000] {dag.py:3089} INFO - Sync 2 DAGs
[2024-07-31T19:29:12.741+0000] {logging_mixin.py:188} INFO - [2024-07-31T19:29:12.741+0000] {dag.py:3947} INFO - Setting next_dagrun for example_xcom_args to None, run_after=None
[2024-07-31T19:29:12.744+0000] {logging_mixin.py:188} INFO - [2024-07-31T19:29:12.744+0000] {dag.py:3947} INFO - Setting next_dagrun for example_xcom_args_with_operators to None, run_after=None
[2024-07-31T19:29:12.766+0000] {processor.py:183} INFO - Processing /home/ubuntu/airflow-venv/lib/python3.12/site-packages/airflow/example_dags/example_xcomargs.py took 0.072 seconds
[2024-07-31T19:29:57.947+0000] {processor.py:161} INFO - Started process (PID=6308) to work on /home/ubuntu/airflow-venv/lib/python3.12/site-packages/airflow/example_dags/example_xcomargs.py
[2024-07-31T19:29:57.948+0000] {processor.py:830} INFO - Processing file /home/ubuntu/airflow-venv/lib/python3.12/site-packages/airflow/example_dags/example_xcomargs.py for tasks to queue
[2024-07-31T19:29:57.949+0000] {logging_mixin.py:188} INFO - [2024-07-31T19:29:57.949+0000] {dagbag.py:545} INFO - Filling up the DagBag from /home/ubuntu/airflow-venv/lib/python3.12/site-packages/airflow/example_dags/example_xcomargs.py
[2024-07-31T19:29:57.958+0000] {processor.py:840} INFO - DAG(s) 'example_xcom_args_with_operators', 'example_xcom_args' retrieved from /home/ubuntu/airflow-venv/lib/python3.12/site-packages/airflow/example_dags/example_xcomargs.py
[2024-07-31T19:29:57.978+0000] {logging_mixin.py:188} INFO - [2024-07-31T19:29:57.977+0000] {dag.py:3089} INFO - Sync 2 DAGs
[2024-07-31T19:29:57.990+0000] {logging_mixin.py:188} INFO - [2024-07-31T19:29:57.990+0000] {dag.py:3947} INFO - Setting next_dagrun for example_xcom_args to None, run_after=None
[2024-07-31T19:29:57.993+0000] {logging_mixin.py:188} INFO - [2024-07-31T19:29:57.993+0000] {dag.py:3947} INFO - Setting next_dagrun for example_xcom_args_with_operators to None, run_after=None
[2024-07-31T19:29:58.015+0000] {processor.py:183} INFO - Processing /home/ubuntu/airflow-venv/lib/python3.12/site-packages/airflow/example_dags/example_xcomargs.py took 0.074 seconds
[2024-07-31T19:30:43.621+0000] {processor.py:161} INFO - Started process (PID=6359) to work on /home/ubuntu/airflow-venv/lib/python3.12/site-packages/airflow/example_dags/example_xcomargs.py
[2024-07-31T19:30:43.622+0000] {processor.py:830} INFO - Processing file /home/ubuntu/airflow-venv/lib/python3.12/site-packages/airflow/example_dags/example_xcomargs.py for tasks to queue
[2024-07-31T19:30:43.623+0000] {logging_mixin.py:188} INFO - [2024-07-31T19:30:43.623+0000] {dagbag.py:545} INFO - Filling up the DagBag from /home/ubuntu/airflow-venv/lib/python3.12/site-packages/airflow/example_dags/example_xcomargs.py
[2024-07-31T19:30:43.632+0000] {processor.py:840} INFO - DAG(s) 'example_xcom_args', 'example_xcom_args_with_operators' retrieved from /home/ubuntu/airflow-venv/lib/python3.12/site-packages/airflow/example_dags/example_xcomargs.py
[2024-07-31T19:30:43.652+0000] {logging_mixin.py:188} INFO - [2024-07-31T19:30:43.652+0000] {dag.py:3089} INFO - Sync 2 DAGs
[2024-07-31T19:30:43.664+0000] {logging_mixin.py:188} INFO - [2024-07-31T19:30:43.664+0000] {dag.py:3947} INFO - Setting next_dagrun for example_xcom_args to None, run_after=None
[2024-07-31T19:30:43.668+0000] {logging_mixin.py:188} INFO - [2024-07-31T19:30:43.668+0000] {dag.py:3947} INFO - Setting next_dagrun for example_xcom_args_with_operators to None, run_after=None
[2024-07-31T19:30:43.689+0000] {processor.py:183} INFO - Processing /home/ubuntu/airflow-venv/lib/python3.12/site-packages/airflow/example_dags/example_xcomargs.py took 0.073 seconds
[2024-07-31T19:31:35.982+0000] {processor.py:161} INFO - Started process (PID=6416) to work on /home/ubuntu/airflow-venv/lib/python3.12/site-packages/airflow/example_dags/example_xcomargs.py
[2024-07-31T19:31:35.983+0000] {processor.py:830} INFO - Processing file /home/ubuntu/airflow-venv/lib/python3.12/site-packages/airflow/example_dags/example_xcomargs.py for tasks to queue
[2024-07-31T19:31:35.984+0000] {logging_mixin.py:188} INFO - [2024-07-31T19:31:35.983+0000] {dagbag.py:545} INFO - Filling up the DagBag from /home/ubuntu/airflow-venv/lib/python3.12/site-packages/airflow/example_dags/example_xcomargs.py
[2024-07-31T19:31:35.992+0000] {processor.py:840} INFO - DAG(s) 'example_xcom_args', 'example_xcom_args_with_operators' retrieved from /home/ubuntu/airflow-venv/lib/python3.12/site-packages/airflow/example_dags/example_xcomargs.py
[2024-07-31T19:31:36.011+0000] {logging_mixin.py:188} INFO - [2024-07-31T19:31:36.011+0000] {dag.py:3089} INFO - Sync 2 DAGs
[2024-07-31T19:31:36.023+0000] {logging_mixin.py:188} INFO - [2024-07-31T19:31:36.023+0000] {dag.py:3947} INFO - Setting next_dagrun for example_xcom_args to None, run_after=None
[2024-07-31T19:31:36.027+0000] {logging_mixin.py:188} INFO - [2024-07-31T19:31:36.026+0000] {dag.py:3947} INFO - Setting next_dagrun for example_xcom_args_with_operators to None, run_after=None
[2024-07-31T19:31:36.047+0000] {processor.py:183} INFO - Processing /home/ubuntu/airflow-venv/lib/python3.12/site-packages/airflow/example_dags/example_xcomargs.py took 0.071 seconds
[2024-07-31T19:32:45.219+0000] {processor.py:161} INFO - Started process (PID=6492) to work on /home/ubuntu/airflow-venv/lib/python3.12/site-packages/airflow/example_dags/example_xcomargs.py
[2024-07-31T19:32:45.220+0000] {processor.py:830} INFO - Processing file /home/ubuntu/airflow-venv/lib/python3.12/site-packages/airflow/example_dags/example_xcomargs.py for tasks to queue
[2024-07-31T19:32:45.221+0000] {logging_mixin.py:188} INFO - [2024-07-31T19:32:45.221+0000] {dagbag.py:545} INFO - Filling up the DagBag from /home/ubuntu/airflow-venv/lib/python3.12/site-packages/airflow/example_dags/example_xcomargs.py
[2024-07-31T19:32:45.230+0000] {processor.py:840} INFO - DAG(s) 'example_xcom_args_with_operators', 'example_xcom_args' retrieved from /home/ubuntu/airflow-venv/lib/python3.12/site-packages/airflow/example_dags/example_xcomargs.py
[2024-07-31T19:32:45.250+0000] {logging_mixin.py:188} INFO - [2024-07-31T19:32:45.249+0000] {dag.py:3089} INFO - Sync 2 DAGs
[2024-07-31T19:32:45.261+0000] {logging_mixin.py:188} INFO - [2024-07-31T19:32:45.261+0000] {dag.py:3947} INFO - Setting next_dagrun for example_xcom_args to None, run_after=None
[2024-07-31T19:32:45.265+0000] {logging_mixin.py:188} INFO - [2024-07-31T19:32:45.265+0000] {dag.py:3947} INFO - Setting next_dagrun for example_xcom_args_with_operators to None, run_after=None
[2024-07-31T19:32:45.287+0000] {processor.py:183} INFO - Processing /home/ubuntu/airflow-venv/lib/python3.12/site-packages/airflow/example_dags/example_xcomargs.py took 0.074 seconds
[2024-07-31T19:33:56.492+0000] {processor.py:161} INFO - Started process (PID=6569) to work on /home/ubuntu/airflow-venv/lib/python3.12/site-packages/airflow/example_dags/example_xcomargs.py
[2024-07-31T19:33:56.494+0000] {processor.py:830} INFO - Processing file /home/ubuntu/airflow-venv/lib/python3.12/site-packages/airflow/example_dags/example_xcomargs.py for tasks to queue
[2024-07-31T19:33:56.495+0000] {logging_mixin.py:188} INFO - [2024-07-31T19:33:56.494+0000] {dagbag.py:545} INFO - Filling up the DagBag from /home/ubuntu/airflow-venv/lib/python3.12/site-packages/airflow/example_dags/example_xcomargs.py
[2024-07-31T19:33:56.504+0000] {processor.py:840} INFO - DAG(s) 'example_xcom_args_with_operators', 'example_xcom_args' retrieved from /home/ubuntu/airflow-venv/lib/python3.12/site-packages/airflow/example_dags/example_xcomargs.py
[2024-07-31T19:33:56.524+0000] {logging_mixin.py:188} INFO - [2024-07-31T19:33:56.523+0000] {dag.py:3089} INFO - Sync 2 DAGs
[2024-07-31T19:33:56.537+0000] {logging_mixin.py:188} INFO - [2024-07-31T19:33:56.536+0000] {dag.py:3947} INFO - Setting next_dagrun for example_xcom_args to None, run_after=None
[2024-07-31T19:33:56.540+0000] {logging_mixin.py:188} INFO - [2024-07-31T19:33:56.540+0000] {dag.py:3947} INFO - Setting next_dagrun for example_xcom_args_with_operators to None, run_after=None
[2024-07-31T19:33:56.561+0000] {processor.py:183} INFO - Processing /home/ubuntu/airflow-venv/lib/python3.12/site-packages/airflow/example_dags/example_xcomargs.py took 0.075 seconds
[2024-07-31T19:34:49.903+0000] {processor.py:161} INFO - Started process (PID=6623) to work on /home/ubuntu/airflow-venv/lib/python3.12/site-packages/airflow/example_dags/example_xcomargs.py
[2024-07-31T19:34:49.905+0000] {processor.py:830} INFO - Processing file /home/ubuntu/airflow-venv/lib/python3.12/site-packages/airflow/example_dags/example_xcomargs.py for tasks to queue
[2024-07-31T19:34:49.906+0000] {logging_mixin.py:188} INFO - [2024-07-31T19:34:49.905+0000] {dagbag.py:545} INFO - Filling up the DagBag from /home/ubuntu/airflow-venv/lib/python3.12/site-packages/airflow/example_dags/example_xcomargs.py
[2024-07-31T19:34:49.915+0000] {processor.py:840} INFO - DAG(s) 'example_xcom_args_with_operators', 'example_xcom_args' retrieved from /home/ubuntu/airflow-venv/lib/python3.12/site-packages/airflow/example_dags/example_xcomargs.py
[2024-07-31T19:34:49.934+0000] {logging_mixin.py:188} INFO - [2024-07-31T19:34:49.934+0000] {dag.py:3089} INFO - Sync 2 DAGs
[2024-07-31T19:34:49.946+0000] {logging_mixin.py:188} INFO - [2024-07-31T19:34:49.946+0000] {dag.py:3947} INFO - Setting next_dagrun for example_xcom_args to None, run_after=None
[2024-07-31T19:34:49.950+0000] {logging_mixin.py:188} INFO - [2024-07-31T19:34:49.950+0000] {dag.py:3947} INFO - Setting next_dagrun for example_xcom_args_with_operators to None, run_after=None
[2024-07-31T19:34:49.971+0000] {processor.py:183} INFO - Processing /home/ubuntu/airflow-venv/lib/python3.12/site-packages/airflow/example_dags/example_xcomargs.py took 0.074 seconds
