[2024-07-31T18:43:15.190+0000] {processor.py:161} INFO - Started process (PID=3454) to work on /home/ubuntu/airflow-venv/lib/python3.12/site-packages/airflow/example_dags/example_sensors.py
[2024-07-31T18:43:15.191+0000] {processor.py:830} INFO - Processing file /home/ubuntu/airflow-venv/lib/python3.12/site-packages/airflow/example_dags/example_sensors.py for tasks to queue
[2024-07-31T18:43:15.192+0000] {logging_mixin.py:188} INFO - [2024-07-31T18:43:15.192+0000] {dagbag.py:545} INFO - Filling up the DagBag from /home/ubuntu/airflow-venv/lib/python3.12/site-packages/airflow/example_dags/example_sensors.py
[2024-07-31T18:43:15.201+0000] {processor.py:840} INFO - DAG(s) 'example_sensors' retrieved from /home/ubuntu/airflow-venv/lib/python3.12/site-packages/airflow/example_dags/example_sensors.py
[2024-07-31T18:43:15.330+0000] {logging_mixin.py:188} INFO - [2024-07-31T18:43:15.329+0000] {override.py:1858} INFO - Created Permission View: can edit on DAG:example_sensors
[2024-07-31T18:43:15.343+0000] {logging_mixin.py:188} INFO - [2024-07-31T18:43:15.342+0000] {override.py:1858} INFO - Created Permission View: can read on DAG:example_sensors
[2024-07-31T18:43:15.354+0000] {logging_mixin.py:188} INFO - [2024-07-31T18:43:15.354+0000] {override.py:1858} INFO - Created Permission View: can delete on DAG:example_sensors
[2024-07-31T18:43:15.354+0000] {logging_mixin.py:188} INFO - [2024-07-31T18:43:15.354+0000] {dag.py:3089} INFO - Sync 1 DAGs
[2024-07-31T18:43:15.365+0000] {logging_mixin.py:188} INFO - [2024-07-31T18:43:15.365+0000] {dag.py:3111} INFO - Creating ORM DAG for example_sensors
[2024-07-31T18:43:15.366+0000] {logging_mixin.py:188} INFO - [2024-07-31T18:43:15.365+0000] {dag.py:3947} INFO - Setting next_dagrun for example_sensors to None, run_after=None
[2024-07-31T18:43:15.389+0000] {processor.py:183} INFO - Processing /home/ubuntu/airflow-venv/lib/python3.12/site-packages/airflow/example_dags/example_sensors.py took 0.205 seconds
[2024-07-31T18:44:13.021+0000] {processor.py:161} INFO - Started process (PID=3531) to work on /home/ubuntu/airflow-venv/lib/python3.12/site-packages/airflow/example_dags/example_sensors.py
[2024-07-31T18:44:13.022+0000] {processor.py:830} INFO - Processing file /home/ubuntu/airflow-venv/lib/python3.12/site-packages/airflow/example_dags/example_sensors.py for tasks to queue
[2024-07-31T18:44:13.024+0000] {logging_mixin.py:188} INFO - [2024-07-31T18:44:13.024+0000] {dagbag.py:545} INFO - Filling up the DagBag from /home/ubuntu/airflow-venv/lib/python3.12/site-packages/airflow/example_dags/example_sensors.py
[2024-07-31T18:44:13.034+0000] {processor.py:840} INFO - DAG(s) 'example_sensors' retrieved from /home/ubuntu/airflow-venv/lib/python3.12/site-packages/airflow/example_dags/example_sensors.py
[2024-07-31T18:44:13.056+0000] {logging_mixin.py:188} INFO - [2024-07-31T18:44:13.055+0000] {dag.py:3089} INFO - Sync 1 DAGs
[2024-07-31T18:44:13.068+0000] {logging_mixin.py:188} INFO - [2024-07-31T18:44:13.068+0000] {dag.py:3947} INFO - Setting next_dagrun for example_sensors to None, run_after=None
[2024-07-31T18:44:13.093+0000] {processor.py:183} INFO - Processing /home/ubuntu/airflow-venv/lib/python3.12/site-packages/airflow/example_dags/example_sensors.py took 0.078 seconds
[2024-07-31T18:45:02.680+0000] {processor.py:161} INFO - Started process (PID=3591) to work on /home/ubuntu/airflow-venv/lib/python3.12/site-packages/airflow/example_dags/example_sensors.py
[2024-07-31T18:45:02.681+0000] {processor.py:830} INFO - Processing file /home/ubuntu/airflow-venv/lib/python3.12/site-packages/airflow/example_dags/example_sensors.py for tasks to queue
[2024-07-31T18:45:02.683+0000] {logging_mixin.py:188} INFO - [2024-07-31T18:45:02.683+0000] {dagbag.py:545} INFO - Filling up the DagBag from /home/ubuntu/airflow-venv/lib/python3.12/site-packages/airflow/example_dags/example_sensors.py
[2024-07-31T18:45:02.692+0000] {processor.py:840} INFO - DAG(s) 'example_sensors' retrieved from /home/ubuntu/airflow-venv/lib/python3.12/site-packages/airflow/example_dags/example_sensors.py
[2024-07-31T18:45:02.714+0000] {logging_mixin.py:188} INFO - [2024-07-31T18:45:02.714+0000] {dag.py:3089} INFO - Sync 1 DAGs
[2024-07-31T18:45:02.726+0000] {logging_mixin.py:188} INFO - [2024-07-31T18:45:02.726+0000] {dag.py:3947} INFO - Setting next_dagrun for example_sensors to None, run_after=None
[2024-07-31T18:45:02.750+0000] {processor.py:183} INFO - Processing /home/ubuntu/airflow-venv/lib/python3.12/site-packages/airflow/example_dags/example_sensors.py took 0.075 seconds
[2024-07-31T18:45:51.575+0000] {processor.py:161} INFO - Started process (PID=3644) to work on /home/ubuntu/airflow-venv/lib/python3.12/site-packages/airflow/example_dags/example_sensors.py
[2024-07-31T18:45:51.577+0000] {processor.py:830} INFO - Processing file /home/ubuntu/airflow-venv/lib/python3.12/site-packages/airflow/example_dags/example_sensors.py for tasks to queue
[2024-07-31T18:45:51.579+0000] {logging_mixin.py:188} INFO - [2024-07-31T18:45:51.578+0000] {dagbag.py:545} INFO - Filling up the DagBag from /home/ubuntu/airflow-venv/lib/python3.12/site-packages/airflow/example_dags/example_sensors.py
[2024-07-31T18:45:51.588+0000] {processor.py:840} INFO - DAG(s) 'example_sensors' retrieved from /home/ubuntu/airflow-venv/lib/python3.12/site-packages/airflow/example_dags/example_sensors.py
[2024-07-31T18:45:51.610+0000] {logging_mixin.py:188} INFO - [2024-07-31T18:45:51.610+0000] {dag.py:3089} INFO - Sync 1 DAGs
[2024-07-31T18:45:51.622+0000] {logging_mixin.py:188} INFO - [2024-07-31T18:45:51.622+0000] {dag.py:3947} INFO - Setting next_dagrun for example_sensors to None, run_after=None
[2024-07-31T18:45:51.646+0000] {processor.py:183} INFO - Processing /home/ubuntu/airflow-venv/lib/python3.12/site-packages/airflow/example_dags/example_sensors.py took 0.076 seconds
[2024-07-31T18:46:32.830+0000] {processor.py:161} INFO - Started process (PID=3787) to work on /home/ubuntu/airflow-venv/lib/python3.12/site-packages/airflow/example_dags/example_sensors.py
[2024-07-31T18:46:32.831+0000] {processor.py:830} INFO - Processing file /home/ubuntu/airflow-venv/lib/python3.12/site-packages/airflow/example_dags/example_sensors.py for tasks to queue
[2024-07-31T18:46:32.833+0000] {logging_mixin.py:188} INFO - [2024-07-31T18:46:32.833+0000] {dagbag.py:545} INFO - Filling up the DagBag from /home/ubuntu/airflow-venv/lib/python3.12/site-packages/airflow/example_dags/example_sensors.py
[2024-07-31T18:46:32.843+0000] {processor.py:840} INFO - DAG(s) 'example_sensors' retrieved from /home/ubuntu/airflow-venv/lib/python3.12/site-packages/airflow/example_dags/example_sensors.py
[2024-07-31T18:46:32.865+0000] {logging_mixin.py:188} INFO - [2024-07-31T18:46:32.865+0000] {dag.py:3089} INFO - Sync 1 DAGs
[2024-07-31T18:46:32.879+0000] {logging_mixin.py:188} INFO - [2024-07-31T18:46:32.878+0000] {dag.py:3947} INFO - Setting next_dagrun for example_sensors to None, run_after=None
[2024-07-31T18:46:32.928+0000] {processor.py:183} INFO - Processing /home/ubuntu/airflow-venv/lib/python3.12/site-packages/airflow/example_dags/example_sensors.py took 0.105 seconds
[2024-07-31T18:47:13.677+0000] {processor.py:161} INFO - Started process (PID=3923) to work on /home/ubuntu/airflow-venv/lib/python3.12/site-packages/airflow/example_dags/example_sensors.py
[2024-07-31T18:47:13.679+0000] {processor.py:830} INFO - Processing file /home/ubuntu/airflow-venv/lib/python3.12/site-packages/airflow/example_dags/example_sensors.py for tasks to queue
[2024-07-31T18:47:13.680+0000] {logging_mixin.py:188} INFO - [2024-07-31T18:47:13.680+0000] {dagbag.py:545} INFO - Filling up the DagBag from /home/ubuntu/airflow-venv/lib/python3.12/site-packages/airflow/example_dags/example_sensors.py
[2024-07-31T18:47:13.690+0000] {processor.py:840} INFO - DAG(s) 'example_sensors' retrieved from /home/ubuntu/airflow-venv/lib/python3.12/site-packages/airflow/example_dags/example_sensors.py
[2024-07-31T18:47:13.712+0000] {logging_mixin.py:188} INFO - [2024-07-31T18:47:13.711+0000] {dag.py:3089} INFO - Sync 1 DAGs
[2024-07-31T18:47:13.724+0000] {logging_mixin.py:188} INFO - [2024-07-31T18:47:13.724+0000] {dag.py:3947} INFO - Setting next_dagrun for example_sensors to None, run_after=None
[2024-07-31T18:47:13.749+0000] {processor.py:183} INFO - Processing /home/ubuntu/airflow-venv/lib/python3.12/site-packages/airflow/example_dags/example_sensors.py took 0.077 seconds
[2024-07-31T18:48:09.645+0000] {processor.py:161} INFO - Started process (PID=4153) to work on /home/ubuntu/airflow-venv/lib/python3.12/site-packages/airflow/example_dags/example_sensors.py
[2024-07-31T18:48:09.646+0000] {processor.py:830} INFO - Processing file /home/ubuntu/airflow-venv/lib/python3.12/site-packages/airflow/example_dags/example_sensors.py for tasks to queue
[2024-07-31T18:48:09.648+0000] {logging_mixin.py:188} INFO - [2024-07-31T18:48:09.647+0000] {dagbag.py:545} INFO - Filling up the DagBag from /home/ubuntu/airflow-venv/lib/python3.12/site-packages/airflow/example_dags/example_sensors.py
[2024-07-31T18:48:09.657+0000] {processor.py:840} INFO - DAG(s) 'example_sensors' retrieved from /home/ubuntu/airflow-venv/lib/python3.12/site-packages/airflow/example_dags/example_sensors.py
[2024-07-31T18:48:09.679+0000] {logging_mixin.py:188} INFO - [2024-07-31T18:48:09.679+0000] {dag.py:3089} INFO - Sync 1 DAGs
[2024-07-31T18:48:09.691+0000] {logging_mixin.py:188} INFO - [2024-07-31T18:48:09.691+0000] {dag.py:3947} INFO - Setting next_dagrun for example_sensors to None, run_after=None
[2024-07-31T18:48:09.716+0000] {processor.py:183} INFO - Processing /home/ubuntu/airflow-venv/lib/python3.12/site-packages/airflow/example_dags/example_sensors.py took 0.076 seconds
[2024-07-31T18:49:06.481+0000] {processor.py:161} INFO - Started process (PID=4211) to work on /home/ubuntu/airflow-venv/lib/python3.12/site-packages/airflow/example_dags/example_sensors.py
[2024-07-31T18:49:06.483+0000] {processor.py:830} INFO - Processing file /home/ubuntu/airflow-venv/lib/python3.12/site-packages/airflow/example_dags/example_sensors.py for tasks to queue
[2024-07-31T18:49:06.484+0000] {logging_mixin.py:188} INFO - [2024-07-31T18:49:06.484+0000] {dagbag.py:545} INFO - Filling up the DagBag from /home/ubuntu/airflow-venv/lib/python3.12/site-packages/airflow/example_dags/example_sensors.py
[2024-07-31T18:49:06.494+0000] {processor.py:840} INFO - DAG(s) 'example_sensors' retrieved from /home/ubuntu/airflow-venv/lib/python3.12/site-packages/airflow/example_dags/example_sensors.py
[2024-07-31T18:49:06.517+0000] {logging_mixin.py:188} INFO - [2024-07-31T18:49:06.517+0000] {dag.py:3089} INFO - Sync 1 DAGs
[2024-07-31T18:49:06.530+0000] {logging_mixin.py:188} INFO - [2024-07-31T18:49:06.530+0000] {dag.py:3947} INFO - Setting next_dagrun for example_sensors to None, run_after=None
[2024-07-31T18:49:06.555+0000] {processor.py:183} INFO - Processing /home/ubuntu/airflow-venv/lib/python3.12/site-packages/airflow/example_dags/example_sensors.py took 0.080 seconds
[2024-07-31T18:49:48.800+0000] {processor.py:161} INFO - Started process (PID=4255) to work on /home/ubuntu/airflow-venv/lib/python3.12/site-packages/airflow/example_dags/example_sensors.py
[2024-07-31T18:49:48.801+0000] {processor.py:830} INFO - Processing file /home/ubuntu/airflow-venv/lib/python3.12/site-packages/airflow/example_dags/example_sensors.py for tasks to queue
[2024-07-31T18:49:48.803+0000] {logging_mixin.py:188} INFO - [2024-07-31T18:49:48.802+0000] {dagbag.py:545} INFO - Filling up the DagBag from /home/ubuntu/airflow-venv/lib/python3.12/site-packages/airflow/example_dags/example_sensors.py
[2024-07-31T18:49:48.812+0000] {processor.py:840} INFO - DAG(s) 'example_sensors' retrieved from /home/ubuntu/airflow-venv/lib/python3.12/site-packages/airflow/example_dags/example_sensors.py
[2024-07-31T18:49:48.834+0000] {logging_mixin.py:188} INFO - [2024-07-31T18:49:48.834+0000] {dag.py:3089} INFO - Sync 1 DAGs
[2024-07-31T18:49:48.847+0000] {logging_mixin.py:188} INFO - [2024-07-31T18:49:48.846+0000] {dag.py:3947} INFO - Setting next_dagrun for example_sensors to None, run_after=None
[2024-07-31T18:49:48.870+0000] {processor.py:183} INFO - Processing /home/ubuntu/airflow-venv/lib/python3.12/site-packages/airflow/example_dags/example_sensors.py took 0.076 seconds
[2024-07-31T18:50:48.132+0000] {processor.py:161} INFO - Started process (PID=4322) to work on /home/ubuntu/airflow-venv/lib/python3.12/site-packages/airflow/example_dags/example_sensors.py
[2024-07-31T18:50:48.133+0000] {processor.py:830} INFO - Processing file /home/ubuntu/airflow-venv/lib/python3.12/site-packages/airflow/example_dags/example_sensors.py for tasks to queue
[2024-07-31T18:50:48.135+0000] {logging_mixin.py:188} INFO - [2024-07-31T18:50:48.135+0000] {dagbag.py:545} INFO - Filling up the DagBag from /home/ubuntu/airflow-venv/lib/python3.12/site-packages/airflow/example_dags/example_sensors.py
[2024-07-31T18:50:48.144+0000] {processor.py:840} INFO - DAG(s) 'example_sensors' retrieved from /home/ubuntu/airflow-venv/lib/python3.12/site-packages/airflow/example_dags/example_sensors.py
[2024-07-31T18:50:48.169+0000] {logging_mixin.py:188} INFO - [2024-07-31T18:50:48.169+0000] {dag.py:3089} INFO - Sync 1 DAGs
[2024-07-31T18:50:48.181+0000] {logging_mixin.py:188} INFO - [2024-07-31T18:50:48.181+0000] {dag.py:3947} INFO - Setting next_dagrun for example_sensors to None, run_after=None
[2024-07-31T18:50:48.205+0000] {processor.py:183} INFO - Processing /home/ubuntu/airflow-venv/lib/python3.12/site-packages/airflow/example_dags/example_sensors.py took 0.078 seconds
[2024-07-31T18:51:45.284+0000] {processor.py:161} INFO - Started process (PID=4384) to work on /home/ubuntu/airflow-venv/lib/python3.12/site-packages/airflow/example_dags/example_sensors.py
[2024-07-31T18:51:45.285+0000] {processor.py:830} INFO - Processing file /home/ubuntu/airflow-venv/lib/python3.12/site-packages/airflow/example_dags/example_sensors.py for tasks to queue
[2024-07-31T18:51:45.287+0000] {logging_mixin.py:188} INFO - [2024-07-31T18:51:45.287+0000] {dagbag.py:545} INFO - Filling up the DagBag from /home/ubuntu/airflow-venv/lib/python3.12/site-packages/airflow/example_dags/example_sensors.py
[2024-07-31T18:51:45.296+0000] {processor.py:840} INFO - DAG(s) 'example_sensors' retrieved from /home/ubuntu/airflow-venv/lib/python3.12/site-packages/airflow/example_dags/example_sensors.py
[2024-07-31T18:51:45.318+0000] {logging_mixin.py:188} INFO - [2024-07-31T18:51:45.318+0000] {dag.py:3089} INFO - Sync 1 DAGs
[2024-07-31T18:51:45.330+0000] {logging_mixin.py:188} INFO - [2024-07-31T18:51:45.330+0000] {dag.py:3947} INFO - Setting next_dagrun for example_sensors to None, run_after=None
[2024-07-31T18:51:45.353+0000] {processor.py:183} INFO - Processing /home/ubuntu/airflow-venv/lib/python3.12/site-packages/airflow/example_dags/example_sensors.py took 0.075 seconds
[2024-07-31T18:52:42.102+0000] {processor.py:161} INFO - Started process (PID=4446) to work on /home/ubuntu/airflow-venv/lib/python3.12/site-packages/airflow/example_dags/example_sensors.py
[2024-07-31T18:52:42.103+0000] {processor.py:830} INFO - Processing file /home/ubuntu/airflow-venv/lib/python3.12/site-packages/airflow/example_dags/example_sensors.py for tasks to queue
[2024-07-31T18:52:42.105+0000] {logging_mixin.py:188} INFO - [2024-07-31T18:52:42.104+0000] {dagbag.py:545} INFO - Filling up the DagBag from /home/ubuntu/airflow-venv/lib/python3.12/site-packages/airflow/example_dags/example_sensors.py
[2024-07-31T18:52:42.114+0000] {processor.py:840} INFO - DAG(s) 'example_sensors' retrieved from /home/ubuntu/airflow-venv/lib/python3.12/site-packages/airflow/example_dags/example_sensors.py
[2024-07-31T18:52:42.136+0000] {logging_mixin.py:188} INFO - [2024-07-31T18:52:42.135+0000] {dag.py:3089} INFO - Sync 1 DAGs
[2024-07-31T18:52:42.148+0000] {logging_mixin.py:188} INFO - [2024-07-31T18:52:42.147+0000] {dag.py:3947} INFO - Setting next_dagrun for example_sensors to None, run_after=None
[2024-07-31T18:52:42.172+0000] {processor.py:183} INFO - Processing /home/ubuntu/airflow-venv/lib/python3.12/site-packages/airflow/example_dags/example_sensors.py took 0.076 seconds
[2024-07-31T18:53:24.796+0000] {processor.py:161} INFO - Started process (PID=4492) to work on /home/ubuntu/airflow-venv/lib/python3.12/site-packages/airflow/example_dags/example_sensors.py
[2024-07-31T18:53:24.797+0000] {processor.py:830} INFO - Processing file /home/ubuntu/airflow-venv/lib/python3.12/site-packages/airflow/example_dags/example_sensors.py for tasks to queue
[2024-07-31T18:53:24.798+0000] {logging_mixin.py:188} INFO - [2024-07-31T18:53:24.798+0000] {dagbag.py:545} INFO - Filling up the DagBag from /home/ubuntu/airflow-venv/lib/python3.12/site-packages/airflow/example_dags/example_sensors.py
[2024-07-31T18:53:24.809+0000] {processor.py:840} INFO - DAG(s) 'example_sensors' retrieved from /home/ubuntu/airflow-venv/lib/python3.12/site-packages/airflow/example_dags/example_sensors.py
[2024-07-31T18:53:24.831+0000] {logging_mixin.py:188} INFO - [2024-07-31T18:53:24.831+0000] {dag.py:3089} INFO - Sync 1 DAGs
[2024-07-31T18:53:24.843+0000] {logging_mixin.py:188} INFO - [2024-07-31T18:53:24.843+0000] {dag.py:3947} INFO - Setting next_dagrun for example_sensors to None, run_after=None
[2024-07-31T18:53:24.867+0000] {processor.py:183} INFO - Processing /home/ubuntu/airflow-venv/lib/python3.12/site-packages/airflow/example_dags/example_sensors.py took 0.078 seconds
[2024-07-31T18:54:06.078+0000] {processor.py:161} INFO - Started process (PID=4539) to work on /home/ubuntu/airflow-venv/lib/python3.12/site-packages/airflow/example_dags/example_sensors.py
[2024-07-31T18:54:06.079+0000] {processor.py:830} INFO - Processing file /home/ubuntu/airflow-venv/lib/python3.12/site-packages/airflow/example_dags/example_sensors.py for tasks to queue
[2024-07-31T18:54:06.080+0000] {logging_mixin.py:188} INFO - [2024-07-31T18:54:06.080+0000] {dagbag.py:545} INFO - Filling up the DagBag from /home/ubuntu/airflow-venv/lib/python3.12/site-packages/airflow/example_dags/example_sensors.py
[2024-07-31T18:54:06.090+0000] {processor.py:840} INFO - DAG(s) 'example_sensors' retrieved from /home/ubuntu/airflow-venv/lib/python3.12/site-packages/airflow/example_dags/example_sensors.py
[2024-07-31T18:54:06.111+0000] {logging_mixin.py:188} INFO - [2024-07-31T18:54:06.111+0000] {dag.py:3089} INFO - Sync 1 DAGs
[2024-07-31T18:54:06.123+0000] {logging_mixin.py:188} INFO - [2024-07-31T18:54:06.122+0000] {dag.py:3947} INFO - Setting next_dagrun for example_sensors to None, run_after=None
[2024-07-31T18:54:06.146+0000] {processor.py:183} INFO - Processing /home/ubuntu/airflow-venv/lib/python3.12/site-packages/airflow/example_dags/example_sensors.py took 0.074 seconds
[2024-07-31T18:54:48.395+0000] {processor.py:161} INFO - Started process (PID=4584) to work on /home/ubuntu/airflow-venv/lib/python3.12/site-packages/airflow/example_dags/example_sensors.py
[2024-07-31T18:54:48.396+0000] {processor.py:830} INFO - Processing file /home/ubuntu/airflow-venv/lib/python3.12/site-packages/airflow/example_dags/example_sensors.py for tasks to queue
[2024-07-31T18:54:48.397+0000] {logging_mixin.py:188} INFO - [2024-07-31T18:54:48.396+0000] {dagbag.py:545} INFO - Filling up the DagBag from /home/ubuntu/airflow-venv/lib/python3.12/site-packages/airflow/example_dags/example_sensors.py
[2024-07-31T18:54:48.406+0000] {processor.py:840} INFO - DAG(s) 'example_sensors' retrieved from /home/ubuntu/airflow-venv/lib/python3.12/site-packages/airflow/example_dags/example_sensors.py
[2024-07-31T18:54:48.428+0000] {logging_mixin.py:188} INFO - [2024-07-31T18:54:48.428+0000] {dag.py:3089} INFO - Sync 1 DAGs
[2024-07-31T18:54:48.440+0000] {logging_mixin.py:188} INFO - [2024-07-31T18:54:48.440+0000] {dag.py:3947} INFO - Setting next_dagrun for example_sensors to None, run_after=None
[2024-07-31T18:54:48.464+0000] {processor.py:183} INFO - Processing /home/ubuntu/airflow-venv/lib/python3.12/site-packages/airflow/example_dags/example_sensors.py took 0.075 seconds
[2024-07-31T18:55:48.904+0000] {processor.py:161} INFO - Started process (PID=4652) to work on /home/ubuntu/airflow-venv/lib/python3.12/site-packages/airflow/example_dags/example_sensors.py
[2024-07-31T18:55:48.906+0000] {processor.py:830} INFO - Processing file /home/ubuntu/airflow-venv/lib/python3.12/site-packages/airflow/example_dags/example_sensors.py for tasks to queue
[2024-07-31T18:55:48.907+0000] {logging_mixin.py:188} INFO - [2024-07-31T18:55:48.906+0000] {dagbag.py:545} INFO - Filling up the DagBag from /home/ubuntu/airflow-venv/lib/python3.12/site-packages/airflow/example_dags/example_sensors.py
[2024-07-31T18:55:48.916+0000] {processor.py:840} INFO - DAG(s) 'example_sensors' retrieved from /home/ubuntu/airflow-venv/lib/python3.12/site-packages/airflow/example_dags/example_sensors.py
[2024-07-31T18:55:48.938+0000] {logging_mixin.py:188} INFO - [2024-07-31T18:55:48.938+0000] {dag.py:3089} INFO - Sync 1 DAGs
[2024-07-31T18:55:48.950+0000] {logging_mixin.py:188} INFO - [2024-07-31T18:55:48.950+0000] {dag.py:3947} INFO - Setting next_dagrun for example_sensors to None, run_after=None
[2024-07-31T18:55:48.974+0000] {processor.py:183} INFO - Processing /home/ubuntu/airflow-venv/lib/python3.12/site-packages/airflow/example_dags/example_sensors.py took 0.075 seconds
[2024-07-31T18:56:34.484+0000] {processor.py:161} INFO - Started process (PID=4745) to work on /home/ubuntu/airflow-venv/lib/python3.12/site-packages/airflow/example_dags/example_sensors.py
[2024-07-31T18:56:34.488+0000] {processor.py:830} INFO - Processing file /home/ubuntu/airflow-venv/lib/python3.12/site-packages/airflow/example_dags/example_sensors.py for tasks to queue
[2024-07-31T18:56:34.489+0000] {logging_mixin.py:188} INFO - [2024-07-31T18:56:34.488+0000] {dagbag.py:545} INFO - Filling up the DagBag from /home/ubuntu/airflow-venv/lib/python3.12/site-packages/airflow/example_dags/example_sensors.py
[2024-07-31T18:56:34.505+0000] {processor.py:840} INFO - DAG(s) 'example_sensors' retrieved from /home/ubuntu/airflow-venv/lib/python3.12/site-packages/airflow/example_dags/example_sensors.py
[2024-07-31T18:56:34.527+0000] {logging_mixin.py:188} INFO - [2024-07-31T18:56:34.527+0000] {dag.py:3089} INFO - Sync 1 DAGs
[2024-07-31T18:56:34.539+0000] {logging_mixin.py:188} INFO - [2024-07-31T18:56:34.538+0000] {dag.py:3947} INFO - Setting next_dagrun for example_sensors to None, run_after=None
[2024-07-31T18:56:34.573+0000] {processor.py:183} INFO - Processing /home/ubuntu/airflow-venv/lib/python3.12/site-packages/airflow/example_dags/example_sensors.py took 0.099 seconds
[2024-07-31T18:57:21.088+0000] {processor.py:161} INFO - Started process (PID=5060) to work on /home/ubuntu/airflow-venv/lib/python3.12/site-packages/airflow/example_dags/example_sensors.py
[2024-07-31T18:57:21.089+0000] {processor.py:830} INFO - Processing file /home/ubuntu/airflow-venv/lib/python3.12/site-packages/airflow/example_dags/example_sensors.py for tasks to queue
[2024-07-31T18:57:21.090+0000] {logging_mixin.py:188} INFO - [2024-07-31T18:57:21.090+0000] {dagbag.py:545} INFO - Filling up the DagBag from /home/ubuntu/airflow-venv/lib/python3.12/site-packages/airflow/example_dags/example_sensors.py
[2024-07-31T18:57:21.100+0000] {processor.py:840} INFO - DAG(s) 'example_sensors' retrieved from /home/ubuntu/airflow-venv/lib/python3.12/site-packages/airflow/example_dags/example_sensors.py
[2024-07-31T18:57:21.122+0000] {logging_mixin.py:188} INFO - [2024-07-31T18:57:21.122+0000] {dag.py:3089} INFO - Sync 1 DAGs
[2024-07-31T18:57:21.135+0000] {logging_mixin.py:188} INFO - [2024-07-31T18:57:21.135+0000] {dag.py:3947} INFO - Setting next_dagrun for example_sensors to None, run_after=None
[2024-07-31T18:57:21.160+0000] {processor.py:183} INFO - Processing /home/ubuntu/airflow-venv/lib/python3.12/site-packages/airflow/example_dags/example_sensors.py took 0.078 seconds
[2024-07-31T18:58:07.250+0000] {processor.py:161} INFO - Started process (PID=5107) to work on /home/ubuntu/airflow-venv/lib/python3.12/site-packages/airflow/example_dags/example_sensors.py
[2024-07-31T18:58:07.252+0000] {processor.py:830} INFO - Processing file /home/ubuntu/airflow-venv/lib/python3.12/site-packages/airflow/example_dags/example_sensors.py for tasks to queue
[2024-07-31T18:58:07.253+0000] {logging_mixin.py:188} INFO - [2024-07-31T18:58:07.252+0000] {dagbag.py:545} INFO - Filling up the DagBag from /home/ubuntu/airflow-venv/lib/python3.12/site-packages/airflow/example_dags/example_sensors.py
[2024-07-31T18:58:07.263+0000] {processor.py:840} INFO - DAG(s) 'example_sensors' retrieved from /home/ubuntu/airflow-venv/lib/python3.12/site-packages/airflow/example_dags/example_sensors.py
[2024-07-31T18:58:07.285+0000] {logging_mixin.py:188} INFO - [2024-07-31T18:58:07.284+0000] {dag.py:3089} INFO - Sync 1 DAGs
[2024-07-31T18:58:07.297+0000] {logging_mixin.py:188} INFO - [2024-07-31T18:58:07.297+0000] {dag.py:3947} INFO - Setting next_dagrun for example_sensors to None, run_after=None
[2024-07-31T18:58:07.321+0000] {processor.py:183} INFO - Processing /home/ubuntu/airflow-venv/lib/python3.12/site-packages/airflow/example_dags/example_sensors.py took 0.077 seconds
[2024-07-31T18:58:52.124+0000] {processor.py:161} INFO - Started process (PID=5157) to work on /home/ubuntu/airflow-venv/lib/python3.12/site-packages/airflow/example_dags/example_sensors.py
[2024-07-31T18:58:52.125+0000] {processor.py:830} INFO - Processing file /home/ubuntu/airflow-venv/lib/python3.12/site-packages/airflow/example_dags/example_sensors.py for tasks to queue
[2024-07-31T18:58:52.126+0000] {logging_mixin.py:188} INFO - [2024-07-31T18:58:52.126+0000] {dagbag.py:545} INFO - Filling up the DagBag from /home/ubuntu/airflow-venv/lib/python3.12/site-packages/airflow/example_dags/example_sensors.py
[2024-07-31T18:58:52.136+0000] {processor.py:840} INFO - DAG(s) 'example_sensors' retrieved from /home/ubuntu/airflow-venv/lib/python3.12/site-packages/airflow/example_dags/example_sensors.py
[2024-07-31T18:58:52.158+0000] {logging_mixin.py:188} INFO - [2024-07-31T18:58:52.158+0000] {dag.py:3089} INFO - Sync 1 DAGs
[2024-07-31T18:58:52.171+0000] {logging_mixin.py:188} INFO - [2024-07-31T18:58:52.170+0000] {dag.py:3947} INFO - Setting next_dagrun for example_sensors to None, run_after=None
[2024-07-31T18:58:52.196+0000] {processor.py:183} INFO - Processing /home/ubuntu/airflow-venv/lib/python3.12/site-packages/airflow/example_dags/example_sensors.py took 0.079 seconds
[2024-07-31T18:59:53.877+0000] {processor.py:161} INFO - Started process (PID=5222) to work on /home/ubuntu/airflow-venv/lib/python3.12/site-packages/airflow/example_dags/example_sensors.py
[2024-07-31T18:59:53.879+0000] {processor.py:830} INFO - Processing file /home/ubuntu/airflow-venv/lib/python3.12/site-packages/airflow/example_dags/example_sensors.py for tasks to queue
[2024-07-31T18:59:53.880+0000] {logging_mixin.py:188} INFO - [2024-07-31T18:59:53.879+0000] {dagbag.py:545} INFO - Filling up the DagBag from /home/ubuntu/airflow-venv/lib/python3.12/site-packages/airflow/example_dags/example_sensors.py
[2024-07-31T18:59:53.890+0000] {processor.py:840} INFO - DAG(s) 'example_sensors' retrieved from /home/ubuntu/airflow-venv/lib/python3.12/site-packages/airflow/example_dags/example_sensors.py
[2024-07-31T18:59:53.911+0000] {logging_mixin.py:188} INFO - [2024-07-31T18:59:53.911+0000] {dag.py:3089} INFO - Sync 1 DAGs
[2024-07-31T18:59:53.922+0000] {logging_mixin.py:188} INFO - [2024-07-31T18:59:53.922+0000] {dag.py:3947} INFO - Setting next_dagrun for example_sensors to None, run_after=None
[2024-07-31T18:59:53.946+0000] {processor.py:183} INFO - Processing /home/ubuntu/airflow-venv/lib/python3.12/site-packages/airflow/example_dags/example_sensors.py took 0.075 seconds
[2024-07-31T19:00:39.410+0000] {processor.py:161} INFO - Started process (PID=5274) to work on /home/ubuntu/airflow-venv/lib/python3.12/site-packages/airflow/example_dags/example_sensors.py
[2024-07-31T19:00:39.412+0000] {processor.py:830} INFO - Processing file /home/ubuntu/airflow-venv/lib/python3.12/site-packages/airflow/example_dags/example_sensors.py for tasks to queue
[2024-07-31T19:00:39.413+0000] {logging_mixin.py:188} INFO - [2024-07-31T19:00:39.412+0000] {dagbag.py:545} INFO - Filling up the DagBag from /home/ubuntu/airflow-venv/lib/python3.12/site-packages/airflow/example_dags/example_sensors.py
[2024-07-31T19:00:39.422+0000] {processor.py:840} INFO - DAG(s) 'example_sensors' retrieved from /home/ubuntu/airflow-venv/lib/python3.12/site-packages/airflow/example_dags/example_sensors.py
[2024-07-31T19:00:39.444+0000] {logging_mixin.py:188} INFO - [2024-07-31T19:00:39.444+0000] {dag.py:3089} INFO - Sync 1 DAGs
[2024-07-31T19:00:39.456+0000] {logging_mixin.py:188} INFO - [2024-07-31T19:00:39.456+0000] {dag.py:3947} INFO - Setting next_dagrun for example_sensors to None, run_after=None
[2024-07-31T19:00:39.481+0000] {processor.py:183} INFO - Processing /home/ubuntu/airflow-venv/lib/python3.12/site-packages/airflow/example_dags/example_sensors.py took 0.076 seconds
[2024-07-31T19:01:24.642+0000] {processor.py:161} INFO - Started process (PID=5320) to work on /home/ubuntu/airflow-venv/lib/python3.12/site-packages/airflow/example_dags/example_sensors.py
[2024-07-31T19:01:24.644+0000] {processor.py:830} INFO - Processing file /home/ubuntu/airflow-venv/lib/python3.12/site-packages/airflow/example_dags/example_sensors.py for tasks to queue
[2024-07-31T19:01:24.645+0000] {logging_mixin.py:188} INFO - [2024-07-31T19:01:24.644+0000] {dagbag.py:545} INFO - Filling up the DagBag from /home/ubuntu/airflow-venv/lib/python3.12/site-packages/airflow/example_dags/example_sensors.py
[2024-07-31T19:01:24.655+0000] {processor.py:840} INFO - DAG(s) 'example_sensors' retrieved from /home/ubuntu/airflow-venv/lib/python3.12/site-packages/airflow/example_dags/example_sensors.py
[2024-07-31T19:01:24.678+0000] {logging_mixin.py:188} INFO - [2024-07-31T19:01:24.677+0000] {dag.py:3089} INFO - Sync 1 DAGs
[2024-07-31T19:01:24.691+0000] {logging_mixin.py:188} INFO - [2024-07-31T19:01:24.690+0000] {dag.py:3947} INFO - Setting next_dagrun for example_sensors to None, run_after=None
[2024-07-31T19:01:24.715+0000] {processor.py:183} INFO - Processing /home/ubuntu/airflow-venv/lib/python3.12/site-packages/airflow/example_dags/example_sensors.py took 0.079 seconds
[2024-07-31T19:02:10.326+0000] {processor.py:161} INFO - Started process (PID=5366) to work on /home/ubuntu/airflow-venv/lib/python3.12/site-packages/airflow/example_dags/example_sensors.py
[2024-07-31T19:02:10.328+0000] {processor.py:830} INFO - Processing file /home/ubuntu/airflow-venv/lib/python3.12/site-packages/airflow/example_dags/example_sensors.py for tasks to queue
[2024-07-31T19:02:10.328+0000] {logging_mixin.py:188} INFO - [2024-07-31T19:02:10.328+0000] {dagbag.py:545} INFO - Filling up the DagBag from /home/ubuntu/airflow-venv/lib/python3.12/site-packages/airflow/example_dags/example_sensors.py
[2024-07-31T19:02:10.338+0000] {processor.py:840} INFO - DAG(s) 'example_sensors' retrieved from /home/ubuntu/airflow-venv/lib/python3.12/site-packages/airflow/example_dags/example_sensors.py
[2024-07-31T19:02:10.361+0000] {logging_mixin.py:188} INFO - [2024-07-31T19:02:10.360+0000] {dag.py:3089} INFO - Sync 1 DAGs
[2024-07-31T19:02:10.373+0000] {logging_mixin.py:188} INFO - [2024-07-31T19:02:10.372+0000] {dag.py:3947} INFO - Setting next_dagrun for example_sensors to None, run_after=None
[2024-07-31T19:02:10.398+0000] {processor.py:183} INFO - Processing /home/ubuntu/airflow-venv/lib/python3.12/site-packages/airflow/example_dags/example_sensors.py took 0.078 seconds
[2024-07-31T19:02:54.399+0000] {processor.py:161} INFO - Started process (PID=5413) to work on /home/ubuntu/airflow-venv/lib/python3.12/site-packages/airflow/example_dags/example_sensors.py
[2024-07-31T19:02:54.401+0000] {processor.py:830} INFO - Processing file /home/ubuntu/airflow-venv/lib/python3.12/site-packages/airflow/example_dags/example_sensors.py for tasks to queue
[2024-07-31T19:02:54.401+0000] {logging_mixin.py:188} INFO - [2024-07-31T19:02:54.401+0000] {dagbag.py:545} INFO - Filling up the DagBag from /home/ubuntu/airflow-venv/lib/python3.12/site-packages/airflow/example_dags/example_sensors.py
[2024-07-31T19:02:54.412+0000] {processor.py:840} INFO - DAG(s) 'example_sensors' retrieved from /home/ubuntu/airflow-venv/lib/python3.12/site-packages/airflow/example_dags/example_sensors.py
[2024-07-31T19:02:54.434+0000] {logging_mixin.py:188} INFO - [2024-07-31T19:02:54.434+0000] {dag.py:3089} INFO - Sync 1 DAGs
[2024-07-31T19:02:54.446+0000] {logging_mixin.py:188} INFO - [2024-07-31T19:02:54.446+0000] {dag.py:3947} INFO - Setting next_dagrun for example_sensors to None, run_after=None
[2024-07-31T19:02:54.473+0000] {processor.py:183} INFO - Processing /home/ubuntu/airflow-venv/lib/python3.12/site-packages/airflow/example_dags/example_sensors.py took 0.080 seconds
[2024-07-31T19:03:37.658+0000] {processor.py:161} INFO - Started process (PID=5458) to work on /home/ubuntu/airflow-venv/lib/python3.12/site-packages/airflow/example_dags/example_sensors.py
[2024-07-31T19:03:37.659+0000] {processor.py:830} INFO - Processing file /home/ubuntu/airflow-venv/lib/python3.12/site-packages/airflow/example_dags/example_sensors.py for tasks to queue
[2024-07-31T19:03:37.660+0000] {logging_mixin.py:188} INFO - [2024-07-31T19:03:37.660+0000] {dagbag.py:545} INFO - Filling up the DagBag from /home/ubuntu/airflow-venv/lib/python3.12/site-packages/airflow/example_dags/example_sensors.py
[2024-07-31T19:03:37.670+0000] {processor.py:840} INFO - DAG(s) 'example_sensors' retrieved from /home/ubuntu/airflow-venv/lib/python3.12/site-packages/airflow/example_dags/example_sensors.py
[2024-07-31T19:03:37.691+0000] {logging_mixin.py:188} INFO - [2024-07-31T19:03:37.691+0000] {dag.py:3089} INFO - Sync 1 DAGs
[2024-07-31T19:03:37.703+0000] {logging_mixin.py:188} INFO - [2024-07-31T19:03:37.703+0000] {dag.py:3947} INFO - Setting next_dagrun for example_sensors to None, run_after=None
[2024-07-31T19:03:37.836+0000] {processor.py:183} INFO - Processing /home/ubuntu/airflow-venv/lib/python3.12/site-packages/airflow/example_dags/example_sensors.py took 0.184 seconds
[2024-07-31T19:19:00.745+0000] {processor.py:161} INFO - Started process (PID=5621) to work on /home/ubuntu/airflow-venv/lib/python3.12/site-packages/airflow/example_dags/example_sensors.py
[2024-07-31T19:19:00.747+0000] {processor.py:830} INFO - Processing file /home/ubuntu/airflow-venv/lib/python3.12/site-packages/airflow/example_dags/example_sensors.py for tasks to queue
[2024-07-31T19:19:00.748+0000] {logging_mixin.py:188} INFO - [2024-07-31T19:19:00.748+0000] {dagbag.py:545} INFO - Filling up the DagBag from /home/ubuntu/airflow-venv/lib/python3.12/site-packages/airflow/example_dags/example_sensors.py
[2024-07-31T19:19:00.758+0000] {processor.py:840} INFO - DAG(s) 'example_sensors' retrieved from /home/ubuntu/airflow-venv/lib/python3.12/site-packages/airflow/example_dags/example_sensors.py
[2024-07-31T19:19:00.870+0000] {logging_mixin.py:188} INFO - [2024-07-31T19:19:00.869+0000] {dag.py:3089} INFO - Sync 1 DAGs
[2024-07-31T19:19:00.879+0000] {logging_mixin.py:188} INFO - [2024-07-31T19:19:00.879+0000] {dag.py:3947} INFO - Setting next_dagrun for example_sensors to None, run_after=None
[2024-07-31T19:19:00.903+0000] {processor.py:183} INFO - Processing /home/ubuntu/airflow-venv/lib/python3.12/site-packages/airflow/example_dags/example_sensors.py took 0.164 seconds
[2024-07-31T19:20:00.507+0000] {processor.py:161} INFO - Started process (PID=5674) to work on /home/ubuntu/airflow-venv/lib/python3.12/site-packages/airflow/example_dags/example_sensors.py
[2024-07-31T19:20:00.508+0000] {processor.py:830} INFO - Processing file /home/ubuntu/airflow-venv/lib/python3.12/site-packages/airflow/example_dags/example_sensors.py for tasks to queue
[2024-07-31T19:20:00.510+0000] {logging_mixin.py:188} INFO - [2024-07-31T19:20:00.510+0000] {dagbag.py:545} INFO - Filling up the DagBag from /home/ubuntu/airflow-venv/lib/python3.12/site-packages/airflow/example_dags/example_sensors.py
[2024-07-31T19:20:00.520+0000] {processor.py:840} INFO - DAG(s) 'example_sensors' retrieved from /home/ubuntu/airflow-venv/lib/python3.12/site-packages/airflow/example_dags/example_sensors.py
[2024-07-31T19:20:00.543+0000] {logging_mixin.py:188} INFO - [2024-07-31T19:20:00.542+0000] {dag.py:3089} INFO - Sync 1 DAGs
[2024-07-31T19:20:00.555+0000] {logging_mixin.py:188} INFO - [2024-07-31T19:20:00.555+0000] {dag.py:3947} INFO - Setting next_dagrun for example_sensors to None, run_after=None
[2024-07-31T19:20:00.581+0000] {processor.py:183} INFO - Processing /home/ubuntu/airflow-venv/lib/python3.12/site-packages/airflow/example_dags/example_sensors.py took 0.080 seconds
[2024-07-31T19:20:55.421+0000] {processor.py:161} INFO - Started process (PID=5732) to work on /home/ubuntu/airflow-venv/lib/python3.12/site-packages/airflow/example_dags/example_sensors.py
[2024-07-31T19:20:55.422+0000] {processor.py:830} INFO - Processing file /home/ubuntu/airflow-venv/lib/python3.12/site-packages/airflow/example_dags/example_sensors.py for tasks to queue
[2024-07-31T19:20:55.424+0000] {logging_mixin.py:188} INFO - [2024-07-31T19:20:55.423+0000] {dagbag.py:545} INFO - Filling up the DagBag from /home/ubuntu/airflow-venv/lib/python3.12/site-packages/airflow/example_dags/example_sensors.py
[2024-07-31T19:20:55.433+0000] {processor.py:840} INFO - DAG(s) 'example_sensors' retrieved from /home/ubuntu/airflow-venv/lib/python3.12/site-packages/airflow/example_dags/example_sensors.py
[2024-07-31T19:20:55.455+0000] {logging_mixin.py:188} INFO - [2024-07-31T19:20:55.455+0000] {dag.py:3089} INFO - Sync 1 DAGs
[2024-07-31T19:20:55.467+0000] {logging_mixin.py:188} INFO - [2024-07-31T19:20:55.467+0000] {dag.py:3947} INFO - Setting next_dagrun for example_sensors to None, run_after=None
[2024-07-31T19:20:55.490+0000] {processor.py:183} INFO - Processing /home/ubuntu/airflow-venv/lib/python3.12/site-packages/airflow/example_dags/example_sensors.py took 0.075 seconds
[2024-07-31T19:21:49.407+0000] {processor.py:161} INFO - Started process (PID=5787) to work on /home/ubuntu/airflow-venv/lib/python3.12/site-packages/airflow/example_dags/example_sensors.py
[2024-07-31T19:21:49.408+0000] {processor.py:830} INFO - Processing file /home/ubuntu/airflow-venv/lib/python3.12/site-packages/airflow/example_dags/example_sensors.py for tasks to queue
[2024-07-31T19:21:49.410+0000] {logging_mixin.py:188} INFO - [2024-07-31T19:21:49.410+0000] {dagbag.py:545} INFO - Filling up the DagBag from /home/ubuntu/airflow-venv/lib/python3.12/site-packages/airflow/example_dags/example_sensors.py
[2024-07-31T19:21:49.419+0000] {processor.py:840} INFO - DAG(s) 'example_sensors' retrieved from /home/ubuntu/airflow-venv/lib/python3.12/site-packages/airflow/example_dags/example_sensors.py
[2024-07-31T19:21:49.441+0000] {logging_mixin.py:188} INFO - [2024-07-31T19:21:49.441+0000] {dag.py:3089} INFO - Sync 1 DAGs
[2024-07-31T19:21:49.454+0000] {logging_mixin.py:188} INFO - [2024-07-31T19:21:49.453+0000] {dag.py:3947} INFO - Setting next_dagrun for example_sensors to None, run_after=None
[2024-07-31T19:21:49.568+0000] {processor.py:183} INFO - Processing /home/ubuntu/airflow-venv/lib/python3.12/site-packages/airflow/example_dags/example_sensors.py took 0.167 seconds
[2024-07-31T19:22:36.370+0000] {processor.py:161} INFO - Started process (PID=5835) to work on /home/ubuntu/airflow-venv/lib/python3.12/site-packages/airflow/example_dags/example_sensors.py
[2024-07-31T19:22:36.371+0000] {processor.py:830} INFO - Processing file /home/ubuntu/airflow-venv/lib/python3.12/site-packages/airflow/example_dags/example_sensors.py for tasks to queue
[2024-07-31T19:22:36.372+0000] {logging_mixin.py:188} INFO - [2024-07-31T19:22:36.372+0000] {dagbag.py:545} INFO - Filling up the DagBag from /home/ubuntu/airflow-venv/lib/python3.12/site-packages/airflow/example_dags/example_sensors.py
[2024-07-31T19:22:36.382+0000] {processor.py:840} INFO - DAG(s) 'example_sensors' retrieved from /home/ubuntu/airflow-venv/lib/python3.12/site-packages/airflow/example_dags/example_sensors.py
[2024-07-31T19:22:36.404+0000] {logging_mixin.py:188} INFO - [2024-07-31T19:22:36.403+0000] {dag.py:3089} INFO - Sync 1 DAGs
[2024-07-31T19:22:36.415+0000] {logging_mixin.py:188} INFO - [2024-07-31T19:22:36.415+0000] {dag.py:3947} INFO - Setting next_dagrun for example_sensors to None, run_after=None
[2024-07-31T19:22:36.439+0000] {processor.py:183} INFO - Processing /home/ubuntu/airflow-venv/lib/python3.12/site-packages/airflow/example_dags/example_sensors.py took 0.074 seconds
[2024-07-31T19:23:22.529+0000] {processor.py:161} INFO - Started process (PID=5883) to work on /home/ubuntu/airflow-venv/lib/python3.12/site-packages/airflow/example_dags/example_sensors.py
[2024-07-31T19:23:22.531+0000] {processor.py:830} INFO - Processing file /home/ubuntu/airflow-venv/lib/python3.12/site-packages/airflow/example_dags/example_sensors.py for tasks to queue
[2024-07-31T19:23:22.532+0000] {logging_mixin.py:188} INFO - [2024-07-31T19:23:22.531+0000] {dagbag.py:545} INFO - Filling up the DagBag from /home/ubuntu/airflow-venv/lib/python3.12/site-packages/airflow/example_dags/example_sensors.py
[2024-07-31T19:23:22.542+0000] {processor.py:840} INFO - DAG(s) 'example_sensors' retrieved from /home/ubuntu/airflow-venv/lib/python3.12/site-packages/airflow/example_dags/example_sensors.py
[2024-07-31T19:23:22.564+0000] {logging_mixin.py:188} INFO - [2024-07-31T19:23:22.563+0000] {dag.py:3089} INFO - Sync 1 DAGs
[2024-07-31T19:23:22.577+0000] {logging_mixin.py:188} INFO - [2024-07-31T19:23:22.576+0000] {dag.py:3947} INFO - Setting next_dagrun for example_sensors to None, run_after=None
[2024-07-31T19:23:22.601+0000] {processor.py:183} INFO - Processing /home/ubuntu/airflow-venv/lib/python3.12/site-packages/airflow/example_dags/example_sensors.py took 0.078 seconds
[2024-07-31T19:24:14.615+0000] {processor.py:161} INFO - Started process (PID=5943) to work on /home/ubuntu/airflow-venv/lib/python3.12/site-packages/airflow/example_dags/example_sensors.py
[2024-07-31T19:24:14.616+0000] {processor.py:830} INFO - Processing file /home/ubuntu/airflow-venv/lib/python3.12/site-packages/airflow/example_dags/example_sensors.py for tasks to queue
[2024-07-31T19:24:14.617+0000] {logging_mixin.py:188} INFO - [2024-07-31T19:24:14.617+0000] {dagbag.py:545} INFO - Filling up the DagBag from /home/ubuntu/airflow-venv/lib/python3.12/site-packages/airflow/example_dags/example_sensors.py
[2024-07-31T19:24:14.627+0000] {processor.py:840} INFO - DAG(s) 'example_sensors' retrieved from /home/ubuntu/airflow-venv/lib/python3.12/site-packages/airflow/example_dags/example_sensors.py
[2024-07-31T19:24:14.649+0000] {logging_mixin.py:188} INFO - [2024-07-31T19:24:14.649+0000] {dag.py:3089} INFO - Sync 1 DAGs
[2024-07-31T19:24:14.661+0000] {logging_mixin.py:188} INFO - [2024-07-31T19:24:14.661+0000] {dag.py:3947} INFO - Setting next_dagrun for example_sensors to None, run_after=None
[2024-07-31T19:24:14.685+0000] {processor.py:183} INFO - Processing /home/ubuntu/airflow-venv/lib/python3.12/site-packages/airflow/example_dags/example_sensors.py took 0.076 seconds
[2024-07-31T19:25:04.950+0000] {processor.py:161} INFO - Started process (PID=5999) to work on /home/ubuntu/airflow-venv/lib/python3.12/site-packages/airflow/example_dags/example_sensors.py
[2024-07-31T19:25:04.951+0000] {processor.py:830} INFO - Processing file /home/ubuntu/airflow-venv/lib/python3.12/site-packages/airflow/example_dags/example_sensors.py for tasks to queue
[2024-07-31T19:25:04.952+0000] {logging_mixin.py:188} INFO - [2024-07-31T19:25:04.952+0000] {dagbag.py:545} INFO - Filling up the DagBag from /home/ubuntu/airflow-venv/lib/python3.12/site-packages/airflow/example_dags/example_sensors.py
[2024-07-31T19:25:04.963+0000] {processor.py:840} INFO - DAG(s) 'example_sensors' retrieved from /home/ubuntu/airflow-venv/lib/python3.12/site-packages/airflow/example_dags/example_sensors.py
[2024-07-31T19:25:04.986+0000] {logging_mixin.py:188} INFO - [2024-07-31T19:25:04.985+0000] {dag.py:3089} INFO - Sync 1 DAGs
[2024-07-31T19:25:04.998+0000] {logging_mixin.py:188} INFO - [2024-07-31T19:25:04.998+0000] {dag.py:3947} INFO - Setting next_dagrun for example_sensors to None, run_after=None
[2024-07-31T19:25:05.022+0000] {processor.py:183} INFO - Processing /home/ubuntu/airflow-venv/lib/python3.12/site-packages/airflow/example_dags/example_sensors.py took 0.078 seconds
[2024-07-31T19:25:52.471+0000] {processor.py:161} INFO - Started process (PID=6048) to work on /home/ubuntu/airflow-venv/lib/python3.12/site-packages/airflow/example_dags/example_sensors.py
[2024-07-31T19:25:52.472+0000] {processor.py:830} INFO - Processing file /home/ubuntu/airflow-venv/lib/python3.12/site-packages/airflow/example_dags/example_sensors.py for tasks to queue
[2024-07-31T19:25:52.473+0000] {logging_mixin.py:188} INFO - [2024-07-31T19:25:52.473+0000] {dagbag.py:545} INFO - Filling up the DagBag from /home/ubuntu/airflow-venv/lib/python3.12/site-packages/airflow/example_dags/example_sensors.py
[2024-07-31T19:25:52.483+0000] {processor.py:840} INFO - DAG(s) 'example_sensors' retrieved from /home/ubuntu/airflow-venv/lib/python3.12/site-packages/airflow/example_dags/example_sensors.py
[2024-07-31T19:25:52.506+0000] {logging_mixin.py:188} INFO - [2024-07-31T19:25:52.506+0000] {dag.py:3089} INFO - Sync 1 DAGs
[2024-07-31T19:25:52.518+0000] {logging_mixin.py:188} INFO - [2024-07-31T19:25:52.518+0000] {dag.py:3947} INFO - Setting next_dagrun for example_sensors to None, run_after=None
[2024-07-31T19:25:52.545+0000] {processor.py:183} INFO - Processing /home/ubuntu/airflow-venv/lib/python3.12/site-packages/airflow/example_dags/example_sensors.py took 0.079 seconds
[2024-07-31T19:26:36.874+0000] {processor.py:161} INFO - Started process (PID=6095) to work on /home/ubuntu/airflow-venv/lib/python3.12/site-packages/airflow/example_dags/example_sensors.py
[2024-07-31T19:26:36.875+0000] {processor.py:830} INFO - Processing file /home/ubuntu/airflow-venv/lib/python3.12/site-packages/airflow/example_dags/example_sensors.py for tasks to queue
[2024-07-31T19:26:36.876+0000] {logging_mixin.py:188} INFO - [2024-07-31T19:26:36.876+0000] {dagbag.py:545} INFO - Filling up the DagBag from /home/ubuntu/airflow-venv/lib/python3.12/site-packages/airflow/example_dags/example_sensors.py
[2024-07-31T19:26:36.886+0000] {processor.py:840} INFO - DAG(s) 'example_sensors' retrieved from /home/ubuntu/airflow-venv/lib/python3.12/site-packages/airflow/example_dags/example_sensors.py
[2024-07-31T19:26:36.908+0000] {logging_mixin.py:188} INFO - [2024-07-31T19:26:36.908+0000] {dag.py:3089} INFO - Sync 1 DAGs
[2024-07-31T19:26:36.920+0000] {logging_mixin.py:188} INFO - [2024-07-31T19:26:36.920+0000] {dag.py:3947} INFO - Setting next_dagrun for example_sensors to None, run_after=None
[2024-07-31T19:26:36.945+0000] {processor.py:183} INFO - Processing /home/ubuntu/airflow-venv/lib/python3.12/site-packages/airflow/example_dags/example_sensors.py took 0.077 seconds
[2024-07-31T19:27:43.515+0000] {processor.py:161} INFO - Started process (PID=6167) to work on /home/ubuntu/airflow-venv/lib/python3.12/site-packages/airflow/example_dags/example_sensors.py
[2024-07-31T19:27:43.516+0000] {processor.py:830} INFO - Processing file /home/ubuntu/airflow-venv/lib/python3.12/site-packages/airflow/example_dags/example_sensors.py for tasks to queue
[2024-07-31T19:27:43.517+0000] {logging_mixin.py:188} INFO - [2024-07-31T19:27:43.517+0000] {dagbag.py:545} INFO - Filling up the DagBag from /home/ubuntu/airflow-venv/lib/python3.12/site-packages/airflow/example_dags/example_sensors.py
[2024-07-31T19:27:43.527+0000] {processor.py:840} INFO - DAG(s) 'example_sensors' retrieved from /home/ubuntu/airflow-venv/lib/python3.12/site-packages/airflow/example_dags/example_sensors.py
[2024-07-31T19:27:43.550+0000] {logging_mixin.py:188} INFO - [2024-07-31T19:27:43.550+0000] {dag.py:3089} INFO - Sync 1 DAGs
[2024-07-31T19:27:43.562+0000] {logging_mixin.py:188} INFO - [2024-07-31T19:27:43.562+0000] {dag.py:3947} INFO - Setting next_dagrun for example_sensors to None, run_after=None
[2024-07-31T19:27:43.585+0000] {processor.py:183} INFO - Processing /home/ubuntu/airflow-venv/lib/python3.12/site-packages/airflow/example_dags/example_sensors.py took 0.076 seconds
[2024-07-31T19:28:35.073+0000] {processor.py:161} INFO - Started process (PID=6221) to work on /home/ubuntu/airflow-venv/lib/python3.12/site-packages/airflow/example_dags/example_sensors.py
[2024-07-31T19:28:35.075+0000] {processor.py:830} INFO - Processing file /home/ubuntu/airflow-venv/lib/python3.12/site-packages/airflow/example_dags/example_sensors.py for tasks to queue
[2024-07-31T19:28:35.076+0000] {logging_mixin.py:188} INFO - [2024-07-31T19:28:35.075+0000] {dagbag.py:545} INFO - Filling up the DagBag from /home/ubuntu/airflow-venv/lib/python3.12/site-packages/airflow/example_dags/example_sensors.py
[2024-07-31T19:28:35.086+0000] {processor.py:840} INFO - DAG(s) 'example_sensors' retrieved from /home/ubuntu/airflow-venv/lib/python3.12/site-packages/airflow/example_dags/example_sensors.py
[2024-07-31T19:28:35.107+0000] {logging_mixin.py:188} INFO - [2024-07-31T19:28:35.107+0000] {dag.py:3089} INFO - Sync 1 DAGs
[2024-07-31T19:28:35.120+0000] {logging_mixin.py:188} INFO - [2024-07-31T19:28:35.119+0000] {dag.py:3947} INFO - Setting next_dagrun for example_sensors to None, run_after=None
[2024-07-31T19:28:35.153+0000] {processor.py:183} INFO - Processing /home/ubuntu/airflow-venv/lib/python3.12/site-packages/airflow/example_dags/example_sensors.py took 0.085 seconds
[2024-07-31T19:29:21.863+0000] {processor.py:161} INFO - Started process (PID=6267) to work on /home/ubuntu/airflow-venv/lib/python3.12/site-packages/airflow/example_dags/example_sensors.py
[2024-07-31T19:29:21.864+0000] {processor.py:830} INFO - Processing file /home/ubuntu/airflow-venv/lib/python3.12/site-packages/airflow/example_dags/example_sensors.py for tasks to queue
[2024-07-31T19:29:21.865+0000] {logging_mixin.py:188} INFO - [2024-07-31T19:29:21.865+0000] {dagbag.py:545} INFO - Filling up the DagBag from /home/ubuntu/airflow-venv/lib/python3.12/site-packages/airflow/example_dags/example_sensors.py
[2024-07-31T19:29:21.875+0000] {processor.py:840} INFO - DAG(s) 'example_sensors' retrieved from /home/ubuntu/airflow-venv/lib/python3.12/site-packages/airflow/example_dags/example_sensors.py
[2024-07-31T19:29:21.897+0000] {logging_mixin.py:188} INFO - [2024-07-31T19:29:21.897+0000] {dag.py:3089} INFO - Sync 1 DAGs
[2024-07-31T19:29:21.909+0000] {logging_mixin.py:188} INFO - [2024-07-31T19:29:21.909+0000] {dag.py:3947} INFO - Setting next_dagrun for example_sensors to None, run_after=None
[2024-07-31T19:29:21.933+0000] {processor.py:183} INFO - Processing /home/ubuntu/airflow-venv/lib/python3.12/site-packages/airflow/example_dags/example_sensors.py took 0.076 seconds
[2024-07-31T19:30:06.816+0000] {processor.py:161} INFO - Started process (PID=6322) to work on /home/ubuntu/airflow-venv/lib/python3.12/site-packages/airflow/example_dags/example_sensors.py
[2024-07-31T19:30:06.818+0000] {processor.py:830} INFO - Processing file /home/ubuntu/airflow-venv/lib/python3.12/site-packages/airflow/example_dags/example_sensors.py for tasks to queue
[2024-07-31T19:30:06.819+0000] {logging_mixin.py:188} INFO - [2024-07-31T19:30:06.818+0000] {dagbag.py:545} INFO - Filling up the DagBag from /home/ubuntu/airflow-venv/lib/python3.12/site-packages/airflow/example_dags/example_sensors.py
[2024-07-31T19:30:06.828+0000] {processor.py:840} INFO - DAG(s) 'example_sensors' retrieved from /home/ubuntu/airflow-venv/lib/python3.12/site-packages/airflow/example_dags/example_sensors.py
[2024-07-31T19:30:06.851+0000] {logging_mixin.py:188} INFO - [2024-07-31T19:30:06.851+0000] {dag.py:3089} INFO - Sync 1 DAGs
[2024-07-31T19:30:06.863+0000] {logging_mixin.py:188} INFO - [2024-07-31T19:30:06.863+0000] {dag.py:3947} INFO - Setting next_dagrun for example_sensors to None, run_after=None
[2024-07-31T19:30:06.887+0000] {processor.py:183} INFO - Processing /home/ubuntu/airflow-venv/lib/python3.12/site-packages/airflow/example_dags/example_sensors.py took 0.077 seconds
[2024-07-31T19:30:52.796+0000] {processor.py:161} INFO - Started process (PID=6368) to work on /home/ubuntu/airflow-venv/lib/python3.12/site-packages/airflow/example_dags/example_sensors.py
[2024-07-31T19:30:52.797+0000] {processor.py:830} INFO - Processing file /home/ubuntu/airflow-venv/lib/python3.12/site-packages/airflow/example_dags/example_sensors.py for tasks to queue
[2024-07-31T19:30:52.798+0000] {logging_mixin.py:188} INFO - [2024-07-31T19:30:52.798+0000] {dagbag.py:545} INFO - Filling up the DagBag from /home/ubuntu/airflow-venv/lib/python3.12/site-packages/airflow/example_dags/example_sensors.py
[2024-07-31T19:30:52.808+0000] {processor.py:840} INFO - DAG(s) 'example_sensors' retrieved from /home/ubuntu/airflow-venv/lib/python3.12/site-packages/airflow/example_dags/example_sensors.py
[2024-07-31T19:30:52.830+0000] {logging_mixin.py:188} INFO - [2024-07-31T19:30:52.830+0000] {dag.py:3089} INFO - Sync 1 DAGs
[2024-07-31T19:30:52.843+0000] {logging_mixin.py:188} INFO - [2024-07-31T19:30:52.842+0000] {dag.py:3947} INFO - Setting next_dagrun for example_sensors to None, run_after=None
[2024-07-31T19:30:52.868+0000] {processor.py:183} INFO - Processing /home/ubuntu/airflow-venv/lib/python3.12/site-packages/airflow/example_dags/example_sensors.py took 0.078 seconds
[2024-07-31T19:31:45.011+0000] {processor.py:161} INFO - Started process (PID=6425) to work on /home/ubuntu/airflow-venv/lib/python3.12/site-packages/airflow/example_dags/example_sensors.py
[2024-07-31T19:31:45.013+0000] {processor.py:830} INFO - Processing file /home/ubuntu/airflow-venv/lib/python3.12/site-packages/airflow/example_dags/example_sensors.py for tasks to queue
[2024-07-31T19:31:45.014+0000] {logging_mixin.py:188} INFO - [2024-07-31T19:31:45.014+0000] {dagbag.py:545} INFO - Filling up the DagBag from /home/ubuntu/airflow-venv/lib/python3.12/site-packages/airflow/example_dags/example_sensors.py
[2024-07-31T19:31:45.024+0000] {processor.py:840} INFO - DAG(s) 'example_sensors' retrieved from /home/ubuntu/airflow-venv/lib/python3.12/site-packages/airflow/example_dags/example_sensors.py
[2024-07-31T19:31:45.047+0000] {logging_mixin.py:188} INFO - [2024-07-31T19:31:45.046+0000] {dag.py:3089} INFO - Sync 1 DAGs
[2024-07-31T19:31:45.059+0000] {logging_mixin.py:188} INFO - [2024-07-31T19:31:45.059+0000] {dag.py:3947} INFO - Setting next_dagrun for example_sensors to None, run_after=None
[2024-07-31T19:31:45.083+0000] {processor.py:183} INFO - Processing /home/ubuntu/airflow-venv/lib/python3.12/site-packages/airflow/example_dags/example_sensors.py took 0.078 seconds
[2024-07-31T19:32:54.220+0000] {processor.py:161} INFO - Started process (PID=6501) to work on /home/ubuntu/airflow-venv/lib/python3.12/site-packages/airflow/example_dags/example_sensors.py
[2024-07-31T19:32:54.222+0000] {processor.py:830} INFO - Processing file /home/ubuntu/airflow-venv/lib/python3.12/site-packages/airflow/example_dags/example_sensors.py for tasks to queue
[2024-07-31T19:32:54.223+0000] {logging_mixin.py:188} INFO - [2024-07-31T19:32:54.222+0000] {dagbag.py:545} INFO - Filling up the DagBag from /home/ubuntu/airflow-venv/lib/python3.12/site-packages/airflow/example_dags/example_sensors.py
[2024-07-31T19:32:54.233+0000] {processor.py:840} INFO - DAG(s) 'example_sensors' retrieved from /home/ubuntu/airflow-venv/lib/python3.12/site-packages/airflow/example_dags/example_sensors.py
[2024-07-31T19:32:54.255+0000] {logging_mixin.py:188} INFO - [2024-07-31T19:32:54.254+0000] {dag.py:3089} INFO - Sync 1 DAGs
[2024-07-31T19:32:54.267+0000] {logging_mixin.py:188} INFO - [2024-07-31T19:32:54.266+0000] {dag.py:3947} INFO - Setting next_dagrun for example_sensors to None, run_after=None
[2024-07-31T19:32:54.290+0000] {processor.py:183} INFO - Processing /home/ubuntu/airflow-venv/lib/python3.12/site-packages/airflow/example_dags/example_sensors.py took 0.075 seconds
[2024-07-31T19:34:05.568+0000] {processor.py:161} INFO - Started process (PID=6578) to work on /home/ubuntu/airflow-venv/lib/python3.12/site-packages/airflow/example_dags/example_sensors.py
[2024-07-31T19:34:05.571+0000] {processor.py:830} INFO - Processing file /home/ubuntu/airflow-venv/lib/python3.12/site-packages/airflow/example_dags/example_sensors.py for tasks to queue
[2024-07-31T19:34:05.571+0000] {logging_mixin.py:188} INFO - [2024-07-31T19:34:05.571+0000] {dagbag.py:545} INFO - Filling up the DagBag from /home/ubuntu/airflow-venv/lib/python3.12/site-packages/airflow/example_dags/example_sensors.py
[2024-07-31T19:34:05.581+0000] {processor.py:840} INFO - DAG(s) 'example_sensors' retrieved from /home/ubuntu/airflow-venv/lib/python3.12/site-packages/airflow/example_dags/example_sensors.py
[2024-07-31T19:34:05.603+0000] {logging_mixin.py:188} INFO - [2024-07-31T19:34:05.603+0000] {dag.py:3089} INFO - Sync 1 DAGs
[2024-07-31T19:34:05.615+0000] {logging_mixin.py:188} INFO - [2024-07-31T19:34:05.615+0000] {dag.py:3947} INFO - Setting next_dagrun for example_sensors to None, run_after=None
[2024-07-31T19:34:05.643+0000] {processor.py:183} INFO - Processing /home/ubuntu/airflow-venv/lib/python3.12/site-packages/airflow/example_dags/example_sensors.py took 0.080 seconds
