[2024-07-31T18:42:57.728+0000] {processor.py:161} INFO - Started process (PID=3438) to work on /home/ubuntu/airflow-venv/lib/python3.12/site-packages/airflow/example_dags/tutorial_dag.py
[2024-07-31T18:42:57.728+0000] {processor.py:830} INFO - Processing file /home/ubuntu/airflow-venv/lib/python3.12/site-packages/airflow/example_dags/tutorial_dag.py for tasks to queue
[2024-07-31T18:42:57.730+0000] {logging_mixin.py:188} INFO - [2024-07-31T18:42:57.730+0000] {dagbag.py:545} INFO - Filling up the DagBag from /home/ubuntu/airflow-venv/lib/python3.12/site-packages/airflow/example_dags/tutorial_dag.py
[2024-07-31T18:42:57.738+0000] {processor.py:840} INFO - DAG(s) 'tutorial_dag' retrieved from /home/ubuntu/airflow-venv/lib/python3.12/site-packages/airflow/example_dags/tutorial_dag.py
[2024-07-31T18:42:57.857+0000] {logging_mixin.py:188} INFO - [2024-07-31T18:42:57.856+0000] {override.py:1858} INFO - Created Permission View: can edit on DAG:tutorial_dag
[2024-07-31T18:42:57.871+0000] {logging_mixin.py:188} INFO - [2024-07-31T18:42:57.870+0000] {override.py:1858} INFO - Created Permission View: can read on DAG:tutorial_dag
[2024-07-31T18:42:57.882+0000] {logging_mixin.py:188} INFO - [2024-07-31T18:42:57.882+0000] {override.py:1858} INFO - Created Permission View: can delete on DAG:tutorial_dag
[2024-07-31T18:42:57.883+0000] {logging_mixin.py:188} INFO - [2024-07-31T18:42:57.883+0000] {dag.py:3089} INFO - Sync 1 DAGs
[2024-07-31T18:42:57.893+0000] {logging_mixin.py:188} INFO - [2024-07-31T18:42:57.893+0000] {dag.py:3111} INFO - Creating ORM DAG for tutorial_dag
[2024-07-31T18:42:57.894+0000] {logging_mixin.py:188} INFO - [2024-07-31T18:42:57.894+0000] {dag.py:3947} INFO - Setting next_dagrun for tutorial_dag to None, run_after=None
[2024-07-31T18:42:57.919+0000] {processor.py:183} INFO - Processing /home/ubuntu/airflow-venv/lib/python3.12/site-packages/airflow/example_dags/tutorial_dag.py took 0.197 seconds
[2024-07-31T18:43:57.763+0000] {processor.py:161} INFO - Started process (PID=3515) to work on /home/ubuntu/airflow-venv/lib/python3.12/site-packages/airflow/example_dags/tutorial_dag.py
[2024-07-31T18:43:57.765+0000] {processor.py:830} INFO - Processing file /home/ubuntu/airflow-venv/lib/python3.12/site-packages/airflow/example_dags/tutorial_dag.py for tasks to queue
[2024-07-31T18:43:57.767+0000] {logging_mixin.py:188} INFO - [2024-07-31T18:43:57.766+0000] {dagbag.py:545} INFO - Filling up the DagBag from /home/ubuntu/airflow-venv/lib/python3.12/site-packages/airflow/example_dags/tutorial_dag.py
[2024-07-31T18:43:57.772+0000] {processor.py:840} INFO - DAG(s) 'tutorial_dag' retrieved from /home/ubuntu/airflow-venv/lib/python3.12/site-packages/airflow/example_dags/tutorial_dag.py
[2024-07-31T18:43:57.788+0000] {logging_mixin.py:188} INFO - [2024-07-31T18:43:57.788+0000] {dag.py:3089} INFO - Sync 1 DAGs
[2024-07-31T18:43:57.800+0000] {logging_mixin.py:188} INFO - [2024-07-31T18:43:57.800+0000] {dag.py:3947} INFO - Setting next_dagrun for tutorial_dag to None, run_after=None
[2024-07-31T18:43:57.824+0000] {processor.py:183} INFO - Processing /home/ubuntu/airflow-venv/lib/python3.12/site-packages/airflow/example_dags/tutorial_dag.py took 0.066 seconds
[2024-07-31T18:44:45.820+0000] {processor.py:161} INFO - Started process (PID=3569) to work on /home/ubuntu/airflow-venv/lib/python3.12/site-packages/airflow/example_dags/tutorial_dag.py
[2024-07-31T18:44:45.821+0000] {processor.py:830} INFO - Processing file /home/ubuntu/airflow-venv/lib/python3.12/site-packages/airflow/example_dags/tutorial_dag.py for tasks to queue
[2024-07-31T18:44:45.823+0000] {logging_mixin.py:188} INFO - [2024-07-31T18:44:45.823+0000] {dagbag.py:545} INFO - Filling up the DagBag from /home/ubuntu/airflow-venv/lib/python3.12/site-packages/airflow/example_dags/tutorial_dag.py
[2024-07-31T18:44:45.828+0000] {processor.py:840} INFO - DAG(s) 'tutorial_dag' retrieved from /home/ubuntu/airflow-venv/lib/python3.12/site-packages/airflow/example_dags/tutorial_dag.py
[2024-07-31T18:44:45.845+0000] {logging_mixin.py:188} INFO - [2024-07-31T18:44:45.844+0000] {dag.py:3089} INFO - Sync 1 DAGs
[2024-07-31T18:44:45.857+0000] {logging_mixin.py:188} INFO - [2024-07-31T18:44:45.857+0000] {dag.py:3947} INFO - Setting next_dagrun for tutorial_dag to None, run_after=None
[2024-07-31T18:44:45.882+0000] {processor.py:183} INFO - Processing /home/ubuntu/airflow-venv/lib/python3.12/site-packages/airflow/example_dags/tutorial_dag.py took 0.068 seconds
[2024-07-31T18:45:25.898+0000] {processor.py:161} INFO - Started process (PID=3618) to work on /home/ubuntu/airflow-venv/lib/python3.12/site-packages/airflow/example_dags/tutorial_dag.py
[2024-07-31T18:45:25.899+0000] {processor.py:830} INFO - Processing file /home/ubuntu/airflow-venv/lib/python3.12/site-packages/airflow/example_dags/tutorial_dag.py for tasks to queue
[2024-07-31T18:45:25.901+0000] {logging_mixin.py:188} INFO - [2024-07-31T18:45:25.901+0000] {dagbag.py:545} INFO - Filling up the DagBag from /home/ubuntu/airflow-venv/lib/python3.12/site-packages/airflow/example_dags/tutorial_dag.py
[2024-07-31T18:45:25.907+0000] {processor.py:840} INFO - DAG(s) 'tutorial_dag' retrieved from /home/ubuntu/airflow-venv/lib/python3.12/site-packages/airflow/example_dags/tutorial_dag.py
[2024-07-31T18:45:25.923+0000] {logging_mixin.py:188} INFO - [2024-07-31T18:45:25.923+0000] {dag.py:3089} INFO - Sync 1 DAGs
[2024-07-31T18:45:25.936+0000] {logging_mixin.py:188} INFO - [2024-07-31T18:45:25.935+0000] {dag.py:3947} INFO - Setting next_dagrun for tutorial_dag to None, run_after=None
[2024-07-31T18:45:25.960+0000] {processor.py:183} INFO - Processing /home/ubuntu/airflow-venv/lib/python3.12/site-packages/airflow/example_dags/tutorial_dag.py took 0.068 seconds
[2024-07-31T18:46:09.278+0000] {processor.py:161} INFO - Started process (PID=3663) to work on /home/ubuntu/airflow-venv/lib/python3.12/site-packages/airflow/example_dags/tutorial_dag.py
[2024-07-31T18:46:09.280+0000] {processor.py:830} INFO - Processing file /home/ubuntu/airflow-venv/lib/python3.12/site-packages/airflow/example_dags/tutorial_dag.py for tasks to queue
[2024-07-31T18:46:09.282+0000] {logging_mixin.py:188} INFO - [2024-07-31T18:46:09.281+0000] {dagbag.py:545} INFO - Filling up the DagBag from /home/ubuntu/airflow-venv/lib/python3.12/site-packages/airflow/example_dags/tutorial_dag.py
[2024-07-31T18:46:09.287+0000] {processor.py:840} INFO - DAG(s) 'tutorial_dag' retrieved from /home/ubuntu/airflow-venv/lib/python3.12/site-packages/airflow/example_dags/tutorial_dag.py
[2024-07-31T18:46:09.303+0000] {logging_mixin.py:188} INFO - [2024-07-31T18:46:09.303+0000] {dag.py:3089} INFO - Sync 1 DAGs
[2024-07-31T18:46:09.316+0000] {logging_mixin.py:188} INFO - [2024-07-31T18:46:09.316+0000] {dag.py:3947} INFO - Setting next_dagrun for tutorial_dag to None, run_after=None
[2024-07-31T18:46:09.340+0000] {processor.py:183} INFO - Processing /home/ubuntu/airflow-venv/lib/python3.12/site-packages/airflow/example_dags/tutorial_dag.py took 0.068 seconds
[2024-07-31T18:46:50.291+0000] {processor.py:161} INFO - Started process (PID=3898) to work on /home/ubuntu/airflow-venv/lib/python3.12/site-packages/airflow/example_dags/tutorial_dag.py
[2024-07-31T18:46:50.292+0000] {processor.py:830} INFO - Processing file /home/ubuntu/airflow-venv/lib/python3.12/site-packages/airflow/example_dags/tutorial_dag.py for tasks to queue
[2024-07-31T18:46:50.294+0000] {logging_mixin.py:188} INFO - [2024-07-31T18:46:50.294+0000] {dagbag.py:545} INFO - Filling up the DagBag from /home/ubuntu/airflow-venv/lib/python3.12/site-packages/airflow/example_dags/tutorial_dag.py
[2024-07-31T18:46:50.299+0000] {processor.py:840} INFO - DAG(s) 'tutorial_dag' retrieved from /home/ubuntu/airflow-venv/lib/python3.12/site-packages/airflow/example_dags/tutorial_dag.py
[2024-07-31T18:46:50.315+0000] {logging_mixin.py:188} INFO - [2024-07-31T18:46:50.315+0000] {dag.py:3089} INFO - Sync 1 DAGs
[2024-07-31T18:46:50.327+0000] {logging_mixin.py:188} INFO - [2024-07-31T18:46:50.327+0000] {dag.py:3947} INFO - Setting next_dagrun for tutorial_dag to None, run_after=None
[2024-07-31T18:46:50.351+0000] {processor.py:183} INFO - Processing /home/ubuntu/airflow-venv/lib/python3.12/site-packages/airflow/example_dags/tutorial_dag.py took 0.066 seconds
[2024-07-31T18:47:28.440+0000] {processor.py:161} INFO - Started process (PID=3939) to work on /home/ubuntu/airflow-venv/lib/python3.12/site-packages/airflow/example_dags/tutorial_dag.py
[2024-07-31T18:47:28.442+0000] {processor.py:830} INFO - Processing file /home/ubuntu/airflow-venv/lib/python3.12/site-packages/airflow/example_dags/tutorial_dag.py for tasks to queue
[2024-07-31T18:47:28.444+0000] {logging_mixin.py:188} INFO - [2024-07-31T18:47:28.443+0000] {dagbag.py:545} INFO - Filling up the DagBag from /home/ubuntu/airflow-venv/lib/python3.12/site-packages/airflow/example_dags/tutorial_dag.py
[2024-07-31T18:47:28.449+0000] {processor.py:840} INFO - DAG(s) 'tutorial_dag' retrieved from /home/ubuntu/airflow-venv/lib/python3.12/site-packages/airflow/example_dags/tutorial_dag.py
[2024-07-31T18:47:28.465+0000] {logging_mixin.py:188} INFO - [2024-07-31T18:47:28.465+0000] {dag.py:3089} INFO - Sync 1 DAGs
[2024-07-31T18:47:28.478+0000] {logging_mixin.py:188} INFO - [2024-07-31T18:47:28.478+0000] {dag.py:3947} INFO - Setting next_dagrun for tutorial_dag to None, run_after=None
[2024-07-31T18:47:28.502+0000] {processor.py:183} INFO - Processing /home/ubuntu/airflow-venv/lib/python3.12/site-packages/airflow/example_dags/tutorial_dag.py took 0.067 seconds
[2024-07-31T18:48:07.104+0000] {processor.py:161} INFO - Started process (PID=4150) to work on /home/ubuntu/airflow-venv/lib/python3.12/site-packages/airflow/example_dags/tutorial_dag.py
[2024-07-31T18:48:07.105+0000] {processor.py:830} INFO - Processing file /home/ubuntu/airflow-venv/lib/python3.12/site-packages/airflow/example_dags/tutorial_dag.py for tasks to queue
[2024-07-31T18:48:07.107+0000] {logging_mixin.py:188} INFO - [2024-07-31T18:48:07.107+0000] {dagbag.py:545} INFO - Filling up the DagBag from /home/ubuntu/airflow-venv/lib/python3.12/site-packages/airflow/example_dags/tutorial_dag.py
[2024-07-31T18:48:07.112+0000] {processor.py:840} INFO - DAG(s) 'tutorial_dag' retrieved from /home/ubuntu/airflow-venv/lib/python3.12/site-packages/airflow/example_dags/tutorial_dag.py
[2024-07-31T18:48:07.128+0000] {logging_mixin.py:188} INFO - [2024-07-31T18:48:07.128+0000] {dag.py:3089} INFO - Sync 1 DAGs
[2024-07-31T18:48:07.140+0000] {logging_mixin.py:188} INFO - [2024-07-31T18:48:07.140+0000] {dag.py:3947} INFO - Setting next_dagrun for tutorial_dag to None, run_after=None
[2024-07-31T18:48:07.163+0000] {processor.py:183} INFO - Processing /home/ubuntu/airflow-venv/lib/python3.12/site-packages/airflow/example_dags/tutorial_dag.py took 0.065 seconds
[2024-07-31T18:48:57.433+0000] {processor.py:161} INFO - Started process (PID=4202) to work on /home/ubuntu/airflow-venv/lib/python3.12/site-packages/airflow/example_dags/tutorial_dag.py
[2024-07-31T18:48:57.435+0000] {processor.py:830} INFO - Processing file /home/ubuntu/airflow-venv/lib/python3.12/site-packages/airflow/example_dags/tutorial_dag.py for tasks to queue
[2024-07-31T18:48:57.437+0000] {logging_mixin.py:188} INFO - [2024-07-31T18:48:57.436+0000] {dagbag.py:545} INFO - Filling up the DagBag from /home/ubuntu/airflow-venv/lib/python3.12/site-packages/airflow/example_dags/tutorial_dag.py
[2024-07-31T18:48:57.443+0000] {processor.py:840} INFO - DAG(s) 'tutorial_dag' retrieved from /home/ubuntu/airflow-venv/lib/python3.12/site-packages/airflow/example_dags/tutorial_dag.py
[2024-07-31T18:48:57.460+0000] {logging_mixin.py:188} INFO - [2024-07-31T18:48:57.459+0000] {dag.py:3089} INFO - Sync 1 DAGs
[2024-07-31T18:48:57.473+0000] {logging_mixin.py:188} INFO - [2024-07-31T18:48:57.472+0000] {dag.py:3947} INFO - Setting next_dagrun for tutorial_dag to None, run_after=None
[2024-07-31T18:48:57.498+0000] {processor.py:183} INFO - Processing /home/ubuntu/airflow-venv/lib/python3.12/site-packages/airflow/example_dags/tutorial_dag.py took 0.072 seconds
[2024-07-31T18:49:37.903+0000] {processor.py:161} INFO - Started process (PID=4244) to work on /home/ubuntu/airflow-venv/lib/python3.12/site-packages/airflow/example_dags/tutorial_dag.py
[2024-07-31T18:49:37.905+0000] {processor.py:830} INFO - Processing file /home/ubuntu/airflow-venv/lib/python3.12/site-packages/airflow/example_dags/tutorial_dag.py for tasks to queue
[2024-07-31T18:49:37.907+0000] {logging_mixin.py:188} INFO - [2024-07-31T18:49:37.906+0000] {dagbag.py:545} INFO - Filling up the DagBag from /home/ubuntu/airflow-venv/lib/python3.12/site-packages/airflow/example_dags/tutorial_dag.py
[2024-07-31T18:49:37.912+0000] {processor.py:840} INFO - DAG(s) 'tutorial_dag' retrieved from /home/ubuntu/airflow-venv/lib/python3.12/site-packages/airflow/example_dags/tutorial_dag.py
[2024-07-31T18:49:37.928+0000] {logging_mixin.py:188} INFO - [2024-07-31T18:49:37.928+0000] {dag.py:3089} INFO - Sync 1 DAGs
[2024-07-31T18:49:37.940+0000] {logging_mixin.py:188} INFO - [2024-07-31T18:49:37.940+0000] {dag.py:3947} INFO - Setting next_dagrun for tutorial_dag to None, run_after=None
[2024-07-31T18:49:37.965+0000] {processor.py:183} INFO - Processing /home/ubuntu/airflow-venv/lib/python3.12/site-packages/airflow/example_dags/tutorial_dag.py took 0.067 seconds
[2024-07-31T18:50:17.317+0000] {processor.py:161} INFO - Started process (PID=4290) to work on /home/ubuntu/airflow-venv/lib/python3.12/site-packages/airflow/example_dags/tutorial_dag.py
[2024-07-31T18:50:17.318+0000] {processor.py:830} INFO - Processing file /home/ubuntu/airflow-venv/lib/python3.12/site-packages/airflow/example_dags/tutorial_dag.py for tasks to queue
[2024-07-31T18:50:17.320+0000] {logging_mixin.py:188} INFO - [2024-07-31T18:50:17.320+0000] {dagbag.py:545} INFO - Filling up the DagBag from /home/ubuntu/airflow-venv/lib/python3.12/site-packages/airflow/example_dags/tutorial_dag.py
[2024-07-31T18:50:17.326+0000] {processor.py:840} INFO - DAG(s) 'tutorial_dag' retrieved from /home/ubuntu/airflow-venv/lib/python3.12/site-packages/airflow/example_dags/tutorial_dag.py
[2024-07-31T18:50:17.342+0000] {logging_mixin.py:188} INFO - [2024-07-31T18:50:17.342+0000] {dag.py:3089} INFO - Sync 1 DAGs
[2024-07-31T18:50:17.355+0000] {logging_mixin.py:188} INFO - [2024-07-31T18:50:17.355+0000] {dag.py:3947} INFO - Setting next_dagrun for tutorial_dag to None, run_after=None
[2024-07-31T18:50:17.379+0000] {processor.py:183} INFO - Processing /home/ubuntu/airflow-venv/lib/python3.12/site-packages/airflow/example_dags/tutorial_dag.py took 0.068 seconds
[2024-07-31T18:50:58.269+0000] {processor.py:161} INFO - Started process (PID=4334) to work on /home/ubuntu/airflow-venv/lib/python3.12/site-packages/airflow/example_dags/tutorial_dag.py
[2024-07-31T18:50:58.270+0000] {processor.py:830} INFO - Processing file /home/ubuntu/airflow-venv/lib/python3.12/site-packages/airflow/example_dags/tutorial_dag.py for tasks to queue
[2024-07-31T18:50:58.272+0000] {logging_mixin.py:188} INFO - [2024-07-31T18:50:58.271+0000] {dagbag.py:545} INFO - Filling up the DagBag from /home/ubuntu/airflow-venv/lib/python3.12/site-packages/airflow/example_dags/tutorial_dag.py
[2024-07-31T18:50:58.277+0000] {processor.py:840} INFO - DAG(s) 'tutorial_dag' retrieved from /home/ubuntu/airflow-venv/lib/python3.12/site-packages/airflow/example_dags/tutorial_dag.py
[2024-07-31T18:50:58.294+0000] {logging_mixin.py:188} INFO - [2024-07-31T18:50:58.293+0000] {dag.py:3089} INFO - Sync 1 DAGs
[2024-07-31T18:50:58.305+0000] {logging_mixin.py:188} INFO - [2024-07-31T18:50:58.305+0000] {dag.py:3947} INFO - Setting next_dagrun for tutorial_dag to None, run_after=None
[2024-07-31T18:50:58.329+0000] {processor.py:183} INFO - Processing /home/ubuntu/airflow-venv/lib/python3.12/site-packages/airflow/example_dags/tutorial_dag.py took 0.066 seconds
[2024-07-31T18:51:36.125+0000] {processor.py:161} INFO - Started process (PID=4374) to work on /home/ubuntu/airflow-venv/lib/python3.12/site-packages/airflow/example_dags/tutorial_dag.py
[2024-07-31T18:51:36.126+0000] {processor.py:830} INFO - Processing file /home/ubuntu/airflow-venv/lib/python3.12/site-packages/airflow/example_dags/tutorial_dag.py for tasks to queue
[2024-07-31T18:51:36.128+0000] {logging_mixin.py:188} INFO - [2024-07-31T18:51:36.127+0000] {dagbag.py:545} INFO - Filling up the DagBag from /home/ubuntu/airflow-venv/lib/python3.12/site-packages/airflow/example_dags/tutorial_dag.py
[2024-07-31T18:51:36.133+0000] {processor.py:840} INFO - DAG(s) 'tutorial_dag' retrieved from /home/ubuntu/airflow-venv/lib/python3.12/site-packages/airflow/example_dags/tutorial_dag.py
[2024-07-31T18:51:36.149+0000] {logging_mixin.py:188} INFO - [2024-07-31T18:51:36.149+0000] {dag.py:3089} INFO - Sync 1 DAGs
[2024-07-31T18:51:36.162+0000] {logging_mixin.py:188} INFO - [2024-07-31T18:51:36.161+0000] {dag.py:3947} INFO - Setting next_dagrun for tutorial_dag to None, run_after=None
[2024-07-31T18:51:36.186+0000] {processor.py:183} INFO - Processing /home/ubuntu/airflow-venv/lib/python3.12/site-packages/airflow/example_dags/tutorial_dag.py took 0.066 seconds
[2024-07-31T18:52:13.887+0000] {processor.py:161} INFO - Started process (PID=4415) to work on /home/ubuntu/airflow-venv/lib/python3.12/site-packages/airflow/example_dags/tutorial_dag.py
[2024-07-31T18:52:13.888+0000] {processor.py:830} INFO - Processing file /home/ubuntu/airflow-venv/lib/python3.12/site-packages/airflow/example_dags/tutorial_dag.py for tasks to queue
[2024-07-31T18:52:13.890+0000] {logging_mixin.py:188} INFO - [2024-07-31T18:52:13.890+0000] {dagbag.py:545} INFO - Filling up the DagBag from /home/ubuntu/airflow-venv/lib/python3.12/site-packages/airflow/example_dags/tutorial_dag.py
[2024-07-31T18:52:13.895+0000] {processor.py:840} INFO - DAG(s) 'tutorial_dag' retrieved from /home/ubuntu/airflow-venv/lib/python3.12/site-packages/airflow/example_dags/tutorial_dag.py
[2024-07-31T18:52:13.912+0000] {logging_mixin.py:188} INFO - [2024-07-31T18:52:13.911+0000] {dag.py:3089} INFO - Sync 1 DAGs
[2024-07-31T18:52:13.924+0000] {logging_mixin.py:188} INFO - [2024-07-31T18:52:13.923+0000] {dag.py:3947} INFO - Setting next_dagrun for tutorial_dag to None, run_after=None
[2024-07-31T18:52:13.948+0000] {processor.py:183} INFO - Processing /home/ubuntu/airflow-venv/lib/python3.12/site-packages/airflow/example_dags/tutorial_dag.py took 0.066 seconds
[2024-07-31T18:52:53.841+0000] {processor.py:161} INFO - Started process (PID=4459) to work on /home/ubuntu/airflow-venv/lib/python3.12/site-packages/airflow/example_dags/tutorial_dag.py
[2024-07-31T18:52:53.842+0000] {processor.py:830} INFO - Processing file /home/ubuntu/airflow-venv/lib/python3.12/site-packages/airflow/example_dags/tutorial_dag.py for tasks to queue
[2024-07-31T18:52:53.843+0000] {logging_mixin.py:188} INFO - [2024-07-31T18:52:53.843+0000] {dagbag.py:545} INFO - Filling up the DagBag from /home/ubuntu/airflow-venv/lib/python3.12/site-packages/airflow/example_dags/tutorial_dag.py
[2024-07-31T18:52:53.849+0000] {processor.py:840} INFO - DAG(s) 'tutorial_dag' retrieved from /home/ubuntu/airflow-venv/lib/python3.12/site-packages/airflow/example_dags/tutorial_dag.py
[2024-07-31T18:52:53.865+0000] {logging_mixin.py:188} INFO - [2024-07-31T18:52:53.864+0000] {dag.py:3089} INFO - Sync 1 DAGs
[2024-07-31T18:52:53.877+0000] {logging_mixin.py:188} INFO - [2024-07-31T18:52:53.876+0000] {dag.py:3947} INFO - Setting next_dagrun for tutorial_dag to None, run_after=None
[2024-07-31T18:52:53.900+0000] {processor.py:183} INFO - Processing /home/ubuntu/airflow-venv/lib/python3.12/site-packages/airflow/example_dags/tutorial_dag.py took 0.064 seconds
[2024-07-31T18:53:36.488+0000] {processor.py:161} INFO - Started process (PID=4505) to work on /home/ubuntu/airflow-venv/lib/python3.12/site-packages/airflow/example_dags/tutorial_dag.py
[2024-07-31T18:53:36.489+0000] {processor.py:830} INFO - Processing file /home/ubuntu/airflow-venv/lib/python3.12/site-packages/airflow/example_dags/tutorial_dag.py for tasks to queue
[2024-07-31T18:53:36.490+0000] {logging_mixin.py:188} INFO - [2024-07-31T18:53:36.490+0000] {dagbag.py:545} INFO - Filling up the DagBag from /home/ubuntu/airflow-venv/lib/python3.12/site-packages/airflow/example_dags/tutorial_dag.py
[2024-07-31T18:53:36.496+0000] {processor.py:840} INFO - DAG(s) 'tutorial_dag' retrieved from /home/ubuntu/airflow-venv/lib/python3.12/site-packages/airflow/example_dags/tutorial_dag.py
[2024-07-31T18:53:36.512+0000] {logging_mixin.py:188} INFO - [2024-07-31T18:53:36.512+0000] {dag.py:3089} INFO - Sync 1 DAGs
[2024-07-31T18:53:36.524+0000] {logging_mixin.py:188} INFO - [2024-07-31T18:53:36.524+0000] {dag.py:3947} INFO - Setting next_dagrun for tutorial_dag to None, run_after=None
[2024-07-31T18:53:36.548+0000] {processor.py:183} INFO - Processing /home/ubuntu/airflow-venv/lib/python3.12/site-packages/airflow/example_dags/tutorial_dag.py took 0.065 seconds
[2024-07-31T18:54:16.369+0000] {processor.py:161} INFO - Started process (PID=4550) to work on /home/ubuntu/airflow-venv/lib/python3.12/site-packages/airflow/example_dags/tutorial_dag.py
[2024-07-31T18:54:16.370+0000] {processor.py:830} INFO - Processing file /home/ubuntu/airflow-venv/lib/python3.12/site-packages/airflow/example_dags/tutorial_dag.py for tasks to queue
[2024-07-31T18:54:16.371+0000] {logging_mixin.py:188} INFO - [2024-07-31T18:54:16.370+0000] {dagbag.py:545} INFO - Filling up the DagBag from /home/ubuntu/airflow-venv/lib/python3.12/site-packages/airflow/example_dags/tutorial_dag.py
[2024-07-31T18:54:16.376+0000] {processor.py:840} INFO - DAG(s) 'tutorial_dag' retrieved from /home/ubuntu/airflow-venv/lib/python3.12/site-packages/airflow/example_dags/tutorial_dag.py
[2024-07-31T18:54:16.393+0000] {logging_mixin.py:188} INFO - [2024-07-31T18:54:16.393+0000] {dag.py:3089} INFO - Sync 1 DAGs
[2024-07-31T18:54:16.405+0000] {logging_mixin.py:188} INFO - [2024-07-31T18:54:16.405+0000] {dag.py:3947} INFO - Setting next_dagrun for tutorial_dag to None, run_after=None
[2024-07-31T18:54:16.429+0000] {processor.py:183} INFO - Processing /home/ubuntu/airflow-venv/lib/python3.12/site-packages/airflow/example_dags/tutorial_dag.py took 0.066 seconds
[2024-07-31T18:54:56.951+0000] {processor.py:161} INFO - Started process (PID=4594) to work on /home/ubuntu/airflow-venv/lib/python3.12/site-packages/airflow/example_dags/tutorial_dag.py
[2024-07-31T18:54:56.952+0000] {processor.py:830} INFO - Processing file /home/ubuntu/airflow-venv/lib/python3.12/site-packages/airflow/example_dags/tutorial_dag.py for tasks to queue
[2024-07-31T18:54:56.953+0000] {logging_mixin.py:188} INFO - [2024-07-31T18:54:56.953+0000] {dagbag.py:545} INFO - Filling up the DagBag from /home/ubuntu/airflow-venv/lib/python3.12/site-packages/airflow/example_dags/tutorial_dag.py
[2024-07-31T18:54:56.959+0000] {processor.py:840} INFO - DAG(s) 'tutorial_dag' retrieved from /home/ubuntu/airflow-venv/lib/python3.12/site-packages/airflow/example_dags/tutorial_dag.py
[2024-07-31T18:54:56.975+0000] {logging_mixin.py:188} INFO - [2024-07-31T18:54:56.975+0000] {dag.py:3089} INFO - Sync 1 DAGs
[2024-07-31T18:54:56.987+0000] {logging_mixin.py:188} INFO - [2024-07-31T18:54:56.986+0000] {dag.py:3947} INFO - Setting next_dagrun for tutorial_dag to None, run_after=None
[2024-07-31T18:54:57.013+0000] {processor.py:183} INFO - Processing /home/ubuntu/airflow-venv/lib/python3.12/site-packages/airflow/example_dags/tutorial_dag.py took 0.068 seconds
[2024-07-31T18:55:38.017+0000] {processor.py:161} INFO - Started process (PID=4641) to work on /home/ubuntu/airflow-venv/lib/python3.12/site-packages/airflow/example_dags/tutorial_dag.py
[2024-07-31T18:55:38.018+0000] {processor.py:830} INFO - Processing file /home/ubuntu/airflow-venv/lib/python3.12/site-packages/airflow/example_dags/tutorial_dag.py for tasks to queue
[2024-07-31T18:55:38.019+0000] {logging_mixin.py:188} INFO - [2024-07-31T18:55:38.019+0000] {dagbag.py:545} INFO - Filling up the DagBag from /home/ubuntu/airflow-venv/lib/python3.12/site-packages/airflow/example_dags/tutorial_dag.py
[2024-07-31T18:55:38.025+0000] {processor.py:840} INFO - DAG(s) 'tutorial_dag' retrieved from /home/ubuntu/airflow-venv/lib/python3.12/site-packages/airflow/example_dags/tutorial_dag.py
[2024-07-31T18:55:38.041+0000] {logging_mixin.py:188} INFO - [2024-07-31T18:55:38.041+0000] {dag.py:3089} INFO - Sync 1 DAGs
[2024-07-31T18:55:38.053+0000] {logging_mixin.py:188} INFO - [2024-07-31T18:55:38.053+0000] {dag.py:3947} INFO - Setting next_dagrun for tutorial_dag to None, run_after=None
[2024-07-31T18:55:38.076+0000] {processor.py:183} INFO - Processing /home/ubuntu/airflow-venv/lib/python3.12/site-packages/airflow/example_dags/tutorial_dag.py took 0.065 seconds
[2024-07-31T18:56:22.987+0000] {processor.py:161} INFO - Started process (PID=4687) to work on /home/ubuntu/airflow-venv/lib/python3.12/site-packages/airflow/example_dags/tutorial_dag.py
[2024-07-31T18:56:22.989+0000] {processor.py:830} INFO - Processing file /home/ubuntu/airflow-venv/lib/python3.12/site-packages/airflow/example_dags/tutorial_dag.py for tasks to queue
[2024-07-31T18:56:22.990+0000] {logging_mixin.py:188} INFO - [2024-07-31T18:56:22.989+0000] {dagbag.py:545} INFO - Filling up the DagBag from /home/ubuntu/airflow-venv/lib/python3.12/site-packages/airflow/example_dags/tutorial_dag.py
[2024-07-31T18:56:22.996+0000] {processor.py:840} INFO - DAG(s) 'tutorial_dag' retrieved from /home/ubuntu/airflow-venv/lib/python3.12/site-packages/airflow/example_dags/tutorial_dag.py
[2024-07-31T18:56:23.014+0000] {logging_mixin.py:188} INFO - [2024-07-31T18:56:23.013+0000] {dag.py:3089} INFO - Sync 1 DAGs
[2024-07-31T18:56:23.026+0000] {logging_mixin.py:188} INFO - [2024-07-31T18:56:23.026+0000] {dag.py:3947} INFO - Setting next_dagrun for tutorial_dag to None, run_after=None
[2024-07-31T18:56:23.076+0000] {processor.py:183} INFO - Processing /home/ubuntu/airflow-venv/lib/python3.12/site-packages/airflow/example_dags/tutorial_dag.py took 0.099 seconds
[2024-07-31T18:57:10.801+0000] {processor.py:161} INFO - Started process (PID=5049) to work on /home/ubuntu/airflow-venv/lib/python3.12/site-packages/airflow/example_dags/tutorial_dag.py
[2024-07-31T18:57:10.803+0000] {processor.py:830} INFO - Processing file /home/ubuntu/airflow-venv/lib/python3.12/site-packages/airflow/example_dags/tutorial_dag.py for tasks to queue
[2024-07-31T18:57:10.804+0000] {logging_mixin.py:188} INFO - [2024-07-31T18:57:10.804+0000] {dagbag.py:545} INFO - Filling up the DagBag from /home/ubuntu/airflow-venv/lib/python3.12/site-packages/airflow/example_dags/tutorial_dag.py
[2024-07-31T18:57:10.809+0000] {processor.py:840} INFO - DAG(s) 'tutorial_dag' retrieved from /home/ubuntu/airflow-venv/lib/python3.12/site-packages/airflow/example_dags/tutorial_dag.py
[2024-07-31T18:57:10.827+0000] {logging_mixin.py:188} INFO - [2024-07-31T18:57:10.826+0000] {dag.py:3089} INFO - Sync 1 DAGs
[2024-07-31T18:57:10.839+0000] {logging_mixin.py:188} INFO - [2024-07-31T18:57:10.839+0000] {dag.py:3947} INFO - Setting next_dagrun for tutorial_dag to None, run_after=None
[2024-07-31T18:57:10.862+0000] {processor.py:183} INFO - Processing /home/ubuntu/airflow-venv/lib/python3.12/site-packages/airflow/example_dags/tutorial_dag.py took 0.067 seconds
[2024-07-31T18:57:55.868+0000] {processor.py:161} INFO - Started process (PID=5096) to work on /home/ubuntu/airflow-venv/lib/python3.12/site-packages/airflow/example_dags/tutorial_dag.py
[2024-07-31T18:57:55.870+0000] {processor.py:830} INFO - Processing file /home/ubuntu/airflow-venv/lib/python3.12/site-packages/airflow/example_dags/tutorial_dag.py for tasks to queue
[2024-07-31T18:57:55.870+0000] {logging_mixin.py:188} INFO - [2024-07-31T18:57:55.870+0000] {dagbag.py:545} INFO - Filling up the DagBag from /home/ubuntu/airflow-venv/lib/python3.12/site-packages/airflow/example_dags/tutorial_dag.py
[2024-07-31T18:57:55.876+0000] {processor.py:840} INFO - DAG(s) 'tutorial_dag' retrieved from /home/ubuntu/airflow-venv/lib/python3.12/site-packages/airflow/example_dags/tutorial_dag.py
[2024-07-31T18:57:55.893+0000] {logging_mixin.py:188} INFO - [2024-07-31T18:57:55.893+0000] {dag.py:3089} INFO - Sync 1 DAGs
[2024-07-31T18:57:55.905+0000] {logging_mixin.py:188} INFO - [2024-07-31T18:57:55.905+0000] {dag.py:3947} INFO - Setting next_dagrun for tutorial_dag to None, run_after=None
[2024-07-31T18:57:55.930+0000] {processor.py:183} INFO - Processing /home/ubuntu/airflow-venv/lib/python3.12/site-packages/airflow/example_dags/tutorial_dag.py took 0.068 seconds
[2024-07-31T18:58:41.854+0000] {processor.py:161} INFO - Started process (PID=5146) to work on /home/ubuntu/airflow-venv/lib/python3.12/site-packages/airflow/example_dags/tutorial_dag.py
[2024-07-31T18:58:41.856+0000] {processor.py:830} INFO - Processing file /home/ubuntu/airflow-venv/lib/python3.12/site-packages/airflow/example_dags/tutorial_dag.py for tasks to queue
[2024-07-31T18:58:41.856+0000] {logging_mixin.py:188} INFO - [2024-07-31T18:58:41.856+0000] {dagbag.py:545} INFO - Filling up the DagBag from /home/ubuntu/airflow-venv/lib/python3.12/site-packages/airflow/example_dags/tutorial_dag.py
[2024-07-31T18:58:41.862+0000] {processor.py:840} INFO - DAG(s) 'tutorial_dag' retrieved from /home/ubuntu/airflow-venv/lib/python3.12/site-packages/airflow/example_dags/tutorial_dag.py
[2024-07-31T18:58:41.879+0000] {logging_mixin.py:188} INFO - [2024-07-31T18:58:41.879+0000] {dag.py:3089} INFO - Sync 1 DAGs
[2024-07-31T18:58:41.891+0000] {logging_mixin.py:188} INFO - [2024-07-31T18:58:41.890+0000] {dag.py:3947} INFO - Setting next_dagrun for tutorial_dag to None, run_after=None
[2024-07-31T18:58:41.915+0000] {processor.py:183} INFO - Processing /home/ubuntu/airflow-venv/lib/python3.12/site-packages/airflow/example_dags/tutorial_dag.py took 0.066 seconds
[2024-07-31T18:59:23.063+0000] {processor.py:161} INFO - Started process (PID=5191) to work on /home/ubuntu/airflow-venv/lib/python3.12/site-packages/airflow/example_dags/tutorial_dag.py
[2024-07-31T18:59:23.064+0000] {processor.py:830} INFO - Processing file /home/ubuntu/airflow-venv/lib/python3.12/site-packages/airflow/example_dags/tutorial_dag.py for tasks to queue
[2024-07-31T18:59:23.065+0000] {logging_mixin.py:188} INFO - [2024-07-31T18:59:23.065+0000] {dagbag.py:545} INFO - Filling up the DagBag from /home/ubuntu/airflow-venv/lib/python3.12/site-packages/airflow/example_dags/tutorial_dag.py
[2024-07-31T18:59:23.071+0000] {processor.py:840} INFO - DAG(s) 'tutorial_dag' retrieved from /home/ubuntu/airflow-venv/lib/python3.12/site-packages/airflow/example_dags/tutorial_dag.py
[2024-07-31T18:59:23.088+0000] {logging_mixin.py:188} INFO - [2024-07-31T18:59:23.088+0000] {dag.py:3089} INFO - Sync 1 DAGs
[2024-07-31T18:59:23.100+0000] {logging_mixin.py:188} INFO - [2024-07-31T18:59:23.100+0000] {dag.py:3947} INFO - Setting next_dagrun for tutorial_dag to None, run_after=None
[2024-07-31T18:59:23.125+0000] {processor.py:183} INFO - Processing /home/ubuntu/airflow-venv/lib/python3.12/site-packages/airflow/example_dags/tutorial_dag.py took 0.068 seconds
[2024-07-31T19:00:05.557+0000] {processor.py:161} INFO - Started process (PID=5235) to work on /home/ubuntu/airflow-venv/lib/python3.12/site-packages/airflow/example_dags/tutorial_dag.py
[2024-07-31T19:00:05.558+0000] {processor.py:830} INFO - Processing file /home/ubuntu/airflow-venv/lib/python3.12/site-packages/airflow/example_dags/tutorial_dag.py for tasks to queue
[2024-07-31T19:00:05.559+0000] {logging_mixin.py:188} INFO - [2024-07-31T19:00:05.559+0000] {dagbag.py:545} INFO - Filling up the DagBag from /home/ubuntu/airflow-venv/lib/python3.12/site-packages/airflow/example_dags/tutorial_dag.py
[2024-07-31T19:00:05.564+0000] {processor.py:840} INFO - DAG(s) 'tutorial_dag' retrieved from /home/ubuntu/airflow-venv/lib/python3.12/site-packages/airflow/example_dags/tutorial_dag.py
[2024-07-31T19:00:05.581+0000] {logging_mixin.py:188} INFO - [2024-07-31T19:00:05.580+0000] {dag.py:3089} INFO - Sync 1 DAGs
[2024-07-31T19:00:05.592+0000] {logging_mixin.py:188} INFO - [2024-07-31T19:00:05.592+0000] {dag.py:3947} INFO - Setting next_dagrun for tutorial_dag to None, run_after=None
[2024-07-31T19:00:05.617+0000] {processor.py:183} INFO - Processing /home/ubuntu/airflow-venv/lib/python3.12/site-packages/airflow/example_dags/tutorial_dag.py took 0.066 seconds
[2024-07-31T19:00:51.123+0000] {processor.py:161} INFO - Started process (PID=5286) to work on /home/ubuntu/airflow-venv/lib/python3.12/site-packages/airflow/example_dags/tutorial_dag.py
[2024-07-31T19:00:51.125+0000] {processor.py:830} INFO - Processing file /home/ubuntu/airflow-venv/lib/python3.12/site-packages/airflow/example_dags/tutorial_dag.py for tasks to queue
[2024-07-31T19:00:51.126+0000] {logging_mixin.py:188} INFO - [2024-07-31T19:00:51.125+0000] {dagbag.py:545} INFO - Filling up the DagBag from /home/ubuntu/airflow-venv/lib/python3.12/site-packages/airflow/example_dags/tutorial_dag.py
[2024-07-31T19:00:51.131+0000] {processor.py:840} INFO - DAG(s) 'tutorial_dag' retrieved from /home/ubuntu/airflow-venv/lib/python3.12/site-packages/airflow/example_dags/tutorial_dag.py
[2024-07-31T19:00:51.148+0000] {logging_mixin.py:188} INFO - [2024-07-31T19:00:51.148+0000] {dag.py:3089} INFO - Sync 1 DAGs
[2024-07-31T19:00:51.160+0000] {logging_mixin.py:188} INFO - [2024-07-31T19:00:51.160+0000] {dag.py:3947} INFO - Setting next_dagrun for tutorial_dag to None, run_after=None
[2024-07-31T19:00:51.186+0000] {processor.py:183} INFO - Processing /home/ubuntu/airflow-venv/lib/python3.12/site-packages/airflow/example_dags/tutorial_dag.py took 0.068 seconds
[2024-07-31T19:01:34.810+0000] {processor.py:161} INFO - Started process (PID=5330) to work on /home/ubuntu/airflow-venv/lib/python3.12/site-packages/airflow/example_dags/tutorial_dag.py
[2024-07-31T19:01:34.811+0000] {processor.py:830} INFO - Processing file /home/ubuntu/airflow-venv/lib/python3.12/site-packages/airflow/example_dags/tutorial_dag.py for tasks to queue
[2024-07-31T19:01:34.812+0000] {logging_mixin.py:188} INFO - [2024-07-31T19:01:34.811+0000] {dagbag.py:545} INFO - Filling up the DagBag from /home/ubuntu/airflow-venv/lib/python3.12/site-packages/airflow/example_dags/tutorial_dag.py
[2024-07-31T19:01:34.817+0000] {processor.py:840} INFO - DAG(s) 'tutorial_dag' retrieved from /home/ubuntu/airflow-venv/lib/python3.12/site-packages/airflow/example_dags/tutorial_dag.py
[2024-07-31T19:01:34.834+0000] {logging_mixin.py:188} INFO - [2024-07-31T19:01:34.834+0000] {dag.py:3089} INFO - Sync 1 DAGs
[2024-07-31T19:01:34.847+0000] {logging_mixin.py:188} INFO - [2024-07-31T19:01:34.847+0000] {dag.py:3947} INFO - Setting next_dagrun for tutorial_dag to None, run_after=None
[2024-07-31T19:01:34.871+0000] {processor.py:183} INFO - Processing /home/ubuntu/airflow-venv/lib/python3.12/site-packages/airflow/example_dags/tutorial_dag.py took 0.067 seconds
[2024-07-31T19:02:21.463+0000] {processor.py:161} INFO - Started process (PID=5377) to work on /home/ubuntu/airflow-venv/lib/python3.12/site-packages/airflow/example_dags/tutorial_dag.py
[2024-07-31T19:02:21.464+0000] {processor.py:830} INFO - Processing file /home/ubuntu/airflow-venv/lib/python3.12/site-packages/airflow/example_dags/tutorial_dag.py for tasks to queue
[2024-07-31T19:02:21.465+0000] {logging_mixin.py:188} INFO - [2024-07-31T19:02:21.465+0000] {dagbag.py:545} INFO - Filling up the DagBag from /home/ubuntu/airflow-venv/lib/python3.12/site-packages/airflow/example_dags/tutorial_dag.py
[2024-07-31T19:02:21.471+0000] {processor.py:840} INFO - DAG(s) 'tutorial_dag' retrieved from /home/ubuntu/airflow-venv/lib/python3.12/site-packages/airflow/example_dags/tutorial_dag.py
[2024-07-31T19:02:21.487+0000] {logging_mixin.py:188} INFO - [2024-07-31T19:02:21.487+0000] {dag.py:3089} INFO - Sync 1 DAGs
[2024-07-31T19:02:21.499+0000] {logging_mixin.py:188} INFO - [2024-07-31T19:02:21.499+0000] {dag.py:3947} INFO - Setting next_dagrun for tutorial_dag to None, run_after=None
[2024-07-31T19:02:21.522+0000] {processor.py:183} INFO - Processing /home/ubuntu/airflow-venv/lib/python3.12/site-packages/airflow/example_dags/tutorial_dag.py took 0.064 seconds
[2024-07-31T19:03:05.011+0000] {processor.py:161} INFO - Started process (PID=5424) to work on /home/ubuntu/airflow-venv/lib/python3.12/site-packages/airflow/example_dags/tutorial_dag.py
[2024-07-31T19:03:05.013+0000] {processor.py:830} INFO - Processing file /home/ubuntu/airflow-venv/lib/python3.12/site-packages/airflow/example_dags/tutorial_dag.py for tasks to queue
[2024-07-31T19:03:05.014+0000] {logging_mixin.py:188} INFO - [2024-07-31T19:03:05.013+0000] {dagbag.py:545} INFO - Filling up the DagBag from /home/ubuntu/airflow-venv/lib/python3.12/site-packages/airflow/example_dags/tutorial_dag.py
[2024-07-31T19:03:05.019+0000] {processor.py:840} INFO - DAG(s) 'tutorial_dag' retrieved from /home/ubuntu/airflow-venv/lib/python3.12/site-packages/airflow/example_dags/tutorial_dag.py
[2024-07-31T19:03:05.036+0000] {logging_mixin.py:188} INFO - [2024-07-31T19:03:05.035+0000] {dag.py:3089} INFO - Sync 1 DAGs
[2024-07-31T19:03:05.047+0000] {logging_mixin.py:188} INFO - [2024-07-31T19:03:05.047+0000] {dag.py:3947} INFO - Setting next_dagrun for tutorial_dag to None, run_after=None
[2024-07-31T19:03:05.072+0000] {processor.py:183} INFO - Processing /home/ubuntu/airflow-venv/lib/python3.12/site-packages/airflow/example_dags/tutorial_dag.py took 0.067 seconds
[2024-07-31T19:03:50.987+0000] {processor.py:161} INFO - Started process (PID=5471) to work on /home/ubuntu/airflow-venv/lib/python3.12/site-packages/airflow/example_dags/tutorial_dag.py
[2024-07-31T19:03:50.988+0000] {processor.py:830} INFO - Processing file /home/ubuntu/airflow-venv/lib/python3.12/site-packages/airflow/example_dags/tutorial_dag.py for tasks to queue
[2024-07-31T19:03:50.989+0000] {logging_mixin.py:188} INFO - [2024-07-31T19:03:50.989+0000] {dagbag.py:545} INFO - Filling up the DagBag from /home/ubuntu/airflow-venv/lib/python3.12/site-packages/airflow/example_dags/tutorial_dag.py
[2024-07-31T19:03:50.995+0000] {processor.py:840} INFO - DAG(s) 'tutorial_dag' retrieved from /home/ubuntu/airflow-venv/lib/python3.12/site-packages/airflow/example_dags/tutorial_dag.py
[2024-07-31T19:03:51.012+0000] {logging_mixin.py:188} INFO - [2024-07-31T19:03:51.011+0000] {dag.py:3089} INFO - Sync 1 DAGs
[2024-07-31T19:03:51.024+0000] {logging_mixin.py:188} INFO - [2024-07-31T19:03:51.023+0000] {dag.py:3947} INFO - Setting next_dagrun for tutorial_dag to None, run_after=None
[2024-07-31T19:03:51.159+0000] {processor.py:183} INFO - Processing /home/ubuntu/airflow-venv/lib/python3.12/site-packages/airflow/example_dags/tutorial_dag.py took 0.178 seconds
[2024-07-31T19:18:38.421+0000] {processor.py:161} INFO - Started process (PID=5599) to work on /home/ubuntu/airflow-venv/lib/python3.12/site-packages/airflow/example_dags/tutorial_dag.py
[2024-07-31T19:18:38.423+0000] {processor.py:830} INFO - Processing file /home/ubuntu/airflow-venv/lib/python3.12/site-packages/airflow/example_dags/tutorial_dag.py for tasks to queue
[2024-07-31T19:18:38.425+0000] {logging_mixin.py:188} INFO - [2024-07-31T19:18:38.424+0000] {dagbag.py:545} INFO - Filling up the DagBag from /home/ubuntu/airflow-venv/lib/python3.12/site-packages/airflow/example_dags/tutorial_dag.py
[2024-07-31T19:18:38.433+0000] {processor.py:840} INFO - DAG(s) 'tutorial_dag' retrieved from /home/ubuntu/airflow-venv/lib/python3.12/site-packages/airflow/example_dags/tutorial_dag.py
[2024-07-31T19:18:38.441+0000] {logging_mixin.py:188} INFO - [2024-07-31T19:18:38.440+0000] {dag.py:3089} INFO - Sync 1 DAGs
[2024-07-31T19:18:38.453+0000] {logging_mixin.py:188} INFO - [2024-07-31T19:18:38.453+0000] {dag.py:3947} INFO - Setting next_dagrun for tutorial_dag to None, run_after=None
[2024-07-31T19:18:38.478+0000] {processor.py:183} INFO - Processing /home/ubuntu/airflow-venv/lib/python3.12/site-packages/airflow/example_dags/tutorial_dag.py took 0.062 seconds
[2024-07-31T19:19:42.496+0000] {processor.py:161} INFO - Started process (PID=5658) to work on /home/ubuntu/airflow-venv/lib/python3.12/site-packages/airflow/example_dags/tutorial_dag.py
[2024-07-31T19:19:42.497+0000] {processor.py:830} INFO - Processing file /home/ubuntu/airflow-venv/lib/python3.12/site-packages/airflow/example_dags/tutorial_dag.py for tasks to queue
[2024-07-31T19:19:42.499+0000] {logging_mixin.py:188} INFO - [2024-07-31T19:19:42.498+0000] {dagbag.py:545} INFO - Filling up the DagBag from /home/ubuntu/airflow-venv/lib/python3.12/site-packages/airflow/example_dags/tutorial_dag.py
[2024-07-31T19:19:42.504+0000] {processor.py:840} INFO - DAG(s) 'tutorial_dag' retrieved from /home/ubuntu/airflow-venv/lib/python3.12/site-packages/airflow/example_dags/tutorial_dag.py
[2024-07-31T19:19:42.606+0000] {logging_mixin.py:188} INFO - [2024-07-31T19:19:42.606+0000] {dag.py:3089} INFO - Sync 1 DAGs
[2024-07-31T19:19:42.615+0000] {logging_mixin.py:188} INFO - [2024-07-31T19:19:42.615+0000] {dag.py:3947} INFO - Setting next_dagrun for tutorial_dag to None, run_after=None
[2024-07-31T19:19:42.638+0000] {processor.py:183} INFO - Processing /home/ubuntu/airflow-venv/lib/python3.12/site-packages/airflow/example_dags/tutorial_dag.py took 0.148 seconds
[2024-07-31T19:20:37.522+0000] {processor.py:161} INFO - Started process (PID=5715) to work on /home/ubuntu/airflow-venv/lib/python3.12/site-packages/airflow/example_dags/tutorial_dag.py
[2024-07-31T19:20:37.525+0000] {processor.py:830} INFO - Processing file /home/ubuntu/airflow-venv/lib/python3.12/site-packages/airflow/example_dags/tutorial_dag.py for tasks to queue
[2024-07-31T19:20:37.527+0000] {logging_mixin.py:188} INFO - [2024-07-31T19:20:37.526+0000] {dagbag.py:545} INFO - Filling up the DagBag from /home/ubuntu/airflow-venv/lib/python3.12/site-packages/airflow/example_dags/tutorial_dag.py
[2024-07-31T19:20:37.536+0000] {processor.py:840} INFO - DAG(s) 'tutorial_dag' retrieved from /home/ubuntu/airflow-venv/lib/python3.12/site-packages/airflow/example_dags/tutorial_dag.py
[2024-07-31T19:20:37.558+0000] {logging_mixin.py:188} INFO - [2024-07-31T19:20:37.558+0000] {dag.py:3089} INFO - Sync 1 DAGs
[2024-07-31T19:20:37.576+0000] {logging_mixin.py:188} INFO - [2024-07-31T19:20:37.576+0000] {dag.py:3947} INFO - Setting next_dagrun for tutorial_dag to None, run_after=None
[2024-07-31T19:20:37.603+0000] {processor.py:183} INFO - Processing /home/ubuntu/airflow-venv/lib/python3.12/site-packages/airflow/example_dags/tutorial_dag.py took 0.089 seconds
[2024-07-31T19:21:26.471+0000] {processor.py:161} INFO - Started process (PID=5764) to work on /home/ubuntu/airflow-venv/lib/python3.12/site-packages/airflow/example_dags/tutorial_dag.py
[2024-07-31T19:21:26.472+0000] {processor.py:830} INFO - Processing file /home/ubuntu/airflow-venv/lib/python3.12/site-packages/airflow/example_dags/tutorial_dag.py for tasks to queue
[2024-07-31T19:21:26.474+0000] {logging_mixin.py:188} INFO - [2024-07-31T19:21:26.473+0000] {dagbag.py:545} INFO - Filling up the DagBag from /home/ubuntu/airflow-venv/lib/python3.12/site-packages/airflow/example_dags/tutorial_dag.py
[2024-07-31T19:21:26.479+0000] {processor.py:840} INFO - DAG(s) 'tutorial_dag' retrieved from /home/ubuntu/airflow-venv/lib/python3.12/site-packages/airflow/example_dags/tutorial_dag.py
[2024-07-31T19:21:26.495+0000] {logging_mixin.py:188} INFO - [2024-07-31T19:21:26.495+0000] {dag.py:3089} INFO - Sync 1 DAGs
[2024-07-31T19:21:26.507+0000] {logging_mixin.py:188} INFO - [2024-07-31T19:21:26.506+0000] {dag.py:3947} INFO - Setting next_dagrun for tutorial_dag to None, run_after=None
[2024-07-31T19:21:26.529+0000] {processor.py:183} INFO - Processing /home/ubuntu/airflow-venv/lib/python3.12/site-packages/airflow/example_dags/tutorial_dag.py took 0.064 seconds
[2024-07-31T19:22:14.988+0000] {processor.py:161} INFO - Started process (PID=5813) to work on /home/ubuntu/airflow-venv/lib/python3.12/site-packages/airflow/example_dags/tutorial_dag.py
[2024-07-31T19:22:14.989+0000] {processor.py:830} INFO - Processing file /home/ubuntu/airflow-venv/lib/python3.12/site-packages/airflow/example_dags/tutorial_dag.py for tasks to queue
[2024-07-31T19:22:14.991+0000] {logging_mixin.py:188} INFO - [2024-07-31T19:22:14.990+0000] {dagbag.py:545} INFO - Filling up the DagBag from /home/ubuntu/airflow-venv/lib/python3.12/site-packages/airflow/example_dags/tutorial_dag.py
[2024-07-31T19:22:14.996+0000] {processor.py:840} INFO - DAG(s) 'tutorial_dag' retrieved from /home/ubuntu/airflow-venv/lib/python3.12/site-packages/airflow/example_dags/tutorial_dag.py
[2024-07-31T19:22:15.013+0000] {logging_mixin.py:188} INFO - [2024-07-31T19:22:15.013+0000] {dag.py:3089} INFO - Sync 1 DAGs
[2024-07-31T19:22:15.026+0000] {logging_mixin.py:188} INFO - [2024-07-31T19:22:15.025+0000] {dag.py:3947} INFO - Setting next_dagrun for tutorial_dag to None, run_after=None
[2024-07-31T19:22:15.050+0000] {processor.py:183} INFO - Processing /home/ubuntu/airflow-venv/lib/python3.12/site-packages/airflow/example_dags/tutorial_dag.py took 0.068 seconds
[2024-07-31T19:23:02.526+0000] {processor.py:161} INFO - Started process (PID=5863) to work on /home/ubuntu/airflow-venv/lib/python3.12/site-packages/airflow/example_dags/tutorial_dag.py
[2024-07-31T19:23:02.528+0000] {processor.py:830} INFO - Processing file /home/ubuntu/airflow-venv/lib/python3.12/site-packages/airflow/example_dags/tutorial_dag.py for tasks to queue
[2024-07-31T19:23:02.529+0000] {logging_mixin.py:188} INFO - [2024-07-31T19:23:02.528+0000] {dagbag.py:545} INFO - Filling up the DagBag from /home/ubuntu/airflow-venv/lib/python3.12/site-packages/airflow/example_dags/tutorial_dag.py
[2024-07-31T19:23:02.534+0000] {processor.py:840} INFO - DAG(s) 'tutorial_dag' retrieved from /home/ubuntu/airflow-venv/lib/python3.12/site-packages/airflow/example_dags/tutorial_dag.py
[2024-07-31T19:23:02.552+0000] {logging_mixin.py:188} INFO - [2024-07-31T19:23:02.551+0000] {dag.py:3089} INFO - Sync 1 DAGs
[2024-07-31T19:23:02.564+0000] {logging_mixin.py:188} INFO - [2024-07-31T19:23:02.563+0000] {dag.py:3947} INFO - Setting next_dagrun for tutorial_dag to None, run_after=None
[2024-07-31T19:23:02.587+0000] {processor.py:183} INFO - Processing /home/ubuntu/airflow-venv/lib/python3.12/site-packages/airflow/example_dags/tutorial_dag.py took 0.066 seconds
[2024-07-31T19:23:52.420+0000] {processor.py:161} INFO - Started process (PID=5917) to work on /home/ubuntu/airflow-venv/lib/python3.12/site-packages/airflow/example_dags/tutorial_dag.py
[2024-07-31T19:23:52.421+0000] {processor.py:830} INFO - Processing file /home/ubuntu/airflow-venv/lib/python3.12/site-packages/airflow/example_dags/tutorial_dag.py for tasks to queue
[2024-07-31T19:23:52.422+0000] {logging_mixin.py:188} INFO - [2024-07-31T19:23:52.422+0000] {dagbag.py:545} INFO - Filling up the DagBag from /home/ubuntu/airflow-venv/lib/python3.12/site-packages/airflow/example_dags/tutorial_dag.py
[2024-07-31T19:23:52.428+0000] {processor.py:840} INFO - DAG(s) 'tutorial_dag' retrieved from /home/ubuntu/airflow-venv/lib/python3.12/site-packages/airflow/example_dags/tutorial_dag.py
[2024-07-31T19:23:52.445+0000] {logging_mixin.py:188} INFO - [2024-07-31T19:23:52.445+0000] {dag.py:3089} INFO - Sync 1 DAGs
[2024-07-31T19:23:52.458+0000] {logging_mixin.py:188} INFO - [2024-07-31T19:23:52.457+0000] {dag.py:3947} INFO - Setting next_dagrun for tutorial_dag to None, run_after=None
[2024-07-31T19:23:52.483+0000] {processor.py:183} INFO - Processing /home/ubuntu/airflow-venv/lib/python3.12/site-packages/airflow/example_dags/tutorial_dag.py took 0.069 seconds
[2024-07-31T19:24:38.304+0000] {processor.py:161} INFO - Started process (PID=5969) to work on /home/ubuntu/airflow-venv/lib/python3.12/site-packages/airflow/example_dags/tutorial_dag.py
[2024-07-31T19:24:38.306+0000] {processor.py:830} INFO - Processing file /home/ubuntu/airflow-venv/lib/python3.12/site-packages/airflow/example_dags/tutorial_dag.py for tasks to queue
[2024-07-31T19:24:38.306+0000] {logging_mixin.py:188} INFO - [2024-07-31T19:24:38.306+0000] {dagbag.py:545} INFO - Filling up the DagBag from /home/ubuntu/airflow-venv/lib/python3.12/site-packages/airflow/example_dags/tutorial_dag.py
[2024-07-31T19:24:38.312+0000] {processor.py:840} INFO - DAG(s) 'tutorial_dag' retrieved from /home/ubuntu/airflow-venv/lib/python3.12/site-packages/airflow/example_dags/tutorial_dag.py
[2024-07-31T19:24:38.330+0000] {logging_mixin.py:188} INFO - [2024-07-31T19:24:38.329+0000] {dag.py:3089} INFO - Sync 1 DAGs
[2024-07-31T19:24:38.342+0000] {logging_mixin.py:188} INFO - [2024-07-31T19:24:38.341+0000] {dag.py:3947} INFO - Setting next_dagrun for tutorial_dag to None, run_after=None
[2024-07-31T19:24:38.366+0000] {processor.py:183} INFO - Processing /home/ubuntu/airflow-venv/lib/python3.12/site-packages/airflow/example_dags/tutorial_dag.py took 0.068 seconds
[2024-07-31T19:25:20.771+0000] {processor.py:161} INFO - Started process (PID=6015) to work on /home/ubuntu/airflow-venv/lib/python3.12/site-packages/airflow/example_dags/tutorial_dag.py
[2024-07-31T19:25:20.773+0000] {processor.py:830} INFO - Processing file /home/ubuntu/airflow-venv/lib/python3.12/site-packages/airflow/example_dags/tutorial_dag.py for tasks to queue
[2024-07-31T19:25:20.774+0000] {logging_mixin.py:188} INFO - [2024-07-31T19:25:20.773+0000] {dagbag.py:545} INFO - Filling up the DagBag from /home/ubuntu/airflow-venv/lib/python3.12/site-packages/airflow/example_dags/tutorial_dag.py
[2024-07-31T19:25:20.779+0000] {processor.py:840} INFO - DAG(s) 'tutorial_dag' retrieved from /home/ubuntu/airflow-venv/lib/python3.12/site-packages/airflow/example_dags/tutorial_dag.py
[2024-07-31T19:25:20.796+0000] {logging_mixin.py:188} INFO - [2024-07-31T19:25:20.796+0000] {dag.py:3089} INFO - Sync 1 DAGs
[2024-07-31T19:25:20.809+0000] {logging_mixin.py:188} INFO - [2024-07-31T19:25:20.808+0000] {dag.py:3947} INFO - Setting next_dagrun for tutorial_dag to None, run_after=None
[2024-07-31T19:25:20.833+0000] {processor.py:183} INFO - Processing /home/ubuntu/airflow-venv/lib/python3.12/site-packages/airflow/example_dags/tutorial_dag.py took 0.068 seconds
[2024-07-31T19:26:09.549+0000] {processor.py:161} INFO - Started process (PID=6067) to work on /home/ubuntu/airflow-venv/lib/python3.12/site-packages/airflow/example_dags/tutorial_dag.py
[2024-07-31T19:26:09.551+0000] {processor.py:830} INFO - Processing file /home/ubuntu/airflow-venv/lib/python3.12/site-packages/airflow/example_dags/tutorial_dag.py for tasks to queue
[2024-07-31T19:26:09.551+0000] {logging_mixin.py:188} INFO - [2024-07-31T19:26:09.551+0000] {dagbag.py:545} INFO - Filling up the DagBag from /home/ubuntu/airflow-venv/lib/python3.12/site-packages/airflow/example_dags/tutorial_dag.py
[2024-07-31T19:26:09.557+0000] {processor.py:840} INFO - DAG(s) 'tutorial_dag' retrieved from /home/ubuntu/airflow-venv/lib/python3.12/site-packages/airflow/example_dags/tutorial_dag.py
[2024-07-31T19:26:09.574+0000] {logging_mixin.py:188} INFO - [2024-07-31T19:26:09.574+0000] {dag.py:3089} INFO - Sync 1 DAGs
[2024-07-31T19:26:09.587+0000] {logging_mixin.py:188} INFO - [2024-07-31T19:26:09.586+0000] {dag.py:3947} INFO - Setting next_dagrun for tutorial_dag to None, run_after=None
[2024-07-31T19:26:09.610+0000] {processor.py:183} INFO - Processing /home/ubuntu/airflow-venv/lib/python3.12/site-packages/airflow/example_dags/tutorial_dag.py took 0.067 seconds
[2024-07-31T19:27:02.386+0000] {processor.py:161} INFO - Started process (PID=6125) to work on /home/ubuntu/airflow-venv/lib/python3.12/site-packages/airflow/example_dags/tutorial_dag.py
[2024-07-31T19:27:02.388+0000] {processor.py:830} INFO - Processing file /home/ubuntu/airflow-venv/lib/python3.12/site-packages/airflow/example_dags/tutorial_dag.py for tasks to queue
[2024-07-31T19:27:02.389+0000] {logging_mixin.py:188} INFO - [2024-07-31T19:27:02.388+0000] {dagbag.py:545} INFO - Filling up the DagBag from /home/ubuntu/airflow-venv/lib/python3.12/site-packages/airflow/example_dags/tutorial_dag.py
[2024-07-31T19:27:02.394+0000] {processor.py:840} INFO - DAG(s) 'tutorial_dag' retrieved from /home/ubuntu/airflow-venv/lib/python3.12/site-packages/airflow/example_dags/tutorial_dag.py
[2024-07-31T19:27:02.411+0000] {logging_mixin.py:188} INFO - [2024-07-31T19:27:02.411+0000] {dag.py:3089} INFO - Sync 1 DAGs
[2024-07-31T19:27:02.423+0000] {logging_mixin.py:188} INFO - [2024-07-31T19:27:02.423+0000] {dag.py:3947} INFO - Setting next_dagrun for tutorial_dag to None, run_after=None
[2024-07-31T19:27:02.449+0000] {processor.py:183} INFO - Processing /home/ubuntu/airflow-venv/lib/python3.12/site-packages/airflow/example_dags/tutorial_dag.py took 0.068 seconds
[2024-07-31T19:28:03.185+0000] {processor.py:161} INFO - Started process (PID=6188) to work on /home/ubuntu/airflow-venv/lib/python3.12/site-packages/airflow/example_dags/tutorial_dag.py
[2024-07-31T19:28:03.186+0000] {processor.py:830} INFO - Processing file /home/ubuntu/airflow-venv/lib/python3.12/site-packages/airflow/example_dags/tutorial_dag.py for tasks to queue
[2024-07-31T19:28:03.187+0000] {logging_mixin.py:188} INFO - [2024-07-31T19:28:03.187+0000] {dagbag.py:545} INFO - Filling up the DagBag from /home/ubuntu/airflow-venv/lib/python3.12/site-packages/airflow/example_dags/tutorial_dag.py
[2024-07-31T19:28:03.193+0000] {processor.py:840} INFO - DAG(s) 'tutorial_dag' retrieved from /home/ubuntu/airflow-venv/lib/python3.12/site-packages/airflow/example_dags/tutorial_dag.py
[2024-07-31T19:28:03.209+0000] {logging_mixin.py:188} INFO - [2024-07-31T19:28:03.209+0000] {dag.py:3089} INFO - Sync 1 DAGs
[2024-07-31T19:28:03.221+0000] {logging_mixin.py:188} INFO - [2024-07-31T19:28:03.221+0000] {dag.py:3947} INFO - Setting next_dagrun for tutorial_dag to None, run_after=None
[2024-07-31T19:28:03.247+0000] {processor.py:183} INFO - Processing /home/ubuntu/airflow-venv/lib/python3.12/site-packages/airflow/example_dags/tutorial_dag.py took 0.067 seconds
[2024-07-31T19:28:56.125+0000] {processor.py:161} INFO - Started process (PID=6242) to work on /home/ubuntu/airflow-venv/lib/python3.12/site-packages/airflow/example_dags/tutorial_dag.py
[2024-07-31T19:28:56.127+0000] {processor.py:830} INFO - Processing file /home/ubuntu/airflow-venv/lib/python3.12/site-packages/airflow/example_dags/tutorial_dag.py for tasks to queue
[2024-07-31T19:28:56.128+0000] {logging_mixin.py:188} INFO - [2024-07-31T19:28:56.127+0000] {dagbag.py:545} INFO - Filling up the DagBag from /home/ubuntu/airflow-venv/lib/python3.12/site-packages/airflow/example_dags/tutorial_dag.py
[2024-07-31T19:28:56.133+0000] {processor.py:840} INFO - DAG(s) 'tutorial_dag' retrieved from /home/ubuntu/airflow-venv/lib/python3.12/site-packages/airflow/example_dags/tutorial_dag.py
[2024-07-31T19:28:56.150+0000] {logging_mixin.py:188} INFO - [2024-07-31T19:28:56.150+0000] {dag.py:3089} INFO - Sync 1 DAGs
[2024-07-31T19:28:56.162+0000] {logging_mixin.py:188} INFO - [2024-07-31T19:28:56.162+0000] {dag.py:3947} INFO - Setting next_dagrun for tutorial_dag to None, run_after=None
[2024-07-31T19:28:56.185+0000] {processor.py:183} INFO - Processing /home/ubuntu/airflow-venv/lib/python3.12/site-packages/airflow/example_dags/tutorial_dag.py took 0.066 seconds
[2024-07-31T19:29:41.846+0000] {processor.py:161} INFO - Started process (PID=6291) to work on /home/ubuntu/airflow-venv/lib/python3.12/site-packages/airflow/example_dags/tutorial_dag.py
[2024-07-31T19:29:41.847+0000] {processor.py:830} INFO - Processing file /home/ubuntu/airflow-venv/lib/python3.12/site-packages/airflow/example_dags/tutorial_dag.py for tasks to queue
[2024-07-31T19:29:41.848+0000] {logging_mixin.py:188} INFO - [2024-07-31T19:29:41.848+0000] {dagbag.py:545} INFO - Filling up the DagBag from /home/ubuntu/airflow-venv/lib/python3.12/site-packages/airflow/example_dags/tutorial_dag.py
[2024-07-31T19:29:41.854+0000] {processor.py:840} INFO - DAG(s) 'tutorial_dag' retrieved from /home/ubuntu/airflow-venv/lib/python3.12/site-packages/airflow/example_dags/tutorial_dag.py
[2024-07-31T19:29:41.871+0000] {logging_mixin.py:188} INFO - [2024-07-31T19:29:41.871+0000] {dag.py:3089} INFO - Sync 1 DAGs
[2024-07-31T19:29:41.883+0000] {logging_mixin.py:188} INFO - [2024-07-31T19:29:41.883+0000] {dag.py:3947} INFO - Setting next_dagrun for tutorial_dag to None, run_after=None
[2024-07-31T19:29:41.908+0000] {processor.py:183} INFO - Processing /home/ubuntu/airflow-venv/lib/python3.12/site-packages/airflow/example_dags/tutorial_dag.py took 0.068 seconds
[2024-07-31T19:30:25.009+0000] {processor.py:161} INFO - Started process (PID=6342) to work on /home/ubuntu/airflow-venv/lib/python3.12/site-packages/airflow/example_dags/tutorial_dag.py
[2024-07-31T19:30:25.011+0000] {processor.py:830} INFO - Processing file /home/ubuntu/airflow-venv/lib/python3.12/site-packages/airflow/example_dags/tutorial_dag.py for tasks to queue
[2024-07-31T19:30:25.012+0000] {logging_mixin.py:188} INFO - [2024-07-31T19:30:25.011+0000] {dagbag.py:545} INFO - Filling up the DagBag from /home/ubuntu/airflow-venv/lib/python3.12/site-packages/airflow/example_dags/tutorial_dag.py
[2024-07-31T19:30:25.017+0000] {processor.py:840} INFO - DAG(s) 'tutorial_dag' retrieved from /home/ubuntu/airflow-venv/lib/python3.12/site-packages/airflow/example_dags/tutorial_dag.py
[2024-07-31T19:30:25.035+0000] {logging_mixin.py:188} INFO - [2024-07-31T19:30:25.035+0000] {dag.py:3089} INFO - Sync 1 DAGs
[2024-07-31T19:30:25.047+0000] {logging_mixin.py:188} INFO - [2024-07-31T19:30:25.047+0000] {dag.py:3947} INFO - Setting next_dagrun for tutorial_dag to None, run_after=None
[2024-07-31T19:30:25.073+0000] {processor.py:183} INFO - Processing /home/ubuntu/airflow-venv/lib/python3.12/site-packages/airflow/example_dags/tutorial_dag.py took 0.070 seconds
[2024-07-31T19:31:12.782+0000] {processor.py:161} INFO - Started process (PID=6391) to work on /home/ubuntu/airflow-venv/lib/python3.12/site-packages/airflow/example_dags/tutorial_dag.py
[2024-07-31T19:31:12.783+0000] {processor.py:830} INFO - Processing file /home/ubuntu/airflow-venv/lib/python3.12/site-packages/airflow/example_dags/tutorial_dag.py for tasks to queue
[2024-07-31T19:31:12.784+0000] {logging_mixin.py:188} INFO - [2024-07-31T19:31:12.784+0000] {dagbag.py:545} INFO - Filling up the DagBag from /home/ubuntu/airflow-venv/lib/python3.12/site-packages/airflow/example_dags/tutorial_dag.py
[2024-07-31T19:31:12.790+0000] {processor.py:840} INFO - DAG(s) 'tutorial_dag' retrieved from /home/ubuntu/airflow-venv/lib/python3.12/site-packages/airflow/example_dags/tutorial_dag.py
[2024-07-31T19:31:12.807+0000] {logging_mixin.py:188} INFO - [2024-07-31T19:31:12.807+0000] {dag.py:3089} INFO - Sync 1 DAGs
[2024-07-31T19:31:12.820+0000] {logging_mixin.py:188} INFO - [2024-07-31T19:31:12.819+0000] {dag.py:3947} INFO - Setting next_dagrun for tutorial_dag to None, run_after=None
[2024-07-31T19:31:12.844+0000] {processor.py:183} INFO - Processing /home/ubuntu/airflow-venv/lib/python3.12/site-packages/airflow/example_dags/tutorial_dag.py took 0.068 seconds
[2024-07-31T19:32:16.846+0000] {processor.py:161} INFO - Started process (PID=6461) to work on /home/ubuntu/airflow-venv/lib/python3.12/site-packages/airflow/example_dags/tutorial_dag.py
[2024-07-31T19:32:16.847+0000] {processor.py:830} INFO - Processing file /home/ubuntu/airflow-venv/lib/python3.12/site-packages/airflow/example_dags/tutorial_dag.py for tasks to queue
[2024-07-31T19:32:16.848+0000] {logging_mixin.py:188} INFO - [2024-07-31T19:32:16.848+0000] {dagbag.py:545} INFO - Filling up the DagBag from /home/ubuntu/airflow-venv/lib/python3.12/site-packages/airflow/example_dags/tutorial_dag.py
[2024-07-31T19:32:16.854+0000] {processor.py:840} INFO - DAG(s) 'tutorial_dag' retrieved from /home/ubuntu/airflow-venv/lib/python3.12/site-packages/airflow/example_dags/tutorial_dag.py
[2024-07-31T19:32:16.870+0000] {logging_mixin.py:188} INFO - [2024-07-31T19:32:16.870+0000] {dag.py:3089} INFO - Sync 1 DAGs
[2024-07-31T19:32:16.882+0000] {logging_mixin.py:188} INFO - [2024-07-31T19:32:16.882+0000] {dag.py:3947} INFO - Setting next_dagrun for tutorial_dag to None, run_after=None
[2024-07-31T19:32:16.906+0000] {processor.py:183} INFO - Processing /home/ubuntu/airflow-venv/lib/python3.12/site-packages/airflow/example_dags/tutorial_dag.py took 0.066 seconds
[2024-07-31T19:33:08.774+0000] {processor.py:161} INFO - Started process (PID=6516) to work on /home/ubuntu/airflow-venv/lib/python3.12/site-packages/airflow/example_dags/tutorial_dag.py
[2024-07-31T19:33:08.776+0000] {processor.py:830} INFO - Processing file /home/ubuntu/airflow-venv/lib/python3.12/site-packages/airflow/example_dags/tutorial_dag.py for tasks to queue
[2024-07-31T19:33:08.777+0000] {logging_mixin.py:188} INFO - [2024-07-31T19:33:08.776+0000] {dagbag.py:545} INFO - Filling up the DagBag from /home/ubuntu/airflow-venv/lib/python3.12/site-packages/airflow/example_dags/tutorial_dag.py
[2024-07-31T19:33:08.782+0000] {processor.py:840} INFO - DAG(s) 'tutorial_dag' retrieved from /home/ubuntu/airflow-venv/lib/python3.12/site-packages/airflow/example_dags/tutorial_dag.py
[2024-07-31T19:33:08.800+0000] {logging_mixin.py:188} INFO - [2024-07-31T19:33:08.799+0000] {dag.py:3089} INFO - Sync 1 DAGs
[2024-07-31T19:33:08.812+0000] {logging_mixin.py:188} INFO - [2024-07-31T19:33:08.812+0000] {dag.py:3947} INFO - Setting next_dagrun for tutorial_dag to None, run_after=None
[2024-07-31T19:33:08.837+0000] {processor.py:183} INFO - Processing /home/ubuntu/airflow-venv/lib/python3.12/site-packages/airflow/example_dags/tutorial_dag.py took 0.068 seconds
[2024-07-31T19:33:52.493+0000] {processor.py:161} INFO - Started process (PID=6565) to work on /home/ubuntu/airflow-venv/lib/python3.12/site-packages/airflow/example_dags/tutorial_dag.py
[2024-07-31T19:33:52.494+0000] {processor.py:830} INFO - Processing file /home/ubuntu/airflow-venv/lib/python3.12/site-packages/airflow/example_dags/tutorial_dag.py for tasks to queue
[2024-07-31T19:33:52.495+0000] {logging_mixin.py:188} INFO - [2024-07-31T19:33:52.494+0000] {dagbag.py:545} INFO - Filling up the DagBag from /home/ubuntu/airflow-venv/lib/python3.12/site-packages/airflow/example_dags/tutorial_dag.py
[2024-07-31T19:33:52.500+0000] {processor.py:840} INFO - DAG(s) 'tutorial_dag' retrieved from /home/ubuntu/airflow-venv/lib/python3.12/site-packages/airflow/example_dags/tutorial_dag.py
[2024-07-31T19:33:52.517+0000] {logging_mixin.py:188} INFO - [2024-07-31T19:33:52.517+0000] {dag.py:3089} INFO - Sync 1 DAGs
[2024-07-31T19:33:52.529+0000] {logging_mixin.py:188} INFO - [2024-07-31T19:33:52.529+0000] {dag.py:3947} INFO - Setting next_dagrun for tutorial_dag to None, run_after=None
[2024-07-31T19:33:52.555+0000] {processor.py:183} INFO - Processing /home/ubuntu/airflow-venv/lib/python3.12/site-packages/airflow/example_dags/tutorial_dag.py took 0.068 seconds
[2024-07-31T19:34:46.576+0000] {processor.py:161} INFO - Started process (PID=6619) to work on /home/ubuntu/airflow-venv/lib/python3.12/site-packages/airflow/example_dags/tutorial_dag.py
[2024-07-31T19:34:46.577+0000] {processor.py:830} INFO - Processing file /home/ubuntu/airflow-venv/lib/python3.12/site-packages/airflow/example_dags/tutorial_dag.py for tasks to queue
[2024-07-31T19:34:46.578+0000] {logging_mixin.py:188} INFO - [2024-07-31T19:34:46.578+0000] {dagbag.py:545} INFO - Filling up the DagBag from /home/ubuntu/airflow-venv/lib/python3.12/site-packages/airflow/example_dags/tutorial_dag.py
[2024-07-31T19:34:46.584+0000] {processor.py:840} INFO - DAG(s) 'tutorial_dag' retrieved from /home/ubuntu/airflow-venv/lib/python3.12/site-packages/airflow/example_dags/tutorial_dag.py
[2024-07-31T19:34:46.601+0000] {logging_mixin.py:188} INFO - [2024-07-31T19:34:46.600+0000] {dag.py:3089} INFO - Sync 1 DAGs
[2024-07-31T19:34:46.613+0000] {logging_mixin.py:188} INFO - [2024-07-31T19:34:46.613+0000] {dag.py:3947} INFO - Setting next_dagrun for tutorial_dag to None, run_after=None
[2024-07-31T19:34:46.637+0000] {processor.py:183} INFO - Processing /home/ubuntu/airflow-venv/lib/python3.12/site-packages/airflow/example_dags/tutorial_dag.py took 0.067 seconds
