[2024-07-31T18:42:59.013+0000] {processor.py:161} INFO - Started process (PID=3439) to work on /home/ubuntu/airflow-venv/lib/python3.12/site-packages/airflow/example_dags/tutorial_objectstorage.py
[2024-07-31T18:42:59.014+0000] {processor.py:830} INFO - Processing file /home/ubuntu/airflow-venv/lib/python3.12/site-packages/airflow/example_dags/tutorial_objectstorage.py for tasks to queue
[2024-07-31T18:42:59.015+0000] {logging_mixin.py:188} INFO - [2024-07-31T18:42:59.015+0000] {dagbag.py:545} INFO - Filling up the DagBag from /home/ubuntu/airflow-venv/lib/python3.12/site-packages/airflow/example_dags/tutorial_objectstorage.py
[2024-07-31T18:42:59.025+0000] {processor.py:840} INFO - DAG(s) 'tutorial_objectstorage' retrieved from /home/ubuntu/airflow-venv/lib/python3.12/site-packages/airflow/example_dags/tutorial_objectstorage.py
[2024-07-31T18:42:59.143+0000] {logging_mixin.py:188} INFO - [2024-07-31T18:42:59.143+0000] {override.py:1858} INFO - Created Permission View: can edit on DAG:tutorial_objectstorage
[2024-07-31T18:42:59.158+0000] {logging_mixin.py:188} INFO - [2024-07-31T18:42:59.158+0000] {override.py:1858} INFO - Created Permission View: can read on DAG:tutorial_objectstorage
[2024-07-31T18:42:59.240+0000] {logging_mixin.py:188} INFO - [2024-07-31T18:42:59.240+0000] {override.py:1858} INFO - Created Permission View: can delete on DAG:tutorial_objectstorage
[2024-07-31T18:42:59.241+0000] {logging_mixin.py:188} INFO - [2024-07-31T18:42:59.241+0000] {dag.py:3089} INFO - Sync 1 DAGs
[2024-07-31T18:42:59.252+0000] {logging_mixin.py:188} INFO - [2024-07-31T18:42:59.251+0000] {dag.py:3111} INFO - Creating ORM DAG for tutorial_objectstorage
[2024-07-31T18:42:59.252+0000] {logging_mixin.py:188} INFO - [2024-07-31T18:42:59.252+0000] {dag.py:3947} INFO - Setting next_dagrun for tutorial_objectstorage to None, run_after=None
[2024-07-31T18:42:59.275+0000] {processor.py:183} INFO - Processing /home/ubuntu/airflow-venv/lib/python3.12/site-packages/airflow/example_dags/tutorial_objectstorage.py took 0.268 seconds
[2024-07-31T18:43:58.356+0000] {processor.py:161} INFO - Started process (PID=3516) to work on /home/ubuntu/airflow-venv/lib/python3.12/site-packages/airflow/example_dags/tutorial_objectstorage.py
[2024-07-31T18:43:58.358+0000] {processor.py:830} INFO - Processing file /home/ubuntu/airflow-venv/lib/python3.12/site-packages/airflow/example_dags/tutorial_objectstorage.py for tasks to queue
[2024-07-31T18:43:58.360+0000] {logging_mixin.py:188} INFO - [2024-07-31T18:43:58.359+0000] {dagbag.py:545} INFO - Filling up the DagBag from /home/ubuntu/airflow-venv/lib/python3.12/site-packages/airflow/example_dags/tutorial_objectstorage.py
[2024-07-31T18:43:58.367+0000] {processor.py:840} INFO - DAG(s) 'tutorial_objectstorage' retrieved from /home/ubuntu/airflow-venv/lib/python3.12/site-packages/airflow/example_dags/tutorial_objectstorage.py
[2024-07-31T18:43:58.383+0000] {logging_mixin.py:188} INFO - [2024-07-31T18:43:58.383+0000] {dag.py:3089} INFO - Sync 1 DAGs
[2024-07-31T18:43:58.395+0000] {logging_mixin.py:188} INFO - [2024-07-31T18:43:58.395+0000] {dag.py:3947} INFO - Setting next_dagrun for tutorial_objectstorage to None, run_after=None
[2024-07-31T18:43:58.420+0000] {processor.py:183} INFO - Processing /home/ubuntu/airflow-venv/lib/python3.12/site-packages/airflow/example_dags/tutorial_objectstorage.py took 0.070 seconds
[2024-07-31T18:44:46.954+0000] {processor.py:161} INFO - Started process (PID=3570) to work on /home/ubuntu/airflow-venv/lib/python3.12/site-packages/airflow/example_dags/tutorial_objectstorage.py
[2024-07-31T18:44:46.956+0000] {processor.py:830} INFO - Processing file /home/ubuntu/airflow-venv/lib/python3.12/site-packages/airflow/example_dags/tutorial_objectstorage.py for tasks to queue
[2024-07-31T18:44:46.958+0000] {logging_mixin.py:188} INFO - [2024-07-31T18:44:46.957+0000] {dagbag.py:545} INFO - Filling up the DagBag from /home/ubuntu/airflow-venv/lib/python3.12/site-packages/airflow/example_dags/tutorial_objectstorage.py
[2024-07-31T18:44:46.966+0000] {processor.py:840} INFO - DAG(s) 'tutorial_objectstorage' retrieved from /home/ubuntu/airflow-venv/lib/python3.12/site-packages/airflow/example_dags/tutorial_objectstorage.py
[2024-07-31T18:44:46.985+0000] {logging_mixin.py:188} INFO - [2024-07-31T18:44:46.984+0000] {dag.py:3089} INFO - Sync 1 DAGs
[2024-07-31T18:44:46.997+0000] {logging_mixin.py:188} INFO - [2024-07-31T18:44:46.996+0000] {dag.py:3947} INFO - Setting next_dagrun for tutorial_objectstorage to None, run_after=None
[2024-07-31T18:44:47.020+0000] {processor.py:183} INFO - Processing /home/ubuntu/airflow-venv/lib/python3.12/site-packages/airflow/example_dags/tutorial_objectstorage.py took 0.072 seconds
[2024-07-31T18:45:27.046+0000] {processor.py:161} INFO - Started process (PID=3619) to work on /home/ubuntu/airflow-venv/lib/python3.12/site-packages/airflow/example_dags/tutorial_objectstorage.py
[2024-07-31T18:45:27.048+0000] {processor.py:830} INFO - Processing file /home/ubuntu/airflow-venv/lib/python3.12/site-packages/airflow/example_dags/tutorial_objectstorage.py for tasks to queue
[2024-07-31T18:45:27.050+0000] {logging_mixin.py:188} INFO - [2024-07-31T18:45:27.049+0000] {dagbag.py:545} INFO - Filling up the DagBag from /home/ubuntu/airflow-venv/lib/python3.12/site-packages/airflow/example_dags/tutorial_objectstorage.py
[2024-07-31T18:45:27.058+0000] {processor.py:840} INFO - DAG(s) 'tutorial_objectstorage' retrieved from /home/ubuntu/airflow-venv/lib/python3.12/site-packages/airflow/example_dags/tutorial_objectstorage.py
[2024-07-31T18:45:27.073+0000] {logging_mixin.py:188} INFO - [2024-07-31T18:45:27.073+0000] {dag.py:3089} INFO - Sync 1 DAGs
[2024-07-31T18:45:27.085+0000] {logging_mixin.py:188} INFO - [2024-07-31T18:45:27.085+0000] {dag.py:3947} INFO - Setting next_dagrun for tutorial_objectstorage to None, run_after=None
[2024-07-31T18:45:27.109+0000] {processor.py:183} INFO - Processing /home/ubuntu/airflow-venv/lib/python3.12/site-packages/airflow/example_dags/tutorial_objectstorage.py took 0.068 seconds
[2024-07-31T18:46:10.414+0000] {processor.py:161} INFO - Started process (PID=3664) to work on /home/ubuntu/airflow-venv/lib/python3.12/site-packages/airflow/example_dags/tutorial_objectstorage.py
[2024-07-31T18:46:10.415+0000] {processor.py:830} INFO - Processing file /home/ubuntu/airflow-venv/lib/python3.12/site-packages/airflow/example_dags/tutorial_objectstorage.py for tasks to queue
[2024-07-31T18:46:10.417+0000] {logging_mixin.py:188} INFO - [2024-07-31T18:46:10.416+0000] {dagbag.py:545} INFO - Filling up the DagBag from /home/ubuntu/airflow-venv/lib/python3.12/site-packages/airflow/example_dags/tutorial_objectstorage.py
[2024-07-31T18:46:10.425+0000] {processor.py:840} INFO - DAG(s) 'tutorial_objectstorage' retrieved from /home/ubuntu/airflow-venv/lib/python3.12/site-packages/airflow/example_dags/tutorial_objectstorage.py
[2024-07-31T18:46:10.440+0000] {logging_mixin.py:188} INFO - [2024-07-31T18:46:10.439+0000] {dag.py:3089} INFO - Sync 1 DAGs
[2024-07-31T18:46:10.452+0000] {logging_mixin.py:188} INFO - [2024-07-31T18:46:10.451+0000] {dag.py:3947} INFO - Setting next_dagrun for tutorial_objectstorage to None, run_after=None
[2024-07-31T18:46:10.477+0000] {processor.py:183} INFO - Processing /home/ubuntu/airflow-venv/lib/python3.12/site-packages/airflow/example_dags/tutorial_objectstorage.py took 0.069 seconds
[2024-07-31T18:46:50.767+0000] {processor.py:161} INFO - Started process (PID=3899) to work on /home/ubuntu/airflow-venv/lib/python3.12/site-packages/airflow/example_dags/tutorial_objectstorage.py
[2024-07-31T18:46:50.768+0000] {processor.py:830} INFO - Processing file /home/ubuntu/airflow-venv/lib/python3.12/site-packages/airflow/example_dags/tutorial_objectstorage.py for tasks to queue
[2024-07-31T18:46:50.770+0000] {logging_mixin.py:188} INFO - [2024-07-31T18:46:50.770+0000] {dagbag.py:545} INFO - Filling up the DagBag from /home/ubuntu/airflow-venv/lib/python3.12/site-packages/airflow/example_dags/tutorial_objectstorage.py
[2024-07-31T18:46:50.778+0000] {processor.py:840} INFO - DAG(s) 'tutorial_objectstorage' retrieved from /home/ubuntu/airflow-venv/lib/python3.12/site-packages/airflow/example_dags/tutorial_objectstorage.py
[2024-07-31T18:46:50.793+0000] {logging_mixin.py:188} INFO - [2024-07-31T18:46:50.792+0000] {dag.py:3089} INFO - Sync 1 DAGs
[2024-07-31T18:46:50.804+0000] {logging_mixin.py:188} INFO - [2024-07-31T18:46:50.804+0000] {dag.py:3947} INFO - Setting next_dagrun for tutorial_objectstorage to None, run_after=None
[2024-07-31T18:46:50.828+0000] {processor.py:183} INFO - Processing /home/ubuntu/airflow-venv/lib/python3.12/site-packages/airflow/example_dags/tutorial_objectstorage.py took 0.067 seconds
[2024-07-31T18:47:29.576+0000] {processor.py:161} INFO - Started process (PID=3940) to work on /home/ubuntu/airflow-venv/lib/python3.12/site-packages/airflow/example_dags/tutorial_objectstorage.py
[2024-07-31T18:47:29.577+0000] {processor.py:830} INFO - Processing file /home/ubuntu/airflow-venv/lib/python3.12/site-packages/airflow/example_dags/tutorial_objectstorage.py for tasks to queue
[2024-07-31T18:47:29.579+0000] {logging_mixin.py:188} INFO - [2024-07-31T18:47:29.578+0000] {dagbag.py:545} INFO - Filling up the DagBag from /home/ubuntu/airflow-venv/lib/python3.12/site-packages/airflow/example_dags/tutorial_objectstorage.py
[2024-07-31T18:47:29.587+0000] {processor.py:840} INFO - DAG(s) 'tutorial_objectstorage' retrieved from /home/ubuntu/airflow-venv/lib/python3.12/site-packages/airflow/example_dags/tutorial_objectstorage.py
[2024-07-31T18:47:29.602+0000] {logging_mixin.py:188} INFO - [2024-07-31T18:47:29.602+0000] {dag.py:3089} INFO - Sync 1 DAGs
[2024-07-31T18:47:29.614+0000] {logging_mixin.py:188} INFO - [2024-07-31T18:47:29.614+0000] {dag.py:3947} INFO - Setting next_dagrun for tutorial_objectstorage to None, run_after=None
[2024-07-31T18:47:29.639+0000] {processor.py:183} INFO - Processing /home/ubuntu/airflow-venv/lib/python3.12/site-packages/airflow/example_dags/tutorial_objectstorage.py took 0.069 seconds
[2024-07-31T18:48:08.239+0000] {processor.py:161} INFO - Started process (PID=4151) to work on /home/ubuntu/airflow-venv/lib/python3.12/site-packages/airflow/example_dags/tutorial_objectstorage.py
[2024-07-31T18:48:08.240+0000] {processor.py:830} INFO - Processing file /home/ubuntu/airflow-venv/lib/python3.12/site-packages/airflow/example_dags/tutorial_objectstorage.py for tasks to queue
[2024-07-31T18:48:08.242+0000] {logging_mixin.py:188} INFO - [2024-07-31T18:48:08.241+0000] {dagbag.py:545} INFO - Filling up the DagBag from /home/ubuntu/airflow-venv/lib/python3.12/site-packages/airflow/example_dags/tutorial_objectstorage.py
[2024-07-31T18:48:08.250+0000] {processor.py:840} INFO - DAG(s) 'tutorial_objectstorage' retrieved from /home/ubuntu/airflow-venv/lib/python3.12/site-packages/airflow/example_dags/tutorial_objectstorage.py
[2024-07-31T18:48:08.264+0000] {logging_mixin.py:188} INFO - [2024-07-31T18:48:08.264+0000] {dag.py:3089} INFO - Sync 1 DAGs
[2024-07-31T18:48:08.276+0000] {logging_mixin.py:188} INFO - [2024-07-31T18:48:08.276+0000] {dag.py:3947} INFO - Setting next_dagrun for tutorial_objectstorage to None, run_after=None
[2024-07-31T18:48:08.300+0000] {processor.py:183} INFO - Processing /home/ubuntu/airflow-venv/lib/python3.12/site-packages/airflow/example_dags/tutorial_objectstorage.py took 0.067 seconds
[2024-07-31T18:48:58.582+0000] {processor.py:161} INFO - Started process (PID=4203) to work on /home/ubuntu/airflow-venv/lib/python3.12/site-packages/airflow/example_dags/tutorial_objectstorage.py
[2024-07-31T18:48:58.583+0000] {processor.py:830} INFO - Processing file /home/ubuntu/airflow-venv/lib/python3.12/site-packages/airflow/example_dags/tutorial_objectstorage.py for tasks to queue
[2024-07-31T18:48:58.585+0000] {logging_mixin.py:188} INFO - [2024-07-31T18:48:58.585+0000] {dagbag.py:545} INFO - Filling up the DagBag from /home/ubuntu/airflow-venv/lib/python3.12/site-packages/airflow/example_dags/tutorial_objectstorage.py
[2024-07-31T18:48:58.593+0000] {processor.py:840} INFO - DAG(s) 'tutorial_objectstorage' retrieved from /home/ubuntu/airflow-venv/lib/python3.12/site-packages/airflow/example_dags/tutorial_objectstorage.py
[2024-07-31T18:48:58.609+0000] {logging_mixin.py:188} INFO - [2024-07-31T18:48:58.609+0000] {dag.py:3089} INFO - Sync 1 DAGs
[2024-07-31T18:48:58.622+0000] {logging_mixin.py:188} INFO - [2024-07-31T18:48:58.621+0000] {dag.py:3947} INFO - Setting next_dagrun for tutorial_objectstorage to None, run_after=None
[2024-07-31T18:48:58.646+0000] {processor.py:183} INFO - Processing /home/ubuntu/airflow-venv/lib/python3.12/site-packages/airflow/example_dags/tutorial_objectstorage.py took 0.071 seconds
[2024-07-31T18:49:38.506+0000] {processor.py:161} INFO - Started process (PID=4245) to work on /home/ubuntu/airflow-venv/lib/python3.12/site-packages/airflow/example_dags/tutorial_objectstorage.py
[2024-07-31T18:49:38.508+0000] {processor.py:830} INFO - Processing file /home/ubuntu/airflow-venv/lib/python3.12/site-packages/airflow/example_dags/tutorial_objectstorage.py for tasks to queue
[2024-07-31T18:49:38.510+0000] {logging_mixin.py:188} INFO - [2024-07-31T18:49:38.509+0000] {dagbag.py:545} INFO - Filling up the DagBag from /home/ubuntu/airflow-venv/lib/python3.12/site-packages/airflow/example_dags/tutorial_objectstorage.py
[2024-07-31T18:49:38.518+0000] {processor.py:840} INFO - DAG(s) 'tutorial_objectstorage' retrieved from /home/ubuntu/airflow-venv/lib/python3.12/site-packages/airflow/example_dags/tutorial_objectstorage.py
[2024-07-31T18:49:38.533+0000] {logging_mixin.py:188} INFO - [2024-07-31T18:49:38.533+0000] {dag.py:3089} INFO - Sync 1 DAGs
[2024-07-31T18:49:38.545+0000] {logging_mixin.py:188} INFO - [2024-07-31T18:49:38.545+0000] {dag.py:3947} INFO - Setting next_dagrun for tutorial_objectstorage to None, run_after=None
[2024-07-31T18:49:38.571+0000] {processor.py:183} INFO - Processing /home/ubuntu/airflow-venv/lib/python3.12/site-packages/airflow/example_dags/tutorial_objectstorage.py took 0.071 seconds
[2024-07-31T18:50:18.455+0000] {processor.py:161} INFO - Started process (PID=4291) to work on /home/ubuntu/airflow-venv/lib/python3.12/site-packages/airflow/example_dags/tutorial_objectstorage.py
[2024-07-31T18:50:18.456+0000] {processor.py:830} INFO - Processing file /home/ubuntu/airflow-venv/lib/python3.12/site-packages/airflow/example_dags/tutorial_objectstorage.py for tasks to queue
[2024-07-31T18:50:18.458+0000] {logging_mixin.py:188} INFO - [2024-07-31T18:50:18.457+0000] {dagbag.py:545} INFO - Filling up the DagBag from /home/ubuntu/airflow-venv/lib/python3.12/site-packages/airflow/example_dags/tutorial_objectstorage.py
[2024-07-31T18:50:18.466+0000] {processor.py:840} INFO - DAG(s) 'tutorial_objectstorage' retrieved from /home/ubuntu/airflow-venv/lib/python3.12/site-packages/airflow/example_dags/tutorial_objectstorage.py
[2024-07-31T18:50:18.481+0000] {logging_mixin.py:188} INFO - [2024-07-31T18:50:18.481+0000] {dag.py:3089} INFO - Sync 1 DAGs
[2024-07-31T18:50:18.494+0000] {logging_mixin.py:188} INFO - [2024-07-31T18:50:18.493+0000] {dag.py:3947} INFO - Setting next_dagrun for tutorial_objectstorage to None, run_after=None
[2024-07-31T18:50:18.517+0000] {processor.py:183} INFO - Processing /home/ubuntu/airflow-venv/lib/python3.12/site-packages/airflow/example_dags/tutorial_objectstorage.py took 0.068 seconds
[2024-07-31T18:50:59.406+0000] {processor.py:161} INFO - Started process (PID=4335) to work on /home/ubuntu/airflow-venv/lib/python3.12/site-packages/airflow/example_dags/tutorial_objectstorage.py
[2024-07-31T18:50:59.407+0000] {processor.py:830} INFO - Processing file /home/ubuntu/airflow-venv/lib/python3.12/site-packages/airflow/example_dags/tutorial_objectstorage.py for tasks to queue
[2024-07-31T18:50:59.409+0000] {logging_mixin.py:188} INFO - [2024-07-31T18:50:59.409+0000] {dagbag.py:545} INFO - Filling up the DagBag from /home/ubuntu/airflow-venv/lib/python3.12/site-packages/airflow/example_dags/tutorial_objectstorage.py
[2024-07-31T18:50:59.417+0000] {processor.py:840} INFO - DAG(s) 'tutorial_objectstorage' retrieved from /home/ubuntu/airflow-venv/lib/python3.12/site-packages/airflow/example_dags/tutorial_objectstorage.py
[2024-07-31T18:50:59.432+0000] {logging_mixin.py:188} INFO - [2024-07-31T18:50:59.432+0000] {dag.py:3089} INFO - Sync 1 DAGs
[2024-07-31T18:50:59.444+0000] {logging_mixin.py:188} INFO - [2024-07-31T18:50:59.444+0000] {dag.py:3947} INFO - Setting next_dagrun for tutorial_objectstorage to None, run_after=None
[2024-07-31T18:50:59.468+0000] {processor.py:183} INFO - Processing /home/ubuntu/airflow-venv/lib/python3.12/site-packages/airflow/example_dags/tutorial_objectstorage.py took 0.068 seconds
[2024-07-31T18:51:36.720+0000] {processor.py:161} INFO - Started process (PID=4375) to work on /home/ubuntu/airflow-venv/lib/python3.12/site-packages/airflow/example_dags/tutorial_objectstorage.py
[2024-07-31T18:51:36.722+0000] {processor.py:830} INFO - Processing file /home/ubuntu/airflow-venv/lib/python3.12/site-packages/airflow/example_dags/tutorial_objectstorage.py for tasks to queue
[2024-07-31T18:51:36.723+0000] {logging_mixin.py:188} INFO - [2024-07-31T18:51:36.723+0000] {dagbag.py:545} INFO - Filling up the DagBag from /home/ubuntu/airflow-venv/lib/python3.12/site-packages/airflow/example_dags/tutorial_objectstorage.py
[2024-07-31T18:51:36.731+0000] {processor.py:840} INFO - DAG(s) 'tutorial_objectstorage' retrieved from /home/ubuntu/airflow-venv/lib/python3.12/site-packages/airflow/example_dags/tutorial_objectstorage.py
[2024-07-31T18:51:36.746+0000] {logging_mixin.py:188} INFO - [2024-07-31T18:51:36.746+0000] {dag.py:3089} INFO - Sync 1 DAGs
[2024-07-31T18:51:36.759+0000] {logging_mixin.py:188} INFO - [2024-07-31T18:51:36.759+0000] {dag.py:3947} INFO - Setting next_dagrun for tutorial_objectstorage to None, run_after=None
[2024-07-31T18:51:36.783+0000] {processor.py:183} INFO - Processing /home/ubuntu/airflow-venv/lib/python3.12/site-packages/airflow/example_dags/tutorial_objectstorage.py took 0.068 seconds
[2024-07-31T18:52:15.022+0000] {processor.py:161} INFO - Started process (PID=4416) to work on /home/ubuntu/airflow-venv/lib/python3.12/site-packages/airflow/example_dags/tutorial_objectstorage.py
[2024-07-31T18:52:15.023+0000] {processor.py:830} INFO - Processing file /home/ubuntu/airflow-venv/lib/python3.12/site-packages/airflow/example_dags/tutorial_objectstorage.py for tasks to queue
[2024-07-31T18:52:15.025+0000] {logging_mixin.py:188} INFO - [2024-07-31T18:52:15.024+0000] {dagbag.py:545} INFO - Filling up the DagBag from /home/ubuntu/airflow-venv/lib/python3.12/site-packages/airflow/example_dags/tutorial_objectstorage.py
[2024-07-31T18:52:15.033+0000] {processor.py:840} INFO - DAG(s) 'tutorial_objectstorage' retrieved from /home/ubuntu/airflow-venv/lib/python3.12/site-packages/airflow/example_dags/tutorial_objectstorage.py
[2024-07-31T18:52:15.048+0000] {logging_mixin.py:188} INFO - [2024-07-31T18:52:15.047+0000] {dag.py:3089} INFO - Sync 1 DAGs
[2024-07-31T18:52:15.060+0000] {logging_mixin.py:188} INFO - [2024-07-31T18:52:15.060+0000] {dag.py:3947} INFO - Setting next_dagrun for tutorial_objectstorage to None, run_after=None
[2024-07-31T18:52:15.084+0000] {processor.py:183} INFO - Processing /home/ubuntu/airflow-venv/lib/python3.12/site-packages/airflow/example_dags/tutorial_objectstorage.py took 0.068 seconds
[2024-07-31T18:52:54.990+0000] {processor.py:161} INFO - Started process (PID=4460) to work on /home/ubuntu/airflow-venv/lib/python3.12/site-packages/airflow/example_dags/tutorial_objectstorage.py
[2024-07-31T18:52:54.992+0000] {processor.py:830} INFO - Processing file /home/ubuntu/airflow-venv/lib/python3.12/site-packages/airflow/example_dags/tutorial_objectstorage.py for tasks to queue
[2024-07-31T18:52:54.992+0000] {logging_mixin.py:188} INFO - [2024-07-31T18:52:54.992+0000] {dagbag.py:545} INFO - Filling up the DagBag from /home/ubuntu/airflow-venv/lib/python3.12/site-packages/airflow/example_dags/tutorial_objectstorage.py
[2024-07-31T18:52:55.001+0000] {processor.py:840} INFO - DAG(s) 'tutorial_objectstorage' retrieved from /home/ubuntu/airflow-venv/lib/python3.12/site-packages/airflow/example_dags/tutorial_objectstorage.py
[2024-07-31T18:52:55.016+0000] {logging_mixin.py:188} INFO - [2024-07-31T18:52:55.016+0000] {dag.py:3089} INFO - Sync 1 DAGs
[2024-07-31T18:52:55.028+0000] {logging_mixin.py:188} INFO - [2024-07-31T18:52:55.028+0000] {dag.py:3947} INFO - Setting next_dagrun for tutorial_objectstorage to None, run_after=None
[2024-07-31T18:52:55.052+0000] {processor.py:183} INFO - Processing /home/ubuntu/airflow-venv/lib/python3.12/site-packages/airflow/example_dags/tutorial_objectstorage.py took 0.067 seconds
[2024-07-31T18:53:37.623+0000] {processor.py:161} INFO - Started process (PID=4506) to work on /home/ubuntu/airflow-venv/lib/python3.12/site-packages/airflow/example_dags/tutorial_objectstorage.py
[2024-07-31T18:53:37.624+0000] {processor.py:830} INFO - Processing file /home/ubuntu/airflow-venv/lib/python3.12/site-packages/airflow/example_dags/tutorial_objectstorage.py for tasks to queue
[2024-07-31T18:53:37.625+0000] {logging_mixin.py:188} INFO - [2024-07-31T18:53:37.624+0000] {dagbag.py:545} INFO - Filling up the DagBag from /home/ubuntu/airflow-venv/lib/python3.12/site-packages/airflow/example_dags/tutorial_objectstorage.py
[2024-07-31T18:53:37.633+0000] {processor.py:840} INFO - DAG(s) 'tutorial_objectstorage' retrieved from /home/ubuntu/airflow-venv/lib/python3.12/site-packages/airflow/example_dags/tutorial_objectstorage.py
[2024-07-31T18:53:37.648+0000] {logging_mixin.py:188} INFO - [2024-07-31T18:53:37.648+0000] {dag.py:3089} INFO - Sync 1 DAGs
[2024-07-31T18:53:37.660+0000] {logging_mixin.py:188} INFO - [2024-07-31T18:53:37.660+0000] {dag.py:3947} INFO - Setting next_dagrun for tutorial_objectstorage to None, run_after=None
[2024-07-31T18:53:37.684+0000] {processor.py:183} INFO - Processing /home/ubuntu/airflow-venv/lib/python3.12/site-packages/airflow/example_dags/tutorial_objectstorage.py took 0.067 seconds
[2024-07-31T18:54:17.516+0000] {processor.py:161} INFO - Started process (PID=4551) to work on /home/ubuntu/airflow-venv/lib/python3.12/site-packages/airflow/example_dags/tutorial_objectstorage.py
[2024-07-31T18:54:17.517+0000] {processor.py:830} INFO - Processing file /home/ubuntu/airflow-venv/lib/python3.12/site-packages/airflow/example_dags/tutorial_objectstorage.py for tasks to queue
[2024-07-31T18:54:17.518+0000] {logging_mixin.py:188} INFO - [2024-07-31T18:54:17.518+0000] {dagbag.py:545} INFO - Filling up the DagBag from /home/ubuntu/airflow-venv/lib/python3.12/site-packages/airflow/example_dags/tutorial_objectstorage.py
[2024-07-31T18:54:17.527+0000] {processor.py:840} INFO - DAG(s) 'tutorial_objectstorage' retrieved from /home/ubuntu/airflow-venv/lib/python3.12/site-packages/airflow/example_dags/tutorial_objectstorage.py
[2024-07-31T18:54:17.543+0000] {logging_mixin.py:188} INFO - [2024-07-31T18:54:17.542+0000] {dag.py:3089} INFO - Sync 1 DAGs
[2024-07-31T18:54:17.555+0000] {logging_mixin.py:188} INFO - [2024-07-31T18:54:17.555+0000] {dag.py:3947} INFO - Setting next_dagrun for tutorial_objectstorage to None, run_after=None
[2024-07-31T18:54:17.581+0000] {processor.py:183} INFO - Processing /home/ubuntu/airflow-venv/lib/python3.12/site-packages/airflow/example_dags/tutorial_objectstorage.py took 0.071 seconds
[2024-07-31T18:54:57.544+0000] {processor.py:161} INFO - Started process (PID=4595) to work on /home/ubuntu/airflow-venv/lib/python3.12/site-packages/airflow/example_dags/tutorial_objectstorage.py
[2024-07-31T18:54:57.545+0000] {processor.py:830} INFO - Processing file /home/ubuntu/airflow-venv/lib/python3.12/site-packages/airflow/example_dags/tutorial_objectstorage.py for tasks to queue
[2024-07-31T18:54:57.546+0000] {logging_mixin.py:188} INFO - [2024-07-31T18:54:57.546+0000] {dagbag.py:545} INFO - Filling up the DagBag from /home/ubuntu/airflow-venv/lib/python3.12/site-packages/airflow/example_dags/tutorial_objectstorage.py
[2024-07-31T18:54:57.554+0000] {processor.py:840} INFO - DAG(s) 'tutorial_objectstorage' retrieved from /home/ubuntu/airflow-venv/lib/python3.12/site-packages/airflow/example_dags/tutorial_objectstorage.py
[2024-07-31T18:54:57.569+0000] {logging_mixin.py:188} INFO - [2024-07-31T18:54:57.569+0000] {dag.py:3089} INFO - Sync 1 DAGs
[2024-07-31T18:54:57.580+0000] {logging_mixin.py:188} INFO - [2024-07-31T18:54:57.580+0000] {dag.py:3947} INFO - Setting next_dagrun for tutorial_objectstorage to None, run_after=None
[2024-07-31T18:54:57.603+0000] {processor.py:183} INFO - Processing /home/ubuntu/airflow-venv/lib/python3.12/site-packages/airflow/example_dags/tutorial_objectstorage.py took 0.065 seconds
[2024-07-31T18:55:38.612+0000] {processor.py:161} INFO - Started process (PID=4642) to work on /home/ubuntu/airflow-venv/lib/python3.12/site-packages/airflow/example_dags/tutorial_objectstorage.py
[2024-07-31T18:55:38.614+0000] {processor.py:830} INFO - Processing file /home/ubuntu/airflow-venv/lib/python3.12/site-packages/airflow/example_dags/tutorial_objectstorage.py for tasks to queue
[2024-07-31T18:55:38.615+0000] {logging_mixin.py:188} INFO - [2024-07-31T18:55:38.614+0000] {dagbag.py:545} INFO - Filling up the DagBag from /home/ubuntu/airflow-venv/lib/python3.12/site-packages/airflow/example_dags/tutorial_objectstorage.py
[2024-07-31T18:55:38.623+0000] {processor.py:840} INFO - DAG(s) 'tutorial_objectstorage' retrieved from /home/ubuntu/airflow-venv/lib/python3.12/site-packages/airflow/example_dags/tutorial_objectstorage.py
[2024-07-31T18:55:38.638+0000] {logging_mixin.py:188} INFO - [2024-07-31T18:55:38.637+0000] {dag.py:3089} INFO - Sync 1 DAGs
[2024-07-31T18:55:38.649+0000] {logging_mixin.py:188} INFO - [2024-07-31T18:55:38.649+0000] {dag.py:3947} INFO - Setting next_dagrun for tutorial_objectstorage to None, run_after=None
[2024-07-31T18:55:38.673+0000] {processor.py:183} INFO - Processing /home/ubuntu/airflow-venv/lib/python3.12/site-packages/airflow/example_dags/tutorial_objectstorage.py took 0.066 seconds
[2024-07-31T18:56:24.237+0000] {processor.py:161} INFO - Started process (PID=4709) to work on /home/ubuntu/airflow-venv/lib/python3.12/site-packages/airflow/example_dags/tutorial_objectstorage.py
[2024-07-31T18:56:24.240+0000] {processor.py:830} INFO - Processing file /home/ubuntu/airflow-venv/lib/python3.12/site-packages/airflow/example_dags/tutorial_objectstorage.py for tasks to queue
[2024-07-31T18:56:24.241+0000] {logging_mixin.py:188} INFO - [2024-07-31T18:56:24.240+0000] {dagbag.py:545} INFO - Filling up the DagBag from /home/ubuntu/airflow-venv/lib/python3.12/site-packages/airflow/example_dags/tutorial_objectstorage.py
[2024-07-31T18:56:24.255+0000] {processor.py:840} INFO - DAG(s) 'tutorial_objectstorage' retrieved from /home/ubuntu/airflow-venv/lib/python3.12/site-packages/airflow/example_dags/tutorial_objectstorage.py
[2024-07-31T18:56:24.280+0000] {logging_mixin.py:188} INFO - [2024-07-31T18:56:24.280+0000] {dag.py:3089} INFO - Sync 1 DAGs
[2024-07-31T18:56:24.293+0000] {logging_mixin.py:188} INFO - [2024-07-31T18:56:24.292+0000] {dag.py:3947} INFO - Setting next_dagrun for tutorial_objectstorage to None, run_after=None
[2024-07-31T18:56:24.319+0000] {processor.py:183} INFO - Processing /home/ubuntu/airflow-venv/lib/python3.12/site-packages/airflow/example_dags/tutorial_objectstorage.py took 0.092 seconds
[2024-07-31T18:57:11.389+0000] {processor.py:161} INFO - Started process (PID=5050) to work on /home/ubuntu/airflow-venv/lib/python3.12/site-packages/airflow/example_dags/tutorial_objectstorage.py
[2024-07-31T18:57:11.390+0000] {processor.py:830} INFO - Processing file /home/ubuntu/airflow-venv/lib/python3.12/site-packages/airflow/example_dags/tutorial_objectstorage.py for tasks to queue
[2024-07-31T18:57:11.391+0000] {logging_mixin.py:188} INFO - [2024-07-31T18:57:11.391+0000] {dagbag.py:545} INFO - Filling up the DagBag from /home/ubuntu/airflow-venv/lib/python3.12/site-packages/airflow/example_dags/tutorial_objectstorage.py
[2024-07-31T18:57:11.400+0000] {processor.py:840} INFO - DAG(s) 'tutorial_objectstorage' retrieved from /home/ubuntu/airflow-venv/lib/python3.12/site-packages/airflow/example_dags/tutorial_objectstorage.py
[2024-07-31T18:57:11.415+0000] {logging_mixin.py:188} INFO - [2024-07-31T18:57:11.415+0000] {dag.py:3089} INFO - Sync 1 DAGs
[2024-07-31T18:57:11.427+0000] {logging_mixin.py:188} INFO - [2024-07-31T18:57:11.427+0000] {dag.py:3947} INFO - Setting next_dagrun for tutorial_objectstorage to None, run_after=None
[2024-07-31T18:57:11.450+0000] {processor.py:183} INFO - Processing /home/ubuntu/airflow-venv/lib/python3.12/site-packages/airflow/example_dags/tutorial_objectstorage.py took 0.067 seconds
[2024-07-31T18:57:57.003+0000] {processor.py:161} INFO - Started process (PID=5097) to work on /home/ubuntu/airflow-venv/lib/python3.12/site-packages/airflow/example_dags/tutorial_objectstorage.py
[2024-07-31T18:57:57.005+0000] {processor.py:830} INFO - Processing file /home/ubuntu/airflow-venv/lib/python3.12/site-packages/airflow/example_dags/tutorial_objectstorage.py for tasks to queue
[2024-07-31T18:57:57.005+0000] {logging_mixin.py:188} INFO - [2024-07-31T18:57:57.005+0000] {dagbag.py:545} INFO - Filling up the DagBag from /home/ubuntu/airflow-venv/lib/python3.12/site-packages/airflow/example_dags/tutorial_objectstorage.py
[2024-07-31T18:57:57.014+0000] {processor.py:840} INFO - DAG(s) 'tutorial_objectstorage' retrieved from /home/ubuntu/airflow-venv/lib/python3.12/site-packages/airflow/example_dags/tutorial_objectstorage.py
[2024-07-31T18:57:57.030+0000] {logging_mixin.py:188} INFO - [2024-07-31T18:57:57.029+0000] {dag.py:3089} INFO - Sync 1 DAGs
[2024-07-31T18:57:57.041+0000] {logging_mixin.py:188} INFO - [2024-07-31T18:57:57.041+0000] {dag.py:3947} INFO - Setting next_dagrun for tutorial_objectstorage to None, run_after=None
[2024-07-31T18:57:57.066+0000] {processor.py:183} INFO - Processing /home/ubuntu/airflow-venv/lib/python3.12/site-packages/airflow/example_dags/tutorial_objectstorage.py took 0.069 seconds
[2024-07-31T18:58:42.989+0000] {processor.py:161} INFO - Started process (PID=5147) to work on /home/ubuntu/airflow-venv/lib/python3.12/site-packages/airflow/example_dags/tutorial_objectstorage.py
[2024-07-31T18:58:42.991+0000] {processor.py:830} INFO - Processing file /home/ubuntu/airflow-venv/lib/python3.12/site-packages/airflow/example_dags/tutorial_objectstorage.py for tasks to queue
[2024-07-31T18:58:42.991+0000] {logging_mixin.py:188} INFO - [2024-07-31T18:58:42.991+0000] {dagbag.py:545} INFO - Filling up the DagBag from /home/ubuntu/airflow-venv/lib/python3.12/site-packages/airflow/example_dags/tutorial_objectstorage.py
[2024-07-31T18:58:43.000+0000] {processor.py:840} INFO - DAG(s) 'tutorial_objectstorage' retrieved from /home/ubuntu/airflow-venv/lib/python3.12/site-packages/airflow/example_dags/tutorial_objectstorage.py
[2024-07-31T18:58:43.015+0000] {logging_mixin.py:188} INFO - [2024-07-31T18:58:43.014+0000] {dag.py:3089} INFO - Sync 1 DAGs
[2024-07-31T18:58:43.026+0000] {logging_mixin.py:188} INFO - [2024-07-31T18:58:43.026+0000] {dag.py:3947} INFO - Setting next_dagrun for tutorial_objectstorage to None, run_after=None
[2024-07-31T18:58:43.050+0000] {processor.py:183} INFO - Processing /home/ubuntu/airflow-venv/lib/python3.12/site-packages/airflow/example_dags/tutorial_objectstorage.py took 0.067 seconds
[2024-07-31T18:59:24.199+0000] {processor.py:161} INFO - Started process (PID=5192) to work on /home/ubuntu/airflow-venv/lib/python3.12/site-packages/airflow/example_dags/tutorial_objectstorage.py
[2024-07-31T18:59:24.201+0000] {processor.py:830} INFO - Processing file /home/ubuntu/airflow-venv/lib/python3.12/site-packages/airflow/example_dags/tutorial_objectstorage.py for tasks to queue
[2024-07-31T18:59:24.202+0000] {logging_mixin.py:188} INFO - [2024-07-31T18:59:24.201+0000] {dagbag.py:545} INFO - Filling up the DagBag from /home/ubuntu/airflow-venv/lib/python3.12/site-packages/airflow/example_dags/tutorial_objectstorage.py
[2024-07-31T18:59:24.210+0000] {processor.py:840} INFO - DAG(s) 'tutorial_objectstorage' retrieved from /home/ubuntu/airflow-venv/lib/python3.12/site-packages/airflow/example_dags/tutorial_objectstorage.py
[2024-07-31T18:59:24.226+0000] {logging_mixin.py:188} INFO - [2024-07-31T18:59:24.225+0000] {dag.py:3089} INFO - Sync 1 DAGs
[2024-07-31T18:59:24.238+0000] {logging_mixin.py:188} INFO - [2024-07-31T18:59:24.237+0000] {dag.py:3947} INFO - Setting next_dagrun for tutorial_objectstorage to None, run_after=None
[2024-07-31T18:59:24.262+0000] {processor.py:183} INFO - Processing /home/ubuntu/airflow-venv/lib/python3.12/site-packages/airflow/example_dags/tutorial_objectstorage.py took 0.069 seconds
[2024-07-31T19:00:06.691+0000] {processor.py:161} INFO - Started process (PID=5236) to work on /home/ubuntu/airflow-venv/lib/python3.12/site-packages/airflow/example_dags/tutorial_objectstorage.py
[2024-07-31T19:00:06.692+0000] {processor.py:830} INFO - Processing file /home/ubuntu/airflow-venv/lib/python3.12/site-packages/airflow/example_dags/tutorial_objectstorage.py for tasks to queue
[2024-07-31T19:00:06.693+0000] {logging_mixin.py:188} INFO - [2024-07-31T19:00:06.692+0000] {dagbag.py:545} INFO - Filling up the DagBag from /home/ubuntu/airflow-venv/lib/python3.12/site-packages/airflow/example_dags/tutorial_objectstorage.py
[2024-07-31T19:00:06.701+0000] {processor.py:840} INFO - DAG(s) 'tutorial_objectstorage' retrieved from /home/ubuntu/airflow-venv/lib/python3.12/site-packages/airflow/example_dags/tutorial_objectstorage.py
[2024-07-31T19:00:06.717+0000] {logging_mixin.py:188} INFO - [2024-07-31T19:00:06.716+0000] {dag.py:3089} INFO - Sync 1 DAGs
[2024-07-31T19:00:06.729+0000] {logging_mixin.py:188} INFO - [2024-07-31T19:00:06.729+0000] {dag.py:3947} INFO - Setting next_dagrun for tutorial_objectstorage to None, run_after=None
[2024-07-31T19:00:06.753+0000] {processor.py:183} INFO - Processing /home/ubuntu/airflow-venv/lib/python3.12/site-packages/airflow/example_dags/tutorial_objectstorage.py took 0.068 seconds
[2024-07-31T19:00:52.261+0000] {processor.py:161} INFO - Started process (PID=5287) to work on /home/ubuntu/airflow-venv/lib/python3.12/site-packages/airflow/example_dags/tutorial_objectstorage.py
[2024-07-31T19:00:52.262+0000] {processor.py:830} INFO - Processing file /home/ubuntu/airflow-venv/lib/python3.12/site-packages/airflow/example_dags/tutorial_objectstorage.py for tasks to queue
[2024-07-31T19:00:52.263+0000] {logging_mixin.py:188} INFO - [2024-07-31T19:00:52.263+0000] {dagbag.py:545} INFO - Filling up the DagBag from /home/ubuntu/airflow-venv/lib/python3.12/site-packages/airflow/example_dags/tutorial_objectstorage.py
[2024-07-31T19:00:52.272+0000] {processor.py:840} INFO - DAG(s) 'tutorial_objectstorage' retrieved from /home/ubuntu/airflow-venv/lib/python3.12/site-packages/airflow/example_dags/tutorial_objectstorage.py
[2024-07-31T19:00:52.287+0000] {logging_mixin.py:188} INFO - [2024-07-31T19:00:52.287+0000] {dag.py:3089} INFO - Sync 1 DAGs
[2024-07-31T19:00:52.299+0000] {logging_mixin.py:188} INFO - [2024-07-31T19:00:52.299+0000] {dag.py:3947} INFO - Setting next_dagrun for tutorial_objectstorage to None, run_after=None
[2024-07-31T19:00:52.324+0000] {processor.py:183} INFO - Processing /home/ubuntu/airflow-venv/lib/python3.12/site-packages/airflow/example_dags/tutorial_objectstorage.py took 0.068 seconds
[2024-07-31T19:01:35.533+0000] {processor.py:161} INFO - Started process (PID=5331) to work on /home/ubuntu/airflow-venv/lib/python3.12/site-packages/airflow/example_dags/tutorial_objectstorage.py
[2024-07-31T19:01:35.534+0000] {processor.py:830} INFO - Processing file /home/ubuntu/airflow-venv/lib/python3.12/site-packages/airflow/example_dags/tutorial_objectstorage.py for tasks to queue
[2024-07-31T19:01:35.535+0000] {logging_mixin.py:188} INFO - [2024-07-31T19:01:35.534+0000] {dagbag.py:545} INFO - Filling up the DagBag from /home/ubuntu/airflow-venv/lib/python3.12/site-packages/airflow/example_dags/tutorial_objectstorage.py
[2024-07-31T19:01:35.544+0000] {processor.py:840} INFO - DAG(s) 'tutorial_objectstorage' retrieved from /home/ubuntu/airflow-venv/lib/python3.12/site-packages/airflow/example_dags/tutorial_objectstorage.py
[2024-07-31T19:01:35.559+0000] {logging_mixin.py:188} INFO - [2024-07-31T19:01:35.559+0000] {dag.py:3089} INFO - Sync 1 DAGs
[2024-07-31T19:01:35.572+0000] {logging_mixin.py:188} INFO - [2024-07-31T19:01:35.572+0000] {dag.py:3947} INFO - Setting next_dagrun for tutorial_objectstorage to None, run_after=None
[2024-07-31T19:01:35.596+0000] {processor.py:183} INFO - Processing /home/ubuntu/airflow-venv/lib/python3.12/site-packages/airflow/example_dags/tutorial_objectstorage.py took 0.070 seconds
[2024-07-31T19:02:21.756+0000] {processor.py:161} INFO - Started process (PID=5378) to work on /home/ubuntu/airflow-venv/lib/python3.12/site-packages/airflow/example_dags/tutorial_objectstorage.py
[2024-07-31T19:02:21.758+0000] {processor.py:830} INFO - Processing file /home/ubuntu/airflow-venv/lib/python3.12/site-packages/airflow/example_dags/tutorial_objectstorage.py for tasks to queue
[2024-07-31T19:02:21.759+0000] {logging_mixin.py:188} INFO - [2024-07-31T19:02:21.758+0000] {dagbag.py:545} INFO - Filling up the DagBag from /home/ubuntu/airflow-venv/lib/python3.12/site-packages/airflow/example_dags/tutorial_objectstorage.py
[2024-07-31T19:02:21.768+0000] {processor.py:840} INFO - DAG(s) 'tutorial_objectstorage' retrieved from /home/ubuntu/airflow-venv/lib/python3.12/site-packages/airflow/example_dags/tutorial_objectstorage.py
[2024-07-31T19:02:21.783+0000] {logging_mixin.py:188} INFO - [2024-07-31T19:02:21.782+0000] {dag.py:3089} INFO - Sync 1 DAGs
[2024-07-31T19:02:21.795+0000] {logging_mixin.py:188} INFO - [2024-07-31T19:02:21.794+0000] {dag.py:3947} INFO - Setting next_dagrun for tutorial_objectstorage to None, run_after=None
[2024-07-31T19:02:21.820+0000] {processor.py:183} INFO - Processing /home/ubuntu/airflow-venv/lib/python3.12/site-packages/airflow/example_dags/tutorial_objectstorage.py took 0.069 seconds
[2024-07-31T19:03:06.146+0000] {processor.py:161} INFO - Started process (PID=5425) to work on /home/ubuntu/airflow-venv/lib/python3.12/site-packages/airflow/example_dags/tutorial_objectstorage.py
[2024-07-31T19:03:06.148+0000] {processor.py:830} INFO - Processing file /home/ubuntu/airflow-venv/lib/python3.12/site-packages/airflow/example_dags/tutorial_objectstorage.py for tasks to queue
[2024-07-31T19:03:06.148+0000] {logging_mixin.py:188} INFO - [2024-07-31T19:03:06.148+0000] {dagbag.py:545} INFO - Filling up the DagBag from /home/ubuntu/airflow-venv/lib/python3.12/site-packages/airflow/example_dags/tutorial_objectstorage.py
[2024-07-31T19:03:06.157+0000] {processor.py:840} INFO - DAG(s) 'tutorial_objectstorage' retrieved from /home/ubuntu/airflow-venv/lib/python3.12/site-packages/airflow/example_dags/tutorial_objectstorage.py
[2024-07-31T19:03:06.172+0000] {logging_mixin.py:188} INFO - [2024-07-31T19:03:06.172+0000] {dag.py:3089} INFO - Sync 1 DAGs
[2024-07-31T19:03:06.184+0000] {logging_mixin.py:188} INFO - [2024-07-31T19:03:06.183+0000] {dag.py:3947} INFO - Setting next_dagrun for tutorial_objectstorage to None, run_after=None
[2024-07-31T19:03:06.207+0000] {processor.py:183} INFO - Processing /home/ubuntu/airflow-venv/lib/python3.12/site-packages/airflow/example_dags/tutorial_objectstorage.py took 0.067 seconds
[2024-07-31T19:03:52.222+0000] {processor.py:161} INFO - Started process (PID=5472) to work on /home/ubuntu/airflow-venv/lib/python3.12/site-packages/airflow/example_dags/tutorial_objectstorage.py
[2024-07-31T19:03:52.224+0000] {processor.py:830} INFO - Processing file /home/ubuntu/airflow-venv/lib/python3.12/site-packages/airflow/example_dags/tutorial_objectstorage.py for tasks to queue
[2024-07-31T19:03:52.225+0000] {logging_mixin.py:188} INFO - [2024-07-31T19:03:52.225+0000] {dagbag.py:545} INFO - Filling up the DagBag from /home/ubuntu/airflow-venv/lib/python3.12/site-packages/airflow/example_dags/tutorial_objectstorage.py
[2024-07-31T19:03:52.233+0000] {processor.py:840} INFO - DAG(s) 'tutorial_objectstorage' retrieved from /home/ubuntu/airflow-venv/lib/python3.12/site-packages/airflow/example_dags/tutorial_objectstorage.py
[2024-07-31T19:03:52.249+0000] {logging_mixin.py:188} INFO - [2024-07-31T19:03:52.248+0000] {dag.py:3089} INFO - Sync 1 DAGs
[2024-07-31T19:03:52.261+0000] {logging_mixin.py:188} INFO - [2024-07-31T19:03:52.261+0000] {dag.py:3947} INFO - Setting next_dagrun for tutorial_objectstorage to None, run_after=None
[2024-07-31T19:03:52.397+0000] {processor.py:183} INFO - Processing /home/ubuntu/airflow-venv/lib/python3.12/site-packages/airflow/example_dags/tutorial_objectstorage.py took 0.180 seconds
[2024-07-31T19:18:39.735+0000] {processor.py:161} INFO - Started process (PID=5600) to work on /home/ubuntu/airflow-venv/lib/python3.12/site-packages/airflow/example_dags/tutorial_objectstorage.py
[2024-07-31T19:18:39.736+0000] {processor.py:830} INFO - Processing file /home/ubuntu/airflow-venv/lib/python3.12/site-packages/airflow/example_dags/tutorial_objectstorage.py for tasks to queue
[2024-07-31T19:18:39.738+0000] {logging_mixin.py:188} INFO - [2024-07-31T19:18:39.738+0000] {dagbag.py:545} INFO - Filling up the DagBag from /home/ubuntu/airflow-venv/lib/python3.12/site-packages/airflow/example_dags/tutorial_objectstorage.py
[2024-07-31T19:18:39.749+0000] {processor.py:840} INFO - DAG(s) 'tutorial_objectstorage' retrieved from /home/ubuntu/airflow-venv/lib/python3.12/site-packages/airflow/example_dags/tutorial_objectstorage.py
[2024-07-31T19:18:39.757+0000] {logging_mixin.py:188} INFO - [2024-07-31T19:18:39.757+0000] {dag.py:3089} INFO - Sync 1 DAGs
[2024-07-31T19:18:39.773+0000] {logging_mixin.py:188} INFO - [2024-07-31T19:18:39.772+0000] {dag.py:3947} INFO - Setting next_dagrun for tutorial_objectstorage to None, run_after=None
[2024-07-31T19:18:39.798+0000] {processor.py:183} INFO - Processing /home/ubuntu/airflow-venv/lib/python3.12/site-packages/airflow/example_dags/tutorial_objectstorage.py took 0.069 seconds
[2024-07-31T19:19:43.631+0000] {processor.py:161} INFO - Started process (PID=5659) to work on /home/ubuntu/airflow-venv/lib/python3.12/site-packages/airflow/example_dags/tutorial_objectstorage.py
[2024-07-31T19:19:43.633+0000] {processor.py:830} INFO - Processing file /home/ubuntu/airflow-venv/lib/python3.12/site-packages/airflow/example_dags/tutorial_objectstorage.py for tasks to queue
[2024-07-31T19:19:43.634+0000] {logging_mixin.py:188} INFO - [2024-07-31T19:19:43.634+0000] {dagbag.py:545} INFO - Filling up the DagBag from /home/ubuntu/airflow-venv/lib/python3.12/site-packages/airflow/example_dags/tutorial_objectstorage.py
[2024-07-31T19:19:43.642+0000] {processor.py:840} INFO - DAG(s) 'tutorial_objectstorage' retrieved from /home/ubuntu/airflow-venv/lib/python3.12/site-packages/airflow/example_dags/tutorial_objectstorage.py
[2024-07-31T19:19:43.742+0000] {logging_mixin.py:188} INFO - [2024-07-31T19:19:43.741+0000] {dag.py:3089} INFO - Sync 1 DAGs
[2024-07-31T19:19:43.751+0000] {logging_mixin.py:188} INFO - [2024-07-31T19:19:43.751+0000] {dag.py:3947} INFO - Setting next_dagrun for tutorial_objectstorage to None, run_after=None
[2024-07-31T19:19:43.773+0000] {processor.py:183} INFO - Processing /home/ubuntu/airflow-venv/lib/python3.12/site-packages/airflow/example_dags/tutorial_objectstorage.py took 0.147 seconds
[2024-07-31T19:20:38.689+0000] {processor.py:161} INFO - Started process (PID=5716) to work on /home/ubuntu/airflow-venv/lib/python3.12/site-packages/airflow/example_dags/tutorial_objectstorage.py
[2024-07-31T19:20:38.690+0000] {processor.py:830} INFO - Processing file /home/ubuntu/airflow-venv/lib/python3.12/site-packages/airflow/example_dags/tutorial_objectstorage.py for tasks to queue
[2024-07-31T19:20:38.692+0000] {logging_mixin.py:188} INFO - [2024-07-31T19:20:38.692+0000] {dagbag.py:545} INFO - Filling up the DagBag from /home/ubuntu/airflow-venv/lib/python3.12/site-packages/airflow/example_dags/tutorial_objectstorage.py
[2024-07-31T19:20:38.700+0000] {processor.py:840} INFO - DAG(s) 'tutorial_objectstorage' retrieved from /home/ubuntu/airflow-venv/lib/python3.12/site-packages/airflow/example_dags/tutorial_objectstorage.py
[2024-07-31T19:20:38.716+0000] {logging_mixin.py:188} INFO - [2024-07-31T19:20:38.716+0000] {dag.py:3089} INFO - Sync 1 DAGs
[2024-07-31T19:20:38.729+0000] {logging_mixin.py:188} INFO - [2024-07-31T19:20:38.729+0000] {dag.py:3947} INFO - Setting next_dagrun for tutorial_objectstorage to None, run_after=None
[2024-07-31T19:20:38.760+0000] {processor.py:183} INFO - Processing /home/ubuntu/airflow-venv/lib/python3.12/site-packages/airflow/example_dags/tutorial_objectstorage.py took 0.078 seconds
[2024-07-31T19:21:27.619+0000] {processor.py:161} INFO - Started process (PID=5765) to work on /home/ubuntu/airflow-venv/lib/python3.12/site-packages/airflow/example_dags/tutorial_objectstorage.py
[2024-07-31T19:21:27.621+0000] {processor.py:830} INFO - Processing file /home/ubuntu/airflow-venv/lib/python3.12/site-packages/airflow/example_dags/tutorial_objectstorage.py for tasks to queue
[2024-07-31T19:21:27.622+0000] {logging_mixin.py:188} INFO - [2024-07-31T19:21:27.622+0000] {dagbag.py:545} INFO - Filling up the DagBag from /home/ubuntu/airflow-venv/lib/python3.12/site-packages/airflow/example_dags/tutorial_objectstorage.py
[2024-07-31T19:21:27.630+0000] {processor.py:840} INFO - DAG(s) 'tutorial_objectstorage' retrieved from /home/ubuntu/airflow-venv/lib/python3.12/site-packages/airflow/example_dags/tutorial_objectstorage.py
[2024-07-31T19:21:27.645+0000] {logging_mixin.py:188} INFO - [2024-07-31T19:21:27.645+0000] {dag.py:3089} INFO - Sync 1 DAGs
[2024-07-31T19:21:27.657+0000] {logging_mixin.py:188} INFO - [2024-07-31T19:21:27.656+0000] {dag.py:3947} INFO - Setting next_dagrun for tutorial_objectstorage to None, run_after=None
[2024-07-31T19:21:27.680+0000] {processor.py:183} INFO - Processing /home/ubuntu/airflow-venv/lib/python3.12/site-packages/airflow/example_dags/tutorial_objectstorage.py took 0.067 seconds
[2024-07-31T19:22:15.748+0000] {processor.py:161} INFO - Started process (PID=5814) to work on /home/ubuntu/airflow-venv/lib/python3.12/site-packages/airflow/example_dags/tutorial_objectstorage.py
[2024-07-31T19:22:15.749+0000] {processor.py:830} INFO - Processing file /home/ubuntu/airflow-venv/lib/python3.12/site-packages/airflow/example_dags/tutorial_objectstorage.py for tasks to queue
[2024-07-31T19:22:15.751+0000] {logging_mixin.py:188} INFO - [2024-07-31T19:22:15.750+0000] {dagbag.py:545} INFO - Filling up the DagBag from /home/ubuntu/airflow-venv/lib/python3.12/site-packages/airflow/example_dags/tutorial_objectstorage.py
[2024-07-31T19:22:15.759+0000] {processor.py:840} INFO - DAG(s) 'tutorial_objectstorage' retrieved from /home/ubuntu/airflow-venv/lib/python3.12/site-packages/airflow/example_dags/tutorial_objectstorage.py
[2024-07-31T19:22:15.774+0000] {logging_mixin.py:188} INFO - [2024-07-31T19:22:15.774+0000] {dag.py:3089} INFO - Sync 1 DAGs
[2024-07-31T19:22:15.786+0000] {logging_mixin.py:188} INFO - [2024-07-31T19:22:15.786+0000] {dag.py:3947} INFO - Setting next_dagrun for tutorial_objectstorage to None, run_after=None
[2024-07-31T19:22:15.810+0000] {processor.py:183} INFO - Processing /home/ubuntu/airflow-venv/lib/python3.12/site-packages/airflow/example_dags/tutorial_objectstorage.py took 0.068 seconds
[2024-07-31T19:23:03.677+0000] {processor.py:161} INFO - Started process (PID=5864) to work on /home/ubuntu/airflow-venv/lib/python3.12/site-packages/airflow/example_dags/tutorial_objectstorage.py
[2024-07-31T19:23:03.678+0000] {processor.py:830} INFO - Processing file /home/ubuntu/airflow-venv/lib/python3.12/site-packages/airflow/example_dags/tutorial_objectstorage.py for tasks to queue
[2024-07-31T19:23:03.679+0000] {logging_mixin.py:188} INFO - [2024-07-31T19:23:03.679+0000] {dagbag.py:545} INFO - Filling up the DagBag from /home/ubuntu/airflow-venv/lib/python3.12/site-packages/airflow/example_dags/tutorial_objectstorage.py
[2024-07-31T19:23:03.688+0000] {processor.py:840} INFO - DAG(s) 'tutorial_objectstorage' retrieved from /home/ubuntu/airflow-venv/lib/python3.12/site-packages/airflow/example_dags/tutorial_objectstorage.py
[2024-07-31T19:23:03.704+0000] {logging_mixin.py:188} INFO - [2024-07-31T19:23:03.703+0000] {dag.py:3089} INFO - Sync 1 DAGs
[2024-07-31T19:23:03.716+0000] {logging_mixin.py:188} INFO - [2024-07-31T19:23:03.716+0000] {dag.py:3947} INFO - Setting next_dagrun for tutorial_objectstorage to None, run_after=None
[2024-07-31T19:23:03.741+0000] {processor.py:183} INFO - Processing /home/ubuntu/airflow-venv/lib/python3.12/site-packages/airflow/example_dags/tutorial_objectstorage.py took 0.070 seconds
[2024-07-31T19:23:52.853+0000] {processor.py:161} INFO - Started process (PID=5918) to work on /home/ubuntu/airflow-venv/lib/python3.12/site-packages/airflow/example_dags/tutorial_objectstorage.py
[2024-07-31T19:23:52.855+0000] {processor.py:830} INFO - Processing file /home/ubuntu/airflow-venv/lib/python3.12/site-packages/airflow/example_dags/tutorial_objectstorage.py for tasks to queue
[2024-07-31T19:23:52.856+0000] {logging_mixin.py:188} INFO - [2024-07-31T19:23:52.856+0000] {dagbag.py:545} INFO - Filling up the DagBag from /home/ubuntu/airflow-venv/lib/python3.12/site-packages/airflow/example_dags/tutorial_objectstorage.py
[2024-07-31T19:23:52.864+0000] {processor.py:840} INFO - DAG(s) 'tutorial_objectstorage' retrieved from /home/ubuntu/airflow-venv/lib/python3.12/site-packages/airflow/example_dags/tutorial_objectstorage.py
[2024-07-31T19:23:52.880+0000] {logging_mixin.py:188} INFO - [2024-07-31T19:23:52.880+0000] {dag.py:3089} INFO - Sync 1 DAGs
[2024-07-31T19:23:52.892+0000] {logging_mixin.py:188} INFO - [2024-07-31T19:23:52.892+0000] {dag.py:3947} INFO - Setting next_dagrun for tutorial_objectstorage to None, run_after=None
[2024-07-31T19:23:52.915+0000] {processor.py:183} INFO - Processing /home/ubuntu/airflow-venv/lib/python3.12/site-packages/airflow/example_dags/tutorial_objectstorage.py took 0.068 seconds
[2024-07-31T19:24:39.287+0000] {processor.py:161} INFO - Started process (PID=5970) to work on /home/ubuntu/airflow-venv/lib/python3.12/site-packages/airflow/example_dags/tutorial_objectstorage.py
[2024-07-31T19:24:39.289+0000] {processor.py:830} INFO - Processing file /home/ubuntu/airflow-venv/lib/python3.12/site-packages/airflow/example_dags/tutorial_objectstorage.py for tasks to queue
[2024-07-31T19:24:39.290+0000] {logging_mixin.py:188} INFO - [2024-07-31T19:24:39.289+0000] {dagbag.py:545} INFO - Filling up the DagBag from /home/ubuntu/airflow-venv/lib/python3.12/site-packages/airflow/example_dags/tutorial_objectstorage.py
[2024-07-31T19:24:39.298+0000] {processor.py:840} INFO - DAG(s) 'tutorial_objectstorage' retrieved from /home/ubuntu/airflow-venv/lib/python3.12/site-packages/airflow/example_dags/tutorial_objectstorage.py
[2024-07-31T19:24:39.314+0000] {logging_mixin.py:188} INFO - [2024-07-31T19:24:39.313+0000] {dag.py:3089} INFO - Sync 1 DAGs
[2024-07-31T19:24:39.326+0000] {logging_mixin.py:188} INFO - [2024-07-31T19:24:39.325+0000] {dag.py:3947} INFO - Setting next_dagrun for tutorial_objectstorage to None, run_after=None
[2024-07-31T19:24:39.351+0000] {processor.py:183} INFO - Processing /home/ubuntu/airflow-venv/lib/python3.12/site-packages/airflow/example_dags/tutorial_objectstorage.py took 0.069 seconds
[2024-07-31T19:25:21.932+0000] {processor.py:161} INFO - Started process (PID=6016) to work on /home/ubuntu/airflow-venv/lib/python3.12/site-packages/airflow/example_dags/tutorial_objectstorage.py
[2024-07-31T19:25:21.935+0000] {processor.py:830} INFO - Processing file /home/ubuntu/airflow-venv/lib/python3.12/site-packages/airflow/example_dags/tutorial_objectstorage.py for tasks to queue
[2024-07-31T19:25:21.936+0000] {logging_mixin.py:188} INFO - [2024-07-31T19:25:21.936+0000] {dagbag.py:545} INFO - Filling up the DagBag from /home/ubuntu/airflow-venv/lib/python3.12/site-packages/airflow/example_dags/tutorial_objectstorage.py
[2024-07-31T19:25:21.953+0000] {processor.py:840} INFO - DAG(s) 'tutorial_objectstorage' retrieved from /home/ubuntu/airflow-venv/lib/python3.12/site-packages/airflow/example_dags/tutorial_objectstorage.py
[2024-07-31T19:25:21.975+0000] {logging_mixin.py:188} INFO - [2024-07-31T19:25:21.975+0000] {dag.py:3089} INFO - Sync 1 DAGs
[2024-07-31T19:25:21.990+0000] {logging_mixin.py:188} INFO - [2024-07-31T19:25:21.990+0000] {dag.py:3947} INFO - Setting next_dagrun for tutorial_objectstorage to None, run_after=None
[2024-07-31T19:25:22.018+0000] {processor.py:183} INFO - Processing /home/ubuntu/airflow-venv/lib/python3.12/site-packages/airflow/example_dags/tutorial_objectstorage.py took 0.099 seconds
[2024-07-31T19:26:10.684+0000] {processor.py:161} INFO - Started process (PID=6068) to work on /home/ubuntu/airflow-venv/lib/python3.12/site-packages/airflow/example_dags/tutorial_objectstorage.py
[2024-07-31T19:26:10.686+0000] {processor.py:830} INFO - Processing file /home/ubuntu/airflow-venv/lib/python3.12/site-packages/airflow/example_dags/tutorial_objectstorage.py for tasks to queue
[2024-07-31T19:26:10.687+0000] {logging_mixin.py:188} INFO - [2024-07-31T19:26:10.686+0000] {dagbag.py:545} INFO - Filling up the DagBag from /home/ubuntu/airflow-venv/lib/python3.12/site-packages/airflow/example_dags/tutorial_objectstorage.py
[2024-07-31T19:26:10.695+0000] {processor.py:840} INFO - DAG(s) 'tutorial_objectstorage' retrieved from /home/ubuntu/airflow-venv/lib/python3.12/site-packages/airflow/example_dags/tutorial_objectstorage.py
[2024-07-31T19:26:10.711+0000] {logging_mixin.py:188} INFO - [2024-07-31T19:26:10.710+0000] {dag.py:3089} INFO - Sync 1 DAGs
[2024-07-31T19:26:10.723+0000] {logging_mixin.py:188} INFO - [2024-07-31T19:26:10.723+0000] {dag.py:3947} INFO - Setting next_dagrun for tutorial_objectstorage to None, run_after=None
[2024-07-31T19:26:10.748+0000] {processor.py:183} INFO - Processing /home/ubuntu/airflow-venv/lib/python3.12/site-packages/airflow/example_dags/tutorial_objectstorage.py took 0.069 seconds
[2024-07-31T19:27:03.546+0000] {processor.py:161} INFO - Started process (PID=6126) to work on /home/ubuntu/airflow-venv/lib/python3.12/site-packages/airflow/example_dags/tutorial_objectstorage.py
[2024-07-31T19:27:03.547+0000] {processor.py:830} INFO - Processing file /home/ubuntu/airflow-venv/lib/python3.12/site-packages/airflow/example_dags/tutorial_objectstorage.py for tasks to queue
[2024-07-31T19:27:03.548+0000] {logging_mixin.py:188} INFO - [2024-07-31T19:27:03.547+0000] {dagbag.py:545} INFO - Filling up the DagBag from /home/ubuntu/airflow-venv/lib/python3.12/site-packages/airflow/example_dags/tutorial_objectstorage.py
[2024-07-31T19:27:03.556+0000] {processor.py:840} INFO - DAG(s) 'tutorial_objectstorage' retrieved from /home/ubuntu/airflow-venv/lib/python3.12/site-packages/airflow/example_dags/tutorial_objectstorage.py
[2024-07-31T19:27:03.572+0000] {logging_mixin.py:188} INFO - [2024-07-31T19:27:03.571+0000] {dag.py:3089} INFO - Sync 1 DAGs
[2024-07-31T19:27:03.584+0000] {logging_mixin.py:188} INFO - [2024-07-31T19:27:03.584+0000] {dag.py:3947} INFO - Setting next_dagrun for tutorial_objectstorage to None, run_after=None
[2024-07-31T19:27:03.608+0000] {processor.py:183} INFO - Processing /home/ubuntu/airflow-venv/lib/python3.12/site-packages/airflow/example_dags/tutorial_objectstorage.py took 0.069 seconds
[2024-07-31T19:28:04.170+0000] {processor.py:161} INFO - Started process (PID=6189) to work on /home/ubuntu/airflow-venv/lib/python3.12/site-packages/airflow/example_dags/tutorial_objectstorage.py
[2024-07-31T19:28:04.172+0000] {processor.py:830} INFO - Processing file /home/ubuntu/airflow-venv/lib/python3.12/site-packages/airflow/example_dags/tutorial_objectstorage.py for tasks to queue
[2024-07-31T19:28:04.173+0000] {logging_mixin.py:188} INFO - [2024-07-31T19:28:04.172+0000] {dagbag.py:545} INFO - Filling up the DagBag from /home/ubuntu/airflow-venv/lib/python3.12/site-packages/airflow/example_dags/tutorial_objectstorage.py
[2024-07-31T19:28:04.181+0000] {processor.py:840} INFO - DAG(s) 'tutorial_objectstorage' retrieved from /home/ubuntu/airflow-venv/lib/python3.12/site-packages/airflow/example_dags/tutorial_objectstorage.py
[2024-07-31T19:28:04.197+0000] {logging_mixin.py:188} INFO - [2024-07-31T19:28:04.196+0000] {dag.py:3089} INFO - Sync 1 DAGs
[2024-07-31T19:28:04.209+0000] {logging_mixin.py:188} INFO - [2024-07-31T19:28:04.209+0000] {dag.py:3947} INFO - Setting next_dagrun for tutorial_objectstorage to None, run_after=None
[2024-07-31T19:28:04.237+0000] {processor.py:183} INFO - Processing /home/ubuntu/airflow-venv/lib/python3.12/site-packages/airflow/example_dags/tutorial_objectstorage.py took 0.072 seconds
[2024-07-31T19:28:57.292+0000] {processor.py:161} INFO - Started process (PID=6243) to work on /home/ubuntu/airflow-venv/lib/python3.12/site-packages/airflow/example_dags/tutorial_objectstorage.py
[2024-07-31T19:28:57.294+0000] {processor.py:830} INFO - Processing file /home/ubuntu/airflow-venv/lib/python3.12/site-packages/airflow/example_dags/tutorial_objectstorage.py for tasks to queue
[2024-07-31T19:28:57.295+0000] {logging_mixin.py:188} INFO - [2024-07-31T19:28:57.294+0000] {dagbag.py:545} INFO - Filling up the DagBag from /home/ubuntu/airflow-venv/lib/python3.12/site-packages/airflow/example_dags/tutorial_objectstorage.py
[2024-07-31T19:28:57.303+0000] {processor.py:840} INFO - DAG(s) 'tutorial_objectstorage' retrieved from /home/ubuntu/airflow-venv/lib/python3.12/site-packages/airflow/example_dags/tutorial_objectstorage.py
[2024-07-31T19:28:57.319+0000] {logging_mixin.py:188} INFO - [2024-07-31T19:28:57.319+0000] {dag.py:3089} INFO - Sync 1 DAGs
[2024-07-31T19:28:57.331+0000] {logging_mixin.py:188} INFO - [2024-07-31T19:28:57.331+0000] {dag.py:3947} INFO - Setting next_dagrun for tutorial_objectstorage to None, run_after=None
[2024-07-31T19:28:57.355+0000] {processor.py:183} INFO - Processing /home/ubuntu/airflow-venv/lib/python3.12/site-packages/airflow/example_dags/tutorial_objectstorage.py took 0.069 seconds
[2024-07-31T19:29:42.517+0000] {processor.py:161} INFO - Started process (PID=6292) to work on /home/ubuntu/airflow-venv/lib/python3.12/site-packages/airflow/example_dags/tutorial_objectstorage.py
[2024-07-31T19:29:42.518+0000] {processor.py:830} INFO - Processing file /home/ubuntu/airflow-venv/lib/python3.12/site-packages/airflow/example_dags/tutorial_objectstorage.py for tasks to queue
[2024-07-31T19:29:42.519+0000] {logging_mixin.py:188} INFO - [2024-07-31T19:29:42.519+0000] {dagbag.py:545} INFO - Filling up the DagBag from /home/ubuntu/airflow-venv/lib/python3.12/site-packages/airflow/example_dags/tutorial_objectstorage.py
[2024-07-31T19:29:42.528+0000] {processor.py:840} INFO - DAG(s) 'tutorial_objectstorage' retrieved from /home/ubuntu/airflow-venv/lib/python3.12/site-packages/airflow/example_dags/tutorial_objectstorage.py
[2024-07-31T19:29:42.543+0000] {logging_mixin.py:188} INFO - [2024-07-31T19:29:42.543+0000] {dag.py:3089} INFO - Sync 1 DAGs
[2024-07-31T19:29:42.555+0000] {logging_mixin.py:188} INFO - [2024-07-31T19:29:42.555+0000] {dag.py:3947} INFO - Setting next_dagrun for tutorial_objectstorage to None, run_after=None
[2024-07-31T19:29:42.579+0000] {processor.py:183} INFO - Processing /home/ubuntu/airflow-venv/lib/python3.12/site-packages/airflow/example_dags/tutorial_objectstorage.py took 0.068 seconds
[2024-07-31T19:30:26.163+0000] {processor.py:161} INFO - Started process (PID=6343) to work on /home/ubuntu/airflow-venv/lib/python3.12/site-packages/airflow/example_dags/tutorial_objectstorage.py
[2024-07-31T19:30:26.165+0000] {processor.py:830} INFO - Processing file /home/ubuntu/airflow-venv/lib/python3.12/site-packages/airflow/example_dags/tutorial_objectstorage.py for tasks to queue
[2024-07-31T19:30:26.166+0000] {logging_mixin.py:188} INFO - [2024-07-31T19:30:26.166+0000] {dagbag.py:545} INFO - Filling up the DagBag from /home/ubuntu/airflow-venv/lib/python3.12/site-packages/airflow/example_dags/tutorial_objectstorage.py
[2024-07-31T19:30:26.175+0000] {processor.py:840} INFO - DAG(s) 'tutorial_objectstorage' retrieved from /home/ubuntu/airflow-venv/lib/python3.12/site-packages/airflow/example_dags/tutorial_objectstorage.py
[2024-07-31T19:30:26.190+0000] {logging_mixin.py:188} INFO - [2024-07-31T19:30:26.190+0000] {dag.py:3089} INFO - Sync 1 DAGs
[2024-07-31T19:30:26.202+0000] {logging_mixin.py:188} INFO - [2024-07-31T19:30:26.202+0000] {dag.py:3947} INFO - Setting next_dagrun for tutorial_objectstorage to None, run_after=None
[2024-07-31T19:30:26.226+0000] {processor.py:183} INFO - Processing /home/ubuntu/airflow-venv/lib/python3.12/site-packages/airflow/example_dags/tutorial_objectstorage.py took 0.069 seconds
[2024-07-31T19:31:13.934+0000] {processor.py:161} INFO - Started process (PID=6392) to work on /home/ubuntu/airflow-venv/lib/python3.12/site-packages/airflow/example_dags/tutorial_objectstorage.py
[2024-07-31T19:31:13.936+0000] {processor.py:830} INFO - Processing file /home/ubuntu/airflow-venv/lib/python3.12/site-packages/airflow/example_dags/tutorial_objectstorage.py for tasks to queue
[2024-07-31T19:31:13.937+0000] {logging_mixin.py:188} INFO - [2024-07-31T19:31:13.936+0000] {dagbag.py:545} INFO - Filling up the DagBag from /home/ubuntu/airflow-venv/lib/python3.12/site-packages/airflow/example_dags/tutorial_objectstorage.py
[2024-07-31T19:31:13.945+0000] {processor.py:840} INFO - DAG(s) 'tutorial_objectstorage' retrieved from /home/ubuntu/airflow-venv/lib/python3.12/site-packages/airflow/example_dags/tutorial_objectstorage.py
[2024-07-31T19:31:13.961+0000] {logging_mixin.py:188} INFO - [2024-07-31T19:31:13.961+0000] {dag.py:3089} INFO - Sync 1 DAGs
[2024-07-31T19:31:13.974+0000] {logging_mixin.py:188} INFO - [2024-07-31T19:31:13.973+0000] {dag.py:3947} INFO - Setting next_dagrun for tutorial_objectstorage to None, run_after=None
[2024-07-31T19:31:13.998+0000] {processor.py:183} INFO - Processing /home/ubuntu/airflow-venv/lib/python3.12/site-packages/airflow/example_dags/tutorial_objectstorage.py took 0.069 seconds
[2024-07-31T19:32:18.003+0000] {processor.py:161} INFO - Started process (PID=6462) to work on /home/ubuntu/airflow-venv/lib/python3.12/site-packages/airflow/example_dags/tutorial_objectstorage.py
[2024-07-31T19:32:18.004+0000] {processor.py:830} INFO - Processing file /home/ubuntu/airflow-venv/lib/python3.12/site-packages/airflow/example_dags/tutorial_objectstorage.py for tasks to queue
[2024-07-31T19:32:18.005+0000] {logging_mixin.py:188} INFO - [2024-07-31T19:32:18.005+0000] {dagbag.py:545} INFO - Filling up the DagBag from /home/ubuntu/airflow-venv/lib/python3.12/site-packages/airflow/example_dags/tutorial_objectstorage.py
[2024-07-31T19:32:18.013+0000] {processor.py:840} INFO - DAG(s) 'tutorial_objectstorage' retrieved from /home/ubuntu/airflow-venv/lib/python3.12/site-packages/airflow/example_dags/tutorial_objectstorage.py
[2024-07-31T19:32:18.028+0000] {logging_mixin.py:188} INFO - [2024-07-31T19:32:18.028+0000] {dag.py:3089} INFO - Sync 1 DAGs
[2024-07-31T19:32:18.040+0000] {logging_mixin.py:188} INFO - [2024-07-31T19:32:18.040+0000] {dag.py:3947} INFO - Setting next_dagrun for tutorial_objectstorage to None, run_after=None
[2024-07-31T19:32:18.063+0000] {processor.py:183} INFO - Processing /home/ubuntu/airflow-venv/lib/python3.12/site-packages/airflow/example_dags/tutorial_objectstorage.py took 0.066 seconds
[2024-07-31T19:33:12.272+0000] {processor.py:161} INFO - Started process (PID=6520) to work on /home/ubuntu/airflow-venv/lib/python3.12/site-packages/airflow/example_dags/tutorial_objectstorage.py
[2024-07-31T19:33:12.273+0000] {processor.py:830} INFO - Processing file /home/ubuntu/airflow-venv/lib/python3.12/site-packages/airflow/example_dags/tutorial_objectstorage.py for tasks to queue
[2024-07-31T19:33:12.274+0000] {logging_mixin.py:188} INFO - [2024-07-31T19:33:12.274+0000] {dagbag.py:545} INFO - Filling up the DagBag from /home/ubuntu/airflow-venv/lib/python3.12/site-packages/airflow/example_dags/tutorial_objectstorage.py
[2024-07-31T19:33:12.283+0000] {processor.py:840} INFO - DAG(s) 'tutorial_objectstorage' retrieved from /home/ubuntu/airflow-venv/lib/python3.12/site-packages/airflow/example_dags/tutorial_objectstorage.py
[2024-07-31T19:33:12.298+0000] {logging_mixin.py:188} INFO - [2024-07-31T19:33:12.298+0000] {dag.py:3089} INFO - Sync 1 DAGs
[2024-07-31T19:33:12.310+0000] {logging_mixin.py:188} INFO - [2024-07-31T19:33:12.310+0000] {dag.py:3947} INFO - Setting next_dagrun for tutorial_objectstorage to None, run_after=None
[2024-07-31T19:33:12.334+0000] {processor.py:183} INFO - Processing /home/ubuntu/airflow-venv/lib/python3.12/site-packages/airflow/example_dags/tutorial_objectstorage.py took 0.068 seconds
[2024-07-31T19:33:53.658+0000] {processor.py:161} INFO - Started process (PID=6566) to work on /home/ubuntu/airflow-venv/lib/python3.12/site-packages/airflow/example_dags/tutorial_objectstorage.py
[2024-07-31T19:33:53.659+0000] {processor.py:830} INFO - Processing file /home/ubuntu/airflow-venv/lib/python3.12/site-packages/airflow/example_dags/tutorial_objectstorage.py for tasks to queue
[2024-07-31T19:33:53.660+0000] {logging_mixin.py:188} INFO - [2024-07-31T19:33:53.660+0000] {dagbag.py:545} INFO - Filling up the DagBag from /home/ubuntu/airflow-venv/lib/python3.12/site-packages/airflow/example_dags/tutorial_objectstorage.py
[2024-07-31T19:33:53.668+0000] {processor.py:840} INFO - DAG(s) 'tutorial_objectstorage' retrieved from /home/ubuntu/airflow-venv/lib/python3.12/site-packages/airflow/example_dags/tutorial_objectstorage.py
[2024-07-31T19:33:53.684+0000] {logging_mixin.py:188} INFO - [2024-07-31T19:33:53.684+0000] {dag.py:3089} INFO - Sync 1 DAGs
[2024-07-31T19:33:53.696+0000] {logging_mixin.py:188} INFO - [2024-07-31T19:33:53.696+0000] {dag.py:3947} INFO - Setting next_dagrun for tutorial_objectstorage to None, run_after=None
[2024-07-31T19:33:53.720+0000] {processor.py:183} INFO - Processing /home/ubuntu/airflow-venv/lib/python3.12/site-packages/airflow/example_dags/tutorial_objectstorage.py took 0.068 seconds
[2024-07-31T19:34:47.741+0000] {processor.py:161} INFO - Started process (PID=6620) to work on /home/ubuntu/airflow-venv/lib/python3.12/site-packages/airflow/example_dags/tutorial_objectstorage.py
[2024-07-31T19:34:47.742+0000] {processor.py:830} INFO - Processing file /home/ubuntu/airflow-venv/lib/python3.12/site-packages/airflow/example_dags/tutorial_objectstorage.py for tasks to queue
[2024-07-31T19:34:47.743+0000] {logging_mixin.py:188} INFO - [2024-07-31T19:34:47.743+0000] {dagbag.py:545} INFO - Filling up the DagBag from /home/ubuntu/airflow-venv/lib/python3.12/site-packages/airflow/example_dags/tutorial_objectstorage.py
[2024-07-31T19:34:47.751+0000] {processor.py:840} INFO - DAG(s) 'tutorial_objectstorage' retrieved from /home/ubuntu/airflow-venv/lib/python3.12/site-packages/airflow/example_dags/tutorial_objectstorage.py
[2024-07-31T19:34:47.767+0000] {logging_mixin.py:188} INFO - [2024-07-31T19:34:47.766+0000] {dag.py:3089} INFO - Sync 1 DAGs
[2024-07-31T19:34:47.778+0000] {logging_mixin.py:188} INFO - [2024-07-31T19:34:47.778+0000] {dag.py:3947} INFO - Setting next_dagrun for tutorial_objectstorage to None, run_after=None
[2024-07-31T19:34:47.801+0000] {processor.py:183} INFO - Processing /home/ubuntu/airflow-venv/lib/python3.12/site-packages/airflow/example_dags/tutorial_objectstorage.py took 0.066 seconds
