[2024-07-31T18:43:00.573+0000] {processor.py:161} INFO - Started process (PID=3441) to work on /home/ubuntu/airflow-venv/lib/python3.12/site-packages/airflow/example_dags/tutorial.py
[2024-07-31T18:43:00.573+0000] {processor.py:830} INFO - Processing file /home/ubuntu/airflow-venv/lib/python3.12/site-packages/airflow/example_dags/tutorial.py for tasks to queue
[2024-07-31T18:43:00.575+0000] {logging_mixin.py:188} INFO - [2024-07-31T18:43:00.575+0000] {dagbag.py:545} INFO - Filling up the DagBag from /home/ubuntu/airflow-venv/lib/python3.12/site-packages/airflow/example_dags/tutorial.py
[2024-07-31T18:43:00.583+0000] {processor.py:840} INFO - DAG(s) 'tutorial' retrieved from /home/ubuntu/airflow-venv/lib/python3.12/site-packages/airflow/example_dags/tutorial.py
[2024-07-31T18:43:00.702+0000] {logging_mixin.py:188} INFO - [2024-07-31T18:43:00.702+0000] {override.py:1858} INFO - Created Permission View: can edit on DAG:tutorial
[2024-07-31T18:43:00.717+0000] {logging_mixin.py:188} INFO - [2024-07-31T18:43:00.717+0000] {override.py:1858} INFO - Created Permission View: can read on DAG:tutorial
[2024-07-31T18:43:00.727+0000] {logging_mixin.py:188} INFO - [2024-07-31T18:43:00.727+0000] {override.py:1858} INFO - Created Permission View: can delete on DAG:tutorial
[2024-07-31T18:43:00.727+0000] {logging_mixin.py:188} INFO - [2024-07-31T18:43:00.727+0000] {dag.py:3089} INFO - Sync 1 DAGs
[2024-07-31T18:43:00.738+0000] {logging_mixin.py:188} INFO - [2024-07-31T18:43:00.737+0000] {dag.py:3111} INFO - Creating ORM DAG for tutorial
[2024-07-31T18:43:00.746+0000] {logging_mixin.py:188} INFO - [2024-07-31T18:43:00.746+0000] {dag.py:3947} INFO - Setting next_dagrun for tutorial to 2024-07-30 00:00:00+00:00, run_after=2024-07-31 00:00:00+00:00
[2024-07-31T18:43:00.769+0000] {processor.py:183} INFO - Processing /home/ubuntu/airflow-venv/lib/python3.12/site-packages/airflow/example_dags/tutorial.py took 0.202 seconds
[2024-07-31T18:44:00.641+0000] {processor.py:161} INFO - Started process (PID=3518) to work on /home/ubuntu/airflow-venv/lib/python3.12/site-packages/airflow/example_dags/tutorial.py
[2024-07-31T18:44:00.642+0000] {processor.py:830} INFO - Processing file /home/ubuntu/airflow-venv/lib/python3.12/site-packages/airflow/example_dags/tutorial.py for tasks to queue
[2024-07-31T18:44:00.644+0000] {logging_mixin.py:188} INFO - [2024-07-31T18:44:00.644+0000] {dagbag.py:545} INFO - Filling up the DagBag from /home/ubuntu/airflow-venv/lib/python3.12/site-packages/airflow/example_dags/tutorial.py
[2024-07-31T18:44:00.651+0000] {processor.py:840} INFO - DAG(s) 'tutorial' retrieved from /home/ubuntu/airflow-venv/lib/python3.12/site-packages/airflow/example_dags/tutorial.py
[2024-07-31T18:44:00.667+0000] {logging_mixin.py:188} INFO - [2024-07-31T18:44:00.667+0000] {dag.py:3089} INFO - Sync 1 DAGs
[2024-07-31T18:44:00.689+0000] {logging_mixin.py:188} INFO - [2024-07-31T18:44:00.689+0000] {dag.py:3947} INFO - Setting next_dagrun for tutorial to 2024-07-30 00:00:00+00:00, run_after=2024-07-31 00:00:00+00:00
[2024-07-31T18:44:00.714+0000] {processor.py:183} INFO - Processing /home/ubuntu/airflow-venv/lib/python3.12/site-packages/airflow/example_dags/tutorial.py took 0.080 seconds
[2024-07-31T18:44:49.223+0000] {processor.py:161} INFO - Started process (PID=3572) to work on /home/ubuntu/airflow-venv/lib/python3.12/site-packages/airflow/example_dags/tutorial.py
[2024-07-31T18:44:49.225+0000] {processor.py:830} INFO - Processing file /home/ubuntu/airflow-venv/lib/python3.12/site-packages/airflow/example_dags/tutorial.py for tasks to queue
[2024-07-31T18:44:49.227+0000] {logging_mixin.py:188} INFO - [2024-07-31T18:44:49.226+0000] {dagbag.py:545} INFO - Filling up the DagBag from /home/ubuntu/airflow-venv/lib/python3.12/site-packages/airflow/example_dags/tutorial.py
[2024-07-31T18:44:49.233+0000] {processor.py:840} INFO - DAG(s) 'tutorial' retrieved from /home/ubuntu/airflow-venv/lib/python3.12/site-packages/airflow/example_dags/tutorial.py
[2024-07-31T18:44:49.248+0000] {logging_mixin.py:188} INFO - [2024-07-31T18:44:49.248+0000] {dag.py:3089} INFO - Sync 1 DAGs
[2024-07-31T18:44:49.267+0000] {logging_mixin.py:188} INFO - [2024-07-31T18:44:49.267+0000] {dag.py:3947} INFO - Setting next_dagrun for tutorial to 2024-07-30 00:00:00+00:00, run_after=2024-07-31 00:00:00+00:00
[2024-07-31T18:44:49.290+0000] {processor.py:183} INFO - Processing /home/ubuntu/airflow-venv/lib/python3.12/site-packages/airflow/example_dags/tutorial.py took 0.073 seconds
[2024-07-31T18:45:29.315+0000] {processor.py:161} INFO - Started process (PID=3621) to work on /home/ubuntu/airflow-venv/lib/python3.12/site-packages/airflow/example_dags/tutorial.py
[2024-07-31T18:45:29.317+0000] {processor.py:830} INFO - Processing file /home/ubuntu/airflow-venv/lib/python3.12/site-packages/airflow/example_dags/tutorial.py for tasks to queue
[2024-07-31T18:45:29.318+0000] {logging_mixin.py:188} INFO - [2024-07-31T18:45:29.318+0000] {dagbag.py:545} INFO - Filling up the DagBag from /home/ubuntu/airflow-venv/lib/python3.12/site-packages/airflow/example_dags/tutorial.py
[2024-07-31T18:45:29.324+0000] {processor.py:840} INFO - DAG(s) 'tutorial' retrieved from /home/ubuntu/airflow-venv/lib/python3.12/site-packages/airflow/example_dags/tutorial.py
[2024-07-31T18:45:29.340+0000] {logging_mixin.py:188} INFO - [2024-07-31T18:45:29.340+0000] {dag.py:3089} INFO - Sync 1 DAGs
[2024-07-31T18:45:29.360+0000] {logging_mixin.py:188} INFO - [2024-07-31T18:45:29.359+0000] {dag.py:3947} INFO - Setting next_dagrun for tutorial to 2024-07-30 00:00:00+00:00, run_after=2024-07-31 00:00:00+00:00
[2024-07-31T18:45:29.383+0000] {processor.py:183} INFO - Processing /home/ubuntu/airflow-venv/lib/python3.12/site-packages/airflow/example_dags/tutorial.py took 0.074 seconds
[2024-07-31T18:46:12.141+0000] {processor.py:161} INFO - Started process (PID=3666) to work on /home/ubuntu/airflow-venv/lib/python3.12/site-packages/airflow/example_dags/tutorial.py
[2024-07-31T18:46:12.142+0000] {processor.py:830} INFO - Processing file /home/ubuntu/airflow-venv/lib/python3.12/site-packages/airflow/example_dags/tutorial.py for tasks to queue
[2024-07-31T18:46:12.144+0000] {logging_mixin.py:188} INFO - [2024-07-31T18:46:12.144+0000] {dagbag.py:545} INFO - Filling up the DagBag from /home/ubuntu/airflow-venv/lib/python3.12/site-packages/airflow/example_dags/tutorial.py
[2024-07-31T18:46:12.150+0000] {processor.py:840} INFO - DAG(s) 'tutorial' retrieved from /home/ubuntu/airflow-venv/lib/python3.12/site-packages/airflow/example_dags/tutorial.py
[2024-07-31T18:46:12.166+0000] {logging_mixin.py:188} INFO - [2024-07-31T18:46:12.166+0000] {dag.py:3089} INFO - Sync 1 DAGs
[2024-07-31T18:46:12.187+0000] {logging_mixin.py:188} INFO - [2024-07-31T18:46:12.186+0000] {dag.py:3947} INFO - Setting next_dagrun for tutorial to 2024-07-30 00:00:00+00:00, run_after=2024-07-31 00:00:00+00:00
[2024-07-31T18:46:12.213+0000] {processor.py:183} INFO - Processing /home/ubuntu/airflow-venv/lib/python3.12/site-packages/airflow/example_dags/tutorial.py took 0.078 seconds
[2024-07-31T18:46:53.043+0000] {processor.py:161} INFO - Started process (PID=3901) to work on /home/ubuntu/airflow-venv/lib/python3.12/site-packages/airflow/example_dags/tutorial.py
[2024-07-31T18:46:53.045+0000] {processor.py:830} INFO - Processing file /home/ubuntu/airflow-venv/lib/python3.12/site-packages/airflow/example_dags/tutorial.py for tasks to queue
[2024-07-31T18:46:53.047+0000] {logging_mixin.py:188} INFO - [2024-07-31T18:46:53.046+0000] {dagbag.py:545} INFO - Filling up the DagBag from /home/ubuntu/airflow-venv/lib/python3.12/site-packages/airflow/example_dags/tutorial.py
[2024-07-31T18:46:53.053+0000] {processor.py:840} INFO - DAG(s) 'tutorial' retrieved from /home/ubuntu/airflow-venv/lib/python3.12/site-packages/airflow/example_dags/tutorial.py
[2024-07-31T18:46:53.069+0000] {logging_mixin.py:188} INFO - [2024-07-31T18:46:53.068+0000] {dag.py:3089} INFO - Sync 1 DAGs
[2024-07-31T18:46:53.088+0000] {logging_mixin.py:188} INFO - [2024-07-31T18:46:53.088+0000] {dag.py:3947} INFO - Setting next_dagrun for tutorial to 2024-07-30 00:00:00+00:00, run_after=2024-07-31 00:00:00+00:00
[2024-07-31T18:46:53.111+0000] {processor.py:183} INFO - Processing /home/ubuntu/airflow-venv/lib/python3.12/site-packages/airflow/example_dags/tutorial.py took 0.073 seconds
[2024-07-31T18:47:43.622+0000] {processor.py:161} INFO - Started process (PID=3954) to work on /home/ubuntu/airflow-venv/lib/python3.12/site-packages/airflow/example_dags/tutorial.py
[2024-07-31T18:47:43.623+0000] {processor.py:830} INFO - Processing file /home/ubuntu/airflow-venv/lib/python3.12/site-packages/airflow/example_dags/tutorial.py for tasks to queue
[2024-07-31T18:47:43.625+0000] {logging_mixin.py:188} INFO - [2024-07-31T18:47:43.625+0000] {dagbag.py:545} INFO - Filling up the DagBag from /home/ubuntu/airflow-venv/lib/python3.12/site-packages/airflow/example_dags/tutorial.py
[2024-07-31T18:47:43.631+0000] {processor.py:840} INFO - DAG(s) 'tutorial' retrieved from /home/ubuntu/airflow-venv/lib/python3.12/site-packages/airflow/example_dags/tutorial.py
[2024-07-31T18:47:43.646+0000] {logging_mixin.py:188} INFO - [2024-07-31T18:47:43.646+0000] {dag.py:3089} INFO - Sync 1 DAGs
[2024-07-31T18:47:43.666+0000] {logging_mixin.py:188} INFO - [2024-07-31T18:47:43.666+0000] {dag.py:3947} INFO - Setting next_dagrun for tutorial to 2024-07-30 00:00:00+00:00, run_after=2024-07-31 00:00:00+00:00
[2024-07-31T18:47:43.689+0000] {processor.py:183} INFO - Processing /home/ubuntu/airflow-venv/lib/python3.12/site-packages/airflow/example_dags/tutorial.py took 0.072 seconds
[2024-07-31T18:48:18.633+0000] {processor.py:161} INFO - Started process (PID=4162) to work on /home/ubuntu/airflow-venv/lib/python3.12/site-packages/airflow/example_dags/tutorial.py
[2024-07-31T18:48:18.634+0000] {processor.py:830} INFO - Processing file /home/ubuntu/airflow-venv/lib/python3.12/site-packages/airflow/example_dags/tutorial.py for tasks to queue
[2024-07-31T18:48:18.636+0000] {logging_mixin.py:188} INFO - [2024-07-31T18:48:18.635+0000] {dagbag.py:545} INFO - Filling up the DagBag from /home/ubuntu/airflow-venv/lib/python3.12/site-packages/airflow/example_dags/tutorial.py
[2024-07-31T18:48:18.642+0000] {processor.py:840} INFO - DAG(s) 'tutorial' retrieved from /home/ubuntu/airflow-venv/lib/python3.12/site-packages/airflow/example_dags/tutorial.py
[2024-07-31T18:48:18.658+0000] {logging_mixin.py:188} INFO - [2024-07-31T18:48:18.658+0000] {dag.py:3089} INFO - Sync 1 DAGs
[2024-07-31T18:48:18.678+0000] {logging_mixin.py:188} INFO - [2024-07-31T18:48:18.678+0000] {dag.py:3947} INFO - Setting next_dagrun for tutorial to 2024-07-30 00:00:00+00:00, run_after=2024-07-31 00:00:00+00:00
[2024-07-31T18:48:18.702+0000] {processor.py:183} INFO - Processing /home/ubuntu/airflow-venv/lib/python3.12/site-packages/airflow/example_dags/tutorial.py took 0.075 seconds
[2024-07-31T18:49:00.856+0000] {processor.py:161} INFO - Started process (PID=4205) to work on /home/ubuntu/airflow-venv/lib/python3.12/site-packages/airflow/example_dags/tutorial.py
[2024-07-31T18:49:00.858+0000] {processor.py:830} INFO - Processing file /home/ubuntu/airflow-venv/lib/python3.12/site-packages/airflow/example_dags/tutorial.py for tasks to queue
[2024-07-31T18:49:00.860+0000] {logging_mixin.py:188} INFO - [2024-07-31T18:49:00.860+0000] {dagbag.py:545} INFO - Filling up the DagBag from /home/ubuntu/airflow-venv/lib/python3.12/site-packages/airflow/example_dags/tutorial.py
[2024-07-31T18:49:00.867+0000] {processor.py:840} INFO - DAG(s) 'tutorial' retrieved from /home/ubuntu/airflow-venv/lib/python3.12/site-packages/airflow/example_dags/tutorial.py
[2024-07-31T18:49:00.884+0000] {logging_mixin.py:188} INFO - [2024-07-31T18:49:00.883+0000] {dag.py:3089} INFO - Sync 1 DAGs
[2024-07-31T18:49:00.905+0000] {logging_mixin.py:188} INFO - [2024-07-31T18:49:00.904+0000] {dag.py:3947} INFO - Setting next_dagrun for tutorial to 2024-07-30 00:00:00+00:00, run_after=2024-07-31 00:00:00+00:00
[2024-07-31T18:49:00.931+0000] {processor.py:183} INFO - Processing /home/ubuntu/airflow-venv/lib/python3.12/site-packages/airflow/example_dags/tutorial.py took 0.081 seconds
[2024-07-31T18:49:40.484+0000] {processor.py:161} INFO - Started process (PID=4247) to work on /home/ubuntu/airflow-venv/lib/python3.12/site-packages/airflow/example_dags/tutorial.py
[2024-07-31T18:49:40.486+0000] {processor.py:830} INFO - Processing file /home/ubuntu/airflow-venv/lib/python3.12/site-packages/airflow/example_dags/tutorial.py for tasks to queue
[2024-07-31T18:49:40.488+0000] {logging_mixin.py:188} INFO - [2024-07-31T18:49:40.487+0000] {dagbag.py:545} INFO - Filling up the DagBag from /home/ubuntu/airflow-venv/lib/python3.12/site-packages/airflow/example_dags/tutorial.py
[2024-07-31T18:49:40.494+0000] {processor.py:840} INFO - DAG(s) 'tutorial' retrieved from /home/ubuntu/airflow-venv/lib/python3.12/site-packages/airflow/example_dags/tutorial.py
[2024-07-31T18:49:40.510+0000] {logging_mixin.py:188} INFO - [2024-07-31T18:49:40.509+0000] {dag.py:3089} INFO - Sync 1 DAGs
[2024-07-31T18:49:40.529+0000] {logging_mixin.py:188} INFO - [2024-07-31T18:49:40.529+0000] {dag.py:3947} INFO - Setting next_dagrun for tutorial to 2024-07-30 00:00:00+00:00, run_after=2024-07-31 00:00:00+00:00
[2024-07-31T18:49:40.558+0000] {processor.py:183} INFO - Processing /home/ubuntu/airflow-venv/lib/python3.12/site-packages/airflow/example_dags/tutorial.py took 0.080 seconds
[2024-07-31T18:50:20.736+0000] {processor.py:161} INFO - Started process (PID=4293) to work on /home/ubuntu/airflow-venv/lib/python3.12/site-packages/airflow/example_dags/tutorial.py
[2024-07-31T18:50:20.737+0000] {processor.py:830} INFO - Processing file /home/ubuntu/airflow-venv/lib/python3.12/site-packages/airflow/example_dags/tutorial.py for tasks to queue
[2024-07-31T18:50:20.739+0000] {logging_mixin.py:188} INFO - [2024-07-31T18:50:20.739+0000] {dagbag.py:545} INFO - Filling up the DagBag from /home/ubuntu/airflow-venv/lib/python3.12/site-packages/airflow/example_dags/tutorial.py
[2024-07-31T18:50:20.745+0000] {processor.py:840} INFO - DAG(s) 'tutorial' retrieved from /home/ubuntu/airflow-venv/lib/python3.12/site-packages/airflow/example_dags/tutorial.py
[2024-07-31T18:50:20.762+0000] {logging_mixin.py:188} INFO - [2024-07-31T18:50:20.761+0000] {dag.py:3089} INFO - Sync 1 DAGs
[2024-07-31T18:50:20.781+0000] {logging_mixin.py:188} INFO - [2024-07-31T18:50:20.781+0000] {dag.py:3947} INFO - Setting next_dagrun for tutorial to 2024-07-30 00:00:00+00:00, run_after=2024-07-31 00:00:00+00:00
[2024-07-31T18:50:20.804+0000] {processor.py:183} INFO - Processing /home/ubuntu/airflow-venv/lib/python3.12/site-packages/airflow/example_dags/tutorial.py took 0.074 seconds
[2024-07-31T18:51:00.693+0000] {processor.py:161} INFO - Started process (PID=4337) to work on /home/ubuntu/airflow-venv/lib/python3.12/site-packages/airflow/example_dags/tutorial.py
[2024-07-31T18:51:00.695+0000] {processor.py:830} INFO - Processing file /home/ubuntu/airflow-venv/lib/python3.12/site-packages/airflow/example_dags/tutorial.py for tasks to queue
[2024-07-31T18:51:00.696+0000] {logging_mixin.py:188} INFO - [2024-07-31T18:51:00.696+0000] {dagbag.py:545} INFO - Filling up the DagBag from /home/ubuntu/airflow-venv/lib/python3.12/site-packages/airflow/example_dags/tutorial.py
[2024-07-31T18:51:00.703+0000] {processor.py:840} INFO - DAG(s) 'tutorial' retrieved from /home/ubuntu/airflow-venv/lib/python3.12/site-packages/airflow/example_dags/tutorial.py
[2024-07-31T18:51:00.719+0000] {logging_mixin.py:188} INFO - [2024-07-31T18:51:00.718+0000] {dag.py:3089} INFO - Sync 1 DAGs
[2024-07-31T18:51:00.739+0000] {logging_mixin.py:188} INFO - [2024-07-31T18:51:00.738+0000] {dag.py:3947} INFO - Setting next_dagrun for tutorial to 2024-07-30 00:00:00+00:00, run_after=2024-07-31 00:00:00+00:00
[2024-07-31T18:51:00.762+0000] {processor.py:183} INFO - Processing /home/ubuntu/airflow-venv/lib/python3.12/site-packages/airflow/example_dags/tutorial.py took 0.075 seconds
[2024-07-31T18:51:39.001+0000] {processor.py:161} INFO - Started process (PID=4377) to work on /home/ubuntu/airflow-venv/lib/python3.12/site-packages/airflow/example_dags/tutorial.py
[2024-07-31T18:51:39.003+0000] {processor.py:830} INFO - Processing file /home/ubuntu/airflow-venv/lib/python3.12/site-packages/airflow/example_dags/tutorial.py for tasks to queue
[2024-07-31T18:51:39.004+0000] {logging_mixin.py:188} INFO - [2024-07-31T18:51:39.004+0000] {dagbag.py:545} INFO - Filling up the DagBag from /home/ubuntu/airflow-venv/lib/python3.12/site-packages/airflow/example_dags/tutorial.py
[2024-07-31T18:51:39.010+0000] {processor.py:840} INFO - DAG(s) 'tutorial' retrieved from /home/ubuntu/airflow-venv/lib/python3.12/site-packages/airflow/example_dags/tutorial.py
[2024-07-31T18:51:39.027+0000] {logging_mixin.py:188} INFO - [2024-07-31T18:51:39.026+0000] {dag.py:3089} INFO - Sync 1 DAGs
[2024-07-31T18:51:39.047+0000] {logging_mixin.py:188} INFO - [2024-07-31T18:51:39.047+0000] {dag.py:3947} INFO - Setting next_dagrun for tutorial to 2024-07-30 00:00:00+00:00, run_after=2024-07-31 00:00:00+00:00
[2024-07-31T18:51:39.070+0000] {processor.py:183} INFO - Processing /home/ubuntu/airflow-venv/lib/python3.12/site-packages/airflow/example_dags/tutorial.py took 0.075 seconds
[2024-07-31T18:52:17.291+0000] {processor.py:161} INFO - Started process (PID=4418) to work on /home/ubuntu/airflow-venv/lib/python3.12/site-packages/airflow/example_dags/tutorial.py
[2024-07-31T18:52:17.292+0000] {processor.py:830} INFO - Processing file /home/ubuntu/airflow-venv/lib/python3.12/site-packages/airflow/example_dags/tutorial.py for tasks to queue
[2024-07-31T18:52:17.294+0000] {logging_mixin.py:188} INFO - [2024-07-31T18:52:17.294+0000] {dagbag.py:545} INFO - Filling up the DagBag from /home/ubuntu/airflow-venv/lib/python3.12/site-packages/airflow/example_dags/tutorial.py
[2024-07-31T18:52:17.300+0000] {processor.py:840} INFO - DAG(s) 'tutorial' retrieved from /home/ubuntu/airflow-venv/lib/python3.12/site-packages/airflow/example_dags/tutorial.py
[2024-07-31T18:52:17.316+0000] {logging_mixin.py:188} INFO - [2024-07-31T18:52:17.315+0000] {dag.py:3089} INFO - Sync 1 DAGs
[2024-07-31T18:52:17.335+0000] {logging_mixin.py:188} INFO - [2024-07-31T18:52:17.335+0000] {dag.py:3947} INFO - Setting next_dagrun for tutorial to 2024-07-30 00:00:00+00:00, run_after=2024-07-31 00:00:00+00:00
[2024-07-31T18:52:17.358+0000] {processor.py:183} INFO - Processing /home/ubuntu/airflow-venv/lib/python3.12/site-packages/airflow/example_dags/tutorial.py took 0.073 seconds
[2024-07-31T18:52:57.259+0000] {processor.py:161} INFO - Started process (PID=4462) to work on /home/ubuntu/airflow-venv/lib/python3.12/site-packages/airflow/example_dags/tutorial.py
[2024-07-31T18:52:57.260+0000] {processor.py:830} INFO - Processing file /home/ubuntu/airflow-venv/lib/python3.12/site-packages/airflow/example_dags/tutorial.py for tasks to queue
[2024-07-31T18:52:57.261+0000] {logging_mixin.py:188} INFO - [2024-07-31T18:52:57.261+0000] {dagbag.py:545} INFO - Filling up the DagBag from /home/ubuntu/airflow-venv/lib/python3.12/site-packages/airflow/example_dags/tutorial.py
[2024-07-31T18:52:57.268+0000] {processor.py:840} INFO - DAG(s) 'tutorial' retrieved from /home/ubuntu/airflow-venv/lib/python3.12/site-packages/airflow/example_dags/tutorial.py
[2024-07-31T18:52:57.284+0000] {logging_mixin.py:188} INFO - [2024-07-31T18:52:57.284+0000] {dag.py:3089} INFO - Sync 1 DAGs
[2024-07-31T18:52:57.304+0000] {logging_mixin.py:188} INFO - [2024-07-31T18:52:57.304+0000] {dag.py:3947} INFO - Setting next_dagrun for tutorial to 2024-07-30 00:00:00+00:00, run_after=2024-07-31 00:00:00+00:00
[2024-07-31T18:52:57.326+0000] {processor.py:183} INFO - Processing /home/ubuntu/airflow-venv/lib/python3.12/site-packages/airflow/example_dags/tutorial.py took 0.073 seconds
[2024-07-31T18:53:39.891+0000] {processor.py:161} INFO - Started process (PID=4508) to work on /home/ubuntu/airflow-venv/lib/python3.12/site-packages/airflow/example_dags/tutorial.py
[2024-07-31T18:53:39.893+0000] {processor.py:830} INFO - Processing file /home/ubuntu/airflow-venv/lib/python3.12/site-packages/airflow/example_dags/tutorial.py for tasks to queue
[2024-07-31T18:53:39.894+0000] {logging_mixin.py:188} INFO - [2024-07-31T18:53:39.893+0000] {dagbag.py:545} INFO - Filling up the DagBag from /home/ubuntu/airflow-venv/lib/python3.12/site-packages/airflow/example_dags/tutorial.py
[2024-07-31T18:53:39.901+0000] {processor.py:840} INFO - DAG(s) 'tutorial' retrieved from /home/ubuntu/airflow-venv/lib/python3.12/site-packages/airflow/example_dags/tutorial.py
[2024-07-31T18:53:39.917+0000] {logging_mixin.py:188} INFO - [2024-07-31T18:53:39.916+0000] {dag.py:3089} INFO - Sync 1 DAGs
[2024-07-31T18:53:39.937+0000] {logging_mixin.py:188} INFO - [2024-07-31T18:53:39.937+0000] {dag.py:3947} INFO - Setting next_dagrun for tutorial to 2024-07-30 00:00:00+00:00, run_after=2024-07-31 00:00:00+00:00
[2024-07-31T18:53:39.964+0000] {processor.py:183} INFO - Processing /home/ubuntu/airflow-venv/lib/python3.12/site-packages/airflow/example_dags/tutorial.py took 0.078 seconds
[2024-07-31T18:54:19.786+0000] {processor.py:161} INFO - Started process (PID=4553) to work on /home/ubuntu/airflow-venv/lib/python3.12/site-packages/airflow/example_dags/tutorial.py
[2024-07-31T18:54:19.787+0000] {processor.py:830} INFO - Processing file /home/ubuntu/airflow-venv/lib/python3.12/site-packages/airflow/example_dags/tutorial.py for tasks to queue
[2024-07-31T18:54:19.788+0000] {logging_mixin.py:188} INFO - [2024-07-31T18:54:19.788+0000] {dagbag.py:545} INFO - Filling up the DagBag from /home/ubuntu/airflow-venv/lib/python3.12/site-packages/airflow/example_dags/tutorial.py
[2024-07-31T18:54:19.795+0000] {processor.py:840} INFO - DAG(s) 'tutorial' retrieved from /home/ubuntu/airflow-venv/lib/python3.12/site-packages/airflow/example_dags/tutorial.py
[2024-07-31T18:54:19.811+0000] {logging_mixin.py:188} INFO - [2024-07-31T18:54:19.811+0000] {dag.py:3089} INFO - Sync 1 DAGs
[2024-07-31T18:54:19.831+0000] {logging_mixin.py:188} INFO - [2024-07-31T18:54:19.830+0000] {dag.py:3947} INFO - Setting next_dagrun for tutorial to 2024-07-30 00:00:00+00:00, run_after=2024-07-31 00:00:00+00:00
[2024-07-31T18:54:19.854+0000] {processor.py:183} INFO - Processing /home/ubuntu/airflow-venv/lib/python3.12/site-packages/airflow/example_dags/tutorial.py took 0.075 seconds
[2024-07-31T18:54:58.986+0000] {processor.py:161} INFO - Started process (PID=4597) to work on /home/ubuntu/airflow-venv/lib/python3.12/site-packages/airflow/example_dags/tutorial.py
[2024-07-31T18:54:58.988+0000] {processor.py:830} INFO - Processing file /home/ubuntu/airflow-venv/lib/python3.12/site-packages/airflow/example_dags/tutorial.py for tasks to queue
[2024-07-31T18:54:58.989+0000] {logging_mixin.py:188} INFO - [2024-07-31T18:54:58.988+0000] {dagbag.py:545} INFO - Filling up the DagBag from /home/ubuntu/airflow-venv/lib/python3.12/site-packages/airflow/example_dags/tutorial.py
[2024-07-31T18:54:58.995+0000] {processor.py:840} INFO - DAG(s) 'tutorial' retrieved from /home/ubuntu/airflow-venv/lib/python3.12/site-packages/airflow/example_dags/tutorial.py
[2024-07-31T18:54:59.012+0000] {logging_mixin.py:188} INFO - [2024-07-31T18:54:59.011+0000] {dag.py:3089} INFO - Sync 1 DAGs
[2024-07-31T18:54:59.032+0000] {logging_mixin.py:188} INFO - [2024-07-31T18:54:59.031+0000] {dag.py:3947} INFO - Setting next_dagrun for tutorial to 2024-07-30 00:00:00+00:00, run_after=2024-07-31 00:00:00+00:00
[2024-07-31T18:54:59.056+0000] {processor.py:183} INFO - Processing /home/ubuntu/airflow-venv/lib/python3.12/site-packages/airflow/example_dags/tutorial.py took 0.076 seconds
[2024-07-31T18:55:40.892+0000] {processor.py:161} INFO - Started process (PID=4644) to work on /home/ubuntu/airflow-venv/lib/python3.12/site-packages/airflow/example_dags/tutorial.py
[2024-07-31T18:55:40.894+0000] {processor.py:830} INFO - Processing file /home/ubuntu/airflow-venv/lib/python3.12/site-packages/airflow/example_dags/tutorial.py for tasks to queue
[2024-07-31T18:55:40.895+0000] {logging_mixin.py:188} INFO - [2024-07-31T18:55:40.894+0000] {dagbag.py:545} INFO - Filling up the DagBag from /home/ubuntu/airflow-venv/lib/python3.12/site-packages/airflow/example_dags/tutorial.py
[2024-07-31T18:55:40.901+0000] {processor.py:840} INFO - DAG(s) 'tutorial' retrieved from /home/ubuntu/airflow-venv/lib/python3.12/site-packages/airflow/example_dags/tutorial.py
[2024-07-31T18:55:40.917+0000] {logging_mixin.py:188} INFO - [2024-07-31T18:55:40.917+0000] {dag.py:3089} INFO - Sync 1 DAGs
[2024-07-31T18:55:40.937+0000] {logging_mixin.py:188} INFO - [2024-07-31T18:55:40.936+0000] {dag.py:3947} INFO - Setting next_dagrun for tutorial to 2024-07-30 00:00:00+00:00, run_after=2024-07-31 00:00:00+00:00
[2024-07-31T18:55:40.960+0000] {processor.py:183} INFO - Processing /home/ubuntu/airflow-venv/lib/python3.12/site-packages/airflow/example_dags/tutorial.py took 0.073 seconds
[2024-07-31T18:56:26.170+0000] {processor.py:161} INFO - Started process (PID=4725) to work on /home/ubuntu/airflow-venv/lib/python3.12/site-packages/airflow/example_dags/tutorial.py
[2024-07-31T18:56:26.173+0000] {processor.py:830} INFO - Processing file /home/ubuntu/airflow-venv/lib/python3.12/site-packages/airflow/example_dags/tutorial.py for tasks to queue
[2024-07-31T18:56:26.174+0000] {logging_mixin.py:188} INFO - [2024-07-31T18:56:26.173+0000] {dagbag.py:545} INFO - Filling up the DagBag from /home/ubuntu/airflow-venv/lib/python3.12/site-packages/airflow/example_dags/tutorial.py
[2024-07-31T18:56:26.187+0000] {processor.py:840} INFO - DAG(s) 'tutorial' retrieved from /home/ubuntu/airflow-venv/lib/python3.12/site-packages/airflow/example_dags/tutorial.py
[2024-07-31T18:56:26.218+0000] {logging_mixin.py:188} INFO - [2024-07-31T18:56:26.218+0000] {dag.py:3089} INFO - Sync 1 DAGs
[2024-07-31T18:56:26.244+0000] {logging_mixin.py:188} INFO - [2024-07-31T18:56:26.244+0000] {dag.py:3947} INFO - Setting next_dagrun for tutorial to 2024-07-30 00:00:00+00:00, run_after=2024-07-31 00:00:00+00:00
[2024-07-31T18:56:26.283+0000] {processor.py:183} INFO - Processing /home/ubuntu/airflow-venv/lib/python3.12/site-packages/airflow/example_dags/tutorial.py took 0.125 seconds
[2024-07-31T18:57:13.669+0000] {processor.py:161} INFO - Started process (PID=5052) to work on /home/ubuntu/airflow-venv/lib/python3.12/site-packages/airflow/example_dags/tutorial.py
[2024-07-31T18:57:13.670+0000] {processor.py:830} INFO - Processing file /home/ubuntu/airflow-venv/lib/python3.12/site-packages/airflow/example_dags/tutorial.py for tasks to queue
[2024-07-31T18:57:13.671+0000] {logging_mixin.py:188} INFO - [2024-07-31T18:57:13.671+0000] {dagbag.py:545} INFO - Filling up the DagBag from /home/ubuntu/airflow-venv/lib/python3.12/site-packages/airflow/example_dags/tutorial.py
[2024-07-31T18:57:13.678+0000] {processor.py:840} INFO - DAG(s) 'tutorial' retrieved from /home/ubuntu/airflow-venv/lib/python3.12/site-packages/airflow/example_dags/tutorial.py
[2024-07-31T18:57:13.695+0000] {logging_mixin.py:188} INFO - [2024-07-31T18:57:13.694+0000] {dag.py:3089} INFO - Sync 1 DAGs
[2024-07-31T18:57:13.715+0000] {logging_mixin.py:188} INFO - [2024-07-31T18:57:13.714+0000] {dag.py:3947} INFO - Setting next_dagrun for tutorial to 2024-07-30 00:00:00+00:00, run_after=2024-07-31 00:00:00+00:00
[2024-07-31T18:57:13.737+0000] {processor.py:183} INFO - Processing /home/ubuntu/airflow-venv/lib/python3.12/site-packages/airflow/example_dags/tutorial.py took 0.074 seconds
[2024-07-31T18:57:58.746+0000] {processor.py:161} INFO - Started process (PID=5099) to work on /home/ubuntu/airflow-venv/lib/python3.12/site-packages/airflow/example_dags/tutorial.py
[2024-07-31T18:57:58.748+0000] {processor.py:830} INFO - Processing file /home/ubuntu/airflow-venv/lib/python3.12/site-packages/airflow/example_dags/tutorial.py for tasks to queue
[2024-07-31T18:57:58.748+0000] {logging_mixin.py:188} INFO - [2024-07-31T18:57:58.748+0000] {dagbag.py:545} INFO - Filling up the DagBag from /home/ubuntu/airflow-venv/lib/python3.12/site-packages/airflow/example_dags/tutorial.py
[2024-07-31T18:57:58.756+0000] {processor.py:840} INFO - DAG(s) 'tutorial' retrieved from /home/ubuntu/airflow-venv/lib/python3.12/site-packages/airflow/example_dags/tutorial.py
[2024-07-31T18:57:58.772+0000] {logging_mixin.py:188} INFO - [2024-07-31T18:57:58.771+0000] {dag.py:3089} INFO - Sync 1 DAGs
[2024-07-31T18:57:58.791+0000] {logging_mixin.py:188} INFO - [2024-07-31T18:57:58.791+0000] {dag.py:3947} INFO - Setting next_dagrun for tutorial to 2024-07-30 00:00:00+00:00, run_after=2024-07-31 00:00:00+00:00
[2024-07-31T18:57:58.815+0000] {processor.py:183} INFO - Processing /home/ubuntu/airflow-venv/lib/python3.12/site-packages/airflow/example_dags/tutorial.py took 0.075 seconds
[2024-07-31T18:58:44.719+0000] {processor.py:161} INFO - Started process (PID=5149) to work on /home/ubuntu/airflow-venv/lib/python3.12/site-packages/airflow/example_dags/tutorial.py
[2024-07-31T18:58:44.720+0000] {processor.py:830} INFO - Processing file /home/ubuntu/airflow-venv/lib/python3.12/site-packages/airflow/example_dags/tutorial.py for tasks to queue
[2024-07-31T18:58:44.721+0000] {logging_mixin.py:188} INFO - [2024-07-31T18:58:44.721+0000] {dagbag.py:545} INFO - Filling up the DagBag from /home/ubuntu/airflow-venv/lib/python3.12/site-packages/airflow/example_dags/tutorial.py
[2024-07-31T18:58:44.728+0000] {processor.py:840} INFO - DAG(s) 'tutorial' retrieved from /home/ubuntu/airflow-venv/lib/python3.12/site-packages/airflow/example_dags/tutorial.py
[2024-07-31T18:58:44.743+0000] {logging_mixin.py:188} INFO - [2024-07-31T18:58:44.743+0000] {dag.py:3089} INFO - Sync 1 DAGs
[2024-07-31T18:58:44.763+0000] {logging_mixin.py:188} INFO - [2024-07-31T18:58:44.763+0000] {dag.py:3947} INFO - Setting next_dagrun for tutorial to 2024-07-30 00:00:00+00:00, run_after=2024-07-31 00:00:00+00:00
[2024-07-31T18:58:44.785+0000] {processor.py:183} INFO - Processing /home/ubuntu/airflow-venv/lib/python3.12/site-packages/airflow/example_dags/tutorial.py took 0.072 seconds
[2024-07-31T18:59:25.926+0000] {processor.py:161} INFO - Started process (PID=5194) to work on /home/ubuntu/airflow-venv/lib/python3.12/site-packages/airflow/example_dags/tutorial.py
[2024-07-31T18:59:25.927+0000] {processor.py:830} INFO - Processing file /home/ubuntu/airflow-venv/lib/python3.12/site-packages/airflow/example_dags/tutorial.py for tasks to queue
[2024-07-31T18:59:25.928+0000] {logging_mixin.py:188} INFO - [2024-07-31T18:59:25.928+0000] {dagbag.py:545} INFO - Filling up the DagBag from /home/ubuntu/airflow-venv/lib/python3.12/site-packages/airflow/example_dags/tutorial.py
[2024-07-31T18:59:25.935+0000] {processor.py:840} INFO - DAG(s) 'tutorial' retrieved from /home/ubuntu/airflow-venv/lib/python3.12/site-packages/airflow/example_dags/tutorial.py
[2024-07-31T18:59:25.951+0000] {logging_mixin.py:188} INFO - [2024-07-31T18:59:25.951+0000] {dag.py:3089} INFO - Sync 1 DAGs
[2024-07-31T18:59:25.970+0000] {logging_mixin.py:188} INFO - [2024-07-31T18:59:25.970+0000] {dag.py:3947} INFO - Setting next_dagrun for tutorial to 2024-07-30 00:00:00+00:00, run_after=2024-07-31 00:00:00+00:00
[2024-07-31T18:59:25.994+0000] {processor.py:183} INFO - Processing /home/ubuntu/airflow-venv/lib/python3.12/site-packages/airflow/example_dags/tutorial.py took 0.074 seconds
[2024-07-31T19:00:08.435+0000] {processor.py:161} INFO - Started process (PID=5238) to work on /home/ubuntu/airflow-venv/lib/python3.12/site-packages/airflow/example_dags/tutorial.py
[2024-07-31T19:00:08.436+0000] {processor.py:830} INFO - Processing file /home/ubuntu/airflow-venv/lib/python3.12/site-packages/airflow/example_dags/tutorial.py for tasks to queue
[2024-07-31T19:00:08.437+0000] {logging_mixin.py:188} INFO - [2024-07-31T19:00:08.437+0000] {dagbag.py:545} INFO - Filling up the DagBag from /home/ubuntu/airflow-venv/lib/python3.12/site-packages/airflow/example_dags/tutorial.py
[2024-07-31T19:00:08.444+0000] {processor.py:840} INFO - DAG(s) 'tutorial' retrieved from /home/ubuntu/airflow-venv/lib/python3.12/site-packages/airflow/example_dags/tutorial.py
[2024-07-31T19:00:08.460+0000] {logging_mixin.py:188} INFO - [2024-07-31T19:00:08.460+0000] {dag.py:3089} INFO - Sync 1 DAGs
[2024-07-31T19:00:08.480+0000] {logging_mixin.py:188} INFO - [2024-07-31T19:00:08.480+0000] {dag.py:3947} INFO - Setting next_dagrun for tutorial to 2024-07-30 00:00:00+00:00, run_after=2024-07-31 00:00:00+00:00
[2024-07-31T19:00:08.503+0000] {processor.py:183} INFO - Processing /home/ubuntu/airflow-venv/lib/python3.12/site-packages/airflow/example_dags/tutorial.py took 0.074 seconds
[2024-07-31T19:00:53.703+0000] {processor.py:161} INFO - Started process (PID=5289) to work on /home/ubuntu/airflow-venv/lib/python3.12/site-packages/airflow/example_dags/tutorial.py
[2024-07-31T19:00:53.704+0000] {processor.py:830} INFO - Processing file /home/ubuntu/airflow-venv/lib/python3.12/site-packages/airflow/example_dags/tutorial.py for tasks to queue
[2024-07-31T19:00:53.705+0000] {logging_mixin.py:188} INFO - [2024-07-31T19:00:53.705+0000] {dagbag.py:545} INFO - Filling up the DagBag from /home/ubuntu/airflow-venv/lib/python3.12/site-packages/airflow/example_dags/tutorial.py
[2024-07-31T19:00:53.712+0000] {processor.py:840} INFO - DAG(s) 'tutorial' retrieved from /home/ubuntu/airflow-venv/lib/python3.12/site-packages/airflow/example_dags/tutorial.py
[2024-07-31T19:00:53.729+0000] {logging_mixin.py:188} INFO - [2024-07-31T19:00:53.728+0000] {dag.py:3089} INFO - Sync 1 DAGs
[2024-07-31T19:00:53.749+0000] {logging_mixin.py:188} INFO - [2024-07-31T19:00:53.749+0000] {dag.py:3947} INFO - Setting next_dagrun for tutorial to 2024-07-30 00:00:00+00:00, run_after=2024-07-31 00:00:00+00:00
[2024-07-31T19:00:53.774+0000] {processor.py:183} INFO - Processing /home/ubuntu/airflow-venv/lib/python3.12/site-packages/airflow/example_dags/tutorial.py took 0.077 seconds
[2024-07-31T19:01:37.655+0000] {processor.py:161} INFO - Started process (PID=5333) to work on /home/ubuntu/airflow-venv/lib/python3.12/site-packages/airflow/example_dags/tutorial.py
[2024-07-31T19:01:37.656+0000] {processor.py:830} INFO - Processing file /home/ubuntu/airflow-venv/lib/python3.12/site-packages/airflow/example_dags/tutorial.py for tasks to queue
[2024-07-31T19:01:37.657+0000] {logging_mixin.py:188} INFO - [2024-07-31T19:01:37.656+0000] {dagbag.py:545} INFO - Filling up the DagBag from /home/ubuntu/airflow-venv/lib/python3.12/site-packages/airflow/example_dags/tutorial.py
[2024-07-31T19:01:37.663+0000] {processor.py:840} INFO - DAG(s) 'tutorial' retrieved from /home/ubuntu/airflow-venv/lib/python3.12/site-packages/airflow/example_dags/tutorial.py
[2024-07-31T19:01:37.679+0000] {logging_mixin.py:188} INFO - [2024-07-31T19:01:37.679+0000] {dag.py:3089} INFO - Sync 1 DAGs
[2024-07-31T19:01:37.699+0000] {logging_mixin.py:188} INFO - [2024-07-31T19:01:37.698+0000] {dag.py:3947} INFO - Setting next_dagrun for tutorial to 2024-07-30 00:00:00+00:00, run_after=2024-07-31 00:00:00+00:00
[2024-07-31T19:01:37.722+0000] {processor.py:183} INFO - Processing /home/ubuntu/airflow-venv/lib/python3.12/site-packages/airflow/example_dags/tutorial.py took 0.073 seconds
[2024-07-31T19:02:24.040+0000] {processor.py:161} INFO - Started process (PID=5380) to work on /home/ubuntu/airflow-venv/lib/python3.12/site-packages/airflow/example_dags/tutorial.py
[2024-07-31T19:02:24.041+0000] {processor.py:830} INFO - Processing file /home/ubuntu/airflow-venv/lib/python3.12/site-packages/airflow/example_dags/tutorial.py for tasks to queue
[2024-07-31T19:02:24.042+0000] {logging_mixin.py:188} INFO - [2024-07-31T19:02:24.042+0000] {dagbag.py:545} INFO - Filling up the DagBag from /home/ubuntu/airflow-venv/lib/python3.12/site-packages/airflow/example_dags/tutorial.py
[2024-07-31T19:02:24.049+0000] {processor.py:840} INFO - DAG(s) 'tutorial' retrieved from /home/ubuntu/airflow-venv/lib/python3.12/site-packages/airflow/example_dags/tutorial.py
[2024-07-31T19:02:24.065+0000] {logging_mixin.py:188} INFO - [2024-07-31T19:02:24.065+0000] {dag.py:3089} INFO - Sync 1 DAGs
[2024-07-31T19:02:24.086+0000] {logging_mixin.py:188} INFO - [2024-07-31T19:02:24.086+0000] {dag.py:3947} INFO - Setting next_dagrun for tutorial to 2024-07-30 00:00:00+00:00, run_after=2024-07-31 00:00:00+00:00
[2024-07-31T19:02:24.112+0000] {processor.py:183} INFO - Processing /home/ubuntu/airflow-venv/lib/python3.12/site-packages/airflow/example_dags/tutorial.py took 0.078 seconds
[2024-07-31T19:03:08.416+0000] {processor.py:161} INFO - Started process (PID=5427) to work on /home/ubuntu/airflow-venv/lib/python3.12/site-packages/airflow/example_dags/tutorial.py
[2024-07-31T19:03:08.417+0000] {processor.py:830} INFO - Processing file /home/ubuntu/airflow-venv/lib/python3.12/site-packages/airflow/example_dags/tutorial.py for tasks to queue
[2024-07-31T19:03:08.418+0000] {logging_mixin.py:188} INFO - [2024-07-31T19:03:08.417+0000] {dagbag.py:545} INFO - Filling up the DagBag from /home/ubuntu/airflow-venv/lib/python3.12/site-packages/airflow/example_dags/tutorial.py
[2024-07-31T19:03:08.425+0000] {processor.py:840} INFO - DAG(s) 'tutorial' retrieved from /home/ubuntu/airflow-venv/lib/python3.12/site-packages/airflow/example_dags/tutorial.py
[2024-07-31T19:03:08.441+0000] {logging_mixin.py:188} INFO - [2024-07-31T19:03:08.441+0000] {dag.py:3089} INFO - Sync 1 DAGs
[2024-07-31T19:03:08.461+0000] {logging_mixin.py:188} INFO - [2024-07-31T19:03:08.461+0000] {dag.py:3947} INFO - Setting next_dagrun for tutorial to 2024-07-30 00:00:00+00:00, run_after=2024-07-31 00:00:00+00:00
[2024-07-31T19:03:08.485+0000] {processor.py:183} INFO - Processing /home/ubuntu/airflow-venv/lib/python3.12/site-packages/airflow/example_dags/tutorial.py took 0.075 seconds
[2024-07-31T19:03:54.636+0000] {processor.py:161} INFO - Started process (PID=5474) to work on /home/ubuntu/airflow-venv/lib/python3.12/site-packages/airflow/example_dags/tutorial.py
[2024-07-31T19:03:54.637+0000] {processor.py:830} INFO - Processing file /home/ubuntu/airflow-venv/lib/python3.12/site-packages/airflow/example_dags/tutorial.py for tasks to queue
[2024-07-31T19:03:54.638+0000] {logging_mixin.py:188} INFO - [2024-07-31T19:03:54.638+0000] {dagbag.py:545} INFO - Filling up the DagBag from /home/ubuntu/airflow-venv/lib/python3.12/site-packages/airflow/example_dags/tutorial.py
[2024-07-31T19:03:54.645+0000] {processor.py:840} INFO - DAG(s) 'tutorial' retrieved from /home/ubuntu/airflow-venv/lib/python3.12/site-packages/airflow/example_dags/tutorial.py
[2024-07-31T19:03:54.661+0000] {logging_mixin.py:188} INFO - [2024-07-31T19:03:54.660+0000] {dag.py:3089} INFO - Sync 1 DAGs
[2024-07-31T19:03:54.790+0000] {logging_mixin.py:188} INFO - [2024-07-31T19:03:54.790+0000] {dag.py:3947} INFO - Setting next_dagrun for tutorial to 2024-07-30 00:00:00+00:00, run_after=2024-07-31 00:00:00+00:00
[2024-07-31T19:03:54.811+0000] {processor.py:183} INFO - Processing /home/ubuntu/airflow-venv/lib/python3.12/site-packages/airflow/example_dags/tutorial.py took 0.181 seconds
[2024-07-31T19:18:42.035+0000] {processor.py:161} INFO - Started process (PID=5602) to work on /home/ubuntu/airflow-venv/lib/python3.12/site-packages/airflow/example_dags/tutorial.py
[2024-07-31T19:18:42.037+0000] {processor.py:830} INFO - Processing file /home/ubuntu/airflow-venv/lib/python3.12/site-packages/airflow/example_dags/tutorial.py for tasks to queue
[2024-07-31T19:18:42.039+0000] {logging_mixin.py:188} INFO - [2024-07-31T19:18:42.038+0000] {dagbag.py:545} INFO - Filling up the DagBag from /home/ubuntu/airflow-venv/lib/python3.12/site-packages/airflow/example_dags/tutorial.py
[2024-07-31T19:18:42.047+0000] {processor.py:840} INFO - DAG(s) 'tutorial' retrieved from /home/ubuntu/airflow-venv/lib/python3.12/site-packages/airflow/example_dags/tutorial.py
[2024-07-31T19:18:42.056+0000] {logging_mixin.py:188} INFO - [2024-07-31T19:18:42.055+0000] {dag.py:3089} INFO - Sync 1 DAGs
[2024-07-31T19:18:42.078+0000] {logging_mixin.py:188} INFO - [2024-07-31T19:18:42.078+0000] {dag.py:3947} INFO - Setting next_dagrun for tutorial to 2024-07-30 00:00:00+00:00, run_after=2024-07-31 00:00:00+00:00
[2024-07-31T19:18:42.115+0000] {processor.py:183} INFO - Processing /home/ubuntu/airflow-venv/lib/python3.12/site-packages/airflow/example_dags/tutorial.py took 0.086 seconds
[2024-07-31T19:19:45.350+0000] {processor.py:161} INFO - Started process (PID=5661) to work on /home/ubuntu/airflow-venv/lib/python3.12/site-packages/airflow/example_dags/tutorial.py
[2024-07-31T19:19:45.351+0000] {processor.py:830} INFO - Processing file /home/ubuntu/airflow-venv/lib/python3.12/site-packages/airflow/example_dags/tutorial.py for tasks to queue
[2024-07-31T19:19:45.353+0000] {logging_mixin.py:188} INFO - [2024-07-31T19:19:45.353+0000] {dagbag.py:545} INFO - Filling up the DagBag from /home/ubuntu/airflow-venv/lib/python3.12/site-packages/airflow/example_dags/tutorial.py
[2024-07-31T19:19:45.359+0000] {processor.py:840} INFO - DAG(s) 'tutorial' retrieved from /home/ubuntu/airflow-venv/lib/python3.12/site-packages/airflow/example_dags/tutorial.py
[2024-07-31T19:19:45.459+0000] {logging_mixin.py:188} INFO - [2024-07-31T19:19:45.459+0000] {dag.py:3089} INFO - Sync 1 DAGs
[2024-07-31T19:19:45.476+0000] {logging_mixin.py:188} INFO - [2024-07-31T19:19:45.476+0000] {dag.py:3947} INFO - Setting next_dagrun for tutorial to 2024-07-30 00:00:00+00:00, run_after=2024-07-31 00:00:00+00:00
[2024-07-31T19:19:45.499+0000] {processor.py:183} INFO - Processing /home/ubuntu/airflow-venv/lib/python3.12/site-packages/airflow/example_dags/tutorial.py took 0.155 seconds
[2024-07-31T19:20:40.988+0000] {processor.py:161} INFO - Started process (PID=5718) to work on /home/ubuntu/airflow-venv/lib/python3.12/site-packages/airflow/example_dags/tutorial.py
[2024-07-31T19:20:40.989+0000] {processor.py:830} INFO - Processing file /home/ubuntu/airflow-venv/lib/python3.12/site-packages/airflow/example_dags/tutorial.py for tasks to queue
[2024-07-31T19:20:40.991+0000] {logging_mixin.py:188} INFO - [2024-07-31T19:20:40.990+0000] {dagbag.py:545} INFO - Filling up the DagBag from /home/ubuntu/airflow-venv/lib/python3.12/site-packages/airflow/example_dags/tutorial.py
[2024-07-31T19:20:40.997+0000] {processor.py:840} INFO - DAG(s) 'tutorial' retrieved from /home/ubuntu/airflow-venv/lib/python3.12/site-packages/airflow/example_dags/tutorial.py
[2024-07-31T19:20:41.014+0000] {logging_mixin.py:188} INFO - [2024-07-31T19:20:41.013+0000] {dag.py:3089} INFO - Sync 1 DAGs
[2024-07-31T19:20:41.037+0000] {logging_mixin.py:188} INFO - [2024-07-31T19:20:41.036+0000] {dag.py:3947} INFO - Setting next_dagrun for tutorial to 2024-07-30 00:00:00+00:00, run_after=2024-07-31 00:00:00+00:00
[2024-07-31T19:20:41.061+0000] {processor.py:183} INFO - Processing /home/ubuntu/airflow-venv/lib/python3.12/site-packages/airflow/example_dags/tutorial.py took 0.079 seconds
[2024-07-31T19:21:29.325+0000] {processor.py:161} INFO - Started process (PID=5767) to work on /home/ubuntu/airflow-venv/lib/python3.12/site-packages/airflow/example_dags/tutorial.py
[2024-07-31T19:21:29.327+0000] {processor.py:830} INFO - Processing file /home/ubuntu/airflow-venv/lib/python3.12/site-packages/airflow/example_dags/tutorial.py for tasks to queue
[2024-07-31T19:21:29.328+0000] {logging_mixin.py:188} INFO - [2024-07-31T19:21:29.328+0000] {dagbag.py:545} INFO - Filling up the DagBag from /home/ubuntu/airflow-venv/lib/python3.12/site-packages/airflow/example_dags/tutorial.py
[2024-07-31T19:21:29.335+0000] {processor.py:840} INFO - DAG(s) 'tutorial' retrieved from /home/ubuntu/airflow-venv/lib/python3.12/site-packages/airflow/example_dags/tutorial.py
[2024-07-31T19:21:29.351+0000] {logging_mixin.py:188} INFO - [2024-07-31T19:21:29.351+0000] {dag.py:3089} INFO - Sync 1 DAGs
[2024-07-31T19:21:29.371+0000] {logging_mixin.py:188} INFO - [2024-07-31T19:21:29.371+0000] {dag.py:3947} INFO - Setting next_dagrun for tutorial to 2024-07-30 00:00:00+00:00, run_after=2024-07-31 00:00:00+00:00
[2024-07-31T19:21:29.395+0000] {processor.py:183} INFO - Processing /home/ubuntu/airflow-venv/lib/python3.12/site-packages/airflow/example_dags/tutorial.py took 0.075 seconds
[2024-07-31T19:22:18.053+0000] {processor.py:161} INFO - Started process (PID=5816) to work on /home/ubuntu/airflow-venv/lib/python3.12/site-packages/airflow/example_dags/tutorial.py
[2024-07-31T19:22:18.054+0000] {processor.py:830} INFO - Processing file /home/ubuntu/airflow-venv/lib/python3.12/site-packages/airflow/example_dags/tutorial.py for tasks to queue
[2024-07-31T19:22:18.056+0000] {logging_mixin.py:188} INFO - [2024-07-31T19:22:18.056+0000] {dagbag.py:545} INFO - Filling up the DagBag from /home/ubuntu/airflow-venv/lib/python3.12/site-packages/airflow/example_dags/tutorial.py
[2024-07-31T19:22:18.062+0000] {processor.py:840} INFO - DAG(s) 'tutorial' retrieved from /home/ubuntu/airflow-venv/lib/python3.12/site-packages/airflow/example_dags/tutorial.py
[2024-07-31T19:22:18.078+0000] {logging_mixin.py:188} INFO - [2024-07-31T19:22:18.078+0000] {dag.py:3089} INFO - Sync 1 DAGs
[2024-07-31T19:22:18.097+0000] {logging_mixin.py:188} INFO - [2024-07-31T19:22:18.097+0000] {dag.py:3947} INFO - Setting next_dagrun for tutorial to 2024-07-30 00:00:00+00:00, run_after=2024-07-31 00:00:00+00:00
[2024-07-31T19:22:18.121+0000] {processor.py:183} INFO - Processing /home/ubuntu/airflow-venv/lib/python3.12/site-packages/airflow/example_dags/tutorial.py took 0.073 seconds
[2024-07-31T19:23:05.951+0000] {processor.py:161} INFO - Started process (PID=5866) to work on /home/ubuntu/airflow-venv/lib/python3.12/site-packages/airflow/example_dags/tutorial.py
[2024-07-31T19:23:05.952+0000] {processor.py:830} INFO - Processing file /home/ubuntu/airflow-venv/lib/python3.12/site-packages/airflow/example_dags/tutorial.py for tasks to queue
[2024-07-31T19:23:05.953+0000] {logging_mixin.py:188} INFO - [2024-07-31T19:23:05.953+0000] {dagbag.py:545} INFO - Filling up the DagBag from /home/ubuntu/airflow-venv/lib/python3.12/site-packages/airflow/example_dags/tutorial.py
[2024-07-31T19:23:05.960+0000] {processor.py:840} INFO - DAG(s) 'tutorial' retrieved from /home/ubuntu/airflow-venv/lib/python3.12/site-packages/airflow/example_dags/tutorial.py
[2024-07-31T19:23:05.977+0000] {logging_mixin.py:188} INFO - [2024-07-31T19:23:05.976+0000] {dag.py:3089} INFO - Sync 1 DAGs
[2024-07-31T19:23:05.996+0000] {logging_mixin.py:188} INFO - [2024-07-31T19:23:05.996+0000] {dag.py:3947} INFO - Setting next_dagrun for tutorial to 2024-07-30 00:00:00+00:00, run_after=2024-07-31 00:00:00+00:00
[2024-07-31T19:23:06.021+0000] {processor.py:183} INFO - Processing /home/ubuntu/airflow-venv/lib/python3.12/site-packages/airflow/example_dags/tutorial.py took 0.076 seconds
[2024-07-31T19:23:54.336+0000] {processor.py:161} INFO - Started process (PID=5920) to work on /home/ubuntu/airflow-venv/lib/python3.12/site-packages/airflow/example_dags/tutorial.py
[2024-07-31T19:23:54.337+0000] {processor.py:830} INFO - Processing file /home/ubuntu/airflow-venv/lib/python3.12/site-packages/airflow/example_dags/tutorial.py for tasks to queue
[2024-07-31T19:23:54.338+0000] {logging_mixin.py:188} INFO - [2024-07-31T19:23:54.338+0000] {dagbag.py:545} INFO - Filling up the DagBag from /home/ubuntu/airflow-venv/lib/python3.12/site-packages/airflow/example_dags/tutorial.py
[2024-07-31T19:23:54.345+0000] {processor.py:840} INFO - DAG(s) 'tutorial' retrieved from /home/ubuntu/airflow-venv/lib/python3.12/site-packages/airflow/example_dags/tutorial.py
[2024-07-31T19:23:54.362+0000] {logging_mixin.py:188} INFO - [2024-07-31T19:23:54.362+0000] {dag.py:3089} INFO - Sync 1 DAGs
[2024-07-31T19:23:54.383+0000] {logging_mixin.py:188} INFO - [2024-07-31T19:23:54.382+0000] {dag.py:3947} INFO - Setting next_dagrun for tutorial to 2024-07-30 00:00:00+00:00, run_after=2024-07-31 00:00:00+00:00
[2024-07-31T19:23:54.413+0000] {processor.py:183} INFO - Processing /home/ubuntu/airflow-venv/lib/python3.12/site-packages/airflow/example_dags/tutorial.py took 0.083 seconds
[2024-07-31T19:24:41.587+0000] {processor.py:161} INFO - Started process (PID=5972) to work on /home/ubuntu/airflow-venv/lib/python3.12/site-packages/airflow/example_dags/tutorial.py
[2024-07-31T19:24:41.588+0000] {processor.py:830} INFO - Processing file /home/ubuntu/airflow-venv/lib/python3.12/site-packages/airflow/example_dags/tutorial.py for tasks to queue
[2024-07-31T19:24:41.589+0000] {logging_mixin.py:188} INFO - [2024-07-31T19:24:41.589+0000] {dagbag.py:545} INFO - Filling up the DagBag from /home/ubuntu/airflow-venv/lib/python3.12/site-packages/airflow/example_dags/tutorial.py
[2024-07-31T19:24:41.604+0000] {processor.py:840} INFO - DAG(s) 'tutorial' retrieved from /home/ubuntu/airflow-venv/lib/python3.12/site-packages/airflow/example_dags/tutorial.py
[2024-07-31T19:24:41.629+0000] {logging_mixin.py:188} INFO - [2024-07-31T19:24:41.629+0000] {dag.py:3089} INFO - Sync 1 DAGs
[2024-07-31T19:24:41.659+0000] {logging_mixin.py:188} INFO - [2024-07-31T19:24:41.658+0000] {dag.py:3947} INFO - Setting next_dagrun for tutorial to 2024-07-30 00:00:00+00:00, run_after=2024-07-31 00:00:00+00:00
[2024-07-31T19:24:41.691+0000] {processor.py:183} INFO - Processing /home/ubuntu/airflow-venv/lib/python3.12/site-packages/airflow/example_dags/tutorial.py took 0.118 seconds
[2024-07-31T19:25:24.294+0000] {processor.py:161} INFO - Started process (PID=6018) to work on /home/ubuntu/airflow-venv/lib/python3.12/site-packages/airflow/example_dags/tutorial.py
[2024-07-31T19:25:24.296+0000] {processor.py:830} INFO - Processing file /home/ubuntu/airflow-venv/lib/python3.12/site-packages/airflow/example_dags/tutorial.py for tasks to queue
[2024-07-31T19:25:24.296+0000] {logging_mixin.py:188} INFO - [2024-07-31T19:25:24.296+0000] {dagbag.py:545} INFO - Filling up the DagBag from /home/ubuntu/airflow-venv/lib/python3.12/site-packages/airflow/example_dags/tutorial.py
[2024-07-31T19:25:24.303+0000] {processor.py:840} INFO - DAG(s) 'tutorial' retrieved from /home/ubuntu/airflow-venv/lib/python3.12/site-packages/airflow/example_dags/tutorial.py
[2024-07-31T19:25:24.320+0000] {logging_mixin.py:188} INFO - [2024-07-31T19:25:24.320+0000] {dag.py:3089} INFO - Sync 1 DAGs
[2024-07-31T19:25:24.341+0000] {logging_mixin.py:188} INFO - [2024-07-31T19:25:24.341+0000] {dag.py:3947} INFO - Setting next_dagrun for tutorial to 2024-07-30 00:00:00+00:00, run_after=2024-07-31 00:00:00+00:00
[2024-07-31T19:25:24.381+0000] {processor.py:183} INFO - Processing /home/ubuntu/airflow-venv/lib/python3.12/site-packages/airflow/example_dags/tutorial.py took 0.093 seconds
[2024-07-31T19:26:12.413+0000] {processor.py:161} INFO - Started process (PID=6070) to work on /home/ubuntu/airflow-venv/lib/python3.12/site-packages/airflow/example_dags/tutorial.py
[2024-07-31T19:26:12.415+0000] {processor.py:830} INFO - Processing file /home/ubuntu/airflow-venv/lib/python3.12/site-packages/airflow/example_dags/tutorial.py for tasks to queue
[2024-07-31T19:26:12.415+0000] {logging_mixin.py:188} INFO - [2024-07-31T19:26:12.415+0000] {dagbag.py:545} INFO - Filling up the DagBag from /home/ubuntu/airflow-venv/lib/python3.12/site-packages/airflow/example_dags/tutorial.py
[2024-07-31T19:26:12.422+0000] {processor.py:840} INFO - DAG(s) 'tutorial' retrieved from /home/ubuntu/airflow-venv/lib/python3.12/site-packages/airflow/example_dags/tutorial.py
[2024-07-31T19:26:12.438+0000] {logging_mixin.py:188} INFO - [2024-07-31T19:26:12.438+0000] {dag.py:3089} INFO - Sync 1 DAGs
[2024-07-31T19:26:12.458+0000] {logging_mixin.py:188} INFO - [2024-07-31T19:26:12.457+0000] {dag.py:3947} INFO - Setting next_dagrun for tutorial to 2024-07-30 00:00:00+00:00, run_after=2024-07-31 00:00:00+00:00
[2024-07-31T19:26:12.480+0000] {processor.py:183} INFO - Processing /home/ubuntu/airflow-venv/lib/python3.12/site-packages/airflow/example_dags/tutorial.py took 0.073 seconds
[2024-07-31T19:27:05.846+0000] {processor.py:161} INFO - Started process (PID=6128) to work on /home/ubuntu/airflow-venv/lib/python3.12/site-packages/airflow/example_dags/tutorial.py
[2024-07-31T19:27:05.848+0000] {processor.py:830} INFO - Processing file /home/ubuntu/airflow-venv/lib/python3.12/site-packages/airflow/example_dags/tutorial.py for tasks to queue
[2024-07-31T19:27:05.849+0000] {logging_mixin.py:188} INFO - [2024-07-31T19:27:05.848+0000] {dagbag.py:545} INFO - Filling up the DagBag from /home/ubuntu/airflow-venv/lib/python3.12/site-packages/airflow/example_dags/tutorial.py
[2024-07-31T19:27:05.855+0000] {processor.py:840} INFO - DAG(s) 'tutorial' retrieved from /home/ubuntu/airflow-venv/lib/python3.12/site-packages/airflow/example_dags/tutorial.py
[2024-07-31T19:27:05.872+0000] {logging_mixin.py:188} INFO - [2024-07-31T19:27:05.871+0000] {dag.py:3089} INFO - Sync 1 DAGs
[2024-07-31T19:27:05.892+0000] {logging_mixin.py:188} INFO - [2024-07-31T19:27:05.891+0000] {dag.py:3947} INFO - Setting next_dagrun for tutorial to 2024-07-30 00:00:00+00:00, run_after=2024-07-31 00:00:00+00:00
[2024-07-31T19:27:05.916+0000] {processor.py:183} INFO - Processing /home/ubuntu/airflow-venv/lib/python3.12/site-packages/airflow/example_dags/tutorial.py took 0.075 seconds
[2024-07-31T19:28:06.495+0000] {processor.py:161} INFO - Started process (PID=6191) to work on /home/ubuntu/airflow-venv/lib/python3.12/site-packages/airflow/example_dags/tutorial.py
[2024-07-31T19:28:06.500+0000] {processor.py:830} INFO - Processing file /home/ubuntu/airflow-venv/lib/python3.12/site-packages/airflow/example_dags/tutorial.py for tasks to queue
[2024-07-31T19:28:06.500+0000] {logging_mixin.py:188} INFO - [2024-07-31T19:28:06.500+0000] {dagbag.py:545} INFO - Filling up the DagBag from /home/ubuntu/airflow-venv/lib/python3.12/site-packages/airflow/example_dags/tutorial.py
[2024-07-31T19:28:06.507+0000] {processor.py:840} INFO - DAG(s) 'tutorial' retrieved from /home/ubuntu/airflow-venv/lib/python3.12/site-packages/airflow/example_dags/tutorial.py
[2024-07-31T19:28:06.523+0000] {logging_mixin.py:188} INFO - [2024-07-31T19:28:06.523+0000] {dag.py:3089} INFO - Sync 1 DAGs
[2024-07-31T19:28:06.544+0000] {logging_mixin.py:188} INFO - [2024-07-31T19:28:06.543+0000] {dag.py:3947} INFO - Setting next_dagrun for tutorial to 2024-07-30 00:00:00+00:00, run_after=2024-07-31 00:00:00+00:00
[2024-07-31T19:28:06.566+0000] {processor.py:183} INFO - Processing /home/ubuntu/airflow-venv/lib/python3.12/site-packages/airflow/example_dags/tutorial.py took 0.076 seconds
[2024-07-31T19:28:59.601+0000] {processor.py:161} INFO - Started process (PID=6245) to work on /home/ubuntu/airflow-venv/lib/python3.12/site-packages/airflow/example_dags/tutorial.py
[2024-07-31T19:28:59.602+0000] {processor.py:830} INFO - Processing file /home/ubuntu/airflow-venv/lib/python3.12/site-packages/airflow/example_dags/tutorial.py for tasks to queue
[2024-07-31T19:28:59.603+0000] {logging_mixin.py:188} INFO - [2024-07-31T19:28:59.603+0000] {dagbag.py:545} INFO - Filling up the DagBag from /home/ubuntu/airflow-venv/lib/python3.12/site-packages/airflow/example_dags/tutorial.py
[2024-07-31T19:28:59.610+0000] {processor.py:840} INFO - DAG(s) 'tutorial' retrieved from /home/ubuntu/airflow-venv/lib/python3.12/site-packages/airflow/example_dags/tutorial.py
[2024-07-31T19:28:59.626+0000] {logging_mixin.py:188} INFO - [2024-07-31T19:28:59.626+0000] {dag.py:3089} INFO - Sync 1 DAGs
[2024-07-31T19:28:59.646+0000] {logging_mixin.py:188} INFO - [2024-07-31T19:28:59.646+0000] {dag.py:3947} INFO - Setting next_dagrun for tutorial to 2024-07-30 00:00:00+00:00, run_after=2024-07-31 00:00:00+00:00
[2024-07-31T19:28:59.669+0000] {processor.py:183} INFO - Processing /home/ubuntu/airflow-venv/lib/python3.12/site-packages/airflow/example_dags/tutorial.py took 0.074 seconds
[2024-07-31T19:29:44.196+0000] {processor.py:161} INFO - Started process (PID=6294) to work on /home/ubuntu/airflow-venv/lib/python3.12/site-packages/airflow/example_dags/tutorial.py
[2024-07-31T19:29:44.198+0000] {processor.py:830} INFO - Processing file /home/ubuntu/airflow-venv/lib/python3.12/site-packages/airflow/example_dags/tutorial.py for tasks to queue
[2024-07-31T19:29:44.198+0000] {logging_mixin.py:188} INFO - [2024-07-31T19:29:44.198+0000] {dagbag.py:545} INFO - Filling up the DagBag from /home/ubuntu/airflow-venv/lib/python3.12/site-packages/airflow/example_dags/tutorial.py
[2024-07-31T19:29:44.205+0000] {processor.py:840} INFO - DAG(s) 'tutorial' retrieved from /home/ubuntu/airflow-venv/lib/python3.12/site-packages/airflow/example_dags/tutorial.py
[2024-07-31T19:29:44.222+0000] {logging_mixin.py:188} INFO - [2024-07-31T19:29:44.221+0000] {dag.py:3089} INFO - Sync 1 DAGs
[2024-07-31T19:29:44.243+0000] {logging_mixin.py:188} INFO - [2024-07-31T19:29:44.242+0000] {dag.py:3947} INFO - Setting next_dagrun for tutorial to 2024-07-30 00:00:00+00:00, run_after=2024-07-31 00:00:00+00:00
[2024-07-31T19:29:44.267+0000] {processor.py:183} INFO - Processing /home/ubuntu/airflow-venv/lib/python3.12/site-packages/airflow/example_dags/tutorial.py took 0.076 seconds
[2024-07-31T19:30:28.669+0000] {processor.py:161} INFO - Started process (PID=6345) to work on /home/ubuntu/airflow-venv/lib/python3.12/site-packages/airflow/example_dags/tutorial.py
[2024-07-31T19:30:28.671+0000] {processor.py:830} INFO - Processing file /home/ubuntu/airflow-venv/lib/python3.12/site-packages/airflow/example_dags/tutorial.py for tasks to queue
[2024-07-31T19:30:28.672+0000] {logging_mixin.py:188} INFO - [2024-07-31T19:30:28.671+0000] {dagbag.py:545} INFO - Filling up the DagBag from /home/ubuntu/airflow-venv/lib/python3.12/site-packages/airflow/example_dags/tutorial.py
[2024-07-31T19:30:28.679+0000] {processor.py:840} INFO - DAG(s) 'tutorial' retrieved from /home/ubuntu/airflow-venv/lib/python3.12/site-packages/airflow/example_dags/tutorial.py
[2024-07-31T19:30:28.695+0000] {logging_mixin.py:188} INFO - [2024-07-31T19:30:28.695+0000] {dag.py:3089} INFO - Sync 1 DAGs
[2024-07-31T19:30:28.715+0000] {logging_mixin.py:188} INFO - [2024-07-31T19:30:28.715+0000] {dag.py:3947} INFO - Setting next_dagrun for tutorial to 2024-07-30 00:00:00+00:00, run_after=2024-07-31 00:00:00+00:00
[2024-07-31T19:30:28.739+0000] {processor.py:183} INFO - Processing /home/ubuntu/airflow-venv/lib/python3.12/site-packages/airflow/example_dags/tutorial.py took 0.076 seconds
[2024-07-31T19:31:15.449+0000] {processor.py:161} INFO - Started process (PID=6394) to work on /home/ubuntu/airflow-venv/lib/python3.12/site-packages/airflow/example_dags/tutorial.py
[2024-07-31T19:31:15.451+0000] {processor.py:830} INFO - Processing file /home/ubuntu/airflow-venv/lib/python3.12/site-packages/airflow/example_dags/tutorial.py for tasks to queue
[2024-07-31T19:31:15.452+0000] {logging_mixin.py:188} INFO - [2024-07-31T19:31:15.451+0000] {dagbag.py:545} INFO - Filling up the DagBag from /home/ubuntu/airflow-venv/lib/python3.12/site-packages/airflow/example_dags/tutorial.py
[2024-07-31T19:31:15.458+0000] {processor.py:840} INFO - DAG(s) 'tutorial' retrieved from /home/ubuntu/airflow-venv/lib/python3.12/site-packages/airflow/example_dags/tutorial.py
[2024-07-31T19:31:15.475+0000] {logging_mixin.py:188} INFO - [2024-07-31T19:31:15.475+0000] {dag.py:3089} INFO - Sync 1 DAGs
[2024-07-31T19:31:15.495+0000] {logging_mixin.py:188} INFO - [2024-07-31T19:31:15.495+0000] {dag.py:3947} INFO - Setting next_dagrun for tutorial to 2024-07-30 00:00:00+00:00, run_after=2024-07-31 00:00:00+00:00
[2024-07-31T19:31:15.518+0000] {processor.py:183} INFO - Processing /home/ubuntu/airflow-venv/lib/python3.12/site-packages/airflow/example_dags/tutorial.py took 0.074 seconds
[2024-07-31T19:32:20.328+0000] {processor.py:161} INFO - Started process (PID=6464) to work on /home/ubuntu/airflow-venv/lib/python3.12/site-packages/airflow/example_dags/tutorial.py
[2024-07-31T19:32:20.330+0000] {processor.py:830} INFO - Processing file /home/ubuntu/airflow-venv/lib/python3.12/site-packages/airflow/example_dags/tutorial.py for tasks to queue
[2024-07-31T19:32:20.331+0000] {logging_mixin.py:188} INFO - [2024-07-31T19:32:20.330+0000] {dagbag.py:545} INFO - Filling up the DagBag from /home/ubuntu/airflow-venv/lib/python3.12/site-packages/airflow/example_dags/tutorial.py
[2024-07-31T19:32:20.338+0000] {processor.py:840} INFO - DAG(s) 'tutorial' retrieved from /home/ubuntu/airflow-venv/lib/python3.12/site-packages/airflow/example_dags/tutorial.py
[2024-07-31T19:32:20.353+0000] {logging_mixin.py:188} INFO - [2024-07-31T19:32:20.353+0000] {dag.py:3089} INFO - Sync 1 DAGs
[2024-07-31T19:32:20.372+0000] {logging_mixin.py:188} INFO - [2024-07-31T19:32:20.372+0000] {dag.py:3947} INFO - Setting next_dagrun for tutorial to 2024-07-30 00:00:00+00:00, run_after=2024-07-31 00:00:00+00:00
[2024-07-31T19:32:20.397+0000] {processor.py:183} INFO - Processing /home/ubuntu/airflow-venv/lib/python3.12/site-packages/airflow/example_dags/tutorial.py took 0.074 seconds
[2024-07-31T19:33:25.593+0000] {processor.py:161} INFO - Started process (PID=6534) to work on /home/ubuntu/airflow-venv/lib/python3.12/site-packages/airflow/example_dags/tutorial.py
[2024-07-31T19:33:25.595+0000] {processor.py:830} INFO - Processing file /home/ubuntu/airflow-venv/lib/python3.12/site-packages/airflow/example_dags/tutorial.py for tasks to queue
[2024-07-31T19:33:25.596+0000] {logging_mixin.py:188} INFO - [2024-07-31T19:33:25.595+0000] {dagbag.py:545} INFO - Filling up the DagBag from /home/ubuntu/airflow-venv/lib/python3.12/site-packages/airflow/example_dags/tutorial.py
[2024-07-31T19:33:25.603+0000] {processor.py:840} INFO - DAG(s) 'tutorial' retrieved from /home/ubuntu/airflow-venv/lib/python3.12/site-packages/airflow/example_dags/tutorial.py
[2024-07-31T19:33:25.619+0000] {logging_mixin.py:188} INFO - [2024-07-31T19:33:25.619+0000] {dag.py:3089} INFO - Sync 1 DAGs
[2024-07-31T19:33:25.639+0000] {logging_mixin.py:188} INFO - [2024-07-31T19:33:25.639+0000] {dag.py:3947} INFO - Setting next_dagrun for tutorial to 2024-07-30 00:00:00+00:00, run_after=2024-07-31 00:00:00+00:00
[2024-07-31T19:33:25.663+0000] {processor.py:183} INFO - Processing /home/ubuntu/airflow-venv/lib/python3.12/site-packages/airflow/example_dags/tutorial.py took 0.075 seconds
[2024-07-31T19:34:21.298+0000] {processor.py:161} INFO - Started process (PID=6594) to work on /home/ubuntu/airflow-venv/lib/python3.12/site-packages/airflow/example_dags/tutorial.py
[2024-07-31T19:34:21.301+0000] {processor.py:830} INFO - Processing file /home/ubuntu/airflow-venv/lib/python3.12/site-packages/airflow/example_dags/tutorial.py for tasks to queue
[2024-07-31T19:34:21.302+0000] {logging_mixin.py:188} INFO - [2024-07-31T19:34:21.301+0000] {dagbag.py:545} INFO - Filling up the DagBag from /home/ubuntu/airflow-venv/lib/python3.12/site-packages/airflow/example_dags/tutorial.py
[2024-07-31T19:34:21.309+0000] {processor.py:840} INFO - DAG(s) 'tutorial' retrieved from /home/ubuntu/airflow-venv/lib/python3.12/site-packages/airflow/example_dags/tutorial.py
[2024-07-31T19:34:21.325+0000] {logging_mixin.py:188} INFO - [2024-07-31T19:34:21.324+0000] {dag.py:3089} INFO - Sync 1 DAGs
[2024-07-31T19:34:21.344+0000] {logging_mixin.py:188} INFO - [2024-07-31T19:34:21.344+0000] {dag.py:3947} INFO - Setting next_dagrun for tutorial to 2024-07-30 00:00:00+00:00, run_after=2024-07-31 00:00:00+00:00
[2024-07-31T19:34:21.368+0000] {processor.py:183} INFO - Processing /home/ubuntu/airflow-venv/lib/python3.12/site-packages/airflow/example_dags/tutorial.py took 0.075 seconds
