[2024-08-03T08:30:06.280+0000] {processor.py:161} INFO - Started process (PID=1785) to work on /home/ubuntu/airflow-venv/lib/python3.12/site-packages/airflow/example_dags/subdags/subdag.py
[2024-08-03T08:30:06.281+0000] {processor.py:830} INFO - Processing file /home/ubuntu/airflow-venv/lib/python3.12/site-packages/airflow/example_dags/subdags/subdag.py for tasks to queue
[2024-08-03T08:30:06.283+0000] {logging_mixin.py:188} INFO - [2024-08-03T08:30:06.283+0000] {dagbag.py:545} INFO - Filling up the DagBag from /home/ubuntu/airflow-venv/lib/python3.12/site-packages/airflow/example_dags/subdags/subdag.py
[2024-08-03T08:30:06.285+0000] {processor.py:842} WARNING - No viable dags retrieved from /home/ubuntu/airflow-venv/lib/python3.12/site-packages/airflow/example_dags/subdags/subdag.py
[2024-08-03T08:30:06.296+0000] {processor.py:183} INFO - Processing /home/ubuntu/airflow-venv/lib/python3.12/site-packages/airflow/example_dags/subdags/subdag.py took 0.022 seconds
[2024-08-03T08:31:09.285+0000] {processor.py:161} INFO - Started process (PID=1847) to work on /home/ubuntu/airflow-venv/lib/python3.12/site-packages/airflow/example_dags/subdags/subdag.py
[2024-08-03T08:31:09.287+0000] {processor.py:830} INFO - Processing file /home/ubuntu/airflow-venv/lib/python3.12/site-packages/airflow/example_dags/subdags/subdag.py for tasks to queue
[2024-08-03T08:31:09.288+0000] {logging_mixin.py:188} INFO - [2024-08-03T08:31:09.288+0000] {dagbag.py:545} INFO - Filling up the DagBag from /home/ubuntu/airflow-venv/lib/python3.12/site-packages/airflow/example_dags/subdags/subdag.py
[2024-08-03T08:31:09.291+0000] {processor.py:842} WARNING - No viable dags retrieved from /home/ubuntu/airflow-venv/lib/python3.12/site-packages/airflow/example_dags/subdags/subdag.py
[2024-08-03T08:31:09.302+0000] {processor.py:183} INFO - Processing /home/ubuntu/airflow-venv/lib/python3.12/site-packages/airflow/example_dags/subdags/subdag.py took 0.023 seconds
[2024-08-03T08:32:00.558+0000] {processor.py:161} INFO - Started process (PID=1907) to work on /home/ubuntu/airflow-venv/lib/python3.12/site-packages/airflow/example_dags/subdags/subdag.py
[2024-08-03T08:32:00.560+0000] {processor.py:830} INFO - Processing file /home/ubuntu/airflow-venv/lib/python3.12/site-packages/airflow/example_dags/subdags/subdag.py for tasks to queue
[2024-08-03T08:32:00.562+0000] {logging_mixin.py:188} INFO - [2024-08-03T08:32:00.561+0000] {dagbag.py:545} INFO - Filling up the DagBag from /home/ubuntu/airflow-venv/lib/python3.12/site-packages/airflow/example_dags/subdags/subdag.py
[2024-08-03T08:32:00.564+0000] {processor.py:842} WARNING - No viable dags retrieved from /home/ubuntu/airflow-venv/lib/python3.12/site-packages/airflow/example_dags/subdags/subdag.py
[2024-08-03T08:32:00.575+0000] {processor.py:183} INFO - Processing /home/ubuntu/airflow-venv/lib/python3.12/site-packages/airflow/example_dags/subdags/subdag.py took 0.023 seconds
[2024-08-03T08:32:44.456+0000] {processor.py:161} INFO - Started process (PID=1953) to work on /home/ubuntu/airflow-venv/lib/python3.12/site-packages/airflow/example_dags/subdags/subdag.py
[2024-08-03T08:32:44.457+0000] {processor.py:830} INFO - Processing file /home/ubuntu/airflow-venv/lib/python3.12/site-packages/airflow/example_dags/subdags/subdag.py for tasks to queue
[2024-08-03T08:32:44.459+0000] {logging_mixin.py:188} INFO - [2024-08-03T08:32:44.459+0000] {dagbag.py:545} INFO - Filling up the DagBag from /home/ubuntu/airflow-venv/lib/python3.12/site-packages/airflow/example_dags/subdags/subdag.py
[2024-08-03T08:32:44.461+0000] {processor.py:842} WARNING - No viable dags retrieved from /home/ubuntu/airflow-venv/lib/python3.12/site-packages/airflow/example_dags/subdags/subdag.py
[2024-08-03T08:32:44.472+0000] {processor.py:183} INFO - Processing /home/ubuntu/airflow-venv/lib/python3.12/site-packages/airflow/example_dags/subdags/subdag.py took 0.022 seconds
[2024-08-03T08:33:37.364+0000] {processor.py:161} INFO - Started process (PID=2012) to work on /home/ubuntu/airflow-venv/lib/python3.12/site-packages/airflow/example_dags/subdags/subdag.py
[2024-08-03T08:33:37.365+0000] {processor.py:830} INFO - Processing file /home/ubuntu/airflow-venv/lib/python3.12/site-packages/airflow/example_dags/subdags/subdag.py for tasks to queue
[2024-08-03T08:33:37.367+0000] {logging_mixin.py:188} INFO - [2024-08-03T08:33:37.367+0000] {dagbag.py:545} INFO - Filling up the DagBag from /home/ubuntu/airflow-venv/lib/python3.12/site-packages/airflow/example_dags/subdags/subdag.py
[2024-08-03T08:33:37.369+0000] {processor.py:842} WARNING - No viable dags retrieved from /home/ubuntu/airflow-venv/lib/python3.12/site-packages/airflow/example_dags/subdags/subdag.py
[2024-08-03T08:33:37.380+0000] {processor.py:183} INFO - Processing /home/ubuntu/airflow-venv/lib/python3.12/site-packages/airflow/example_dags/subdags/subdag.py took 0.022 seconds
[2024-08-03T08:34:31.754+0000] {processor.py:161} INFO - Started process (PID=2068) to work on /home/ubuntu/airflow-venv/lib/python3.12/site-packages/airflow/example_dags/subdags/subdag.py
[2024-08-03T08:34:31.756+0000] {processor.py:830} INFO - Processing file /home/ubuntu/airflow-venv/lib/python3.12/site-packages/airflow/example_dags/subdags/subdag.py for tasks to queue
[2024-08-03T08:34:31.758+0000] {logging_mixin.py:188} INFO - [2024-08-03T08:34:31.757+0000] {dagbag.py:545} INFO - Filling up the DagBag from /home/ubuntu/airflow-venv/lib/python3.12/site-packages/airflow/example_dags/subdags/subdag.py
[2024-08-03T08:34:31.760+0000] {processor.py:842} WARNING - No viable dags retrieved from /home/ubuntu/airflow-venv/lib/python3.12/site-packages/airflow/example_dags/subdags/subdag.py
[2024-08-03T08:34:31.771+0000] {processor.py:183} INFO - Processing /home/ubuntu/airflow-venv/lib/python3.12/site-packages/airflow/example_dags/subdags/subdag.py took 0.023 seconds
[2024-08-03T08:35:06.226+0000] {processor.py:161} INFO - Started process (PID=2114) to work on /home/ubuntu/airflow-venv/lib/python3.12/site-packages/airflow/example_dags/subdags/subdag.py
[2024-08-03T08:35:06.229+0000] {processor.py:830} INFO - Processing file /home/ubuntu/airflow-venv/lib/python3.12/site-packages/airflow/example_dags/subdags/subdag.py for tasks to queue
[2024-08-03T08:35:06.231+0000] {logging_mixin.py:188} INFO - [2024-08-03T08:35:06.230+0000] {dagbag.py:545} INFO - Filling up the DagBag from /home/ubuntu/airflow-venv/lib/python3.12/site-packages/airflow/example_dags/subdags/subdag.py
[2024-08-03T08:35:06.233+0000] {processor.py:842} WARNING - No viable dags retrieved from /home/ubuntu/airflow-venv/lib/python3.12/site-packages/airflow/example_dags/subdags/subdag.py
[2024-08-03T08:35:06.244+0000] {processor.py:183} INFO - Processing /home/ubuntu/airflow-venv/lib/python3.12/site-packages/airflow/example_dags/subdags/subdag.py took 0.024 seconds
[2024-08-03T08:35:44.577+0000] {processor.py:161} INFO - Started process (PID=2155) to work on /home/ubuntu/airflow-venv/lib/python3.12/site-packages/airflow/example_dags/subdags/subdag.py
[2024-08-03T08:35:44.578+0000] {processor.py:830} INFO - Processing file /home/ubuntu/airflow-venv/lib/python3.12/site-packages/airflow/example_dags/subdags/subdag.py for tasks to queue
[2024-08-03T08:35:44.580+0000] {logging_mixin.py:188} INFO - [2024-08-03T08:35:44.580+0000] {dagbag.py:545} INFO - Filling up the DagBag from /home/ubuntu/airflow-venv/lib/python3.12/site-packages/airflow/example_dags/subdags/subdag.py
[2024-08-03T08:35:44.582+0000] {processor.py:842} WARNING - No viable dags retrieved from /home/ubuntu/airflow-venv/lib/python3.12/site-packages/airflow/example_dags/subdags/subdag.py
[2024-08-03T08:35:44.593+0000] {processor.py:183} INFO - Processing /home/ubuntu/airflow-venv/lib/python3.12/site-packages/airflow/example_dags/subdags/subdag.py took 0.023 seconds
[2024-08-03T08:36:32.356+0000] {processor.py:161} INFO - Started process (PID=2207) to work on /home/ubuntu/airflow-venv/lib/python3.12/site-packages/airflow/example_dags/subdags/subdag.py
[2024-08-03T08:36:32.358+0000] {processor.py:830} INFO - Processing file /home/ubuntu/airflow-venv/lib/python3.12/site-packages/airflow/example_dags/subdags/subdag.py for tasks to queue
[2024-08-03T08:36:32.360+0000] {logging_mixin.py:188} INFO - [2024-08-03T08:36:32.359+0000] {dagbag.py:545} INFO - Filling up the DagBag from /home/ubuntu/airflow-venv/lib/python3.12/site-packages/airflow/example_dags/subdags/subdag.py
[2024-08-03T08:36:32.362+0000] {processor.py:842} WARNING - No viable dags retrieved from /home/ubuntu/airflow-venv/lib/python3.12/site-packages/airflow/example_dags/subdags/subdag.py
[2024-08-03T08:36:32.373+0000] {processor.py:183} INFO - Processing /home/ubuntu/airflow-venv/lib/python3.12/site-packages/airflow/example_dags/subdags/subdag.py took 0.023 seconds
[2024-08-03T08:37:21.949+0000] {processor.py:161} INFO - Started process (PID=2265) to work on /home/ubuntu/airflow-venv/lib/python3.12/site-packages/airflow/example_dags/subdags/subdag.py
[2024-08-03T08:37:21.950+0000] {processor.py:830} INFO - Processing file /home/ubuntu/airflow-venv/lib/python3.12/site-packages/airflow/example_dags/subdags/subdag.py for tasks to queue
[2024-08-03T08:37:21.952+0000] {logging_mixin.py:188} INFO - [2024-08-03T08:37:21.951+0000] {dagbag.py:545} INFO - Filling up the DagBag from /home/ubuntu/airflow-venv/lib/python3.12/site-packages/airflow/example_dags/subdags/subdag.py
[2024-08-03T08:37:21.954+0000] {processor.py:842} WARNING - No viable dags retrieved from /home/ubuntu/airflow-venv/lib/python3.12/site-packages/airflow/example_dags/subdags/subdag.py
[2024-08-03T08:37:21.965+0000] {processor.py:183} INFO - Processing /home/ubuntu/airflow-venv/lib/python3.12/site-packages/airflow/example_dags/subdags/subdag.py took 0.022 seconds
[2024-08-03T08:38:15.830+0000] {processor.py:161} INFO - Started process (PID=2349) to work on /home/ubuntu/airflow-venv/lib/python3.12/site-packages/airflow/example_dags/subdags/subdag.py
[2024-08-03T08:38:15.831+0000] {processor.py:830} INFO - Processing file /home/ubuntu/airflow-venv/lib/python3.12/site-packages/airflow/example_dags/subdags/subdag.py for tasks to queue
[2024-08-03T08:38:15.833+0000] {logging_mixin.py:188} INFO - [2024-08-03T08:38:15.833+0000] {dagbag.py:545} INFO - Filling up the DagBag from /home/ubuntu/airflow-venv/lib/python3.12/site-packages/airflow/example_dags/subdags/subdag.py
[2024-08-03T08:38:15.835+0000] {processor.py:842} WARNING - No viable dags retrieved from /home/ubuntu/airflow-venv/lib/python3.12/site-packages/airflow/example_dags/subdags/subdag.py
[2024-08-03T08:38:15.847+0000] {processor.py:183} INFO - Processing /home/ubuntu/airflow-venv/lib/python3.12/site-packages/airflow/example_dags/subdags/subdag.py took 0.023 seconds
[2024-08-03T08:39:19.284+0000] {processor.py:161} INFO - Started process (PID=2417) to work on /home/ubuntu/airflow-venv/lib/python3.12/site-packages/airflow/example_dags/subdags/subdag.py
[2024-08-03T08:39:19.286+0000] {processor.py:830} INFO - Processing file /home/ubuntu/airflow-venv/lib/python3.12/site-packages/airflow/example_dags/subdags/subdag.py for tasks to queue
[2024-08-03T08:39:19.288+0000] {logging_mixin.py:188} INFO - [2024-08-03T08:39:19.287+0000] {dagbag.py:545} INFO - Filling up the DagBag from /home/ubuntu/airflow-venv/lib/python3.12/site-packages/airflow/example_dags/subdags/subdag.py
[2024-08-03T08:39:19.290+0000] {processor.py:842} WARNING - No viable dags retrieved from /home/ubuntu/airflow-venv/lib/python3.12/site-packages/airflow/example_dags/subdags/subdag.py
[2024-08-03T08:39:19.301+0000] {processor.py:183} INFO - Processing /home/ubuntu/airflow-venv/lib/python3.12/site-packages/airflow/example_dags/subdags/subdag.py took 0.023 seconds
[2024-08-03T08:40:10.514+0000] {processor.py:161} INFO - Started process (PID=2476) to work on /home/ubuntu/airflow-venv/lib/python3.12/site-packages/airflow/example_dags/subdags/subdag.py
[2024-08-03T08:40:10.516+0000] {processor.py:830} INFO - Processing file /home/ubuntu/airflow-venv/lib/python3.12/site-packages/airflow/example_dags/subdags/subdag.py for tasks to queue
[2024-08-03T08:40:10.518+0000] {logging_mixin.py:188} INFO - [2024-08-03T08:40:10.517+0000] {dagbag.py:545} INFO - Filling up the DagBag from /home/ubuntu/airflow-venv/lib/python3.12/site-packages/airflow/example_dags/subdags/subdag.py
[2024-08-03T08:40:10.520+0000] {processor.py:842} WARNING - No viable dags retrieved from /home/ubuntu/airflow-venv/lib/python3.12/site-packages/airflow/example_dags/subdags/subdag.py
[2024-08-03T08:40:10.531+0000] {processor.py:183} INFO - Processing /home/ubuntu/airflow-venv/lib/python3.12/site-packages/airflow/example_dags/subdags/subdag.py took 0.023 seconds
[2024-08-03T08:41:03.884+0000] {processor.py:161} INFO - Started process (PID=2537) to work on /home/ubuntu/airflow-venv/lib/python3.12/site-packages/airflow/example_dags/subdags/subdag.py
[2024-08-03T08:41:03.885+0000] {processor.py:830} INFO - Processing file /home/ubuntu/airflow-venv/lib/python3.12/site-packages/airflow/example_dags/subdags/subdag.py for tasks to queue
[2024-08-03T08:41:03.887+0000] {logging_mixin.py:188} INFO - [2024-08-03T08:41:03.887+0000] {dagbag.py:545} INFO - Filling up the DagBag from /home/ubuntu/airflow-venv/lib/python3.12/site-packages/airflow/example_dags/subdags/subdag.py
[2024-08-03T08:41:03.889+0000] {processor.py:842} WARNING - No viable dags retrieved from /home/ubuntu/airflow-venv/lib/python3.12/site-packages/airflow/example_dags/subdags/subdag.py
[2024-08-03T08:41:03.901+0000] {processor.py:183} INFO - Processing /home/ubuntu/airflow-venv/lib/python3.12/site-packages/airflow/example_dags/subdags/subdag.py took 0.024 seconds
[2024-08-03T08:41:48.465+0000] {processor.py:161} INFO - Started process (PID=2586) to work on /home/ubuntu/airflow-venv/lib/python3.12/site-packages/airflow/example_dags/subdags/subdag.py
[2024-08-03T08:41:48.467+0000] {processor.py:830} INFO - Processing file /home/ubuntu/airflow-venv/lib/python3.12/site-packages/airflow/example_dags/subdags/subdag.py for tasks to queue
[2024-08-03T08:41:48.468+0000] {logging_mixin.py:188} INFO - [2024-08-03T08:41:48.468+0000] {dagbag.py:545} INFO - Filling up the DagBag from /home/ubuntu/airflow-venv/lib/python3.12/site-packages/airflow/example_dags/subdags/subdag.py
[2024-08-03T08:41:48.471+0000] {processor.py:842} WARNING - No viable dags retrieved from /home/ubuntu/airflow-venv/lib/python3.12/site-packages/airflow/example_dags/subdags/subdag.py
[2024-08-03T08:41:48.482+0000] {processor.py:183} INFO - Processing /home/ubuntu/airflow-venv/lib/python3.12/site-packages/airflow/example_dags/subdags/subdag.py took 0.023 seconds
[2024-08-03T08:42:34.921+0000] {processor.py:161} INFO - Started process (PID=2636) to work on /home/ubuntu/airflow-venv/lib/python3.12/site-packages/airflow/example_dags/subdags/subdag.py
[2024-08-03T08:42:34.923+0000] {processor.py:830} INFO - Processing file /home/ubuntu/airflow-venv/lib/python3.12/site-packages/airflow/example_dags/subdags/subdag.py for tasks to queue
[2024-08-03T08:42:34.924+0000] {logging_mixin.py:188} INFO - [2024-08-03T08:42:34.924+0000] {dagbag.py:545} INFO - Filling up the DagBag from /home/ubuntu/airflow-venv/lib/python3.12/site-packages/airflow/example_dags/subdags/subdag.py
[2024-08-03T08:42:34.927+0000] {processor.py:842} WARNING - No viable dags retrieved from /home/ubuntu/airflow-venv/lib/python3.12/site-packages/airflow/example_dags/subdags/subdag.py
[2024-08-03T08:42:34.938+0000] {processor.py:183} INFO - Processing /home/ubuntu/airflow-venv/lib/python3.12/site-packages/airflow/example_dags/subdags/subdag.py took 0.023 seconds
[2024-08-03T08:43:16.095+0000] {processor.py:161} INFO - Started process (PID=2683) to work on /home/ubuntu/airflow-venv/lib/python3.12/site-packages/airflow/example_dags/subdags/subdag.py
[2024-08-03T08:43:16.096+0000] {processor.py:830} INFO - Processing file /home/ubuntu/airflow-venv/lib/python3.12/site-packages/airflow/example_dags/subdags/subdag.py for tasks to queue
[2024-08-03T08:43:16.098+0000] {logging_mixin.py:188} INFO - [2024-08-03T08:43:16.098+0000] {dagbag.py:545} INFO - Filling up the DagBag from /home/ubuntu/airflow-venv/lib/python3.12/site-packages/airflow/example_dags/subdags/subdag.py
[2024-08-03T08:43:16.100+0000] {processor.py:842} WARNING - No viable dags retrieved from /home/ubuntu/airflow-venv/lib/python3.12/site-packages/airflow/example_dags/subdags/subdag.py
[2024-08-03T08:43:16.111+0000] {processor.py:183} INFO - Processing /home/ubuntu/airflow-venv/lib/python3.12/site-packages/airflow/example_dags/subdags/subdag.py took 0.023 seconds
[2024-08-03T08:43:59.001+0000] {processor.py:161} INFO - Started process (PID=2794) to work on /home/ubuntu/airflow-venv/lib/python3.12/site-packages/airflow/example_dags/subdags/subdag.py
[2024-08-03T08:43:59.002+0000] {processor.py:830} INFO - Processing file /home/ubuntu/airflow-venv/lib/python3.12/site-packages/airflow/example_dags/subdags/subdag.py for tasks to queue
[2024-08-03T08:43:59.004+0000] {logging_mixin.py:188} INFO - [2024-08-03T08:43:59.004+0000] {dagbag.py:545} INFO - Filling up the DagBag from /home/ubuntu/airflow-venv/lib/python3.12/site-packages/airflow/example_dags/subdags/subdag.py
[2024-08-03T08:43:59.007+0000] {processor.py:842} WARNING - No viable dags retrieved from /home/ubuntu/airflow-venv/lib/python3.12/site-packages/airflow/example_dags/subdags/subdag.py
[2024-08-03T08:43:59.018+0000] {processor.py:183} INFO - Processing /home/ubuntu/airflow-venv/lib/python3.12/site-packages/airflow/example_dags/subdags/subdag.py took 0.023 seconds
[2024-08-03T08:44:41.829+0000] {processor.py:161} INFO - Started process (PID=2935) to work on /home/ubuntu/airflow-venv/lib/python3.12/site-packages/airflow/example_dags/subdags/subdag.py
[2024-08-03T08:44:41.830+0000] {processor.py:830} INFO - Processing file /home/ubuntu/airflow-venv/lib/python3.12/site-packages/airflow/example_dags/subdags/subdag.py for tasks to queue
[2024-08-03T08:44:41.832+0000] {logging_mixin.py:188} INFO - [2024-08-03T08:44:41.832+0000] {dagbag.py:545} INFO - Filling up the DagBag from /home/ubuntu/airflow-venv/lib/python3.12/site-packages/airflow/example_dags/subdags/subdag.py
[2024-08-03T08:44:41.834+0000] {processor.py:842} WARNING - No viable dags retrieved from /home/ubuntu/airflow-venv/lib/python3.12/site-packages/airflow/example_dags/subdags/subdag.py
[2024-08-03T08:44:41.845+0000] {processor.py:183} INFO - Processing /home/ubuntu/airflow-venv/lib/python3.12/site-packages/airflow/example_dags/subdags/subdag.py took 0.022 seconds
[2024-08-03T08:45:26.393+0000] {processor.py:161} INFO - Started process (PID=3083) to work on /home/ubuntu/airflow-venv/lib/python3.12/site-packages/airflow/example_dags/subdags/subdag.py
[2024-08-03T08:45:26.395+0000] {processor.py:830} INFO - Processing file /home/ubuntu/airflow-venv/lib/python3.12/site-packages/airflow/example_dags/subdags/subdag.py for tasks to queue
[2024-08-03T08:45:26.397+0000] {logging_mixin.py:188} INFO - [2024-08-03T08:45:26.396+0000] {dagbag.py:545} INFO - Filling up the DagBag from /home/ubuntu/airflow-venv/lib/python3.12/site-packages/airflow/example_dags/subdags/subdag.py
[2024-08-03T08:45:26.399+0000] {processor.py:842} WARNING - No viable dags retrieved from /home/ubuntu/airflow-venv/lib/python3.12/site-packages/airflow/example_dags/subdags/subdag.py
[2024-08-03T08:45:26.410+0000] {processor.py:183} INFO - Processing /home/ubuntu/airflow-venv/lib/python3.12/site-packages/airflow/example_dags/subdags/subdag.py took 0.023 seconds
[2024-08-03T08:46:08.480+0000] {processor.py:161} INFO - Started process (PID=3131) to work on /home/ubuntu/airflow-venv/lib/python3.12/site-packages/airflow/example_dags/subdags/subdag.py
[2024-08-03T08:46:08.481+0000] {processor.py:830} INFO - Processing file /home/ubuntu/airflow-venv/lib/python3.12/site-packages/airflow/example_dags/subdags/subdag.py for tasks to queue
[2024-08-03T08:46:08.483+0000] {logging_mixin.py:188} INFO - [2024-08-03T08:46:08.483+0000] {dagbag.py:545} INFO - Filling up the DagBag from /home/ubuntu/airflow-venv/lib/python3.12/site-packages/airflow/example_dags/subdags/subdag.py
[2024-08-03T08:46:08.485+0000] {processor.py:842} WARNING - No viable dags retrieved from /home/ubuntu/airflow-venv/lib/python3.12/site-packages/airflow/example_dags/subdags/subdag.py
[2024-08-03T08:46:08.496+0000] {processor.py:183} INFO - Processing /home/ubuntu/airflow-venv/lib/python3.12/site-packages/airflow/example_dags/subdags/subdag.py took 0.023 seconds
[2024-08-03T08:46:50.681+0000] {processor.py:161} INFO - Started process (PID=3177) to work on /home/ubuntu/airflow-venv/lib/python3.12/site-packages/airflow/example_dags/subdags/subdag.py
[2024-08-03T08:46:50.682+0000] {processor.py:830} INFO - Processing file /home/ubuntu/airflow-venv/lib/python3.12/site-packages/airflow/example_dags/subdags/subdag.py for tasks to queue
[2024-08-03T08:46:50.684+0000] {logging_mixin.py:188} INFO - [2024-08-03T08:46:50.684+0000] {dagbag.py:545} INFO - Filling up the DagBag from /home/ubuntu/airflow-venv/lib/python3.12/site-packages/airflow/example_dags/subdags/subdag.py
[2024-08-03T08:46:50.686+0000] {processor.py:842} WARNING - No viable dags retrieved from /home/ubuntu/airflow-venv/lib/python3.12/site-packages/airflow/example_dags/subdags/subdag.py
[2024-08-03T08:46:50.698+0000] {processor.py:183} INFO - Processing /home/ubuntu/airflow-venv/lib/python3.12/site-packages/airflow/example_dags/subdags/subdag.py took 0.023 seconds
[2024-08-03T08:47:33.530+0000] {processor.py:161} INFO - Started process (PID=3631) to work on /home/ubuntu/airflow-venv/lib/python3.12/site-packages/airflow/example_dags/subdags/subdag.py
[2024-08-03T08:47:33.532+0000] {processor.py:830} INFO - Processing file /home/ubuntu/airflow-venv/lib/python3.12/site-packages/airflow/example_dags/subdags/subdag.py for tasks to queue
[2024-08-03T08:47:33.534+0000] {logging_mixin.py:188} INFO - [2024-08-03T08:47:33.533+0000] {dagbag.py:545} INFO - Filling up the DagBag from /home/ubuntu/airflow-venv/lib/python3.12/site-packages/airflow/example_dags/subdags/subdag.py
[2024-08-03T08:47:33.536+0000] {processor.py:842} WARNING - No viable dags retrieved from /home/ubuntu/airflow-venv/lib/python3.12/site-packages/airflow/example_dags/subdags/subdag.py
[2024-08-03T08:47:33.547+0000] {processor.py:183} INFO - Processing /home/ubuntu/airflow-venv/lib/python3.12/site-packages/airflow/example_dags/subdags/subdag.py took 0.023 seconds
[2024-08-03T08:48:18.902+0000] {processor.py:161} INFO - Started process (PID=3773) to work on /home/ubuntu/airflow-venv/lib/python3.12/site-packages/airflow/example_dags/subdags/subdag.py
[2024-08-03T08:48:18.904+0000] {processor.py:830} INFO - Processing file /home/ubuntu/airflow-venv/lib/python3.12/site-packages/airflow/example_dags/subdags/subdag.py for tasks to queue
[2024-08-03T08:48:18.905+0000] {logging_mixin.py:188} INFO - [2024-08-03T08:48:18.905+0000] {dagbag.py:545} INFO - Filling up the DagBag from /home/ubuntu/airflow-venv/lib/python3.12/site-packages/airflow/example_dags/subdags/subdag.py
[2024-08-03T08:48:18.908+0000] {processor.py:842} WARNING - No viable dags retrieved from /home/ubuntu/airflow-venv/lib/python3.12/site-packages/airflow/example_dags/subdags/subdag.py
[2024-08-03T08:48:18.919+0000] {processor.py:183} INFO - Processing /home/ubuntu/airflow-venv/lib/python3.12/site-packages/airflow/example_dags/subdags/subdag.py took 0.023 seconds
[2024-08-03T08:49:00.082+0000] {processor.py:161} INFO - Started process (PID=3879) to work on /home/ubuntu/airflow-venv/lib/python3.12/site-packages/airflow/example_dags/subdags/subdag.py
[2024-08-03T08:49:00.084+0000] {processor.py:830} INFO - Processing file /home/ubuntu/airflow-venv/lib/python3.12/site-packages/airflow/example_dags/subdags/subdag.py for tasks to queue
[2024-08-03T08:49:00.086+0000] {logging_mixin.py:188} INFO - [2024-08-03T08:49:00.085+0000] {dagbag.py:545} INFO - Filling up the DagBag from /home/ubuntu/airflow-venv/lib/python3.12/site-packages/airflow/example_dags/subdags/subdag.py
[2024-08-03T08:49:00.088+0000] {processor.py:842} WARNING - No viable dags retrieved from /home/ubuntu/airflow-venv/lib/python3.12/site-packages/airflow/example_dags/subdags/subdag.py
[2024-08-03T08:49:00.099+0000] {processor.py:183} INFO - Processing /home/ubuntu/airflow-venv/lib/python3.12/site-packages/airflow/example_dags/subdags/subdag.py took 0.024 seconds
[2024-08-03T08:49:45.079+0000] {processor.py:161} INFO - Started process (PID=4025) to work on /home/ubuntu/airflow-venv/lib/python3.12/site-packages/airflow/example_dags/subdags/subdag.py
[2024-08-03T08:49:45.080+0000] {processor.py:830} INFO - Processing file /home/ubuntu/airflow-venv/lib/python3.12/site-packages/airflow/example_dags/subdags/subdag.py for tasks to queue
[2024-08-03T08:49:45.082+0000] {logging_mixin.py:188} INFO - [2024-08-03T08:49:45.082+0000] {dagbag.py:545} INFO - Filling up the DagBag from /home/ubuntu/airflow-venv/lib/python3.12/site-packages/airflow/example_dags/subdags/subdag.py
[2024-08-03T08:49:45.084+0000] {processor.py:842} WARNING - No viable dags retrieved from /home/ubuntu/airflow-venv/lib/python3.12/site-packages/airflow/example_dags/subdags/subdag.py
[2024-08-03T08:49:45.095+0000] {processor.py:183} INFO - Processing /home/ubuntu/airflow-venv/lib/python3.12/site-packages/airflow/example_dags/subdags/subdag.py took 0.022 seconds
[2024-08-03T08:50:30.439+0000] {processor.py:161} INFO - Started process (PID=4471) to work on /home/ubuntu/airflow-venv/lib/python3.12/site-packages/airflow/example_dags/subdags/subdag.py
[2024-08-03T08:50:30.441+0000] {processor.py:830} INFO - Processing file /home/ubuntu/airflow-venv/lib/python3.12/site-packages/airflow/example_dags/subdags/subdag.py for tasks to queue
[2024-08-03T08:50:30.443+0000] {logging_mixin.py:188} INFO - [2024-08-03T08:50:30.443+0000] {dagbag.py:545} INFO - Filling up the DagBag from /home/ubuntu/airflow-venv/lib/python3.12/site-packages/airflow/example_dags/subdags/subdag.py
[2024-08-03T08:50:30.447+0000] {processor.py:842} WARNING - No viable dags retrieved from /home/ubuntu/airflow-venv/lib/python3.12/site-packages/airflow/example_dags/subdags/subdag.py
[2024-08-03T08:50:30.458+0000] {processor.py:183} INFO - Processing /home/ubuntu/airflow-venv/lib/python3.12/site-packages/airflow/example_dags/subdags/subdag.py took 0.027 seconds
[2024-08-03T08:51:21.083+0000] {processor.py:161} INFO - Started process (PID=4640) to work on /home/ubuntu/airflow-venv/lib/python3.12/site-packages/airflow/example_dags/subdags/subdag.py
[2024-08-03T08:51:21.085+0000] {processor.py:830} INFO - Processing file /home/ubuntu/airflow-venv/lib/python3.12/site-packages/airflow/example_dags/subdags/subdag.py for tasks to queue
[2024-08-03T08:51:21.087+0000] {logging_mixin.py:188} INFO - [2024-08-03T08:51:21.087+0000] {dagbag.py:545} INFO - Filling up the DagBag from /home/ubuntu/airflow-venv/lib/python3.12/site-packages/airflow/example_dags/subdags/subdag.py
[2024-08-03T08:51:21.090+0000] {processor.py:842} WARNING - No viable dags retrieved from /home/ubuntu/airflow-venv/lib/python3.12/site-packages/airflow/example_dags/subdags/subdag.py
[2024-08-03T08:51:21.101+0000] {processor.py:183} INFO - Processing /home/ubuntu/airflow-venv/lib/python3.12/site-packages/airflow/example_dags/subdags/subdag.py took 0.025 seconds
[2024-08-03T08:52:08.900+0000] {processor.py:161} INFO - Started process (PID=4719) to work on /home/ubuntu/airflow-venv/lib/python3.12/site-packages/airflow/example_dags/subdags/subdag.py
[2024-08-03T08:52:08.901+0000] {processor.py:830} INFO - Processing file /home/ubuntu/airflow-venv/lib/python3.12/site-packages/airflow/example_dags/subdags/subdag.py for tasks to queue
[2024-08-03T08:52:08.903+0000] {logging_mixin.py:188} INFO - [2024-08-03T08:52:08.903+0000] {dagbag.py:545} INFO - Filling up the DagBag from /home/ubuntu/airflow-venv/lib/python3.12/site-packages/airflow/example_dags/subdags/subdag.py
[2024-08-03T08:52:08.906+0000] {processor.py:842} WARNING - No viable dags retrieved from /home/ubuntu/airflow-venv/lib/python3.12/site-packages/airflow/example_dags/subdags/subdag.py
[2024-08-03T08:52:08.917+0000] {processor.py:183} INFO - Processing /home/ubuntu/airflow-venv/lib/python3.12/site-packages/airflow/example_dags/subdags/subdag.py took 0.024 seconds
[2024-08-03T08:52:51.071+0000] {processor.py:161} INFO - Started process (PID=4821) to work on /home/ubuntu/airflow-venv/lib/python3.12/site-packages/airflow/example_dags/subdags/subdag.py
[2024-08-03T08:52:51.072+0000] {processor.py:830} INFO - Processing file /home/ubuntu/airflow-venv/lib/python3.12/site-packages/airflow/example_dags/subdags/subdag.py for tasks to queue
[2024-08-03T08:52:51.074+0000] {logging_mixin.py:188} INFO - [2024-08-03T08:52:51.074+0000] {dagbag.py:545} INFO - Filling up the DagBag from /home/ubuntu/airflow-venv/lib/python3.12/site-packages/airflow/example_dags/subdags/subdag.py
[2024-08-03T08:52:51.077+0000] {processor.py:842} WARNING - No viable dags retrieved from /home/ubuntu/airflow-venv/lib/python3.12/site-packages/airflow/example_dags/subdags/subdag.py
[2024-08-03T08:52:51.088+0000] {processor.py:183} INFO - Processing /home/ubuntu/airflow-venv/lib/python3.12/site-packages/airflow/example_dags/subdags/subdag.py took 0.024 seconds
[2024-08-03T08:53:35.409+0000] {processor.py:161} INFO - Started process (PID=4875) to work on /home/ubuntu/airflow-venv/lib/python3.12/site-packages/airflow/example_dags/subdags/subdag.py
[2024-08-03T08:53:35.411+0000] {processor.py:830} INFO - Processing file /home/ubuntu/airflow-venv/lib/python3.12/site-packages/airflow/example_dags/subdags/subdag.py for tasks to queue
[2024-08-03T08:53:35.413+0000] {logging_mixin.py:188} INFO - [2024-08-03T08:53:35.413+0000] {dagbag.py:545} INFO - Filling up the DagBag from /home/ubuntu/airflow-venv/lib/python3.12/site-packages/airflow/example_dags/subdags/subdag.py
[2024-08-03T08:53:35.415+0000] {processor.py:842} WARNING - No viable dags retrieved from /home/ubuntu/airflow-venv/lib/python3.12/site-packages/airflow/example_dags/subdags/subdag.py
[2024-08-03T08:53:35.426+0000] {processor.py:183} INFO - Processing /home/ubuntu/airflow-venv/lib/python3.12/site-packages/airflow/example_dags/subdags/subdag.py took 0.024 seconds
[2024-08-03T08:54:20.422+0000] {processor.py:161} INFO - Started process (PID=4921) to work on /home/ubuntu/airflow-venv/lib/python3.12/site-packages/airflow/example_dags/subdags/subdag.py
[2024-08-03T08:54:20.424+0000] {processor.py:830} INFO - Processing file /home/ubuntu/airflow-venv/lib/python3.12/site-packages/airflow/example_dags/subdags/subdag.py for tasks to queue
[2024-08-03T08:54:20.426+0000] {logging_mixin.py:188} INFO - [2024-08-03T08:54:20.425+0000] {dagbag.py:545} INFO - Filling up the DagBag from /home/ubuntu/airflow-venv/lib/python3.12/site-packages/airflow/example_dags/subdags/subdag.py
[2024-08-03T08:54:20.428+0000] {processor.py:842} WARNING - No viable dags retrieved from /home/ubuntu/airflow-venv/lib/python3.12/site-packages/airflow/example_dags/subdags/subdag.py
[2024-08-03T08:54:20.439+0000] {processor.py:183} INFO - Processing /home/ubuntu/airflow-venv/lib/python3.12/site-packages/airflow/example_dags/subdags/subdag.py took 0.024 seconds
[2024-08-03T08:54:54.630+0000] {processor.py:161} INFO - Started process (PID=4962) to work on /home/ubuntu/airflow-venv/lib/python3.12/site-packages/airflow/example_dags/subdags/subdag.py
[2024-08-03T08:54:54.631+0000] {processor.py:830} INFO - Processing file /home/ubuntu/airflow-venv/lib/python3.12/site-packages/airflow/example_dags/subdags/subdag.py for tasks to queue
[2024-08-03T08:54:54.633+0000] {logging_mixin.py:188} INFO - [2024-08-03T08:54:54.632+0000] {dagbag.py:545} INFO - Filling up the DagBag from /home/ubuntu/airflow-venv/lib/python3.12/site-packages/airflow/example_dags/subdags/subdag.py
[2024-08-03T08:54:54.635+0000] {processor.py:842} WARNING - No viable dags retrieved from /home/ubuntu/airflow-venv/lib/python3.12/site-packages/airflow/example_dags/subdags/subdag.py
[2024-08-03T08:54:54.648+0000] {processor.py:183} INFO - Processing /home/ubuntu/airflow-venv/lib/python3.12/site-packages/airflow/example_dags/subdags/subdag.py took 0.025 seconds
[2024-08-03T08:55:58.489+0000] {processor.py:161} INFO - Started process (PID=5035) to work on /home/ubuntu/airflow-venv/lib/python3.12/site-packages/airflow/example_dags/subdags/subdag.py
[2024-08-03T08:55:58.490+0000] {processor.py:830} INFO - Processing file /home/ubuntu/airflow-venv/lib/python3.12/site-packages/airflow/example_dags/subdags/subdag.py for tasks to queue
[2024-08-03T08:55:58.493+0000] {logging_mixin.py:188} INFO - [2024-08-03T08:55:58.492+0000] {dagbag.py:545} INFO - Filling up the DagBag from /home/ubuntu/airflow-venv/lib/python3.12/site-packages/airflow/example_dags/subdags/subdag.py
[2024-08-03T08:55:58.495+0000] {processor.py:842} WARNING - No viable dags retrieved from /home/ubuntu/airflow-venv/lib/python3.12/site-packages/airflow/example_dags/subdags/subdag.py
[2024-08-03T08:55:58.506+0000] {processor.py:183} INFO - Processing /home/ubuntu/airflow-venv/lib/python3.12/site-packages/airflow/example_dags/subdags/subdag.py took 0.024 seconds
[2024-08-03T08:56:30.473+0000] {processor.py:161} INFO - Started process (PID=5070) to work on /home/ubuntu/airflow-venv/lib/python3.12/site-packages/airflow/example_dags/subdags/subdag.py
[2024-08-03T08:56:30.474+0000] {processor.py:830} INFO - Processing file /home/ubuntu/airflow-venv/lib/python3.12/site-packages/airflow/example_dags/subdags/subdag.py for tasks to queue
[2024-08-03T08:56:30.476+0000] {logging_mixin.py:188} INFO - [2024-08-03T08:56:30.475+0000] {dagbag.py:545} INFO - Filling up the DagBag from /home/ubuntu/airflow-venv/lib/python3.12/site-packages/airflow/example_dags/subdags/subdag.py
[2024-08-03T08:56:30.478+0000] {processor.py:842} WARNING - No viable dags retrieved from /home/ubuntu/airflow-venv/lib/python3.12/site-packages/airflow/example_dags/subdags/subdag.py
[2024-08-03T08:56:30.489+0000] {processor.py:183} INFO - Processing /home/ubuntu/airflow-venv/lib/python3.12/site-packages/airflow/example_dags/subdags/subdag.py took 0.024 seconds
[2024-08-03T08:57:21.548+0000] {processor.py:161} INFO - Started process (PID=5194) to work on /home/ubuntu/airflow-venv/lib/python3.12/site-packages/airflow/example_dags/subdags/subdag.py
[2024-08-03T08:57:21.549+0000] {processor.py:830} INFO - Processing file /home/ubuntu/airflow-venv/lib/python3.12/site-packages/airflow/example_dags/subdags/subdag.py for tasks to queue
[2024-08-03T08:57:21.551+0000] {logging_mixin.py:188} INFO - [2024-08-03T08:57:21.551+0000] {dagbag.py:545} INFO - Filling up the DagBag from /home/ubuntu/airflow-venv/lib/python3.12/site-packages/airflow/example_dags/subdags/subdag.py
[2024-08-03T08:57:21.554+0000] {processor.py:842} WARNING - No viable dags retrieved from /home/ubuntu/airflow-venv/lib/python3.12/site-packages/airflow/example_dags/subdags/subdag.py
[2024-08-03T08:57:21.565+0000] {processor.py:183} INFO - Processing /home/ubuntu/airflow-venv/lib/python3.12/site-packages/airflow/example_dags/subdags/subdag.py took 0.024 seconds
[2024-08-03T08:58:12.314+0000] {processor.py:161} INFO - Started process (PID=5314) to work on /home/ubuntu/airflow-venv/lib/python3.12/site-packages/airflow/example_dags/subdags/subdag.py
[2024-08-03T08:58:12.316+0000] {processor.py:830} INFO - Processing file /home/ubuntu/airflow-venv/lib/python3.12/site-packages/airflow/example_dags/subdags/subdag.py for tasks to queue
[2024-08-03T08:58:12.318+0000] {logging_mixin.py:188} INFO - [2024-08-03T08:58:12.317+0000] {dagbag.py:545} INFO - Filling up the DagBag from /home/ubuntu/airflow-venv/lib/python3.12/site-packages/airflow/example_dags/subdags/subdag.py
[2024-08-03T08:58:12.320+0000] {processor.py:842} WARNING - No viable dags retrieved from /home/ubuntu/airflow-venv/lib/python3.12/site-packages/airflow/example_dags/subdags/subdag.py
[2024-08-03T08:58:12.331+0000] {processor.py:183} INFO - Processing /home/ubuntu/airflow-venv/lib/python3.12/site-packages/airflow/example_dags/subdags/subdag.py took 0.024 seconds
[2024-08-03T08:59:03.078+0000] {processor.py:161} INFO - Started process (PID=5424) to work on /home/ubuntu/airflow-venv/lib/python3.12/site-packages/airflow/example_dags/subdags/subdag.py
[2024-08-03T08:59:03.079+0000] {processor.py:830} INFO - Processing file /home/ubuntu/airflow-venv/lib/python3.12/site-packages/airflow/example_dags/subdags/subdag.py for tasks to queue
[2024-08-03T08:59:03.081+0000] {logging_mixin.py:188} INFO - [2024-08-03T08:59:03.081+0000] {dagbag.py:545} INFO - Filling up the DagBag from /home/ubuntu/airflow-venv/lib/python3.12/site-packages/airflow/example_dags/subdags/subdag.py
[2024-08-03T08:59:03.083+0000] {processor.py:842} WARNING - No viable dags retrieved from /home/ubuntu/airflow-venv/lib/python3.12/site-packages/airflow/example_dags/subdags/subdag.py
[2024-08-03T08:59:03.094+0000] {processor.py:183} INFO - Processing /home/ubuntu/airflow-venv/lib/python3.12/site-packages/airflow/example_dags/subdags/subdag.py took 0.025 seconds
[2024-08-03T08:59:51.499+0000] {processor.py:161} INFO - Started process (PID=5558) to work on /home/ubuntu/airflow-venv/lib/python3.12/site-packages/airflow/example_dags/subdags/subdag.py
[2024-08-03T08:59:51.501+0000] {processor.py:830} INFO - Processing file /home/ubuntu/airflow-venv/lib/python3.12/site-packages/airflow/example_dags/subdags/subdag.py for tasks to queue
[2024-08-03T08:59:51.502+0000] {logging_mixin.py:188} INFO - [2024-08-03T08:59:51.502+0000] {dagbag.py:545} INFO - Filling up the DagBag from /home/ubuntu/airflow-venv/lib/python3.12/site-packages/airflow/example_dags/subdags/subdag.py
[2024-08-03T08:59:51.505+0000] {processor.py:842} WARNING - No viable dags retrieved from /home/ubuntu/airflow-venv/lib/python3.12/site-packages/airflow/example_dags/subdags/subdag.py
[2024-08-03T08:59:51.516+0000] {processor.py:183} INFO - Processing /home/ubuntu/airflow-venv/lib/python3.12/site-packages/airflow/example_dags/subdags/subdag.py took 0.025 seconds
[2024-08-03T09:00:36.950+0000] {processor.py:161} INFO - Started process (PID=5770) to work on /home/ubuntu/airflow-venv/lib/python3.12/site-packages/airflow/example_dags/subdags/subdag.py
[2024-08-03T09:00:36.951+0000] {processor.py:830} INFO - Processing file /home/ubuntu/airflow-venv/lib/python3.12/site-packages/airflow/example_dags/subdags/subdag.py for tasks to queue
[2024-08-03T09:00:36.953+0000] {logging_mixin.py:188} INFO - [2024-08-03T09:00:36.953+0000] {dagbag.py:545} INFO - Filling up the DagBag from /home/ubuntu/airflow-venv/lib/python3.12/site-packages/airflow/example_dags/subdags/subdag.py
[2024-08-03T09:00:36.956+0000] {processor.py:842} WARNING - No viable dags retrieved from /home/ubuntu/airflow-venv/lib/python3.12/site-packages/airflow/example_dags/subdags/subdag.py
[2024-08-03T09:00:36.967+0000] {processor.py:183} INFO - Processing /home/ubuntu/airflow-venv/lib/python3.12/site-packages/airflow/example_dags/subdags/subdag.py took 0.026 seconds
[2024-08-03T09:01:15.737+0000] {processor.py:161} INFO - Started process (PID=5928) to work on /home/ubuntu/airflow-venv/lib/python3.12/site-packages/airflow/example_dags/subdags/subdag.py
[2024-08-03T09:01:15.739+0000] {processor.py:830} INFO - Processing file /home/ubuntu/airflow-venv/lib/python3.12/site-packages/airflow/example_dags/subdags/subdag.py for tasks to queue
[2024-08-03T09:01:15.740+0000] {logging_mixin.py:188} INFO - [2024-08-03T09:01:15.740+0000] {dagbag.py:545} INFO - Filling up the DagBag from /home/ubuntu/airflow-venv/lib/python3.12/site-packages/airflow/example_dags/subdags/subdag.py
[2024-08-03T09:01:15.743+0000] {processor.py:842} WARNING - No viable dags retrieved from /home/ubuntu/airflow-venv/lib/python3.12/site-packages/airflow/example_dags/subdags/subdag.py
[2024-08-03T09:01:15.754+0000] {processor.py:183} INFO - Processing /home/ubuntu/airflow-venv/lib/python3.12/site-packages/airflow/example_dags/subdags/subdag.py took 0.026 seconds
[2024-08-03T09:01:58.905+0000] {processor.py:161} INFO - Started process (PID=6079) to work on /home/ubuntu/airflow-venv/lib/python3.12/site-packages/airflow/example_dags/subdags/subdag.py
[2024-08-03T09:01:58.907+0000] {processor.py:830} INFO - Processing file /home/ubuntu/airflow-venv/lib/python3.12/site-packages/airflow/example_dags/subdags/subdag.py for tasks to queue
[2024-08-03T09:01:58.909+0000] {logging_mixin.py:188} INFO - [2024-08-03T09:01:58.908+0000] {dagbag.py:545} INFO - Filling up the DagBag from /home/ubuntu/airflow-venv/lib/python3.12/site-packages/airflow/example_dags/subdags/subdag.py
[2024-08-03T09:01:58.911+0000] {processor.py:842} WARNING - No viable dags retrieved from /home/ubuntu/airflow-venv/lib/python3.12/site-packages/airflow/example_dags/subdags/subdag.py
[2024-08-03T09:01:58.922+0000] {processor.py:183} INFO - Processing /home/ubuntu/airflow-venv/lib/python3.12/site-packages/airflow/example_dags/subdags/subdag.py took 0.025 seconds
[2024-08-03T09:02:43.722+0000] {processor.py:161} INFO - Started process (PID=6259) to work on /home/ubuntu/airflow-venv/lib/python3.12/site-packages/airflow/example_dags/subdags/subdag.py
[2024-08-03T09:02:43.723+0000] {processor.py:830} INFO - Processing file /home/ubuntu/airflow-venv/lib/python3.12/site-packages/airflow/example_dags/subdags/subdag.py for tasks to queue
[2024-08-03T09:02:43.726+0000] {logging_mixin.py:188} INFO - [2024-08-03T09:02:43.725+0000] {dagbag.py:545} INFO - Filling up the DagBag from /home/ubuntu/airflow-venv/lib/python3.12/site-packages/airflow/example_dags/subdags/subdag.py
[2024-08-03T09:02:43.728+0000] {processor.py:842} WARNING - No viable dags retrieved from /home/ubuntu/airflow-venv/lib/python3.12/site-packages/airflow/example_dags/subdags/subdag.py
[2024-08-03T09:02:43.740+0000] {processor.py:183} INFO - Processing /home/ubuntu/airflow-venv/lib/python3.12/site-packages/airflow/example_dags/subdags/subdag.py took 0.025 seconds
[2024-08-03T09:03:23.587+0000] {processor.py:161} INFO - Started process (PID=6373) to work on /home/ubuntu/airflow-venv/lib/python3.12/site-packages/airflow/example_dags/subdags/subdag.py
[2024-08-03T09:03:23.589+0000] {processor.py:830} INFO - Processing file /home/ubuntu/airflow-venv/lib/python3.12/site-packages/airflow/example_dags/subdags/subdag.py for tasks to queue
[2024-08-03T09:03:23.591+0000] {logging_mixin.py:188} INFO - [2024-08-03T09:03:23.590+0000] {dagbag.py:545} INFO - Filling up the DagBag from /home/ubuntu/airflow-venv/lib/python3.12/site-packages/airflow/example_dags/subdags/subdag.py
[2024-08-03T09:03:23.593+0000] {processor.py:842} WARNING - No viable dags retrieved from /home/ubuntu/airflow-venv/lib/python3.12/site-packages/airflow/example_dags/subdags/subdag.py
[2024-08-03T09:03:23.604+0000] {processor.py:183} INFO - Processing /home/ubuntu/airflow-venv/lib/python3.12/site-packages/airflow/example_dags/subdags/subdag.py took 0.025 seconds
[2024-08-03T09:04:03.946+0000] {processor.py:161} INFO - Started process (PID=6483) to work on /home/ubuntu/airflow-venv/lib/python3.12/site-packages/airflow/example_dags/subdags/subdag.py
[2024-08-03T09:04:03.948+0000] {processor.py:830} INFO - Processing file /home/ubuntu/airflow-venv/lib/python3.12/site-packages/airflow/example_dags/subdags/subdag.py for tasks to queue
[2024-08-03T09:04:03.950+0000] {logging_mixin.py:188} INFO - [2024-08-03T09:04:03.950+0000] {dagbag.py:545} INFO - Filling up the DagBag from /home/ubuntu/airflow-venv/lib/python3.12/site-packages/airflow/example_dags/subdags/subdag.py
[2024-08-03T09:04:03.953+0000] {processor.py:842} WARNING - No viable dags retrieved from /home/ubuntu/airflow-venv/lib/python3.12/site-packages/airflow/example_dags/subdags/subdag.py
[2024-08-03T09:04:03.964+0000] {processor.py:183} INFO - Processing /home/ubuntu/airflow-venv/lib/python3.12/site-packages/airflow/example_dags/subdags/subdag.py took 0.026 seconds
[2024-08-03T09:04:46.583+0000] {processor.py:161} INFO - Started process (PID=6541) to work on /home/ubuntu/airflow-venv/lib/python3.12/site-packages/airflow/example_dags/subdags/subdag.py
[2024-08-03T09:04:46.584+0000] {processor.py:830} INFO - Processing file /home/ubuntu/airflow-venv/lib/python3.12/site-packages/airflow/example_dags/subdags/subdag.py for tasks to queue
[2024-08-03T09:04:46.586+0000] {logging_mixin.py:188} INFO - [2024-08-03T09:04:46.585+0000] {dagbag.py:545} INFO - Filling up the DagBag from /home/ubuntu/airflow-venv/lib/python3.12/site-packages/airflow/example_dags/subdags/subdag.py
[2024-08-03T09:04:46.588+0000] {processor.py:842} WARNING - No viable dags retrieved from /home/ubuntu/airflow-venv/lib/python3.12/site-packages/airflow/example_dags/subdags/subdag.py
[2024-08-03T09:04:46.599+0000] {processor.py:183} INFO - Processing /home/ubuntu/airflow-venv/lib/python3.12/site-packages/airflow/example_dags/subdags/subdag.py took 0.025 seconds
[2024-08-03T09:05:30.431+0000] {processor.py:161} INFO - Started process (PID=6620) to work on /home/ubuntu/airflow-venv/lib/python3.12/site-packages/airflow/example_dags/subdags/subdag.py
[2024-08-03T09:05:30.432+0000] {processor.py:830} INFO - Processing file /home/ubuntu/airflow-venv/lib/python3.12/site-packages/airflow/example_dags/subdags/subdag.py for tasks to queue
[2024-08-03T09:05:30.434+0000] {logging_mixin.py:188} INFO - [2024-08-03T09:05:30.433+0000] {dagbag.py:545} INFO - Filling up the DagBag from /home/ubuntu/airflow-venv/lib/python3.12/site-packages/airflow/example_dags/subdags/subdag.py
[2024-08-03T09:05:30.436+0000] {processor.py:842} WARNING - No viable dags retrieved from /home/ubuntu/airflow-venv/lib/python3.12/site-packages/airflow/example_dags/subdags/subdag.py
[2024-08-03T09:05:30.447+0000] {processor.py:183} INFO - Processing /home/ubuntu/airflow-venv/lib/python3.12/site-packages/airflow/example_dags/subdags/subdag.py took 0.025 seconds
[2024-08-03T09:06:14.690+0000] {processor.py:161} INFO - Started process (PID=6818) to work on /home/ubuntu/airflow-venv/lib/python3.12/site-packages/airflow/example_dags/subdags/subdag.py
[2024-08-03T09:06:14.692+0000] {processor.py:830} INFO - Processing file /home/ubuntu/airflow-venv/lib/python3.12/site-packages/airflow/example_dags/subdags/subdag.py for tasks to queue
[2024-08-03T09:06:14.696+0000] {logging_mixin.py:188} INFO - [2024-08-03T09:06:14.694+0000] {dagbag.py:545} INFO - Filling up the DagBag from /home/ubuntu/airflow-venv/lib/python3.12/site-packages/airflow/example_dags/subdags/subdag.py
[2024-08-03T09:06:14.698+0000] {processor.py:842} WARNING - No viable dags retrieved from /home/ubuntu/airflow-venv/lib/python3.12/site-packages/airflow/example_dags/subdags/subdag.py
[2024-08-03T09:06:14.715+0000] {processor.py:183} INFO - Processing /home/ubuntu/airflow-venv/lib/python3.12/site-packages/airflow/example_dags/subdags/subdag.py took 0.040 seconds
[2024-08-03T09:06:58.381+0000] {processor.py:161} INFO - Started process (PID=6996) to work on /home/ubuntu/airflow-venv/lib/python3.12/site-packages/airflow/example_dags/subdags/subdag.py
[2024-08-03T09:06:58.382+0000] {processor.py:830} INFO - Processing file /home/ubuntu/airflow-venv/lib/python3.12/site-packages/airflow/example_dags/subdags/subdag.py for tasks to queue
[2024-08-03T09:06:58.384+0000] {logging_mixin.py:188} INFO - [2024-08-03T09:06:58.384+0000] {dagbag.py:545} INFO - Filling up the DagBag from /home/ubuntu/airflow-venv/lib/python3.12/site-packages/airflow/example_dags/subdags/subdag.py
[2024-08-03T09:06:58.386+0000] {processor.py:842} WARNING - No viable dags retrieved from /home/ubuntu/airflow-venv/lib/python3.12/site-packages/airflow/example_dags/subdags/subdag.py
[2024-08-03T09:06:58.397+0000] {processor.py:183} INFO - Processing /home/ubuntu/airflow-venv/lib/python3.12/site-packages/airflow/example_dags/subdags/subdag.py took 0.025 seconds
[2024-08-03T09:07:42.756+0000] {processor.py:161} INFO - Started process (PID=7169) to work on /home/ubuntu/airflow-venv/lib/python3.12/site-packages/airflow/example_dags/subdags/subdag.py
[2024-08-03T09:07:42.757+0000] {processor.py:830} INFO - Processing file /home/ubuntu/airflow-venv/lib/python3.12/site-packages/airflow/example_dags/subdags/subdag.py for tasks to queue
[2024-08-03T09:07:42.759+0000] {logging_mixin.py:188} INFO - [2024-08-03T09:07:42.759+0000] {dagbag.py:545} INFO - Filling up the DagBag from /home/ubuntu/airflow-venv/lib/python3.12/site-packages/airflow/example_dags/subdags/subdag.py
[2024-08-03T09:07:42.762+0000] {processor.py:842} WARNING - No viable dags retrieved from /home/ubuntu/airflow-venv/lib/python3.12/site-packages/airflow/example_dags/subdags/subdag.py
[2024-08-03T09:07:42.772+0000] {processor.py:183} INFO - Processing /home/ubuntu/airflow-venv/lib/python3.12/site-packages/airflow/example_dags/subdags/subdag.py took 0.025 seconds
[2024-08-03T09:08:26.577+0000] {processor.py:161} INFO - Started process (PID=7318) to work on /home/ubuntu/airflow-venv/lib/python3.12/site-packages/airflow/example_dags/subdags/subdag.py
[2024-08-03T09:08:26.579+0000] {processor.py:830} INFO - Processing file /home/ubuntu/airflow-venv/lib/python3.12/site-packages/airflow/example_dags/subdags/subdag.py for tasks to queue
[2024-08-03T09:08:26.581+0000] {logging_mixin.py:188} INFO - [2024-08-03T09:08:26.580+0000] {dagbag.py:545} INFO - Filling up the DagBag from /home/ubuntu/airflow-venv/lib/python3.12/site-packages/airflow/example_dags/subdags/subdag.py
[2024-08-03T09:08:26.583+0000] {processor.py:842} WARNING - No viable dags retrieved from /home/ubuntu/airflow-venv/lib/python3.12/site-packages/airflow/example_dags/subdags/subdag.py
[2024-08-03T09:08:26.594+0000] {processor.py:183} INFO - Processing /home/ubuntu/airflow-venv/lib/python3.12/site-packages/airflow/example_dags/subdags/subdag.py took 0.025 seconds
[2024-08-03T09:09:08.476+0000] {processor.py:161} INFO - Started process (PID=7539) to work on /home/ubuntu/airflow-venv/lib/python3.12/site-packages/airflow/example_dags/subdags/subdag.py
[2024-08-03T09:09:08.478+0000] {processor.py:830} INFO - Processing file /home/ubuntu/airflow-venv/lib/python3.12/site-packages/airflow/example_dags/subdags/subdag.py for tasks to queue
[2024-08-03T09:09:08.480+0000] {logging_mixin.py:188} INFO - [2024-08-03T09:09:08.479+0000] {dagbag.py:545} INFO - Filling up the DagBag from /home/ubuntu/airflow-venv/lib/python3.12/site-packages/airflow/example_dags/subdags/subdag.py
[2024-08-03T09:09:08.482+0000] {processor.py:842} WARNING - No viable dags retrieved from /home/ubuntu/airflow-venv/lib/python3.12/site-packages/airflow/example_dags/subdags/subdag.py
[2024-08-03T09:09:08.493+0000] {processor.py:183} INFO - Processing /home/ubuntu/airflow-venv/lib/python3.12/site-packages/airflow/example_dags/subdags/subdag.py took 0.025 seconds
[2024-08-03T09:09:51.803+0000] {processor.py:161} INFO - Started process (PID=7747) to work on /home/ubuntu/airflow-venv/lib/python3.12/site-packages/airflow/example_dags/subdags/subdag.py
[2024-08-03T09:09:51.804+0000] {processor.py:830} INFO - Processing file /home/ubuntu/airflow-venv/lib/python3.12/site-packages/airflow/example_dags/subdags/subdag.py for tasks to queue
[2024-08-03T09:09:51.806+0000] {logging_mixin.py:188} INFO - [2024-08-03T09:09:51.806+0000] {dagbag.py:545} INFO - Filling up the DagBag from /home/ubuntu/airflow-venv/lib/python3.12/site-packages/airflow/example_dags/subdags/subdag.py
[2024-08-03T09:09:51.808+0000] {processor.py:842} WARNING - No viable dags retrieved from /home/ubuntu/airflow-venv/lib/python3.12/site-packages/airflow/example_dags/subdags/subdag.py
[2024-08-03T09:09:51.819+0000] {processor.py:183} INFO - Processing /home/ubuntu/airflow-venv/lib/python3.12/site-packages/airflow/example_dags/subdags/subdag.py took 0.025 seconds
[2024-08-03T09:10:33.825+0000] {processor.py:161} INFO - Started process (PID=7878) to work on /home/ubuntu/airflow-venv/lib/python3.12/site-packages/airflow/example_dags/subdags/subdag.py
[2024-08-03T09:10:33.827+0000] {processor.py:830} INFO - Processing file /home/ubuntu/airflow-venv/lib/python3.12/site-packages/airflow/example_dags/subdags/subdag.py for tasks to queue
[2024-08-03T09:10:33.829+0000] {logging_mixin.py:188} INFO - [2024-08-03T09:10:33.828+0000] {dagbag.py:545} INFO - Filling up the DagBag from /home/ubuntu/airflow-venv/lib/python3.12/site-packages/airflow/example_dags/subdags/subdag.py
[2024-08-03T09:10:33.831+0000] {processor.py:842} WARNING - No viable dags retrieved from /home/ubuntu/airflow-venv/lib/python3.12/site-packages/airflow/example_dags/subdags/subdag.py
[2024-08-03T09:10:33.842+0000] {processor.py:183} INFO - Processing /home/ubuntu/airflow-venv/lib/python3.12/site-packages/airflow/example_dags/subdags/subdag.py took 0.024 seconds
[2024-08-03T09:11:13.324+0000] {processor.py:161} INFO - Started process (PID=7992) to work on /home/ubuntu/airflow-venv/lib/python3.12/site-packages/airflow/example_dags/subdags/subdag.py
[2024-08-03T09:11:13.325+0000] {processor.py:830} INFO - Processing file /home/ubuntu/airflow-venv/lib/python3.12/site-packages/airflow/example_dags/subdags/subdag.py for tasks to queue
[2024-08-03T09:11:13.327+0000] {logging_mixin.py:188} INFO - [2024-08-03T09:11:13.327+0000] {dagbag.py:545} INFO - Filling up the DagBag from /home/ubuntu/airflow-venv/lib/python3.12/site-packages/airflow/example_dags/subdags/subdag.py
[2024-08-03T09:11:13.329+0000] {processor.py:842} WARNING - No viable dags retrieved from /home/ubuntu/airflow-venv/lib/python3.12/site-packages/airflow/example_dags/subdags/subdag.py
[2024-08-03T09:11:13.341+0000] {processor.py:183} INFO - Processing /home/ubuntu/airflow-venv/lib/python3.12/site-packages/airflow/example_dags/subdags/subdag.py took 0.025 seconds
[2024-08-03T09:11:56.159+0000] {processor.py:161} INFO - Started process (PID=8080) to work on /home/ubuntu/airflow-venv/lib/python3.12/site-packages/airflow/example_dags/subdags/subdag.py
[2024-08-03T09:11:56.161+0000] {processor.py:830} INFO - Processing file /home/ubuntu/airflow-venv/lib/python3.12/site-packages/airflow/example_dags/subdags/subdag.py for tasks to queue
[2024-08-03T09:11:56.163+0000] {logging_mixin.py:188} INFO - [2024-08-03T09:11:56.162+0000] {dagbag.py:545} INFO - Filling up the DagBag from /home/ubuntu/airflow-venv/lib/python3.12/site-packages/airflow/example_dags/subdags/subdag.py
[2024-08-03T09:11:56.165+0000] {processor.py:842} WARNING - No viable dags retrieved from /home/ubuntu/airflow-venv/lib/python3.12/site-packages/airflow/example_dags/subdags/subdag.py
[2024-08-03T09:11:56.176+0000] {processor.py:183} INFO - Processing /home/ubuntu/airflow-venv/lib/python3.12/site-packages/airflow/example_dags/subdags/subdag.py took 0.025 seconds
[2024-08-03T09:12:35.683+0000] {processor.py:161} INFO - Started process (PID=8229) to work on /home/ubuntu/airflow-venv/lib/python3.12/site-packages/airflow/example_dags/subdags/subdag.py
[2024-08-03T09:12:35.685+0000] {processor.py:830} INFO - Processing file /home/ubuntu/airflow-venv/lib/python3.12/site-packages/airflow/example_dags/subdags/subdag.py for tasks to queue
[2024-08-03T09:12:35.687+0000] {logging_mixin.py:188} INFO - [2024-08-03T09:12:35.687+0000] {dagbag.py:545} INFO - Filling up the DagBag from /home/ubuntu/airflow-venv/lib/python3.12/site-packages/airflow/example_dags/subdags/subdag.py
[2024-08-03T09:12:35.689+0000] {processor.py:842} WARNING - No viable dags retrieved from /home/ubuntu/airflow-venv/lib/python3.12/site-packages/airflow/example_dags/subdags/subdag.py
[2024-08-03T09:12:35.700+0000] {processor.py:183} INFO - Processing /home/ubuntu/airflow-venv/lib/python3.12/site-packages/airflow/example_dags/subdags/subdag.py took 0.024 seconds
