2024-08-03 08:29:45.671 [info] (Client) Pylance async client (2024.7.1) started with python extension (2024.12.1)
2024-08-03 08:29:46.909 [info] [Info  - 8:29:46 AM] (1669) Server root directory: file:///home/ubuntu/.vscode-server/extensions/ms-python.vscode-pylance-2024.7.1/dist
2024-08-03 08:29:46.913 [info] [Info  - 8:29:46 AM] (1669) Experimental Pylance language server 2024.7.1 (pyright version 1.1.369, commit 1168be71) starting
2024-08-03 08:29:46.914 [info] [Info  - 8:29:46 AM] (1669) Starting service instance "ubuntu"
2024-08-03 08:29:47.040 [info] [Info  - 8:29:47 AM] (1669) Setting pythonPath for service "ubuntu": "/home/ubuntu/airflow-venv/bin/python"
2024-08-03 08:29:47.043 [info] [Info  - 8:29:47 AM] (1669) Setting environmentName for service "ubuntu": "3.12.3 (airflow-venv venv)"
2024-08-03 08:29:47.046 [info] [Info  - 8:29:47 AM] (1669) No include entries specified; assuming /home/ubuntu
2024-08-03 08:29:47.047 [info] [Info  - 8:29:47 AM] (1669) Auto-excluding **/node_modules
2024-08-03 08:29:47.049 [info] [Info  - 8:29:47 AM] (1669) Auto-excluding **/__pycache__
2024-08-03 08:29:47.049 [info] [Info  - 8:29:47 AM] (1669) Auto-excluding **/.*
2024-08-03 08:29:47.132 [info] [Info  - 8:29:47 AM] (1669) Assuming Python version 3.12.3.final.0
2024-08-03 08:29:47.461 [info] [Info  - 8:29:47 AM] (1669) Auto-excluding /home/ubuntu/airflow-venv
2024-08-03 08:29:47.487 [info] [Info  - 8:29:47 AM] (1669) Found 2 source files
2024-08-03 08:29:48.643 [info] [Info  - 8:29:48 AM] (1669) Background analysis(1) root directory: file:///home/ubuntu/.vscode-server/extensions/ms-python.vscode-pylance-2024.7.1/dist
2024-08-03 08:29:48.646 [info] [Info  - 8:29:48 AM] (1669) Background analysis(1) started
2024-08-03 08:29:48.943 [info] [Info  - 8:29:48 AM] (1669) Indexer background runner(2) root directory: file:///home/ubuntu/.vscode-server/extensions/ms-python.vscode-pylance-2024.7.1/dist (index)
2024-08-03 08:29:48.944 [info] [Info  - 8:29:48 AM] (1669) Indexing(2) started
2024-08-03 08:29:51.881 [info] [Info  - 8:29:51 AM] (1669) [IDX(2)] Long operation: scan packages file:///home/ubuntu (2586ms)
2024-08-03 08:29:51.881 [info] [Info  - 8:29:51 AM] (1669) scanned(2) 154 files over 1 exec env
2024-08-03 08:30:00.255 [info] [Info  - 8:30:00 AM] (1669) [IDX(2)] Long operation: index execution environment file:///home/ubuntu (7118ms)
2024-08-03 08:30:00.280 [info] [Info  - 8:30:00 AM] (1669) [BG(1)] Long operation: checking: file:///home/ubuntu/airflow/dags/weather_dags.py (10637ms)
2024-08-03 08:30:00.280 [info] [Info  - 8:30:00 AM] (1669) [BG(1)] Long operation: analyzing: file:///home/ubuntu/airflow/dags/weather_dags.py (11494ms)
2024-08-03 08:30:00.355 [info] [Info  - 8:30:00 AM] (1669) [IDX(2)] Long operation: index packages file:///home/ubuntu (7306ms)
2024-08-03 08:30:00.355 [info] [Info  - 8:30:00 AM] (1669) indexed(2) 127 files over 1 exec env
2024-08-03 08:30:00.882 [info] [Info  - 8:30:00 AM] (1669) Indexing finished(2).
2024-08-03 08:37:40.877 [info] [Info  - 8:37:40 AM] Server process exited successfully
2024-08-03 08:37:45.281 [info] (Client) Pylance async client (2024.7.1) started with python extension (2024.12.1)
2024-08-03 08:37:45.857 [info] [Info  - 8:37:45 AM] (2303) Server root directory: file:///home/ubuntu/.vscode-server/extensions/ms-python.vscode-pylance-2024.7.1/dist
2024-08-03 08:37:45.860 [info] [Info  - 8:37:45 AM] (2303) Experimental Pylance language server 2024.7.1 (pyright version 1.1.369, commit 1168be71) starting
2024-08-03 08:37:45.875 [info] [Info  - 8:37:45 AM] (2303) Starting service instance "ubuntu"
2024-08-03 08:37:45.918 [info] [Info  - 8:37:45 AM] (2303) Setting pythonPath for service "ubuntu": "/home/ubuntu/airflow-venv/bin/python"
2024-08-03 08:37:45.918 [info] [Info  - 8:37:45 AM] (2303) Setting environmentName for service "ubuntu": "3.12.3 (airflow-venv venv)"
2024-08-03 08:37:45.919 [info] [Info  - 8:37:45 AM] (2303) No include entries specified; assuming /home/ubuntu
2024-08-03 08:37:45.921 [info] [Info  - 8:37:45 AM] (2303) Auto-excluding **/node_modules
2024-08-03 08:37:45.921 [info] [Info  - 8:37:45 AM] (2303) Auto-excluding **/__pycache__
2024-08-03 08:37:45.922 [info] [Info  - 8:37:45 AM] (2303) Auto-excluding **/.*
2024-08-03 08:37:45.956 [info] [Info  - 8:37:45 AM] (2303) Assuming Python version 3.12.3.final.0
2024-08-03 08:37:46.127 [info] [Info  - 8:37:46 AM] (2303) Auto-excluding /home/ubuntu/airflow-venv
2024-08-03 08:37:46.133 [info] [Info  - 8:37:46 AM] (2303) Found 2 source files
2024-08-03 08:37:46.907 [info] [Info  - 8:37:46 AM] (2303) Background analysis(1) root directory: file:///home/ubuntu/.vscode-server/extensions/ms-python.vscode-pylance-2024.7.1/dist
2024-08-03 08:37:46.909 [info] [Info  - 8:37:46 AM] (2303) Background analysis(1) started
2024-08-03 08:37:47.118 [info] [Info  - 8:37:47 AM] (2303) Indexer background runner(2) root directory: file:///home/ubuntu/.vscode-server/extensions/ms-python.vscode-pylance-2024.7.1/dist (index)
2024-08-03 08:37:47.120 [info] [Info  - 8:37:47 AM] (2303) Indexing(2) started
2024-08-03 08:37:48.751 [info] [Info  - 8:37:48 AM] (2303) scanned(2) 154 files over 1 exec env
2024-08-03 08:37:49.614 [info] [Info  - 8:37:49 AM] (2303) indexed(2) 127 files over 1 exec env
2024-08-03 08:37:49.770 [info] [Info  - 8:37:49 AM] (2303) Indexing finished(2).
2024-08-03 08:37:52.312 [info] [Info  - 8:37:52 AM] (2303) [BG(1)] Long operation: checking: file:///home/ubuntu/airflow/dags/weather_dags.py (4780ms)
2024-08-03 08:37:52.313 [info] [Info  - 8:37:52 AM] (2303) [BG(1)] Long operation: analyzing: file:///home/ubuntu/airflow/dags/weather_dags.py (5264ms)
2024-08-03 08:50:21.744 [info] [Info  - 8:50:21 AM] (2303) Auto-excluding /home/ubuntu/airflow-venv
2024-08-03 08:50:21.752 [info] [Info  - 8:50:21 AM] (2303) Found 2 source files
2024-08-03 08:50:22.645 [info] [Info  - 8:50:22 AM] (2303) Auto-excluding /home/ubuntu/airflow-venv
2024-08-03 08:50:22.646 [info] [Info  - 8:50:22 AM] (2303) Found 2 source files
2024-08-03 08:50:23.000 [info] [Info  - 8:50:23 AM] (2303) Auto-excluding /home/ubuntu/airflow-venv
2024-08-03 08:50:23.003 [info] [Info  - 8:50:23 AM] (2303) Found 2 source files
2024-08-03 08:50:27.883 [info] [Info  - 8:50:27 AM] (2303) [BG(1)] Long operation: checking: file:///home/ubuntu/airflow/dags/weather_dags.py (4469ms)
2024-08-03 08:50:27.884 [info] [Info  - 8:50:27 AM] (2303) [BG(1)] Long operation: analyzing: file:///home/ubuntu/airflow/dags/weather_dags.py (4676ms)
2024-08-03 08:50:27.911 [info] [Info  - 8:50:27 AM] (2303) Auto-excluding /home/ubuntu/airflow-venv
2024-08-03 08:50:27.913 [info] [Info  - 8:50:27 AM] (2303) Found 2 source files
2024-08-03 08:50:30.651 [info] [Info  - 8:50:30 AM] (2303) [BG(1)] Long operation: checking: file:///home/ubuntu/airflow/dags/weather_dags.py (2642ms)
2024-08-03 08:50:30.651 [info] [Info  - 8:50:30 AM] (2303) [BG(1)] Long operation: analyzing: file:///home/ubuntu/airflow/dags/weather_dags.py (2716ms)
2024-08-03 08:50:33.741 [info] [Info  - 8:50:33 AM] (2303) Indexer background runner(3) root directory: file:///home/ubuntu/.vscode-server/extensions/ms-python.vscode-pylance-2024.7.1/dist (refresh)
2024-08-03 08:50:33.742 [info] [Info  - 8:50:33 AM] (2303) Indexing(3) started
2024-08-03 08:50:34.824 [info] [Info  - 8:50:34 AM] (2303) scanned(3) 158 files over 1 exec env
2024-08-03 08:50:35.919 [info] [Info  - 8:50:35 AM] (2303) indexed(3) 129 files over 1 exec env
2024-08-03 08:50:35.925 [info] [Info  - 8:50:35 AM] (2303) [BG(1)] Long operation: checking: file:///home/ubuntu/airflow/dags/weather_dags.py (2934ms)
2024-08-03 08:50:35.925 [info] [Info  - 8:50:35 AM] (2303) [BG(1)] Long operation: analyzing: file:///home/ubuntu/airflow/dags/weather_dags.py (3020ms)
2024-08-03 08:50:36.026 [info] [Info  - 8:50:36 AM] (2303) Indexing finished(3).
2024-08-03 08:53:34.131 [info] [Info  - 8:53:34 AM] (2303) Starting service instance "<default>"
2024-08-03 08:53:34.187 [info] [Info  - 8:53:34 AM] (2303) Setting pythonPath for service "<default>": "/home/ubuntu/airflow-venv/bin/python"
2024-08-03 08:53:34.187 [info] [Info  - 8:53:34 AM] (2303) Setting environmentName for service "<default>": "3.12.3 (airflow-venv venv)"
2024-08-03 08:53:34.193 [info] [Info  - 8:53:34 AM] (2303) No include entries specified; assuming /<default workspace root>
2024-08-03 08:53:34.193 [info] [Info  - 8:53:34 AM] (2303) Auto-excluding **/node_modules
2024-08-03 08:53:34.193 [info] [Info  - 8:53:34 AM] (2303) Auto-excluding **/__pycache__
2024-08-03 08:53:34.193 [info] [Info  - 8:53:34 AM] (2303) Auto-excluding **/.*
2024-08-03 08:53:34.308 [info] [Info  - 8:53:34 AM] (2303) Assuming Python version 3.12.3.final.0
2024-08-03 08:53:34.428 [info] [Error - 8:53:34 AM] (2303) File or directory "/<default workspace root>" does not exist.
2024-08-03 08:53:34.429 [info] [Info  - 8:53:34 AM] (2303) No source files found.
2024-08-03 08:53:35.214 [info] [Info  - 8:53:35 AM] (2303) Background analysis(4) root directory: file:///home/ubuntu/.vscode-server/extensions/ms-python.vscode-pylance-2024.7.1/dist
2024-08-03 08:53:35.219 [info] [Info  - 8:53:35 AM] (2303) Background analysis(4) started
2024-08-03 09:10:00.081 [info] [Info  - 9:10:00 AM] (2303) Setting pythonPath for service "ubuntu": "/home/ubuntu/airflow-venv/bin/python"
2024-08-03 09:10:00.083 [info] [Info  - 9:10:00 AM] (2303) Setting environmentName for service "ubuntu": "3.12.3 (airflow-venv venv)"
2024-08-03 09:10:00.083 [info] [Info  - 9:10:00 AM] (2303) No include entries specified; assuming /home/ubuntu
2024-08-03 09:10:00.083 [info] [Info  - 9:10:00 AM] (2303) Auto-excluding **/node_modules
2024-08-03 09:10:00.083 [info] [Info  - 9:10:00 AM] (2303) Auto-excluding **/__pycache__
2024-08-03 09:10:00.083 [info] [Info  - 9:10:00 AM] (2303) Auto-excluding **/.*
2024-08-03 09:10:00.122 [info] [Info  - 9:10:00 AM] (2303) Assuming Python version 3.12.3.final.0
2024-08-03 09:10:00.213 [info] [Info  - 9:10:00 AM] (2303) Auto-excluding /home/ubuntu/airflow-venv
2024-08-03 09:10:00.217 [info] [Info  - 9:10:00 AM] (2303) Found 2 source files
2024-08-03 09:10:00.412 [info] [Info  - 9:10:00 AM] (2303) Setting pythonPath for service "<default>": "/home/ubuntu/airflow-venv/bin/python"
2024-08-03 09:10:00.414 [info] [Info  - 9:10:00 AM] (2303) Setting environmentName for service "<default>": "3.12.3 (airflow-venv venv)"
2024-08-03 09:10:00.414 [info] [Info  - 9:10:00 AM] (2303) No include entries specified; assuming /<default workspace root>
2024-08-03 09:10:00.414 [info] [Info  - 9:10:00 AM] (2303) Auto-excluding **/node_modules
2024-08-03 09:10:00.415 [info] [Info  - 9:10:00 AM] (2303) Auto-excluding **/__pycache__
2024-08-03 09:10:00.415 [info] [Info  - 9:10:00 AM] (2303) Auto-excluding **/.*
2024-08-03 09:10:00.497 [info] [Info  - 9:10:00 AM] (2303) Assuming Python version 3.12.3.final.0
2024-08-03 09:10:00.672 [info] [Error - 9:10:00 AM] (2303) File or directory "/<default workspace root>" does not exist.
2024-08-03 09:10:00.675 [info] [Info  - 9:10:00 AM] (2303) No source files found.
2024-08-03 09:10:01.309 [info] [Info  - 9:10:01 AM] (2303) Indexer background runner(5) root directory: file:///home/ubuntu/.vscode-server/extensions/ms-python.vscode-pylance-2024.7.1/dist (index)
2024-08-03 09:10:01.310 [info] [Info  - 9:10:01 AM] (2303) Indexing(5) started
2024-08-03 09:10:03.180 [info] [Info  - 9:10:03 AM] (2303) scanned(5) 158 files over 1 exec env
2024-08-03 09:10:06.246 [info] [Info  - 9:10:06 AM] (2303) [BG(1)] Long operation: checking: file:///home/ubuntu/airflow/dags/weather_dags.py (5459ms)
2024-08-03 09:10:06.247 [info] [Info  - 9:10:06 AM] (2303) [BG(1)] Long operation: analyzing: file:///home/ubuntu/airflow/dags/weather_dags.py (5832ms)
2024-08-03 09:10:07.410 [info] [Info  - 9:10:07 AM] (2303) [IDX(5)] Long operation: index execution environment file:///home/ubuntu (3678ms)
2024-08-03 09:10:07.411 [info] [Info  - 9:10:07 AM] (2303) [IDX(5)] Long operation: index packages file:///home/ubuntu (3711ms)
2024-08-03 09:10:07.411 [info] [Info  - 9:10:07 AM] (2303) indexed(5) 129 files over 1 exec env
2024-08-03 09:10:07.575 [info] [Info  - 9:10:07 AM] (2303) Indexing finished(5).
