[2024-07-31T19:26:50.655+0000] {local_task_job_runner.py:120} INFO - ::group::Pre task execution logs
[2024-07-31T19:26:50.668+0000] {taskinstance.py:2076} INFO - Dependencies all met for dep_context=non-requeueable deps ti=<TaskInstance: weather-app.extract_weather_data manual__2024-07-31T19:26:43.324703+00:00 [queued]>
[2024-07-31T19:26:50.674+0000] {taskinstance.py:2076} INFO - Dependencies all met for dep_context=requeueable deps ti=<TaskInstance: weather-app.extract_weather_data manual__2024-07-31T19:26:43.324703+00:00 [queued]>
[2024-07-31T19:26:50.674+0000] {taskinstance.py:2306} INFO - Starting attempt 1 of 3
[2024-07-31T19:26:50.691+0000] {taskinstance.py:2330} INFO - Executing <Task(SimpleHttpOperator): extract_weather_data> on 2024-07-31 19:26:43.324703+00:00
[2024-07-31T19:26:50.696+0000] {standard_task_runner.py:64} INFO - Started process 6110 to run task
[2024-07-31T19:26:50.699+0000] {standard_task_runner.py:90} INFO - Running: ['airflow', 'tasks', 'run', 'weather-app', 'extract_weather_data', 'manual__2024-07-31T19:26:43.324703+00:00', '--job-id', '15', '--raw', '--subdir', 'DAGS_FOLDER/weather_dags.py', '--cfg-path', '/tmp/tmpb43bh6z6']
[2024-07-31T19:26:50.700+0000] {standard_task_runner.py:91} INFO - Job 15: Subtask extract_weather_data
[2024-07-31T19:26:50.801+0000] {task_command.py:426} INFO - Running <TaskInstance: weather-app.extract_weather_data manual__2024-07-31T19:26:43.324703+00:00 [running]> on host ip-172-31-15-224.ap-southeast-2.compute.internal
[2024-07-31T19:26:50.878+0000] {taskinstance.py:2648} INFO - Exporting env vars: AIRFLOW_CTX_DAG_OWNER='airflow' AIRFLOW_CTX_DAG_ID='weather-app' AIRFLOW_CTX_TASK_ID='extract_weather_data' AIRFLOW_CTX_EXECUTION_DATE='2024-07-31T19:26:43.324703+00:00' AIRFLOW_CTX_TRY_NUMBER='1' AIRFLOW_CTX_DAG_RUN_ID='manual__2024-07-31T19:26:43.324703+00:00'
[2024-07-31T19:26:50.879+0000] {taskinstance.py:430} INFO - ::endgroup::
[2024-07-31T19:26:50.879+0000] {http.py:173} INFO - Calling HTTP method
[2024-07-31T19:26:50.884+0000] {base.py:84} INFO - Using connection ID 'weatherapp_api' for task execution.
[2024-07-31T19:26:50.887+0000] {base.py:84} INFO - Using connection ID 'weatherapp_api' for task execution.
[2024-07-31T19:26:51.178+0000] {http.py:222} INFO - {"coord":{"lon":-122.6762,"lat":45.5234},"weather":[{"id":800,"main":"Clear","description":"clear sky","icon":"01d"}],"base":"stations","main":{"temp":298.7,"feels_like":299.01,"temp_min":297.17,"temp_max":300.66,"pressure":1016,"humidity":65,"sea_level":1016,"grnd_level":1014},"visibility":10000,"wind":{"speed":1.34,"deg":45,"gust":2.24},"clouds":{"all":0},"dt":1722453820,"sys":{"type":2,"id":2008548,"country":"US","sunrise":1722430442,"sunset":1722483596},"timezone":-25200,"id":5746545,"name":"Portland","cod":200}
[2024-07-31T19:26:51.179+0000] {taskinstance.py:441} INFO - ::group::Post task execution logs
[2024-07-31T19:26:51.195+0000] {taskinstance.py:1206} INFO - Marking task as SUCCESS. dag_id=weather-app, task_id=extract_weather_data, run_id=manual__2024-07-31T19:26:43.324703+00:00, execution_date=20240731T192643, start_date=20240731T192650, end_date=20240731T192651
[2024-07-31T19:26:51.232+0000] {local_task_job_runner.py:243} INFO - Task exited with return code 0
[2024-07-31T19:26:51.243+0000] {logging_mixin.py:188} WARNING - /home/ubuntu/airflow-venv/lib/python3.12/site-packages/airflow/models/baseoperator.py:1297 AirflowProviderDeprecationWarning: Call to deprecated class SimpleHttpOperator. (Class `SimpleHttpOperator` is deprecated and will be removed in a future release. Please use `HttpOperator` instead.)
[2024-07-31T19:26:51.252+0000] {taskinstance.py:3503} INFO - 1 downstream tasks scheduled from follow-on schedule check
[2024-07-31T19:26:51.263+0000] {local_task_job_runner.py:222} INFO - ::endgroup::
