[2024-08-03T08:35:08.645+0000] {local_task_job_runner.py:120} INFO - ::group::Pre task execution logs
[2024-08-03T08:35:08.655+0000] {taskinstance.py:2076} INFO - Dependencies all met for dep_context=non-requeueable deps ti=<TaskInstance: weather-app.transform_weather_data manual__2024-07-31T19:33:11.312141+00:00 [queued]>
[2024-08-03T08:35:08.661+0000] {taskinstance.py:2076} INFO - Dependencies all met for dep_context=requeueable deps ti=<TaskInstance: weather-app.transform_weather_data manual__2024-07-31T19:33:11.312141+00:00 [queued]>
[2024-08-03T08:35:08.661+0000] {taskinstance.py:2306} INFO - Starting attempt 3 of 3
[2024-08-03T08:35:08.679+0000] {taskinstance.py:2330} INFO - Executing <Task(PythonOperator): transform_weather_data> on 2024-07-31 19:33:11.312141+00:00
[2024-08-03T08:35:08.685+0000] {standard_task_runner.py:64} INFO - Started process 2118 to run task
[2024-08-03T08:35:08.688+0000] {standard_task_runner.py:90} INFO - Running: ['airflow', 'tasks', 'run', 'weather-app', 'transform_weather_data', 'manual__2024-07-31T19:33:11.312141+00:00', '--job-id', '53', '--raw', '--subdir', 'DAGS_FOLDER/weather_dags.py', '--cfg-path', '/tmp/tmpcno7doe1']
[2024-08-03T08:35:08.689+0000] {standard_task_runner.py:91} INFO - Job 53: Subtask transform_weather_data
[2024-08-03T08:35:08.726+0000] {task_command.py:426} INFO - Running <TaskInstance: weather-app.transform_weather_data manual__2024-07-31T19:33:11.312141+00:00 [running]> on host ip-172-31-15-224.ap-southeast-2.compute.internal
[2024-08-03T08:35:08.790+0000] {taskinstance.py:2648} INFO - Exporting env vars: AIRFLOW_CTX_DAG_OWNER='airflow' AIRFLOW_CTX_DAG_ID='weather-app' AIRFLOW_CTX_TASK_ID='transform_weather_data' AIRFLOW_CTX_EXECUTION_DATE='2024-07-31T19:33:11.312141+00:00' AIRFLOW_CTX_TRY_NUMBER='3' AIRFLOW_CTX_DAG_RUN_ID='manual__2024-07-31T19:33:11.312141+00:00'
[2024-08-03T08:35:08.792+0000] {taskinstance.py:430} INFO - ::endgroup::
[2024-08-03T08:35:08.800+0000] {taskinstance.py:441} INFO - ::group::Post task execution logs
[2024-08-03T08:35:08.801+0000] {taskinstance.py:2905} ERROR - Task failed with exception
Traceback (most recent call last):
  File "/home/ubuntu/airflow-venv/lib/python3.12/site-packages/airflow/models/taskinstance.py", line 465, in _execute_task
    result = _execute_callable(context=context, **execute_callable_kwargs)
             ^^^^^^^^^^^^^^^^^^^^^^^^^^^^^^^^^^^^^^^^^^^^^^^^^^^^^^^^^^^^^
  File "/home/ubuntu/airflow-venv/lib/python3.12/site-packages/airflow/models/taskinstance.py", line 432, in _execute_callable
    return execute_callable(context=context, **execute_callable_kwargs)
           ^^^^^^^^^^^^^^^^^^^^^^^^^^^^^^^^^^^^^^^^^^^^^^^^^^^^^^^^^^^^
  File "/home/ubuntu/airflow-venv/lib/python3.12/site-packages/airflow/models/baseoperator.py", line 401, in wrapper
    return func(self, *args, **kwargs)
           ^^^^^^^^^^^^^^^^^^^^^^^^^^^
  File "/home/ubuntu/airflow-venv/lib/python3.12/site-packages/airflow/operators/python.py", line 235, in execute
    return_value = self.execute_callable()
                   ^^^^^^^^^^^^^^^^^^^^^^^
  File "/home/ubuntu/airflow-venv/lib/python3.12/site-packages/airflow/operators/python.py", line 252, in execute_callable
    return self.python_callable(*self.op_args, **self.op_kwargs)
           ^^^^^^^^^^^^^^^^^^^^^^^^^^^^^^^^^^^^^^^^^^^^^^^^^^^^^
  File "/home/ubuntu/airflow/dags/weather_dags.py", line 51, in transform_data
    df_data.to_csv(f"{df_string}.csv",index-False)
                      ^^^^^^^^^
NameError: name 'df_string' is not defined. Did you mean: 'dt_string'?
[2024-08-03T08:35:08.807+0000] {taskinstance.py:1206} INFO - Marking task as FAILED. dag_id=weather-app, task_id=transform_weather_data, run_id=manual__2024-07-31T19:33:11.312141+00:00, execution_date=20240731T193311, start_date=20240803T083508, end_date=20240803T083508
[2024-08-03T08:35:08.819+0000] {standard_task_runner.py:110} ERROR - Failed to execute job 53 for task transform_weather_data (name 'df_string' is not defined; 2118)
[2024-08-03T08:35:08.860+0000] {local_task_job_runner.py:243} INFO - Task exited with return code 1
[2024-08-03T08:35:08.872+0000] {taskinstance.py:3503} INFO - 0 downstream tasks scheduled from follow-on schedule check
[2024-08-03T08:35:08.872+0000] {local_task_job_runner.py:222} INFO - ::endgroup::
