[2024-07-31T19:33:17.885+0000] {local_task_job_runner.py:120} INFO - ::group::Pre task execution logs
[2024-07-31T19:33:17.897+0000] {taskinstance.py:2076} INFO - Dependencies all met for dep_context=non-requeueable deps ti=<TaskInstance: weather-app.extract_weather_data manual__2024-07-31T19:33:07.346787+00:00 [queued]>
[2024-07-31T19:33:17.904+0000] {taskinstance.py:2076} INFO - Dependencies all met for dep_context=requeueable deps ti=<TaskInstance: weather-app.extract_weather_data manual__2024-07-31T19:33:07.346787+00:00 [queued]>
[2024-07-31T19:33:17.905+0000] {taskinstance.py:2306} INFO - Starting attempt 1 of 3
[2024-07-31T19:33:17.922+0000] {taskinstance.py:2330} INFO - Executing <Task(SimpleHttpOperator): extract_weather_data> on 2024-07-31 19:33:07.346787+00:00
[2024-07-31T19:33:17.928+0000] {standard_task_runner.py:64} INFO - Started process 6526 to run task
[2024-07-31T19:33:17.931+0000] {standard_task_runner.py:90} INFO - Running: ['airflow', 'tasks', 'run', 'weather-app', 'extract_weather_data', 'manual__2024-07-31T19:33:07.346787+00:00', '--job-id', '30', '--raw', '--subdir', 'DAGS_FOLDER/weather_dags.py', '--cfg-path', '/tmp/tmpvmjxrxbi']
[2024-07-31T19:33:17.932+0000] {standard_task_runner.py:91} INFO - Job 30: Subtask extract_weather_data
[2024-07-31T19:33:17.971+0000] {task_command.py:426} INFO - Running <TaskInstance: weather-app.extract_weather_data manual__2024-07-31T19:33:07.346787+00:00 [running]> on host ip-172-31-15-224.ap-southeast-2.compute.internal
[2024-07-31T19:33:18.038+0000] {taskinstance.py:2648} INFO - Exporting env vars: AIRFLOW_CTX_DAG_OWNER='airflow' AIRFLOW_CTX_DAG_ID='weather-app' AIRFLOW_CTX_TASK_ID='extract_weather_data' AIRFLOW_CTX_EXECUTION_DATE='2024-07-31T19:33:07.346787+00:00' AIRFLOW_CTX_TRY_NUMBER='1' AIRFLOW_CTX_DAG_RUN_ID='manual__2024-07-31T19:33:07.346787+00:00'
[2024-07-31T19:33:18.039+0000] {taskinstance.py:430} INFO - ::endgroup::
[2024-07-31T19:33:18.039+0000] {http.py:173} INFO - Calling HTTP method
[2024-07-31T19:33:18.043+0000] {base.py:84} INFO - Using connection ID 'weatherapp_api' for task execution.
[2024-07-31T19:33:18.046+0000] {base.py:84} INFO - Using connection ID 'weatherapp_api' for task execution.
[2024-07-31T19:33:18.338+0000] {http.py:222} INFO - {"coord":{"lon":-122.6762,"lat":45.5234},"weather":[{"id":800,"main":"Clear","description":"clear sky","icon":"01d"}],"base":"stations","main":{"temp":299,"feels_like":299.31,"temp_min":297.47,"temp_max":300.96,"pressure":1015,"humidity":64,"sea_level":1015,"grnd_level":1014},"visibility":10000,"wind":{"speed":0.89,"deg":10,"gust":2.68},"clouds":{"all":0},"dt":1722454319,"sys":{"type":2,"id":2008548,"country":"US","sunrise":1722430442,"sunset":1722483596},"timezone":-25200,"id":5746545,"name":"Portland","cod":200}
[2024-07-31T19:33:18.339+0000] {taskinstance.py:441} INFO - ::group::Post task execution logs
[2024-07-31T19:33:18.363+0000] {taskinstance.py:1206} INFO - Marking task as SUCCESS. dag_id=weather-app, task_id=extract_weather_data, run_id=manual__2024-07-31T19:33:07.346787+00:00, execution_date=20240731T193307, start_date=20240731T193317, end_date=20240731T193318
[2024-07-31T19:33:18.383+0000] {local_task_job_runner.py:243} INFO - Task exited with return code 0
[2024-07-31T19:33:18.394+0000] {logging_mixin.py:188} WARNING - /home/ubuntu/airflow-venv/lib/python3.12/site-packages/airflow/models/baseoperator.py:1297 AirflowProviderDeprecationWarning: Call to deprecated class SimpleHttpOperator. (Class `SimpleHttpOperator` is deprecated and will be removed in a future release. Please use `HttpOperator` instead.)
[2024-07-31T19:33:18.404+0000] {taskinstance.py:3503} INFO - 1 downstream tasks scheduled from follow-on schedule check
[2024-07-31T19:33:18.410+0000] {local_task_job_runner.py:222} INFO - ::endgroup::
