[2024-08-03T08:30:48.233+0000] {processor.py:161} INFO - Started process (PID=1825) to work on /home/ubuntu/airflow-venv/lib/python3.12/site-packages/airflow/example_dags/example_nested_branch_dag.py
[2024-08-03T08:30:48.234+0000] {processor.py:830} INFO - Processing file /home/ubuntu/airflow-venv/lib/python3.12/site-packages/airflow/example_dags/example_nested_branch_dag.py for tasks to queue
[2024-08-03T08:30:48.236+0000] {logging_mixin.py:188} INFO - [2024-08-03T08:30:48.236+0000] {dagbag.py:545} INFO - Filling up the DagBag from /home/ubuntu/airflow-venv/lib/python3.12/site-packages/airflow/example_dags/example_nested_branch_dag.py
[2024-08-03T08:30:48.247+0000] {processor.py:840} INFO - DAG(s) 'example_nested_branch_dag' retrieved from /home/ubuntu/airflow-venv/lib/python3.12/site-packages/airflow/example_dags/example_nested_branch_dag.py
[2024-08-03T08:30:48.356+0000] {logging_mixin.py:188} INFO - [2024-08-03T08:30:48.355+0000] {dag.py:3089} INFO - Sync 1 DAGs
[2024-08-03T08:30:48.375+0000] {logging_mixin.py:188} INFO - [2024-08-03T08:30:48.374+0000] {dag.py:3947} INFO - Setting next_dagrun for example_nested_branch_dag to 2024-08-02 00:00:00+00:00, run_after=2024-08-03 00:00:00+00:00
[2024-08-03T08:30:48.401+0000] {processor.py:183} INFO - Processing /home/ubuntu/airflow-venv/lib/python3.12/site-packages/airflow/example_dags/example_nested_branch_dag.py took 0.174 seconds
[2024-08-03T08:31:43.019+0000] {processor.py:161} INFO - Started process (PID=1886) to work on /home/ubuntu/airflow-venv/lib/python3.12/site-packages/airflow/example_dags/example_nested_branch_dag.py
[2024-08-03T08:31:43.020+0000] {processor.py:830} INFO - Processing file /home/ubuntu/airflow-venv/lib/python3.12/site-packages/airflow/example_dags/example_nested_branch_dag.py for tasks to queue
[2024-08-03T08:31:43.022+0000] {logging_mixin.py:188} INFO - [2024-08-03T08:31:43.022+0000] {dagbag.py:545} INFO - Filling up the DagBag from /home/ubuntu/airflow-venv/lib/python3.12/site-packages/airflow/example_dags/example_nested_branch_dag.py
[2024-08-03T08:31:43.033+0000] {processor.py:840} INFO - DAG(s) 'example_nested_branch_dag' retrieved from /home/ubuntu/airflow-venv/lib/python3.12/site-packages/airflow/example_dags/example_nested_branch_dag.py
[2024-08-03T08:31:43.051+0000] {logging_mixin.py:188} INFO - [2024-08-03T08:31:43.051+0000] {dag.py:3089} INFO - Sync 1 DAGs
[2024-08-03T08:31:43.072+0000] {logging_mixin.py:188} INFO - [2024-08-03T08:31:43.072+0000] {dag.py:3947} INFO - Setting next_dagrun for example_nested_branch_dag to 2024-08-02 00:00:00+00:00, run_after=2024-08-03 00:00:00+00:00
[2024-08-03T08:31:43.097+0000] {processor.py:183} INFO - Processing /home/ubuntu/airflow-venv/lib/python3.12/site-packages/airflow/example_dags/example_nested_branch_dag.py took 0.084 seconds
[2024-08-03T08:33:16.040+0000] {processor.py:161} INFO - Started process (PID=1990) to work on /home/ubuntu/airflow-venv/lib/python3.12/site-packages/airflow/example_dags/example_nested_branch_dag.py
[2024-08-03T08:33:16.042+0000] {processor.py:830} INFO - Processing file /home/ubuntu/airflow-venv/lib/python3.12/site-packages/airflow/example_dags/example_nested_branch_dag.py for tasks to queue
[2024-08-03T08:33:16.044+0000] {logging_mixin.py:188} INFO - [2024-08-03T08:33:16.043+0000] {dagbag.py:545} INFO - Filling up the DagBag from /home/ubuntu/airflow-venv/lib/python3.12/site-packages/airflow/example_dags/example_nested_branch_dag.py
[2024-08-03T08:33:16.055+0000] {processor.py:840} INFO - DAG(s) 'example_nested_branch_dag' retrieved from /home/ubuntu/airflow-venv/lib/python3.12/site-packages/airflow/example_dags/example_nested_branch_dag.py
[2024-08-03T08:33:16.166+0000] {logging_mixin.py:188} INFO - [2024-08-03T08:33:16.166+0000] {dag.py:3089} INFO - Sync 1 DAGs
[2024-08-03T08:33:16.185+0000] {logging_mixin.py:188} INFO - [2024-08-03T08:33:16.185+0000] {dag.py:3947} INFO - Setting next_dagrun for example_nested_branch_dag to 2024-08-02 00:00:00+00:00, run_after=2024-08-03 00:00:00+00:00
[2024-08-03T08:33:16.211+0000] {processor.py:183} INFO - Processing /home/ubuntu/airflow-venv/lib/python3.12/site-packages/airflow/example_dags/example_nested_branch_dag.py took 0.177 seconds
[2024-08-03T08:34:12.032+0000] {processor.py:161} INFO - Started process (PID=2047) to work on /home/ubuntu/airflow-venv/lib/python3.12/site-packages/airflow/example_dags/example_nested_branch_dag.py
[2024-08-03T08:34:12.034+0000] {processor.py:830} INFO - Processing file /home/ubuntu/airflow-venv/lib/python3.12/site-packages/airflow/example_dags/example_nested_branch_dag.py for tasks to queue
[2024-08-03T08:34:12.036+0000] {logging_mixin.py:188} INFO - [2024-08-03T08:34:12.035+0000] {dagbag.py:545} INFO - Filling up the DagBag from /home/ubuntu/airflow-venv/lib/python3.12/site-packages/airflow/example_dags/example_nested_branch_dag.py
[2024-08-03T08:34:12.047+0000] {processor.py:840} INFO - DAG(s) 'example_nested_branch_dag' retrieved from /home/ubuntu/airflow-venv/lib/python3.12/site-packages/airflow/example_dags/example_nested_branch_dag.py
[2024-08-03T08:34:12.066+0000] {logging_mixin.py:188} INFO - [2024-08-03T08:34:12.066+0000] {dag.py:3089} INFO - Sync 1 DAGs
[2024-08-03T08:34:12.088+0000] {logging_mixin.py:188} INFO - [2024-08-03T08:34:12.088+0000] {dag.py:3947} INFO - Setting next_dagrun for example_nested_branch_dag to 2024-08-02 00:00:00+00:00, run_after=2024-08-03 00:00:00+00:00
[2024-08-03T08:34:12.112+0000] {processor.py:183} INFO - Processing /home/ubuntu/airflow-venv/lib/python3.12/site-packages/airflow/example_dags/example_nested_branch_dag.py took 0.086 seconds
[2024-08-03T08:35:26.248+0000] {processor.py:161} INFO - Started process (PID=2137) to work on /home/ubuntu/airflow-venv/lib/python3.12/site-packages/airflow/example_dags/example_nested_branch_dag.py
[2024-08-03T08:35:26.249+0000] {processor.py:830} INFO - Processing file /home/ubuntu/airflow-venv/lib/python3.12/site-packages/airflow/example_dags/example_nested_branch_dag.py for tasks to queue
[2024-08-03T08:35:26.251+0000] {logging_mixin.py:188} INFO - [2024-08-03T08:35:26.251+0000] {dagbag.py:545} INFO - Filling up the DagBag from /home/ubuntu/airflow-venv/lib/python3.12/site-packages/airflow/example_dags/example_nested_branch_dag.py
[2024-08-03T08:35:26.262+0000] {processor.py:840} INFO - DAG(s) 'example_nested_branch_dag' retrieved from /home/ubuntu/airflow-venv/lib/python3.12/site-packages/airflow/example_dags/example_nested_branch_dag.py
[2024-08-03T08:35:26.282+0000] {logging_mixin.py:188} INFO - [2024-08-03T08:35:26.282+0000] {dag.py:3089} INFO - Sync 1 DAGs
[2024-08-03T08:35:26.304+0000] {logging_mixin.py:188} INFO - [2024-08-03T08:35:26.304+0000] {dag.py:3947} INFO - Setting next_dagrun for example_nested_branch_dag to 2024-08-02 00:00:00+00:00, run_after=2024-08-03 00:00:00+00:00
[2024-08-03T08:35:26.328+0000] {processor.py:183} INFO - Processing /home/ubuntu/airflow-venv/lib/python3.12/site-packages/airflow/example_dags/example_nested_branch_dag.py took 0.086 seconds
[2024-08-03T08:36:19.267+0000] {processor.py:161} INFO - Started process (PID=2191) to work on /home/ubuntu/airflow-venv/lib/python3.12/site-packages/airflow/example_dags/example_nested_branch_dag.py
[2024-08-03T08:36:19.269+0000] {processor.py:830} INFO - Processing file /home/ubuntu/airflow-venv/lib/python3.12/site-packages/airflow/example_dags/example_nested_branch_dag.py for tasks to queue
[2024-08-03T08:36:19.271+0000] {logging_mixin.py:188} INFO - [2024-08-03T08:36:19.270+0000] {dagbag.py:545} INFO - Filling up the DagBag from /home/ubuntu/airflow-venv/lib/python3.12/site-packages/airflow/example_dags/example_nested_branch_dag.py
[2024-08-03T08:36:19.282+0000] {processor.py:840} INFO - DAG(s) 'example_nested_branch_dag' retrieved from /home/ubuntu/airflow-venv/lib/python3.12/site-packages/airflow/example_dags/example_nested_branch_dag.py
[2024-08-03T08:36:19.301+0000] {logging_mixin.py:188} INFO - [2024-08-03T08:36:19.301+0000] {dag.py:3089} INFO - Sync 1 DAGs
[2024-08-03T08:36:19.323+0000] {logging_mixin.py:188} INFO - [2024-08-03T08:36:19.323+0000] {dag.py:3947} INFO - Setting next_dagrun for example_nested_branch_dag to 2024-08-02 00:00:00+00:00, run_after=2024-08-03 00:00:00+00:00
[2024-08-03T08:36:19.348+0000] {processor.py:183} INFO - Processing /home/ubuntu/airflow-venv/lib/python3.12/site-packages/airflow/example_dags/example_nested_branch_dag.py took 0.087 seconds
[2024-08-03T08:37:17.475+0000] {processor.py:161} INFO - Started process (PID=2258) to work on /home/ubuntu/airflow-venv/lib/python3.12/site-packages/airflow/example_dags/example_nested_branch_dag.py
[2024-08-03T08:37:17.477+0000] {processor.py:830} INFO - Processing file /home/ubuntu/airflow-venv/lib/python3.12/site-packages/airflow/example_dags/example_nested_branch_dag.py for tasks to queue
[2024-08-03T08:37:17.478+0000] {logging_mixin.py:188} INFO - [2024-08-03T08:37:17.478+0000] {dagbag.py:545} INFO - Filling up the DagBag from /home/ubuntu/airflow-venv/lib/python3.12/site-packages/airflow/example_dags/example_nested_branch_dag.py
[2024-08-03T08:37:17.489+0000] {processor.py:840} INFO - DAG(s) 'example_nested_branch_dag' retrieved from /home/ubuntu/airflow-venv/lib/python3.12/site-packages/airflow/example_dags/example_nested_branch_dag.py
[2024-08-03T08:37:17.507+0000] {logging_mixin.py:188} INFO - [2024-08-03T08:37:17.507+0000] {dag.py:3089} INFO - Sync 1 DAGs
[2024-08-03T08:37:17.528+0000] {logging_mixin.py:188} INFO - [2024-08-03T08:37:17.528+0000] {dag.py:3947} INFO - Setting next_dagrun for example_nested_branch_dag to 2024-08-02 00:00:00+00:00, run_after=2024-08-03 00:00:00+00:00
[2024-08-03T08:37:17.552+0000] {processor.py:183} INFO - Processing /home/ubuntu/airflow-venv/lib/python3.12/site-packages/airflow/example_dags/example_nested_branch_dag.py took 0.082 seconds
[2024-08-03T08:38:09.307+0000] {processor.py:161} INFO - Started process (PID=2342) to work on /home/ubuntu/airflow-venv/lib/python3.12/site-packages/airflow/example_dags/example_nested_branch_dag.py
[2024-08-03T08:38:09.309+0000] {processor.py:830} INFO - Processing file /home/ubuntu/airflow-venv/lib/python3.12/site-packages/airflow/example_dags/example_nested_branch_dag.py for tasks to queue
[2024-08-03T08:38:09.310+0000] {logging_mixin.py:188} INFO - [2024-08-03T08:38:09.310+0000] {dagbag.py:545} INFO - Filling up the DagBag from /home/ubuntu/airflow-venv/lib/python3.12/site-packages/airflow/example_dags/example_nested_branch_dag.py
[2024-08-03T08:38:09.321+0000] {processor.py:840} INFO - DAG(s) 'example_nested_branch_dag' retrieved from /home/ubuntu/airflow-venv/lib/python3.12/site-packages/airflow/example_dags/example_nested_branch_dag.py
[2024-08-03T08:38:09.339+0000] {logging_mixin.py:188} INFO - [2024-08-03T08:38:09.339+0000] {dag.py:3089} INFO - Sync 1 DAGs
[2024-08-03T08:38:09.360+0000] {logging_mixin.py:188} INFO - [2024-08-03T08:38:09.359+0000] {dag.py:3947} INFO - Setting next_dagrun for example_nested_branch_dag to 2024-08-02 00:00:00+00:00, run_after=2024-08-03 00:00:00+00:00
[2024-08-03T08:38:09.383+0000] {processor.py:183} INFO - Processing /home/ubuntu/airflow-venv/lib/python3.12/site-packages/airflow/example_dags/example_nested_branch_dag.py took 0.082 seconds
[2024-08-03T08:39:06.153+0000] {processor.py:161} INFO - Started process (PID=2404) to work on /home/ubuntu/airflow-venv/lib/python3.12/site-packages/airflow/example_dags/example_nested_branch_dag.py
[2024-08-03T08:39:06.154+0000] {processor.py:830} INFO - Processing file /home/ubuntu/airflow-venv/lib/python3.12/site-packages/airflow/example_dags/example_nested_branch_dag.py for tasks to queue
[2024-08-03T08:39:06.156+0000] {logging_mixin.py:188} INFO - [2024-08-03T08:39:06.156+0000] {dagbag.py:545} INFO - Filling up the DagBag from /home/ubuntu/airflow-venv/lib/python3.12/site-packages/airflow/example_dags/example_nested_branch_dag.py
[2024-08-03T08:39:06.168+0000] {processor.py:840} INFO - DAG(s) 'example_nested_branch_dag' retrieved from /home/ubuntu/airflow-venv/lib/python3.12/site-packages/airflow/example_dags/example_nested_branch_dag.py
[2024-08-03T08:39:06.186+0000] {logging_mixin.py:188} INFO - [2024-08-03T08:39:06.186+0000] {dag.py:3089} INFO - Sync 1 DAGs
[2024-08-03T08:39:06.208+0000] {logging_mixin.py:188} INFO - [2024-08-03T08:39:06.208+0000] {dag.py:3947} INFO - Setting next_dagrun for example_nested_branch_dag to 2024-08-02 00:00:00+00:00, run_after=2024-08-03 00:00:00+00:00
[2024-08-03T08:39:06.233+0000] {processor.py:183} INFO - Processing /home/ubuntu/airflow-venv/lib/python3.12/site-packages/airflow/example_dags/example_nested_branch_dag.py took 0.086 seconds
[2024-08-03T08:40:00.932+0000] {processor.py:161} INFO - Started process (PID=2464) to work on /home/ubuntu/airflow-venv/lib/python3.12/site-packages/airflow/example_dags/example_nested_branch_dag.py
[2024-08-03T08:40:00.934+0000] {processor.py:830} INFO - Processing file /home/ubuntu/airflow-venv/lib/python3.12/site-packages/airflow/example_dags/example_nested_branch_dag.py for tasks to queue
[2024-08-03T08:40:00.936+0000] {logging_mixin.py:188} INFO - [2024-08-03T08:40:00.935+0000] {dagbag.py:545} INFO - Filling up the DagBag from /home/ubuntu/airflow-venv/lib/python3.12/site-packages/airflow/example_dags/example_nested_branch_dag.py
[2024-08-03T08:40:00.947+0000] {processor.py:840} INFO - DAG(s) 'example_nested_branch_dag' retrieved from /home/ubuntu/airflow-venv/lib/python3.12/site-packages/airflow/example_dags/example_nested_branch_dag.py
[2024-08-03T08:40:00.965+0000] {logging_mixin.py:188} INFO - [2024-08-03T08:40:00.964+0000] {dag.py:3089} INFO - Sync 1 DAGs
[2024-08-03T08:40:00.986+0000] {logging_mixin.py:188} INFO - [2024-08-03T08:40:00.985+0000] {dag.py:3947} INFO - Setting next_dagrun for example_nested_branch_dag to 2024-08-02 00:00:00+00:00, run_after=2024-08-03 00:00:00+00:00
[2024-08-03T08:40:01.010+0000] {processor.py:183} INFO - Processing /home/ubuntu/airflow-venv/lib/python3.12/site-packages/airflow/example_dags/example_nested_branch_dag.py took 0.084 seconds
[2024-08-03T08:40:51.826+0000] {processor.py:161} INFO - Started process (PID=2524) to work on /home/ubuntu/airflow-venv/lib/python3.12/site-packages/airflow/example_dags/example_nested_branch_dag.py
[2024-08-03T08:40:51.827+0000] {processor.py:830} INFO - Processing file /home/ubuntu/airflow-venv/lib/python3.12/site-packages/airflow/example_dags/example_nested_branch_dag.py for tasks to queue
[2024-08-03T08:40:51.829+0000] {logging_mixin.py:188} INFO - [2024-08-03T08:40:51.829+0000] {dagbag.py:545} INFO - Filling up the DagBag from /home/ubuntu/airflow-venv/lib/python3.12/site-packages/airflow/example_dags/example_nested_branch_dag.py
[2024-08-03T08:40:51.840+0000] {processor.py:840} INFO - DAG(s) 'example_nested_branch_dag' retrieved from /home/ubuntu/airflow-venv/lib/python3.12/site-packages/airflow/example_dags/example_nested_branch_dag.py
[2024-08-03T08:40:51.859+0000] {logging_mixin.py:188} INFO - [2024-08-03T08:40:51.859+0000] {dag.py:3089} INFO - Sync 1 DAGs
[2024-08-03T08:40:51.881+0000] {logging_mixin.py:188} INFO - [2024-08-03T08:40:51.880+0000] {dag.py:3947} INFO - Setting next_dagrun for example_nested_branch_dag to 2024-08-02 00:00:00+00:00, run_after=2024-08-03 00:00:00+00:00
[2024-08-03T08:40:51.907+0000] {processor.py:183} INFO - Processing /home/ubuntu/airflow-venv/lib/python3.12/site-packages/airflow/example_dags/example_nested_branch_dag.py took 0.087 seconds
[2024-08-03T08:41:41.444+0000] {processor.py:161} INFO - Started process (PID=2578) to work on /home/ubuntu/airflow-venv/lib/python3.12/site-packages/airflow/example_dags/example_nested_branch_dag.py
[2024-08-03T08:41:41.445+0000] {processor.py:830} INFO - Processing file /home/ubuntu/airflow-venv/lib/python3.12/site-packages/airflow/example_dags/example_nested_branch_dag.py for tasks to queue
[2024-08-03T08:41:41.447+0000] {logging_mixin.py:188} INFO - [2024-08-03T08:41:41.447+0000] {dagbag.py:545} INFO - Filling up the DagBag from /home/ubuntu/airflow-venv/lib/python3.12/site-packages/airflow/example_dags/example_nested_branch_dag.py
[2024-08-03T08:41:41.459+0000] {processor.py:840} INFO - DAG(s) 'example_nested_branch_dag' retrieved from /home/ubuntu/airflow-venv/lib/python3.12/site-packages/airflow/example_dags/example_nested_branch_dag.py
[2024-08-03T08:41:41.477+0000] {logging_mixin.py:188} INFO - [2024-08-03T08:41:41.477+0000] {dag.py:3089} INFO - Sync 1 DAGs
[2024-08-03T08:41:41.500+0000] {logging_mixin.py:188} INFO - [2024-08-03T08:41:41.500+0000] {dag.py:3947} INFO - Setting next_dagrun for example_nested_branch_dag to 2024-08-02 00:00:00+00:00, run_after=2024-08-03 00:00:00+00:00
[2024-08-03T08:41:41.525+0000] {processor.py:183} INFO - Processing /home/ubuntu/airflow-venv/lib/python3.12/site-packages/airflow/example_dags/example_nested_branch_dag.py took 0.087 seconds
[2024-08-03T08:42:46.954+0000] {processor.py:161} INFO - Started process (PID=2652) to work on /home/ubuntu/airflow-venv/lib/python3.12/site-packages/airflow/example_dags/example_nested_branch_dag.py
[2024-08-03T08:42:46.956+0000] {processor.py:830} INFO - Processing file /home/ubuntu/airflow-venv/lib/python3.12/site-packages/airflow/example_dags/example_nested_branch_dag.py for tasks to queue
[2024-08-03T08:42:46.958+0000] {logging_mixin.py:188} INFO - [2024-08-03T08:42:46.957+0000] {dagbag.py:545} INFO - Filling up the DagBag from /home/ubuntu/airflow-venv/lib/python3.12/site-packages/airflow/example_dags/example_nested_branch_dag.py
[2024-08-03T08:42:46.969+0000] {processor.py:840} INFO - DAG(s) 'example_nested_branch_dag' retrieved from /home/ubuntu/airflow-venv/lib/python3.12/site-packages/airflow/example_dags/example_nested_branch_dag.py
[2024-08-03T08:42:46.987+0000] {logging_mixin.py:188} INFO - [2024-08-03T08:42:46.987+0000] {dag.py:3089} INFO - Sync 1 DAGs
[2024-08-03T08:42:47.009+0000] {logging_mixin.py:188} INFO - [2024-08-03T08:42:47.008+0000] {dag.py:3947} INFO - Setting next_dagrun for example_nested_branch_dag to 2024-08-02 00:00:00+00:00, run_after=2024-08-03 00:00:00+00:00
[2024-08-03T08:42:47.033+0000] {processor.py:183} INFO - Processing /home/ubuntu/airflow-venv/lib/python3.12/site-packages/airflow/example_dags/example_nested_branch_dag.py took 0.085 seconds
[2024-08-03T08:43:50.175+0000] {processor.py:161} INFO - Started process (PID=2767) to work on /home/ubuntu/airflow-venv/lib/python3.12/site-packages/airflow/example_dags/example_nested_branch_dag.py
[2024-08-03T08:43:50.177+0000] {processor.py:830} INFO - Processing file /home/ubuntu/airflow-venv/lib/python3.12/site-packages/airflow/example_dags/example_nested_branch_dag.py for tasks to queue
[2024-08-03T08:43:50.179+0000] {logging_mixin.py:188} INFO - [2024-08-03T08:43:50.178+0000] {dagbag.py:545} INFO - Filling up the DagBag from /home/ubuntu/airflow-venv/lib/python3.12/site-packages/airflow/example_dags/example_nested_branch_dag.py
[2024-08-03T08:43:50.190+0000] {processor.py:840} INFO - DAG(s) 'example_nested_branch_dag' retrieved from /home/ubuntu/airflow-venv/lib/python3.12/site-packages/airflow/example_dags/example_nested_branch_dag.py
[2024-08-03T08:43:50.208+0000] {logging_mixin.py:188} INFO - [2024-08-03T08:43:50.208+0000] {dag.py:3089} INFO - Sync 1 DAGs
[2024-08-03T08:43:50.230+0000] {logging_mixin.py:188} INFO - [2024-08-03T08:43:50.230+0000] {dag.py:3947} INFO - Setting next_dagrun for example_nested_branch_dag to 2024-08-02 00:00:00+00:00, run_after=2024-08-03 00:00:00+00:00
[2024-08-03T08:43:50.255+0000] {processor.py:183} INFO - Processing /home/ubuntu/airflow-venv/lib/python3.12/site-packages/airflow/example_dags/example_nested_branch_dag.py took 0.085 seconds
[2024-08-03T08:44:54.486+0000] {processor.py:161} INFO - Started process (PID=2949) to work on /home/ubuntu/airflow-venv/lib/python3.12/site-packages/airflow/example_dags/example_nested_branch_dag.py
[2024-08-03T08:44:54.487+0000] {processor.py:830} INFO - Processing file /home/ubuntu/airflow-venv/lib/python3.12/site-packages/airflow/example_dags/example_nested_branch_dag.py for tasks to queue
[2024-08-03T08:44:54.489+0000] {logging_mixin.py:188} INFO - [2024-08-03T08:44:54.488+0000] {dagbag.py:545} INFO - Filling up the DagBag from /home/ubuntu/airflow-venv/lib/python3.12/site-packages/airflow/example_dags/example_nested_branch_dag.py
[2024-08-03T08:44:54.500+0000] {processor.py:840} INFO - DAG(s) 'example_nested_branch_dag' retrieved from /home/ubuntu/airflow-venv/lib/python3.12/site-packages/airflow/example_dags/example_nested_branch_dag.py
[2024-08-03T08:44:54.518+0000] {logging_mixin.py:188} INFO - [2024-08-03T08:44:54.518+0000] {dag.py:3089} INFO - Sync 1 DAGs
[2024-08-03T08:44:54.539+0000] {logging_mixin.py:188} INFO - [2024-08-03T08:44:54.539+0000] {dag.py:3947} INFO - Setting next_dagrun for example_nested_branch_dag to 2024-08-02 00:00:00+00:00, run_after=2024-08-03 00:00:00+00:00
[2024-08-03T08:44:54.563+0000] {processor.py:183} INFO - Processing /home/ubuntu/airflow-venv/lib/python3.12/site-packages/airflow/example_dags/example_nested_branch_dag.py took 0.083 seconds
[2024-08-03T08:45:40.688+0000] {processor.py:161} INFO - Started process (PID=3100) to work on /home/ubuntu/airflow-venv/lib/python3.12/site-packages/airflow/example_dags/example_nested_branch_dag.py
[2024-08-03T08:45:40.689+0000] {processor.py:830} INFO - Processing file /home/ubuntu/airflow-venv/lib/python3.12/site-packages/airflow/example_dags/example_nested_branch_dag.py for tasks to queue
[2024-08-03T08:45:40.691+0000] {logging_mixin.py:188} INFO - [2024-08-03T08:45:40.691+0000] {dagbag.py:545} INFO - Filling up the DagBag from /home/ubuntu/airflow-venv/lib/python3.12/site-packages/airflow/example_dags/example_nested_branch_dag.py
[2024-08-03T08:45:40.703+0000] {processor.py:840} INFO - DAG(s) 'example_nested_branch_dag' retrieved from /home/ubuntu/airflow-venv/lib/python3.12/site-packages/airflow/example_dags/example_nested_branch_dag.py
[2024-08-03T08:45:40.722+0000] {logging_mixin.py:188} INFO - [2024-08-03T08:45:40.722+0000] {dag.py:3089} INFO - Sync 1 DAGs
[2024-08-03T08:45:40.744+0000] {logging_mixin.py:188} INFO - [2024-08-03T08:45:40.744+0000] {dag.py:3947} INFO - Setting next_dagrun for example_nested_branch_dag to 2024-08-02 00:00:00+00:00, run_after=2024-08-03 00:00:00+00:00
[2024-08-03T08:45:40.768+0000] {processor.py:183} INFO - Processing /home/ubuntu/airflow-venv/lib/python3.12/site-packages/airflow/example_dags/example_nested_branch_dag.py took 0.087 seconds
[2024-08-03T08:46:43.368+0000] {processor.py:161} INFO - Started process (PID=3169) to work on /home/ubuntu/airflow-venv/lib/python3.12/site-packages/airflow/example_dags/example_nested_branch_dag.py
[2024-08-03T08:46:43.369+0000] {processor.py:830} INFO - Processing file /home/ubuntu/airflow-venv/lib/python3.12/site-packages/airflow/example_dags/example_nested_branch_dag.py for tasks to queue
[2024-08-03T08:46:43.371+0000] {logging_mixin.py:188} INFO - [2024-08-03T08:46:43.370+0000] {dagbag.py:545} INFO - Filling up the DagBag from /home/ubuntu/airflow-venv/lib/python3.12/site-packages/airflow/example_dags/example_nested_branch_dag.py
[2024-08-03T08:46:43.382+0000] {processor.py:840} INFO - DAG(s) 'example_nested_branch_dag' retrieved from /home/ubuntu/airflow-venv/lib/python3.12/site-packages/airflow/example_dags/example_nested_branch_dag.py
[2024-08-03T08:46:43.400+0000] {logging_mixin.py:188} INFO - [2024-08-03T08:46:43.400+0000] {dag.py:3089} INFO - Sync 1 DAGs
[2024-08-03T08:46:43.421+0000] {logging_mixin.py:188} INFO - [2024-08-03T08:46:43.421+0000] {dag.py:3947} INFO - Setting next_dagrun for example_nested_branch_dag to 2024-08-02 00:00:00+00:00, run_after=2024-08-03 00:00:00+00:00
[2024-08-03T08:46:43.444+0000] {processor.py:183} INFO - Processing /home/ubuntu/airflow-venv/lib/python3.12/site-packages/airflow/example_dags/example_nested_branch_dag.py took 0.083 seconds
[2024-08-03T08:47:48.669+0000] {processor.py:161} INFO - Started process (PID=3695) to work on /home/ubuntu/airflow-venv/lib/python3.12/site-packages/airflow/example_dags/example_nested_branch_dag.py
[2024-08-03T08:47:48.671+0000] {processor.py:830} INFO - Processing file /home/ubuntu/airflow-venv/lib/python3.12/site-packages/airflow/example_dags/example_nested_branch_dag.py for tasks to queue
[2024-08-03T08:47:48.672+0000] {logging_mixin.py:188} INFO - [2024-08-03T08:47:48.672+0000] {dagbag.py:545} INFO - Filling up the DagBag from /home/ubuntu/airflow-venv/lib/python3.12/site-packages/airflow/example_dags/example_nested_branch_dag.py
[2024-08-03T08:47:48.684+0000] {processor.py:840} INFO - DAG(s) 'example_nested_branch_dag' retrieved from /home/ubuntu/airflow-venv/lib/python3.12/site-packages/airflow/example_dags/example_nested_branch_dag.py
[2024-08-03T08:47:48.703+0000] {logging_mixin.py:188} INFO - [2024-08-03T08:47:48.703+0000] {dag.py:3089} INFO - Sync 1 DAGs
[2024-08-03T08:47:48.726+0000] {logging_mixin.py:188} INFO - [2024-08-03T08:47:48.726+0000] {dag.py:3947} INFO - Setting next_dagrun for example_nested_branch_dag to 2024-08-02 00:00:00+00:00, run_after=2024-08-03 00:00:00+00:00
[2024-08-03T08:47:48.752+0000] {processor.py:183} INFO - Processing /home/ubuntu/airflow-venv/lib/python3.12/site-packages/airflow/example_dags/example_nested_branch_dag.py took 0.089 seconds
[2024-08-03T08:48:52.148+0000] {processor.py:161} INFO - Started process (PID=3871) to work on /home/ubuntu/airflow-venv/lib/python3.12/site-packages/airflow/example_dags/example_nested_branch_dag.py
[2024-08-03T08:48:52.149+0000] {processor.py:830} INFO - Processing file /home/ubuntu/airflow-venv/lib/python3.12/site-packages/airflow/example_dags/example_nested_branch_dag.py for tasks to queue
[2024-08-03T08:48:52.151+0000] {logging_mixin.py:188} INFO - [2024-08-03T08:48:52.150+0000] {dagbag.py:545} INFO - Filling up the DagBag from /home/ubuntu/airflow-venv/lib/python3.12/site-packages/airflow/example_dags/example_nested_branch_dag.py
[2024-08-03T08:48:52.162+0000] {processor.py:840} INFO - DAG(s) 'example_nested_branch_dag' retrieved from /home/ubuntu/airflow-venv/lib/python3.12/site-packages/airflow/example_dags/example_nested_branch_dag.py
[2024-08-03T08:48:52.180+0000] {logging_mixin.py:188} INFO - [2024-08-03T08:48:52.180+0000] {dag.py:3089} INFO - Sync 1 DAGs
[2024-08-03T08:48:52.201+0000] {logging_mixin.py:188} INFO - [2024-08-03T08:48:52.201+0000] {dag.py:3947} INFO - Setting next_dagrun for example_nested_branch_dag to 2024-08-02 00:00:00+00:00, run_after=2024-08-03 00:00:00+00:00
[2024-08-03T08:48:52.225+0000] {processor.py:183} INFO - Processing /home/ubuntu/airflow-venv/lib/python3.12/site-packages/airflow/example_dags/example_nested_branch_dag.py took 0.084 seconds
[2024-08-03T08:49:58.900+0000] {processor.py:161} INFO - Started process (PID=4349) to work on /home/ubuntu/airflow-venv/lib/python3.12/site-packages/airflow/example_dags/example_nested_branch_dag.py
[2024-08-03T08:49:58.902+0000] {processor.py:830} INFO - Processing file /home/ubuntu/airflow-venv/lib/python3.12/site-packages/airflow/example_dags/example_nested_branch_dag.py for tasks to queue
[2024-08-03T08:49:58.904+0000] {logging_mixin.py:188} INFO - [2024-08-03T08:49:58.903+0000] {dagbag.py:545} INFO - Filling up the DagBag from /home/ubuntu/airflow-venv/lib/python3.12/site-packages/airflow/example_dags/example_nested_branch_dag.py
[2024-08-03T08:49:58.915+0000] {processor.py:840} INFO - DAG(s) 'example_nested_branch_dag' retrieved from /home/ubuntu/airflow-venv/lib/python3.12/site-packages/airflow/example_dags/example_nested_branch_dag.py
[2024-08-03T08:49:58.933+0000] {logging_mixin.py:188} INFO - [2024-08-03T08:49:58.933+0000] {dag.py:3089} INFO - Sync 1 DAGs
[2024-08-03T08:49:58.955+0000] {logging_mixin.py:188} INFO - [2024-08-03T08:49:58.954+0000] {dag.py:3947} INFO - Setting next_dagrun for example_nested_branch_dag to 2024-08-02 00:00:00+00:00, run_after=2024-08-03 00:00:00+00:00
[2024-08-03T08:49:58.979+0000] {processor.py:183} INFO - Processing /home/ubuntu/airflow-venv/lib/python3.12/site-packages/airflow/example_dags/example_nested_branch_dag.py took 0.085 seconds
[2024-08-03T08:51:11.063+0000] {processor.py:161} INFO - Started process (PID=4575) to work on /home/ubuntu/airflow-venv/lib/python3.12/site-packages/airflow/example_dags/example_nested_branch_dag.py
[2024-08-03T08:51:11.065+0000] {processor.py:830} INFO - Processing file /home/ubuntu/airflow-venv/lib/python3.12/site-packages/airflow/example_dags/example_nested_branch_dag.py for tasks to queue
[2024-08-03T08:51:11.067+0000] {logging_mixin.py:188} INFO - [2024-08-03T08:51:11.066+0000] {dagbag.py:545} INFO - Filling up the DagBag from /home/ubuntu/airflow-venv/lib/python3.12/site-packages/airflow/example_dags/example_nested_branch_dag.py
[2024-08-03T08:51:11.078+0000] {processor.py:840} INFO - DAG(s) 'example_nested_branch_dag' retrieved from /home/ubuntu/airflow-venv/lib/python3.12/site-packages/airflow/example_dags/example_nested_branch_dag.py
[2024-08-03T08:51:11.097+0000] {logging_mixin.py:188} INFO - [2024-08-03T08:51:11.097+0000] {dag.py:3089} INFO - Sync 1 DAGs
[2024-08-03T08:51:11.119+0000] {logging_mixin.py:188} INFO - [2024-08-03T08:51:11.119+0000] {dag.py:3947} INFO - Setting next_dagrun for example_nested_branch_dag to 2024-08-02 00:00:00+00:00, run_after=2024-08-03 00:00:00+00:00
[2024-08-03T08:51:11.145+0000] {processor.py:183} INFO - Processing /home/ubuntu/airflow-venv/lib/python3.12/site-packages/airflow/example_dags/example_nested_branch_dag.py took 0.089 seconds
[2024-08-03T08:52:00.887+0000] {processor.py:161} INFO - Started process (PID=4708) to work on /home/ubuntu/airflow-venv/lib/python3.12/site-packages/airflow/example_dags/example_nested_branch_dag.py
[2024-08-03T08:52:00.889+0000] {processor.py:830} INFO - Processing file /home/ubuntu/airflow-venv/lib/python3.12/site-packages/airflow/example_dags/example_nested_branch_dag.py for tasks to queue
[2024-08-03T08:52:00.891+0000] {logging_mixin.py:188} INFO - [2024-08-03T08:52:00.890+0000] {dagbag.py:545} INFO - Filling up the DagBag from /home/ubuntu/airflow-venv/lib/python3.12/site-packages/airflow/example_dags/example_nested_branch_dag.py
[2024-08-03T08:52:00.902+0000] {processor.py:840} INFO - DAG(s) 'example_nested_branch_dag' retrieved from /home/ubuntu/airflow-venv/lib/python3.12/site-packages/airflow/example_dags/example_nested_branch_dag.py
[2024-08-03T08:52:00.920+0000] {logging_mixin.py:188} INFO - [2024-08-03T08:52:00.919+0000] {dag.py:3089} INFO - Sync 1 DAGs
[2024-08-03T08:52:00.941+0000] {logging_mixin.py:188} INFO - [2024-08-03T08:52:00.941+0000] {dag.py:3947} INFO - Setting next_dagrun for example_nested_branch_dag to 2024-08-02 00:00:00+00:00, run_after=2024-08-03 00:00:00+00:00
[2024-08-03T08:52:00.964+0000] {processor.py:183} INFO - Processing /home/ubuntu/airflow-venv/lib/python3.12/site-packages/airflow/example_dags/example_nested_branch_dag.py took 0.084 seconds
[2024-08-03T08:53:05.175+0000] {processor.py:161} INFO - Started process (PID=4835) to work on /home/ubuntu/airflow-venv/lib/python3.12/site-packages/airflow/example_dags/example_nested_branch_dag.py
[2024-08-03T08:53:05.177+0000] {processor.py:830} INFO - Processing file /home/ubuntu/airflow-venv/lib/python3.12/site-packages/airflow/example_dags/example_nested_branch_dag.py for tasks to queue
[2024-08-03T08:53:05.179+0000] {logging_mixin.py:188} INFO - [2024-08-03T08:53:05.179+0000] {dagbag.py:545} INFO - Filling up the DagBag from /home/ubuntu/airflow-venv/lib/python3.12/site-packages/airflow/example_dags/example_nested_branch_dag.py
[2024-08-03T08:53:05.190+0000] {processor.py:840} INFO - DAG(s) 'example_nested_branch_dag' retrieved from /home/ubuntu/airflow-venv/lib/python3.12/site-packages/airflow/example_dags/example_nested_branch_dag.py
[2024-08-03T08:53:05.210+0000] {logging_mixin.py:188} INFO - [2024-08-03T08:53:05.209+0000] {dag.py:3089} INFO - Sync 1 DAGs
[2024-08-03T08:53:05.232+0000] {logging_mixin.py:188} INFO - [2024-08-03T08:53:05.232+0000] {dag.py:3947} INFO - Setting next_dagrun for example_nested_branch_dag to 2024-08-02 00:00:00+00:00, run_after=2024-08-03 00:00:00+00:00
[2024-08-03T08:53:05.257+0000] {processor.py:183} INFO - Processing /home/ubuntu/airflow-venv/lib/python3.12/site-packages/airflow/example_dags/example_nested_branch_dag.py took 0.089 seconds
[2024-08-03T08:54:11.651+0000] {processor.py:161} INFO - Started process (PID=4913) to work on /home/ubuntu/airflow-venv/lib/python3.12/site-packages/airflow/example_dags/example_nested_branch_dag.py
[2024-08-03T08:54:11.652+0000] {processor.py:830} INFO - Processing file /home/ubuntu/airflow-venv/lib/python3.12/site-packages/airflow/example_dags/example_nested_branch_dag.py for tasks to queue
[2024-08-03T08:54:11.654+0000] {logging_mixin.py:188} INFO - [2024-08-03T08:54:11.654+0000] {dagbag.py:545} INFO - Filling up the DagBag from /home/ubuntu/airflow-venv/lib/python3.12/site-packages/airflow/example_dags/example_nested_branch_dag.py
[2024-08-03T08:54:11.665+0000] {processor.py:840} INFO - DAG(s) 'example_nested_branch_dag' retrieved from /home/ubuntu/airflow-venv/lib/python3.12/site-packages/airflow/example_dags/example_nested_branch_dag.py
[2024-08-03T08:54:11.684+0000] {logging_mixin.py:188} INFO - [2024-08-03T08:54:11.684+0000] {dag.py:3089} INFO - Sync 1 DAGs
[2024-08-03T08:54:11.833+0000] {logging_mixin.py:188} INFO - [2024-08-03T08:54:11.832+0000] {dag.py:3947} INFO - Setting next_dagrun for example_nested_branch_dag to 2024-08-02 00:00:00+00:00, run_after=2024-08-03 00:00:00+00:00
[2024-08-03T08:54:11.855+0000] {processor.py:183} INFO - Processing /home/ubuntu/airflow-venv/lib/python3.12/site-packages/airflow/example_dags/example_nested_branch_dag.py took 0.211 seconds
[2024-08-03T08:55:11.007+0000] {processor.py:161} INFO - Started process (PID=4986) to work on /home/ubuntu/airflow-venv/lib/python3.12/site-packages/airflow/example_dags/example_nested_branch_dag.py
[2024-08-03T08:55:11.009+0000] {processor.py:830} INFO - Processing file /home/ubuntu/airflow-venv/lib/python3.12/site-packages/airflow/example_dags/example_nested_branch_dag.py for tasks to queue
[2024-08-03T08:55:11.011+0000] {logging_mixin.py:188} INFO - [2024-08-03T08:55:11.011+0000] {dagbag.py:545} INFO - Filling up the DagBag from /home/ubuntu/airflow-venv/lib/python3.12/site-packages/airflow/example_dags/example_nested_branch_dag.py
[2024-08-03T08:55:11.022+0000] {processor.py:840} INFO - DAG(s) 'example_nested_branch_dag' retrieved from /home/ubuntu/airflow-venv/lib/python3.12/site-packages/airflow/example_dags/example_nested_branch_dag.py
[2024-08-03T08:55:11.040+0000] {logging_mixin.py:188} INFO - [2024-08-03T08:55:11.040+0000] {dag.py:3089} INFO - Sync 1 DAGs
[2024-08-03T08:55:11.061+0000] {logging_mixin.py:188} INFO - [2024-08-03T08:55:11.061+0000] {dag.py:3947} INFO - Setting next_dagrun for example_nested_branch_dag to 2024-08-02 00:00:00+00:00, run_after=2024-08-03 00:00:00+00:00
[2024-08-03T08:55:11.085+0000] {processor.py:183} INFO - Processing /home/ubuntu/airflow-venv/lib/python3.12/site-packages/airflow/example_dags/example_nested_branch_dag.py took 0.085 seconds
[2024-08-03T08:56:17.559+0000] {processor.py:161} INFO - Started process (PID=5055) to work on /home/ubuntu/airflow-venv/lib/python3.12/site-packages/airflow/example_dags/example_nested_branch_dag.py
[2024-08-03T08:56:17.560+0000] {processor.py:830} INFO - Processing file /home/ubuntu/airflow-venv/lib/python3.12/site-packages/airflow/example_dags/example_nested_branch_dag.py for tasks to queue
[2024-08-03T08:56:17.562+0000] {logging_mixin.py:188} INFO - [2024-08-03T08:56:17.562+0000] {dagbag.py:545} INFO - Filling up the DagBag from /home/ubuntu/airflow-venv/lib/python3.12/site-packages/airflow/example_dags/example_nested_branch_dag.py
[2024-08-03T08:56:17.573+0000] {processor.py:840} INFO - DAG(s) 'example_nested_branch_dag' retrieved from /home/ubuntu/airflow-venv/lib/python3.12/site-packages/airflow/example_dags/example_nested_branch_dag.py
[2024-08-03T08:56:17.591+0000] {logging_mixin.py:188} INFO - [2024-08-03T08:56:17.591+0000] {dag.py:3089} INFO - Sync 1 DAGs
[2024-08-03T08:56:17.612+0000] {logging_mixin.py:188} INFO - [2024-08-03T08:56:17.612+0000] {dag.py:3947} INFO - Setting next_dagrun for example_nested_branch_dag to 2024-08-02 00:00:00+00:00, run_after=2024-08-03 00:00:00+00:00
[2024-08-03T08:56:17.636+0000] {processor.py:183} INFO - Processing /home/ubuntu/airflow-venv/lib/python3.12/site-packages/airflow/example_dags/example_nested_branch_dag.py took 0.085 seconds
[2024-08-03T08:57:13.912+0000] {processor.py:161} INFO - Started process (PID=5186) to work on /home/ubuntu/airflow-venv/lib/python3.12/site-packages/airflow/example_dags/example_nested_branch_dag.py
[2024-08-03T08:57:13.914+0000] {processor.py:830} INFO - Processing file /home/ubuntu/airflow-venv/lib/python3.12/site-packages/airflow/example_dags/example_nested_branch_dag.py for tasks to queue
[2024-08-03T08:57:13.916+0000] {logging_mixin.py:188} INFO - [2024-08-03T08:57:13.916+0000] {dagbag.py:545} INFO - Filling up the DagBag from /home/ubuntu/airflow-venv/lib/python3.12/site-packages/airflow/example_dags/example_nested_branch_dag.py
[2024-08-03T08:57:13.927+0000] {processor.py:840} INFO - DAG(s) 'example_nested_branch_dag' retrieved from /home/ubuntu/airflow-venv/lib/python3.12/site-packages/airflow/example_dags/example_nested_branch_dag.py
[2024-08-03T08:57:13.945+0000] {logging_mixin.py:188} INFO - [2024-08-03T08:57:13.945+0000] {dag.py:3089} INFO - Sync 1 DAGs
[2024-08-03T08:57:13.966+0000] {logging_mixin.py:188} INFO - [2024-08-03T08:57:13.966+0000] {dag.py:3947} INFO - Setting next_dagrun for example_nested_branch_dag to 2024-08-02 00:00:00+00:00, run_after=2024-08-03 00:00:00+00:00
[2024-08-03T08:57:13.990+0000] {processor.py:183} INFO - Processing /home/ubuntu/airflow-venv/lib/python3.12/site-packages/airflow/example_dags/example_nested_branch_dag.py took 0.085 seconds
[2024-08-03T08:58:05.911+0000] {processor.py:161} INFO - Started process (PID=5238) to work on /home/ubuntu/airflow-venv/lib/python3.12/site-packages/airflow/example_dags/example_nested_branch_dag.py
[2024-08-03T08:58:05.913+0000] {processor.py:830} INFO - Processing file /home/ubuntu/airflow-venv/lib/python3.12/site-packages/airflow/example_dags/example_nested_branch_dag.py for tasks to queue
[2024-08-03T08:58:05.915+0000] {logging_mixin.py:188} INFO - [2024-08-03T08:58:05.914+0000] {dagbag.py:545} INFO - Filling up the DagBag from /home/ubuntu/airflow-venv/lib/python3.12/site-packages/airflow/example_dags/example_nested_branch_dag.py
[2024-08-03T08:58:05.926+0000] {processor.py:840} INFO - DAG(s) 'example_nested_branch_dag' retrieved from /home/ubuntu/airflow-venv/lib/python3.12/site-packages/airflow/example_dags/example_nested_branch_dag.py
[2024-08-03T08:58:05.945+0000] {logging_mixin.py:188} INFO - [2024-08-03T08:58:05.945+0000] {dag.py:3089} INFO - Sync 1 DAGs
[2024-08-03T08:58:06.088+0000] {logging_mixin.py:188} INFO - [2024-08-03T08:58:06.088+0000] {dag.py:3947} INFO - Setting next_dagrun for example_nested_branch_dag to 2024-08-02 00:00:00+00:00, run_after=2024-08-03 00:00:00+00:00
[2024-08-03T08:58:06.113+0000] {processor.py:183} INFO - Processing /home/ubuntu/airflow-venv/lib/python3.12/site-packages/airflow/example_dags/example_nested_branch_dag.py took 0.209 seconds
[2024-08-03T08:58:55.801+0000] {processor.py:161} INFO - Started process (PID=5416) to work on /home/ubuntu/airflow-venv/lib/python3.12/site-packages/airflow/example_dags/example_nested_branch_dag.py
[2024-08-03T08:58:55.804+0000] {processor.py:830} INFO - Processing file /home/ubuntu/airflow-venv/lib/python3.12/site-packages/airflow/example_dags/example_nested_branch_dag.py for tasks to queue
[2024-08-03T08:58:55.806+0000] {logging_mixin.py:188} INFO - [2024-08-03T08:58:55.805+0000] {dagbag.py:545} INFO - Filling up the DagBag from /home/ubuntu/airflow-venv/lib/python3.12/site-packages/airflow/example_dags/example_nested_branch_dag.py
[2024-08-03T08:58:55.817+0000] {processor.py:840} INFO - DAG(s) 'example_nested_branch_dag' retrieved from /home/ubuntu/airflow-venv/lib/python3.12/site-packages/airflow/example_dags/example_nested_branch_dag.py
[2024-08-03T08:58:55.836+0000] {logging_mixin.py:188} INFO - [2024-08-03T08:58:55.836+0000] {dag.py:3089} INFO - Sync 1 DAGs
[2024-08-03T08:58:55.862+0000] {logging_mixin.py:188} INFO - [2024-08-03T08:58:55.861+0000] {dag.py:3947} INFO - Setting next_dagrun for example_nested_branch_dag to 2024-08-02 00:00:00+00:00, run_after=2024-08-03 00:00:00+00:00
[2024-08-03T08:58:55.901+0000] {processor.py:183} INFO - Processing /home/ubuntu/airflow-venv/lib/python3.12/site-packages/airflow/example_dags/example_nested_branch_dag.py took 0.109 seconds
[2024-08-03T09:00:05.035+0000] {processor.py:161} INFO - Started process (PID=5573) to work on /home/ubuntu/airflow-venv/lib/python3.12/site-packages/airflow/example_dags/example_nested_branch_dag.py
[2024-08-03T09:00:05.036+0000] {processor.py:830} INFO - Processing file /home/ubuntu/airflow-venv/lib/python3.12/site-packages/airflow/example_dags/example_nested_branch_dag.py for tasks to queue
[2024-08-03T09:00:05.038+0000] {logging_mixin.py:188} INFO - [2024-08-03T09:00:05.038+0000] {dagbag.py:545} INFO - Filling up the DagBag from /home/ubuntu/airflow-venv/lib/python3.12/site-packages/airflow/example_dags/example_nested_branch_dag.py
[2024-08-03T09:00:05.050+0000] {processor.py:840} INFO - DAG(s) 'example_nested_branch_dag' retrieved from /home/ubuntu/airflow-venv/lib/python3.12/site-packages/airflow/example_dags/example_nested_branch_dag.py
[2024-08-03T09:00:05.069+0000] {logging_mixin.py:188} INFO - [2024-08-03T09:00:05.069+0000] {dag.py:3089} INFO - Sync 1 DAGs
[2024-08-03T09:00:05.093+0000] {logging_mixin.py:188} INFO - [2024-08-03T09:00:05.092+0000] {dag.py:3947} INFO - Setting next_dagrun for example_nested_branch_dag to 2024-08-02 00:00:00+00:00, run_after=2024-08-03 00:00:00+00:00
[2024-08-03T09:00:05.121+0000] {processor.py:183} INFO - Processing /home/ubuntu/airflow-venv/lib/python3.12/site-packages/airflow/example_dags/example_nested_branch_dag.py took 0.095 seconds
[2024-08-03T09:00:48.756+0000] {processor.py:161} INFO - Started process (PID=5833) to work on /home/ubuntu/airflow-venv/lib/python3.12/site-packages/airflow/example_dags/example_nested_branch_dag.py
[2024-08-03T09:00:48.758+0000] {processor.py:830} INFO - Processing file /home/ubuntu/airflow-venv/lib/python3.12/site-packages/airflow/example_dags/example_nested_branch_dag.py for tasks to queue
[2024-08-03T09:00:48.760+0000] {logging_mixin.py:188} INFO - [2024-08-03T09:00:48.759+0000] {dagbag.py:545} INFO - Filling up the DagBag from /home/ubuntu/airflow-venv/lib/python3.12/site-packages/airflow/example_dags/example_nested_branch_dag.py
[2024-08-03T09:00:48.771+0000] {processor.py:840} INFO - DAG(s) 'example_nested_branch_dag' retrieved from /home/ubuntu/airflow-venv/lib/python3.12/site-packages/airflow/example_dags/example_nested_branch_dag.py
[2024-08-03T09:00:48.790+0000] {logging_mixin.py:188} INFO - [2024-08-03T09:00:48.790+0000] {dag.py:3089} INFO - Sync 1 DAGs
[2024-08-03T09:00:48.812+0000] {logging_mixin.py:188} INFO - [2024-08-03T09:00:48.812+0000] {dag.py:3947} INFO - Setting next_dagrun for example_nested_branch_dag to 2024-08-02 00:00:00+00:00, run_after=2024-08-03 00:00:00+00:00
[2024-08-03T09:00:48.836+0000] {processor.py:183} INFO - Processing /home/ubuntu/airflow-venv/lib/python3.12/site-packages/airflow/example_dags/example_nested_branch_dag.py took 0.088 seconds
[2024-08-03T09:01:51.286+0000] {processor.py:161} INFO - Started process (PID=6070) to work on /home/ubuntu/airflow-venv/lib/python3.12/site-packages/airflow/example_dags/example_nested_branch_dag.py
[2024-08-03T09:01:51.287+0000] {processor.py:830} INFO - Processing file /home/ubuntu/airflow-venv/lib/python3.12/site-packages/airflow/example_dags/example_nested_branch_dag.py for tasks to queue
[2024-08-03T09:01:51.289+0000] {logging_mixin.py:188} INFO - [2024-08-03T09:01:51.289+0000] {dagbag.py:545} INFO - Filling up the DagBag from /home/ubuntu/airflow-venv/lib/python3.12/site-packages/airflow/example_dags/example_nested_branch_dag.py
[2024-08-03T09:01:51.300+0000] {processor.py:840} INFO - DAG(s) 'example_nested_branch_dag' retrieved from /home/ubuntu/airflow-venv/lib/python3.12/site-packages/airflow/example_dags/example_nested_branch_dag.py
[2024-08-03T09:01:51.319+0000] {logging_mixin.py:188} INFO - [2024-08-03T09:01:51.318+0000] {dag.py:3089} INFO - Sync 1 DAGs
[2024-08-03T09:01:51.340+0000] {logging_mixin.py:188} INFO - [2024-08-03T09:01:51.339+0000] {dag.py:3947} INFO - Setting next_dagrun for example_nested_branch_dag to 2024-08-02 00:00:00+00:00, run_after=2024-08-03 00:00:00+00:00
[2024-08-03T09:01:51.366+0000] {processor.py:183} INFO - Processing /home/ubuntu/airflow-venv/lib/python3.12/site-packages/airflow/example_dags/example_nested_branch_dag.py took 0.088 seconds
[2024-08-03T09:02:55.171+0000] {processor.py:161} INFO - Started process (PID=6273) to work on /home/ubuntu/airflow-venv/lib/python3.12/site-packages/airflow/example_dags/example_nested_branch_dag.py
[2024-08-03T09:02:55.173+0000] {processor.py:830} INFO - Processing file /home/ubuntu/airflow-venv/lib/python3.12/site-packages/airflow/example_dags/example_nested_branch_dag.py for tasks to queue
[2024-08-03T09:02:55.175+0000] {logging_mixin.py:188} INFO - [2024-08-03T09:02:55.174+0000] {dagbag.py:545} INFO - Filling up the DagBag from /home/ubuntu/airflow-venv/lib/python3.12/site-packages/airflow/example_dags/example_nested_branch_dag.py
[2024-08-03T09:02:55.186+0000] {processor.py:840} INFO - DAG(s) 'example_nested_branch_dag' retrieved from /home/ubuntu/airflow-venv/lib/python3.12/site-packages/airflow/example_dags/example_nested_branch_dag.py
[2024-08-03T09:02:55.204+0000] {logging_mixin.py:188} INFO - [2024-08-03T09:02:55.204+0000] {dag.py:3089} INFO - Sync 1 DAGs
[2024-08-03T09:02:55.226+0000] {logging_mixin.py:188} INFO - [2024-08-03T09:02:55.225+0000] {dag.py:3947} INFO - Setting next_dagrun for example_nested_branch_dag to 2024-08-02 00:00:00+00:00, run_after=2024-08-03 00:00:00+00:00
[2024-08-03T09:02:55.249+0000] {processor.py:183} INFO - Processing /home/ubuntu/airflow-venv/lib/python3.12/site-packages/airflow/example_dags/example_nested_branch_dag.py took 0.086 seconds
[2024-08-03T09:03:56.103+0000] {processor.py:161} INFO - Started process (PID=6474) to work on /home/ubuntu/airflow-venv/lib/python3.12/site-packages/airflow/example_dags/example_nested_branch_dag.py
[2024-08-03T09:03:56.105+0000] {processor.py:830} INFO - Processing file /home/ubuntu/airflow-venv/lib/python3.12/site-packages/airflow/example_dags/example_nested_branch_dag.py for tasks to queue
[2024-08-03T09:03:56.107+0000] {logging_mixin.py:188} INFO - [2024-08-03T09:03:56.106+0000] {dagbag.py:545} INFO - Filling up the DagBag from /home/ubuntu/airflow-venv/lib/python3.12/site-packages/airflow/example_dags/example_nested_branch_dag.py
[2024-08-03T09:03:56.118+0000] {processor.py:840} INFO - DAG(s) 'example_nested_branch_dag' retrieved from /home/ubuntu/airflow-venv/lib/python3.12/site-packages/airflow/example_dags/example_nested_branch_dag.py
[2024-08-03T09:03:56.137+0000] {logging_mixin.py:188} INFO - [2024-08-03T09:03:56.137+0000] {dag.py:3089} INFO - Sync 1 DAGs
[2024-08-03T09:03:56.159+0000] {logging_mixin.py:188} INFO - [2024-08-03T09:03:56.159+0000] {dag.py:3947} INFO - Setting next_dagrun for example_nested_branch_dag to 2024-08-02 00:00:00+00:00, run_after=2024-08-03 00:00:00+00:00
[2024-08-03T09:03:56.184+0000] {processor.py:183} INFO - Processing /home/ubuntu/airflow-venv/lib/python3.12/site-packages/airflow/example_dags/example_nested_branch_dag.py took 0.089 seconds
[2024-08-03T09:05:00.583+0000] {processor.py:161} INFO - Started process (PID=6556) to work on /home/ubuntu/airflow-venv/lib/python3.12/site-packages/airflow/example_dags/example_nested_branch_dag.py
[2024-08-03T09:05:00.585+0000] {processor.py:830} INFO - Processing file /home/ubuntu/airflow-venv/lib/python3.12/site-packages/airflow/example_dags/example_nested_branch_dag.py for tasks to queue
[2024-08-03T09:05:00.586+0000] {logging_mixin.py:188} INFO - [2024-08-03T09:05:00.586+0000] {dagbag.py:545} INFO - Filling up the DagBag from /home/ubuntu/airflow-venv/lib/python3.12/site-packages/airflow/example_dags/example_nested_branch_dag.py
[2024-08-03T09:05:00.598+0000] {processor.py:840} INFO - DAG(s) 'example_nested_branch_dag' retrieved from /home/ubuntu/airflow-venv/lib/python3.12/site-packages/airflow/example_dags/example_nested_branch_dag.py
[2024-08-03T09:05:00.616+0000] {logging_mixin.py:188} INFO - [2024-08-03T09:05:00.616+0000] {dag.py:3089} INFO - Sync 1 DAGs
[2024-08-03T09:05:00.638+0000] {logging_mixin.py:188} INFO - [2024-08-03T09:05:00.638+0000] {dag.py:3947} INFO - Setting next_dagrun for example_nested_branch_dag to 2024-08-02 00:00:00+00:00, run_after=2024-08-03 00:00:00+00:00
[2024-08-03T09:05:00.664+0000] {processor.py:183} INFO - Processing /home/ubuntu/airflow-venv/lib/python3.12/site-packages/airflow/example_dags/example_nested_branch_dag.py took 0.089 seconds
[2024-08-03T09:06:05.699+0000] {processor.py:161} INFO - Started process (PID=6772) to work on /home/ubuntu/airflow-venv/lib/python3.12/site-packages/airflow/example_dags/example_nested_branch_dag.py
[2024-08-03T09:06:05.701+0000] {processor.py:830} INFO - Processing file /home/ubuntu/airflow-venv/lib/python3.12/site-packages/airflow/example_dags/example_nested_branch_dag.py for tasks to queue
[2024-08-03T09:06:05.704+0000] {logging_mixin.py:188} INFO - [2024-08-03T09:06:05.703+0000] {dagbag.py:545} INFO - Filling up the DagBag from /home/ubuntu/airflow-venv/lib/python3.12/site-packages/airflow/example_dags/example_nested_branch_dag.py
[2024-08-03T09:06:05.715+0000] {processor.py:840} INFO - DAG(s) 'example_nested_branch_dag' retrieved from /home/ubuntu/airflow-venv/lib/python3.12/site-packages/airflow/example_dags/example_nested_branch_dag.py
[2024-08-03T09:06:05.734+0000] {logging_mixin.py:188} INFO - [2024-08-03T09:06:05.734+0000] {dag.py:3089} INFO - Sync 1 DAGs
[2024-08-03T09:06:05.756+0000] {logging_mixin.py:188} INFO - [2024-08-03T09:06:05.756+0000] {dag.py:3947} INFO - Setting next_dagrun for example_nested_branch_dag to 2024-08-02 00:00:00+00:00, run_after=2024-08-03 00:00:00+00:00
[2024-08-03T09:06:05.783+0000] {processor.py:183} INFO - Processing /home/ubuntu/airflow-venv/lib/python3.12/site-packages/airflow/example_dags/example_nested_branch_dag.py took 0.092 seconds
[2024-08-03T09:06:50.510+0000] {processor.py:161} INFO - Started process (PID=6962) to work on /home/ubuntu/airflow-venv/lib/python3.12/site-packages/airflow/example_dags/example_nested_branch_dag.py
[2024-08-03T09:06:50.512+0000] {processor.py:830} INFO - Processing file /home/ubuntu/airflow-venv/lib/python3.12/site-packages/airflow/example_dags/example_nested_branch_dag.py for tasks to queue
[2024-08-03T09:06:50.514+0000] {logging_mixin.py:188} INFO - [2024-08-03T09:06:50.513+0000] {dagbag.py:545} INFO - Filling up the DagBag from /home/ubuntu/airflow-venv/lib/python3.12/site-packages/airflow/example_dags/example_nested_branch_dag.py
[2024-08-03T09:06:50.525+0000] {processor.py:840} INFO - DAG(s) 'example_nested_branch_dag' retrieved from /home/ubuntu/airflow-venv/lib/python3.12/site-packages/airflow/example_dags/example_nested_branch_dag.py
[2024-08-03T09:06:50.544+0000] {logging_mixin.py:188} INFO - [2024-08-03T09:06:50.543+0000] {dag.py:3089} INFO - Sync 1 DAGs
[2024-08-03T09:06:50.565+0000] {logging_mixin.py:188} INFO - [2024-08-03T09:06:50.565+0000] {dag.py:3947} INFO - Setting next_dagrun for example_nested_branch_dag to 2024-08-02 00:00:00+00:00, run_after=2024-08-03 00:00:00+00:00
[2024-08-03T09:06:50.589+0000] {processor.py:183} INFO - Processing /home/ubuntu/airflow-venv/lib/python3.12/site-packages/airflow/example_dags/example_nested_branch_dag.py took 0.087 seconds
[2024-08-03T09:07:58.692+0000] {processor.py:161} INFO - Started process (PID=7184) to work on /home/ubuntu/airflow-venv/lib/python3.12/site-packages/airflow/example_dags/example_nested_branch_dag.py
[2024-08-03T09:07:58.693+0000] {processor.py:830} INFO - Processing file /home/ubuntu/airflow-venv/lib/python3.12/site-packages/airflow/example_dags/example_nested_branch_dag.py for tasks to queue
[2024-08-03T09:07:58.696+0000] {logging_mixin.py:188} INFO - [2024-08-03T09:07:58.695+0000] {dagbag.py:545} INFO - Filling up the DagBag from /home/ubuntu/airflow-venv/lib/python3.12/site-packages/airflow/example_dags/example_nested_branch_dag.py
[2024-08-03T09:07:58.707+0000] {processor.py:840} INFO - DAG(s) 'example_nested_branch_dag' retrieved from /home/ubuntu/airflow-venv/lib/python3.12/site-packages/airflow/example_dags/example_nested_branch_dag.py
[2024-08-03T09:07:58.726+0000] {logging_mixin.py:188} INFO - [2024-08-03T09:07:58.726+0000] {dag.py:3089} INFO - Sync 1 DAGs
[2024-08-03T09:07:58.749+0000] {logging_mixin.py:188} INFO - [2024-08-03T09:07:58.749+0000] {dag.py:3947} INFO - Setting next_dagrun for example_nested_branch_dag to 2024-08-02 00:00:00+00:00, run_after=2024-08-03 00:00:00+00:00
[2024-08-03T09:07:58.774+0000] {processor.py:183} INFO - Processing /home/ubuntu/airflow-venv/lib/python3.12/site-packages/airflow/example_dags/example_nested_branch_dag.py took 0.090 seconds
[2024-08-03T09:09:01.287+0000] {processor.py:161} INFO - Started process (PID=7477) to work on /home/ubuntu/airflow-venv/lib/python3.12/site-packages/airflow/example_dags/example_nested_branch_dag.py
[2024-08-03T09:09:01.289+0000] {processor.py:830} INFO - Processing file /home/ubuntu/airflow-venv/lib/python3.12/site-packages/airflow/example_dags/example_nested_branch_dag.py for tasks to queue
[2024-08-03T09:09:01.291+0000] {logging_mixin.py:188} INFO - [2024-08-03T09:09:01.290+0000] {dagbag.py:545} INFO - Filling up the DagBag from /home/ubuntu/airflow-venv/lib/python3.12/site-packages/airflow/example_dags/example_nested_branch_dag.py
[2024-08-03T09:09:01.302+0000] {processor.py:840} INFO - DAG(s) 'example_nested_branch_dag' retrieved from /home/ubuntu/airflow-venv/lib/python3.12/site-packages/airflow/example_dags/example_nested_branch_dag.py
[2024-08-03T09:09:01.322+0000] {logging_mixin.py:188} INFO - [2024-08-03T09:09:01.322+0000] {dag.py:3089} INFO - Sync 1 DAGs
[2024-08-03T09:09:01.344+0000] {logging_mixin.py:188} INFO - [2024-08-03T09:09:01.344+0000] {dag.py:3947} INFO - Setting next_dagrun for example_nested_branch_dag to 2024-08-02 00:00:00+00:00, run_after=2024-08-03 00:00:00+00:00
[2024-08-03T09:09:01.369+0000] {processor.py:183} INFO - Processing /home/ubuntu/airflow-venv/lib/python3.12/site-packages/airflow/example_dags/example_nested_branch_dag.py took 0.090 seconds
[2024-08-03T09:10:05.597+0000] {processor.py:161} INFO - Started process (PID=7776) to work on /home/ubuntu/airflow-venv/lib/python3.12/site-packages/airflow/example_dags/example_nested_branch_dag.py
[2024-08-03T09:10:05.601+0000] {processor.py:830} INFO - Processing file /home/ubuntu/airflow-venv/lib/python3.12/site-packages/airflow/example_dags/example_nested_branch_dag.py for tasks to queue
[2024-08-03T09:10:05.604+0000] {logging_mixin.py:188} INFO - [2024-08-03T09:10:05.603+0000] {dagbag.py:545} INFO - Filling up the DagBag from /home/ubuntu/airflow-venv/lib/python3.12/site-packages/airflow/example_dags/example_nested_branch_dag.py
[2024-08-03T09:10:05.622+0000] {processor.py:840} INFO - DAG(s) 'example_nested_branch_dag' retrieved from /home/ubuntu/airflow-venv/lib/python3.12/site-packages/airflow/example_dags/example_nested_branch_dag.py
[2024-08-03T09:10:05.652+0000] {logging_mixin.py:188} INFO - [2024-08-03T09:10:05.652+0000] {dag.py:3089} INFO - Sync 1 DAGs
[2024-08-03T09:10:05.686+0000] {logging_mixin.py:188} INFO - [2024-08-03T09:10:05.685+0000] {dag.py:3947} INFO - Setting next_dagrun for example_nested_branch_dag to 2024-08-02 00:00:00+00:00, run_after=2024-08-03 00:00:00+00:00
[2024-08-03T09:10:05.719+0000] {processor.py:183} INFO - Processing /home/ubuntu/airflow-venv/lib/python3.12/site-packages/airflow/example_dags/example_nested_branch_dag.py took 0.134 seconds
[2024-08-03T09:11:05.529+0000] {processor.py:161} INFO - Started process (PID=7984) to work on /home/ubuntu/airflow-venv/lib/python3.12/site-packages/airflow/example_dags/example_nested_branch_dag.py
[2024-08-03T09:11:05.531+0000] {processor.py:830} INFO - Processing file /home/ubuntu/airflow-venv/lib/python3.12/site-packages/airflow/example_dags/example_nested_branch_dag.py for tasks to queue
[2024-08-03T09:11:05.533+0000] {logging_mixin.py:188} INFO - [2024-08-03T09:11:05.533+0000] {dagbag.py:545} INFO - Filling up the DagBag from /home/ubuntu/airflow-venv/lib/python3.12/site-packages/airflow/example_dags/example_nested_branch_dag.py
[2024-08-03T09:11:05.544+0000] {processor.py:840} INFO - DAG(s) 'example_nested_branch_dag' retrieved from /home/ubuntu/airflow-venv/lib/python3.12/site-packages/airflow/example_dags/example_nested_branch_dag.py
[2024-08-03T09:11:05.562+0000] {logging_mixin.py:188} INFO - [2024-08-03T09:11:05.562+0000] {dag.py:3089} INFO - Sync 1 DAGs
[2024-08-03T09:11:05.585+0000] {logging_mixin.py:188} INFO - [2024-08-03T09:11:05.585+0000] {dag.py:3947} INFO - Setting next_dagrun for example_nested_branch_dag to 2024-08-02 00:00:00+00:00, run_after=2024-08-03 00:00:00+00:00
[2024-08-03T09:11:05.608+0000] {processor.py:183} INFO - Processing /home/ubuntu/airflow-venv/lib/python3.12/site-packages/airflow/example_dags/example_nested_branch_dag.py took 0.087 seconds
[2024-08-03T09:12:08.678+0000] {processor.py:161} INFO - Started process (PID=8159) to work on /home/ubuntu/airflow-venv/lib/python3.12/site-packages/airflow/example_dags/example_nested_branch_dag.py
[2024-08-03T09:12:08.679+0000] {processor.py:830} INFO - Processing file /home/ubuntu/airflow-venv/lib/python3.12/site-packages/airflow/example_dags/example_nested_branch_dag.py for tasks to queue
[2024-08-03T09:12:08.682+0000] {logging_mixin.py:188} INFO - [2024-08-03T09:12:08.681+0000] {dagbag.py:545} INFO - Filling up the DagBag from /home/ubuntu/airflow-venv/lib/python3.12/site-packages/airflow/example_dags/example_nested_branch_dag.py
[2024-08-03T09:12:08.693+0000] {processor.py:840} INFO - DAG(s) 'example_nested_branch_dag' retrieved from /home/ubuntu/airflow-venv/lib/python3.12/site-packages/airflow/example_dags/example_nested_branch_dag.py
[2024-08-03T09:12:08.712+0000] {logging_mixin.py:188} INFO - [2024-08-03T09:12:08.712+0000] {dag.py:3089} INFO - Sync 1 DAGs
[2024-08-03T09:12:08.734+0000] {logging_mixin.py:188} INFO - [2024-08-03T09:12:08.734+0000] {dag.py:3947} INFO - Setting next_dagrun for example_nested_branch_dag to 2024-08-02 00:00:00+00:00, run_after=2024-08-03 00:00:00+00:00
[2024-08-03T09:12:08.759+0000] {processor.py:183} INFO - Processing /home/ubuntu/airflow-venv/lib/python3.12/site-packages/airflow/example_dags/example_nested_branch_dag.py took 0.089 seconds
[2024-08-03T09:13:12.584+0000] {processor.py:161} INFO - Started process (PID=8529) to work on /home/ubuntu/airflow-venv/lib/python3.12/site-packages/airflow/example_dags/example_nested_branch_dag.py
[2024-08-03T09:13:12.586+0000] {processor.py:830} INFO - Processing file /home/ubuntu/airflow-venv/lib/python3.12/site-packages/airflow/example_dags/example_nested_branch_dag.py for tasks to queue
[2024-08-03T09:13:12.588+0000] {logging_mixin.py:188} INFO - [2024-08-03T09:13:12.588+0000] {dagbag.py:545} INFO - Filling up the DagBag from /home/ubuntu/airflow-venv/lib/python3.12/site-packages/airflow/example_dags/example_nested_branch_dag.py
[2024-08-03T09:13:12.600+0000] {processor.py:840} INFO - DAG(s) 'example_nested_branch_dag' retrieved from /home/ubuntu/airflow-venv/lib/python3.12/site-packages/airflow/example_dags/example_nested_branch_dag.py
[2024-08-03T09:13:12.620+0000] {logging_mixin.py:188} INFO - [2024-08-03T09:13:12.619+0000] {dag.py:3089} INFO - Sync 1 DAGs
[2024-08-03T09:13:12.642+0000] {logging_mixin.py:188} INFO - [2024-08-03T09:13:12.642+0000] {dag.py:3947} INFO - Setting next_dagrun for example_nested_branch_dag to 2024-08-02 00:00:00+00:00, run_after=2024-08-03 00:00:00+00:00
[2024-08-03T09:13:12.680+0000] {processor.py:183} INFO - Processing /home/ubuntu/airflow-venv/lib/python3.12/site-packages/airflow/example_dags/example_nested_branch_dag.py took 0.104 seconds
