[2024-08-03T08:30:59.793+0000] {processor.py:161} INFO - Started process (PID=1836) to work on /home/ubuntu/airflow-venv/lib/python3.12/site-packages/airflow/example_dags/example_branch_python_dop_operator_3.py
[2024-08-03T08:30:59.794+0000] {processor.py:830} INFO - Processing file /home/ubuntu/airflow-venv/lib/python3.12/site-packages/airflow/example_dags/example_branch_python_dop_operator_3.py for tasks to queue
[2024-08-03T08:30:59.797+0000] {logging_mixin.py:188} INFO - [2024-08-03T08:30:59.797+0000] {dagbag.py:545} INFO - Filling up the DagBag from /home/ubuntu/airflow-venv/lib/python3.12/site-packages/airflow/example_dags/example_branch_python_dop_operator_3.py
[2024-08-03T08:30:59.813+0000] {processor.py:840} INFO - DAG(s) 'example_branch_dop_operator_v3' retrieved from /home/ubuntu/airflow-venv/lib/python3.12/site-packages/airflow/example_dags/example_branch_python_dop_operator_3.py
[2024-08-03T08:30:59.925+0000] {logging_mixin.py:188} INFO - [2024-08-03T08:30:59.925+0000] {dag.py:3089} INFO - Sync 1 DAGs
[2024-08-03T08:30:59.947+0000] {logging_mixin.py:188} INFO - [2024-08-03T08:30:59.946+0000] {dag.py:3947} INFO - Setting next_dagrun for example_branch_dop_operator_v3 to 2024-08-03 08:29:00+00:00, run_after=2024-08-03 08:30:00+00:00
[2024-08-03T08:30:59.970+0000] {processor.py:183} INFO - Processing /home/ubuntu/airflow-venv/lib/python3.12/site-packages/airflow/example_dags/example_branch_python_dop_operator_3.py took 0.187 seconds
[2024-08-03T08:31:53.736+0000] {processor.py:161} INFO - Started process (PID=1897) to work on /home/ubuntu/airflow-venv/lib/python3.12/site-packages/airflow/example_dags/example_branch_python_dop_operator_3.py
[2024-08-03T08:31:53.737+0000] {processor.py:830} INFO - Processing file /home/ubuntu/airflow-venv/lib/python3.12/site-packages/airflow/example_dags/example_branch_python_dop_operator_3.py for tasks to queue
[2024-08-03T08:31:53.739+0000] {logging_mixin.py:188} INFO - [2024-08-03T08:31:53.739+0000] {dagbag.py:545} INFO - Filling up the DagBag from /home/ubuntu/airflow-venv/lib/python3.12/site-packages/airflow/example_dags/example_branch_python_dop_operator_3.py
[2024-08-03T08:31:53.749+0000] {processor.py:840} INFO - DAG(s) 'example_branch_dop_operator_v3' retrieved from /home/ubuntu/airflow-venv/lib/python3.12/site-packages/airflow/example_dags/example_branch_python_dop_operator_3.py
[2024-08-03T08:31:53.765+0000] {logging_mixin.py:188} INFO - [2024-08-03T08:31:53.765+0000] {dag.py:3089} INFO - Sync 1 DAGs
[2024-08-03T08:31:53.788+0000] {logging_mixin.py:188} INFO - [2024-08-03T08:31:53.788+0000] {dag.py:3947} INFO - Setting next_dagrun for example_branch_dop_operator_v3 to 2024-08-03 08:30:00+00:00, run_after=2024-08-03 08:31:00+00:00
[2024-08-03T08:31:53.813+0000] {processor.py:183} INFO - Processing /home/ubuntu/airflow-venv/lib/python3.12/site-packages/airflow/example_dags/example_branch_python_dop_operator_3.py took 0.084 seconds
[2024-08-03T08:33:27.772+0000] {processor.py:161} INFO - Started process (PID=2002) to work on /home/ubuntu/airflow-venv/lib/python3.12/site-packages/airflow/example_dags/example_branch_python_dop_operator_3.py
[2024-08-03T08:33:27.774+0000] {processor.py:830} INFO - Processing file /home/ubuntu/airflow-venv/lib/python3.12/site-packages/airflow/example_dags/example_branch_python_dop_operator_3.py for tasks to queue
[2024-08-03T08:33:27.776+0000] {logging_mixin.py:188} INFO - [2024-08-03T08:33:27.775+0000] {dagbag.py:545} INFO - Filling up the DagBag from /home/ubuntu/airflow-venv/lib/python3.12/site-packages/airflow/example_dags/example_branch_python_dop_operator_3.py
[2024-08-03T08:33:27.785+0000] {processor.py:840} INFO - DAG(s) 'example_branch_dop_operator_v3' retrieved from /home/ubuntu/airflow-venv/lib/python3.12/site-packages/airflow/example_dags/example_branch_python_dop_operator_3.py
[2024-08-03T08:33:27.888+0000] {logging_mixin.py:188} INFO - [2024-08-03T08:33:27.887+0000] {dag.py:3089} INFO - Sync 1 DAGs
[2024-08-03T08:33:27.909+0000] {logging_mixin.py:188} INFO - [2024-08-03T08:33:27.909+0000] {dag.py:3947} INFO - Setting next_dagrun for example_branch_dop_operator_v3 to 2024-08-03 08:32:00+00:00, run_after=2024-08-03 08:33:00+00:00
[2024-08-03T08:33:27.934+0000] {processor.py:183} INFO - Processing /home/ubuntu/airflow-venv/lib/python3.12/site-packages/airflow/example_dags/example_branch_python_dop_operator_3.py took 0.167 seconds
[2024-08-03T08:34:22.595+0000] {processor.py:161} INFO - Started process (PID=2058) to work on /home/ubuntu/airflow-venv/lib/python3.12/site-packages/airflow/example_dags/example_branch_python_dop_operator_3.py
[2024-08-03T08:34:22.597+0000] {processor.py:830} INFO - Processing file /home/ubuntu/airflow-venv/lib/python3.12/site-packages/airflow/example_dags/example_branch_python_dop_operator_3.py for tasks to queue
[2024-08-03T08:34:22.599+0000] {logging_mixin.py:188} INFO - [2024-08-03T08:34:22.598+0000] {dagbag.py:545} INFO - Filling up the DagBag from /home/ubuntu/airflow-venv/lib/python3.12/site-packages/airflow/example_dags/example_branch_python_dop_operator_3.py
[2024-08-03T08:34:22.608+0000] {processor.py:840} INFO - DAG(s) 'example_branch_dop_operator_v3' retrieved from /home/ubuntu/airflow-venv/lib/python3.12/site-packages/airflow/example_dags/example_branch_python_dop_operator_3.py
[2024-08-03T08:34:22.625+0000] {logging_mixin.py:188} INFO - [2024-08-03T08:34:22.625+0000] {dag.py:3089} INFO - Sync 1 DAGs
[2024-08-03T08:34:22.648+0000] {logging_mixin.py:188} INFO - [2024-08-03T08:34:22.648+0000] {dag.py:3947} INFO - Setting next_dagrun for example_branch_dop_operator_v3 to 2024-08-03 08:33:00+00:00, run_after=2024-08-03 08:34:00+00:00
[2024-08-03T08:34:22.673+0000] {processor.py:183} INFO - Processing /home/ubuntu/airflow-venv/lib/python3.12/site-packages/airflow/example_dags/example_branch_python_dop_operator_3.py took 0.083 seconds
[2024-08-03T08:35:37.945+0000] {processor.py:161} INFO - Started process (PID=2148) to work on /home/ubuntu/airflow-venv/lib/python3.12/site-packages/airflow/example_dags/example_branch_python_dop_operator_3.py
[2024-08-03T08:35:37.946+0000] {processor.py:830} INFO - Processing file /home/ubuntu/airflow-venv/lib/python3.12/site-packages/airflow/example_dags/example_branch_python_dop_operator_3.py for tasks to queue
[2024-08-03T08:35:37.948+0000] {logging_mixin.py:188} INFO - [2024-08-03T08:35:37.948+0000] {dagbag.py:545} INFO - Filling up the DagBag from /home/ubuntu/airflow-venv/lib/python3.12/site-packages/airflow/example_dags/example_branch_python_dop_operator_3.py
[2024-08-03T08:35:37.957+0000] {processor.py:840} INFO - DAG(s) 'example_branch_dop_operator_v3' retrieved from /home/ubuntu/airflow-venv/lib/python3.12/site-packages/airflow/example_dags/example_branch_python_dop_operator_3.py
[2024-08-03T08:35:37.974+0000] {logging_mixin.py:188} INFO - [2024-08-03T08:35:37.973+0000] {dag.py:3089} INFO - Sync 1 DAGs
[2024-08-03T08:35:37.996+0000] {logging_mixin.py:188} INFO - [2024-08-03T08:35:37.996+0000] {dag.py:3947} INFO - Setting next_dagrun for example_branch_dop_operator_v3 to 2024-08-03 08:34:00+00:00, run_after=2024-08-03 08:35:00+00:00
[2024-08-03T08:35:38.021+0000] {processor.py:183} INFO - Processing /home/ubuntu/airflow-venv/lib/python3.12/site-packages/airflow/example_dags/example_branch_python_dop_operator_3.py took 0.082 seconds
[2024-08-03T08:36:47.475+0000] {processor.py:161} INFO - Started process (PID=2225) to work on /home/ubuntu/airflow-venv/lib/python3.12/site-packages/airflow/example_dags/example_branch_python_dop_operator_3.py
[2024-08-03T08:36:47.477+0000] {processor.py:830} INFO - Processing file /home/ubuntu/airflow-venv/lib/python3.12/site-packages/airflow/example_dags/example_branch_python_dop_operator_3.py for tasks to queue
[2024-08-03T08:36:47.478+0000] {logging_mixin.py:188} INFO - [2024-08-03T08:36:47.478+0000] {dagbag.py:545} INFO - Filling up the DagBag from /home/ubuntu/airflow-venv/lib/python3.12/site-packages/airflow/example_dags/example_branch_python_dop_operator_3.py
[2024-08-03T08:36:47.488+0000] {processor.py:840} INFO - DAG(s) 'example_branch_dop_operator_v3' retrieved from /home/ubuntu/airflow-venv/lib/python3.12/site-packages/airflow/example_dags/example_branch_python_dop_operator_3.py
[2024-08-03T08:36:47.505+0000] {logging_mixin.py:188} INFO - [2024-08-03T08:36:47.504+0000] {dag.py:3089} INFO - Sync 1 DAGs
[2024-08-03T08:36:47.528+0000] {logging_mixin.py:188} INFO - [2024-08-03T08:36:47.527+0000] {dag.py:3947} INFO - Setting next_dagrun for example_branch_dop_operator_v3 to 2024-08-03 08:35:00+00:00, run_after=2024-08-03 08:36:00+00:00
[2024-08-03T08:36:47.551+0000] {processor.py:183} INFO - Processing /home/ubuntu/airflow-venv/lib/python3.12/site-packages/airflow/example_dags/example_branch_python_dop_operator_3.py took 0.082 seconds
[2024-08-03T08:37:46.070+0000] {processor.py:161} INFO - Started process (PID=2313) to work on /home/ubuntu/airflow-venv/lib/python3.12/site-packages/airflow/example_dags/example_branch_python_dop_operator_3.py
[2024-08-03T08:37:46.072+0000] {processor.py:830} INFO - Processing file /home/ubuntu/airflow-venv/lib/python3.12/site-packages/airflow/example_dags/example_branch_python_dop_operator_3.py for tasks to queue
[2024-08-03T08:37:46.076+0000] {logging_mixin.py:188} INFO - [2024-08-03T08:37:46.076+0000] {dagbag.py:545} INFO - Filling up the DagBag from /home/ubuntu/airflow-venv/lib/python3.12/site-packages/airflow/example_dags/example_branch_python_dop_operator_3.py
[2024-08-03T08:37:46.087+0000] {processor.py:840} INFO - DAG(s) 'example_branch_dop_operator_v3' retrieved from /home/ubuntu/airflow-venv/lib/python3.12/site-packages/airflow/example_dags/example_branch_python_dop_operator_3.py
[2024-08-03T08:37:46.112+0000] {logging_mixin.py:188} INFO - [2024-08-03T08:37:46.109+0000] {dag.py:3089} INFO - Sync 1 DAGs
[2024-08-03T08:37:46.155+0000] {logging_mixin.py:188} INFO - [2024-08-03T08:37:46.155+0000] {dag.py:3947} INFO - Setting next_dagrun for example_branch_dop_operator_v3 to 2024-08-03 08:36:00+00:00, run_after=2024-08-03 08:37:00+00:00
[2024-08-03T08:37:46.186+0000] {processor.py:183} INFO - Processing /home/ubuntu/airflow-venv/lib/python3.12/site-packages/airflow/example_dags/example_branch_python_dop_operator_3.py took 0.128 seconds
[2024-08-03T08:39:08.997+0000] {processor.py:161} INFO - Started process (PID=2407) to work on /home/ubuntu/airflow-venv/lib/python3.12/site-packages/airflow/example_dags/example_branch_python_dop_operator_3.py
[2024-08-03T08:39:08.998+0000] {processor.py:830} INFO - Processing file /home/ubuntu/airflow-venv/lib/python3.12/site-packages/airflow/example_dags/example_branch_python_dop_operator_3.py for tasks to queue
[2024-08-03T08:39:09.000+0000] {logging_mixin.py:188} INFO - [2024-08-03T08:39:09.000+0000] {dagbag.py:545} INFO - Filling up the DagBag from /home/ubuntu/airflow-venv/lib/python3.12/site-packages/airflow/example_dags/example_branch_python_dop_operator_3.py
[2024-08-03T08:39:09.009+0000] {processor.py:840} INFO - DAG(s) 'example_branch_dop_operator_v3' retrieved from /home/ubuntu/airflow-venv/lib/python3.12/site-packages/airflow/example_dags/example_branch_python_dop_operator_3.py
[2024-08-03T08:39:09.026+0000] {logging_mixin.py:188} INFO - [2024-08-03T08:39:09.026+0000] {dag.py:3089} INFO - Sync 1 DAGs
[2024-08-03T08:39:09.050+0000] {logging_mixin.py:188} INFO - [2024-08-03T08:39:09.050+0000] {dag.py:3947} INFO - Setting next_dagrun for example_branch_dop_operator_v3 to 2024-08-03 08:38:00+00:00, run_after=2024-08-03 08:39:00+00:00
[2024-08-03T08:39:09.074+0000] {processor.py:183} INFO - Processing /home/ubuntu/airflow-venv/lib/python3.12/site-packages/airflow/example_dags/example_branch_python_dop_operator_3.py took 0.083 seconds
[2024-08-03T08:40:02.797+0000] {processor.py:161} INFO - Started process (PID=2467) to work on /home/ubuntu/airflow-venv/lib/python3.12/site-packages/airflow/example_dags/example_branch_python_dop_operator_3.py
[2024-08-03T08:40:02.798+0000] {processor.py:830} INFO - Processing file /home/ubuntu/airflow-venv/lib/python3.12/site-packages/airflow/example_dags/example_branch_python_dop_operator_3.py for tasks to queue
[2024-08-03T08:40:02.800+0000] {logging_mixin.py:188} INFO - [2024-08-03T08:40:02.799+0000] {dagbag.py:545} INFO - Filling up the DagBag from /home/ubuntu/airflow-venv/lib/python3.12/site-packages/airflow/example_dags/example_branch_python_dop_operator_3.py
[2024-08-03T08:40:02.809+0000] {processor.py:840} INFO - DAG(s) 'example_branch_dop_operator_v3' retrieved from /home/ubuntu/airflow-venv/lib/python3.12/site-packages/airflow/example_dags/example_branch_python_dop_operator_3.py
[2024-08-03T08:40:02.826+0000] {logging_mixin.py:188} INFO - [2024-08-03T08:40:02.826+0000] {dag.py:3089} INFO - Sync 1 DAGs
[2024-08-03T08:40:02.850+0000] {logging_mixin.py:188} INFO - [2024-08-03T08:40:02.850+0000] {dag.py:3947} INFO - Setting next_dagrun for example_branch_dop_operator_v3 to 2024-08-03 08:39:00+00:00, run_after=2024-08-03 08:40:00+00:00
[2024-08-03T08:40:02.875+0000] {processor.py:183} INFO - Processing /home/ubuntu/airflow-venv/lib/python3.12/site-packages/airflow/example_dags/example_branch_python_dop_operator_3.py took 0.085 seconds
[2024-08-03T08:40:58.638+0000] {processor.py:161} INFO - Started process (PID=2531) to work on /home/ubuntu/airflow-venv/lib/python3.12/site-packages/airflow/example_dags/example_branch_python_dop_operator_3.py
[2024-08-03T08:40:58.640+0000] {processor.py:830} INFO - Processing file /home/ubuntu/airflow-venv/lib/python3.12/site-packages/airflow/example_dags/example_branch_python_dop_operator_3.py for tasks to queue
[2024-08-03T08:40:58.641+0000] {logging_mixin.py:188} INFO - [2024-08-03T08:40:58.641+0000] {dagbag.py:545} INFO - Filling up the DagBag from /home/ubuntu/airflow-venv/lib/python3.12/site-packages/airflow/example_dags/example_branch_python_dop_operator_3.py
[2024-08-03T08:40:58.651+0000] {processor.py:840} INFO - DAG(s) 'example_branch_dop_operator_v3' retrieved from /home/ubuntu/airflow-venv/lib/python3.12/site-packages/airflow/example_dags/example_branch_python_dop_operator_3.py
[2024-08-03T08:40:58.668+0000] {logging_mixin.py:188} INFO - [2024-08-03T08:40:58.668+0000] {dag.py:3089} INFO - Sync 1 DAGs
[2024-08-03T08:40:58.692+0000] {logging_mixin.py:188} INFO - [2024-08-03T08:40:58.692+0000] {dag.py:3947} INFO - Setting next_dagrun for example_branch_dop_operator_v3 to 2024-08-03 08:39:00+00:00, run_after=2024-08-03 08:40:00+00:00
[2024-08-03T08:40:58.717+0000] {processor.py:183} INFO - Processing /home/ubuntu/airflow-venv/lib/python3.12/site-packages/airflow/example_dags/example_branch_python_dop_operator_3.py took 0.085 seconds
[2024-08-03T08:42:07.107+0000] {processor.py:161} INFO - Started process (PID=2605) to work on /home/ubuntu/airflow-venv/lib/python3.12/site-packages/airflow/example_dags/example_branch_python_dop_operator_3.py
[2024-08-03T08:42:07.109+0000] {processor.py:830} INFO - Processing file /home/ubuntu/airflow-venv/lib/python3.12/site-packages/airflow/example_dags/example_branch_python_dop_operator_3.py for tasks to queue
[2024-08-03T08:42:07.110+0000] {logging_mixin.py:188} INFO - [2024-08-03T08:42:07.110+0000] {dagbag.py:545} INFO - Filling up the DagBag from /home/ubuntu/airflow-venv/lib/python3.12/site-packages/airflow/example_dags/example_branch_python_dop_operator_3.py
[2024-08-03T08:42:07.120+0000] {processor.py:840} INFO - DAG(s) 'example_branch_dop_operator_v3' retrieved from /home/ubuntu/airflow-venv/lib/python3.12/site-packages/airflow/example_dags/example_branch_python_dop_operator_3.py
[2024-08-03T08:42:07.137+0000] {logging_mixin.py:188} INFO - [2024-08-03T08:42:07.137+0000] {dag.py:3089} INFO - Sync 1 DAGs
[2024-08-03T08:42:07.161+0000] {logging_mixin.py:188} INFO - [2024-08-03T08:42:07.160+0000] {dag.py:3947} INFO - Setting next_dagrun for example_branch_dop_operator_v3 to 2024-08-03 08:41:00+00:00, run_after=2024-08-03 08:42:00+00:00
[2024-08-03T08:42:07.186+0000] {processor.py:183} INFO - Processing /home/ubuntu/airflow-venv/lib/python3.12/site-packages/airflow/example_dags/example_branch_python_dop_operator_3.py took 0.084 seconds
[2024-08-03T08:43:12.399+0000] {processor.py:161} INFO - Started process (PID=2677) to work on /home/ubuntu/airflow-venv/lib/python3.12/site-packages/airflow/example_dags/example_branch_python_dop_operator_3.py
[2024-08-03T08:43:12.400+0000] {processor.py:830} INFO - Processing file /home/ubuntu/airflow-venv/lib/python3.12/site-packages/airflow/example_dags/example_branch_python_dop_operator_3.py for tasks to queue
[2024-08-03T08:43:12.402+0000] {logging_mixin.py:188} INFO - [2024-08-03T08:43:12.402+0000] {dagbag.py:545} INFO - Filling up the DagBag from /home/ubuntu/airflow-venv/lib/python3.12/site-packages/airflow/example_dags/example_branch_python_dop_operator_3.py
[2024-08-03T08:43:12.412+0000] {processor.py:840} INFO - DAG(s) 'example_branch_dop_operator_v3' retrieved from /home/ubuntu/airflow-venv/lib/python3.12/site-packages/airflow/example_dags/example_branch_python_dop_operator_3.py
[2024-08-03T08:43:12.428+0000] {logging_mixin.py:188} INFO - [2024-08-03T08:43:12.428+0000] {dag.py:3089} INFO - Sync 1 DAGs
[2024-08-03T08:43:12.452+0000] {logging_mixin.py:188} INFO - [2024-08-03T08:43:12.452+0000] {dag.py:3947} INFO - Setting next_dagrun for example_branch_dop_operator_v3 to 2024-08-03 08:42:00+00:00, run_after=2024-08-03 08:43:00+00:00
[2024-08-03T08:43:12.477+0000] {processor.py:183} INFO - Processing /home/ubuntu/airflow-venv/lib/python3.12/site-packages/airflow/example_dags/example_branch_python_dop_operator_3.py took 0.084 seconds
[2024-08-03T08:44:14.447+0000] {processor.py:161} INFO - Started process (PID=2853) to work on /home/ubuntu/airflow-venv/lib/python3.12/site-packages/airflow/example_dags/example_branch_python_dop_operator_3.py
[2024-08-03T08:44:14.449+0000] {processor.py:830} INFO - Processing file /home/ubuntu/airflow-venv/lib/python3.12/site-packages/airflow/example_dags/example_branch_python_dop_operator_3.py for tasks to queue
[2024-08-03T08:44:14.451+0000] {logging_mixin.py:188} INFO - [2024-08-03T08:44:14.450+0000] {dagbag.py:545} INFO - Filling up the DagBag from /home/ubuntu/airflow-venv/lib/python3.12/site-packages/airflow/example_dags/example_branch_python_dop_operator_3.py
[2024-08-03T08:44:14.460+0000] {processor.py:840} INFO - DAG(s) 'example_branch_dop_operator_v3' retrieved from /home/ubuntu/airflow-venv/lib/python3.12/site-packages/airflow/example_dags/example_branch_python_dop_operator_3.py
[2024-08-03T08:44:14.477+0000] {logging_mixin.py:188} INFO - [2024-08-03T08:44:14.477+0000] {dag.py:3089} INFO - Sync 1 DAGs
[2024-08-03T08:44:14.501+0000] {logging_mixin.py:188} INFO - [2024-08-03T08:44:14.501+0000] {dag.py:3947} INFO - Setting next_dagrun for example_branch_dop_operator_v3 to 2024-08-03 08:43:00+00:00, run_after=2024-08-03 08:44:00+00:00
[2024-08-03T08:44:14.525+0000] {processor.py:183} INFO - Processing /home/ubuntu/airflow-venv/lib/python3.12/site-packages/airflow/example_dags/example_branch_python_dop_operator_3.py took 0.084 seconds
[2024-08-03T08:45:20.184+0000] {processor.py:161} INFO - Started process (PID=3053) to work on /home/ubuntu/airflow-venv/lib/python3.12/site-packages/airflow/example_dags/example_branch_python_dop_operator_3.py
[2024-08-03T08:45:20.186+0000] {processor.py:830} INFO - Processing file /home/ubuntu/airflow-venv/lib/python3.12/site-packages/airflow/example_dags/example_branch_python_dop_operator_3.py for tasks to queue
[2024-08-03T08:45:20.188+0000] {logging_mixin.py:188} INFO - [2024-08-03T08:45:20.187+0000] {dagbag.py:545} INFO - Filling up the DagBag from /home/ubuntu/airflow-venv/lib/python3.12/site-packages/airflow/example_dags/example_branch_python_dop_operator_3.py
[2024-08-03T08:45:20.197+0000] {processor.py:840} INFO - DAG(s) 'example_branch_dop_operator_v3' retrieved from /home/ubuntu/airflow-venv/lib/python3.12/site-packages/airflow/example_dags/example_branch_python_dop_operator_3.py
[2024-08-03T08:45:20.214+0000] {logging_mixin.py:188} INFO - [2024-08-03T08:45:20.213+0000] {dag.py:3089} INFO - Sync 1 DAGs
[2024-08-03T08:45:20.237+0000] {logging_mixin.py:188} INFO - [2024-08-03T08:45:20.237+0000] {dag.py:3947} INFO - Setting next_dagrun for example_branch_dop_operator_v3 to 2024-08-03 08:44:00+00:00, run_after=2024-08-03 08:45:00+00:00
[2024-08-03T08:45:20.262+0000] {processor.py:183} INFO - Processing /home/ubuntu/airflow-venv/lib/python3.12/site-packages/airflow/example_dags/example_branch_python_dop_operator_3.py took 0.084 seconds
[2024-08-03T08:46:23.924+0000] {processor.py:161} INFO - Started process (PID=3148) to work on /home/ubuntu/airflow-venv/lib/python3.12/site-packages/airflow/example_dags/example_branch_python_dop_operator_3.py
[2024-08-03T08:46:23.925+0000] {processor.py:830} INFO - Processing file /home/ubuntu/airflow-venv/lib/python3.12/site-packages/airflow/example_dags/example_branch_python_dop_operator_3.py for tasks to queue
[2024-08-03T08:46:23.927+0000] {logging_mixin.py:188} INFO - [2024-08-03T08:46:23.926+0000] {dagbag.py:545} INFO - Filling up the DagBag from /home/ubuntu/airflow-venv/lib/python3.12/site-packages/airflow/example_dags/example_branch_python_dop_operator_3.py
[2024-08-03T08:46:23.936+0000] {processor.py:840} INFO - DAG(s) 'example_branch_dop_operator_v3' retrieved from /home/ubuntu/airflow-venv/lib/python3.12/site-packages/airflow/example_dags/example_branch_python_dop_operator_3.py
[2024-08-03T08:46:23.953+0000] {logging_mixin.py:188} INFO - [2024-08-03T08:46:23.953+0000] {dag.py:3089} INFO - Sync 1 DAGs
[2024-08-03T08:46:23.977+0000] {logging_mixin.py:188} INFO - [2024-08-03T08:46:23.977+0000] {dag.py:3947} INFO - Setting next_dagrun for example_branch_dop_operator_v3 to 2024-08-03 08:45:00+00:00, run_after=2024-08-03 08:46:00+00:00
[2024-08-03T08:46:24.001+0000] {processor.py:183} INFO - Processing /home/ubuntu/airflow-venv/lib/python3.12/site-packages/airflow/example_dags/example_branch_python_dop_operator_3.py took 0.084 seconds
[2024-08-03T08:47:29.220+0000] {processor.py:161} INFO - Started process (PID=3601) to work on /home/ubuntu/airflow-venv/lib/python3.12/site-packages/airflow/example_dags/example_branch_python_dop_operator_3.py
[2024-08-03T08:47:29.222+0000] {processor.py:830} INFO - Processing file /home/ubuntu/airflow-venv/lib/python3.12/site-packages/airflow/example_dags/example_branch_python_dop_operator_3.py for tasks to queue
[2024-08-03T08:47:29.223+0000] {logging_mixin.py:188} INFO - [2024-08-03T08:47:29.223+0000] {dagbag.py:545} INFO - Filling up the DagBag from /home/ubuntu/airflow-venv/lib/python3.12/site-packages/airflow/example_dags/example_branch_python_dop_operator_3.py
[2024-08-03T08:47:29.233+0000] {processor.py:840} INFO - DAG(s) 'example_branch_dop_operator_v3' retrieved from /home/ubuntu/airflow-venv/lib/python3.12/site-packages/airflow/example_dags/example_branch_python_dop_operator_3.py
[2024-08-03T08:47:29.249+0000] {logging_mixin.py:188} INFO - [2024-08-03T08:47:29.249+0000] {dag.py:3089} INFO - Sync 1 DAGs
[2024-08-03T08:47:29.272+0000] {logging_mixin.py:188} INFO - [2024-08-03T08:47:29.272+0000] {dag.py:3947} INFO - Setting next_dagrun for example_branch_dop_operator_v3 to 2024-08-03 08:46:00+00:00, run_after=2024-08-03 08:47:00+00:00
[2024-08-03T08:47:29.296+0000] {processor.py:183} INFO - Processing /home/ubuntu/airflow-venv/lib/python3.12/site-packages/airflow/example_dags/example_branch_python_dop_operator_3.py took 0.082 seconds
[2024-08-03T08:48:34.042+0000] {processor.py:161} INFO - Started process (PID=3790) to work on /home/ubuntu/airflow-venv/lib/python3.12/site-packages/airflow/example_dags/example_branch_python_dop_operator_3.py
[2024-08-03T08:48:34.043+0000] {processor.py:830} INFO - Processing file /home/ubuntu/airflow-venv/lib/python3.12/site-packages/airflow/example_dags/example_branch_python_dop_operator_3.py for tasks to queue
[2024-08-03T08:48:34.045+0000] {logging_mixin.py:188} INFO - [2024-08-03T08:48:34.045+0000] {dagbag.py:545} INFO - Filling up the DagBag from /home/ubuntu/airflow-venv/lib/python3.12/site-packages/airflow/example_dags/example_branch_python_dop_operator_3.py
[2024-08-03T08:48:34.054+0000] {processor.py:840} INFO - DAG(s) 'example_branch_dop_operator_v3' retrieved from /home/ubuntu/airflow-venv/lib/python3.12/site-packages/airflow/example_dags/example_branch_python_dop_operator_3.py
[2024-08-03T08:48:34.071+0000] {logging_mixin.py:188} INFO - [2024-08-03T08:48:34.071+0000] {dag.py:3089} INFO - Sync 1 DAGs
[2024-08-03T08:48:34.094+0000] {logging_mixin.py:188} INFO - [2024-08-03T08:48:34.094+0000] {dag.py:3947} INFO - Setting next_dagrun for example_branch_dop_operator_v3 to 2024-08-03 08:47:00+00:00, run_after=2024-08-03 08:48:00+00:00
[2024-08-03T08:48:34.118+0000] {processor.py:183} INFO - Processing /home/ubuntu/airflow-venv/lib/python3.12/site-packages/airflow/example_dags/example_branch_python_dop_operator_3.py took 0.083 seconds
[2024-08-03T08:49:39.584+0000] {processor.py:161} INFO - Started process (PID=4019) to work on /home/ubuntu/airflow-venv/lib/python3.12/site-packages/airflow/example_dags/example_branch_python_dop_operator_3.py
[2024-08-03T08:49:39.588+0000] {processor.py:830} INFO - Processing file /home/ubuntu/airflow-venv/lib/python3.12/site-packages/airflow/example_dags/example_branch_python_dop_operator_3.py for tasks to queue
[2024-08-03T08:49:39.590+0000] {logging_mixin.py:188} INFO - [2024-08-03T08:49:39.589+0000] {dagbag.py:545} INFO - Filling up the DagBag from /home/ubuntu/airflow-venv/lib/python3.12/site-packages/airflow/example_dags/example_branch_python_dop_operator_3.py
[2024-08-03T08:49:39.599+0000] {processor.py:840} INFO - DAG(s) 'example_branch_dop_operator_v3' retrieved from /home/ubuntu/airflow-venv/lib/python3.12/site-packages/airflow/example_dags/example_branch_python_dop_operator_3.py
[2024-08-03T08:49:39.616+0000] {logging_mixin.py:188} INFO - [2024-08-03T08:49:39.616+0000] {dag.py:3089} INFO - Sync 1 DAGs
[2024-08-03T08:49:39.640+0000] {logging_mixin.py:188} INFO - [2024-08-03T08:49:39.640+0000] {dag.py:3947} INFO - Setting next_dagrun for example_branch_dop_operator_v3 to 2024-08-03 08:48:00+00:00, run_after=2024-08-03 08:49:00+00:00
[2024-08-03T08:49:39.665+0000] {processor.py:183} INFO - Processing /home/ubuntu/airflow-venv/lib/python3.12/site-packages/airflow/example_dags/example_branch_python_dop_operator_3.py took 0.087 seconds
[2024-08-03T08:50:50.301+0000] {processor.py:161} INFO - Started process (PID=4525) to work on /home/ubuntu/airflow-venv/lib/python3.12/site-packages/airflow/example_dags/example_branch_python_dop_operator_3.py
[2024-08-03T08:50:50.303+0000] {processor.py:830} INFO - Processing file /home/ubuntu/airflow-venv/lib/python3.12/site-packages/airflow/example_dags/example_branch_python_dop_operator_3.py for tasks to queue
[2024-08-03T08:50:50.305+0000] {logging_mixin.py:188} INFO - [2024-08-03T08:50:50.304+0000] {dagbag.py:545} INFO - Filling up the DagBag from /home/ubuntu/airflow-venv/lib/python3.12/site-packages/airflow/example_dags/example_branch_python_dop_operator_3.py
[2024-08-03T08:50:50.314+0000] {processor.py:840} INFO - DAG(s) 'example_branch_dop_operator_v3' retrieved from /home/ubuntu/airflow-venv/lib/python3.12/site-packages/airflow/example_dags/example_branch_python_dop_operator_3.py
[2024-08-03T08:50:50.331+0000] {logging_mixin.py:188} INFO - [2024-08-03T08:50:50.331+0000] {dag.py:3089} INFO - Sync 1 DAGs
[2024-08-03T08:50:50.355+0000] {logging_mixin.py:188} INFO - [2024-08-03T08:50:50.355+0000] {dag.py:3947} INFO - Setting next_dagrun for example_branch_dop_operator_v3 to 2024-08-03 08:49:00+00:00, run_after=2024-08-03 08:50:00+00:00
[2024-08-03T08:50:50.381+0000] {processor.py:183} INFO - Processing /home/ubuntu/airflow-venv/lib/python3.12/site-packages/airflow/example_dags/example_branch_python_dop_operator_3.py took 0.087 seconds
[2024-08-03T08:52:04.354+0000] {processor.py:161} INFO - Started process (PID=4712) to work on /home/ubuntu/airflow-venv/lib/python3.12/site-packages/airflow/example_dags/example_branch_python_dop_operator_3.py
[2024-08-03T08:52:04.356+0000] {processor.py:830} INFO - Processing file /home/ubuntu/airflow-venv/lib/python3.12/site-packages/airflow/example_dags/example_branch_python_dop_operator_3.py for tasks to queue
[2024-08-03T08:52:04.358+0000] {logging_mixin.py:188} INFO - [2024-08-03T08:52:04.357+0000] {dagbag.py:545} INFO - Filling up the DagBag from /home/ubuntu/airflow-venv/lib/python3.12/site-packages/airflow/example_dags/example_branch_python_dop_operator_3.py
[2024-08-03T08:52:04.367+0000] {processor.py:840} INFO - DAG(s) 'example_branch_dop_operator_v3' retrieved from /home/ubuntu/airflow-venv/lib/python3.12/site-packages/airflow/example_dags/example_branch_python_dop_operator_3.py
[2024-08-03T08:52:04.384+0000] {logging_mixin.py:188} INFO - [2024-08-03T08:52:04.384+0000] {dag.py:3089} INFO - Sync 1 DAGs
[2024-08-03T08:52:04.408+0000] {logging_mixin.py:188} INFO - [2024-08-03T08:52:04.408+0000] {dag.py:3947} INFO - Setting next_dagrun for example_branch_dop_operator_v3 to 2024-08-03 08:51:00+00:00, run_after=2024-08-03 08:52:00+00:00
[2024-08-03T08:52:04.434+0000] {processor.py:183} INFO - Processing /home/ubuntu/airflow-venv/lib/python3.12/site-packages/airflow/example_dags/example_branch_python_dop_operator_3.py took 0.087 seconds
[2024-08-03T08:53:07.351+0000] {processor.py:161} INFO - Started process (PID=4839) to work on /home/ubuntu/airflow-venv/lib/python3.12/site-packages/airflow/example_dags/example_branch_python_dop_operator_3.py
[2024-08-03T08:53:07.353+0000] {processor.py:830} INFO - Processing file /home/ubuntu/airflow-venv/lib/python3.12/site-packages/airflow/example_dags/example_branch_python_dop_operator_3.py for tasks to queue
[2024-08-03T08:53:07.355+0000] {logging_mixin.py:188} INFO - [2024-08-03T08:53:07.354+0000] {dagbag.py:545} INFO - Filling up the DagBag from /home/ubuntu/airflow-venv/lib/python3.12/site-packages/airflow/example_dags/example_branch_python_dop_operator_3.py
[2024-08-03T08:53:07.364+0000] {processor.py:840} INFO - DAG(s) 'example_branch_dop_operator_v3' retrieved from /home/ubuntu/airflow-venv/lib/python3.12/site-packages/airflow/example_dags/example_branch_python_dop_operator_3.py
[2024-08-03T08:53:07.381+0000] {logging_mixin.py:188} INFO - [2024-08-03T08:53:07.381+0000] {dag.py:3089} INFO - Sync 1 DAGs
[2024-08-03T08:53:07.404+0000] {logging_mixin.py:188} INFO - [2024-08-03T08:53:07.404+0000] {dag.py:3947} INFO - Setting next_dagrun for example_branch_dop_operator_v3 to 2024-08-03 08:52:00+00:00, run_after=2024-08-03 08:53:00+00:00
[2024-08-03T08:53:07.428+0000] {processor.py:183} INFO - Processing /home/ubuntu/airflow-venv/lib/python3.12/site-packages/airflow/example_dags/example_branch_python_dop_operator_3.py took 0.084 seconds
[2024-08-03T08:54:16.613+0000] {processor.py:161} INFO - Started process (PID=4917) to work on /home/ubuntu/airflow-venv/lib/python3.12/site-packages/airflow/example_dags/example_branch_python_dop_operator_3.py
[2024-08-03T08:54:16.615+0000] {processor.py:830} INFO - Processing file /home/ubuntu/airflow-venv/lib/python3.12/site-packages/airflow/example_dags/example_branch_python_dop_operator_3.py for tasks to queue
[2024-08-03T08:54:16.617+0000] {logging_mixin.py:188} INFO - [2024-08-03T08:54:16.616+0000] {dagbag.py:545} INFO - Filling up the DagBag from /home/ubuntu/airflow-venv/lib/python3.12/site-packages/airflow/example_dags/example_branch_python_dop_operator_3.py
[2024-08-03T08:54:16.626+0000] {processor.py:840} INFO - DAG(s) 'example_branch_dop_operator_v3' retrieved from /home/ubuntu/airflow-venv/lib/python3.12/site-packages/airflow/example_dags/example_branch_python_dop_operator_3.py
[2024-08-03T08:54:16.643+0000] {logging_mixin.py:188} INFO - [2024-08-03T08:54:16.642+0000] {dag.py:3089} INFO - Sync 1 DAGs
[2024-08-03T08:54:16.667+0000] {logging_mixin.py:188} INFO - [2024-08-03T08:54:16.667+0000] {dag.py:3947} INFO - Setting next_dagrun for example_branch_dop_operator_v3 to 2024-08-03 08:53:00+00:00, run_after=2024-08-03 08:54:00+00:00
[2024-08-03T08:54:16.691+0000] {processor.py:183} INFO - Processing /home/ubuntu/airflow-venv/lib/python3.12/site-packages/airflow/example_dags/example_branch_python_dop_operator_3.py took 0.085 seconds
[2024-08-03T08:55:17.193+0000] {processor.py:161} INFO - Started process (PID=4992) to work on /home/ubuntu/airflow-venv/lib/python3.12/site-packages/airflow/example_dags/example_branch_python_dop_operator_3.py
[2024-08-03T08:55:17.195+0000] {processor.py:830} INFO - Processing file /home/ubuntu/airflow-venv/lib/python3.12/site-packages/airflow/example_dags/example_branch_python_dop_operator_3.py for tasks to queue
[2024-08-03T08:55:17.197+0000] {logging_mixin.py:188} INFO - [2024-08-03T08:55:17.196+0000] {dagbag.py:545} INFO - Filling up the DagBag from /home/ubuntu/airflow-venv/lib/python3.12/site-packages/airflow/example_dags/example_branch_python_dop_operator_3.py
[2024-08-03T08:55:17.206+0000] {processor.py:840} INFO - DAG(s) 'example_branch_dop_operator_v3' retrieved from /home/ubuntu/airflow-venv/lib/python3.12/site-packages/airflow/example_dags/example_branch_python_dop_operator_3.py
[2024-08-03T08:55:17.222+0000] {logging_mixin.py:188} INFO - [2024-08-03T08:55:17.222+0000] {dag.py:3089} INFO - Sync 1 DAGs
[2024-08-03T08:55:17.246+0000] {logging_mixin.py:188} INFO - [2024-08-03T08:55:17.246+0000] {dag.py:3947} INFO - Setting next_dagrun for example_branch_dop_operator_v3 to 2024-08-03 08:54:00+00:00, run_after=2024-08-03 08:55:00+00:00
[2024-08-03T08:55:17.378+0000] {processor.py:183} INFO - Processing /home/ubuntu/airflow-venv/lib/python3.12/site-packages/airflow/example_dags/example_branch_python_dop_operator_3.py took 0.192 seconds
[2024-08-03T08:56:23.748+0000] {processor.py:161} INFO - Started process (PID=5061) to work on /home/ubuntu/airflow-venv/lib/python3.12/site-packages/airflow/example_dags/example_branch_python_dop_operator_3.py
[2024-08-03T08:56:23.750+0000] {processor.py:830} INFO - Processing file /home/ubuntu/airflow-venv/lib/python3.12/site-packages/airflow/example_dags/example_branch_python_dop_operator_3.py for tasks to queue
[2024-08-03T08:56:23.752+0000] {logging_mixin.py:188} INFO - [2024-08-03T08:56:23.752+0000] {dagbag.py:545} INFO - Filling up the DagBag from /home/ubuntu/airflow-venv/lib/python3.12/site-packages/airflow/example_dags/example_branch_python_dop_operator_3.py
[2024-08-03T08:56:23.762+0000] {processor.py:840} INFO - DAG(s) 'example_branch_dop_operator_v3' retrieved from /home/ubuntu/airflow-venv/lib/python3.12/site-packages/airflow/example_dags/example_branch_python_dop_operator_3.py
[2024-08-03T08:56:23.779+0000] {logging_mixin.py:188} INFO - [2024-08-03T08:56:23.778+0000] {dag.py:3089} INFO - Sync 1 DAGs
[2024-08-03T08:56:23.802+0000] {logging_mixin.py:188} INFO - [2024-08-03T08:56:23.802+0000] {dag.py:3947} INFO - Setting next_dagrun for example_branch_dop_operator_v3 to 2024-08-03 08:55:00+00:00, run_after=2024-08-03 08:56:00+00:00
[2024-08-03T08:56:23.829+0000] {processor.py:183} INFO - Processing /home/ubuntu/airflow-venv/lib/python3.12/site-packages/airflow/example_dags/example_branch_python_dop_operator_3.py took 0.088 seconds
[2024-08-03T08:57:39.684+0000] {processor.py:161} INFO - Started process (PID=5212) to work on /home/ubuntu/airflow-venv/lib/python3.12/site-packages/airflow/example_dags/example_branch_python_dop_operator_3.py
[2024-08-03T08:57:39.686+0000] {processor.py:830} INFO - Processing file /home/ubuntu/airflow-venv/lib/python3.12/site-packages/airflow/example_dags/example_branch_python_dop_operator_3.py for tasks to queue
[2024-08-03T08:57:39.688+0000] {logging_mixin.py:188} INFO - [2024-08-03T08:57:39.687+0000] {dagbag.py:545} INFO - Filling up the DagBag from /home/ubuntu/airflow-venv/lib/python3.12/site-packages/airflow/example_dags/example_branch_python_dop_operator_3.py
[2024-08-03T08:57:39.697+0000] {processor.py:840} INFO - DAG(s) 'example_branch_dop_operator_v3' retrieved from /home/ubuntu/airflow-venv/lib/python3.12/site-packages/airflow/example_dags/example_branch_python_dop_operator_3.py
[2024-08-03T08:57:39.713+0000] {logging_mixin.py:188} INFO - [2024-08-03T08:57:39.713+0000] {dag.py:3089} INFO - Sync 1 DAGs
[2024-08-03T08:57:39.736+0000] {logging_mixin.py:188} INFO - [2024-08-03T08:57:39.736+0000] {dag.py:3947} INFO - Setting next_dagrun for example_branch_dop_operator_v3 to 2024-08-03 08:56:00+00:00, run_after=2024-08-03 08:57:00+00:00
[2024-08-03T08:57:39.762+0000] {processor.py:183} INFO - Processing /home/ubuntu/airflow-venv/lib/python3.12/site-packages/airflow/example_dags/example_branch_python_dop_operator_3.py took 0.085 seconds
[2024-08-03T08:58:36.095+0000] {processor.py:161} INFO - Started process (PID=5395) to work on /home/ubuntu/airflow-venv/lib/python3.12/site-packages/airflow/example_dags/example_branch_python_dop_operator_3.py
[2024-08-03T08:58:36.097+0000] {processor.py:830} INFO - Processing file /home/ubuntu/airflow-venv/lib/python3.12/site-packages/airflow/example_dags/example_branch_python_dop_operator_3.py for tasks to queue
[2024-08-03T08:58:36.099+0000] {logging_mixin.py:188} INFO - [2024-08-03T08:58:36.098+0000] {dagbag.py:545} INFO - Filling up the DagBag from /home/ubuntu/airflow-venv/lib/python3.12/site-packages/airflow/example_dags/example_branch_python_dop_operator_3.py
[2024-08-03T08:58:36.108+0000] {processor.py:840} INFO - DAG(s) 'example_branch_dop_operator_v3' retrieved from /home/ubuntu/airflow-venv/lib/python3.12/site-packages/airflow/example_dags/example_branch_python_dop_operator_3.py
[2024-08-03T08:58:36.126+0000] {logging_mixin.py:188} INFO - [2024-08-03T08:58:36.125+0000] {dag.py:3089} INFO - Sync 1 DAGs
[2024-08-03T08:58:36.149+0000] {logging_mixin.py:188} INFO - [2024-08-03T08:58:36.149+0000] {dag.py:3947} INFO - Setting next_dagrun for example_branch_dop_operator_v3 to 2024-08-03 08:57:00+00:00, run_after=2024-08-03 08:58:00+00:00
[2024-08-03T08:58:36.177+0000] {processor.py:183} INFO - Processing /home/ubuntu/airflow-venv/lib/python3.12/site-packages/airflow/example_dags/example_branch_python_dop_operator_3.py took 0.090 seconds
[2024-08-03T08:59:47.613+0000] {processor.py:161} INFO - Started process (PID=5554) to work on /home/ubuntu/airflow-venv/lib/python3.12/site-packages/airflow/example_dags/example_branch_python_dop_operator_3.py
[2024-08-03T08:59:47.615+0000] {processor.py:830} INFO - Processing file /home/ubuntu/airflow-venv/lib/python3.12/site-packages/airflow/example_dags/example_branch_python_dop_operator_3.py for tasks to queue
[2024-08-03T08:59:47.617+0000] {logging_mixin.py:188} INFO - [2024-08-03T08:59:47.617+0000] {dagbag.py:545} INFO - Filling up the DagBag from /home/ubuntu/airflow-venv/lib/python3.12/site-packages/airflow/example_dags/example_branch_python_dop_operator_3.py
[2024-08-03T08:59:47.627+0000] {processor.py:840} INFO - DAG(s) 'example_branch_dop_operator_v3' retrieved from /home/ubuntu/airflow-venv/lib/python3.12/site-packages/airflow/example_dags/example_branch_python_dop_operator_3.py
[2024-08-03T08:59:47.644+0000] {logging_mixin.py:188} INFO - [2024-08-03T08:59:47.644+0000] {dag.py:3089} INFO - Sync 1 DAGs
[2024-08-03T08:59:47.668+0000] {logging_mixin.py:188} INFO - [2024-08-03T08:59:47.668+0000] {dag.py:3947} INFO - Setting next_dagrun for example_branch_dop_operator_v3 to 2024-08-03 08:58:00+00:00, run_after=2024-08-03 08:59:00+00:00
[2024-08-03T08:59:47.696+0000] {processor.py:183} INFO - Processing /home/ubuntu/airflow-venv/lib/python3.12/site-packages/airflow/example_dags/example_branch_python_dop_operator_3.py took 0.091 seconds
[2024-08-03T09:00:54.223+0000] {processor.py:161} INFO - Started process (PID=5858) to work on /home/ubuntu/airflow-venv/lib/python3.12/site-packages/airflow/example_dags/example_branch_python_dop_operator_3.py
[2024-08-03T09:00:54.224+0000] {processor.py:830} INFO - Processing file /home/ubuntu/airflow-venv/lib/python3.12/site-packages/airflow/example_dags/example_branch_python_dop_operator_3.py for tasks to queue
[2024-08-03T09:00:54.226+0000] {logging_mixin.py:188} INFO - [2024-08-03T09:00:54.226+0000] {dagbag.py:545} INFO - Filling up the DagBag from /home/ubuntu/airflow-venv/lib/python3.12/site-packages/airflow/example_dags/example_branch_python_dop_operator_3.py
[2024-08-03T09:00:54.236+0000] {processor.py:840} INFO - DAG(s) 'example_branch_dop_operator_v3' retrieved from /home/ubuntu/airflow-venv/lib/python3.12/site-packages/airflow/example_dags/example_branch_python_dop_operator_3.py
[2024-08-03T09:00:54.252+0000] {logging_mixin.py:188} INFO - [2024-08-03T09:00:54.252+0000] {dag.py:3089} INFO - Sync 1 DAGs
[2024-08-03T09:00:54.275+0000] {logging_mixin.py:188} INFO - [2024-08-03T09:00:54.275+0000] {dag.py:3947} INFO - Setting next_dagrun for example_branch_dop_operator_v3 to 2024-08-03 08:59:00+00:00, run_after=2024-08-03 09:00:00+00:00
[2024-08-03T09:00:54.299+0000] {processor.py:183} INFO - Processing /home/ubuntu/airflow-venv/lib/python3.12/site-packages/airflow/example_dags/example_branch_python_dop_operator_3.py took 0.084 seconds
[2024-08-03T09:01:56.167+0000] {processor.py:161} INFO - Started process (PID=6075) to work on /home/ubuntu/airflow-venv/lib/python3.12/site-packages/airflow/example_dags/example_branch_python_dop_operator_3.py
[2024-08-03T09:01:56.169+0000] {processor.py:830} INFO - Processing file /home/ubuntu/airflow-venv/lib/python3.12/site-packages/airflow/example_dags/example_branch_python_dop_operator_3.py for tasks to queue
[2024-08-03T09:01:56.171+0000] {logging_mixin.py:188} INFO - [2024-08-03T09:01:56.170+0000] {dagbag.py:545} INFO - Filling up the DagBag from /home/ubuntu/airflow-venv/lib/python3.12/site-packages/airflow/example_dags/example_branch_python_dop_operator_3.py
[2024-08-03T09:01:56.180+0000] {processor.py:840} INFO - DAG(s) 'example_branch_dop_operator_v3' retrieved from /home/ubuntu/airflow-venv/lib/python3.12/site-packages/airflow/example_dags/example_branch_python_dop_operator_3.py
[2024-08-03T09:01:56.198+0000] {logging_mixin.py:188} INFO - [2024-08-03T09:01:56.198+0000] {dag.py:3089} INFO - Sync 1 DAGs
[2024-08-03T09:01:56.221+0000] {logging_mixin.py:188} INFO - [2024-08-03T09:01:56.221+0000] {dag.py:3947} INFO - Setting next_dagrun for example_branch_dop_operator_v3 to 2024-08-03 09:00:00+00:00, run_after=2024-08-03 09:01:00+00:00
[2024-08-03T09:01:56.245+0000] {processor.py:183} INFO - Processing /home/ubuntu/airflow-venv/lib/python3.12/site-packages/airflow/example_dags/example_branch_python_dop_operator_3.py took 0.085 seconds
[2024-08-03T09:02:59.462+0000] {processor.py:161} INFO - Started process (PID=6278) to work on /home/ubuntu/airflow-venv/lib/python3.12/site-packages/airflow/example_dags/example_branch_python_dop_operator_3.py
[2024-08-03T09:02:59.464+0000] {processor.py:830} INFO - Processing file /home/ubuntu/airflow-venv/lib/python3.12/site-packages/airflow/example_dags/example_branch_python_dop_operator_3.py for tasks to queue
[2024-08-03T09:02:59.466+0000] {logging_mixin.py:188} INFO - [2024-08-03T09:02:59.465+0000] {dagbag.py:545} INFO - Filling up the DagBag from /home/ubuntu/airflow-venv/lib/python3.12/site-packages/airflow/example_dags/example_branch_python_dop_operator_3.py
[2024-08-03T09:02:59.475+0000] {processor.py:840} INFO - DAG(s) 'example_branch_dop_operator_v3' retrieved from /home/ubuntu/airflow-venv/lib/python3.12/site-packages/airflow/example_dags/example_branch_python_dop_operator_3.py
[2024-08-03T09:02:59.492+0000] {logging_mixin.py:188} INFO - [2024-08-03T09:02:59.492+0000] {dag.py:3089} INFO - Sync 1 DAGs
[2024-08-03T09:02:59.515+0000] {logging_mixin.py:188} INFO - [2024-08-03T09:02:59.515+0000] {dag.py:3947} INFO - Setting next_dagrun for example_branch_dop_operator_v3 to 2024-08-03 09:01:00+00:00, run_after=2024-08-03 09:02:00+00:00
[2024-08-03T09:02:59.540+0000] {processor.py:183} INFO - Processing /home/ubuntu/airflow-venv/lib/python3.12/site-packages/airflow/example_dags/example_branch_python_dop_operator_3.py took 0.085 seconds
[2024-08-03T09:04:01.048+0000] {processor.py:161} INFO - Started process (PID=6479) to work on /home/ubuntu/airflow-venv/lib/python3.12/site-packages/airflow/example_dags/example_branch_python_dop_operator_3.py
[2024-08-03T09:04:01.049+0000] {processor.py:830} INFO - Processing file /home/ubuntu/airflow-venv/lib/python3.12/site-packages/airflow/example_dags/example_branch_python_dop_operator_3.py for tasks to queue
[2024-08-03T09:04:01.052+0000] {logging_mixin.py:188} INFO - [2024-08-03T09:04:01.051+0000] {dagbag.py:545} INFO - Filling up the DagBag from /home/ubuntu/airflow-venv/lib/python3.12/site-packages/airflow/example_dags/example_branch_python_dop_operator_3.py
[2024-08-03T09:04:01.062+0000] {processor.py:840} INFO - DAG(s) 'example_branch_dop_operator_v3' retrieved from /home/ubuntu/airflow-venv/lib/python3.12/site-packages/airflow/example_dags/example_branch_python_dop_operator_3.py
[2024-08-03T09:04:01.080+0000] {logging_mixin.py:188} INFO - [2024-08-03T09:04:01.079+0000] {dag.py:3089} INFO - Sync 1 DAGs
[2024-08-03T09:04:01.104+0000] {logging_mixin.py:188} INFO - [2024-08-03T09:04:01.104+0000] {dag.py:3947} INFO - Setting next_dagrun for example_branch_dop_operator_v3 to 2024-08-03 09:03:00+00:00, run_after=2024-08-03 09:04:00+00:00
[2024-08-03T09:04:01.129+0000] {processor.py:183} INFO - Processing /home/ubuntu/airflow-venv/lib/python3.12/site-packages/airflow/example_dags/example_branch_python_dop_operator_3.py took 0.089 seconds
[2024-08-03T09:05:05.419+0000] {processor.py:161} INFO - Started process (PID=6565) to work on /home/ubuntu/airflow-venv/lib/python3.12/site-packages/airflow/example_dags/example_branch_python_dop_operator_3.py
[2024-08-03T09:05:05.421+0000] {processor.py:830} INFO - Processing file /home/ubuntu/airflow-venv/lib/python3.12/site-packages/airflow/example_dags/example_branch_python_dop_operator_3.py for tasks to queue
[2024-08-03T09:05:05.423+0000] {logging_mixin.py:188} INFO - [2024-08-03T09:05:05.423+0000] {dagbag.py:545} INFO - Filling up the DagBag from /home/ubuntu/airflow-venv/lib/python3.12/site-packages/airflow/example_dags/example_branch_python_dop_operator_3.py
[2024-08-03T09:05:05.433+0000] {processor.py:840} INFO - DAG(s) 'example_branch_dop_operator_v3' retrieved from /home/ubuntu/airflow-venv/lib/python3.12/site-packages/airflow/example_dags/example_branch_python_dop_operator_3.py
[2024-08-03T09:05:05.450+0000] {logging_mixin.py:188} INFO - [2024-08-03T09:05:05.449+0000] {dag.py:3089} INFO - Sync 1 DAGs
[2024-08-03T09:05:05.474+0000] {logging_mixin.py:188} INFO - [2024-08-03T09:05:05.474+0000] {dag.py:3947} INFO - Setting next_dagrun for example_branch_dop_operator_v3 to 2024-08-03 09:04:00+00:00, run_after=2024-08-03 09:05:00+00:00
[2024-08-03T09:05:05.498+0000] {processor.py:183} INFO - Processing /home/ubuntu/airflow-venv/lib/python3.12/site-packages/airflow/example_dags/example_branch_python_dop_operator_3.py took 0.087 seconds
[2024-08-03T09:06:10.847+0000] {processor.py:161} INFO - Started process (PID=6777) to work on /home/ubuntu/airflow-venv/lib/python3.12/site-packages/airflow/example_dags/example_branch_python_dop_operator_3.py
[2024-08-03T09:06:10.848+0000] {processor.py:830} INFO - Processing file /home/ubuntu/airflow-venv/lib/python3.12/site-packages/airflow/example_dags/example_branch_python_dop_operator_3.py for tasks to queue
[2024-08-03T09:06:10.850+0000] {logging_mixin.py:188} INFO - [2024-08-03T09:06:10.850+0000] {dagbag.py:545} INFO - Filling up the DagBag from /home/ubuntu/airflow-venv/lib/python3.12/site-packages/airflow/example_dags/example_branch_python_dop_operator_3.py
[2024-08-03T09:06:10.860+0000] {processor.py:840} INFO - DAG(s) 'example_branch_dop_operator_v3' retrieved from /home/ubuntu/airflow-venv/lib/python3.12/site-packages/airflow/example_dags/example_branch_python_dop_operator_3.py
[2024-08-03T09:06:10.877+0000] {logging_mixin.py:188} INFO - [2024-08-03T09:06:10.877+0000] {dag.py:3089} INFO - Sync 1 DAGs
[2024-08-03T09:06:10.902+0000] {logging_mixin.py:188} INFO - [2024-08-03T09:06:10.902+0000] {dag.py:3947} INFO - Setting next_dagrun for example_branch_dop_operator_v3 to 2024-08-03 09:05:00+00:00, run_after=2024-08-03 09:06:00+00:00
[2024-08-03T09:06:10.928+0000] {processor.py:183} INFO - Processing /home/ubuntu/airflow-venv/lib/python3.12/site-packages/airflow/example_dags/example_branch_python_dop_operator_3.py took 0.089 seconds
[2024-08-03T09:07:16.802+0000] {processor.py:161} INFO - Started process (PID=7030) to work on /home/ubuntu/airflow-venv/lib/python3.12/site-packages/airflow/example_dags/example_branch_python_dop_operator_3.py
[2024-08-03T09:07:16.804+0000] {processor.py:830} INFO - Processing file /home/ubuntu/airflow-venv/lib/python3.12/site-packages/airflow/example_dags/example_branch_python_dop_operator_3.py for tasks to queue
[2024-08-03T09:07:16.806+0000] {logging_mixin.py:188} INFO - [2024-08-03T09:07:16.805+0000] {dagbag.py:545} INFO - Filling up the DagBag from /home/ubuntu/airflow-venv/lib/python3.12/site-packages/airflow/example_dags/example_branch_python_dop_operator_3.py
[2024-08-03T09:07:16.815+0000] {processor.py:840} INFO - DAG(s) 'example_branch_dop_operator_v3' retrieved from /home/ubuntu/airflow-venv/lib/python3.12/site-packages/airflow/example_dags/example_branch_python_dop_operator_3.py
[2024-08-03T09:07:16.831+0000] {logging_mixin.py:188} INFO - [2024-08-03T09:07:16.831+0000] {dag.py:3089} INFO - Sync 1 DAGs
[2024-08-03T09:07:16.855+0000] {logging_mixin.py:188} INFO - [2024-08-03T09:07:16.854+0000] {dag.py:3947} INFO - Setting next_dagrun for example_branch_dop_operator_v3 to 2024-08-03 09:06:00+00:00, run_after=2024-08-03 09:07:00+00:00
[2024-08-03T09:07:16.879+0000] {processor.py:183} INFO - Processing /home/ubuntu/airflow-venv/lib/python3.12/site-packages/airflow/example_dags/example_branch_python_dop_operator_3.py took 0.085 seconds
[2024-08-03T09:08:23.516+0000] {processor.py:161} INFO - Started process (PID=7274) to work on /home/ubuntu/airflow-venv/lib/python3.12/site-packages/airflow/example_dags/example_branch_python_dop_operator_3.py
[2024-08-03T09:08:23.518+0000] {processor.py:830} INFO - Processing file /home/ubuntu/airflow-venv/lib/python3.12/site-packages/airflow/example_dags/example_branch_python_dop_operator_3.py for tasks to queue
[2024-08-03T09:08:23.520+0000] {logging_mixin.py:188} INFO - [2024-08-03T09:08:23.519+0000] {dagbag.py:545} INFO - Filling up the DagBag from /home/ubuntu/airflow-venv/lib/python3.12/site-packages/airflow/example_dags/example_branch_python_dop_operator_3.py
[2024-08-03T09:08:23.530+0000] {processor.py:840} INFO - DAG(s) 'example_branch_dop_operator_v3' retrieved from /home/ubuntu/airflow-venv/lib/python3.12/site-packages/airflow/example_dags/example_branch_python_dop_operator_3.py
[2024-08-03T09:08:23.547+0000] {logging_mixin.py:188} INFO - [2024-08-03T09:08:23.547+0000] {dag.py:3089} INFO - Sync 1 DAGs
[2024-08-03T09:08:23.571+0000] {logging_mixin.py:188} INFO - [2024-08-03T09:08:23.570+0000] {dag.py:3947} INFO - Setting next_dagrun for example_branch_dop_operator_v3 to 2024-08-03 09:07:00+00:00, run_after=2024-08-03 09:08:00+00:00
[2024-08-03T09:08:23.597+0000] {processor.py:183} INFO - Processing /home/ubuntu/airflow-venv/lib/python3.12/site-packages/airflow/example_dags/example_branch_python_dop_operator_3.py took 0.089 seconds
[2024-08-03T09:09:26.620+0000] {processor.py:161} INFO - Started process (PID=7634) to work on /home/ubuntu/airflow-venv/lib/python3.12/site-packages/airflow/example_dags/example_branch_python_dop_operator_3.py
[2024-08-03T09:09:26.622+0000] {processor.py:830} INFO - Processing file /home/ubuntu/airflow-venv/lib/python3.12/site-packages/airflow/example_dags/example_branch_python_dop_operator_3.py for tasks to queue
[2024-08-03T09:09:26.624+0000] {logging_mixin.py:188} INFO - [2024-08-03T09:09:26.623+0000] {dagbag.py:545} INFO - Filling up the DagBag from /home/ubuntu/airflow-venv/lib/python3.12/site-packages/airflow/example_dags/example_branch_python_dop_operator_3.py
[2024-08-03T09:09:26.633+0000] {processor.py:840} INFO - DAG(s) 'example_branch_dop_operator_v3' retrieved from /home/ubuntu/airflow-venv/lib/python3.12/site-packages/airflow/example_dags/example_branch_python_dop_operator_3.py
[2024-08-03T09:09:26.651+0000] {logging_mixin.py:188} INFO - [2024-08-03T09:09:26.650+0000] {dag.py:3089} INFO - Sync 1 DAGs
[2024-08-03T09:09:26.675+0000] {logging_mixin.py:188} INFO - [2024-08-03T09:09:26.674+0000] {dag.py:3947} INFO - Setting next_dagrun for example_branch_dop_operator_v3 to 2024-08-03 09:08:00+00:00, run_after=2024-08-03 09:09:00+00:00
[2024-08-03T09:09:26.700+0000] {processor.py:183} INFO - Processing /home/ubuntu/airflow-venv/lib/python3.12/site-packages/airflow/example_dags/example_branch_python_dop_operator_3.py took 0.089 seconds
[2024-08-03T09:10:30.373+0000] {processor.py:161} INFO - Started process (PID=7874) to work on /home/ubuntu/airflow-venv/lib/python3.12/site-packages/airflow/example_dags/example_branch_python_dop_operator_3.py
[2024-08-03T09:10:30.374+0000] {processor.py:830} INFO - Processing file /home/ubuntu/airflow-venv/lib/python3.12/site-packages/airflow/example_dags/example_branch_python_dop_operator_3.py for tasks to queue
[2024-08-03T09:10:30.376+0000] {logging_mixin.py:188} INFO - [2024-08-03T09:10:30.376+0000] {dagbag.py:545} INFO - Filling up the DagBag from /home/ubuntu/airflow-venv/lib/python3.12/site-packages/airflow/example_dags/example_branch_python_dop_operator_3.py
[2024-08-03T09:10:30.386+0000] {processor.py:840} INFO - DAG(s) 'example_branch_dop_operator_v3' retrieved from /home/ubuntu/airflow-venv/lib/python3.12/site-packages/airflow/example_dags/example_branch_python_dop_operator_3.py
[2024-08-03T09:10:30.403+0000] {logging_mixin.py:188} INFO - [2024-08-03T09:10:30.403+0000] {dag.py:3089} INFO - Sync 1 DAGs
[2024-08-03T09:10:30.427+0000] {logging_mixin.py:188} INFO - [2024-08-03T09:10:30.426+0000] {dag.py:3947} INFO - Setting next_dagrun for example_branch_dop_operator_v3 to 2024-08-03 09:09:00+00:00, run_after=2024-08-03 09:10:00+00:00
[2024-08-03T09:10:30.451+0000] {processor.py:183} INFO - Processing /home/ubuntu/airflow-venv/lib/python3.12/site-packages/airflow/example_dags/example_branch_python_dop_operator_3.py took 0.086 seconds
[2024-08-03T09:11:32.295+0000] {processor.py:161} INFO - Started process (PID=8010) to work on /home/ubuntu/airflow-venv/lib/python3.12/site-packages/airflow/example_dags/example_branch_python_dop_operator_3.py
[2024-08-03T09:11:32.296+0000] {processor.py:830} INFO - Processing file /home/ubuntu/airflow-venv/lib/python3.12/site-packages/airflow/example_dags/example_branch_python_dop_operator_3.py for tasks to queue
[2024-08-03T09:11:32.299+0000] {logging_mixin.py:188} INFO - [2024-08-03T09:11:32.298+0000] {dagbag.py:545} INFO - Filling up the DagBag from /home/ubuntu/airflow-venv/lib/python3.12/site-packages/airflow/example_dags/example_branch_python_dop_operator_3.py
[2024-08-03T09:11:32.308+0000] {processor.py:840} INFO - DAG(s) 'example_branch_dop_operator_v3' retrieved from /home/ubuntu/airflow-venv/lib/python3.12/site-packages/airflow/example_dags/example_branch_python_dop_operator_3.py
[2024-08-03T09:11:32.325+0000] {logging_mixin.py:188} INFO - [2024-08-03T09:11:32.325+0000] {dag.py:3089} INFO - Sync 1 DAGs
[2024-08-03T09:11:32.349+0000] {logging_mixin.py:188} INFO - [2024-08-03T09:11:32.349+0000] {dag.py:3947} INFO - Setting next_dagrun for example_branch_dop_operator_v3 to 2024-08-03 09:10:00+00:00, run_after=2024-08-03 09:11:00+00:00
[2024-08-03T09:11:32.375+0000] {processor.py:183} INFO - Processing /home/ubuntu/airflow-venv/lib/python3.12/site-packages/airflow/example_dags/example_branch_python_dop_operator_3.py took 0.088 seconds
[2024-08-03T09:12:32.200+0000] {processor.py:161} INFO - Started process (PID=8225) to work on /home/ubuntu/airflow-venv/lib/python3.12/site-packages/airflow/example_dags/example_branch_python_dop_operator_3.py
[2024-08-03T09:12:32.202+0000] {processor.py:830} INFO - Processing file /home/ubuntu/airflow-venv/lib/python3.12/site-packages/airflow/example_dags/example_branch_python_dop_operator_3.py for tasks to queue
[2024-08-03T09:12:32.204+0000] {logging_mixin.py:188} INFO - [2024-08-03T09:12:32.203+0000] {dagbag.py:545} INFO - Filling up the DagBag from /home/ubuntu/airflow-venv/lib/python3.12/site-packages/airflow/example_dags/example_branch_python_dop_operator_3.py
[2024-08-03T09:12:32.213+0000] {processor.py:840} INFO - DAG(s) 'example_branch_dop_operator_v3' retrieved from /home/ubuntu/airflow-venv/lib/python3.12/site-packages/airflow/example_dags/example_branch_python_dop_operator_3.py
[2024-08-03T09:12:32.230+0000] {logging_mixin.py:188} INFO - [2024-08-03T09:12:32.229+0000] {dag.py:3089} INFO - Sync 1 DAGs
[2024-08-03T09:12:32.253+0000] {logging_mixin.py:188} INFO - [2024-08-03T09:12:32.253+0000] {dag.py:3947} INFO - Setting next_dagrun for example_branch_dop_operator_v3 to 2024-08-03 09:11:00+00:00, run_after=2024-08-03 09:12:00+00:00
[2024-08-03T09:12:32.277+0000] {processor.py:183} INFO - Processing /home/ubuntu/airflow-venv/lib/python3.12/site-packages/airflow/example_dags/example_branch_python_dop_operator_3.py took 0.085 seconds
