[2024-08-03T08:30:57.236+0000] {processor.py:161} INFO - Started process (PID=1834) to work on /home/ubuntu/airflow-venv/lib/python3.12/site-packages/airflow/example_dags/example_external_task_marker_dag.py
[2024-08-03T08:30:57.237+0000] {processor.py:830} INFO - Processing file /home/ubuntu/airflow-venv/lib/python3.12/site-packages/airflow/example_dags/example_external_task_marker_dag.py for tasks to queue
[2024-08-03T08:30:57.239+0000] {logging_mixin.py:188} INFO - [2024-08-03T08:30:57.238+0000] {dagbag.py:545} INFO - Filling up the DagBag from /home/ubuntu/airflow-venv/lib/python3.12/site-packages/airflow/example_dags/example_external_task_marker_dag.py
[2024-08-03T08:30:57.246+0000] {processor.py:840} INFO - DAG(s) 'example_external_task_marker_child', 'example_external_task_marker_parent' retrieved from /home/ubuntu/airflow-venv/lib/python3.12/site-packages/airflow/example_dags/example_external_task_marker_dag.py
[2024-08-03T08:30:57.362+0000] {logging_mixin.py:188} INFO - [2024-08-03T08:30:57.362+0000] {dag.py:3089} INFO - Sync 2 DAGs
[2024-08-03T08:30:57.373+0000] {logging_mixin.py:188} INFO - [2024-08-03T08:30:57.372+0000] {dag.py:3947} INFO - Setting next_dagrun for example_external_task_marker_child to None, run_after=None
[2024-08-03T08:30:57.375+0000] {logging_mixin.py:188} INFO - [2024-08-03T08:30:57.375+0000] {dag.py:3947} INFO - Setting next_dagrun for example_external_task_marker_parent to None, run_after=None
[2024-08-03T08:30:57.400+0000] {processor.py:183} INFO - Processing /home/ubuntu/airflow-venv/lib/python3.12/site-packages/airflow/example_dags/example_external_task_marker_dag.py took 0.170 seconds
[2024-08-03T08:31:52.225+0000] {processor.py:161} INFO - Started process (PID=1895) to work on /home/ubuntu/airflow-venv/lib/python3.12/site-packages/airflow/example_dags/example_external_task_marker_dag.py
[2024-08-03T08:31:52.226+0000] {processor.py:830} INFO - Processing file /home/ubuntu/airflow-venv/lib/python3.12/site-packages/airflow/example_dags/example_external_task_marker_dag.py for tasks to queue
[2024-08-03T08:31:52.228+0000] {logging_mixin.py:188} INFO - [2024-08-03T08:31:52.228+0000] {dagbag.py:545} INFO - Filling up the DagBag from /home/ubuntu/airflow-venv/lib/python3.12/site-packages/airflow/example_dags/example_external_task_marker_dag.py
[2024-08-03T08:31:52.235+0000] {processor.py:840} INFO - DAG(s) 'example_external_task_marker_child', 'example_external_task_marker_parent' retrieved from /home/ubuntu/airflow-venv/lib/python3.12/site-packages/airflow/example_dags/example_external_task_marker_dag.py
[2024-08-03T08:31:52.255+0000] {logging_mixin.py:188} INFO - [2024-08-03T08:31:52.254+0000] {dag.py:3089} INFO - Sync 2 DAGs
[2024-08-03T08:31:52.267+0000] {logging_mixin.py:188} INFO - [2024-08-03T08:31:52.267+0000] {dag.py:3947} INFO - Setting next_dagrun for example_external_task_marker_child to None, run_after=None
[2024-08-03T08:31:52.271+0000] {logging_mixin.py:188} INFO - [2024-08-03T08:31:52.271+0000] {dag.py:3947} INFO - Setting next_dagrun for example_external_task_marker_parent to None, run_after=None
[2024-08-03T08:31:52.294+0000] {processor.py:183} INFO - Processing /home/ubuntu/airflow-venv/lib/python3.12/site-packages/airflow/example_dags/example_external_task_marker_dag.py took 0.075 seconds
[2024-08-03T08:33:25.231+0000] {processor.py:161} INFO - Started process (PID=2000) to work on /home/ubuntu/airflow-venv/lib/python3.12/site-packages/airflow/example_dags/example_external_task_marker_dag.py
[2024-08-03T08:33:25.232+0000] {processor.py:830} INFO - Processing file /home/ubuntu/airflow-venv/lib/python3.12/site-packages/airflow/example_dags/example_external_task_marker_dag.py for tasks to queue
[2024-08-03T08:33:25.234+0000] {logging_mixin.py:188} INFO - [2024-08-03T08:33:25.233+0000] {dagbag.py:545} INFO - Filling up the DagBag from /home/ubuntu/airflow-venv/lib/python3.12/site-packages/airflow/example_dags/example_external_task_marker_dag.py
[2024-08-03T08:33:25.241+0000] {processor.py:840} INFO - DAG(s) 'example_external_task_marker_child', 'example_external_task_marker_parent' retrieved from /home/ubuntu/airflow-venv/lib/python3.12/site-packages/airflow/example_dags/example_external_task_marker_dag.py
[2024-08-03T08:33:25.356+0000] {logging_mixin.py:188} INFO - [2024-08-03T08:33:25.356+0000] {dag.py:3089} INFO - Sync 2 DAGs
[2024-08-03T08:33:25.366+0000] {logging_mixin.py:188} INFO - [2024-08-03T08:33:25.366+0000] {dag.py:3947} INFO - Setting next_dagrun for example_external_task_marker_child to None, run_after=None
[2024-08-03T08:33:25.371+0000] {logging_mixin.py:188} INFO - [2024-08-03T08:33:25.370+0000] {dag.py:3947} INFO - Setting next_dagrun for example_external_task_marker_parent to None, run_after=None
[2024-08-03T08:33:25.393+0000] {processor.py:183} INFO - Processing /home/ubuntu/airflow-venv/lib/python3.12/site-packages/airflow/example_dags/example_external_task_marker_dag.py took 0.168 seconds
[2024-08-03T08:34:21.023+0000] {processor.py:161} INFO - Started process (PID=2056) to work on /home/ubuntu/airflow-venv/lib/python3.12/site-packages/airflow/example_dags/example_external_task_marker_dag.py
[2024-08-03T08:34:21.025+0000] {processor.py:830} INFO - Processing file /home/ubuntu/airflow-venv/lib/python3.12/site-packages/airflow/example_dags/example_external_task_marker_dag.py for tasks to queue
[2024-08-03T08:34:21.026+0000] {logging_mixin.py:188} INFO - [2024-08-03T08:34:21.026+0000] {dagbag.py:545} INFO - Filling up the DagBag from /home/ubuntu/airflow-venv/lib/python3.12/site-packages/airflow/example_dags/example_external_task_marker_dag.py
[2024-08-03T08:34:21.033+0000] {processor.py:840} INFO - DAG(s) 'example_external_task_marker_child', 'example_external_task_marker_parent' retrieved from /home/ubuntu/airflow-venv/lib/python3.12/site-packages/airflow/example_dags/example_external_task_marker_dag.py
[2024-08-03T08:34:21.053+0000] {logging_mixin.py:188} INFO - [2024-08-03T08:34:21.052+0000] {dag.py:3089} INFO - Sync 2 DAGs
[2024-08-03T08:34:21.065+0000] {logging_mixin.py:188} INFO - [2024-08-03T08:34:21.065+0000] {dag.py:3947} INFO - Setting next_dagrun for example_external_task_marker_child to None, run_after=None
[2024-08-03T08:34:21.069+0000] {logging_mixin.py:188} INFO - [2024-08-03T08:34:21.069+0000] {dag.py:3947} INFO - Setting next_dagrun for example_external_task_marker_parent to None, run_after=None
[2024-08-03T08:34:21.090+0000] {processor.py:183} INFO - Processing /home/ubuntu/airflow-venv/lib/python3.12/site-packages/airflow/example_dags/example_external_task_marker_dag.py took 0.073 seconds
[2024-08-03T08:35:36.347+0000] {processor.py:161} INFO - Started process (PID=2146) to work on /home/ubuntu/airflow-venv/lib/python3.12/site-packages/airflow/example_dags/example_external_task_marker_dag.py
[2024-08-03T08:35:36.349+0000] {processor.py:830} INFO - Processing file /home/ubuntu/airflow-venv/lib/python3.12/site-packages/airflow/example_dags/example_external_task_marker_dag.py for tasks to queue
[2024-08-03T08:35:36.350+0000] {logging_mixin.py:188} INFO - [2024-08-03T08:35:36.350+0000] {dagbag.py:545} INFO - Filling up the DagBag from /home/ubuntu/airflow-venv/lib/python3.12/site-packages/airflow/example_dags/example_external_task_marker_dag.py
[2024-08-03T08:35:36.357+0000] {processor.py:840} INFO - DAG(s) 'example_external_task_marker_parent', 'example_external_task_marker_child' retrieved from /home/ubuntu/airflow-venv/lib/python3.12/site-packages/airflow/example_dags/example_external_task_marker_dag.py
[2024-08-03T08:35:36.377+0000] {logging_mixin.py:188} INFO - [2024-08-03T08:35:36.377+0000] {dag.py:3089} INFO - Sync 2 DAGs
[2024-08-03T08:35:36.390+0000] {logging_mixin.py:188} INFO - [2024-08-03T08:35:36.390+0000] {dag.py:3947} INFO - Setting next_dagrun for example_external_task_marker_child to None, run_after=None
[2024-08-03T08:35:36.394+0000] {logging_mixin.py:188} INFO - [2024-08-03T08:35:36.393+0000] {dag.py:3947} INFO - Setting next_dagrun for example_external_task_marker_parent to None, run_after=None
[2024-08-03T08:35:36.420+0000] {processor.py:183} INFO - Processing /home/ubuntu/airflow-venv/lib/python3.12/site-packages/airflow/example_dags/example_external_task_marker_dag.py took 0.080 seconds
[2024-08-03T08:36:28.383+0000] {processor.py:161} INFO - Started process (PID=2203) to work on /home/ubuntu/airflow-venv/lib/python3.12/site-packages/airflow/example_dags/example_external_task_marker_dag.py
[2024-08-03T08:36:28.384+0000] {processor.py:830} INFO - Processing file /home/ubuntu/airflow-venv/lib/python3.12/site-packages/airflow/example_dags/example_external_task_marker_dag.py for tasks to queue
[2024-08-03T08:36:28.386+0000] {logging_mixin.py:188} INFO - [2024-08-03T08:36:28.386+0000] {dagbag.py:545} INFO - Filling up the DagBag from /home/ubuntu/airflow-venv/lib/python3.12/site-packages/airflow/example_dags/example_external_task_marker_dag.py
[2024-08-03T08:36:28.393+0000] {processor.py:840} INFO - DAG(s) 'example_external_task_marker_parent', 'example_external_task_marker_child' retrieved from /home/ubuntu/airflow-venv/lib/python3.12/site-packages/airflow/example_dags/example_external_task_marker_dag.py
[2024-08-03T08:36:28.412+0000] {logging_mixin.py:188} INFO - [2024-08-03T08:36:28.412+0000] {dag.py:3089} INFO - Sync 2 DAGs
[2024-08-03T08:36:28.425+0000] {logging_mixin.py:188} INFO - [2024-08-03T08:36:28.425+0000] {dag.py:3947} INFO - Setting next_dagrun for example_external_task_marker_child to None, run_after=None
[2024-08-03T08:36:28.428+0000] {logging_mixin.py:188} INFO - [2024-08-03T08:36:28.428+0000] {dag.py:3947} INFO - Setting next_dagrun for example_external_task_marker_parent to None, run_after=None
[2024-08-03T08:36:28.448+0000] {processor.py:183} INFO - Processing /home/ubuntu/airflow-venv/lib/python3.12/site-packages/airflow/example_dags/example_external_task_marker_dag.py took 0.072 seconds
[2024-08-03T08:37:43.728+0000] {processor.py:161} INFO - Started process (PID=2301) to work on /home/ubuntu/airflow-venv/lib/python3.12/site-packages/airflow/example_dags/example_external_task_marker_dag.py
[2024-08-03T08:37:43.730+0000] {processor.py:830} INFO - Processing file /home/ubuntu/airflow-venv/lib/python3.12/site-packages/airflow/example_dags/example_external_task_marker_dag.py for tasks to queue
[2024-08-03T08:37:43.732+0000] {logging_mixin.py:188} INFO - [2024-08-03T08:37:43.731+0000] {dagbag.py:545} INFO - Filling up the DagBag from /home/ubuntu/airflow-venv/lib/python3.12/site-packages/airflow/example_dags/example_external_task_marker_dag.py
[2024-08-03T08:37:43.739+0000] {processor.py:840} INFO - DAG(s) 'example_external_task_marker_parent', 'example_external_task_marker_child' retrieved from /home/ubuntu/airflow-venv/lib/python3.12/site-packages/airflow/example_dags/example_external_task_marker_dag.py
[2024-08-03T08:37:43.758+0000] {logging_mixin.py:188} INFO - [2024-08-03T08:37:43.757+0000] {dag.py:3089} INFO - Sync 2 DAGs
[2024-08-03T08:37:43.771+0000] {logging_mixin.py:188} INFO - [2024-08-03T08:37:43.771+0000] {dag.py:3947} INFO - Setting next_dagrun for example_external_task_marker_child to None, run_after=None
[2024-08-03T08:37:43.774+0000] {logging_mixin.py:188} INFO - [2024-08-03T08:37:43.774+0000] {dag.py:3947} INFO - Setting next_dagrun for example_external_task_marker_parent to None, run_after=None
[2024-08-03T08:37:43.796+0000] {processor.py:183} INFO - Processing /home/ubuntu/airflow-venv/lib/python3.12/site-packages/airflow/example_dags/example_external_task_marker_dag.py took 0.074 seconds
[2024-08-03T08:38:41.853+0000] {processor.py:161} INFO - Started process (PID=2377) to work on /home/ubuntu/airflow-venv/lib/python3.12/site-packages/airflow/example_dags/example_external_task_marker_dag.py
[2024-08-03T08:38:41.855+0000] {processor.py:830} INFO - Processing file /home/ubuntu/airflow-venv/lib/python3.12/site-packages/airflow/example_dags/example_external_task_marker_dag.py for tasks to queue
[2024-08-03T08:38:41.856+0000] {logging_mixin.py:188} INFO - [2024-08-03T08:38:41.856+0000] {dagbag.py:545} INFO - Filling up the DagBag from /home/ubuntu/airflow-venv/lib/python3.12/site-packages/airflow/example_dags/example_external_task_marker_dag.py
[2024-08-03T08:38:41.863+0000] {processor.py:840} INFO - DAG(s) 'example_external_task_marker_child', 'example_external_task_marker_parent' retrieved from /home/ubuntu/airflow-venv/lib/python3.12/site-packages/airflow/example_dags/example_external_task_marker_dag.py
[2024-08-03T08:38:41.883+0000] {logging_mixin.py:188} INFO - [2024-08-03T08:38:41.883+0000] {dag.py:3089} INFO - Sync 2 DAGs
[2024-08-03T08:38:41.895+0000] {logging_mixin.py:188} INFO - [2024-08-03T08:38:41.895+0000] {dag.py:3947} INFO - Setting next_dagrun for example_external_task_marker_child to None, run_after=None
[2024-08-03T08:38:41.899+0000] {logging_mixin.py:188} INFO - [2024-08-03T08:38:41.899+0000] {dag.py:3947} INFO - Setting next_dagrun for example_external_task_marker_parent to None, run_after=None
[2024-08-03T08:38:41.920+0000] {processor.py:183} INFO - Processing /home/ubuntu/airflow-venv/lib/python3.12/site-packages/airflow/example_dags/example_external_task_marker_dag.py took 0.073 seconds
[2024-08-03T08:39:44.794+0000] {processor.py:161} INFO - Started process (PID=2446) to work on /home/ubuntu/airflow-venv/lib/python3.12/site-packages/airflow/example_dags/example_external_task_marker_dag.py
[2024-08-03T08:39:44.795+0000] {processor.py:830} INFO - Processing file /home/ubuntu/airflow-venv/lib/python3.12/site-packages/airflow/example_dags/example_external_task_marker_dag.py for tasks to queue
[2024-08-03T08:39:44.797+0000] {logging_mixin.py:188} INFO - [2024-08-03T08:39:44.797+0000] {dagbag.py:545} INFO - Filling up the DagBag from /home/ubuntu/airflow-venv/lib/python3.12/site-packages/airflow/example_dags/example_external_task_marker_dag.py
[2024-08-03T08:39:44.804+0000] {processor.py:840} INFO - DAG(s) 'example_external_task_marker_child', 'example_external_task_marker_parent' retrieved from /home/ubuntu/airflow-venv/lib/python3.12/site-packages/airflow/example_dags/example_external_task_marker_dag.py
[2024-08-03T08:39:44.823+0000] {logging_mixin.py:188} INFO - [2024-08-03T08:39:44.823+0000] {dag.py:3089} INFO - Sync 2 DAGs
[2024-08-03T08:39:44.835+0000] {logging_mixin.py:188} INFO - [2024-08-03T08:39:44.835+0000] {dag.py:3947} INFO - Setting next_dagrun for example_external_task_marker_child to None, run_after=None
[2024-08-03T08:39:44.839+0000] {logging_mixin.py:188} INFO - [2024-08-03T08:39:44.839+0000] {dag.py:3947} INFO - Setting next_dagrun for example_external_task_marker_parent to None, run_after=None
[2024-08-03T08:39:44.861+0000] {processor.py:183} INFO - Processing /home/ubuntu/airflow-venv/lib/python3.12/site-packages/airflow/example_dags/example_external_task_marker_dag.py took 0.073 seconds
[2024-08-03T08:40:56.973+0000] {processor.py:161} INFO - Started process (PID=2529) to work on /home/ubuntu/airflow-venv/lib/python3.12/site-packages/airflow/example_dags/example_external_task_marker_dag.py
[2024-08-03T08:40:56.975+0000] {processor.py:830} INFO - Processing file /home/ubuntu/airflow-venv/lib/python3.12/site-packages/airflow/example_dags/example_external_task_marker_dag.py for tasks to queue
[2024-08-03T08:40:56.977+0000] {logging_mixin.py:188} INFO - [2024-08-03T08:40:56.976+0000] {dagbag.py:545} INFO - Filling up the DagBag from /home/ubuntu/airflow-venv/lib/python3.12/site-packages/airflow/example_dags/example_external_task_marker_dag.py
[2024-08-03T08:40:56.984+0000] {processor.py:840} INFO - DAG(s) 'example_external_task_marker_parent', 'example_external_task_marker_child' retrieved from /home/ubuntu/airflow-venv/lib/python3.12/site-packages/airflow/example_dags/example_external_task_marker_dag.py
[2024-08-03T08:40:57.003+0000] {logging_mixin.py:188} INFO - [2024-08-03T08:40:57.003+0000] {dag.py:3089} INFO - Sync 2 DAGs
[2024-08-03T08:40:57.016+0000] {logging_mixin.py:188} INFO - [2024-08-03T08:40:57.016+0000] {dag.py:3947} INFO - Setting next_dagrun for example_external_task_marker_child to None, run_after=None
[2024-08-03T08:40:57.020+0000] {logging_mixin.py:188} INFO - [2024-08-03T08:40:57.020+0000] {dag.py:3947} INFO - Setting next_dagrun for example_external_task_marker_parent to None, run_after=None
[2024-08-03T08:40:57.042+0000] {processor.py:183} INFO - Processing /home/ubuntu/airflow-venv/lib/python3.12/site-packages/airflow/example_dags/example_external_task_marker_dag.py took 0.075 seconds
[2024-08-03T08:42:04.830+0000] {processor.py:161} INFO - Started process (PID=2603) to work on /home/ubuntu/airflow-venv/lib/python3.12/site-packages/airflow/example_dags/example_external_task_marker_dag.py
[2024-08-03T08:42:04.832+0000] {processor.py:830} INFO - Processing file /home/ubuntu/airflow-venv/lib/python3.12/site-packages/airflow/example_dags/example_external_task_marker_dag.py for tasks to queue
[2024-08-03T08:42:04.834+0000] {logging_mixin.py:188} INFO - [2024-08-03T08:42:04.833+0000] {dagbag.py:545} INFO - Filling up the DagBag from /home/ubuntu/airflow-venv/lib/python3.12/site-packages/airflow/example_dags/example_external_task_marker_dag.py
[2024-08-03T08:42:04.841+0000] {processor.py:840} INFO - DAG(s) 'example_external_task_marker_parent', 'example_external_task_marker_child' retrieved from /home/ubuntu/airflow-venv/lib/python3.12/site-packages/airflow/example_dags/example_external_task_marker_dag.py
[2024-08-03T08:42:04.861+0000] {logging_mixin.py:188} INFO - [2024-08-03T08:42:04.861+0000] {dag.py:3089} INFO - Sync 2 DAGs
[2024-08-03T08:42:04.874+0000] {logging_mixin.py:188} INFO - [2024-08-03T08:42:04.873+0000] {dag.py:3947} INFO - Setting next_dagrun for example_external_task_marker_child to None, run_after=None
[2024-08-03T08:42:04.886+0000] {logging_mixin.py:188} INFO - [2024-08-03T08:42:04.885+0000] {dag.py:3947} INFO - Setting next_dagrun for example_external_task_marker_parent to None, run_after=None
[2024-08-03T08:42:04.908+0000] {processor.py:183} INFO - Processing /home/ubuntu/airflow-venv/lib/python3.12/site-packages/airflow/example_dags/example_external_task_marker_dag.py took 0.084 seconds
[2024-08-03T08:43:10.113+0000] {processor.py:161} INFO - Started process (PID=2675) to work on /home/ubuntu/airflow-venv/lib/python3.12/site-packages/airflow/example_dags/example_external_task_marker_dag.py
[2024-08-03T08:43:10.115+0000] {processor.py:830} INFO - Processing file /home/ubuntu/airflow-venv/lib/python3.12/site-packages/airflow/example_dags/example_external_task_marker_dag.py for tasks to queue
[2024-08-03T08:43:10.116+0000] {logging_mixin.py:188} INFO - [2024-08-03T08:43:10.116+0000] {dagbag.py:545} INFO - Filling up the DagBag from /home/ubuntu/airflow-venv/lib/python3.12/site-packages/airflow/example_dags/example_external_task_marker_dag.py
[2024-08-03T08:43:10.123+0000] {processor.py:840} INFO - DAG(s) 'example_external_task_marker_parent', 'example_external_task_marker_child' retrieved from /home/ubuntu/airflow-venv/lib/python3.12/site-packages/airflow/example_dags/example_external_task_marker_dag.py
[2024-08-03T08:43:10.143+0000] {logging_mixin.py:188} INFO - [2024-08-03T08:43:10.143+0000] {dag.py:3089} INFO - Sync 2 DAGs
[2024-08-03T08:43:10.156+0000] {logging_mixin.py:188} INFO - [2024-08-03T08:43:10.156+0000] {dag.py:3947} INFO - Setting next_dagrun for example_external_task_marker_child to None, run_after=None
[2024-08-03T08:43:10.160+0000] {logging_mixin.py:188} INFO - [2024-08-03T08:43:10.160+0000] {dag.py:3947} INFO - Setting next_dagrun for example_external_task_marker_parent to None, run_after=None
[2024-08-03T08:43:10.183+0000] {processor.py:183} INFO - Processing /home/ubuntu/airflow-venv/lib/python3.12/site-packages/airflow/example_dags/example_external_task_marker_dag.py took 0.076 seconds
[2024-08-03T08:44:12.810+0000] {processor.py:161} INFO - Started process (PID=2851) to work on /home/ubuntu/airflow-venv/lib/python3.12/site-packages/airflow/example_dags/example_external_task_marker_dag.py
[2024-08-03T08:44:12.811+0000] {processor.py:830} INFO - Processing file /home/ubuntu/airflow-venv/lib/python3.12/site-packages/airflow/example_dags/example_external_task_marker_dag.py for tasks to queue
[2024-08-03T08:44:12.813+0000] {logging_mixin.py:188} INFO - [2024-08-03T08:44:12.813+0000] {dagbag.py:545} INFO - Filling up the DagBag from /home/ubuntu/airflow-venv/lib/python3.12/site-packages/airflow/example_dags/example_external_task_marker_dag.py
[2024-08-03T08:44:12.820+0000] {processor.py:840} INFO - DAG(s) 'example_external_task_marker_parent', 'example_external_task_marker_child' retrieved from /home/ubuntu/airflow-venv/lib/python3.12/site-packages/airflow/example_dags/example_external_task_marker_dag.py
[2024-08-03T08:44:12.839+0000] {logging_mixin.py:188} INFO - [2024-08-03T08:44:12.839+0000] {dag.py:3089} INFO - Sync 2 DAGs
[2024-08-03T08:44:12.852+0000] {logging_mixin.py:188} INFO - [2024-08-03T08:44:12.852+0000] {dag.py:3947} INFO - Setting next_dagrun for example_external_task_marker_child to None, run_after=None
[2024-08-03T08:44:12.856+0000] {logging_mixin.py:188} INFO - [2024-08-03T08:44:12.856+0000] {dag.py:3947} INFO - Setting next_dagrun for example_external_task_marker_parent to None, run_after=None
[2024-08-03T08:44:12.877+0000] {processor.py:183} INFO - Processing /home/ubuntu/airflow-venv/lib/python3.12/site-packages/airflow/example_dags/example_external_task_marker_dag.py took 0.073 seconds
[2024-08-03T08:45:18.887+0000] {processor.py:161} INFO - Started process (PID=3038) to work on /home/ubuntu/airflow-venv/lib/python3.12/site-packages/airflow/example_dags/example_external_task_marker_dag.py
[2024-08-03T08:45:18.888+0000] {processor.py:830} INFO - Processing file /home/ubuntu/airflow-venv/lib/python3.12/site-packages/airflow/example_dags/example_external_task_marker_dag.py for tasks to queue
[2024-08-03T08:45:18.890+0000] {logging_mixin.py:188} INFO - [2024-08-03T08:45:18.890+0000] {dagbag.py:545} INFO - Filling up the DagBag from /home/ubuntu/airflow-venv/lib/python3.12/site-packages/airflow/example_dags/example_external_task_marker_dag.py
[2024-08-03T08:45:18.897+0000] {processor.py:840} INFO - DAG(s) 'example_external_task_marker_parent', 'example_external_task_marker_child' retrieved from /home/ubuntu/airflow-venv/lib/python3.12/site-packages/airflow/example_dags/example_external_task_marker_dag.py
[2024-08-03T08:45:18.917+0000] {logging_mixin.py:188} INFO - [2024-08-03T08:45:18.916+0000] {dag.py:3089} INFO - Sync 2 DAGs
[2024-08-03T08:45:18.929+0000] {logging_mixin.py:188} INFO - [2024-08-03T08:45:18.929+0000] {dag.py:3947} INFO - Setting next_dagrun for example_external_task_marker_child to None, run_after=None
[2024-08-03T08:45:18.933+0000] {logging_mixin.py:188} INFO - [2024-08-03T08:45:18.933+0000] {dag.py:3947} INFO - Setting next_dagrun for example_external_task_marker_parent to None, run_after=None
[2024-08-03T08:45:18.954+0000] {processor.py:183} INFO - Processing /home/ubuntu/airflow-venv/lib/python3.12/site-packages/airflow/example_dags/example_external_task_marker_dag.py took 0.074 seconds
[2024-08-03T08:46:22.030+0000] {processor.py:161} INFO - Started process (PID=3146) to work on /home/ubuntu/airflow-venv/lib/python3.12/site-packages/airflow/example_dags/example_external_task_marker_dag.py
[2024-08-03T08:46:22.031+0000] {processor.py:830} INFO - Processing file /home/ubuntu/airflow-venv/lib/python3.12/site-packages/airflow/example_dags/example_external_task_marker_dag.py for tasks to queue
[2024-08-03T08:46:22.033+0000] {logging_mixin.py:188} INFO - [2024-08-03T08:46:22.033+0000] {dagbag.py:545} INFO - Filling up the DagBag from /home/ubuntu/airflow-venv/lib/python3.12/site-packages/airflow/example_dags/example_external_task_marker_dag.py
[2024-08-03T08:46:22.040+0000] {processor.py:840} INFO - DAG(s) 'example_external_task_marker_parent', 'example_external_task_marker_child' retrieved from /home/ubuntu/airflow-venv/lib/python3.12/site-packages/airflow/example_dags/example_external_task_marker_dag.py
[2024-08-03T08:46:22.059+0000] {logging_mixin.py:188} INFO - [2024-08-03T08:46:22.059+0000] {dag.py:3089} INFO - Sync 2 DAGs
[2024-08-03T08:46:22.072+0000] {logging_mixin.py:188} INFO - [2024-08-03T08:46:22.072+0000] {dag.py:3947} INFO - Setting next_dagrun for example_external_task_marker_child to None, run_after=None
[2024-08-03T08:46:22.075+0000] {logging_mixin.py:188} INFO - [2024-08-03T08:46:22.075+0000] {dag.py:3947} INFO - Setting next_dagrun for example_external_task_marker_parent to None, run_after=None
[2024-08-03T08:46:22.096+0000] {processor.py:183} INFO - Processing /home/ubuntu/airflow-venv/lib/python3.12/site-packages/airflow/example_dags/example_external_task_marker_dag.py took 0.072 seconds
[2024-08-03T08:47:26.946+0000] {processor.py:161} INFO - Started process (PID=3599) to work on /home/ubuntu/airflow-venv/lib/python3.12/site-packages/airflow/example_dags/example_external_task_marker_dag.py
[2024-08-03T08:47:26.948+0000] {processor.py:830} INFO - Processing file /home/ubuntu/airflow-venv/lib/python3.12/site-packages/airflow/example_dags/example_external_task_marker_dag.py for tasks to queue
[2024-08-03T08:47:26.949+0000] {logging_mixin.py:188} INFO - [2024-08-03T08:47:26.949+0000] {dagbag.py:545} INFO - Filling up the DagBag from /home/ubuntu/airflow-venv/lib/python3.12/site-packages/airflow/example_dags/example_external_task_marker_dag.py
[2024-08-03T08:47:26.956+0000] {processor.py:840} INFO - DAG(s) 'example_external_task_marker_parent', 'example_external_task_marker_child' retrieved from /home/ubuntu/airflow-venv/lib/python3.12/site-packages/airflow/example_dags/example_external_task_marker_dag.py
[2024-08-03T08:47:26.975+0000] {logging_mixin.py:188} INFO - [2024-08-03T08:47:26.975+0000] {dag.py:3089} INFO - Sync 2 DAGs
[2024-08-03T08:47:26.987+0000] {logging_mixin.py:188} INFO - [2024-08-03T08:47:26.987+0000] {dag.py:3947} INFO - Setting next_dagrun for example_external_task_marker_child to None, run_after=None
[2024-08-03T08:47:26.990+0000] {logging_mixin.py:188} INFO - [2024-08-03T08:47:26.990+0000] {dag.py:3947} INFO - Setting next_dagrun for example_external_task_marker_parent to None, run_after=None
[2024-08-03T08:47:27.012+0000] {processor.py:183} INFO - Processing /home/ubuntu/airflow-venv/lib/python3.12/site-packages/airflow/example_dags/example_external_task_marker_dag.py took 0.072 seconds
[2024-08-03T08:48:32.704+0000] {processor.py:161} INFO - Started process (PID=3788) to work on /home/ubuntu/airflow-venv/lib/python3.12/site-packages/airflow/example_dags/example_external_task_marker_dag.py
[2024-08-03T08:48:32.706+0000] {processor.py:830} INFO - Processing file /home/ubuntu/airflow-venv/lib/python3.12/site-packages/airflow/example_dags/example_external_task_marker_dag.py for tasks to queue
[2024-08-03T08:48:32.708+0000] {logging_mixin.py:188} INFO - [2024-08-03T08:48:32.707+0000] {dagbag.py:545} INFO - Filling up the DagBag from /home/ubuntu/airflow-venv/lib/python3.12/site-packages/airflow/example_dags/example_external_task_marker_dag.py
[2024-08-03T08:48:32.715+0000] {processor.py:840} INFO - DAG(s) 'example_external_task_marker_parent', 'example_external_task_marker_child' retrieved from /home/ubuntu/airflow-venv/lib/python3.12/site-packages/airflow/example_dags/example_external_task_marker_dag.py
[2024-08-03T08:48:32.735+0000] {logging_mixin.py:188} INFO - [2024-08-03T08:48:32.734+0000] {dag.py:3089} INFO - Sync 2 DAGs
[2024-08-03T08:48:32.747+0000] {logging_mixin.py:188} INFO - [2024-08-03T08:48:32.747+0000] {dag.py:3947} INFO - Setting next_dagrun for example_external_task_marker_child to None, run_after=None
[2024-08-03T08:48:32.751+0000] {logging_mixin.py:188} INFO - [2024-08-03T08:48:32.751+0000] {dag.py:3947} INFO - Setting next_dagrun for example_external_task_marker_parent to None, run_after=None
[2024-08-03T08:48:32.773+0000] {processor.py:183} INFO - Processing /home/ubuntu/airflow-venv/lib/python3.12/site-packages/airflow/example_dags/example_external_task_marker_dag.py took 0.074 seconds
[2024-08-03T08:49:38.112+0000] {processor.py:161} INFO - Started process (PID=4017) to work on /home/ubuntu/airflow-venv/lib/python3.12/site-packages/airflow/example_dags/example_external_task_marker_dag.py
[2024-08-03T08:49:38.113+0000] {processor.py:830} INFO - Processing file /home/ubuntu/airflow-venv/lib/python3.12/site-packages/airflow/example_dags/example_external_task_marker_dag.py for tasks to queue
[2024-08-03T08:49:38.115+0000] {logging_mixin.py:188} INFO - [2024-08-03T08:49:38.115+0000] {dagbag.py:545} INFO - Filling up the DagBag from /home/ubuntu/airflow-venv/lib/python3.12/site-packages/airflow/example_dags/example_external_task_marker_dag.py
[2024-08-03T08:49:38.122+0000] {processor.py:840} INFO - DAG(s) 'example_external_task_marker_child', 'example_external_task_marker_parent' retrieved from /home/ubuntu/airflow-venv/lib/python3.12/site-packages/airflow/example_dags/example_external_task_marker_dag.py
[2024-08-03T08:49:38.143+0000] {logging_mixin.py:188} INFO - [2024-08-03T08:49:38.142+0000] {dag.py:3089} INFO - Sync 2 DAGs
[2024-08-03T08:49:38.156+0000] {logging_mixin.py:188} INFO - [2024-08-03T08:49:38.155+0000] {dag.py:3947} INFO - Setting next_dagrun for example_external_task_marker_child to None, run_after=None
[2024-08-03T08:49:38.159+0000] {logging_mixin.py:188} INFO - [2024-08-03T08:49:38.159+0000] {dag.py:3947} INFO - Setting next_dagrun for example_external_task_marker_parent to None, run_after=None
[2024-08-03T08:49:38.181+0000] {processor.py:183} INFO - Processing /home/ubuntu/airflow-venv/lib/python3.12/site-packages/airflow/example_dags/example_external_task_marker_dag.py took 0.076 seconds
[2024-08-03T08:50:48.165+0000] {processor.py:161} INFO - Started process (PID=4523) to work on /home/ubuntu/airflow-venv/lib/python3.12/site-packages/airflow/example_dags/example_external_task_marker_dag.py
[2024-08-03T08:50:48.167+0000] {processor.py:830} INFO - Processing file /home/ubuntu/airflow-venv/lib/python3.12/site-packages/airflow/example_dags/example_external_task_marker_dag.py for tasks to queue
[2024-08-03T08:50:48.169+0000] {logging_mixin.py:188} INFO - [2024-08-03T08:50:48.169+0000] {dagbag.py:545} INFO - Filling up the DagBag from /home/ubuntu/airflow-venv/lib/python3.12/site-packages/airflow/example_dags/example_external_task_marker_dag.py
[2024-08-03T08:50:48.175+0000] {processor.py:840} INFO - DAG(s) 'example_external_task_marker_child', 'example_external_task_marker_parent' retrieved from /home/ubuntu/airflow-venv/lib/python3.12/site-packages/airflow/example_dags/example_external_task_marker_dag.py
[2024-08-03T08:50:48.195+0000] {logging_mixin.py:188} INFO - [2024-08-03T08:50:48.195+0000] {dag.py:3089} INFO - Sync 2 DAGs
[2024-08-03T08:50:48.207+0000] {logging_mixin.py:188} INFO - [2024-08-03T08:50:48.207+0000] {dag.py:3947} INFO - Setting next_dagrun for example_external_task_marker_child to None, run_after=None
[2024-08-03T08:50:48.211+0000] {logging_mixin.py:188} INFO - [2024-08-03T08:50:48.210+0000] {dag.py:3947} INFO - Setting next_dagrun for example_external_task_marker_parent to None, run_after=None
[2024-08-03T08:50:48.232+0000] {processor.py:183} INFO - Processing /home/ubuntu/airflow-venv/lib/python3.12/site-packages/airflow/example_dags/example_external_task_marker_dag.py took 0.074 seconds
[2024-08-03T08:51:40.392+0000] {processor.py:161} INFO - Started process (PID=4684) to work on /home/ubuntu/airflow-venv/lib/python3.12/site-packages/airflow/example_dags/example_external_task_marker_dag.py
[2024-08-03T08:51:40.394+0000] {processor.py:830} INFO - Processing file /home/ubuntu/airflow-venv/lib/python3.12/site-packages/airflow/example_dags/example_external_task_marker_dag.py for tasks to queue
[2024-08-03T08:51:40.396+0000] {logging_mixin.py:188} INFO - [2024-08-03T08:51:40.395+0000] {dagbag.py:545} INFO - Filling up the DagBag from /home/ubuntu/airflow-venv/lib/python3.12/site-packages/airflow/example_dags/example_external_task_marker_dag.py
[2024-08-03T08:51:40.402+0000] {processor.py:840} INFO - DAG(s) 'example_external_task_marker_child', 'example_external_task_marker_parent' retrieved from /home/ubuntu/airflow-venv/lib/python3.12/site-packages/airflow/example_dags/example_external_task_marker_dag.py
[2024-08-03T08:51:40.422+0000] {logging_mixin.py:188} INFO - [2024-08-03T08:51:40.422+0000] {dag.py:3089} INFO - Sync 2 DAGs
[2024-08-03T08:51:40.435+0000] {logging_mixin.py:188} INFO - [2024-08-03T08:51:40.435+0000] {dag.py:3947} INFO - Setting next_dagrun for example_external_task_marker_child to None, run_after=None
[2024-08-03T08:51:40.440+0000] {logging_mixin.py:188} INFO - [2024-08-03T08:51:40.440+0000] {dag.py:3947} INFO - Setting next_dagrun for example_external_task_marker_parent to None, run_after=None
[2024-08-03T08:51:40.462+0000] {processor.py:183} INFO - Processing /home/ubuntu/airflow-venv/lib/python3.12/site-packages/airflow/example_dags/example_external_task_marker_dag.py took 0.078 seconds
[2024-08-03T08:52:45.314+0000] {processor.py:161} INFO - Started process (PID=4815) to work on /home/ubuntu/airflow-venv/lib/python3.12/site-packages/airflow/example_dags/example_external_task_marker_dag.py
[2024-08-03T08:52:45.315+0000] {processor.py:830} INFO - Processing file /home/ubuntu/airflow-venv/lib/python3.12/site-packages/airflow/example_dags/example_external_task_marker_dag.py for tasks to queue
[2024-08-03T08:52:45.317+0000] {logging_mixin.py:188} INFO - [2024-08-03T08:52:45.317+0000] {dagbag.py:545} INFO - Filling up the DagBag from /home/ubuntu/airflow-venv/lib/python3.12/site-packages/airflow/example_dags/example_external_task_marker_dag.py
[2024-08-03T08:52:45.324+0000] {processor.py:840} INFO - DAG(s) 'example_external_task_marker_child', 'example_external_task_marker_parent' retrieved from /home/ubuntu/airflow-venv/lib/python3.12/site-packages/airflow/example_dags/example_external_task_marker_dag.py
[2024-08-03T08:52:45.343+0000] {logging_mixin.py:188} INFO - [2024-08-03T08:52:45.342+0000] {dag.py:3089} INFO - Sync 2 DAGs
[2024-08-03T08:52:45.355+0000] {logging_mixin.py:188} INFO - [2024-08-03T08:52:45.355+0000] {dag.py:3947} INFO - Setting next_dagrun for example_external_task_marker_child to None, run_after=None
[2024-08-03T08:52:45.359+0000] {logging_mixin.py:188} INFO - [2024-08-03T08:52:45.358+0000] {dag.py:3947} INFO - Setting next_dagrun for example_external_task_marker_parent to None, run_after=None
[2024-08-03T08:52:45.381+0000] {processor.py:183} INFO - Processing /home/ubuntu/airflow-venv/lib/python3.12/site-packages/airflow/example_dags/example_external_task_marker_dag.py took 0.075 seconds
[2024-08-03T08:53:51.359+0000] {processor.py:161} INFO - Started process (PID=4892) to work on /home/ubuntu/airflow-venv/lib/python3.12/site-packages/airflow/example_dags/example_external_task_marker_dag.py
[2024-08-03T08:53:51.361+0000] {processor.py:830} INFO - Processing file /home/ubuntu/airflow-venv/lib/python3.12/site-packages/airflow/example_dags/example_external_task_marker_dag.py for tasks to queue
[2024-08-03T08:53:51.363+0000] {logging_mixin.py:188} INFO - [2024-08-03T08:53:51.362+0000] {dagbag.py:545} INFO - Filling up the DagBag from /home/ubuntu/airflow-venv/lib/python3.12/site-packages/airflow/example_dags/example_external_task_marker_dag.py
[2024-08-03T08:53:51.369+0000] {processor.py:840} INFO - DAG(s) 'example_external_task_marker_child', 'example_external_task_marker_parent' retrieved from /home/ubuntu/airflow-venv/lib/python3.12/site-packages/airflow/example_dags/example_external_task_marker_dag.py
[2024-08-03T08:53:51.389+0000] {logging_mixin.py:188} INFO - [2024-08-03T08:53:51.388+0000] {dag.py:3089} INFO - Sync 2 DAGs
[2024-08-03T08:53:51.401+0000] {logging_mixin.py:188} INFO - [2024-08-03T08:53:51.401+0000] {dag.py:3947} INFO - Setting next_dagrun for example_external_task_marker_child to None, run_after=None
[2024-08-03T08:53:51.405+0000] {logging_mixin.py:188} INFO - [2024-08-03T08:53:51.405+0000] {dag.py:3947} INFO - Setting next_dagrun for example_external_task_marker_parent to None, run_after=None
[2024-08-03T08:53:51.427+0000] {processor.py:183} INFO - Processing /home/ubuntu/airflow-venv/lib/python3.12/site-packages/airflow/example_dags/example_external_task_marker_dag.py took 0.075 seconds
[2024-08-03T08:55:15.467+0000] {processor.py:161} INFO - Started process (PID=4990) to work on /home/ubuntu/airflow-venv/lib/python3.12/site-packages/airflow/example_dags/example_external_task_marker_dag.py
[2024-08-03T08:55:15.468+0000] {processor.py:830} INFO - Processing file /home/ubuntu/airflow-venv/lib/python3.12/site-packages/airflow/example_dags/example_external_task_marker_dag.py for tasks to queue
[2024-08-03T08:55:15.471+0000] {logging_mixin.py:188} INFO - [2024-08-03T08:55:15.470+0000] {dagbag.py:545} INFO - Filling up the DagBag from /home/ubuntu/airflow-venv/lib/python3.12/site-packages/airflow/example_dags/example_external_task_marker_dag.py
[2024-08-03T08:55:15.477+0000] {processor.py:840} INFO - DAG(s) 'example_external_task_marker_parent', 'example_external_task_marker_child' retrieved from /home/ubuntu/airflow-venv/lib/python3.12/site-packages/airflow/example_dags/example_external_task_marker_dag.py
[2024-08-03T08:55:15.497+0000] {logging_mixin.py:188} INFO - [2024-08-03T08:55:15.497+0000] {dag.py:3089} INFO - Sync 2 DAGs
[2024-08-03T08:55:15.510+0000] {logging_mixin.py:188} INFO - [2024-08-03T08:55:15.510+0000] {dag.py:3947} INFO - Setting next_dagrun for example_external_task_marker_child to None, run_after=None
[2024-08-03T08:55:15.513+0000] {logging_mixin.py:188} INFO - [2024-08-03T08:55:15.513+0000] {dag.py:3947} INFO - Setting next_dagrun for example_external_task_marker_parent to None, run_after=None
[2024-08-03T08:55:15.536+0000] {processor.py:183} INFO - Processing /home/ubuntu/airflow-venv/lib/python3.12/site-packages/airflow/example_dags/example_external_task_marker_dag.py took 0.077 seconds
[2024-08-03T08:56:21.473+0000] {processor.py:161} INFO - Started process (PID=5059) to work on /home/ubuntu/airflow-venv/lib/python3.12/site-packages/airflow/example_dags/example_external_task_marker_dag.py
[2024-08-03T08:56:21.474+0000] {processor.py:830} INFO - Processing file /home/ubuntu/airflow-venv/lib/python3.12/site-packages/airflow/example_dags/example_external_task_marker_dag.py for tasks to queue
[2024-08-03T08:56:21.476+0000] {logging_mixin.py:188} INFO - [2024-08-03T08:56:21.476+0000] {dagbag.py:545} INFO - Filling up the DagBag from /home/ubuntu/airflow-venv/lib/python3.12/site-packages/airflow/example_dags/example_external_task_marker_dag.py
[2024-08-03T08:56:21.483+0000] {processor.py:840} INFO - DAG(s) 'example_external_task_marker_parent', 'example_external_task_marker_child' retrieved from /home/ubuntu/airflow-venv/lib/python3.12/site-packages/airflow/example_dags/example_external_task_marker_dag.py
[2024-08-03T08:56:21.502+0000] {logging_mixin.py:188} INFO - [2024-08-03T08:56:21.502+0000] {dag.py:3089} INFO - Sync 2 DAGs
[2024-08-03T08:56:21.514+0000] {logging_mixin.py:188} INFO - [2024-08-03T08:56:21.514+0000] {dag.py:3947} INFO - Setting next_dagrun for example_external_task_marker_child to None, run_after=None
[2024-08-03T08:56:21.518+0000] {logging_mixin.py:188} INFO - [2024-08-03T08:56:21.518+0000] {dag.py:3947} INFO - Setting next_dagrun for example_external_task_marker_parent to None, run_after=None
[2024-08-03T08:56:21.540+0000] {processor.py:183} INFO - Processing /home/ubuntu/airflow-venv/lib/python3.12/site-packages/airflow/example_dags/example_external_task_marker_dag.py took 0.075 seconds
[2024-08-03T08:57:17.634+0000] {processor.py:161} INFO - Started process (PID=5190) to work on /home/ubuntu/airflow-venv/lib/python3.12/site-packages/airflow/example_dags/example_external_task_marker_dag.py
[2024-08-03T08:57:17.635+0000] {processor.py:830} INFO - Processing file /home/ubuntu/airflow-venv/lib/python3.12/site-packages/airflow/example_dags/example_external_task_marker_dag.py for tasks to queue
[2024-08-03T08:57:17.637+0000] {logging_mixin.py:188} INFO - [2024-08-03T08:57:17.637+0000] {dagbag.py:545} INFO - Filling up the DagBag from /home/ubuntu/airflow-venv/lib/python3.12/site-packages/airflow/example_dags/example_external_task_marker_dag.py
[2024-08-03T08:57:17.644+0000] {processor.py:840} INFO - DAG(s) 'example_external_task_marker_parent', 'example_external_task_marker_child' retrieved from /home/ubuntu/airflow-venv/lib/python3.12/site-packages/airflow/example_dags/example_external_task_marker_dag.py
[2024-08-03T08:57:17.663+0000] {logging_mixin.py:188} INFO - [2024-08-03T08:57:17.663+0000] {dag.py:3089} INFO - Sync 2 DAGs
[2024-08-03T08:57:17.676+0000] {logging_mixin.py:188} INFO - [2024-08-03T08:57:17.675+0000] {dag.py:3947} INFO - Setting next_dagrun for example_external_task_marker_child to None, run_after=None
[2024-08-03T08:57:17.679+0000] {logging_mixin.py:188} INFO - [2024-08-03T08:57:17.679+0000] {dag.py:3947} INFO - Setting next_dagrun for example_external_task_marker_parent to None, run_after=None
[2024-08-03T08:57:17.701+0000] {processor.py:183} INFO - Processing /home/ubuntu/airflow-venv/lib/python3.12/site-packages/airflow/example_dags/example_external_task_marker_dag.py took 0.074 seconds
[2024-08-03T08:58:33.843+0000] {processor.py:161} INFO - Started process (PID=5392) to work on /home/ubuntu/airflow-venv/lib/python3.12/site-packages/airflow/example_dags/example_external_task_marker_dag.py
[2024-08-03T08:58:33.844+0000] {processor.py:830} INFO - Processing file /home/ubuntu/airflow-venv/lib/python3.12/site-packages/airflow/example_dags/example_external_task_marker_dag.py for tasks to queue
[2024-08-03T08:58:33.846+0000] {logging_mixin.py:188} INFO - [2024-08-03T08:58:33.846+0000] {dagbag.py:545} INFO - Filling up the DagBag from /home/ubuntu/airflow-venv/lib/python3.12/site-packages/airflow/example_dags/example_external_task_marker_dag.py
[2024-08-03T08:58:33.853+0000] {processor.py:840} INFO - DAG(s) 'example_external_task_marker_child', 'example_external_task_marker_parent' retrieved from /home/ubuntu/airflow-venv/lib/python3.12/site-packages/airflow/example_dags/example_external_task_marker_dag.py
[2024-08-03T08:58:33.873+0000] {logging_mixin.py:188} INFO - [2024-08-03T08:58:33.873+0000] {dag.py:3089} INFO - Sync 2 DAGs
[2024-08-03T08:58:33.888+0000] {logging_mixin.py:188} INFO - [2024-08-03T08:58:33.888+0000] {dag.py:3947} INFO - Setting next_dagrun for example_external_task_marker_child to None, run_after=None
[2024-08-03T08:58:33.892+0000] {logging_mixin.py:188} INFO - [2024-08-03T08:58:33.891+0000] {dag.py:3947} INFO - Setting next_dagrun for example_external_task_marker_parent to None, run_after=None
[2024-08-03T08:58:34.197+0000] {processor.py:183} INFO - Processing /home/ubuntu/airflow-venv/lib/python3.12/site-packages/airflow/example_dags/example_external_task_marker_dag.py took 0.363 seconds
[2024-08-03T08:59:45.889+0000] {processor.py:161} INFO - Started process (PID=5552) to work on /home/ubuntu/airflow-venv/lib/python3.12/site-packages/airflow/example_dags/example_external_task_marker_dag.py
[2024-08-03T08:59:45.891+0000] {processor.py:830} INFO - Processing file /home/ubuntu/airflow-venv/lib/python3.12/site-packages/airflow/example_dags/example_external_task_marker_dag.py for tasks to queue
[2024-08-03T08:59:45.893+0000] {logging_mixin.py:188} INFO - [2024-08-03T08:59:45.893+0000] {dagbag.py:545} INFO - Filling up the DagBag from /home/ubuntu/airflow-venv/lib/python3.12/site-packages/airflow/example_dags/example_external_task_marker_dag.py
[2024-08-03T08:59:45.900+0000] {processor.py:840} INFO - DAG(s) 'example_external_task_marker_child', 'example_external_task_marker_parent' retrieved from /home/ubuntu/airflow-venv/lib/python3.12/site-packages/airflow/example_dags/example_external_task_marker_dag.py
[2024-08-03T08:59:45.919+0000] {logging_mixin.py:188} INFO - [2024-08-03T08:59:45.919+0000] {dag.py:3089} INFO - Sync 2 DAGs
[2024-08-03T08:59:45.932+0000] {logging_mixin.py:188} INFO - [2024-08-03T08:59:45.931+0000] {dag.py:3947} INFO - Setting next_dagrun for example_external_task_marker_child to None, run_after=None
[2024-08-03T08:59:45.935+0000] {logging_mixin.py:188} INFO - [2024-08-03T08:59:45.935+0000] {dag.py:3947} INFO - Setting next_dagrun for example_external_task_marker_parent to None, run_after=None
[2024-08-03T08:59:45.956+0000] {processor.py:183} INFO - Processing /home/ubuntu/airflow-venv/lib/python3.12/site-packages/airflow/example_dags/example_external_task_marker_dag.py took 0.074 seconds
[2024-08-03T09:00:51.948+0000] {processor.py:161} INFO - Started process (PID=5856) to work on /home/ubuntu/airflow-venv/lib/python3.12/site-packages/airflow/example_dags/example_external_task_marker_dag.py
[2024-08-03T09:00:51.950+0000] {processor.py:830} INFO - Processing file /home/ubuntu/airflow-venv/lib/python3.12/site-packages/airflow/example_dags/example_external_task_marker_dag.py for tasks to queue
[2024-08-03T09:00:51.951+0000] {logging_mixin.py:188} INFO - [2024-08-03T09:00:51.951+0000] {dagbag.py:545} INFO - Filling up the DagBag from /home/ubuntu/airflow-venv/lib/python3.12/site-packages/airflow/example_dags/example_external_task_marker_dag.py
[2024-08-03T09:00:51.958+0000] {processor.py:840} INFO - DAG(s) 'example_external_task_marker_parent', 'example_external_task_marker_child' retrieved from /home/ubuntu/airflow-venv/lib/python3.12/site-packages/airflow/example_dags/example_external_task_marker_dag.py
[2024-08-03T09:00:51.979+0000] {logging_mixin.py:188} INFO - [2024-08-03T09:00:51.978+0000] {dag.py:3089} INFO - Sync 2 DAGs
[2024-08-03T09:00:51.992+0000] {logging_mixin.py:188} INFO - [2024-08-03T09:00:51.992+0000] {dag.py:3947} INFO - Setting next_dagrun for example_external_task_marker_child to None, run_after=None
[2024-08-03T09:00:51.995+0000] {logging_mixin.py:188} INFO - [2024-08-03T09:00:51.995+0000] {dag.py:3947} INFO - Setting next_dagrun for example_external_task_marker_parent to None, run_after=None
[2024-08-03T09:00:52.019+0000] {processor.py:183} INFO - Processing /home/ubuntu/airflow-venv/lib/python3.12/site-packages/airflow/example_dags/example_external_task_marker_dag.py took 0.079 seconds
[2024-08-03T09:01:54.165+0000] {processor.py:161} INFO - Started process (PID=6073) to work on /home/ubuntu/airflow-venv/lib/python3.12/site-packages/airflow/example_dags/example_external_task_marker_dag.py
[2024-08-03T09:01:54.167+0000] {processor.py:830} INFO - Processing file /home/ubuntu/airflow-venv/lib/python3.12/site-packages/airflow/example_dags/example_external_task_marker_dag.py for tasks to queue
[2024-08-03T09:01:54.168+0000] {logging_mixin.py:188} INFO - [2024-08-03T09:01:54.168+0000] {dagbag.py:545} INFO - Filling up the DagBag from /home/ubuntu/airflow-venv/lib/python3.12/site-packages/airflow/example_dags/example_external_task_marker_dag.py
[2024-08-03T09:01:54.175+0000] {processor.py:840} INFO - DAG(s) 'example_external_task_marker_child', 'example_external_task_marker_parent' retrieved from /home/ubuntu/airflow-venv/lib/python3.12/site-packages/airflow/example_dags/example_external_task_marker_dag.py
[2024-08-03T09:01:54.194+0000] {logging_mixin.py:188} INFO - [2024-08-03T09:01:54.194+0000] {dag.py:3089} INFO - Sync 2 DAGs
[2024-08-03T09:01:54.207+0000] {logging_mixin.py:188} INFO - [2024-08-03T09:01:54.207+0000] {dag.py:3947} INFO - Setting next_dagrun for example_external_task_marker_child to None, run_after=None
[2024-08-03T09:01:54.210+0000] {logging_mixin.py:188} INFO - [2024-08-03T09:01:54.210+0000] {dag.py:3947} INFO - Setting next_dagrun for example_external_task_marker_parent to None, run_after=None
[2024-08-03T09:01:54.232+0000] {processor.py:183} INFO - Processing /home/ubuntu/airflow-venv/lib/python3.12/site-packages/airflow/example_dags/example_external_task_marker_dag.py took 0.075 seconds
[2024-08-03T09:02:58.030+0000] {processor.py:161} INFO - Started process (PID=6276) to work on /home/ubuntu/airflow-venv/lib/python3.12/site-packages/airflow/example_dags/example_external_task_marker_dag.py
[2024-08-03T09:02:58.031+0000] {processor.py:830} INFO - Processing file /home/ubuntu/airflow-venv/lib/python3.12/site-packages/airflow/example_dags/example_external_task_marker_dag.py for tasks to queue
[2024-08-03T09:02:58.034+0000] {logging_mixin.py:188} INFO - [2024-08-03T09:02:58.033+0000] {dagbag.py:545} INFO - Filling up the DagBag from /home/ubuntu/airflow-venv/lib/python3.12/site-packages/airflow/example_dags/example_external_task_marker_dag.py
[2024-08-03T09:02:58.040+0000] {processor.py:840} INFO - DAG(s) 'example_external_task_marker_child', 'example_external_task_marker_parent' retrieved from /home/ubuntu/airflow-venv/lib/python3.12/site-packages/airflow/example_dags/example_external_task_marker_dag.py
[2024-08-03T09:02:58.060+0000] {logging_mixin.py:188} INFO - [2024-08-03T09:02:58.059+0000] {dag.py:3089} INFO - Sync 2 DAGs
[2024-08-03T09:02:58.072+0000] {logging_mixin.py:188} INFO - [2024-08-03T09:02:58.072+0000] {dag.py:3947} INFO - Setting next_dagrun for example_external_task_marker_child to None, run_after=None
[2024-08-03T09:02:58.076+0000] {logging_mixin.py:188} INFO - [2024-08-03T09:02:58.076+0000] {dag.py:3947} INFO - Setting next_dagrun for example_external_task_marker_parent to None, run_after=None
[2024-08-03T09:02:58.099+0000] {processor.py:183} INFO - Processing /home/ubuntu/airflow-venv/lib/python3.12/site-packages/airflow/example_dags/example_external_task_marker_dag.py took 0.076 seconds
[2024-08-03T09:03:58.763+0000] {processor.py:161} INFO - Started process (PID=6477) to work on /home/ubuntu/airflow-venv/lib/python3.12/site-packages/airflow/example_dags/example_external_task_marker_dag.py
[2024-08-03T09:03:58.764+0000] {processor.py:830} INFO - Processing file /home/ubuntu/airflow-venv/lib/python3.12/site-packages/airflow/example_dags/example_external_task_marker_dag.py for tasks to queue
[2024-08-03T09:03:58.766+0000] {logging_mixin.py:188} INFO - [2024-08-03T09:03:58.766+0000] {dagbag.py:545} INFO - Filling up the DagBag from /home/ubuntu/airflow-venv/lib/python3.12/site-packages/airflow/example_dags/example_external_task_marker_dag.py
[2024-08-03T09:03:58.773+0000] {processor.py:840} INFO - DAG(s) 'example_external_task_marker_child', 'example_external_task_marker_parent' retrieved from /home/ubuntu/airflow-venv/lib/python3.12/site-packages/airflow/example_dags/example_external_task_marker_dag.py
[2024-08-03T09:03:58.793+0000] {logging_mixin.py:188} INFO - [2024-08-03T09:03:58.793+0000] {dag.py:3089} INFO - Sync 2 DAGs
[2024-08-03T09:03:58.806+0000] {logging_mixin.py:188} INFO - [2024-08-03T09:03:58.806+0000] {dag.py:3947} INFO - Setting next_dagrun for example_external_task_marker_child to None, run_after=None
[2024-08-03T09:03:58.810+0000] {logging_mixin.py:188} INFO - [2024-08-03T09:03:58.809+0000] {dag.py:3947} INFO - Setting next_dagrun for example_external_task_marker_parent to None, run_after=None
[2024-08-03T09:03:58.831+0000] {processor.py:183} INFO - Processing /home/ubuntu/airflow-venv/lib/python3.12/site-packages/airflow/example_dags/example_external_task_marker_dag.py took 0.077 seconds
[2024-08-03T09:05:03.130+0000] {processor.py:161} INFO - Started process (PID=6563) to work on /home/ubuntu/airflow-venv/lib/python3.12/site-packages/airflow/example_dags/example_external_task_marker_dag.py
[2024-08-03T09:05:03.132+0000] {processor.py:830} INFO - Processing file /home/ubuntu/airflow-venv/lib/python3.12/site-packages/airflow/example_dags/example_external_task_marker_dag.py for tasks to queue
[2024-08-03T09:05:03.134+0000] {logging_mixin.py:188} INFO - [2024-08-03T09:05:03.134+0000] {dagbag.py:545} INFO - Filling up the DagBag from /home/ubuntu/airflow-venv/lib/python3.12/site-packages/airflow/example_dags/example_external_task_marker_dag.py
[2024-08-03T09:05:03.141+0000] {processor.py:840} INFO - DAG(s) 'example_external_task_marker_child', 'example_external_task_marker_parent' retrieved from /home/ubuntu/airflow-venv/lib/python3.12/site-packages/airflow/example_dags/example_external_task_marker_dag.py
[2024-08-03T09:05:03.161+0000] {logging_mixin.py:188} INFO - [2024-08-03T09:05:03.160+0000] {dag.py:3089} INFO - Sync 2 DAGs
[2024-08-03T09:05:03.173+0000] {logging_mixin.py:188} INFO - [2024-08-03T09:05:03.173+0000] {dag.py:3947} INFO - Setting next_dagrun for example_external_task_marker_child to None, run_after=None
[2024-08-03T09:05:03.177+0000] {logging_mixin.py:188} INFO - [2024-08-03T09:05:03.177+0000] {dag.py:3947} INFO - Setting next_dagrun for example_external_task_marker_parent to None, run_after=None
[2024-08-03T09:05:03.200+0000] {processor.py:183} INFO - Processing /home/ubuntu/airflow-venv/lib/python3.12/site-packages/airflow/example_dags/example_external_task_marker_dag.py took 0.077 seconds
[2024-08-03T09:06:09.222+0000] {processor.py:161} INFO - Started process (PID=6775) to work on /home/ubuntu/airflow-venv/lib/python3.12/site-packages/airflow/example_dags/example_external_task_marker_dag.py
[2024-08-03T09:06:09.224+0000] {processor.py:830} INFO - Processing file /home/ubuntu/airflow-venv/lib/python3.12/site-packages/airflow/example_dags/example_external_task_marker_dag.py for tasks to queue
[2024-08-03T09:06:09.226+0000] {logging_mixin.py:188} INFO - [2024-08-03T09:06:09.226+0000] {dagbag.py:545} INFO - Filling up the DagBag from /home/ubuntu/airflow-venv/lib/python3.12/site-packages/airflow/example_dags/example_external_task_marker_dag.py
[2024-08-03T09:06:09.233+0000] {processor.py:840} INFO - DAG(s) 'example_external_task_marker_parent', 'example_external_task_marker_child' retrieved from /home/ubuntu/airflow-venv/lib/python3.12/site-packages/airflow/example_dags/example_external_task_marker_dag.py
[2024-08-03T09:06:09.253+0000] {logging_mixin.py:188} INFO - [2024-08-03T09:06:09.253+0000] {dag.py:3089} INFO - Sync 2 DAGs
[2024-08-03T09:06:09.266+0000] {logging_mixin.py:188} INFO - [2024-08-03T09:06:09.266+0000] {dag.py:3947} INFO - Setting next_dagrun for example_external_task_marker_child to None, run_after=None
[2024-08-03T09:06:09.270+0000] {logging_mixin.py:188} INFO - [2024-08-03T09:06:09.270+0000] {dag.py:3947} INFO - Setting next_dagrun for example_external_task_marker_parent to None, run_after=None
[2024-08-03T09:06:09.292+0000] {processor.py:183} INFO - Processing /home/ubuntu/airflow-venv/lib/python3.12/site-packages/airflow/example_dags/example_external_task_marker_dag.py took 0.078 seconds
[2024-08-03T09:07:15.066+0000] {processor.py:161} INFO - Started process (PID=7028) to work on /home/ubuntu/airflow-venv/lib/python3.12/site-packages/airflow/example_dags/example_external_task_marker_dag.py
[2024-08-03T09:07:15.068+0000] {processor.py:830} INFO - Processing file /home/ubuntu/airflow-venv/lib/python3.12/site-packages/airflow/example_dags/example_external_task_marker_dag.py for tasks to queue
[2024-08-03T09:07:15.070+0000] {logging_mixin.py:188} INFO - [2024-08-03T09:07:15.069+0000] {dagbag.py:545} INFO - Filling up the DagBag from /home/ubuntu/airflow-venv/lib/python3.12/site-packages/airflow/example_dags/example_external_task_marker_dag.py
[2024-08-03T09:07:15.077+0000] {processor.py:840} INFO - DAG(s) 'example_external_task_marker_child', 'example_external_task_marker_parent' retrieved from /home/ubuntu/airflow-venv/lib/python3.12/site-packages/airflow/example_dags/example_external_task_marker_dag.py
[2024-08-03T09:07:15.098+0000] {logging_mixin.py:188} INFO - [2024-08-03T09:07:15.097+0000] {dag.py:3089} INFO - Sync 2 DAGs
[2024-08-03T09:07:15.111+0000] {logging_mixin.py:188} INFO - [2024-08-03T09:07:15.111+0000] {dag.py:3947} INFO - Setting next_dagrun for example_external_task_marker_child to None, run_after=None
[2024-08-03T09:07:15.115+0000] {logging_mixin.py:188} INFO - [2024-08-03T09:07:15.115+0000] {dag.py:3947} INFO - Setting next_dagrun for example_external_task_marker_parent to None, run_after=None
[2024-08-03T09:07:15.138+0000] {processor.py:183} INFO - Processing /home/ubuntu/airflow-venv/lib/python3.12/site-packages/airflow/example_dags/example_external_task_marker_dag.py took 0.080 seconds
[2024-08-03T09:08:22.059+0000] {processor.py:161} INFO - Started process (PID=7272) to work on /home/ubuntu/airflow-venv/lib/python3.12/site-packages/airflow/example_dags/example_external_task_marker_dag.py
[2024-08-03T09:08:22.061+0000] {processor.py:830} INFO - Processing file /home/ubuntu/airflow-venv/lib/python3.12/site-packages/airflow/example_dags/example_external_task_marker_dag.py for tasks to queue
[2024-08-03T09:08:22.063+0000] {logging_mixin.py:188} INFO - [2024-08-03T09:08:22.063+0000] {dagbag.py:545} INFO - Filling up the DagBag from /home/ubuntu/airflow-venv/lib/python3.12/site-packages/airflow/example_dags/example_external_task_marker_dag.py
[2024-08-03T09:08:22.070+0000] {processor.py:840} INFO - DAG(s) 'example_external_task_marker_child', 'example_external_task_marker_parent' retrieved from /home/ubuntu/airflow-venv/lib/python3.12/site-packages/airflow/example_dags/example_external_task_marker_dag.py
[2024-08-03T09:08:22.089+0000] {logging_mixin.py:188} INFO - [2024-08-03T09:08:22.089+0000] {dag.py:3089} INFO - Sync 2 DAGs
[2024-08-03T09:08:22.102+0000] {logging_mixin.py:188} INFO - [2024-08-03T09:08:22.102+0000] {dag.py:3947} INFO - Setting next_dagrun for example_external_task_marker_child to None, run_after=None
[2024-08-03T09:08:22.106+0000] {logging_mixin.py:188} INFO - [2024-08-03T09:08:22.106+0000] {dag.py:3947} INFO - Setting next_dagrun for example_external_task_marker_parent to None, run_after=None
[2024-08-03T09:08:22.127+0000] {processor.py:183} INFO - Processing /home/ubuntu/airflow-venv/lib/python3.12/site-packages/airflow/example_dags/example_external_task_marker_dag.py took 0.076 seconds
[2024-08-03T09:09:24.344+0000] {processor.py:161} INFO - Started process (PID=7632) to work on /home/ubuntu/airflow-venv/lib/python3.12/site-packages/airflow/example_dags/example_external_task_marker_dag.py
[2024-08-03T09:09:24.346+0000] {processor.py:830} INFO - Processing file /home/ubuntu/airflow-venv/lib/python3.12/site-packages/airflow/example_dags/example_external_task_marker_dag.py for tasks to queue
[2024-08-03T09:09:24.348+0000] {logging_mixin.py:188} INFO - [2024-08-03T09:09:24.348+0000] {dagbag.py:545} INFO - Filling up the DagBag from /home/ubuntu/airflow-venv/lib/python3.12/site-packages/airflow/example_dags/example_external_task_marker_dag.py
[2024-08-03T09:09:24.355+0000] {processor.py:840} INFO - DAG(s) 'example_external_task_marker_parent', 'example_external_task_marker_child' retrieved from /home/ubuntu/airflow-venv/lib/python3.12/site-packages/airflow/example_dags/example_external_task_marker_dag.py
[2024-08-03T09:09:24.376+0000] {logging_mixin.py:188} INFO - [2024-08-03T09:09:24.375+0000] {dag.py:3089} INFO - Sync 2 DAGs
[2024-08-03T09:09:24.389+0000] {logging_mixin.py:188} INFO - [2024-08-03T09:09:24.389+0000] {dag.py:3947} INFO - Setting next_dagrun for example_external_task_marker_child to None, run_after=None
[2024-08-03T09:09:24.393+0000] {logging_mixin.py:188} INFO - [2024-08-03T09:09:24.392+0000] {dag.py:3947} INFO - Setting next_dagrun for example_external_task_marker_parent to None, run_after=None
[2024-08-03T09:09:24.415+0000] {processor.py:183} INFO - Processing /home/ubuntu/airflow-venv/lib/python3.12/site-packages/airflow/example_dags/example_external_task_marker_dag.py took 0.079 seconds
[2024-08-03T09:10:28.749+0000] {processor.py:161} INFO - Started process (PID=7872) to work on /home/ubuntu/airflow-venv/lib/python3.12/site-packages/airflow/example_dags/example_external_task_marker_dag.py
[2024-08-03T09:10:28.751+0000] {processor.py:830} INFO - Processing file /home/ubuntu/airflow-venv/lib/python3.12/site-packages/airflow/example_dags/example_external_task_marker_dag.py for tasks to queue
[2024-08-03T09:10:28.753+0000] {logging_mixin.py:188} INFO - [2024-08-03T09:10:28.752+0000] {dagbag.py:545} INFO - Filling up the DagBag from /home/ubuntu/airflow-venv/lib/python3.12/site-packages/airflow/example_dags/example_external_task_marker_dag.py
[2024-08-03T09:10:28.760+0000] {processor.py:840} INFO - DAG(s) 'example_external_task_marker_parent', 'example_external_task_marker_child' retrieved from /home/ubuntu/airflow-venv/lib/python3.12/site-packages/airflow/example_dags/example_external_task_marker_dag.py
[2024-08-03T09:10:28.780+0000] {logging_mixin.py:188} INFO - [2024-08-03T09:10:28.779+0000] {dag.py:3089} INFO - Sync 2 DAGs
[2024-08-03T09:10:28.792+0000] {logging_mixin.py:188} INFO - [2024-08-03T09:10:28.792+0000] {dag.py:3947} INFO - Setting next_dagrun for example_external_task_marker_child to None, run_after=None
[2024-08-03T09:10:28.796+0000] {logging_mixin.py:188} INFO - [2024-08-03T09:10:28.796+0000] {dag.py:3947} INFO - Setting next_dagrun for example_external_task_marker_parent to None, run_after=None
[2024-08-03T09:10:28.820+0000] {processor.py:183} INFO - Processing /home/ubuntu/airflow-venv/lib/python3.12/site-packages/airflow/example_dags/example_external_task_marker_dag.py took 0.079 seconds
[2024-08-03T09:11:30.021+0000] {processor.py:161} INFO - Started process (PID=8008) to work on /home/ubuntu/airflow-venv/lib/python3.12/site-packages/airflow/example_dags/example_external_task_marker_dag.py
[2024-08-03T09:11:30.022+0000] {processor.py:830} INFO - Processing file /home/ubuntu/airflow-venv/lib/python3.12/site-packages/airflow/example_dags/example_external_task_marker_dag.py for tasks to queue
[2024-08-03T09:11:30.025+0000] {logging_mixin.py:188} INFO - [2024-08-03T09:11:30.024+0000] {dagbag.py:545} INFO - Filling up the DagBag from /home/ubuntu/airflow-venv/lib/python3.12/site-packages/airflow/example_dags/example_external_task_marker_dag.py
[2024-08-03T09:11:30.032+0000] {processor.py:840} INFO - DAG(s) 'example_external_task_marker_child', 'example_external_task_marker_parent' retrieved from /home/ubuntu/airflow-venv/lib/python3.12/site-packages/airflow/example_dags/example_external_task_marker_dag.py
[2024-08-03T09:11:30.054+0000] {logging_mixin.py:188} INFO - [2024-08-03T09:11:30.054+0000] {dag.py:3089} INFO - Sync 2 DAGs
[2024-08-03T09:11:30.068+0000] {logging_mixin.py:188} INFO - [2024-08-03T09:11:30.068+0000] {dag.py:3947} INFO - Setting next_dagrun for example_external_task_marker_child to None, run_after=None
[2024-08-03T09:11:30.072+0000] {logging_mixin.py:188} INFO - [2024-08-03T09:11:30.072+0000] {dag.py:3947} INFO - Setting next_dagrun for example_external_task_marker_parent to None, run_after=None
[2024-08-03T09:11:30.095+0000] {processor.py:183} INFO - Processing /home/ubuntu/airflow-venv/lib/python3.12/site-packages/airflow/example_dags/example_external_task_marker_dag.py took 0.084 seconds
[2024-08-03T09:12:29.911+0000] {processor.py:161} INFO - Started process (PID=8223) to work on /home/ubuntu/airflow-venv/lib/python3.12/site-packages/airflow/example_dags/example_external_task_marker_dag.py
[2024-08-03T09:12:29.912+0000] {processor.py:830} INFO - Processing file /home/ubuntu/airflow-venv/lib/python3.12/site-packages/airflow/example_dags/example_external_task_marker_dag.py for tasks to queue
[2024-08-03T09:12:29.915+0000] {logging_mixin.py:188} INFO - [2024-08-03T09:12:29.914+0000] {dagbag.py:545} INFO - Filling up the DagBag from /home/ubuntu/airflow-venv/lib/python3.12/site-packages/airflow/example_dags/example_external_task_marker_dag.py
[2024-08-03T09:12:29.921+0000] {processor.py:840} INFO - DAG(s) 'example_external_task_marker_parent', 'example_external_task_marker_child' retrieved from /home/ubuntu/airflow-venv/lib/python3.12/site-packages/airflow/example_dags/example_external_task_marker_dag.py
[2024-08-03T09:12:29.941+0000] {logging_mixin.py:188} INFO - [2024-08-03T09:12:29.940+0000] {dag.py:3089} INFO - Sync 2 DAGs
[2024-08-03T09:12:29.954+0000] {logging_mixin.py:188} INFO - [2024-08-03T09:12:29.954+0000] {dag.py:3947} INFO - Setting next_dagrun for example_external_task_marker_child to None, run_after=None
[2024-08-03T09:12:29.958+0000] {logging_mixin.py:188} INFO - [2024-08-03T09:12:29.957+0000] {dag.py:3947} INFO - Setting next_dagrun for example_external_task_marker_parent to None, run_after=None
[2024-08-03T09:12:29.979+0000] {processor.py:183} INFO - Processing /home/ubuntu/airflow-venv/lib/python3.12/site-packages/airflow/example_dags/example_external_task_marker_dag.py took 0.076 seconds
