[2024-08-03T08:31:00.252+0000] {processor.py:161} INFO - Started process (PID=1837) to work on /home/ubuntu/airflow-venv/lib/python3.12/site-packages/airflow/example_dags/example_branch_labels.py
[2024-08-03T08:31:00.253+0000] {processor.py:830} INFO - Processing file /home/ubuntu/airflow-venv/lib/python3.12/site-packages/airflow/example_dags/example_branch_labels.py for tasks to queue
[2024-08-03T08:31:00.255+0000] {logging_mixin.py:188} INFO - [2024-08-03T08:31:00.254+0000] {dagbag.py:545} INFO - Filling up the DagBag from /home/ubuntu/airflow-venv/lib/python3.12/site-packages/airflow/example_dags/example_branch_labels.py
[2024-08-03T08:31:00.263+0000] {processor.py:840} INFO - DAG(s) 'example_branch_labels' retrieved from /home/ubuntu/airflow-venv/lib/python3.12/site-packages/airflow/example_dags/example_branch_labels.py
[2024-08-03T08:31:00.373+0000] {logging_mixin.py:188} INFO - [2024-08-03T08:31:00.373+0000] {dag.py:3089} INFO - Sync 1 DAGs
[2024-08-03T08:31:00.393+0000] {logging_mixin.py:188} INFO - [2024-08-03T08:31:00.393+0000] {dag.py:3947} INFO - Setting next_dagrun for example_branch_labels to 2024-08-02 00:00:00+00:00, run_after=2024-08-03 00:00:00+00:00
[2024-08-03T08:31:00.417+0000] {processor.py:183} INFO - Processing /home/ubuntu/airflow-venv/lib/python3.12/site-packages/airflow/example_dags/example_branch_labels.py took 0.171 seconds
[2024-08-03T08:31:54.906+0000] {processor.py:161} INFO - Started process (PID=1898) to work on /home/ubuntu/airflow-venv/lib/python3.12/site-packages/airflow/example_dags/example_branch_labels.py
[2024-08-03T08:31:54.908+0000] {processor.py:830} INFO - Processing file /home/ubuntu/airflow-venv/lib/python3.12/site-packages/airflow/example_dags/example_branch_labels.py for tasks to queue
[2024-08-03T08:31:54.909+0000] {logging_mixin.py:188} INFO - [2024-08-03T08:31:54.909+0000] {dagbag.py:545} INFO - Filling up the DagBag from /home/ubuntu/airflow-venv/lib/python3.12/site-packages/airflow/example_dags/example_branch_labels.py
[2024-08-03T08:31:54.918+0000] {processor.py:840} INFO - DAG(s) 'example_branch_labels' retrieved from /home/ubuntu/airflow-venv/lib/python3.12/site-packages/airflow/example_dags/example_branch_labels.py
[2024-08-03T08:31:54.936+0000] {logging_mixin.py:188} INFO - [2024-08-03T08:31:54.935+0000] {dag.py:3089} INFO - Sync 1 DAGs
[2024-08-03T08:31:54.957+0000] {logging_mixin.py:188} INFO - [2024-08-03T08:31:54.956+0000] {dag.py:3947} INFO - Setting next_dagrun for example_branch_labels to 2024-08-02 00:00:00+00:00, run_after=2024-08-03 00:00:00+00:00
[2024-08-03T08:31:54.980+0000] {processor.py:183} INFO - Processing /home/ubuntu/airflow-venv/lib/python3.12/site-packages/airflow/example_dags/example_branch_labels.py took 0.080 seconds
[2024-08-03T08:33:28.178+0000] {processor.py:161} INFO - Started process (PID=2003) to work on /home/ubuntu/airflow-venv/lib/python3.12/site-packages/airflow/example_dags/example_branch_labels.py
[2024-08-03T08:33:28.180+0000] {processor.py:830} INFO - Processing file /home/ubuntu/airflow-venv/lib/python3.12/site-packages/airflow/example_dags/example_branch_labels.py for tasks to queue
[2024-08-03T08:33:28.182+0000] {logging_mixin.py:188} INFO - [2024-08-03T08:33:28.181+0000] {dagbag.py:545} INFO - Filling up the DagBag from /home/ubuntu/airflow-venv/lib/python3.12/site-packages/airflow/example_dags/example_branch_labels.py
[2024-08-03T08:33:28.190+0000] {processor.py:840} INFO - DAG(s) 'example_branch_labels' retrieved from /home/ubuntu/airflow-venv/lib/python3.12/site-packages/airflow/example_dags/example_branch_labels.py
[2024-08-03T08:33:28.299+0000] {logging_mixin.py:188} INFO - [2024-08-03T08:33:28.298+0000] {dag.py:3089} INFO - Sync 1 DAGs
[2024-08-03T08:33:28.319+0000] {logging_mixin.py:188} INFO - [2024-08-03T08:33:28.319+0000] {dag.py:3947} INFO - Setting next_dagrun for example_branch_labels to 2024-08-02 00:00:00+00:00, run_after=2024-08-03 00:00:00+00:00
[2024-08-03T08:33:28.342+0000] {processor.py:183} INFO - Processing /home/ubuntu/airflow-venv/lib/python3.12/site-packages/airflow/example_dags/example_branch_labels.py took 0.169 seconds
[2024-08-03T08:34:23.766+0000] {processor.py:161} INFO - Started process (PID=2059) to work on /home/ubuntu/airflow-venv/lib/python3.12/site-packages/airflow/example_dags/example_branch_labels.py
[2024-08-03T08:34:23.768+0000] {processor.py:830} INFO - Processing file /home/ubuntu/airflow-venv/lib/python3.12/site-packages/airflow/example_dags/example_branch_labels.py for tasks to queue
[2024-08-03T08:34:23.769+0000] {logging_mixin.py:188} INFO - [2024-08-03T08:34:23.769+0000] {dagbag.py:545} INFO - Filling up the DagBag from /home/ubuntu/airflow-venv/lib/python3.12/site-packages/airflow/example_dags/example_branch_labels.py
[2024-08-03T08:34:23.778+0000] {processor.py:840} INFO - DAG(s) 'example_branch_labels' retrieved from /home/ubuntu/airflow-venv/lib/python3.12/site-packages/airflow/example_dags/example_branch_labels.py
[2024-08-03T08:34:23.797+0000] {logging_mixin.py:188} INFO - [2024-08-03T08:34:23.797+0000] {dag.py:3089} INFO - Sync 1 DAGs
[2024-08-03T08:34:23.820+0000] {logging_mixin.py:188} INFO - [2024-08-03T08:34:23.819+0000] {dag.py:3947} INFO - Setting next_dagrun for example_branch_labels to 2024-08-02 00:00:00+00:00, run_after=2024-08-03 00:00:00+00:00
[2024-08-03T08:34:23.843+0000] {processor.py:183} INFO - Processing /home/ubuntu/airflow-venv/lib/python3.12/site-packages/airflow/example_dags/example_branch_labels.py took 0.083 seconds
[2024-08-03T08:35:39.098+0000] {processor.py:161} INFO - Started process (PID=2149) to work on /home/ubuntu/airflow-venv/lib/python3.12/site-packages/airflow/example_dags/example_branch_labels.py
[2024-08-03T08:35:39.099+0000] {processor.py:830} INFO - Processing file /home/ubuntu/airflow-venv/lib/python3.12/site-packages/airflow/example_dags/example_branch_labels.py for tasks to queue
[2024-08-03T08:35:39.101+0000] {logging_mixin.py:188} INFO - [2024-08-03T08:35:39.101+0000] {dagbag.py:545} INFO - Filling up the DagBag from /home/ubuntu/airflow-venv/lib/python3.12/site-packages/airflow/example_dags/example_branch_labels.py
[2024-08-03T08:35:39.109+0000] {processor.py:840} INFO - DAG(s) 'example_branch_labels' retrieved from /home/ubuntu/airflow-venv/lib/python3.12/site-packages/airflow/example_dags/example_branch_labels.py
[2024-08-03T08:35:39.127+0000] {logging_mixin.py:188} INFO - [2024-08-03T08:35:39.127+0000] {dag.py:3089} INFO - Sync 1 DAGs
[2024-08-03T08:35:39.148+0000] {logging_mixin.py:188} INFO - [2024-08-03T08:35:39.148+0000] {dag.py:3947} INFO - Setting next_dagrun for example_branch_labels to 2024-08-02 00:00:00+00:00, run_after=2024-08-03 00:00:00+00:00
[2024-08-03T08:35:39.170+0000] {processor.py:183} INFO - Processing /home/ubuntu/airflow-venv/lib/python3.12/site-packages/airflow/example_dags/example_branch_labels.py took 0.078 seconds
[2024-08-03T08:36:48.634+0000] {processor.py:161} INFO - Started process (PID=2226) to work on /home/ubuntu/airflow-venv/lib/python3.12/site-packages/airflow/example_dags/example_branch_labels.py
[2024-08-03T08:36:48.636+0000] {processor.py:830} INFO - Processing file /home/ubuntu/airflow-venv/lib/python3.12/site-packages/airflow/example_dags/example_branch_labels.py for tasks to queue
[2024-08-03T08:36:48.638+0000] {logging_mixin.py:188} INFO - [2024-08-03T08:36:48.637+0000] {dagbag.py:545} INFO - Filling up the DagBag from /home/ubuntu/airflow-venv/lib/python3.12/site-packages/airflow/example_dags/example_branch_labels.py
[2024-08-03T08:36:48.647+0000] {processor.py:840} INFO - DAG(s) 'example_branch_labels' retrieved from /home/ubuntu/airflow-venv/lib/python3.12/site-packages/airflow/example_dags/example_branch_labels.py
[2024-08-03T08:36:48.665+0000] {logging_mixin.py:188} INFO - [2024-08-03T08:36:48.665+0000] {dag.py:3089} INFO - Sync 1 DAGs
[2024-08-03T08:36:48.687+0000] {logging_mixin.py:188} INFO - [2024-08-03T08:36:48.687+0000] {dag.py:3947} INFO - Setting next_dagrun for example_branch_labels to 2024-08-02 00:00:00+00:00, run_after=2024-08-03 00:00:00+00:00
[2024-08-03T08:36:48.711+0000] {processor.py:183} INFO - Processing /home/ubuntu/airflow-venv/lib/python3.12/site-packages/airflow/example_dags/example_branch_labels.py took 0.083 seconds
[2024-08-03T08:37:47.341+0000] {processor.py:161} INFO - Started process (PID=2320) to work on /home/ubuntu/airflow-venv/lib/python3.12/site-packages/airflow/example_dags/example_branch_labels.py
[2024-08-03T08:37:47.342+0000] {processor.py:830} INFO - Processing file /home/ubuntu/airflow-venv/lib/python3.12/site-packages/airflow/example_dags/example_branch_labels.py for tasks to queue
[2024-08-03T08:37:47.344+0000] {logging_mixin.py:188} INFO - [2024-08-03T08:37:47.343+0000] {dagbag.py:545} INFO - Filling up the DagBag from /home/ubuntu/airflow-venv/lib/python3.12/site-packages/airflow/example_dags/example_branch_labels.py
[2024-08-03T08:37:47.358+0000] {processor.py:840} INFO - DAG(s) 'example_branch_labels' retrieved from /home/ubuntu/airflow-venv/lib/python3.12/site-packages/airflow/example_dags/example_branch_labels.py
[2024-08-03T08:37:47.380+0000] {logging_mixin.py:188} INFO - [2024-08-03T08:37:47.380+0000] {dag.py:3089} INFO - Sync 1 DAGs
[2024-08-03T08:37:47.405+0000] {logging_mixin.py:188} INFO - [2024-08-03T08:37:47.405+0000] {dag.py:3947} INFO - Setting next_dagrun for example_branch_labels to 2024-08-02 00:00:00+00:00, run_after=2024-08-03 00:00:00+00:00
[2024-08-03T08:37:47.435+0000] {processor.py:183} INFO - Processing /home/ubuntu/airflow-venv/lib/python3.12/site-packages/airflow/example_dags/example_branch_labels.py took 0.106 seconds
[2024-08-03T08:39:10.150+0000] {processor.py:161} INFO - Started process (PID=2408) to work on /home/ubuntu/airflow-venv/lib/python3.12/site-packages/airflow/example_dags/example_branch_labels.py
[2024-08-03T08:39:10.152+0000] {processor.py:830} INFO - Processing file /home/ubuntu/airflow-venv/lib/python3.12/site-packages/airflow/example_dags/example_branch_labels.py for tasks to queue
[2024-08-03T08:39:10.154+0000] {logging_mixin.py:188} INFO - [2024-08-03T08:39:10.153+0000] {dagbag.py:545} INFO - Filling up the DagBag from /home/ubuntu/airflow-venv/lib/python3.12/site-packages/airflow/example_dags/example_branch_labels.py
[2024-08-03T08:39:10.162+0000] {processor.py:840} INFO - DAG(s) 'example_branch_labels' retrieved from /home/ubuntu/airflow-venv/lib/python3.12/site-packages/airflow/example_dags/example_branch_labels.py
[2024-08-03T08:39:10.181+0000] {logging_mixin.py:188} INFO - [2024-08-03T08:39:10.180+0000] {dag.py:3089} INFO - Sync 1 DAGs
[2024-08-03T08:39:10.202+0000] {logging_mixin.py:188} INFO - [2024-08-03T08:39:10.202+0000] {dag.py:3947} INFO - Setting next_dagrun for example_branch_labels to 2024-08-02 00:00:00+00:00, run_after=2024-08-03 00:00:00+00:00
[2024-08-03T08:39:10.226+0000] {processor.py:183} INFO - Processing /home/ubuntu/airflow-venv/lib/python3.12/site-packages/airflow/example_dags/example_branch_labels.py took 0.082 seconds
[2024-08-03T08:40:03.949+0000] {processor.py:161} INFO - Started process (PID=2468) to work on /home/ubuntu/airflow-venv/lib/python3.12/site-packages/airflow/example_dags/example_branch_labels.py
[2024-08-03T08:40:03.951+0000] {processor.py:830} INFO - Processing file /home/ubuntu/airflow-venv/lib/python3.12/site-packages/airflow/example_dags/example_branch_labels.py for tasks to queue
[2024-08-03T08:40:03.953+0000] {logging_mixin.py:188} INFO - [2024-08-03T08:40:03.952+0000] {dagbag.py:545} INFO - Filling up the DagBag from /home/ubuntu/airflow-venv/lib/python3.12/site-packages/airflow/example_dags/example_branch_labels.py
[2024-08-03T08:40:03.961+0000] {processor.py:840} INFO - DAG(s) 'example_branch_labels' retrieved from /home/ubuntu/airflow-venv/lib/python3.12/site-packages/airflow/example_dags/example_branch_labels.py
[2024-08-03T08:40:03.980+0000] {logging_mixin.py:188} INFO - [2024-08-03T08:40:03.980+0000] {dag.py:3089} INFO - Sync 1 DAGs
[2024-08-03T08:40:04.002+0000] {logging_mixin.py:188} INFO - [2024-08-03T08:40:04.001+0000] {dag.py:3947} INFO - Setting next_dagrun for example_branch_labels to 2024-08-02 00:00:00+00:00, run_after=2024-08-03 00:00:00+00:00
[2024-08-03T08:40:04.027+0000] {processor.py:183} INFO - Processing /home/ubuntu/airflow-venv/lib/python3.12/site-packages/airflow/example_dags/example_branch_labels.py took 0.084 seconds
[2024-08-03T08:40:59.775+0000] {processor.py:161} INFO - Started process (PID=2532) to work on /home/ubuntu/airflow-venv/lib/python3.12/site-packages/airflow/example_dags/example_branch_labels.py
[2024-08-03T08:40:59.776+0000] {processor.py:830} INFO - Processing file /home/ubuntu/airflow-venv/lib/python3.12/site-packages/airflow/example_dags/example_branch_labels.py for tasks to queue
[2024-08-03T08:40:59.778+0000] {logging_mixin.py:188} INFO - [2024-08-03T08:40:59.777+0000] {dagbag.py:545} INFO - Filling up the DagBag from /home/ubuntu/airflow-venv/lib/python3.12/site-packages/airflow/example_dags/example_branch_labels.py
[2024-08-03T08:40:59.786+0000] {processor.py:840} INFO - DAG(s) 'example_branch_labels' retrieved from /home/ubuntu/airflow-venv/lib/python3.12/site-packages/airflow/example_dags/example_branch_labels.py
[2024-08-03T08:40:59.805+0000] {logging_mixin.py:188} INFO - [2024-08-03T08:40:59.804+0000] {dag.py:3089} INFO - Sync 1 DAGs
[2024-08-03T08:40:59.825+0000] {logging_mixin.py:188} INFO - [2024-08-03T08:40:59.825+0000] {dag.py:3947} INFO - Setting next_dagrun for example_branch_labels to 2024-08-02 00:00:00+00:00, run_after=2024-08-03 00:00:00+00:00
[2024-08-03T08:40:59.849+0000] {processor.py:183} INFO - Processing /home/ubuntu/airflow-venv/lib/python3.12/site-packages/airflow/example_dags/example_branch_labels.py took 0.080 seconds
[2024-08-03T08:42:07.911+0000] {processor.py:161} INFO - Started process (PID=2606) to work on /home/ubuntu/airflow-venv/lib/python3.12/site-packages/airflow/example_dags/example_branch_labels.py
[2024-08-03T08:42:07.912+0000] {processor.py:830} INFO - Processing file /home/ubuntu/airflow-venv/lib/python3.12/site-packages/airflow/example_dags/example_branch_labels.py for tasks to queue
[2024-08-03T08:42:07.914+0000] {logging_mixin.py:188} INFO - [2024-08-03T08:42:07.914+0000] {dagbag.py:545} INFO - Filling up the DagBag from /home/ubuntu/airflow-venv/lib/python3.12/site-packages/airflow/example_dags/example_branch_labels.py
[2024-08-03T08:42:07.923+0000] {processor.py:840} INFO - DAG(s) 'example_branch_labels' retrieved from /home/ubuntu/airflow-venv/lib/python3.12/site-packages/airflow/example_dags/example_branch_labels.py
[2024-08-03T08:42:07.941+0000] {logging_mixin.py:188} INFO - [2024-08-03T08:42:07.941+0000] {dag.py:3089} INFO - Sync 1 DAGs
[2024-08-03T08:42:07.963+0000] {logging_mixin.py:188} INFO - [2024-08-03T08:42:07.963+0000] {dag.py:3947} INFO - Setting next_dagrun for example_branch_labels to 2024-08-02 00:00:00+00:00, run_after=2024-08-03 00:00:00+00:00
[2024-08-03T08:42:07.987+0000] {processor.py:183} INFO - Processing /home/ubuntu/airflow-venv/lib/python3.12/site-packages/airflow/example_dags/example_branch_labels.py took 0.083 seconds
[2024-08-03T08:43:13.535+0000] {processor.py:161} INFO - Started process (PID=2678) to work on /home/ubuntu/airflow-venv/lib/python3.12/site-packages/airflow/example_dags/example_branch_labels.py
[2024-08-03T08:43:13.536+0000] {processor.py:830} INFO - Processing file /home/ubuntu/airflow-venv/lib/python3.12/site-packages/airflow/example_dags/example_branch_labels.py for tasks to queue
[2024-08-03T08:43:13.538+0000] {logging_mixin.py:188} INFO - [2024-08-03T08:43:13.538+0000] {dagbag.py:545} INFO - Filling up the DagBag from /home/ubuntu/airflow-venv/lib/python3.12/site-packages/airflow/example_dags/example_branch_labels.py
[2024-08-03T08:43:13.547+0000] {processor.py:840} INFO - DAG(s) 'example_branch_labels' retrieved from /home/ubuntu/airflow-venv/lib/python3.12/site-packages/airflow/example_dags/example_branch_labels.py
[2024-08-03T08:43:13.565+0000] {logging_mixin.py:188} INFO - [2024-08-03T08:43:13.565+0000] {dag.py:3089} INFO - Sync 1 DAGs
[2024-08-03T08:43:13.587+0000] {logging_mixin.py:188} INFO - [2024-08-03T08:43:13.587+0000] {dag.py:3947} INFO - Setting next_dagrun for example_branch_labels to 2024-08-02 00:00:00+00:00, run_after=2024-08-03 00:00:00+00:00
[2024-08-03T08:43:13.611+0000] {processor.py:183} INFO - Processing /home/ubuntu/airflow-venv/lib/python3.12/site-packages/airflow/example_dags/example_branch_labels.py took 0.082 seconds
[2024-08-03T08:44:15.030+0000] {processor.py:161} INFO - Started process (PID=2854) to work on /home/ubuntu/airflow-venv/lib/python3.12/site-packages/airflow/example_dags/example_branch_labels.py
[2024-08-03T08:44:15.032+0000] {processor.py:830} INFO - Processing file /home/ubuntu/airflow-venv/lib/python3.12/site-packages/airflow/example_dags/example_branch_labels.py for tasks to queue
[2024-08-03T08:44:15.034+0000] {logging_mixin.py:188} INFO - [2024-08-03T08:44:15.033+0000] {dagbag.py:545} INFO - Filling up the DagBag from /home/ubuntu/airflow-venv/lib/python3.12/site-packages/airflow/example_dags/example_branch_labels.py
[2024-08-03T08:44:15.042+0000] {processor.py:840} INFO - DAG(s) 'example_branch_labels' retrieved from /home/ubuntu/airflow-venv/lib/python3.12/site-packages/airflow/example_dags/example_branch_labels.py
[2024-08-03T08:44:15.060+0000] {logging_mixin.py:188} INFO - [2024-08-03T08:44:15.060+0000] {dag.py:3089} INFO - Sync 1 DAGs
[2024-08-03T08:44:15.082+0000] {logging_mixin.py:188} INFO - [2024-08-03T08:44:15.082+0000] {dag.py:3947} INFO - Setting next_dagrun for example_branch_labels to 2024-08-02 00:00:00+00:00, run_after=2024-08-03 00:00:00+00:00
[2024-08-03T08:44:15.105+0000] {processor.py:183} INFO - Processing /home/ubuntu/airflow-venv/lib/python3.12/site-packages/airflow/example_dags/example_branch_labels.py took 0.081 seconds
[2024-08-03T08:45:21.332+0000] {processor.py:161} INFO - Started process (PID=3063) to work on /home/ubuntu/airflow-venv/lib/python3.12/site-packages/airflow/example_dags/example_branch_labels.py
[2024-08-03T08:45:21.333+0000] {processor.py:830} INFO - Processing file /home/ubuntu/airflow-venv/lib/python3.12/site-packages/airflow/example_dags/example_branch_labels.py for tasks to queue
[2024-08-03T08:45:21.335+0000] {logging_mixin.py:188} INFO - [2024-08-03T08:45:21.334+0000] {dagbag.py:545} INFO - Filling up the DagBag from /home/ubuntu/airflow-venv/lib/python3.12/site-packages/airflow/example_dags/example_branch_labels.py
[2024-08-03T08:45:21.343+0000] {processor.py:840} INFO - DAG(s) 'example_branch_labels' retrieved from /home/ubuntu/airflow-venv/lib/python3.12/site-packages/airflow/example_dags/example_branch_labels.py
[2024-08-03T08:45:21.361+0000] {logging_mixin.py:188} INFO - [2024-08-03T08:45:21.361+0000] {dag.py:3089} INFO - Sync 1 DAGs
[2024-08-03T08:45:21.383+0000] {logging_mixin.py:188} INFO - [2024-08-03T08:45:21.383+0000] {dag.py:3947} INFO - Setting next_dagrun for example_branch_labels to 2024-08-02 00:00:00+00:00, run_after=2024-08-03 00:00:00+00:00
[2024-08-03T08:45:21.408+0000] {processor.py:183} INFO - Processing /home/ubuntu/airflow-venv/lib/python3.12/site-packages/airflow/example_dags/example_branch_labels.py took 0.082 seconds
[2024-08-03T08:46:25.059+0000] {processor.py:161} INFO - Started process (PID=3149) to work on /home/ubuntu/airflow-venv/lib/python3.12/site-packages/airflow/example_dags/example_branch_labels.py
[2024-08-03T08:46:25.061+0000] {processor.py:830} INFO - Processing file /home/ubuntu/airflow-venv/lib/python3.12/site-packages/airflow/example_dags/example_branch_labels.py for tasks to queue
[2024-08-03T08:46:25.062+0000] {logging_mixin.py:188} INFO - [2024-08-03T08:46:25.062+0000] {dagbag.py:545} INFO - Filling up the DagBag from /home/ubuntu/airflow-venv/lib/python3.12/site-packages/airflow/example_dags/example_branch_labels.py
[2024-08-03T08:46:25.071+0000] {processor.py:840} INFO - DAG(s) 'example_branch_labels' retrieved from /home/ubuntu/airflow-venv/lib/python3.12/site-packages/airflow/example_dags/example_branch_labels.py
[2024-08-03T08:46:25.089+0000] {logging_mixin.py:188} INFO - [2024-08-03T08:46:25.088+0000] {dag.py:3089} INFO - Sync 1 DAGs
[2024-08-03T08:46:25.110+0000] {logging_mixin.py:188} INFO - [2024-08-03T08:46:25.109+0000] {dag.py:3947} INFO - Setting next_dagrun for example_branch_labels to 2024-08-02 00:00:00+00:00, run_after=2024-08-03 00:00:00+00:00
[2024-08-03T08:46:25.133+0000] {processor.py:183} INFO - Processing /home/ubuntu/airflow-venv/lib/python3.12/site-packages/airflow/example_dags/example_branch_labels.py took 0.080 seconds
[2024-08-03T08:47:29.808+0000] {processor.py:161} INFO - Started process (PID=3611) to work on /home/ubuntu/airflow-venv/lib/python3.12/site-packages/airflow/example_dags/example_branch_labels.py
[2024-08-03T08:47:29.810+0000] {processor.py:830} INFO - Processing file /home/ubuntu/airflow-venv/lib/python3.12/site-packages/airflow/example_dags/example_branch_labels.py for tasks to queue
[2024-08-03T08:47:29.812+0000] {logging_mixin.py:188} INFO - [2024-08-03T08:47:29.811+0000] {dagbag.py:545} INFO - Filling up the DagBag from /home/ubuntu/airflow-venv/lib/python3.12/site-packages/airflow/example_dags/example_branch_labels.py
[2024-08-03T08:47:29.820+0000] {processor.py:840} INFO - DAG(s) 'example_branch_labels' retrieved from /home/ubuntu/airflow-venv/lib/python3.12/site-packages/airflow/example_dags/example_branch_labels.py
[2024-08-03T08:47:29.838+0000] {logging_mixin.py:188} INFO - [2024-08-03T08:47:29.838+0000] {dag.py:3089} INFO - Sync 1 DAGs
[2024-08-03T08:47:29.859+0000] {logging_mixin.py:188} INFO - [2024-08-03T08:47:29.859+0000] {dag.py:3947} INFO - Setting next_dagrun for example_branch_labels to 2024-08-02 00:00:00+00:00, run_after=2024-08-03 00:00:00+00:00
[2024-08-03T08:47:29.883+0000] {processor.py:183} INFO - Processing /home/ubuntu/airflow-venv/lib/python3.12/site-packages/airflow/example_dags/example_branch_labels.py took 0.081 seconds
[2024-08-03T08:48:35.177+0000] {processor.py:161} INFO - Started process (PID=3791) to work on /home/ubuntu/airflow-venv/lib/python3.12/site-packages/airflow/example_dags/example_branch_labels.py
[2024-08-03T08:48:35.179+0000] {processor.py:830} INFO - Processing file /home/ubuntu/airflow-venv/lib/python3.12/site-packages/airflow/example_dags/example_branch_labels.py for tasks to queue
[2024-08-03T08:48:35.181+0000] {logging_mixin.py:188} INFO - [2024-08-03T08:48:35.180+0000] {dagbag.py:545} INFO - Filling up the DagBag from /home/ubuntu/airflow-venv/lib/python3.12/site-packages/airflow/example_dags/example_branch_labels.py
[2024-08-03T08:48:35.189+0000] {processor.py:840} INFO - DAG(s) 'example_branch_labels' retrieved from /home/ubuntu/airflow-venv/lib/python3.12/site-packages/airflow/example_dags/example_branch_labels.py
[2024-08-03T08:48:35.207+0000] {logging_mixin.py:188} INFO - [2024-08-03T08:48:35.207+0000] {dag.py:3089} INFO - Sync 1 DAGs
[2024-08-03T08:48:35.228+0000] {logging_mixin.py:188} INFO - [2024-08-03T08:48:35.227+0000] {dag.py:3947} INFO - Setting next_dagrun for example_branch_labels to 2024-08-02 00:00:00+00:00, run_after=2024-08-03 00:00:00+00:00
[2024-08-03T08:48:35.251+0000] {processor.py:183} INFO - Processing /home/ubuntu/airflow-venv/lib/python3.12/site-packages/airflow/example_dags/example_branch_labels.py took 0.079 seconds
[2024-08-03T08:49:40.720+0000] {processor.py:161} INFO - Started process (PID=4020) to work on /home/ubuntu/airflow-venv/lib/python3.12/site-packages/airflow/example_dags/example_branch_labels.py
[2024-08-03T08:49:40.722+0000] {processor.py:830} INFO - Processing file /home/ubuntu/airflow-venv/lib/python3.12/site-packages/airflow/example_dags/example_branch_labels.py for tasks to queue
[2024-08-03T08:49:40.724+0000] {logging_mixin.py:188} INFO - [2024-08-03T08:49:40.723+0000] {dagbag.py:545} INFO - Filling up the DagBag from /home/ubuntu/airflow-venv/lib/python3.12/site-packages/airflow/example_dags/example_branch_labels.py
[2024-08-03T08:49:40.732+0000] {processor.py:840} INFO - DAG(s) 'example_branch_labels' retrieved from /home/ubuntu/airflow-venv/lib/python3.12/site-packages/airflow/example_dags/example_branch_labels.py
[2024-08-03T08:49:40.750+0000] {logging_mixin.py:188} INFO - [2024-08-03T08:49:40.750+0000] {dag.py:3089} INFO - Sync 1 DAGs
[2024-08-03T08:49:40.771+0000] {logging_mixin.py:188} INFO - [2024-08-03T08:49:40.771+0000] {dag.py:3947} INFO - Setting next_dagrun for example_branch_labels to 2024-08-02 00:00:00+00:00, run_after=2024-08-03 00:00:00+00:00
[2024-08-03T08:49:40.800+0000] {processor.py:183} INFO - Processing /home/ubuntu/airflow-venv/lib/python3.12/site-packages/airflow/example_dags/example_branch_labels.py took 0.085 seconds
[2024-08-03T08:50:51.060+0000] {processor.py:161} INFO - Started process (PID=4526) to work on /home/ubuntu/airflow-venv/lib/python3.12/site-packages/airflow/example_dags/example_branch_labels.py
[2024-08-03T08:50:51.061+0000] {processor.py:830} INFO - Processing file /home/ubuntu/airflow-venv/lib/python3.12/site-packages/airflow/example_dags/example_branch_labels.py for tasks to queue
[2024-08-03T08:50:51.063+0000] {logging_mixin.py:188} INFO - [2024-08-03T08:50:51.063+0000] {dagbag.py:545} INFO - Filling up the DagBag from /home/ubuntu/airflow-venv/lib/python3.12/site-packages/airflow/example_dags/example_branch_labels.py
[2024-08-03T08:50:51.071+0000] {processor.py:840} INFO - DAG(s) 'example_branch_labels' retrieved from /home/ubuntu/airflow-venv/lib/python3.12/site-packages/airflow/example_dags/example_branch_labels.py
[2024-08-03T08:50:51.089+0000] {logging_mixin.py:188} INFO - [2024-08-03T08:50:51.089+0000] {dag.py:3089} INFO - Sync 1 DAGs
[2024-08-03T08:50:51.110+0000] {logging_mixin.py:188} INFO - [2024-08-03T08:50:51.110+0000] {dag.py:3947} INFO - Setting next_dagrun for example_branch_labels to 2024-08-02 00:00:00+00:00, run_after=2024-08-03 00:00:00+00:00
[2024-08-03T08:50:51.133+0000] {processor.py:183} INFO - Processing /home/ubuntu/airflow-venv/lib/python3.12/site-packages/airflow/example_dags/example_branch_labels.py took 0.081 seconds
[2024-08-03T08:52:05.495+0000] {processor.py:161} INFO - Started process (PID=4713) to work on /home/ubuntu/airflow-venv/lib/python3.12/site-packages/airflow/example_dags/example_branch_labels.py
[2024-08-03T08:52:05.497+0000] {processor.py:830} INFO - Processing file /home/ubuntu/airflow-venv/lib/python3.12/site-packages/airflow/example_dags/example_branch_labels.py for tasks to queue
[2024-08-03T08:52:05.499+0000] {logging_mixin.py:188} INFO - [2024-08-03T08:52:05.499+0000] {dagbag.py:545} INFO - Filling up the DagBag from /home/ubuntu/airflow-venv/lib/python3.12/site-packages/airflow/example_dags/example_branch_labels.py
[2024-08-03T08:52:05.507+0000] {processor.py:840} INFO - DAG(s) 'example_branch_labels' retrieved from /home/ubuntu/airflow-venv/lib/python3.12/site-packages/airflow/example_dags/example_branch_labels.py
[2024-08-03T08:52:05.525+0000] {logging_mixin.py:188} INFO - [2024-08-03T08:52:05.525+0000] {dag.py:3089} INFO - Sync 1 DAGs
[2024-08-03T08:52:05.546+0000] {logging_mixin.py:188} INFO - [2024-08-03T08:52:05.546+0000] {dag.py:3947} INFO - Setting next_dagrun for example_branch_labels to 2024-08-02 00:00:00+00:00, run_after=2024-08-03 00:00:00+00:00
[2024-08-03T08:52:05.569+0000] {processor.py:183} INFO - Processing /home/ubuntu/airflow-venv/lib/python3.12/site-packages/airflow/example_dags/example_branch_labels.py took 0.081 seconds
[2024-08-03T08:53:08.487+0000] {processor.py:161} INFO - Started process (PID=4840) to work on /home/ubuntu/airflow-venv/lib/python3.12/site-packages/airflow/example_dags/example_branch_labels.py
[2024-08-03T08:53:08.489+0000] {processor.py:830} INFO - Processing file /home/ubuntu/airflow-venv/lib/python3.12/site-packages/airflow/example_dags/example_branch_labels.py for tasks to queue
[2024-08-03T08:53:08.491+0000] {logging_mixin.py:188} INFO - [2024-08-03T08:53:08.490+0000] {dagbag.py:545} INFO - Filling up the DagBag from /home/ubuntu/airflow-venv/lib/python3.12/site-packages/airflow/example_dags/example_branch_labels.py
[2024-08-03T08:53:08.499+0000] {processor.py:840} INFO - DAG(s) 'example_branch_labels' retrieved from /home/ubuntu/airflow-venv/lib/python3.12/site-packages/airflow/example_dags/example_branch_labels.py
[2024-08-03T08:53:08.518+0000] {logging_mixin.py:188} INFO - [2024-08-03T08:53:08.517+0000] {dag.py:3089} INFO - Sync 1 DAGs
[2024-08-03T08:53:08.539+0000] {logging_mixin.py:188} INFO - [2024-08-03T08:53:08.539+0000] {dag.py:3947} INFO - Setting next_dagrun for example_branch_labels to 2024-08-02 00:00:00+00:00, run_after=2024-08-03 00:00:00+00:00
[2024-08-03T08:53:08.563+0000] {processor.py:183} INFO - Processing /home/ubuntu/airflow-venv/lib/python3.12/site-packages/airflow/example_dags/example_branch_labels.py took 0.084 seconds
[2024-08-03T08:54:17.009+0000] {processor.py:161} INFO - Started process (PID=4918) to work on /home/ubuntu/airflow-venv/lib/python3.12/site-packages/airflow/example_dags/example_branch_labels.py
[2024-08-03T08:54:17.011+0000] {processor.py:830} INFO - Processing file /home/ubuntu/airflow-venv/lib/python3.12/site-packages/airflow/example_dags/example_branch_labels.py for tasks to queue
[2024-08-03T08:54:17.013+0000] {logging_mixin.py:188} INFO - [2024-08-03T08:54:17.012+0000] {dagbag.py:545} INFO - Filling up the DagBag from /home/ubuntu/airflow-venv/lib/python3.12/site-packages/airflow/example_dags/example_branch_labels.py
[2024-08-03T08:54:17.021+0000] {processor.py:840} INFO - DAG(s) 'example_branch_labels' retrieved from /home/ubuntu/airflow-venv/lib/python3.12/site-packages/airflow/example_dags/example_branch_labels.py
[2024-08-03T08:54:17.039+0000] {logging_mixin.py:188} INFO - [2024-08-03T08:54:17.038+0000] {dag.py:3089} INFO - Sync 1 DAGs
[2024-08-03T08:54:17.060+0000] {logging_mixin.py:188} INFO - [2024-08-03T08:54:17.060+0000] {dag.py:3947} INFO - Setting next_dagrun for example_branch_labels to 2024-08-02 00:00:00+00:00, run_after=2024-08-03 00:00:00+00:00
[2024-08-03T08:54:17.084+0000] {processor.py:183} INFO - Processing /home/ubuntu/airflow-venv/lib/python3.12/site-packages/airflow/example_dags/example_branch_labels.py took 0.082 seconds
[2024-08-03T08:55:18.442+0000] {processor.py:161} INFO - Started process (PID=4993) to work on /home/ubuntu/airflow-venv/lib/python3.12/site-packages/airflow/example_dags/example_branch_labels.py
[2024-08-03T08:55:18.444+0000] {processor.py:830} INFO - Processing file /home/ubuntu/airflow-venv/lib/python3.12/site-packages/airflow/example_dags/example_branch_labels.py for tasks to queue
[2024-08-03T08:55:18.446+0000] {logging_mixin.py:188} INFO - [2024-08-03T08:55:18.445+0000] {dagbag.py:545} INFO - Filling up the DagBag from /home/ubuntu/airflow-venv/lib/python3.12/site-packages/airflow/example_dags/example_branch_labels.py
[2024-08-03T08:55:18.454+0000] {processor.py:840} INFO - DAG(s) 'example_branch_labels' retrieved from /home/ubuntu/airflow-venv/lib/python3.12/site-packages/airflow/example_dags/example_branch_labels.py
[2024-08-03T08:55:18.472+0000] {logging_mixin.py:188} INFO - [2024-08-03T08:55:18.472+0000] {dag.py:3089} INFO - Sync 1 DAGs
[2024-08-03T08:55:18.495+0000] {logging_mixin.py:188} INFO - [2024-08-03T08:55:18.494+0000] {dag.py:3947} INFO - Setting next_dagrun for example_branch_labels to 2024-08-02 00:00:00+00:00, run_after=2024-08-03 00:00:00+00:00
[2024-08-03T08:55:18.636+0000] {processor.py:183} INFO - Processing /home/ubuntu/airflow-venv/lib/python3.12/site-packages/airflow/example_dags/example_branch_labels.py took 0.201 seconds
[2024-08-03T08:56:24.332+0000] {processor.py:161} INFO - Started process (PID=5062) to work on /home/ubuntu/airflow-venv/lib/python3.12/site-packages/airflow/example_dags/example_branch_labels.py
[2024-08-03T08:56:24.333+0000] {processor.py:830} INFO - Processing file /home/ubuntu/airflow-venv/lib/python3.12/site-packages/airflow/example_dags/example_branch_labels.py for tasks to queue
[2024-08-03T08:56:24.335+0000] {logging_mixin.py:188} INFO - [2024-08-03T08:56:24.335+0000] {dagbag.py:545} INFO - Filling up the DagBag from /home/ubuntu/airflow-venv/lib/python3.12/site-packages/airflow/example_dags/example_branch_labels.py
[2024-08-03T08:56:24.343+0000] {processor.py:840} INFO - DAG(s) 'example_branch_labels' retrieved from /home/ubuntu/airflow-venv/lib/python3.12/site-packages/airflow/example_dags/example_branch_labels.py
[2024-08-03T08:56:24.361+0000] {logging_mixin.py:188} INFO - [2024-08-03T08:56:24.360+0000] {dag.py:3089} INFO - Sync 1 DAGs
[2024-08-03T08:56:24.382+0000] {logging_mixin.py:188} INFO - [2024-08-03T08:56:24.381+0000] {dag.py:3947} INFO - Setting next_dagrun for example_branch_labels to 2024-08-02 00:00:00+00:00, run_after=2024-08-03 00:00:00+00:00
[2024-08-03T08:56:24.406+0000] {processor.py:183} INFO - Processing /home/ubuntu/airflow-venv/lib/python3.12/site-packages/airflow/example_dags/example_branch_labels.py took 0.081 seconds
[2024-08-03T08:57:40.327+0000] {processor.py:161} INFO - Started process (PID=5213) to work on /home/ubuntu/airflow-venv/lib/python3.12/site-packages/airflow/example_dags/example_branch_labels.py
[2024-08-03T08:57:40.328+0000] {processor.py:830} INFO - Processing file /home/ubuntu/airflow-venv/lib/python3.12/site-packages/airflow/example_dags/example_branch_labels.py for tasks to queue
[2024-08-03T08:57:40.330+0000] {logging_mixin.py:188} INFO - [2024-08-03T08:57:40.330+0000] {dagbag.py:545} INFO - Filling up the DagBag from /home/ubuntu/airflow-venv/lib/python3.12/site-packages/airflow/example_dags/example_branch_labels.py
[2024-08-03T08:57:40.339+0000] {processor.py:840} INFO - DAG(s) 'example_branch_labels' retrieved from /home/ubuntu/airflow-venv/lib/python3.12/site-packages/airflow/example_dags/example_branch_labels.py
[2024-08-03T08:57:40.357+0000] {logging_mixin.py:188} INFO - [2024-08-03T08:57:40.357+0000] {dag.py:3089} INFO - Sync 1 DAGs
[2024-08-03T08:57:40.378+0000] {logging_mixin.py:188} INFO - [2024-08-03T08:57:40.378+0000] {dag.py:3947} INFO - Setting next_dagrun for example_branch_labels to 2024-08-02 00:00:00+00:00, run_after=2024-08-03 00:00:00+00:00
[2024-08-03T08:57:40.403+0000] {processor.py:183} INFO - Processing /home/ubuntu/airflow-venv/lib/python3.12/site-packages/airflow/example_dags/example_branch_labels.py took 0.084 seconds
[2024-08-03T08:58:37.233+0000] {processor.py:161} INFO - Started process (PID=5396) to work on /home/ubuntu/airflow-venv/lib/python3.12/site-packages/airflow/example_dags/example_branch_labels.py
[2024-08-03T08:58:37.235+0000] {processor.py:830} INFO - Processing file /home/ubuntu/airflow-venv/lib/python3.12/site-packages/airflow/example_dags/example_branch_labels.py for tasks to queue
[2024-08-03T08:58:37.237+0000] {logging_mixin.py:188} INFO - [2024-08-03T08:58:37.236+0000] {dagbag.py:545} INFO - Filling up the DagBag from /home/ubuntu/airflow-venv/lib/python3.12/site-packages/airflow/example_dags/example_branch_labels.py
[2024-08-03T08:58:37.245+0000] {processor.py:840} INFO - DAG(s) 'example_branch_labels' retrieved from /home/ubuntu/airflow-venv/lib/python3.12/site-packages/airflow/example_dags/example_branch_labels.py
[2024-08-03T08:58:37.263+0000] {logging_mixin.py:188} INFO - [2024-08-03T08:58:37.263+0000] {dag.py:3089} INFO - Sync 1 DAGs
[2024-08-03T08:58:37.284+0000] {logging_mixin.py:188} INFO - [2024-08-03T08:58:37.284+0000] {dag.py:3947} INFO - Setting next_dagrun for example_branch_labels to 2024-08-02 00:00:00+00:00, run_after=2024-08-03 00:00:00+00:00
[2024-08-03T08:58:37.312+0000] {processor.py:183} INFO - Processing /home/ubuntu/airflow-venv/lib/python3.12/site-packages/airflow/example_dags/example_branch_labels.py took 0.087 seconds
[2024-08-03T08:59:48.616+0000] {processor.py:161} INFO - Started process (PID=5555) to work on /home/ubuntu/airflow-venv/lib/python3.12/site-packages/airflow/example_dags/example_branch_labels.py
[2024-08-03T08:59:48.618+0000] {processor.py:830} INFO - Processing file /home/ubuntu/airflow-venv/lib/python3.12/site-packages/airflow/example_dags/example_branch_labels.py for tasks to queue
[2024-08-03T08:59:48.620+0000] {logging_mixin.py:188} INFO - [2024-08-03T08:59:48.619+0000] {dagbag.py:545} INFO - Filling up the DagBag from /home/ubuntu/airflow-venv/lib/python3.12/site-packages/airflow/example_dags/example_branch_labels.py
[2024-08-03T08:59:48.629+0000] {processor.py:840} INFO - DAG(s) 'example_branch_labels' retrieved from /home/ubuntu/airflow-venv/lib/python3.12/site-packages/airflow/example_dags/example_branch_labels.py
[2024-08-03T08:59:48.647+0000] {logging_mixin.py:188} INFO - [2024-08-03T08:59:48.647+0000] {dag.py:3089} INFO - Sync 1 DAGs
[2024-08-03T08:59:48.670+0000] {logging_mixin.py:188} INFO - [2024-08-03T08:59:48.670+0000] {dag.py:3947} INFO - Setting next_dagrun for example_branch_labels to 2024-08-02 00:00:00+00:00, run_after=2024-08-03 00:00:00+00:00
[2024-08-03T08:59:48.694+0000] {processor.py:183} INFO - Processing /home/ubuntu/airflow-venv/lib/python3.12/site-packages/airflow/example_dags/example_branch_labels.py took 0.086 seconds
[2024-08-03T09:00:54.559+0000] {processor.py:161} INFO - Started process (PID=5859) to work on /home/ubuntu/airflow-venv/lib/python3.12/site-packages/airflow/example_dags/example_branch_labels.py
[2024-08-03T09:00:54.561+0000] {processor.py:830} INFO - Processing file /home/ubuntu/airflow-venv/lib/python3.12/site-packages/airflow/example_dags/example_branch_labels.py for tasks to queue
[2024-08-03T09:00:54.563+0000] {logging_mixin.py:188} INFO - [2024-08-03T09:00:54.562+0000] {dagbag.py:545} INFO - Filling up the DagBag from /home/ubuntu/airflow-venv/lib/python3.12/site-packages/airflow/example_dags/example_branch_labels.py
[2024-08-03T09:00:54.571+0000] {processor.py:840} INFO - DAG(s) 'example_branch_labels' retrieved from /home/ubuntu/airflow-venv/lib/python3.12/site-packages/airflow/example_dags/example_branch_labels.py
[2024-08-03T09:00:54.590+0000] {logging_mixin.py:188} INFO - [2024-08-03T09:00:54.590+0000] {dag.py:3089} INFO - Sync 1 DAGs
[2024-08-03T09:00:54.612+0000] {logging_mixin.py:188} INFO - [2024-08-03T09:00:54.612+0000] {dag.py:3947} INFO - Setting next_dagrun for example_branch_labels to 2024-08-02 00:00:00+00:00, run_after=2024-08-03 00:00:00+00:00
[2024-08-03T09:00:54.636+0000] {processor.py:183} INFO - Processing /home/ubuntu/airflow-venv/lib/python3.12/site-packages/airflow/example_dags/example_branch_labels.py took 0.085 seconds
[2024-08-03T09:01:57.029+0000] {processor.py:161} INFO - Started process (PID=6076) to work on /home/ubuntu/airflow-venv/lib/python3.12/site-packages/airflow/example_dags/example_branch_labels.py
[2024-08-03T09:01:57.030+0000] {processor.py:830} INFO - Processing file /home/ubuntu/airflow-venv/lib/python3.12/site-packages/airflow/example_dags/example_branch_labels.py for tasks to queue
[2024-08-03T09:01:57.032+0000] {logging_mixin.py:188} INFO - [2024-08-03T09:01:57.032+0000] {dagbag.py:545} INFO - Filling up the DagBag from /home/ubuntu/airflow-venv/lib/python3.12/site-packages/airflow/example_dags/example_branch_labels.py
[2024-08-03T09:01:57.041+0000] {processor.py:840} INFO - DAG(s) 'example_branch_labels' retrieved from /home/ubuntu/airflow-venv/lib/python3.12/site-packages/airflow/example_dags/example_branch_labels.py
[2024-08-03T09:01:57.059+0000] {logging_mixin.py:188} INFO - [2024-08-03T09:01:57.058+0000] {dag.py:3089} INFO - Sync 1 DAGs
[2024-08-03T09:01:57.080+0000] {logging_mixin.py:188} INFO - [2024-08-03T09:01:57.080+0000] {dag.py:3947} INFO - Setting next_dagrun for example_branch_labels to 2024-08-02 00:00:00+00:00, run_after=2024-08-03 00:00:00+00:00
[2024-08-03T09:01:57.103+0000] {processor.py:183} INFO - Processing /home/ubuntu/airflow-venv/lib/python3.12/site-packages/airflow/example_dags/example_branch_labels.py took 0.082 seconds
[2024-08-03T09:03:00.603+0000] {processor.py:161} INFO - Started process (PID=6279) to work on /home/ubuntu/airflow-venv/lib/python3.12/site-packages/airflow/example_dags/example_branch_labels.py
[2024-08-03T09:03:00.604+0000] {processor.py:830} INFO - Processing file /home/ubuntu/airflow-venv/lib/python3.12/site-packages/airflow/example_dags/example_branch_labels.py for tasks to queue
[2024-08-03T09:03:00.606+0000] {logging_mixin.py:188} INFO - [2024-08-03T09:03:00.606+0000] {dagbag.py:545} INFO - Filling up the DagBag from /home/ubuntu/airflow-venv/lib/python3.12/site-packages/airflow/example_dags/example_branch_labels.py
[2024-08-03T09:03:00.615+0000] {processor.py:840} INFO - DAG(s) 'example_branch_labels' retrieved from /home/ubuntu/airflow-venv/lib/python3.12/site-packages/airflow/example_dags/example_branch_labels.py
[2024-08-03T09:03:00.633+0000] {logging_mixin.py:188} INFO - [2024-08-03T09:03:00.633+0000] {dag.py:3089} INFO - Sync 1 DAGs
[2024-08-03T09:03:00.655+0000] {logging_mixin.py:188} INFO - [2024-08-03T09:03:00.655+0000] {dag.py:3947} INFO - Setting next_dagrun for example_branch_labels to 2024-08-02 00:00:00+00:00, run_after=2024-08-03 00:00:00+00:00
[2024-08-03T09:03:00.679+0000] {processor.py:183} INFO - Processing /home/ubuntu/airflow-venv/lib/python3.12/site-packages/airflow/example_dags/example_branch_labels.py took 0.084 seconds
[2024-08-03T09:04:01.253+0000] {processor.py:161} INFO - Started process (PID=6480) to work on /home/ubuntu/airflow-venv/lib/python3.12/site-packages/airflow/example_dags/example_branch_labels.py
[2024-08-03T09:04:01.254+0000] {processor.py:830} INFO - Processing file /home/ubuntu/airflow-venv/lib/python3.12/site-packages/airflow/example_dags/example_branch_labels.py for tasks to queue
[2024-08-03T09:04:01.256+0000] {logging_mixin.py:188} INFO - [2024-08-03T09:04:01.256+0000] {dagbag.py:545} INFO - Filling up the DagBag from /home/ubuntu/airflow-venv/lib/python3.12/site-packages/airflow/example_dags/example_branch_labels.py
[2024-08-03T09:04:01.265+0000] {processor.py:840} INFO - DAG(s) 'example_branch_labels' retrieved from /home/ubuntu/airflow-venv/lib/python3.12/site-packages/airflow/example_dags/example_branch_labels.py
[2024-08-03T09:04:01.285+0000] {logging_mixin.py:188} INFO - [2024-08-03T09:04:01.284+0000] {dag.py:3089} INFO - Sync 1 DAGs
[2024-08-03T09:04:01.308+0000] {logging_mixin.py:188} INFO - [2024-08-03T09:04:01.307+0000] {dag.py:3947} INFO - Setting next_dagrun for example_branch_labels to 2024-08-02 00:00:00+00:00, run_after=2024-08-03 00:00:00+00:00
[2024-08-03T09:04:01.332+0000] {processor.py:183} INFO - Processing /home/ubuntu/airflow-venv/lib/python3.12/site-packages/airflow/example_dags/example_branch_labels.py took 0.088 seconds
[2024-08-03T09:05:06.557+0000] {processor.py:161} INFO - Started process (PID=6566) to work on /home/ubuntu/airflow-venv/lib/python3.12/site-packages/airflow/example_dags/example_branch_labels.py
[2024-08-03T09:05:06.558+0000] {processor.py:830} INFO - Processing file /home/ubuntu/airflow-venv/lib/python3.12/site-packages/airflow/example_dags/example_branch_labels.py for tasks to queue
[2024-08-03T09:05:06.561+0000] {logging_mixin.py:188} INFO - [2024-08-03T09:05:06.560+0000] {dagbag.py:545} INFO - Filling up the DagBag from /home/ubuntu/airflow-venv/lib/python3.12/site-packages/airflow/example_dags/example_branch_labels.py
[2024-08-03T09:05:06.569+0000] {processor.py:840} INFO - DAG(s) 'example_branch_labels' retrieved from /home/ubuntu/airflow-venv/lib/python3.12/site-packages/airflow/example_dags/example_branch_labels.py
[2024-08-03T09:05:06.587+0000] {logging_mixin.py:188} INFO - [2024-08-03T09:05:06.587+0000] {dag.py:3089} INFO - Sync 1 DAGs
[2024-08-03T09:05:06.610+0000] {logging_mixin.py:188} INFO - [2024-08-03T09:05:06.610+0000] {dag.py:3947} INFO - Setting next_dagrun for example_branch_labels to 2024-08-02 00:00:00+00:00, run_after=2024-08-03 00:00:00+00:00
[2024-08-03T09:05:06.636+0000] {processor.py:183} INFO - Processing /home/ubuntu/airflow-venv/lib/python3.12/site-packages/airflow/example_dags/example_branch_labels.py took 0.087 seconds
[2024-08-03T09:06:11.995+0000] {processor.py:161} INFO - Started process (PID=6778) to work on /home/ubuntu/airflow-venv/lib/python3.12/site-packages/airflow/example_dags/example_branch_labels.py
[2024-08-03T09:06:11.996+0000] {processor.py:830} INFO - Processing file /home/ubuntu/airflow-venv/lib/python3.12/site-packages/airflow/example_dags/example_branch_labels.py for tasks to queue
[2024-08-03T09:06:11.998+0000] {logging_mixin.py:188} INFO - [2024-08-03T09:06:11.998+0000] {dagbag.py:545} INFO - Filling up the DagBag from /home/ubuntu/airflow-venv/lib/python3.12/site-packages/airflow/example_dags/example_branch_labels.py
[2024-08-03T09:06:12.007+0000] {processor.py:840} INFO - DAG(s) 'example_branch_labels' retrieved from /home/ubuntu/airflow-venv/lib/python3.12/site-packages/airflow/example_dags/example_branch_labels.py
[2024-08-03T09:06:12.026+0000] {logging_mixin.py:188} INFO - [2024-08-03T09:06:12.026+0000] {dag.py:3089} INFO - Sync 1 DAGs
[2024-08-03T09:06:12.048+0000] {logging_mixin.py:188} INFO - [2024-08-03T09:06:12.048+0000] {dag.py:3947} INFO - Setting next_dagrun for example_branch_labels to 2024-08-02 00:00:00+00:00, run_after=2024-08-03 00:00:00+00:00
[2024-08-03T09:06:12.072+0000] {processor.py:183} INFO - Processing /home/ubuntu/airflow-venv/lib/python3.12/site-packages/airflow/example_dags/example_branch_labels.py took 0.085 seconds
[2024-08-03T09:07:17.928+0000] {processor.py:161} INFO - Started process (PID=7032) to work on /home/ubuntu/airflow-venv/lib/python3.12/site-packages/airflow/example_dags/example_branch_labels.py
[2024-08-03T09:07:17.929+0000] {processor.py:830} INFO - Processing file /home/ubuntu/airflow-venv/lib/python3.12/site-packages/airflow/example_dags/example_branch_labels.py for tasks to queue
[2024-08-03T09:07:17.931+0000] {logging_mixin.py:188} INFO - [2024-08-03T09:07:17.931+0000] {dagbag.py:545} INFO - Filling up the DagBag from /home/ubuntu/airflow-venv/lib/python3.12/site-packages/airflow/example_dags/example_branch_labels.py
[2024-08-03T09:07:17.940+0000] {processor.py:840} INFO - DAG(s) 'example_branch_labels' retrieved from /home/ubuntu/airflow-venv/lib/python3.12/site-packages/airflow/example_dags/example_branch_labels.py
[2024-08-03T09:07:17.958+0000] {logging_mixin.py:188} INFO - [2024-08-03T09:07:17.958+0000] {dag.py:3089} INFO - Sync 1 DAGs
[2024-08-03T09:07:17.980+0000] {logging_mixin.py:188} INFO - [2024-08-03T09:07:17.979+0000] {dag.py:3947} INFO - Setting next_dagrun for example_branch_labels to 2024-08-02 00:00:00+00:00, run_after=2024-08-03 00:00:00+00:00
[2024-08-03T09:07:18.005+0000] {processor.py:183} INFO - Processing /home/ubuntu/airflow-venv/lib/python3.12/site-packages/airflow/example_dags/example_branch_labels.py took 0.085 seconds
[2024-08-03T09:08:24.653+0000] {processor.py:161} INFO - Started process (PID=7275) to work on /home/ubuntu/airflow-venv/lib/python3.12/site-packages/airflow/example_dags/example_branch_labels.py
[2024-08-03T09:08:24.654+0000] {processor.py:830} INFO - Processing file /home/ubuntu/airflow-venv/lib/python3.12/site-packages/airflow/example_dags/example_branch_labels.py for tasks to queue
[2024-08-03T09:08:24.656+0000] {logging_mixin.py:188} INFO - [2024-08-03T09:08:24.656+0000] {dagbag.py:545} INFO - Filling up the DagBag from /home/ubuntu/airflow-venv/lib/python3.12/site-packages/airflow/example_dags/example_branch_labels.py
[2024-08-03T09:08:24.665+0000] {processor.py:840} INFO - DAG(s) 'example_branch_labels' retrieved from /home/ubuntu/airflow-venv/lib/python3.12/site-packages/airflow/example_dags/example_branch_labels.py
[2024-08-03T09:08:24.682+0000] {logging_mixin.py:188} INFO - [2024-08-03T09:08:24.682+0000] {dag.py:3089} INFO - Sync 1 DAGs
[2024-08-03T09:08:24.704+0000] {logging_mixin.py:188} INFO - [2024-08-03T09:08:24.703+0000] {dag.py:3947} INFO - Setting next_dagrun for example_branch_labels to 2024-08-02 00:00:00+00:00, run_after=2024-08-03 00:00:00+00:00
[2024-08-03T09:08:24.728+0000] {processor.py:183} INFO - Processing /home/ubuntu/airflow-venv/lib/python3.12/site-packages/airflow/example_dags/example_branch_labels.py took 0.083 seconds
[2024-08-03T09:09:27.756+0000] {processor.py:161} INFO - Started process (PID=7635) to work on /home/ubuntu/airflow-venv/lib/python3.12/site-packages/airflow/example_dags/example_branch_labels.py
[2024-08-03T09:09:27.758+0000] {processor.py:830} INFO - Processing file /home/ubuntu/airflow-venv/lib/python3.12/site-packages/airflow/example_dags/example_branch_labels.py for tasks to queue
[2024-08-03T09:09:27.760+0000] {logging_mixin.py:188} INFO - [2024-08-03T09:09:27.760+0000] {dagbag.py:545} INFO - Filling up the DagBag from /home/ubuntu/airflow-venv/lib/python3.12/site-packages/airflow/example_dags/example_branch_labels.py
[2024-08-03T09:09:27.769+0000] {processor.py:840} INFO - DAG(s) 'example_branch_labels' retrieved from /home/ubuntu/airflow-venv/lib/python3.12/site-packages/airflow/example_dags/example_branch_labels.py
[2024-08-03T09:09:27.788+0000] {logging_mixin.py:188} INFO - [2024-08-03T09:09:27.787+0000] {dag.py:3089} INFO - Sync 1 DAGs
[2024-08-03T09:09:27.810+0000] {logging_mixin.py:188} INFO - [2024-08-03T09:09:27.809+0000] {dag.py:3947} INFO - Setting next_dagrun for example_branch_labels to 2024-08-02 00:00:00+00:00, run_after=2024-08-03 00:00:00+00:00
[2024-08-03T09:09:27.834+0000] {processor.py:183} INFO - Processing /home/ubuntu/airflow-venv/lib/python3.12/site-packages/airflow/example_dags/example_branch_labels.py took 0.085 seconds
[2024-08-03T09:10:31.522+0000] {processor.py:161} INFO - Started process (PID=7875) to work on /home/ubuntu/airflow-venv/lib/python3.12/site-packages/airflow/example_dags/example_branch_labels.py
[2024-08-03T09:10:31.524+0000] {processor.py:830} INFO - Processing file /home/ubuntu/airflow-venv/lib/python3.12/site-packages/airflow/example_dags/example_branch_labels.py for tasks to queue
[2024-08-03T09:10:31.526+0000] {logging_mixin.py:188} INFO - [2024-08-03T09:10:31.525+0000] {dagbag.py:545} INFO - Filling up the DagBag from /home/ubuntu/airflow-venv/lib/python3.12/site-packages/airflow/example_dags/example_branch_labels.py
[2024-08-03T09:10:31.535+0000] {processor.py:840} INFO - DAG(s) 'example_branch_labels' retrieved from /home/ubuntu/airflow-venv/lib/python3.12/site-packages/airflow/example_dags/example_branch_labels.py
[2024-08-03T09:10:31.553+0000] {logging_mixin.py:188} INFO - [2024-08-03T09:10:31.553+0000] {dag.py:3089} INFO - Sync 1 DAGs
[2024-08-03T09:10:31.576+0000] {logging_mixin.py:188} INFO - [2024-08-03T09:10:31.576+0000] {dag.py:3947} INFO - Setting next_dagrun for example_branch_labels to 2024-08-02 00:00:00+00:00, run_after=2024-08-03 00:00:00+00:00
[2024-08-03T09:10:31.601+0000] {processor.py:183} INFO - Processing /home/ubuntu/airflow-venv/lib/python3.12/site-packages/airflow/example_dags/example_branch_labels.py took 0.087 seconds
[2024-08-03T09:11:32.880+0000] {processor.py:161} INFO - Started process (PID=8011) to work on /home/ubuntu/airflow-venv/lib/python3.12/site-packages/airflow/example_dags/example_branch_labels.py
[2024-08-03T09:11:32.882+0000] {processor.py:830} INFO - Processing file /home/ubuntu/airflow-venv/lib/python3.12/site-packages/airflow/example_dags/example_branch_labels.py for tasks to queue
[2024-08-03T09:11:32.884+0000] {logging_mixin.py:188} INFO - [2024-08-03T09:11:32.883+0000] {dagbag.py:545} INFO - Filling up the DagBag from /home/ubuntu/airflow-venv/lib/python3.12/site-packages/airflow/example_dags/example_branch_labels.py
[2024-08-03T09:11:32.893+0000] {processor.py:840} INFO - DAG(s) 'example_branch_labels' retrieved from /home/ubuntu/airflow-venv/lib/python3.12/site-packages/airflow/example_dags/example_branch_labels.py
[2024-08-03T09:11:32.911+0000] {logging_mixin.py:188} INFO - [2024-08-03T09:11:32.910+0000] {dag.py:3089} INFO - Sync 1 DAGs
[2024-08-03T09:11:32.932+0000] {logging_mixin.py:188} INFO - [2024-08-03T09:11:32.932+0000] {dag.py:3947} INFO - Setting next_dagrun for example_branch_labels to 2024-08-02 00:00:00+00:00, run_after=2024-08-03 00:00:00+00:00
[2024-08-03T09:11:32.957+0000] {processor.py:183} INFO - Processing /home/ubuntu/airflow-venv/lib/python3.12/site-packages/airflow/example_dags/example_branch_labels.py took 0.084 seconds
[2024-08-03T09:12:33.336+0000] {processor.py:161} INFO - Started process (PID=8226) to work on /home/ubuntu/airflow-venv/lib/python3.12/site-packages/airflow/example_dags/example_branch_labels.py
[2024-08-03T09:12:33.338+0000] {processor.py:830} INFO - Processing file /home/ubuntu/airflow-venv/lib/python3.12/site-packages/airflow/example_dags/example_branch_labels.py for tasks to queue
[2024-08-03T09:12:33.340+0000] {logging_mixin.py:188} INFO - [2024-08-03T09:12:33.340+0000] {dagbag.py:545} INFO - Filling up the DagBag from /home/ubuntu/airflow-venv/lib/python3.12/site-packages/airflow/example_dags/example_branch_labels.py
[2024-08-03T09:12:33.349+0000] {processor.py:840} INFO - DAG(s) 'example_branch_labels' retrieved from /home/ubuntu/airflow-venv/lib/python3.12/site-packages/airflow/example_dags/example_branch_labels.py
[2024-08-03T09:12:33.367+0000] {logging_mixin.py:188} INFO - [2024-08-03T09:12:33.367+0000] {dag.py:3089} INFO - Sync 1 DAGs
[2024-08-03T09:12:33.392+0000] {logging_mixin.py:188} INFO - [2024-08-03T09:12:33.392+0000] {dag.py:3947} INFO - Setting next_dagrun for example_branch_labels to 2024-08-02 00:00:00+00:00, run_after=2024-08-03 00:00:00+00:00
[2024-08-03T09:12:33.418+0000] {processor.py:183} INFO - Processing /home/ubuntu/airflow-venv/lib/python3.12/site-packages/airflow/example_dags/example_branch_labels.py took 0.089 seconds
