[2024-08-03T08:30:26.463+0000] {processor.py:161} INFO - Started process (PID=1806) to work on /home/ubuntu/airflow-venv/lib/python3.12/site-packages/airflow/example_dags/example_trigger_controller_dag.py
[2024-08-03T08:30:26.463+0000] {processor.py:830} INFO - Processing file /home/ubuntu/airflow-venv/lib/python3.12/site-packages/airflow/example_dags/example_trigger_controller_dag.py for tasks to queue
[2024-08-03T08:30:26.465+0000] {logging_mixin.py:188} INFO - [2024-08-03T08:30:26.465+0000] {dagbag.py:545} INFO - Filling up the DagBag from /home/ubuntu/airflow-venv/lib/python3.12/site-packages/airflow/example_dags/example_trigger_controller_dag.py
[2024-08-03T08:30:26.473+0000] {processor.py:840} INFO - DAG(s) 'example_trigger_controller_dag' retrieved from /home/ubuntu/airflow-venv/lib/python3.12/site-packages/airflow/example_dags/example_trigger_controller_dag.py
[2024-08-03T08:30:26.581+0000] {logging_mixin.py:188} INFO - [2024-08-03T08:30:26.581+0000] {dag.py:3089} INFO - Sync 1 DAGs
[2024-08-03T08:30:26.598+0000] {logging_mixin.py:188} INFO - [2024-08-03T08:30:26.598+0000] {dag.py:3947} INFO - Setting next_dagrun for example_trigger_controller_dag to 2021-01-01 00:00:00+00:00, run_after=2021-01-01 00:00:00+00:00
[2024-08-03T08:30:26.622+0000] {processor.py:183} INFO - Processing /home/ubuntu/airflow-venv/lib/python3.12/site-packages/airflow/example_dags/example_trigger_controller_dag.py took 0.165 seconds
[2024-08-03T08:31:24.444+0000] {processor.py:161} INFO - Started process (PID=1866) to work on /home/ubuntu/airflow-venv/lib/python3.12/site-packages/airflow/example_dags/example_trigger_controller_dag.py
[2024-08-03T08:31:24.446+0000] {processor.py:830} INFO - Processing file /home/ubuntu/airflow-venv/lib/python3.12/site-packages/airflow/example_dags/example_trigger_controller_dag.py for tasks to queue
[2024-08-03T08:31:24.448+0000] {logging_mixin.py:188} INFO - [2024-08-03T08:31:24.447+0000] {dagbag.py:545} INFO - Filling up the DagBag from /home/ubuntu/airflow-venv/lib/python3.12/site-packages/airflow/example_dags/example_trigger_controller_dag.py
[2024-08-03T08:31:24.453+0000] {processor.py:840} INFO - DAG(s) 'example_trigger_controller_dag' retrieved from /home/ubuntu/airflow-venv/lib/python3.12/site-packages/airflow/example_dags/example_trigger_controller_dag.py
[2024-08-03T08:31:24.469+0000] {logging_mixin.py:188} INFO - [2024-08-03T08:31:24.469+0000] {dag.py:3089} INFO - Sync 1 DAGs
[2024-08-03T08:31:24.489+0000] {logging_mixin.py:188} INFO - [2024-08-03T08:31:24.488+0000] {dag.py:3947} INFO - Setting next_dagrun for example_trigger_controller_dag to 2021-01-01 00:00:00+00:00, run_after=2021-01-01 00:00:00+00:00
[2024-08-03T08:31:24.514+0000] {processor.py:183} INFO - Processing /home/ubuntu/airflow-venv/lib/python3.12/site-packages/airflow/example_dags/example_trigger_controller_dag.py took 0.075 seconds
[2024-08-03T08:32:14.465+0000] {processor.py:161} INFO - Started process (PID=1922) to work on /home/ubuntu/airflow-venv/lib/python3.12/site-packages/airflow/example_dags/example_trigger_controller_dag.py
[2024-08-03T08:32:14.467+0000] {processor.py:830} INFO - Processing file /home/ubuntu/airflow-venv/lib/python3.12/site-packages/airflow/example_dags/example_trigger_controller_dag.py for tasks to queue
[2024-08-03T08:32:14.468+0000] {logging_mixin.py:188} INFO - [2024-08-03T08:32:14.468+0000] {dagbag.py:545} INFO - Filling up the DagBag from /home/ubuntu/airflow-venv/lib/python3.12/site-packages/airflow/example_dags/example_trigger_controller_dag.py
[2024-08-03T08:32:14.474+0000] {processor.py:840} INFO - DAG(s) 'example_trigger_controller_dag' retrieved from /home/ubuntu/airflow-venv/lib/python3.12/site-packages/airflow/example_dags/example_trigger_controller_dag.py
[2024-08-03T08:32:14.489+0000] {logging_mixin.py:188} INFO - [2024-08-03T08:32:14.489+0000] {dag.py:3089} INFO - Sync 1 DAGs
[2024-08-03T08:32:14.510+0000] {logging_mixin.py:188} INFO - [2024-08-03T08:32:14.509+0000] {dag.py:3947} INFO - Setting next_dagrun for example_trigger_controller_dag to 2021-01-01 00:00:00+00:00, run_after=2021-01-01 00:00:00+00:00
[2024-08-03T08:32:14.534+0000] {processor.py:183} INFO - Processing /home/ubuntu/airflow-venv/lib/python3.12/site-packages/airflow/example_dags/example_trigger_controller_dag.py took 0.074 seconds
[2024-08-03T08:32:57.931+0000] {processor.py:161} INFO - Started process (PID=1972) to work on /home/ubuntu/airflow-venv/lib/python3.12/site-packages/airflow/example_dags/example_trigger_controller_dag.py
[2024-08-03T08:32:57.932+0000] {processor.py:830} INFO - Processing file /home/ubuntu/airflow-venv/lib/python3.12/site-packages/airflow/example_dags/example_trigger_controller_dag.py for tasks to queue
[2024-08-03T08:32:57.934+0000] {logging_mixin.py:188} INFO - [2024-08-03T08:32:57.934+0000] {dagbag.py:545} INFO - Filling up the DagBag from /home/ubuntu/airflow-venv/lib/python3.12/site-packages/airflow/example_dags/example_trigger_controller_dag.py
[2024-08-03T08:32:57.942+0000] {processor.py:840} INFO - DAG(s) 'example_trigger_controller_dag' retrieved from /home/ubuntu/airflow-venv/lib/python3.12/site-packages/airflow/example_dags/example_trigger_controller_dag.py
[2024-08-03T08:32:57.951+0000] {logging_mixin.py:188} INFO - [2024-08-03T08:32:57.950+0000] {dag.py:3089} INFO - Sync 1 DAGs
[2024-08-03T08:32:57.974+0000] {logging_mixin.py:188} INFO - [2024-08-03T08:32:57.974+0000] {dag.py:3947} INFO - Setting next_dagrun for example_trigger_controller_dag to 2021-01-01 00:00:00+00:00, run_after=2021-01-01 00:00:00+00:00
[2024-08-03T08:32:57.997+0000] {processor.py:183} INFO - Processing /home/ubuntu/airflow-venv/lib/python3.12/site-packages/airflow/example_dags/example_trigger_controller_dag.py took 0.072 seconds
[2024-08-03T08:33:52.564+0000] {processor.py:161} INFO - Started process (PID=2028) to work on /home/ubuntu/airflow-venv/lib/python3.12/site-packages/airflow/example_dags/example_trigger_controller_dag.py
[2024-08-03T08:33:52.566+0000] {processor.py:830} INFO - Processing file /home/ubuntu/airflow-venv/lib/python3.12/site-packages/airflow/example_dags/example_trigger_controller_dag.py for tasks to queue
[2024-08-03T08:33:52.568+0000] {logging_mixin.py:188} INFO - [2024-08-03T08:33:52.567+0000] {dagbag.py:545} INFO - Filling up the DagBag from /home/ubuntu/airflow-venv/lib/python3.12/site-packages/airflow/example_dags/example_trigger_controller_dag.py
[2024-08-03T08:33:52.573+0000] {processor.py:840} INFO - DAG(s) 'example_trigger_controller_dag' retrieved from /home/ubuntu/airflow-venv/lib/python3.12/site-packages/airflow/example_dags/example_trigger_controller_dag.py
[2024-08-03T08:33:52.678+0000] {logging_mixin.py:188} INFO - [2024-08-03T08:33:52.678+0000] {dag.py:3089} INFO - Sync 1 DAGs
[2024-08-03T08:33:52.695+0000] {logging_mixin.py:188} INFO - [2024-08-03T08:33:52.695+0000] {dag.py:3947} INFO - Setting next_dagrun for example_trigger_controller_dag to 2021-01-01 00:00:00+00:00, run_after=2021-01-01 00:00:00+00:00
[2024-08-03T08:33:52.720+0000] {processor.py:183} INFO - Processing /home/ubuntu/airflow-venv/lib/python3.12/site-packages/airflow/example_dags/example_trigger_controller_dag.py took 0.161 seconds
[2024-08-03T08:34:49.118+0000] {processor.py:161} INFO - Started process (PID=2090) to work on /home/ubuntu/airflow-venv/lib/python3.12/site-packages/airflow/example_dags/example_trigger_controller_dag.py
[2024-08-03T08:34:49.120+0000] {processor.py:830} INFO - Processing file /home/ubuntu/airflow-venv/lib/python3.12/site-packages/airflow/example_dags/example_trigger_controller_dag.py for tasks to queue
[2024-08-03T08:34:49.122+0000] {logging_mixin.py:188} INFO - [2024-08-03T08:34:49.121+0000] {dagbag.py:545} INFO - Filling up the DagBag from /home/ubuntu/airflow-venv/lib/python3.12/site-packages/airflow/example_dags/example_trigger_controller_dag.py
[2024-08-03T08:34:49.128+0000] {processor.py:840} INFO - DAG(s) 'example_trigger_controller_dag' retrieved from /home/ubuntu/airflow-venv/lib/python3.12/site-packages/airflow/example_dags/example_trigger_controller_dag.py
[2024-08-03T08:34:49.145+0000] {logging_mixin.py:188} INFO - [2024-08-03T08:34:49.144+0000] {dag.py:3089} INFO - Sync 1 DAGs
[2024-08-03T08:34:49.166+0000] {logging_mixin.py:188} INFO - [2024-08-03T08:34:49.165+0000] {dag.py:3947} INFO - Setting next_dagrun for example_trigger_controller_dag to 2021-01-01 00:00:00+00:00, run_after=2021-01-01 00:00:00+00:00
[2024-08-03T08:34:49.191+0000] {processor.py:183} INFO - Processing /home/ubuntu/airflow-venv/lib/python3.12/site-packages/airflow/example_dags/example_trigger_controller_dag.py took 0.079 seconds
[2024-08-03T08:35:58.601+0000] {processor.py:161} INFO - Started process (PID=2170) to work on /home/ubuntu/airflow-venv/lib/python3.12/site-packages/airflow/example_dags/example_trigger_controller_dag.py
[2024-08-03T08:35:58.603+0000] {processor.py:830} INFO - Processing file /home/ubuntu/airflow-venv/lib/python3.12/site-packages/airflow/example_dags/example_trigger_controller_dag.py for tasks to queue
[2024-08-03T08:35:58.605+0000] {logging_mixin.py:188} INFO - [2024-08-03T08:35:58.604+0000] {dagbag.py:545} INFO - Filling up the DagBag from /home/ubuntu/airflow-venv/lib/python3.12/site-packages/airflow/example_dags/example_trigger_controller_dag.py
[2024-08-03T08:35:58.610+0000] {processor.py:840} INFO - DAG(s) 'example_trigger_controller_dag' retrieved from /home/ubuntu/airflow-venv/lib/python3.12/site-packages/airflow/example_dags/example_trigger_controller_dag.py
[2024-08-03T08:35:58.626+0000] {logging_mixin.py:188} INFO - [2024-08-03T08:35:58.626+0000] {dag.py:3089} INFO - Sync 1 DAGs
[2024-08-03T08:35:58.645+0000] {logging_mixin.py:188} INFO - [2024-08-03T08:35:58.645+0000] {dag.py:3947} INFO - Setting next_dagrun for example_trigger_controller_dag to 2021-01-01 00:00:00+00:00, run_after=2021-01-01 00:00:00+00:00
[2024-08-03T08:35:58.669+0000] {processor.py:183} INFO - Processing /home/ubuntu/airflow-venv/lib/python3.12/site-packages/airflow/example_dags/example_trigger_controller_dag.py took 0.074 seconds
[2024-08-03T08:36:45.171+0000] {processor.py:161} INFO - Started process (PID=2222) to work on /home/ubuntu/airflow-venv/lib/python3.12/site-packages/airflow/example_dags/example_trigger_controller_dag.py
[2024-08-03T08:36:45.173+0000] {processor.py:830} INFO - Processing file /home/ubuntu/airflow-venv/lib/python3.12/site-packages/airflow/example_dags/example_trigger_controller_dag.py for tasks to queue
[2024-08-03T08:36:45.174+0000] {logging_mixin.py:188} INFO - [2024-08-03T08:36:45.174+0000] {dagbag.py:545} INFO - Filling up the DagBag from /home/ubuntu/airflow-venv/lib/python3.12/site-packages/airflow/example_dags/example_trigger_controller_dag.py
[2024-08-03T08:36:45.180+0000] {processor.py:840} INFO - DAG(s) 'example_trigger_controller_dag' retrieved from /home/ubuntu/airflow-venv/lib/python3.12/site-packages/airflow/example_dags/example_trigger_controller_dag.py
[2024-08-03T08:36:45.196+0000] {logging_mixin.py:188} INFO - [2024-08-03T08:36:45.196+0000] {dag.py:3089} INFO - Sync 1 DAGs
[2024-08-03T08:36:45.216+0000] {logging_mixin.py:188} INFO - [2024-08-03T08:36:45.215+0000] {dag.py:3947} INFO - Setting next_dagrun for example_trigger_controller_dag to 2021-01-01 00:00:00+00:00, run_after=2021-01-01 00:00:00+00:00
[2024-08-03T08:36:45.240+0000] {processor.py:183} INFO - Processing /home/ubuntu/airflow-venv/lib/python3.12/site-packages/airflow/example_dags/example_trigger_controller_dag.py took 0.075 seconds
[2024-08-03T08:37:35.562+0000] {processor.py:161} INFO - Started process (PID=2291) to work on /home/ubuntu/airflow-venv/lib/python3.12/site-packages/airflow/example_dags/example_trigger_controller_dag.py
[2024-08-03T08:37:35.564+0000] {processor.py:830} INFO - Processing file /home/ubuntu/airflow-venv/lib/python3.12/site-packages/airflow/example_dags/example_trigger_controller_dag.py for tasks to queue
[2024-08-03T08:37:35.565+0000] {logging_mixin.py:188} INFO - [2024-08-03T08:37:35.565+0000] {dagbag.py:545} INFO - Filling up the DagBag from /home/ubuntu/airflow-venv/lib/python3.12/site-packages/airflow/example_dags/example_trigger_controller_dag.py
[2024-08-03T08:37:35.571+0000] {processor.py:840} INFO - DAG(s) 'example_trigger_controller_dag' retrieved from /home/ubuntu/airflow-venv/lib/python3.12/site-packages/airflow/example_dags/example_trigger_controller_dag.py
[2024-08-03T08:37:35.587+0000] {logging_mixin.py:188} INFO - [2024-08-03T08:37:35.587+0000] {dag.py:3089} INFO - Sync 1 DAGs
[2024-08-03T08:37:35.607+0000] {logging_mixin.py:188} INFO - [2024-08-03T08:37:35.606+0000] {dag.py:3947} INFO - Setting next_dagrun for example_trigger_controller_dag to 2021-01-01 00:00:00+00:00, run_after=2021-01-01 00:00:00+00:00
[2024-08-03T08:37:35.630+0000] {processor.py:183} INFO - Processing /home/ubuntu/airflow-venv/lib/python3.12/site-packages/airflow/example_dags/example_trigger_controller_dag.py took 0.074 seconds
[2024-08-03T08:38:30.073+0000] {processor.py:161} INFO - Started process (PID=2365) to work on /home/ubuntu/airflow-venv/lib/python3.12/site-packages/airflow/example_dags/example_trigger_controller_dag.py
[2024-08-03T08:38:30.075+0000] {processor.py:830} INFO - Processing file /home/ubuntu/airflow-venv/lib/python3.12/site-packages/airflow/example_dags/example_trigger_controller_dag.py for tasks to queue
[2024-08-03T08:38:30.076+0000] {logging_mixin.py:188} INFO - [2024-08-03T08:38:30.076+0000] {dagbag.py:545} INFO - Filling up the DagBag from /home/ubuntu/airflow-venv/lib/python3.12/site-packages/airflow/example_dags/example_trigger_controller_dag.py
[2024-08-03T08:38:30.082+0000] {processor.py:840} INFO - DAG(s) 'example_trigger_controller_dag' retrieved from /home/ubuntu/airflow-venv/lib/python3.12/site-packages/airflow/example_dags/example_trigger_controller_dag.py
[2024-08-03T08:38:30.098+0000] {logging_mixin.py:188} INFO - [2024-08-03T08:38:30.097+0000] {dag.py:3089} INFO - Sync 1 DAGs
[2024-08-03T08:38:30.117+0000] {logging_mixin.py:188} INFO - [2024-08-03T08:38:30.117+0000] {dag.py:3947} INFO - Setting next_dagrun for example_trigger_controller_dag to 2021-01-01 00:00:00+00:00, run_after=2021-01-01 00:00:00+00:00
[2024-08-03T08:38:30.142+0000] {processor.py:183} INFO - Processing /home/ubuntu/airflow-venv/lib/python3.12/site-packages/airflow/example_dags/example_trigger_controller_dag.py took 0.075 seconds
[2024-08-03T08:39:33.495+0000] {processor.py:161} INFO - Started process (PID=2432) to work on /home/ubuntu/airflow-venv/lib/python3.12/site-packages/airflow/example_dags/example_trigger_controller_dag.py
[2024-08-03T08:39:33.497+0000] {processor.py:830} INFO - Processing file /home/ubuntu/airflow-venv/lib/python3.12/site-packages/airflow/example_dags/example_trigger_controller_dag.py for tasks to queue
[2024-08-03T08:39:33.499+0000] {logging_mixin.py:188} INFO - [2024-08-03T08:39:33.498+0000] {dagbag.py:545} INFO - Filling up the DagBag from /home/ubuntu/airflow-venv/lib/python3.12/site-packages/airflow/example_dags/example_trigger_controller_dag.py
[2024-08-03T08:39:33.504+0000] {processor.py:840} INFO - DAG(s) 'example_trigger_controller_dag' retrieved from /home/ubuntu/airflow-venv/lib/python3.12/site-packages/airflow/example_dags/example_trigger_controller_dag.py
[2024-08-03T08:39:33.521+0000] {logging_mixin.py:188} INFO - [2024-08-03T08:39:33.520+0000] {dag.py:3089} INFO - Sync 1 DAGs
[2024-08-03T08:39:33.541+0000] {logging_mixin.py:188} INFO - [2024-08-03T08:39:33.540+0000] {dag.py:3947} INFO - Setting next_dagrun for example_trigger_controller_dag to 2021-01-01 00:00:00+00:00, run_after=2021-01-01 00:00:00+00:00
[2024-08-03T08:39:33.565+0000] {processor.py:183} INFO - Processing /home/ubuntu/airflow-venv/lib/python3.12/site-packages/airflow/example_dags/example_trigger_controller_dag.py took 0.076 seconds
[2024-08-03T08:40:28.357+0000] {processor.py:161} INFO - Started process (PID=2500) to work on /home/ubuntu/airflow-venv/lib/python3.12/site-packages/airflow/example_dags/example_trigger_controller_dag.py
[2024-08-03T08:40:28.358+0000] {processor.py:830} INFO - Processing file /home/ubuntu/airflow-venv/lib/python3.12/site-packages/airflow/example_dags/example_trigger_controller_dag.py for tasks to queue
[2024-08-03T08:40:28.360+0000] {logging_mixin.py:188} INFO - [2024-08-03T08:40:28.360+0000] {dagbag.py:545} INFO - Filling up the DagBag from /home/ubuntu/airflow-venv/lib/python3.12/site-packages/airflow/example_dags/example_trigger_controller_dag.py
[2024-08-03T08:40:28.366+0000] {processor.py:840} INFO - DAG(s) 'example_trigger_controller_dag' retrieved from /home/ubuntu/airflow-venv/lib/python3.12/site-packages/airflow/example_dags/example_trigger_controller_dag.py
[2024-08-03T08:40:28.382+0000] {logging_mixin.py:188} INFO - [2024-08-03T08:40:28.382+0000] {dag.py:3089} INFO - Sync 1 DAGs
[2024-08-03T08:40:28.403+0000] {logging_mixin.py:188} INFO - [2024-08-03T08:40:28.403+0000] {dag.py:3947} INFO - Setting next_dagrun for example_trigger_controller_dag to 2021-01-01 00:00:00+00:00, run_after=2021-01-01 00:00:00+00:00
[2024-08-03T08:40:28.428+0000] {processor.py:183} INFO - Processing /home/ubuntu/airflow-venv/lib/python3.12/site-packages/airflow/example_dags/example_trigger_controller_dag.py took 0.077 seconds
[2024-08-03T08:41:17.446+0000] {processor.py:161} INFO - Started process (PID=2552) to work on /home/ubuntu/airflow-venv/lib/python3.12/site-packages/airflow/example_dags/example_trigger_controller_dag.py
[2024-08-03T08:41:17.448+0000] {processor.py:830} INFO - Processing file /home/ubuntu/airflow-venv/lib/python3.12/site-packages/airflow/example_dags/example_trigger_controller_dag.py for tasks to queue
[2024-08-03T08:41:17.450+0000] {logging_mixin.py:188} INFO - [2024-08-03T08:41:17.449+0000] {dagbag.py:545} INFO - Filling up the DagBag from /home/ubuntu/airflow-venv/lib/python3.12/site-packages/airflow/example_dags/example_trigger_controller_dag.py
[2024-08-03T08:41:17.456+0000] {processor.py:840} INFO - DAG(s) 'example_trigger_controller_dag' retrieved from /home/ubuntu/airflow-venv/lib/python3.12/site-packages/airflow/example_dags/example_trigger_controller_dag.py
[2024-08-03T08:41:17.472+0000] {logging_mixin.py:188} INFO - [2024-08-03T08:41:17.471+0000] {dag.py:3089} INFO - Sync 1 DAGs
[2024-08-03T08:41:17.492+0000] {logging_mixin.py:188} INFO - [2024-08-03T08:41:17.491+0000] {dag.py:3947} INFO - Setting next_dagrun for example_trigger_controller_dag to 2021-01-01 00:00:00+00:00, run_after=2021-01-01 00:00:00+00:00
[2024-08-03T08:41:17.515+0000] {processor.py:183} INFO - Processing /home/ubuntu/airflow-venv/lib/python3.12/site-packages/airflow/example_dags/example_trigger_controller_dag.py took 0.074 seconds
[2024-08-03T08:42:11.335+0000] {processor.py:161} INFO - Started process (PID=2609) to work on /home/ubuntu/airflow-venv/lib/python3.12/site-packages/airflow/example_dags/example_trigger_controller_dag.py
[2024-08-03T08:42:11.337+0000] {processor.py:830} INFO - Processing file /home/ubuntu/airflow-venv/lib/python3.12/site-packages/airflow/example_dags/example_trigger_controller_dag.py for tasks to queue
[2024-08-03T08:42:11.338+0000] {logging_mixin.py:188} INFO - [2024-08-03T08:42:11.338+0000] {dagbag.py:545} INFO - Filling up the DagBag from /home/ubuntu/airflow-venv/lib/python3.12/site-packages/airflow/example_dags/example_trigger_controller_dag.py
[2024-08-03T08:42:11.344+0000] {processor.py:840} INFO - DAG(s) 'example_trigger_controller_dag' retrieved from /home/ubuntu/airflow-venv/lib/python3.12/site-packages/airflow/example_dags/example_trigger_controller_dag.py
[2024-08-03T08:42:11.360+0000] {logging_mixin.py:188} INFO - [2024-08-03T08:42:11.360+0000] {dag.py:3089} INFO - Sync 1 DAGs
[2024-08-03T08:42:11.380+0000] {logging_mixin.py:188} INFO - [2024-08-03T08:42:11.379+0000] {dag.py:3947} INFO - Setting next_dagrun for example_trigger_controller_dag to 2021-01-01 00:00:00+00:00, run_after=2021-01-01 00:00:00+00:00
[2024-08-03T08:42:11.404+0000] {processor.py:183} INFO - Processing /home/ubuntu/airflow-venv/lib/python3.12/site-packages/airflow/example_dags/example_trigger_controller_dag.py took 0.075 seconds
[2024-08-03T08:42:54.666+0000] {processor.py:161} INFO - Started process (PID=2659) to work on /home/ubuntu/airflow-venv/lib/python3.12/site-packages/airflow/example_dags/example_trigger_controller_dag.py
[2024-08-03T08:42:54.668+0000] {processor.py:830} INFO - Processing file /home/ubuntu/airflow-venv/lib/python3.12/site-packages/airflow/example_dags/example_trigger_controller_dag.py for tasks to queue
[2024-08-03T08:42:54.670+0000] {logging_mixin.py:188} INFO - [2024-08-03T08:42:54.669+0000] {dagbag.py:545} INFO - Filling up the DagBag from /home/ubuntu/airflow-venv/lib/python3.12/site-packages/airflow/example_dags/example_trigger_controller_dag.py
[2024-08-03T08:42:54.675+0000] {processor.py:840} INFO - DAG(s) 'example_trigger_controller_dag' retrieved from /home/ubuntu/airflow-venv/lib/python3.12/site-packages/airflow/example_dags/example_trigger_controller_dag.py
[2024-08-03T08:42:54.692+0000] {logging_mixin.py:188} INFO - [2024-08-03T08:42:54.691+0000] {dag.py:3089} INFO - Sync 1 DAGs
[2024-08-03T08:42:54.712+0000] {logging_mixin.py:188} INFO - [2024-08-03T08:42:54.712+0000] {dag.py:3947} INFO - Setting next_dagrun for example_trigger_controller_dag to 2021-01-01 00:00:00+00:00, run_after=2021-01-01 00:00:00+00:00
[2024-08-03T08:42:54.735+0000] {processor.py:183} INFO - Processing /home/ubuntu/airflow-venv/lib/python3.12/site-packages/airflow/example_dags/example_trigger_controller_dag.py took 0.075 seconds
[2024-08-03T08:43:39.781+0000] {processor.py:161} INFO - Started process (PID=2707) to work on /home/ubuntu/airflow-venv/lib/python3.12/site-packages/airflow/example_dags/example_trigger_controller_dag.py
[2024-08-03T08:43:39.783+0000] {processor.py:830} INFO - Processing file /home/ubuntu/airflow-venv/lib/python3.12/site-packages/airflow/example_dags/example_trigger_controller_dag.py for tasks to queue
[2024-08-03T08:43:39.784+0000] {logging_mixin.py:188} INFO - [2024-08-03T08:43:39.784+0000] {dagbag.py:545} INFO - Filling up the DagBag from /home/ubuntu/airflow-venv/lib/python3.12/site-packages/airflow/example_dags/example_trigger_controller_dag.py
[2024-08-03T08:43:39.790+0000] {processor.py:840} INFO - DAG(s) 'example_trigger_controller_dag' retrieved from /home/ubuntu/airflow-venv/lib/python3.12/site-packages/airflow/example_dags/example_trigger_controller_dag.py
[2024-08-03T08:43:39.806+0000] {logging_mixin.py:188} INFO - [2024-08-03T08:43:39.805+0000] {dag.py:3089} INFO - Sync 1 DAGs
[2024-08-03T08:43:39.825+0000] {logging_mixin.py:188} INFO - [2024-08-03T08:43:39.825+0000] {dag.py:3947} INFO - Setting next_dagrun for example_trigger_controller_dag to 2021-01-01 00:00:00+00:00, run_after=2021-01-01 00:00:00+00:00
[2024-08-03T08:43:39.848+0000] {processor.py:183} INFO - Processing /home/ubuntu/airflow-venv/lib/python3.12/site-packages/airflow/example_dags/example_trigger_controller_dag.py took 0.072 seconds
[2024-08-03T08:44:20.731+0000] {processor.py:161} INFO - Started process (PID=2869) to work on /home/ubuntu/airflow-venv/lib/python3.12/site-packages/airflow/example_dags/example_trigger_controller_dag.py
[2024-08-03T08:44:20.732+0000] {processor.py:830} INFO - Processing file /home/ubuntu/airflow-venv/lib/python3.12/site-packages/airflow/example_dags/example_trigger_controller_dag.py for tasks to queue
[2024-08-03T08:44:20.734+0000] {logging_mixin.py:188} INFO - [2024-08-03T08:44:20.734+0000] {dagbag.py:545} INFO - Filling up the DagBag from /home/ubuntu/airflow-venv/lib/python3.12/site-packages/airflow/example_dags/example_trigger_controller_dag.py
[2024-08-03T08:44:20.740+0000] {processor.py:840} INFO - DAG(s) 'example_trigger_controller_dag' retrieved from /home/ubuntu/airflow-venv/lib/python3.12/site-packages/airflow/example_dags/example_trigger_controller_dag.py
[2024-08-03T08:44:20.756+0000] {logging_mixin.py:188} INFO - [2024-08-03T08:44:20.755+0000] {dag.py:3089} INFO - Sync 1 DAGs
[2024-08-03T08:44:20.775+0000] {logging_mixin.py:188} INFO - [2024-08-03T08:44:20.775+0000] {dag.py:3947} INFO - Setting next_dagrun for example_trigger_controller_dag to 2021-01-01 00:00:00+00:00, run_after=2021-01-01 00:00:00+00:00
[2024-08-03T08:44:20.798+0000] {processor.py:183} INFO - Processing /home/ubuntu/airflow-venv/lib/python3.12/site-packages/airflow/example_dags/example_trigger_controller_dag.py took 0.074 seconds
[2024-08-03T08:45:04.782+0000] {processor.py:161} INFO - Started process (PID=2962) to work on /home/ubuntu/airflow-venv/lib/python3.12/site-packages/airflow/example_dags/example_trigger_controller_dag.py
[2024-08-03T08:45:04.784+0000] {processor.py:830} INFO - Processing file /home/ubuntu/airflow-venv/lib/python3.12/site-packages/airflow/example_dags/example_trigger_controller_dag.py for tasks to queue
[2024-08-03T08:45:04.785+0000] {logging_mixin.py:188} INFO - [2024-08-03T08:45:04.785+0000] {dagbag.py:545} INFO - Filling up the DagBag from /home/ubuntu/airflow-venv/lib/python3.12/site-packages/airflow/example_dags/example_trigger_controller_dag.py
[2024-08-03T08:45:04.791+0000] {processor.py:840} INFO - DAG(s) 'example_trigger_controller_dag' retrieved from /home/ubuntu/airflow-venv/lib/python3.12/site-packages/airflow/example_dags/example_trigger_controller_dag.py
[2024-08-03T08:45:04.808+0000] {logging_mixin.py:188} INFO - [2024-08-03T08:45:04.807+0000] {dag.py:3089} INFO - Sync 1 DAGs
[2024-08-03T08:45:04.828+0000] {logging_mixin.py:188} INFO - [2024-08-03T08:45:04.828+0000] {dag.py:3947} INFO - Setting next_dagrun for example_trigger_controller_dag to 2021-01-01 00:00:00+00:00, run_after=2021-01-01 00:00:00+00:00
[2024-08-03T08:45:04.854+0000] {processor.py:183} INFO - Processing /home/ubuntu/airflow-venv/lib/python3.12/site-packages/airflow/example_dags/example_trigger_controller_dag.py took 0.078 seconds
[2024-08-03T08:45:49.355+0000] {processor.py:161} INFO - Started process (PID=3110) to work on /home/ubuntu/airflow-venv/lib/python3.12/site-packages/airflow/example_dags/example_trigger_controller_dag.py
[2024-08-03T08:45:49.356+0000] {processor.py:830} INFO - Processing file /home/ubuntu/airflow-venv/lib/python3.12/site-packages/airflow/example_dags/example_trigger_controller_dag.py for tasks to queue
[2024-08-03T08:45:49.358+0000] {logging_mixin.py:188} INFO - [2024-08-03T08:45:49.357+0000] {dagbag.py:545} INFO - Filling up the DagBag from /home/ubuntu/airflow-venv/lib/python3.12/site-packages/airflow/example_dags/example_trigger_controller_dag.py
[2024-08-03T08:45:49.364+0000] {processor.py:840} INFO - DAG(s) 'example_trigger_controller_dag' retrieved from /home/ubuntu/airflow-venv/lib/python3.12/site-packages/airflow/example_dags/example_trigger_controller_dag.py
[2024-08-03T08:45:49.380+0000] {logging_mixin.py:188} INFO - [2024-08-03T08:45:49.379+0000] {dag.py:3089} INFO - Sync 1 DAGs
[2024-08-03T08:45:49.399+0000] {logging_mixin.py:188} INFO - [2024-08-03T08:45:49.399+0000] {dag.py:3947} INFO - Setting next_dagrun for example_trigger_controller_dag to 2021-01-01 00:00:00+00:00, run_after=2021-01-01 00:00:00+00:00
[2024-08-03T08:45:49.423+0000] {processor.py:183} INFO - Processing /home/ubuntu/airflow-venv/lib/python3.12/site-packages/airflow/example_dags/example_trigger_controller_dag.py took 0.074 seconds
[2024-08-03T08:46:31.037+0000] {processor.py:161} INFO - Started process (PID=3156) to work on /home/ubuntu/airflow-venv/lib/python3.12/site-packages/airflow/example_dags/example_trigger_controller_dag.py
[2024-08-03T08:46:31.039+0000] {processor.py:830} INFO - Processing file /home/ubuntu/airflow-venv/lib/python3.12/site-packages/airflow/example_dags/example_trigger_controller_dag.py for tasks to queue
[2024-08-03T08:46:31.040+0000] {logging_mixin.py:188} INFO - [2024-08-03T08:46:31.040+0000] {dagbag.py:545} INFO - Filling up the DagBag from /home/ubuntu/airflow-venv/lib/python3.12/site-packages/airflow/example_dags/example_trigger_controller_dag.py
[2024-08-03T08:46:31.046+0000] {processor.py:840} INFO - DAG(s) 'example_trigger_controller_dag' retrieved from /home/ubuntu/airflow-venv/lib/python3.12/site-packages/airflow/example_dags/example_trigger_controller_dag.py
[2024-08-03T08:46:31.062+0000] {logging_mixin.py:188} INFO - [2024-08-03T08:46:31.062+0000] {dag.py:3089} INFO - Sync 1 DAGs
[2024-08-03T08:46:31.082+0000] {logging_mixin.py:188} INFO - [2024-08-03T08:46:31.082+0000] {dag.py:3947} INFO - Setting next_dagrun for example_trigger_controller_dag to 2021-01-01 00:00:00+00:00, run_after=2021-01-01 00:00:00+00:00
[2024-08-03T08:46:31.108+0000] {processor.py:183} INFO - Processing /home/ubuntu/airflow-venv/lib/python3.12/site-packages/airflow/example_dags/example_trigger_controller_dag.py took 0.077 seconds
[2024-08-03T08:47:14.360+0000] {processor.py:161} INFO - Started process (PID=3453) to work on /home/ubuntu/airflow-venv/lib/python3.12/site-packages/airflow/example_dags/example_trigger_controller_dag.py
[2024-08-03T08:47:14.361+0000] {processor.py:830} INFO - Processing file /home/ubuntu/airflow-venv/lib/python3.12/site-packages/airflow/example_dags/example_trigger_controller_dag.py for tasks to queue
[2024-08-03T08:47:14.363+0000] {logging_mixin.py:188} INFO - [2024-08-03T08:47:14.363+0000] {dagbag.py:545} INFO - Filling up the DagBag from /home/ubuntu/airflow-venv/lib/python3.12/site-packages/airflow/example_dags/example_trigger_controller_dag.py
[2024-08-03T08:47:14.369+0000] {processor.py:840} INFO - DAG(s) 'example_trigger_controller_dag' retrieved from /home/ubuntu/airflow-venv/lib/python3.12/site-packages/airflow/example_dags/example_trigger_controller_dag.py
[2024-08-03T08:47:14.386+0000] {logging_mixin.py:188} INFO - [2024-08-03T08:47:14.385+0000] {dag.py:3089} INFO - Sync 1 DAGs
[2024-08-03T08:47:14.406+0000] {logging_mixin.py:188} INFO - [2024-08-03T08:47:14.406+0000] {dag.py:3947} INFO - Setting next_dagrun for example_trigger_controller_dag to 2021-01-01 00:00:00+00:00, run_after=2021-01-01 00:00:00+00:00
[2024-08-03T08:47:14.431+0000] {processor.py:183} INFO - Processing /home/ubuntu/airflow-venv/lib/python3.12/site-packages/airflow/example_dags/example_trigger_controller_dag.py took 0.078 seconds
[2024-08-03T08:47:57.806+0000] {processor.py:161} INFO - Started process (PID=3719) to work on /home/ubuntu/airflow-venv/lib/python3.12/site-packages/airflow/example_dags/example_trigger_controller_dag.py
[2024-08-03T08:47:57.807+0000] {processor.py:830} INFO - Processing file /home/ubuntu/airflow-venv/lib/python3.12/site-packages/airflow/example_dags/example_trigger_controller_dag.py for tasks to queue
[2024-08-03T08:47:57.809+0000] {logging_mixin.py:188} INFO - [2024-08-03T08:47:57.809+0000] {dagbag.py:545} INFO - Filling up the DagBag from /home/ubuntu/airflow-venv/lib/python3.12/site-packages/airflow/example_dags/example_trigger_controller_dag.py
[2024-08-03T08:47:57.815+0000] {processor.py:840} INFO - DAG(s) 'example_trigger_controller_dag' retrieved from /home/ubuntu/airflow-venv/lib/python3.12/site-packages/airflow/example_dags/example_trigger_controller_dag.py
[2024-08-03T08:47:57.831+0000] {logging_mixin.py:188} INFO - [2024-08-03T08:47:57.830+0000] {dag.py:3089} INFO - Sync 1 DAGs
[2024-08-03T08:47:57.851+0000] {logging_mixin.py:188} INFO - [2024-08-03T08:47:57.850+0000] {dag.py:3947} INFO - Setting next_dagrun for example_trigger_controller_dag to 2021-01-01 00:00:00+00:00, run_after=2021-01-01 00:00:00+00:00
[2024-08-03T08:47:57.874+0000] {processor.py:183} INFO - Processing /home/ubuntu/airflow-venv/lib/python3.12/site-packages/airflow/example_dags/example_trigger_controller_dag.py took 0.074 seconds
[2024-08-03T08:48:41.181+0000] {processor.py:161} INFO - Started process (PID=3806) to work on /home/ubuntu/airflow-venv/lib/python3.12/site-packages/airflow/example_dags/example_trigger_controller_dag.py
[2024-08-03T08:48:41.183+0000] {processor.py:830} INFO - Processing file /home/ubuntu/airflow-venv/lib/python3.12/site-packages/airflow/example_dags/example_trigger_controller_dag.py for tasks to queue
[2024-08-03T08:48:41.184+0000] {logging_mixin.py:188} INFO - [2024-08-03T08:48:41.184+0000] {dagbag.py:545} INFO - Filling up the DagBag from /home/ubuntu/airflow-venv/lib/python3.12/site-packages/airflow/example_dags/example_trigger_controller_dag.py
[2024-08-03T08:48:41.190+0000] {processor.py:840} INFO - DAG(s) 'example_trigger_controller_dag' retrieved from /home/ubuntu/airflow-venv/lib/python3.12/site-packages/airflow/example_dags/example_trigger_controller_dag.py
[2024-08-03T08:48:41.206+0000] {logging_mixin.py:188} INFO - [2024-08-03T08:48:41.205+0000] {dag.py:3089} INFO - Sync 1 DAGs
[2024-08-03T08:48:41.225+0000] {logging_mixin.py:188} INFO - [2024-08-03T08:48:41.225+0000] {dag.py:3947} INFO - Setting next_dagrun for example_trigger_controller_dag to 2021-01-01 00:00:00+00:00, run_after=2021-01-01 00:00:00+00:00
[2024-08-03T08:48:41.248+0000] {processor.py:183} INFO - Processing /home/ubuntu/airflow-venv/lib/python3.12/site-packages/airflow/example_dags/example_trigger_controller_dag.py took 0.073 seconds
[2024-08-03T08:49:24.184+0000] {processor.py:161} INFO - Started process (PID=3998) to work on /home/ubuntu/airflow-venv/lib/python3.12/site-packages/airflow/example_dags/example_trigger_controller_dag.py
[2024-08-03T08:49:24.186+0000] {processor.py:830} INFO - Processing file /home/ubuntu/airflow-venv/lib/python3.12/site-packages/airflow/example_dags/example_trigger_controller_dag.py for tasks to queue
[2024-08-03T08:49:24.188+0000] {logging_mixin.py:188} INFO - [2024-08-03T08:49:24.188+0000] {dagbag.py:545} INFO - Filling up the DagBag from /home/ubuntu/airflow-venv/lib/python3.12/site-packages/airflow/example_dags/example_trigger_controller_dag.py
[2024-08-03T08:49:24.194+0000] {processor.py:840} INFO - DAG(s) 'example_trigger_controller_dag' retrieved from /home/ubuntu/airflow-venv/lib/python3.12/site-packages/airflow/example_dags/example_trigger_controller_dag.py
[2024-08-03T08:49:24.210+0000] {logging_mixin.py:188} INFO - [2024-08-03T08:49:24.210+0000] {dag.py:3089} INFO - Sync 1 DAGs
[2024-08-03T08:49:24.231+0000] {logging_mixin.py:188} INFO - [2024-08-03T08:49:24.230+0000] {dag.py:3947} INFO - Setting next_dagrun for example_trigger_controller_dag to 2021-01-01 00:00:00+00:00, run_after=2021-01-01 00:00:00+00:00
[2024-08-03T08:49:24.256+0000] {processor.py:183} INFO - Processing /home/ubuntu/airflow-venv/lib/python3.12/site-packages/airflow/example_dags/example_trigger_controller_dag.py took 0.078 seconds
[2024-08-03T08:50:09.193+0000] {processor.py:161} INFO - Started process (PID=4359) to work on /home/ubuntu/airflow-venv/lib/python3.12/site-packages/airflow/example_dags/example_trigger_controller_dag.py
[2024-08-03T08:50:09.195+0000] {processor.py:830} INFO - Processing file /home/ubuntu/airflow-venv/lib/python3.12/site-packages/airflow/example_dags/example_trigger_controller_dag.py for tasks to queue
[2024-08-03T08:50:09.196+0000] {logging_mixin.py:188} INFO - [2024-08-03T08:50:09.196+0000] {dagbag.py:545} INFO - Filling up the DagBag from /home/ubuntu/airflow-venv/lib/python3.12/site-packages/airflow/example_dags/example_trigger_controller_dag.py
[2024-08-03T08:50:09.202+0000] {processor.py:840} INFO - DAG(s) 'example_trigger_controller_dag' retrieved from /home/ubuntu/airflow-venv/lib/python3.12/site-packages/airflow/example_dags/example_trigger_controller_dag.py
[2024-08-03T08:50:09.219+0000] {logging_mixin.py:188} INFO - [2024-08-03T08:50:09.219+0000] {dag.py:3089} INFO - Sync 1 DAGs
[2024-08-03T08:50:09.239+0000] {logging_mixin.py:188} INFO - [2024-08-03T08:50:09.239+0000] {dag.py:3947} INFO - Setting next_dagrun for example_trigger_controller_dag to 2021-01-01 00:00:00+00:00, run_after=2021-01-01 00:00:00+00:00
[2024-08-03T08:50:09.264+0000] {processor.py:183} INFO - Processing /home/ubuntu/airflow-venv/lib/python3.12/site-packages/airflow/example_dags/example_trigger_controller_dag.py took 0.077 seconds
[2024-08-03T08:50:58.495+0000] {processor.py:161} INFO - Started process (PID=4563) to work on /home/ubuntu/airflow-venv/lib/python3.12/site-packages/airflow/example_dags/example_trigger_controller_dag.py
[2024-08-03T08:50:58.497+0000] {processor.py:830} INFO - Processing file /home/ubuntu/airflow-venv/lib/python3.12/site-packages/airflow/example_dags/example_trigger_controller_dag.py for tasks to queue
[2024-08-03T08:50:58.499+0000] {logging_mixin.py:188} INFO - [2024-08-03T08:50:58.499+0000] {dagbag.py:545} INFO - Filling up the DagBag from /home/ubuntu/airflow-venv/lib/python3.12/site-packages/airflow/example_dags/example_trigger_controller_dag.py
[2024-08-03T08:50:58.504+0000] {processor.py:840} INFO - DAG(s) 'example_trigger_controller_dag' retrieved from /home/ubuntu/airflow-venv/lib/python3.12/site-packages/airflow/example_dags/example_trigger_controller_dag.py
[2024-08-03T08:50:58.520+0000] {logging_mixin.py:188} INFO - [2024-08-03T08:50:58.520+0000] {dag.py:3089} INFO - Sync 1 DAGs
[2024-08-03T08:50:58.540+0000] {logging_mixin.py:188} INFO - [2024-08-03T08:50:58.540+0000] {dag.py:3947} INFO - Setting next_dagrun for example_trigger_controller_dag to 2021-01-01 00:00:00+00:00, run_after=2021-01-01 00:00:00+00:00
[2024-08-03T08:50:58.565+0000] {processor.py:183} INFO - Processing /home/ubuntu/airflow-venv/lib/python3.12/site-packages/airflow/example_dags/example_trigger_controller_dag.py took 0.077 seconds
[2024-08-03T08:51:48.304+0000] {processor.py:161} INFO - Started process (PID=4696) to work on /home/ubuntu/airflow-venv/lib/python3.12/site-packages/airflow/example_dags/example_trigger_controller_dag.py
[2024-08-03T08:51:48.305+0000] {processor.py:830} INFO - Processing file /home/ubuntu/airflow-venv/lib/python3.12/site-packages/airflow/example_dags/example_trigger_controller_dag.py for tasks to queue
[2024-08-03T08:51:48.307+0000] {logging_mixin.py:188} INFO - [2024-08-03T08:51:48.307+0000] {dagbag.py:545} INFO - Filling up the DagBag from /home/ubuntu/airflow-venv/lib/python3.12/site-packages/airflow/example_dags/example_trigger_controller_dag.py
[2024-08-03T08:51:48.312+0000] {processor.py:840} INFO - DAG(s) 'example_trigger_controller_dag' retrieved from /home/ubuntu/airflow-venv/lib/python3.12/site-packages/airflow/example_dags/example_trigger_controller_dag.py
[2024-08-03T08:51:48.328+0000] {logging_mixin.py:188} INFO - [2024-08-03T08:51:48.328+0000] {dag.py:3089} INFO - Sync 1 DAGs
[2024-08-03T08:51:48.348+0000] {logging_mixin.py:188} INFO - [2024-08-03T08:51:48.348+0000] {dag.py:3947} INFO - Setting next_dagrun for example_trigger_controller_dag to 2021-01-01 00:00:00+00:00, run_after=2021-01-01 00:00:00+00:00
[2024-08-03T08:51:48.372+0000] {processor.py:183} INFO - Processing /home/ubuntu/airflow-venv/lib/python3.12/site-packages/airflow/example_dags/example_trigger_controller_dag.py took 0.076 seconds
[2024-08-03T08:52:34.023+0000] {processor.py:161} INFO - Started process (PID=4790) to work on /home/ubuntu/airflow-venv/lib/python3.12/site-packages/airflow/example_dags/example_trigger_controller_dag.py
[2024-08-03T08:52:34.024+0000] {processor.py:830} INFO - Processing file /home/ubuntu/airflow-venv/lib/python3.12/site-packages/airflow/example_dags/example_trigger_controller_dag.py for tasks to queue
[2024-08-03T08:52:34.026+0000] {logging_mixin.py:188} INFO - [2024-08-03T08:52:34.025+0000] {dagbag.py:545} INFO - Filling up the DagBag from /home/ubuntu/airflow-venv/lib/python3.12/site-packages/airflow/example_dags/example_trigger_controller_dag.py
[2024-08-03T08:52:34.031+0000] {processor.py:840} INFO - DAG(s) 'example_trigger_controller_dag' retrieved from /home/ubuntu/airflow-venv/lib/python3.12/site-packages/airflow/example_dags/example_trigger_controller_dag.py
[2024-08-03T08:52:34.047+0000] {logging_mixin.py:188} INFO - [2024-08-03T08:52:34.047+0000] {dag.py:3089} INFO - Sync 1 DAGs
[2024-08-03T08:52:34.067+0000] {logging_mixin.py:188} INFO - [2024-08-03T08:52:34.067+0000] {dag.py:3947} INFO - Setting next_dagrun for example_trigger_controller_dag to 2021-01-01 00:00:00+00:00, run_after=2021-01-01 00:00:00+00:00
[2024-08-03T08:52:34.092+0000] {processor.py:183} INFO - Processing /home/ubuntu/airflow-venv/lib/python3.12/site-packages/airflow/example_dags/example_trigger_controller_dag.py took 0.077 seconds
[2024-08-03T08:53:15.738+0000] {processor.py:161} INFO - Started process (PID=4847) to work on /home/ubuntu/airflow-venv/lib/python3.12/site-packages/airflow/example_dags/example_trigger_controller_dag.py
[2024-08-03T08:53:15.739+0000] {processor.py:830} INFO - Processing file /home/ubuntu/airflow-venv/lib/python3.12/site-packages/airflow/example_dags/example_trigger_controller_dag.py for tasks to queue
[2024-08-03T08:53:15.741+0000] {logging_mixin.py:188} INFO - [2024-08-03T08:53:15.741+0000] {dagbag.py:545} INFO - Filling up the DagBag from /home/ubuntu/airflow-venv/lib/python3.12/site-packages/airflow/example_dags/example_trigger_controller_dag.py
[2024-08-03T08:53:15.746+0000] {processor.py:840} INFO - DAG(s) 'example_trigger_controller_dag' retrieved from /home/ubuntu/airflow-venv/lib/python3.12/site-packages/airflow/example_dags/example_trigger_controller_dag.py
[2024-08-03T08:53:15.763+0000] {logging_mixin.py:188} INFO - [2024-08-03T08:53:15.762+0000] {dag.py:3089} INFO - Sync 1 DAGs
[2024-08-03T08:53:15.782+0000] {logging_mixin.py:188} INFO - [2024-08-03T08:53:15.782+0000] {dag.py:3947} INFO - Setting next_dagrun for example_trigger_controller_dag to 2021-01-01 00:00:00+00:00, run_after=2021-01-01 00:00:00+00:00
[2024-08-03T08:53:15.807+0000] {processor.py:183} INFO - Processing /home/ubuntu/airflow-venv/lib/python3.12/site-packages/airflow/example_dags/example_trigger_controller_dag.py took 0.076 seconds
[2024-08-03T08:53:59.512+0000] {processor.py:161} INFO - Started process (PID=4902) to work on /home/ubuntu/airflow-venv/lib/python3.12/site-packages/airflow/example_dags/example_trigger_controller_dag.py
[2024-08-03T08:53:59.514+0000] {processor.py:830} INFO - Processing file /home/ubuntu/airflow-venv/lib/python3.12/site-packages/airflow/example_dags/example_trigger_controller_dag.py for tasks to queue
[2024-08-03T08:53:59.515+0000] {logging_mixin.py:188} INFO - [2024-08-03T08:53:59.515+0000] {dagbag.py:545} INFO - Filling up the DagBag from /home/ubuntu/airflow-venv/lib/python3.12/site-packages/airflow/example_dags/example_trigger_controller_dag.py
[2024-08-03T08:53:59.521+0000] {processor.py:840} INFO - DAG(s) 'example_trigger_controller_dag' retrieved from /home/ubuntu/airflow-venv/lib/python3.12/site-packages/airflow/example_dags/example_trigger_controller_dag.py
[2024-08-03T08:53:59.537+0000] {logging_mixin.py:188} INFO - [2024-08-03T08:53:59.537+0000] {dag.py:3089} INFO - Sync 1 DAGs
[2024-08-03T08:53:59.557+0000] {logging_mixin.py:188} INFO - [2024-08-03T08:53:59.557+0000] {dag.py:3947} INFO - Setting next_dagrun for example_trigger_controller_dag to 2021-01-01 00:00:00+00:00, run_after=2021-01-01 00:00:00+00:00
[2024-08-03T08:53:59.698+0000] {processor.py:183} INFO - Processing /home/ubuntu/airflow-venv/lib/python3.12/site-packages/airflow/example_dags/example_trigger_controller_dag.py took 0.193 seconds
[2024-08-03T08:55:00.609+0000] {processor.py:161} INFO - Started process (PID=4971) to work on /home/ubuntu/airflow-venv/lib/python3.12/site-packages/airflow/example_dags/example_trigger_controller_dag.py
[2024-08-03T08:55:00.611+0000] {processor.py:830} INFO - Processing file /home/ubuntu/airflow-venv/lib/python3.12/site-packages/airflow/example_dags/example_trigger_controller_dag.py for tasks to queue
[2024-08-03T08:55:00.613+0000] {logging_mixin.py:188} INFO - [2024-08-03T08:55:00.613+0000] {dagbag.py:545} INFO - Filling up the DagBag from /home/ubuntu/airflow-venv/lib/python3.12/site-packages/airflow/example_dags/example_trigger_controller_dag.py
[2024-08-03T08:55:00.618+0000] {processor.py:840} INFO - DAG(s) 'example_trigger_controller_dag' retrieved from /home/ubuntu/airflow-venv/lib/python3.12/site-packages/airflow/example_dags/example_trigger_controller_dag.py
[2024-08-03T08:55:00.635+0000] {logging_mixin.py:188} INFO - [2024-08-03T08:55:00.635+0000] {dag.py:3089} INFO - Sync 1 DAGs
[2024-08-03T08:55:00.656+0000] {logging_mixin.py:188} INFO - [2024-08-03T08:55:00.656+0000] {dag.py:3947} INFO - Setting next_dagrun for example_trigger_controller_dag to 2021-01-01 00:00:00+00:00, run_after=2021-01-01 00:00:00+00:00
[2024-08-03T08:55:00.682+0000] {processor.py:183} INFO - Processing /home/ubuntu/airflow-venv/lib/python3.12/site-packages/airflow/example_dags/example_trigger_controller_dag.py took 0.080 seconds
[2024-08-03T08:56:07.060+0000] {processor.py:161} INFO - Started process (PID=5044) to work on /home/ubuntu/airflow-venv/lib/python3.12/site-packages/airflow/example_dags/example_trigger_controller_dag.py
[2024-08-03T08:56:07.062+0000] {processor.py:830} INFO - Processing file /home/ubuntu/airflow-venv/lib/python3.12/site-packages/airflow/example_dags/example_trigger_controller_dag.py for tasks to queue
[2024-08-03T08:56:07.063+0000] {logging_mixin.py:188} INFO - [2024-08-03T08:56:07.063+0000] {dagbag.py:545} INFO - Filling up the DagBag from /home/ubuntu/airflow-venv/lib/python3.12/site-packages/airflow/example_dags/example_trigger_controller_dag.py
[2024-08-03T08:56:07.069+0000] {processor.py:840} INFO - DAG(s) 'example_trigger_controller_dag' retrieved from /home/ubuntu/airflow-venv/lib/python3.12/site-packages/airflow/example_dags/example_trigger_controller_dag.py
[2024-08-03T08:56:07.085+0000] {logging_mixin.py:188} INFO - [2024-08-03T08:56:07.085+0000] {dag.py:3089} INFO - Sync 1 DAGs
[2024-08-03T08:56:07.104+0000] {logging_mixin.py:188} INFO - [2024-08-03T08:56:07.104+0000] {dag.py:3947} INFO - Setting next_dagrun for example_trigger_controller_dag to 2021-01-01 00:00:00+00:00, run_after=2021-01-01 00:00:00+00:00
[2024-08-03T08:56:07.129+0000] {processor.py:183} INFO - Processing /home/ubuntu/airflow-venv/lib/python3.12/site-packages/airflow/example_dags/example_trigger_controller_dag.py took 0.076 seconds
[2024-08-03T08:57:01.193+0000] {processor.py:161} INFO - Started process (PID=5175) to work on /home/ubuntu/airflow-venv/lib/python3.12/site-packages/airflow/example_dags/example_trigger_controller_dag.py
[2024-08-03T08:57:01.195+0000] {processor.py:830} INFO - Processing file /home/ubuntu/airflow-venv/lib/python3.12/site-packages/airflow/example_dags/example_trigger_controller_dag.py for tasks to queue
[2024-08-03T08:57:01.198+0000] {logging_mixin.py:188} INFO - [2024-08-03T08:57:01.197+0000] {dagbag.py:545} INFO - Filling up the DagBag from /home/ubuntu/airflow-venv/lib/python3.12/site-packages/airflow/example_dags/example_trigger_controller_dag.py
[2024-08-03T08:57:01.203+0000] {processor.py:840} INFO - DAG(s) 'example_trigger_controller_dag' retrieved from /home/ubuntu/airflow-venv/lib/python3.12/site-packages/airflow/example_dags/example_trigger_controller_dag.py
[2024-08-03T08:57:01.221+0000] {logging_mixin.py:188} INFO - [2024-08-03T08:57:01.220+0000] {dag.py:3089} INFO - Sync 1 DAGs
[2024-08-03T08:57:01.387+0000] {logging_mixin.py:188} INFO - [2024-08-03T08:57:01.387+0000] {dag.py:3947} INFO - Setting next_dagrun for example_trigger_controller_dag to 2021-01-01 00:00:00+00:00, run_after=2021-01-01 00:00:00+00:00
[2024-08-03T08:57:01.411+0000] {processor.py:183} INFO - Processing /home/ubuntu/airflow-venv/lib/python3.12/site-packages/airflow/example_dags/example_trigger_controller_dag.py took 0.225 seconds
[2024-08-03T08:57:51.951+0000] {processor.py:161} INFO - Started process (PID=5227) to work on /home/ubuntu/airflow-venv/lib/python3.12/site-packages/airflow/example_dags/example_trigger_controller_dag.py
[2024-08-03T08:57:51.953+0000] {processor.py:830} INFO - Processing file /home/ubuntu/airflow-venv/lib/python3.12/site-packages/airflow/example_dags/example_trigger_controller_dag.py for tasks to queue
[2024-08-03T08:57:51.955+0000] {logging_mixin.py:188} INFO - [2024-08-03T08:57:51.954+0000] {dagbag.py:545} INFO - Filling up the DagBag from /home/ubuntu/airflow-venv/lib/python3.12/site-packages/airflow/example_dags/example_trigger_controller_dag.py
[2024-08-03T08:57:51.960+0000] {processor.py:840} INFO - DAG(s) 'example_trigger_controller_dag' retrieved from /home/ubuntu/airflow-venv/lib/python3.12/site-packages/airflow/example_dags/example_trigger_controller_dag.py
[2024-08-03T08:57:51.976+0000] {logging_mixin.py:188} INFO - [2024-08-03T08:57:51.976+0000] {dag.py:3089} INFO - Sync 1 DAGs
[2024-08-03T08:57:52.111+0000] {logging_mixin.py:188} INFO - [2024-08-03T08:57:52.111+0000] {dag.py:3947} INFO - Setting next_dagrun for example_trigger_controller_dag to 2021-01-01 00:00:00+00:00, run_after=2021-01-01 00:00:00+00:00
[2024-08-03T08:57:52.134+0000] {processor.py:183} INFO - Processing /home/ubuntu/airflow-venv/lib/python3.12/site-packages/airflow/example_dags/example_trigger_controller_dag.py took 0.189 seconds
[2024-08-03T08:58:45.118+0000] {processor.py:161} INFO - Started process (PID=5405) to work on /home/ubuntu/airflow-venv/lib/python3.12/site-packages/airflow/example_dags/example_trigger_controller_dag.py
[2024-08-03T08:58:45.119+0000] {processor.py:830} INFO - Processing file /home/ubuntu/airflow-venv/lib/python3.12/site-packages/airflow/example_dags/example_trigger_controller_dag.py for tasks to queue
[2024-08-03T08:58:45.121+0000] {logging_mixin.py:188} INFO - [2024-08-03T08:58:45.121+0000] {dagbag.py:545} INFO - Filling up the DagBag from /home/ubuntu/airflow-venv/lib/python3.12/site-packages/airflow/example_dags/example_trigger_controller_dag.py
[2024-08-03T08:58:45.127+0000] {processor.py:840} INFO - DAG(s) 'example_trigger_controller_dag' retrieved from /home/ubuntu/airflow-venv/lib/python3.12/site-packages/airflow/example_dags/example_trigger_controller_dag.py
[2024-08-03T08:58:45.144+0000] {logging_mixin.py:188} INFO - [2024-08-03T08:58:45.144+0000] {dag.py:3089} INFO - Sync 1 DAGs
[2024-08-03T08:58:45.165+0000] {logging_mixin.py:188} INFO - [2024-08-03T08:58:45.164+0000] {dag.py:3947} INFO - Setting next_dagrun for example_trigger_controller_dag to 2021-01-01 00:00:00+00:00, run_after=2021-01-01 00:00:00+00:00
[2024-08-03T08:58:45.197+0000] {processor.py:183} INFO - Processing /home/ubuntu/airflow-venv/lib/python3.12/site-packages/airflow/example_dags/example_trigger_controller_dag.py took 0.088 seconds
[2024-08-03T08:59:32.206+0000] {processor.py:161} INFO - Started process (PID=5524) to work on /home/ubuntu/airflow-venv/lib/python3.12/site-packages/airflow/example_dags/example_trigger_controller_dag.py
[2024-08-03T08:59:32.208+0000] {processor.py:830} INFO - Processing file /home/ubuntu/airflow-venv/lib/python3.12/site-packages/airflow/example_dags/example_trigger_controller_dag.py for tasks to queue
[2024-08-03T08:59:32.210+0000] {logging_mixin.py:188} INFO - [2024-08-03T08:59:32.209+0000] {dagbag.py:545} INFO - Filling up the DagBag from /home/ubuntu/airflow-venv/lib/python3.12/site-packages/airflow/example_dags/example_trigger_controller_dag.py
[2024-08-03T08:59:32.215+0000] {processor.py:840} INFO - DAG(s) 'example_trigger_controller_dag' retrieved from /home/ubuntu/airflow-venv/lib/python3.12/site-packages/airflow/example_dags/example_trigger_controller_dag.py
[2024-08-03T08:59:32.232+0000] {logging_mixin.py:188} INFO - [2024-08-03T08:59:32.232+0000] {dag.py:3089} INFO - Sync 1 DAGs
[2024-08-03T08:59:32.253+0000] {logging_mixin.py:188} INFO - [2024-08-03T08:59:32.253+0000] {dag.py:3947} INFO - Setting next_dagrun for example_trigger_controller_dag to 2021-01-01 00:00:00+00:00, run_after=2021-01-01 00:00:00+00:00
[2024-08-03T08:59:32.277+0000] {processor.py:183} INFO - Processing /home/ubuntu/airflow-venv/lib/python3.12/site-packages/airflow/example_dags/example_trigger_controller_dag.py took 0.079 seconds
[2024-08-03T09:00:19.948+0000] {processor.py:161} INFO - Started process (PID=5655) to work on /home/ubuntu/airflow-venv/lib/python3.12/site-packages/airflow/example_dags/example_trigger_controller_dag.py
[2024-08-03T09:00:19.949+0000] {processor.py:830} INFO - Processing file /home/ubuntu/airflow-venv/lib/python3.12/site-packages/airflow/example_dags/example_trigger_controller_dag.py for tasks to queue
[2024-08-03T09:00:19.951+0000] {logging_mixin.py:188} INFO - [2024-08-03T09:00:19.951+0000] {dagbag.py:545} INFO - Filling up the DagBag from /home/ubuntu/airflow-venv/lib/python3.12/site-packages/airflow/example_dags/example_trigger_controller_dag.py
[2024-08-03T09:00:19.957+0000] {processor.py:840} INFO - DAG(s) 'example_trigger_controller_dag' retrieved from /home/ubuntu/airflow-venv/lib/python3.12/site-packages/airflow/example_dags/example_trigger_controller_dag.py
[2024-08-03T09:00:19.973+0000] {logging_mixin.py:188} INFO - [2024-08-03T09:00:19.973+0000] {dag.py:3089} INFO - Sync 1 DAGs
[2024-08-03T09:00:19.994+0000] {logging_mixin.py:188} INFO - [2024-08-03T09:00:19.994+0000] {dag.py:3947} INFO - Setting next_dagrun for example_trigger_controller_dag to 2021-01-01 00:00:00+00:00, run_after=2021-01-01 00:00:00+00:00
[2024-08-03T09:00:20.019+0000] {processor.py:183} INFO - Processing /home/ubuntu/airflow-venv/lib/python3.12/site-packages/airflow/example_dags/example_trigger_controller_dag.py took 0.079 seconds
[2024-08-03T09:01:02.552+0000] {processor.py:161} INFO - Started process (PID=5897) to work on /home/ubuntu/airflow-venv/lib/python3.12/site-packages/airflow/example_dags/example_trigger_controller_dag.py
[2024-08-03T09:01:02.554+0000] {processor.py:830} INFO - Processing file /home/ubuntu/airflow-venv/lib/python3.12/site-packages/airflow/example_dags/example_trigger_controller_dag.py for tasks to queue
[2024-08-03T09:01:02.556+0000] {logging_mixin.py:188} INFO - [2024-08-03T09:01:02.555+0000] {dagbag.py:545} INFO - Filling up the DagBag from /home/ubuntu/airflow-venv/lib/python3.12/site-packages/airflow/example_dags/example_trigger_controller_dag.py
[2024-08-03T09:01:02.561+0000] {processor.py:840} INFO - DAG(s) 'example_trigger_controller_dag' retrieved from /home/ubuntu/airflow-venv/lib/python3.12/site-packages/airflow/example_dags/example_trigger_controller_dag.py
[2024-08-03T09:01:02.578+0000] {logging_mixin.py:188} INFO - [2024-08-03T09:01:02.578+0000] {dag.py:3089} INFO - Sync 1 DAGs
[2024-08-03T09:01:02.599+0000] {logging_mixin.py:188} INFO - [2024-08-03T09:01:02.598+0000] {dag.py:3947} INFO - Setting next_dagrun for example_trigger_controller_dag to 2021-01-01 00:00:00+00:00, run_after=2021-01-01 00:00:00+00:00
[2024-08-03T09:01:02.627+0000] {processor.py:183} INFO - Processing /home/ubuntu/airflow-venv/lib/python3.12/site-packages/airflow/example_dags/example_trigger_controller_dag.py took 0.083 seconds
[2024-08-03T09:01:42.630+0000] {processor.py:161} INFO - Started process (PID=6062) to work on /home/ubuntu/airflow-venv/lib/python3.12/site-packages/airflow/example_dags/example_trigger_controller_dag.py
[2024-08-03T09:01:42.632+0000] {processor.py:830} INFO - Processing file /home/ubuntu/airflow-venv/lib/python3.12/site-packages/airflow/example_dags/example_trigger_controller_dag.py for tasks to queue
[2024-08-03T09:01:42.633+0000] {logging_mixin.py:188} INFO - [2024-08-03T09:01:42.633+0000] {dagbag.py:545} INFO - Filling up the DagBag from /home/ubuntu/airflow-venv/lib/python3.12/site-packages/airflow/example_dags/example_trigger_controller_dag.py
[2024-08-03T09:01:42.639+0000] {processor.py:840} INFO - DAG(s) 'example_trigger_controller_dag' retrieved from /home/ubuntu/airflow-venv/lib/python3.12/site-packages/airflow/example_dags/example_trigger_controller_dag.py
[2024-08-03T09:01:42.655+0000] {logging_mixin.py:188} INFO - [2024-08-03T09:01:42.654+0000] {dag.py:3089} INFO - Sync 1 DAGs
[2024-08-03T09:01:42.675+0000] {logging_mixin.py:188} INFO - [2024-08-03T09:01:42.675+0000] {dag.py:3947} INFO - Setting next_dagrun for example_trigger_controller_dag to 2021-01-01 00:00:00+00:00, run_after=2021-01-01 00:00:00+00:00
[2024-08-03T09:01:42.698+0000] {processor.py:183} INFO - Processing /home/ubuntu/airflow-venv/lib/python3.12/site-packages/airflow/example_dags/example_trigger_controller_dag.py took 0.076 seconds
[2024-08-03T09:02:26.465+0000] {processor.py:161} INFO - Started process (PID=6242) to work on /home/ubuntu/airflow-venv/lib/python3.12/site-packages/airflow/example_dags/example_trigger_controller_dag.py
[2024-08-03T09:02:26.467+0000] {processor.py:830} INFO - Processing file /home/ubuntu/airflow-venv/lib/python3.12/site-packages/airflow/example_dags/example_trigger_controller_dag.py for tasks to queue
[2024-08-03T09:02:26.468+0000] {logging_mixin.py:188} INFO - [2024-08-03T09:02:26.468+0000] {dagbag.py:545} INFO - Filling up the DagBag from /home/ubuntu/airflow-venv/lib/python3.12/site-packages/airflow/example_dags/example_trigger_controller_dag.py
[2024-08-03T09:02:26.474+0000] {processor.py:840} INFO - DAG(s) 'example_trigger_controller_dag' retrieved from /home/ubuntu/airflow-venv/lib/python3.12/site-packages/airflow/example_dags/example_trigger_controller_dag.py
[2024-08-03T09:02:26.490+0000] {logging_mixin.py:188} INFO - [2024-08-03T09:02:26.489+0000] {dag.py:3089} INFO - Sync 1 DAGs
[2024-08-03T09:02:26.510+0000] {logging_mixin.py:188} INFO - [2024-08-03T09:02:26.509+0000] {dag.py:3947} INFO - Setting next_dagrun for example_trigger_controller_dag to 2021-01-01 00:00:00+00:00, run_after=2021-01-01 00:00:00+00:00
[2024-08-03T09:02:26.535+0000] {processor.py:183} INFO - Processing /home/ubuntu/airflow-venv/lib/python3.12/site-packages/airflow/example_dags/example_trigger_controller_dag.py took 0.078 seconds
[2024-08-03T09:03:09.311+0000] {processor.py:161} INFO - Started process (PID=6341) to work on /home/ubuntu/airflow-venv/lib/python3.12/site-packages/airflow/example_dags/example_trigger_controller_dag.py
[2024-08-03T09:03:09.312+0000] {processor.py:830} INFO - Processing file /home/ubuntu/airflow-venv/lib/python3.12/site-packages/airflow/example_dags/example_trigger_controller_dag.py for tasks to queue
[2024-08-03T09:03:09.314+0000] {logging_mixin.py:188} INFO - [2024-08-03T09:03:09.313+0000] {dagbag.py:545} INFO - Filling up the DagBag from /home/ubuntu/airflow-venv/lib/python3.12/site-packages/airflow/example_dags/example_trigger_controller_dag.py
[2024-08-03T09:03:09.319+0000] {processor.py:840} INFO - DAG(s) 'example_trigger_controller_dag' retrieved from /home/ubuntu/airflow-venv/lib/python3.12/site-packages/airflow/example_dags/example_trigger_controller_dag.py
[2024-08-03T09:03:09.336+0000] {logging_mixin.py:188} INFO - [2024-08-03T09:03:09.336+0000] {dag.py:3089} INFO - Sync 1 DAGs
[2024-08-03T09:03:09.357+0000] {logging_mixin.py:188} INFO - [2024-08-03T09:03:09.356+0000] {dag.py:3947} INFO - Setting next_dagrun for example_trigger_controller_dag to 2021-01-01 00:00:00+00:00, run_after=2021-01-01 00:00:00+00:00
[2024-08-03T09:03:09.382+0000] {processor.py:183} INFO - Processing /home/ubuntu/airflow-venv/lib/python3.12/site-packages/airflow/example_dags/example_trigger_controller_dag.py took 0.080 seconds
[2024-08-03T09:03:49.281+0000] {processor.py:161} INFO - Started process (PID=6426) to work on /home/ubuntu/airflow-venv/lib/python3.12/site-packages/airflow/example_dags/example_trigger_controller_dag.py
[2024-08-03T09:03:49.283+0000] {processor.py:830} INFO - Processing file /home/ubuntu/airflow-venv/lib/python3.12/site-packages/airflow/example_dags/example_trigger_controller_dag.py for tasks to queue
[2024-08-03T09:03:49.285+0000] {logging_mixin.py:188} INFO - [2024-08-03T09:03:49.284+0000] {dagbag.py:545} INFO - Filling up the DagBag from /home/ubuntu/airflow-venv/lib/python3.12/site-packages/airflow/example_dags/example_trigger_controller_dag.py
[2024-08-03T09:03:49.290+0000] {processor.py:840} INFO - DAG(s) 'example_trigger_controller_dag' retrieved from /home/ubuntu/airflow-venv/lib/python3.12/site-packages/airflow/example_dags/example_trigger_controller_dag.py
[2024-08-03T09:03:49.309+0000] {logging_mixin.py:188} INFO - [2024-08-03T09:03:49.308+0000] {dag.py:3089} INFO - Sync 1 DAGs
[2024-08-03T09:03:49.332+0000] {logging_mixin.py:188} INFO - [2024-08-03T09:03:49.332+0000] {dag.py:3947} INFO - Setting next_dagrun for example_trigger_controller_dag to 2021-01-01 00:00:00+00:00, run_after=2021-01-01 00:00:00+00:00
[2024-08-03T09:03:49.359+0000] {processor.py:183} INFO - Processing /home/ubuntu/airflow-venv/lib/python3.12/site-packages/airflow/example_dags/example_trigger_controller_dag.py took 0.086 seconds
[2024-08-03T09:04:30.115+0000] {processor.py:161} INFO - Started process (PID=6512) to work on /home/ubuntu/airflow-venv/lib/python3.12/site-packages/airflow/example_dags/example_trigger_controller_dag.py
[2024-08-03T09:04:30.117+0000] {processor.py:830} INFO - Processing file /home/ubuntu/airflow-venv/lib/python3.12/site-packages/airflow/example_dags/example_trigger_controller_dag.py for tasks to queue
[2024-08-03T09:04:30.119+0000] {logging_mixin.py:188} INFO - [2024-08-03T09:04:30.118+0000] {dagbag.py:545} INFO - Filling up the DagBag from /home/ubuntu/airflow-venv/lib/python3.12/site-packages/airflow/example_dags/example_trigger_controller_dag.py
[2024-08-03T09:04:30.124+0000] {processor.py:840} INFO - DAG(s) 'example_trigger_controller_dag' retrieved from /home/ubuntu/airflow-venv/lib/python3.12/site-packages/airflow/example_dags/example_trigger_controller_dag.py
[2024-08-03T09:04:30.141+0000] {logging_mixin.py:188} INFO - [2024-08-03T09:04:30.141+0000] {dag.py:3089} INFO - Sync 1 DAGs
[2024-08-03T09:04:30.161+0000] {logging_mixin.py:188} INFO - [2024-08-03T09:04:30.161+0000] {dag.py:3947} INFO - Setting next_dagrun for example_trigger_controller_dag to 2021-01-01 00:00:00+00:00, run_after=2021-01-01 00:00:00+00:00
[2024-08-03T09:04:30.186+0000] {processor.py:183} INFO - Processing /home/ubuntu/airflow-venv/lib/python3.12/site-packages/airflow/example_dags/example_trigger_controller_dag.py took 0.079 seconds
[2024-08-03T09:05:13.427+0000] {processor.py:161} INFO - Started process (PID=6575) to work on /home/ubuntu/airflow-venv/lib/python3.12/site-packages/airflow/example_dags/example_trigger_controller_dag.py
[2024-08-03T09:05:13.429+0000] {processor.py:830} INFO - Processing file /home/ubuntu/airflow-venv/lib/python3.12/site-packages/airflow/example_dags/example_trigger_controller_dag.py for tasks to queue
[2024-08-03T09:05:13.431+0000] {logging_mixin.py:188} INFO - [2024-08-03T09:05:13.430+0000] {dagbag.py:545} INFO - Filling up the DagBag from /home/ubuntu/airflow-venv/lib/python3.12/site-packages/airflow/example_dags/example_trigger_controller_dag.py
[2024-08-03T09:05:13.436+0000] {processor.py:840} INFO - DAG(s) 'example_trigger_controller_dag' retrieved from /home/ubuntu/airflow-venv/lib/python3.12/site-packages/airflow/example_dags/example_trigger_controller_dag.py
[2024-08-03T09:05:13.453+0000] {logging_mixin.py:188} INFO - [2024-08-03T09:05:13.452+0000] {dag.py:3089} INFO - Sync 1 DAGs
[2024-08-03T09:05:13.474+0000] {logging_mixin.py:188} INFO - [2024-08-03T09:05:13.473+0000] {dag.py:3947} INFO - Setting next_dagrun for example_trigger_controller_dag to 2021-01-01 00:00:00+00:00, run_after=2021-01-01 00:00:00+00:00
[2024-08-03T09:05:13.501+0000] {processor.py:183} INFO - Processing /home/ubuntu/airflow-venv/lib/python3.12/site-packages/airflow/example_dags/example_trigger_controller_dag.py took 0.081 seconds
[2024-08-03T09:05:57.569+0000] {processor.py:161} INFO - Started process (PID=6710) to work on /home/ubuntu/airflow-venv/lib/python3.12/site-packages/airflow/example_dags/example_trigger_controller_dag.py
[2024-08-03T09:05:57.571+0000] {processor.py:830} INFO - Processing file /home/ubuntu/airflow-venv/lib/python3.12/site-packages/airflow/example_dags/example_trigger_controller_dag.py for tasks to queue
[2024-08-03T09:05:57.573+0000] {logging_mixin.py:188} INFO - [2024-08-03T09:05:57.572+0000] {dagbag.py:545} INFO - Filling up the DagBag from /home/ubuntu/airflow-venv/lib/python3.12/site-packages/airflow/example_dags/example_trigger_controller_dag.py
[2024-08-03T09:05:57.578+0000] {processor.py:840} INFO - DAG(s) 'example_trigger_controller_dag' retrieved from /home/ubuntu/airflow-venv/lib/python3.12/site-packages/airflow/example_dags/example_trigger_controller_dag.py
[2024-08-03T09:05:57.594+0000] {logging_mixin.py:188} INFO - [2024-08-03T09:05:57.593+0000] {dag.py:3089} INFO - Sync 1 DAGs
[2024-08-03T09:05:57.614+0000] {logging_mixin.py:188} INFO - [2024-08-03T09:05:57.613+0000] {dag.py:3947} INFO - Setting next_dagrun for example_trigger_controller_dag to 2021-01-01 00:00:00+00:00, run_after=2021-01-01 00:00:00+00:00
[2024-08-03T09:05:57.637+0000] {processor.py:183} INFO - Processing /home/ubuntu/airflow-venv/lib/python3.12/site-packages/airflow/example_dags/example_trigger_controller_dag.py took 0.076 seconds
[2024-08-03T09:06:41.669+0000] {processor.py:161} INFO - Started process (PID=6909) to work on /home/ubuntu/airflow-venv/lib/python3.12/site-packages/airflow/example_dags/example_trigger_controller_dag.py
[2024-08-03T09:06:41.670+0000] {processor.py:830} INFO - Processing file /home/ubuntu/airflow-venv/lib/python3.12/site-packages/airflow/example_dags/example_trigger_controller_dag.py for tasks to queue
[2024-08-03T09:06:41.672+0000] {logging_mixin.py:188} INFO - [2024-08-03T09:06:41.672+0000] {dagbag.py:545} INFO - Filling up the DagBag from /home/ubuntu/airflow-venv/lib/python3.12/site-packages/airflow/example_dags/example_trigger_controller_dag.py
[2024-08-03T09:06:41.677+0000] {processor.py:840} INFO - DAG(s) 'example_trigger_controller_dag' retrieved from /home/ubuntu/airflow-venv/lib/python3.12/site-packages/airflow/example_dags/example_trigger_controller_dag.py
[2024-08-03T09:06:41.694+0000] {logging_mixin.py:188} INFO - [2024-08-03T09:06:41.693+0000] {dag.py:3089} INFO - Sync 1 DAGs
[2024-08-03T09:06:41.713+0000] {logging_mixin.py:188} INFO - [2024-08-03T09:06:41.713+0000] {dag.py:3947} INFO - Setting next_dagrun for example_trigger_controller_dag to 2021-01-01 00:00:00+00:00, run_after=2021-01-01 00:00:00+00:00
[2024-08-03T09:06:41.737+0000] {processor.py:183} INFO - Processing /home/ubuntu/airflow-venv/lib/python3.12/site-packages/airflow/example_dags/example_trigger_controller_dag.py took 0.076 seconds
[2024-08-03T09:07:26.499+0000] {processor.py:161} INFO - Started process (PID=7071) to work on /home/ubuntu/airflow-venv/lib/python3.12/site-packages/airflow/example_dags/example_trigger_controller_dag.py
[2024-08-03T09:07:26.501+0000] {processor.py:830} INFO - Processing file /home/ubuntu/airflow-venv/lib/python3.12/site-packages/airflow/example_dags/example_trigger_controller_dag.py for tasks to queue
[2024-08-03T09:07:26.503+0000] {logging_mixin.py:188} INFO - [2024-08-03T09:07:26.502+0000] {dagbag.py:545} INFO - Filling up the DagBag from /home/ubuntu/airflow-venv/lib/python3.12/site-packages/airflow/example_dags/example_trigger_controller_dag.py
[2024-08-03T09:07:26.508+0000] {processor.py:840} INFO - DAG(s) 'example_trigger_controller_dag' retrieved from /home/ubuntu/airflow-venv/lib/python3.12/site-packages/airflow/example_dags/example_trigger_controller_dag.py
[2024-08-03T09:07:26.524+0000] {logging_mixin.py:188} INFO - [2024-08-03T09:07:26.524+0000] {dag.py:3089} INFO - Sync 1 DAGs
[2024-08-03T09:07:26.545+0000] {logging_mixin.py:188} INFO - [2024-08-03T09:07:26.544+0000] {dag.py:3947} INFO - Setting next_dagrun for example_trigger_controller_dag to 2021-01-01 00:00:00+00:00, run_after=2021-01-01 00:00:00+00:00
[2024-08-03T09:07:26.570+0000] {processor.py:183} INFO - Processing /home/ubuntu/airflow-venv/lib/python3.12/site-packages/airflow/example_dags/example_trigger_controller_dag.py took 0.079 seconds
[2024-08-03T09:08:10.630+0000] {processor.py:161} INFO - Started process (PID=7198) to work on /home/ubuntu/airflow-venv/lib/python3.12/site-packages/airflow/example_dags/example_trigger_controller_dag.py
[2024-08-03T09:08:10.632+0000] {processor.py:830} INFO - Processing file /home/ubuntu/airflow-venv/lib/python3.12/site-packages/airflow/example_dags/example_trigger_controller_dag.py for tasks to queue
[2024-08-03T09:08:10.633+0000] {logging_mixin.py:188} INFO - [2024-08-03T09:08:10.633+0000] {dagbag.py:545} INFO - Filling up the DagBag from /home/ubuntu/airflow-venv/lib/python3.12/site-packages/airflow/example_dags/example_trigger_controller_dag.py
[2024-08-03T09:08:10.639+0000] {processor.py:840} INFO - DAG(s) 'example_trigger_controller_dag' retrieved from /home/ubuntu/airflow-venv/lib/python3.12/site-packages/airflow/example_dags/example_trigger_controller_dag.py
[2024-08-03T09:08:10.655+0000] {logging_mixin.py:188} INFO - [2024-08-03T09:08:10.655+0000] {dag.py:3089} INFO - Sync 1 DAGs
[2024-08-03T09:08:10.676+0000] {logging_mixin.py:188} INFO - [2024-08-03T09:08:10.675+0000] {dag.py:3947} INFO - Setting next_dagrun for example_trigger_controller_dag to 2021-01-01 00:00:00+00:00, run_after=2021-01-01 00:00:00+00:00
[2024-08-03T09:08:10.700+0000] {processor.py:183} INFO - Processing /home/ubuntu/airflow-venv/lib/python3.12/site-packages/airflow/example_dags/example_trigger_controller_dag.py took 0.078 seconds
[2024-08-03T09:08:52.624+0000] {processor.py:161} INFO - Started process (PID=7428) to work on /home/ubuntu/airflow-venv/lib/python3.12/site-packages/airflow/example_dags/example_trigger_controller_dag.py
[2024-08-03T09:08:52.626+0000] {processor.py:830} INFO - Processing file /home/ubuntu/airflow-venv/lib/python3.12/site-packages/airflow/example_dags/example_trigger_controller_dag.py for tasks to queue
[2024-08-03T09:08:52.628+0000] {logging_mixin.py:188} INFO - [2024-08-03T09:08:52.628+0000] {dagbag.py:545} INFO - Filling up the DagBag from /home/ubuntu/airflow-venv/lib/python3.12/site-packages/airflow/example_dags/example_trigger_controller_dag.py
[2024-08-03T09:08:52.633+0000] {processor.py:840} INFO - DAG(s) 'example_trigger_controller_dag' retrieved from /home/ubuntu/airflow-venv/lib/python3.12/site-packages/airflow/example_dags/example_trigger_controller_dag.py
[2024-08-03T09:08:52.649+0000] {logging_mixin.py:188} INFO - [2024-08-03T09:08:52.649+0000] {dag.py:3089} INFO - Sync 1 DAGs
[2024-08-03T09:08:52.670+0000] {logging_mixin.py:188} INFO - [2024-08-03T09:08:52.669+0000] {dag.py:3947} INFO - Setting next_dagrun for example_trigger_controller_dag to 2021-01-01 00:00:00+00:00, run_after=2021-01-01 00:00:00+00:00
[2024-08-03T09:08:52.693+0000] {processor.py:183} INFO - Processing /home/ubuntu/airflow-venv/lib/python3.12/site-packages/airflow/example_dags/example_trigger_controller_dag.py took 0.076 seconds
[2024-08-03T09:09:34.575+0000] {processor.py:161} INFO - Started process (PID=7684) to work on /home/ubuntu/airflow-venv/lib/python3.12/site-packages/airflow/example_dags/example_trigger_controller_dag.py
[2024-08-03T09:09:34.577+0000] {processor.py:830} INFO - Processing file /home/ubuntu/airflow-venv/lib/python3.12/site-packages/airflow/example_dags/example_trigger_controller_dag.py for tasks to queue
[2024-08-03T09:09:34.579+0000] {logging_mixin.py:188} INFO - [2024-08-03T09:09:34.578+0000] {dagbag.py:545} INFO - Filling up the DagBag from /home/ubuntu/airflow-venv/lib/python3.12/site-packages/airflow/example_dags/example_trigger_controller_dag.py
[2024-08-03T09:09:34.584+0000] {processor.py:840} INFO - DAG(s) 'example_trigger_controller_dag' retrieved from /home/ubuntu/airflow-venv/lib/python3.12/site-packages/airflow/example_dags/example_trigger_controller_dag.py
[2024-08-03T09:09:34.601+0000] {logging_mixin.py:188} INFO - [2024-08-03T09:09:34.600+0000] {dag.py:3089} INFO - Sync 1 DAGs
[2024-08-03T09:09:34.622+0000] {logging_mixin.py:188} INFO - [2024-08-03T09:09:34.621+0000] {dag.py:3947} INFO - Setting next_dagrun for example_trigger_controller_dag to 2021-01-01 00:00:00+00:00, run_after=2021-01-01 00:00:00+00:00
[2024-08-03T09:09:34.645+0000] {processor.py:183} INFO - Processing /home/ubuntu/airflow-venv/lib/python3.12/site-packages/airflow/example_dags/example_trigger_controller_dag.py took 0.078 seconds
[2024-08-03T09:10:18.683+0000] {processor.py:161} INFO - Started process (PID=7858) to work on /home/ubuntu/airflow-venv/lib/python3.12/site-packages/airflow/example_dags/example_trigger_controller_dag.py
[2024-08-03T09:10:18.685+0000] {processor.py:830} INFO - Processing file /home/ubuntu/airflow-venv/lib/python3.12/site-packages/airflow/example_dags/example_trigger_controller_dag.py for tasks to queue
[2024-08-03T09:10:18.689+0000] {logging_mixin.py:188} INFO - [2024-08-03T09:10:18.687+0000] {dagbag.py:545} INFO - Filling up the DagBag from /home/ubuntu/airflow-venv/lib/python3.12/site-packages/airflow/example_dags/example_trigger_controller_dag.py
[2024-08-03T09:10:18.698+0000] {processor.py:840} INFO - DAG(s) 'example_trigger_controller_dag' retrieved from /home/ubuntu/airflow-venv/lib/python3.12/site-packages/airflow/example_dags/example_trigger_controller_dag.py
[2024-08-03T09:10:18.716+0000] {logging_mixin.py:188} INFO - [2024-08-03T09:10:18.716+0000] {dag.py:3089} INFO - Sync 1 DAGs
[2024-08-03T09:10:18.736+0000] {logging_mixin.py:188} INFO - [2024-08-03T09:10:18.736+0000] {dag.py:3947} INFO - Setting next_dagrun for example_trigger_controller_dag to 2021-01-01 00:00:00+00:00, run_after=2021-01-01 00:00:00+00:00
[2024-08-03T09:10:18.761+0000] {processor.py:183} INFO - Processing /home/ubuntu/airflow-venv/lib/python3.12/site-packages/airflow/example_dags/example_trigger_controller_dag.py took 0.087 seconds
[2024-08-03T09:10:59.543+0000] {processor.py:161} INFO - Started process (PID=7977) to work on /home/ubuntu/airflow-venv/lib/python3.12/site-packages/airflow/example_dags/example_trigger_controller_dag.py
[2024-08-03T09:10:59.544+0000] {processor.py:830} INFO - Processing file /home/ubuntu/airflow-venv/lib/python3.12/site-packages/airflow/example_dags/example_trigger_controller_dag.py for tasks to queue
[2024-08-03T09:10:59.546+0000] {logging_mixin.py:188} INFO - [2024-08-03T09:10:59.546+0000] {dagbag.py:545} INFO - Filling up the DagBag from /home/ubuntu/airflow-venv/lib/python3.12/site-packages/airflow/example_dags/example_trigger_controller_dag.py
[2024-08-03T09:10:59.551+0000] {processor.py:840} INFO - DAG(s) 'example_trigger_controller_dag' retrieved from /home/ubuntu/airflow-venv/lib/python3.12/site-packages/airflow/example_dags/example_trigger_controller_dag.py
[2024-08-03T09:10:59.567+0000] {logging_mixin.py:188} INFO - [2024-08-03T09:10:59.567+0000] {dag.py:3089} INFO - Sync 1 DAGs
[2024-08-03T09:10:59.587+0000] {logging_mixin.py:188} INFO - [2024-08-03T09:10:59.587+0000] {dag.py:3947} INFO - Setting next_dagrun for example_trigger_controller_dag to 2021-01-01 00:00:00+00:00, run_after=2021-01-01 00:00:00+00:00
[2024-08-03T09:10:59.611+0000] {processor.py:183} INFO - Processing /home/ubuntu/airflow-venv/lib/python3.12/site-packages/airflow/example_dags/example_trigger_controller_dag.py took 0.076 seconds
[2024-08-03T09:11:40.313+0000] {processor.py:161} INFO - Started process (PID=8020) to work on /home/ubuntu/airflow-venv/lib/python3.12/site-packages/airflow/example_dags/example_trigger_controller_dag.py
[2024-08-03T09:11:40.314+0000] {processor.py:830} INFO - Processing file /home/ubuntu/airflow-venv/lib/python3.12/site-packages/airflow/example_dags/example_trigger_controller_dag.py for tasks to queue
[2024-08-03T09:11:40.316+0000] {logging_mixin.py:188} INFO - [2024-08-03T09:11:40.316+0000] {dagbag.py:545} INFO - Filling up the DagBag from /home/ubuntu/airflow-venv/lib/python3.12/site-packages/airflow/example_dags/example_trigger_controller_dag.py
[2024-08-03T09:11:40.321+0000] {processor.py:840} INFO - DAG(s) 'example_trigger_controller_dag' retrieved from /home/ubuntu/airflow-venv/lib/python3.12/site-packages/airflow/example_dags/example_trigger_controller_dag.py
[2024-08-03T09:11:40.337+0000] {logging_mixin.py:188} INFO - [2024-08-03T09:11:40.337+0000] {dag.py:3089} INFO - Sync 1 DAGs
[2024-08-03T09:11:40.357+0000] {logging_mixin.py:188} INFO - [2024-08-03T09:11:40.357+0000] {dag.py:3947} INFO - Setting next_dagrun for example_trigger_controller_dag to 2021-01-01 00:00:00+00:00, run_after=2021-01-01 00:00:00+00:00
[2024-08-03T09:11:40.381+0000] {processor.py:183} INFO - Processing /home/ubuntu/airflow-venv/lib/python3.12/site-packages/airflow/example_dags/example_trigger_controller_dag.py took 0.077 seconds
[2024-08-03T09:12:21.047+0000] {processor.py:161} INFO - Started process (PID=8214) to work on /home/ubuntu/airflow-venv/lib/python3.12/site-packages/airflow/example_dags/example_trigger_controller_dag.py
[2024-08-03T09:12:21.049+0000] {processor.py:830} INFO - Processing file /home/ubuntu/airflow-venv/lib/python3.12/site-packages/airflow/example_dags/example_trigger_controller_dag.py for tasks to queue
[2024-08-03T09:12:21.051+0000] {logging_mixin.py:188} INFO - [2024-08-03T09:12:21.050+0000] {dagbag.py:545} INFO - Filling up the DagBag from /home/ubuntu/airflow-venv/lib/python3.12/site-packages/airflow/example_dags/example_trigger_controller_dag.py
[2024-08-03T09:12:21.056+0000] {processor.py:840} INFO - DAG(s) 'example_trigger_controller_dag' retrieved from /home/ubuntu/airflow-venv/lib/python3.12/site-packages/airflow/example_dags/example_trigger_controller_dag.py
[2024-08-03T09:12:21.073+0000] {logging_mixin.py:188} INFO - [2024-08-03T09:12:21.073+0000] {dag.py:3089} INFO - Sync 1 DAGs
[2024-08-03T09:12:21.093+0000] {logging_mixin.py:188} INFO - [2024-08-03T09:12:21.093+0000] {dag.py:3947} INFO - Setting next_dagrun for example_trigger_controller_dag to 2021-01-01 00:00:00+00:00, run_after=2021-01-01 00:00:00+00:00
[2024-08-03T09:12:21.118+0000] {processor.py:183} INFO - Processing /home/ubuntu/airflow-venv/lib/python3.12/site-packages/airflow/example_dags/example_trigger_controller_dag.py took 0.079 seconds
[2024-08-03T09:13:03.552+0000] {processor.py:161} INFO - Started process (PID=8504) to work on /home/ubuntu/airflow-venv/lib/python3.12/site-packages/airflow/example_dags/example_trigger_controller_dag.py
[2024-08-03T09:13:03.554+0000] {processor.py:830} INFO - Processing file /home/ubuntu/airflow-venv/lib/python3.12/site-packages/airflow/example_dags/example_trigger_controller_dag.py for tasks to queue
[2024-08-03T09:13:03.556+0000] {logging_mixin.py:188} INFO - [2024-08-03T09:13:03.555+0000] {dagbag.py:545} INFO - Filling up the DagBag from /home/ubuntu/airflow-venv/lib/python3.12/site-packages/airflow/example_dags/example_trigger_controller_dag.py
[2024-08-03T09:13:03.561+0000] {processor.py:840} INFO - DAG(s) 'example_trigger_controller_dag' retrieved from /home/ubuntu/airflow-venv/lib/python3.12/site-packages/airflow/example_dags/example_trigger_controller_dag.py
[2024-08-03T09:13:03.579+0000] {logging_mixin.py:188} INFO - [2024-08-03T09:13:03.578+0000] {dag.py:3089} INFO - Sync 1 DAGs
[2024-08-03T09:13:03.601+0000] {logging_mixin.py:188} INFO - [2024-08-03T09:13:03.601+0000] {dag.py:3947} INFO - Setting next_dagrun for example_trigger_controller_dag to 2021-01-01 00:00:00+00:00, run_after=2021-01-01 00:00:00+00:00
[2024-08-03T09:13:03.643+0000] {processor.py:183} INFO - Processing /home/ubuntu/airflow-venv/lib/python3.12/site-packages/airflow/example_dags/example_trigger_controller_dag.py took 0.100 seconds
