[2024-08-03T08:30:39.237+0000] {processor.py:161} INFO - Started process (PID=1817) to work on /home/ubuntu/airflow-venv/lib/python3.12/site-packages/airflow/example_dags/example_short_circuit_decorator.py
[2024-08-03T08:30:39.238+0000] {processor.py:830} INFO - Processing file /home/ubuntu/airflow-venv/lib/python3.12/site-packages/airflow/example_dags/example_short_circuit_decorator.py for tasks to queue
[2024-08-03T08:30:39.240+0000] {logging_mixin.py:188} INFO - [2024-08-03T08:30:39.240+0000] {dagbag.py:545} INFO - Filling up the DagBag from /home/ubuntu/airflow-venv/lib/python3.12/site-packages/airflow/example_dags/example_short_circuit_decorator.py
[2024-08-03T08:30:39.250+0000] {processor.py:840} INFO - DAG(s) 'example_short_circuit_decorator' retrieved from /home/ubuntu/airflow-venv/lib/python3.12/site-packages/airflow/example_dags/example_short_circuit_decorator.py
[2024-08-03T08:30:39.364+0000] {logging_mixin.py:188} INFO - [2024-08-03T08:30:39.364+0000] {dag.py:3089} INFO - Sync 1 DAGs
[2024-08-03T08:30:39.382+0000] {logging_mixin.py:188} INFO - [2024-08-03T08:30:39.381+0000] {dag.py:3947} INFO - Setting next_dagrun for example_short_circuit_decorator to 2024-08-02 00:00:00+00:00, run_after=2024-08-03 00:00:00+00:00
[2024-08-03T08:30:39.406+0000] {processor.py:183} INFO - Processing /home/ubuntu/airflow-venv/lib/python3.12/site-packages/airflow/example_dags/example_short_circuit_decorator.py took 0.175 seconds
[2024-08-03T08:31:36.373+0000] {processor.py:161} INFO - Started process (PID=1879) to work on /home/ubuntu/airflow-venv/lib/python3.12/site-packages/airflow/example_dags/example_short_circuit_decorator.py
[2024-08-03T08:31:36.375+0000] {processor.py:830} INFO - Processing file /home/ubuntu/airflow-venv/lib/python3.12/site-packages/airflow/example_dags/example_short_circuit_decorator.py for tasks to queue
[2024-08-03T08:31:36.377+0000] {logging_mixin.py:188} INFO - [2024-08-03T08:31:36.376+0000] {dagbag.py:545} INFO - Filling up the DagBag from /home/ubuntu/airflow-venv/lib/python3.12/site-packages/airflow/example_dags/example_short_circuit_decorator.py
[2024-08-03T08:31:36.387+0000] {processor.py:840} INFO - DAG(s) 'example_short_circuit_decorator' retrieved from /home/ubuntu/airflow-venv/lib/python3.12/site-packages/airflow/example_dags/example_short_circuit_decorator.py
[2024-08-03T08:31:36.407+0000] {logging_mixin.py:188} INFO - [2024-08-03T08:31:36.407+0000] {dag.py:3089} INFO - Sync 1 DAGs
[2024-08-03T08:31:36.429+0000] {logging_mixin.py:188} INFO - [2024-08-03T08:31:36.428+0000] {dag.py:3947} INFO - Setting next_dagrun for example_short_circuit_decorator to 2024-08-02 00:00:00+00:00, run_after=2024-08-03 00:00:00+00:00
[2024-08-03T08:31:36.454+0000] {processor.py:183} INFO - Processing /home/ubuntu/airflow-venv/lib/python3.12/site-packages/airflow/example_dags/example_short_circuit_decorator.py took 0.087 seconds
[2024-08-03T08:33:08.297+0000] {processor.py:161} INFO - Started process (PID=1983) to work on /home/ubuntu/airflow-venv/lib/python3.12/site-packages/airflow/example_dags/example_short_circuit_decorator.py
[2024-08-03T08:33:08.300+0000] {processor.py:830} INFO - Processing file /home/ubuntu/airflow-venv/lib/python3.12/site-packages/airflow/example_dags/example_short_circuit_decorator.py for tasks to queue
[2024-08-03T08:33:08.302+0000] {logging_mixin.py:188} INFO - [2024-08-03T08:33:08.302+0000] {dagbag.py:545} INFO - Filling up the DagBag from /home/ubuntu/airflow-venv/lib/python3.12/site-packages/airflow/example_dags/example_short_circuit_decorator.py
[2024-08-03T08:33:08.312+0000] {processor.py:840} INFO - DAG(s) 'example_short_circuit_decorator' retrieved from /home/ubuntu/airflow-venv/lib/python3.12/site-packages/airflow/example_dags/example_short_circuit_decorator.py
[2024-08-03T08:33:08.321+0000] {logging_mixin.py:188} INFO - [2024-08-03T08:33:08.321+0000] {dag.py:3089} INFO - Sync 1 DAGs
[2024-08-03T08:33:08.343+0000] {logging_mixin.py:188} INFO - [2024-08-03T08:33:08.343+0000] {dag.py:3947} INFO - Setting next_dagrun for example_short_circuit_decorator to 2024-08-02 00:00:00+00:00, run_after=2024-08-03 00:00:00+00:00
[2024-08-03T08:33:08.367+0000] {processor.py:183} INFO - Processing /home/ubuntu/airflow-venv/lib/python3.12/site-packages/airflow/example_dags/example_short_circuit_decorator.py took 0.076 seconds
[2024-08-03T08:34:05.383+0000] {processor.py:161} INFO - Started process (PID=2039) to work on /home/ubuntu/airflow-venv/lib/python3.12/site-packages/airflow/example_dags/example_short_circuit_decorator.py
[2024-08-03T08:34:05.385+0000] {processor.py:830} INFO - Processing file /home/ubuntu/airflow-venv/lib/python3.12/site-packages/airflow/example_dags/example_short_circuit_decorator.py for tasks to queue
[2024-08-03T08:34:05.386+0000] {logging_mixin.py:188} INFO - [2024-08-03T08:34:05.386+0000] {dagbag.py:545} INFO - Filling up the DagBag from /home/ubuntu/airflow-venv/lib/python3.12/site-packages/airflow/example_dags/example_short_circuit_decorator.py
[2024-08-03T08:34:05.396+0000] {processor.py:840} INFO - DAG(s) 'example_short_circuit_decorator' retrieved from /home/ubuntu/airflow-venv/lib/python3.12/site-packages/airflow/example_dags/example_short_circuit_decorator.py
[2024-08-03T08:34:05.505+0000] {logging_mixin.py:188} INFO - [2024-08-03T08:34:05.504+0000] {dag.py:3089} INFO - Sync 1 DAGs
[2024-08-03T08:34:05.523+0000] {logging_mixin.py:188} INFO - [2024-08-03T08:34:05.522+0000] {dag.py:3947} INFO - Setting next_dagrun for example_short_circuit_decorator to 2024-08-02 00:00:00+00:00, run_after=2024-08-03 00:00:00+00:00
[2024-08-03T08:34:05.547+0000] {processor.py:183} INFO - Processing /home/ubuntu/airflow-venv/lib/python3.12/site-packages/airflow/example_dags/example_short_circuit_decorator.py took 0.170 seconds
[2024-08-03T08:35:18.667+0000] {processor.py:161} INFO - Started process (PID=2129) to work on /home/ubuntu/airflow-venv/lib/python3.12/site-packages/airflow/example_dags/example_short_circuit_decorator.py
[2024-08-03T08:35:18.668+0000] {processor.py:830} INFO - Processing file /home/ubuntu/airflow-venv/lib/python3.12/site-packages/airflow/example_dags/example_short_circuit_decorator.py for tasks to queue
[2024-08-03T08:35:18.670+0000] {logging_mixin.py:188} INFO - [2024-08-03T08:35:18.670+0000] {dagbag.py:545} INFO - Filling up the DagBag from /home/ubuntu/airflow-venv/lib/python3.12/site-packages/airflow/example_dags/example_short_circuit_decorator.py
[2024-08-03T08:35:18.680+0000] {processor.py:840} INFO - DAG(s) 'example_short_circuit_decorator' retrieved from /home/ubuntu/airflow-venv/lib/python3.12/site-packages/airflow/example_dags/example_short_circuit_decorator.py
[2024-08-03T08:35:18.700+0000] {logging_mixin.py:188} INFO - [2024-08-03T08:35:18.700+0000] {dag.py:3089} INFO - Sync 1 DAGs
[2024-08-03T08:35:18.721+0000] {logging_mixin.py:188} INFO - [2024-08-03T08:35:18.721+0000] {dag.py:3947} INFO - Setting next_dagrun for example_short_circuit_decorator to 2024-08-02 00:00:00+00:00, run_after=2024-08-03 00:00:00+00:00
[2024-08-03T08:35:18.747+0000] {processor.py:183} INFO - Processing /home/ubuntu/airflow-venv/lib/python3.12/site-packages/airflow/example_dags/example_short_circuit_decorator.py took 0.087 seconds
[2024-08-03T08:36:12.397+0000] {processor.py:161} INFO - Started process (PID=2184) to work on /home/ubuntu/airflow-venv/lib/python3.12/site-packages/airflow/example_dags/example_short_circuit_decorator.py
[2024-08-03T08:36:12.398+0000] {processor.py:830} INFO - Processing file /home/ubuntu/airflow-venv/lib/python3.12/site-packages/airflow/example_dags/example_short_circuit_decorator.py for tasks to queue
[2024-08-03T08:36:12.400+0000] {logging_mixin.py:188} INFO - [2024-08-03T08:36:12.399+0000] {dagbag.py:545} INFO - Filling up the DagBag from /home/ubuntu/airflow-venv/lib/python3.12/site-packages/airflow/example_dags/example_short_circuit_decorator.py
[2024-08-03T08:36:12.410+0000] {processor.py:840} INFO - DAG(s) 'example_short_circuit_decorator' retrieved from /home/ubuntu/airflow-venv/lib/python3.12/site-packages/airflow/example_dags/example_short_circuit_decorator.py
[2024-08-03T08:36:12.430+0000] {logging_mixin.py:188} INFO - [2024-08-03T08:36:12.430+0000] {dag.py:3089} INFO - Sync 1 DAGs
[2024-08-03T08:36:12.451+0000] {logging_mixin.py:188} INFO - [2024-08-03T08:36:12.450+0000] {dag.py:3947} INFO - Setting next_dagrun for example_short_circuit_decorator to 2024-08-02 00:00:00+00:00, run_after=2024-08-03 00:00:00+00:00
[2024-08-03T08:36:12.476+0000] {processor.py:183} INFO - Processing /home/ubuntu/airflow-venv/lib/python3.12/site-packages/airflow/example_dags/example_short_circuit_decorator.py took 0.085 seconds
[2024-08-03T08:37:10.063+0000] {processor.py:161} INFO - Started process (PID=2251) to work on /home/ubuntu/airflow-venv/lib/python3.12/site-packages/airflow/example_dags/example_short_circuit_decorator.py
[2024-08-03T08:37:10.065+0000] {processor.py:830} INFO - Processing file /home/ubuntu/airflow-venv/lib/python3.12/site-packages/airflow/example_dags/example_short_circuit_decorator.py for tasks to queue
[2024-08-03T08:37:10.067+0000] {logging_mixin.py:188} INFO - [2024-08-03T08:37:10.066+0000] {dagbag.py:545} INFO - Filling up the DagBag from /home/ubuntu/airflow-venv/lib/python3.12/site-packages/airflow/example_dags/example_short_circuit_decorator.py
[2024-08-03T08:37:10.076+0000] {processor.py:840} INFO - DAG(s) 'example_short_circuit_decorator' retrieved from /home/ubuntu/airflow-venv/lib/python3.12/site-packages/airflow/example_dags/example_short_circuit_decorator.py
[2024-08-03T08:37:10.096+0000] {logging_mixin.py:188} INFO - [2024-08-03T08:37:10.096+0000] {dag.py:3089} INFO - Sync 1 DAGs
[2024-08-03T08:37:10.116+0000] {logging_mixin.py:188} INFO - [2024-08-03T08:37:10.116+0000] {dag.py:3947} INFO - Setting next_dagrun for example_short_circuit_decorator to 2024-08-02 00:00:00+00:00, run_after=2024-08-03 00:00:00+00:00
[2024-08-03T08:37:10.139+0000] {processor.py:183} INFO - Processing /home/ubuntu/airflow-venv/lib/python3.12/site-packages/airflow/example_dags/example_short_circuit_decorator.py took 0.082 seconds
[2024-08-03T08:38:02.693+0000] {processor.py:161} INFO - Started process (PID=2335) to work on /home/ubuntu/airflow-venv/lib/python3.12/site-packages/airflow/example_dags/example_short_circuit_decorator.py
[2024-08-03T08:38:02.695+0000] {processor.py:830} INFO - Processing file /home/ubuntu/airflow-venv/lib/python3.12/site-packages/airflow/example_dags/example_short_circuit_decorator.py for tasks to queue
[2024-08-03T08:38:02.697+0000] {logging_mixin.py:188} INFO - [2024-08-03T08:38:02.696+0000] {dagbag.py:545} INFO - Filling up the DagBag from /home/ubuntu/airflow-venv/lib/python3.12/site-packages/airflow/example_dags/example_short_circuit_decorator.py
[2024-08-03T08:38:02.712+0000] {processor.py:840} INFO - DAG(s) 'example_short_circuit_decorator' retrieved from /home/ubuntu/airflow-venv/lib/python3.12/site-packages/airflow/example_dags/example_short_circuit_decorator.py
[2024-08-03T08:38:02.741+0000] {logging_mixin.py:188} INFO - [2024-08-03T08:38:02.740+0000] {dag.py:3089} INFO - Sync 1 DAGs
[2024-08-03T08:38:02.772+0000] {logging_mixin.py:188} INFO - [2024-08-03T08:38:02.772+0000] {dag.py:3947} INFO - Setting next_dagrun for example_short_circuit_decorator to 2024-08-02 00:00:00+00:00, run_after=2024-08-03 00:00:00+00:00
[2024-08-03T08:38:02.801+0000] {processor.py:183} INFO - Processing /home/ubuntu/airflow-venv/lib/python3.12/site-packages/airflow/example_dags/example_short_circuit_decorator.py took 0.118 seconds
[2024-08-03T08:38:59.282+0000] {processor.py:161} INFO - Started process (PID=2397) to work on /home/ubuntu/airflow-venv/lib/python3.12/site-packages/airflow/example_dags/example_short_circuit_decorator.py
[2024-08-03T08:38:59.284+0000] {processor.py:830} INFO - Processing file /home/ubuntu/airflow-venv/lib/python3.12/site-packages/airflow/example_dags/example_short_circuit_decorator.py for tasks to queue
[2024-08-03T08:38:59.286+0000] {logging_mixin.py:188} INFO - [2024-08-03T08:38:59.285+0000] {dagbag.py:545} INFO - Filling up the DagBag from /home/ubuntu/airflow-venv/lib/python3.12/site-packages/airflow/example_dags/example_short_circuit_decorator.py
[2024-08-03T08:38:59.295+0000] {processor.py:840} INFO - DAG(s) 'example_short_circuit_decorator' retrieved from /home/ubuntu/airflow-venv/lib/python3.12/site-packages/airflow/example_dags/example_short_circuit_decorator.py
[2024-08-03T08:38:59.315+0000] {logging_mixin.py:188} INFO - [2024-08-03T08:38:59.315+0000] {dag.py:3089} INFO - Sync 1 DAGs
[2024-08-03T08:38:59.335+0000] {logging_mixin.py:188} INFO - [2024-08-03T08:38:59.335+0000] {dag.py:3947} INFO - Setting next_dagrun for example_short_circuit_decorator to 2024-08-02 00:00:00+00:00, run_after=2024-08-03 00:00:00+00:00
[2024-08-03T08:38:59.360+0000] {processor.py:183} INFO - Processing /home/ubuntu/airflow-venv/lib/python3.12/site-packages/airflow/example_dags/example_short_circuit_decorator.py took 0.083 seconds
[2024-08-03T08:39:53.796+0000] {processor.py:161} INFO - Started process (PID=2457) to work on /home/ubuntu/airflow-venv/lib/python3.12/site-packages/airflow/example_dags/example_short_circuit_decorator.py
[2024-08-03T08:39:53.798+0000] {processor.py:830} INFO - Processing file /home/ubuntu/airflow-venv/lib/python3.12/site-packages/airflow/example_dags/example_short_circuit_decorator.py for tasks to queue
[2024-08-03T08:39:53.800+0000] {logging_mixin.py:188} INFO - [2024-08-03T08:39:53.799+0000] {dagbag.py:545} INFO - Filling up the DagBag from /home/ubuntu/airflow-venv/lib/python3.12/site-packages/airflow/example_dags/example_short_circuit_decorator.py
[2024-08-03T08:39:53.810+0000] {processor.py:840} INFO - DAG(s) 'example_short_circuit_decorator' retrieved from /home/ubuntu/airflow-venv/lib/python3.12/site-packages/airflow/example_dags/example_short_circuit_decorator.py
[2024-08-03T08:39:53.829+0000] {logging_mixin.py:188} INFO - [2024-08-03T08:39:53.829+0000] {dag.py:3089} INFO - Sync 1 DAGs
[2024-08-03T08:39:53.850+0000] {logging_mixin.py:188} INFO - [2024-08-03T08:39:53.850+0000] {dag.py:3947} INFO - Setting next_dagrun for example_short_circuit_decorator to 2024-08-02 00:00:00+00:00, run_after=2024-08-03 00:00:00+00:00
[2024-08-03T08:39:53.873+0000] {processor.py:183} INFO - Processing /home/ubuntu/airflow-venv/lib/python3.12/site-packages/airflow/example_dags/example_short_circuit_decorator.py took 0.083 seconds
[2024-08-03T08:40:45.268+0000] {processor.py:161} INFO - Started process (PID=2517) to work on /home/ubuntu/airflow-venv/lib/python3.12/site-packages/airflow/example_dags/example_short_circuit_decorator.py
[2024-08-03T08:40:45.270+0000] {processor.py:830} INFO - Processing file /home/ubuntu/airflow-venv/lib/python3.12/site-packages/airflow/example_dags/example_short_circuit_decorator.py for tasks to queue
[2024-08-03T08:40:45.272+0000] {logging_mixin.py:188} INFO - [2024-08-03T08:40:45.271+0000] {dagbag.py:545} INFO - Filling up the DagBag from /home/ubuntu/airflow-venv/lib/python3.12/site-packages/airflow/example_dags/example_short_circuit_decorator.py
[2024-08-03T08:40:45.282+0000] {processor.py:840} INFO - DAG(s) 'example_short_circuit_decorator' retrieved from /home/ubuntu/airflow-venv/lib/python3.12/site-packages/airflow/example_dags/example_short_circuit_decorator.py
[2024-08-03T08:40:45.303+0000] {logging_mixin.py:188} INFO - [2024-08-03T08:40:45.302+0000] {dag.py:3089} INFO - Sync 1 DAGs
[2024-08-03T08:40:45.324+0000] {logging_mixin.py:188} INFO - [2024-08-03T08:40:45.323+0000] {dag.py:3947} INFO - Setting next_dagrun for example_short_circuit_decorator to 2024-08-02 00:00:00+00:00, run_after=2024-08-03 00:00:00+00:00
[2024-08-03T08:40:45.348+0000] {processor.py:183} INFO - Processing /home/ubuntu/airflow-venv/lib/python3.12/site-packages/airflow/example_dags/example_short_circuit_decorator.py took 0.086 seconds
[2024-08-03T08:41:33.978+0000] {processor.py:161} INFO - Started process (PID=2571) to work on /home/ubuntu/airflow-venv/lib/python3.12/site-packages/airflow/example_dags/example_short_circuit_decorator.py
[2024-08-03T08:41:33.980+0000] {processor.py:830} INFO - Processing file /home/ubuntu/airflow-venv/lib/python3.12/site-packages/airflow/example_dags/example_short_circuit_decorator.py for tasks to queue
[2024-08-03T08:41:33.981+0000] {logging_mixin.py:188} INFO - [2024-08-03T08:41:33.981+0000] {dagbag.py:545} INFO - Filling up the DagBag from /home/ubuntu/airflow-venv/lib/python3.12/site-packages/airflow/example_dags/example_short_circuit_decorator.py
[2024-08-03T08:41:33.991+0000] {processor.py:840} INFO - DAG(s) 'example_short_circuit_decorator' retrieved from /home/ubuntu/airflow-venv/lib/python3.12/site-packages/airflow/example_dags/example_short_circuit_decorator.py
[2024-08-03T08:41:34.011+0000] {logging_mixin.py:188} INFO - [2024-08-03T08:41:34.011+0000] {dag.py:3089} INFO - Sync 1 DAGs
[2024-08-03T08:41:34.031+0000] {logging_mixin.py:188} INFO - [2024-08-03T08:41:34.031+0000] {dag.py:3947} INFO - Setting next_dagrun for example_short_circuit_decorator to 2024-08-02 00:00:00+00:00, run_after=2024-08-03 00:00:00+00:00
[2024-08-03T08:41:34.056+0000] {processor.py:183} INFO - Processing /home/ubuntu/airflow-venv/lib/python3.12/site-packages/airflow/example_dags/example_short_circuit_decorator.py took 0.084 seconds
[2024-08-03T08:42:21.731+0000] {processor.py:161} INFO - Started process (PID=2620) to work on /home/ubuntu/airflow-venv/lib/python3.12/site-packages/airflow/example_dags/example_short_circuit_decorator.py
[2024-08-03T08:42:21.733+0000] {processor.py:830} INFO - Processing file /home/ubuntu/airflow-venv/lib/python3.12/site-packages/airflow/example_dags/example_short_circuit_decorator.py for tasks to queue
[2024-08-03T08:42:21.735+0000] {logging_mixin.py:188} INFO - [2024-08-03T08:42:21.734+0000] {dagbag.py:545} INFO - Filling up the DagBag from /home/ubuntu/airflow-venv/lib/python3.12/site-packages/airflow/example_dags/example_short_circuit_decorator.py
[2024-08-03T08:42:21.744+0000] {processor.py:840} INFO - DAG(s) 'example_short_circuit_decorator' retrieved from /home/ubuntu/airflow-venv/lib/python3.12/site-packages/airflow/example_dags/example_short_circuit_decorator.py
[2024-08-03T08:42:21.764+0000] {logging_mixin.py:188} INFO - [2024-08-03T08:42:21.764+0000] {dag.py:3089} INFO - Sync 1 DAGs
[2024-08-03T08:42:21.785+0000] {logging_mixin.py:188} INFO - [2024-08-03T08:42:21.784+0000] {dag.py:3947} INFO - Setting next_dagrun for example_short_circuit_decorator to 2024-08-02 00:00:00+00:00, run_after=2024-08-03 00:00:00+00:00
[2024-08-03T08:42:21.808+0000] {processor.py:183} INFO - Processing /home/ubuntu/airflow-venv/lib/python3.12/site-packages/airflow/example_dags/example_short_circuit_decorator.py took 0.083 seconds
[2024-08-03T08:43:05.956+0000] {processor.py:161} INFO - Started process (PID=2670) to work on /home/ubuntu/airflow-venv/lib/python3.12/site-packages/airflow/example_dags/example_short_circuit_decorator.py
[2024-08-03T08:43:05.958+0000] {processor.py:830} INFO - Processing file /home/ubuntu/airflow-venv/lib/python3.12/site-packages/airflow/example_dags/example_short_circuit_decorator.py for tasks to queue
[2024-08-03T08:43:05.959+0000] {logging_mixin.py:188} INFO - [2024-08-03T08:43:05.959+0000] {dagbag.py:545} INFO - Filling up the DagBag from /home/ubuntu/airflow-venv/lib/python3.12/site-packages/airflow/example_dags/example_short_circuit_decorator.py
[2024-08-03T08:43:05.969+0000] {processor.py:840} INFO - DAG(s) 'example_short_circuit_decorator' retrieved from /home/ubuntu/airflow-venv/lib/python3.12/site-packages/airflow/example_dags/example_short_circuit_decorator.py
[2024-08-03T08:43:05.989+0000] {logging_mixin.py:188} INFO - [2024-08-03T08:43:05.989+0000] {dag.py:3089} INFO - Sync 1 DAGs
[2024-08-03T08:43:06.010+0000] {logging_mixin.py:188} INFO - [2024-08-03T08:43:06.010+0000] {dag.py:3947} INFO - Setting next_dagrun for example_short_circuit_decorator to 2024-08-02 00:00:00+00:00, run_after=2024-08-03 00:00:00+00:00
[2024-08-03T08:43:06.034+0000] {processor.py:183} INFO - Processing /home/ubuntu/airflow-venv/lib/python3.12/site-packages/airflow/example_dags/example_short_circuit_decorator.py took 0.084 seconds
[2024-08-03T08:43:49.040+0000] {processor.py:161} INFO - Started process (PID=2757) to work on /home/ubuntu/airflow-venv/lib/python3.12/site-packages/airflow/example_dags/example_short_circuit_decorator.py
[2024-08-03T08:43:49.041+0000] {processor.py:830} INFO - Processing file /home/ubuntu/airflow-venv/lib/python3.12/site-packages/airflow/example_dags/example_short_circuit_decorator.py for tasks to queue
[2024-08-03T08:43:49.043+0000] {logging_mixin.py:188} INFO - [2024-08-03T08:43:49.043+0000] {dagbag.py:545} INFO - Filling up the DagBag from /home/ubuntu/airflow-venv/lib/python3.12/site-packages/airflow/example_dags/example_short_circuit_decorator.py
[2024-08-03T08:43:49.053+0000] {processor.py:840} INFO - DAG(s) 'example_short_circuit_decorator' retrieved from /home/ubuntu/airflow-venv/lib/python3.12/site-packages/airflow/example_dags/example_short_circuit_decorator.py
[2024-08-03T08:43:49.074+0000] {logging_mixin.py:188} INFO - [2024-08-03T08:43:49.073+0000] {dag.py:3089} INFO - Sync 1 DAGs
[2024-08-03T08:43:49.095+0000] {logging_mixin.py:188} INFO - [2024-08-03T08:43:49.095+0000] {dag.py:3947} INFO - Setting next_dagrun for example_short_circuit_decorator to 2024-08-02 00:00:00+00:00, run_after=2024-08-03 00:00:00+00:00
[2024-08-03T08:43:49.119+0000] {processor.py:183} INFO - Processing /home/ubuntu/airflow-venv/lib/python3.12/site-packages/airflow/example_dags/example_short_circuit_decorator.py took 0.086 seconds
[2024-08-03T08:44:52.759+0000] {processor.py:161} INFO - Started process (PID=2947) to work on /home/ubuntu/airflow-venv/lib/python3.12/site-packages/airflow/example_dags/example_short_circuit_decorator.py
[2024-08-03T08:44:52.760+0000] {processor.py:830} INFO - Processing file /home/ubuntu/airflow-venv/lib/python3.12/site-packages/airflow/example_dags/example_short_circuit_decorator.py for tasks to queue
[2024-08-03T08:44:52.762+0000] {logging_mixin.py:188} INFO - [2024-08-03T08:44:52.762+0000] {dagbag.py:545} INFO - Filling up the DagBag from /home/ubuntu/airflow-venv/lib/python3.12/site-packages/airflow/example_dags/example_short_circuit_decorator.py
[2024-08-03T08:44:52.772+0000] {processor.py:840} INFO - DAG(s) 'example_short_circuit_decorator' retrieved from /home/ubuntu/airflow-venv/lib/python3.12/site-packages/airflow/example_dags/example_short_circuit_decorator.py
[2024-08-03T08:44:52.791+0000] {logging_mixin.py:188} INFO - [2024-08-03T08:44:52.791+0000] {dag.py:3089} INFO - Sync 1 DAGs
[2024-08-03T08:44:52.811+0000] {logging_mixin.py:188} INFO - [2024-08-03T08:44:52.811+0000] {dag.py:3947} INFO - Setting next_dagrun for example_short_circuit_decorator to 2024-08-02 00:00:00+00:00, run_after=2024-08-03 00:00:00+00:00
[2024-08-03T08:44:52.835+0000] {processor.py:183} INFO - Processing /home/ubuntu/airflow-venv/lib/python3.12/site-packages/airflow/example_dags/example_short_circuit_decorator.py took 0.082 seconds
[2024-08-03T08:45:36.688+0000] {processor.py:161} INFO - Started process (PID=3095) to work on /home/ubuntu/airflow-venv/lib/python3.12/site-packages/airflow/example_dags/example_short_circuit_decorator.py
[2024-08-03T08:45:36.690+0000] {processor.py:830} INFO - Processing file /home/ubuntu/airflow-venv/lib/python3.12/site-packages/airflow/example_dags/example_short_circuit_decorator.py for tasks to queue
[2024-08-03T08:45:36.691+0000] {logging_mixin.py:188} INFO - [2024-08-03T08:45:36.691+0000] {dagbag.py:545} INFO - Filling up the DagBag from /home/ubuntu/airflow-venv/lib/python3.12/site-packages/airflow/example_dags/example_short_circuit_decorator.py
[2024-08-03T08:45:36.702+0000] {processor.py:840} INFO - DAG(s) 'example_short_circuit_decorator' retrieved from /home/ubuntu/airflow-venv/lib/python3.12/site-packages/airflow/example_dags/example_short_circuit_decorator.py
[2024-08-03T08:45:36.722+0000] {logging_mixin.py:188} INFO - [2024-08-03T08:45:36.722+0000] {dag.py:3089} INFO - Sync 1 DAGs
[2024-08-03T08:45:36.744+0000] {logging_mixin.py:188} INFO - [2024-08-03T08:45:36.744+0000] {dag.py:3947} INFO - Setting next_dagrun for example_short_circuit_decorator to 2024-08-02 00:00:00+00:00, run_after=2024-08-03 00:00:00+00:00
[2024-08-03T08:45:36.768+0000] {processor.py:183} INFO - Processing /home/ubuntu/airflow-venv/lib/python3.12/site-packages/airflow/example_dags/example_short_circuit_decorator.py took 0.086 seconds
[2024-08-03T08:46:18.619+0000] {processor.py:161} INFO - Started process (PID=3143) to work on /home/ubuntu/airflow-venv/lib/python3.12/site-packages/airflow/example_dags/example_short_circuit_decorator.py
[2024-08-03T08:46:18.621+0000] {processor.py:830} INFO - Processing file /home/ubuntu/airflow-venv/lib/python3.12/site-packages/airflow/example_dags/example_short_circuit_decorator.py for tasks to queue
[2024-08-03T08:46:18.623+0000] {logging_mixin.py:188} INFO - [2024-08-03T08:46:18.622+0000] {dagbag.py:545} INFO - Filling up the DagBag from /home/ubuntu/airflow-venv/lib/python3.12/site-packages/airflow/example_dags/example_short_circuit_decorator.py
[2024-08-03T08:46:18.632+0000] {processor.py:840} INFO - DAG(s) 'example_short_circuit_decorator' retrieved from /home/ubuntu/airflow-venv/lib/python3.12/site-packages/airflow/example_dags/example_short_circuit_decorator.py
[2024-08-03T08:46:18.652+0000] {logging_mixin.py:188} INFO - [2024-08-03T08:46:18.652+0000] {dag.py:3089} INFO - Sync 1 DAGs
[2024-08-03T08:46:18.673+0000] {logging_mixin.py:188} INFO - [2024-08-03T08:46:18.672+0000] {dag.py:3947} INFO - Setting next_dagrun for example_short_circuit_decorator to 2024-08-02 00:00:00+00:00, run_after=2024-08-03 00:00:00+00:00
[2024-08-03T08:46:18.696+0000] {processor.py:183} INFO - Processing /home/ubuntu/airflow-venv/lib/python3.12/site-packages/airflow/example_dags/example_short_circuit_decorator.py took 0.083 seconds
[2024-08-03T08:47:03.787+0000] {processor.py:161} INFO - Started process (PID=3191) to work on /home/ubuntu/airflow-venv/lib/python3.12/site-packages/airflow/example_dags/example_short_circuit_decorator.py
[2024-08-03T08:47:03.788+0000] {processor.py:830} INFO - Processing file /home/ubuntu/airflow-venv/lib/python3.12/site-packages/airflow/example_dags/example_short_circuit_decorator.py for tasks to queue
[2024-08-03T08:47:03.790+0000] {logging_mixin.py:188} INFO - [2024-08-03T08:47:03.789+0000] {dagbag.py:545} INFO - Filling up the DagBag from /home/ubuntu/airflow-venv/lib/python3.12/site-packages/airflow/example_dags/example_short_circuit_decorator.py
[2024-08-03T08:47:03.800+0000] {processor.py:840} INFO - DAG(s) 'example_short_circuit_decorator' retrieved from /home/ubuntu/airflow-venv/lib/python3.12/site-packages/airflow/example_dags/example_short_circuit_decorator.py
[2024-08-03T08:47:03.821+0000] {logging_mixin.py:188} INFO - [2024-08-03T08:47:03.821+0000] {dag.py:3089} INFO - Sync 1 DAGs
[2024-08-03T08:47:03.842+0000] {logging_mixin.py:188} INFO - [2024-08-03T08:47:03.842+0000] {dag.py:3947} INFO - Setting next_dagrun for example_short_circuit_decorator to 2024-08-02 00:00:00+00:00, run_after=2024-08-03 00:00:00+00:00
[2024-08-03T08:47:03.866+0000] {processor.py:183} INFO - Processing /home/ubuntu/airflow-venv/lib/python3.12/site-packages/airflow/example_dags/example_short_circuit_decorator.py took 0.085 seconds
[2024-08-03T08:48:06.966+0000] {processor.py:161} INFO - Started process (PID=3729) to work on /home/ubuntu/airflow-venv/lib/python3.12/site-packages/airflow/example_dags/example_short_circuit_decorator.py
[2024-08-03T08:48:06.967+0000] {processor.py:830} INFO - Processing file /home/ubuntu/airflow-venv/lib/python3.12/site-packages/airflow/example_dags/example_short_circuit_decorator.py for tasks to queue
[2024-08-03T08:48:06.969+0000] {logging_mixin.py:188} INFO - [2024-08-03T08:48:06.968+0000] {dagbag.py:545} INFO - Filling up the DagBag from /home/ubuntu/airflow-venv/lib/python3.12/site-packages/airflow/example_dags/example_short_circuit_decorator.py
[2024-08-03T08:48:06.979+0000] {processor.py:840} INFO - DAG(s) 'example_short_circuit_decorator' retrieved from /home/ubuntu/airflow-venv/lib/python3.12/site-packages/airflow/example_dags/example_short_circuit_decorator.py
[2024-08-03T08:48:06.998+0000] {logging_mixin.py:188} INFO - [2024-08-03T08:48:06.998+0000] {dag.py:3089} INFO - Sync 1 DAGs
[2024-08-03T08:48:07.019+0000] {logging_mixin.py:188} INFO - [2024-08-03T08:48:07.019+0000] {dag.py:3947} INFO - Setting next_dagrun for example_short_circuit_decorator to 2024-08-02 00:00:00+00:00, run_after=2024-08-03 00:00:00+00:00
[2024-08-03T08:48:07.044+0000] {processor.py:183} INFO - Processing /home/ubuntu/airflow-venv/lib/python3.12/site-packages/airflow/example_dags/example_short_circuit_decorator.py took 0.085 seconds
[2024-08-03T08:48:50.319+0000] {processor.py:161} INFO - Started process (PID=3857) to work on /home/ubuntu/airflow-venv/lib/python3.12/site-packages/airflow/example_dags/example_short_circuit_decorator.py
[2024-08-03T08:48:50.320+0000] {processor.py:830} INFO - Processing file /home/ubuntu/airflow-venv/lib/python3.12/site-packages/airflow/example_dags/example_short_circuit_decorator.py for tasks to queue
[2024-08-03T08:48:50.322+0000] {logging_mixin.py:188} INFO - [2024-08-03T08:48:50.322+0000] {dagbag.py:545} INFO - Filling up the DagBag from /home/ubuntu/airflow-venv/lib/python3.12/site-packages/airflow/example_dags/example_short_circuit_decorator.py
[2024-08-03T08:48:50.332+0000] {processor.py:840} INFO - DAG(s) 'example_short_circuit_decorator' retrieved from /home/ubuntu/airflow-venv/lib/python3.12/site-packages/airflow/example_dags/example_short_circuit_decorator.py
[2024-08-03T08:48:50.351+0000] {logging_mixin.py:188} INFO - [2024-08-03T08:48:50.351+0000] {dag.py:3089} INFO - Sync 1 DAGs
[2024-08-03T08:48:50.371+0000] {logging_mixin.py:188} INFO - [2024-08-03T08:48:50.371+0000] {dag.py:3947} INFO - Setting next_dagrun for example_short_circuit_decorator to 2024-08-02 00:00:00+00:00, run_after=2024-08-03 00:00:00+00:00
[2024-08-03T08:48:50.395+0000] {processor.py:183} INFO - Processing /home/ubuntu/airflow-venv/lib/python3.12/site-packages/airflow/example_dags/example_short_circuit_decorator.py took 0.082 seconds
[2024-08-03T08:49:34.601+0000] {processor.py:161} INFO - Started process (PID=4014) to work on /home/ubuntu/airflow-venv/lib/python3.12/site-packages/airflow/example_dags/example_short_circuit_decorator.py
[2024-08-03T08:49:34.603+0000] {processor.py:830} INFO - Processing file /home/ubuntu/airflow-venv/lib/python3.12/site-packages/airflow/example_dags/example_short_circuit_decorator.py for tasks to queue
[2024-08-03T08:49:34.604+0000] {logging_mixin.py:188} INFO - [2024-08-03T08:49:34.604+0000] {dagbag.py:545} INFO - Filling up the DagBag from /home/ubuntu/airflow-venv/lib/python3.12/site-packages/airflow/example_dags/example_short_circuit_decorator.py
[2024-08-03T08:49:34.614+0000] {processor.py:840} INFO - DAG(s) 'example_short_circuit_decorator' retrieved from /home/ubuntu/airflow-venv/lib/python3.12/site-packages/airflow/example_dags/example_short_circuit_decorator.py
[2024-08-03T08:49:34.634+0000] {logging_mixin.py:188} INFO - [2024-08-03T08:49:34.633+0000] {dag.py:3089} INFO - Sync 1 DAGs
[2024-08-03T08:49:34.654+0000] {logging_mixin.py:188} INFO - [2024-08-03T08:49:34.654+0000] {dag.py:3947} INFO - Setting next_dagrun for example_short_circuit_decorator to 2024-08-02 00:00:00+00:00, run_after=2024-08-03 00:00:00+00:00
[2024-08-03T08:49:34.677+0000] {processor.py:183} INFO - Processing /home/ubuntu/airflow-venv/lib/python3.12/site-packages/airflow/example_dags/example_short_circuit_decorator.py took 0.082 seconds
[2024-08-03T08:50:40.766+0000] {processor.py:161} INFO - Started process (PID=4487) to work on /home/ubuntu/airflow-venv/lib/python3.12/site-packages/airflow/example_dags/example_short_circuit_decorator.py
[2024-08-03T08:50:40.767+0000] {processor.py:830} INFO - Processing file /home/ubuntu/airflow-venv/lib/python3.12/site-packages/airflow/example_dags/example_short_circuit_decorator.py for tasks to queue
[2024-08-03T08:50:40.769+0000] {logging_mixin.py:188} INFO - [2024-08-03T08:50:40.769+0000] {dagbag.py:545} INFO - Filling up the DagBag from /home/ubuntu/airflow-venv/lib/python3.12/site-packages/airflow/example_dags/example_short_circuit_decorator.py
[2024-08-03T08:50:40.778+0000] {processor.py:840} INFO - DAG(s) 'example_short_circuit_decorator' retrieved from /home/ubuntu/airflow-venv/lib/python3.12/site-packages/airflow/example_dags/example_short_circuit_decorator.py
[2024-08-03T08:50:40.799+0000] {logging_mixin.py:188} INFO - [2024-08-03T08:50:40.798+0000] {dag.py:3089} INFO - Sync 1 DAGs
[2024-08-03T08:50:40.820+0000] {logging_mixin.py:188} INFO - [2024-08-03T08:50:40.820+0000] {dag.py:3947} INFO - Setting next_dagrun for example_short_circuit_decorator to 2024-08-02 00:00:00+00:00, run_after=2024-08-03 00:00:00+00:00
[2024-08-03T08:50:40.844+0000] {processor.py:183} INFO - Processing /home/ubuntu/airflow-venv/lib/python3.12/site-packages/airflow/example_dags/example_short_circuit_decorator.py took 0.085 seconds
[2024-08-03T08:51:32.369+0000] {processor.py:161} INFO - Started process (PID=4652) to work on /home/ubuntu/airflow-venv/lib/python3.12/site-packages/airflow/example_dags/example_short_circuit_decorator.py
[2024-08-03T08:51:32.371+0000] {processor.py:830} INFO - Processing file /home/ubuntu/airflow-venv/lib/python3.12/site-packages/airflow/example_dags/example_short_circuit_decorator.py for tasks to queue
[2024-08-03T08:51:32.372+0000] {logging_mixin.py:188} INFO - [2024-08-03T08:51:32.372+0000] {dagbag.py:545} INFO - Filling up the DagBag from /home/ubuntu/airflow-venv/lib/python3.12/site-packages/airflow/example_dags/example_short_circuit_decorator.py
[2024-08-03T08:51:32.382+0000] {processor.py:840} INFO - DAG(s) 'example_short_circuit_decorator' retrieved from /home/ubuntu/airflow-venv/lib/python3.12/site-packages/airflow/example_dags/example_short_circuit_decorator.py
[2024-08-03T08:51:32.402+0000] {logging_mixin.py:188} INFO - [2024-08-03T08:51:32.401+0000] {dag.py:3089} INFO - Sync 1 DAGs
[2024-08-03T08:51:32.422+0000] {logging_mixin.py:188} INFO - [2024-08-03T08:51:32.421+0000] {dag.py:3947} INFO - Setting next_dagrun for example_short_circuit_decorator to 2024-08-02 00:00:00+00:00, run_after=2024-08-03 00:00:00+00:00
[2024-08-03T08:51:32.446+0000] {processor.py:183} INFO - Processing /home/ubuntu/airflow-venv/lib/python3.12/site-packages/airflow/example_dags/example_short_circuit_decorator.py took 0.085 seconds
[2024-08-03T08:52:19.044+0000] {processor.py:161} INFO - Started process (PID=4730) to work on /home/ubuntu/airflow-venv/lib/python3.12/site-packages/airflow/example_dags/example_short_circuit_decorator.py
[2024-08-03T08:52:19.045+0000] {processor.py:830} INFO - Processing file /home/ubuntu/airflow-venv/lib/python3.12/site-packages/airflow/example_dags/example_short_circuit_decorator.py for tasks to queue
[2024-08-03T08:52:19.047+0000] {logging_mixin.py:188} INFO - [2024-08-03T08:52:19.047+0000] {dagbag.py:545} INFO - Filling up the DagBag from /home/ubuntu/airflow-venv/lib/python3.12/site-packages/airflow/example_dags/example_short_circuit_decorator.py
[2024-08-03T08:52:19.056+0000] {processor.py:840} INFO - DAG(s) 'example_short_circuit_decorator' retrieved from /home/ubuntu/airflow-venv/lib/python3.12/site-packages/airflow/example_dags/example_short_circuit_decorator.py
[2024-08-03T08:52:19.076+0000] {logging_mixin.py:188} INFO - [2024-08-03T08:52:19.076+0000] {dag.py:3089} INFO - Sync 1 DAGs
[2024-08-03T08:52:19.096+0000] {logging_mixin.py:188} INFO - [2024-08-03T08:52:19.096+0000] {dag.py:3947} INFO - Setting next_dagrun for example_short_circuit_decorator to 2024-08-02 00:00:00+00:00, run_after=2024-08-03 00:00:00+00:00
[2024-08-03T08:52:19.121+0000] {processor.py:183} INFO - Processing /home/ubuntu/airflow-venv/lib/python3.12/site-packages/airflow/example_dags/example_short_circuit_decorator.py took 0.085 seconds
[2024-08-03T08:53:01.761+0000] {processor.py:161} INFO - Started process (PID=4832) to work on /home/ubuntu/airflow-venv/lib/python3.12/site-packages/airflow/example_dags/example_short_circuit_decorator.py
[2024-08-03T08:53:01.762+0000] {processor.py:830} INFO - Processing file /home/ubuntu/airflow-venv/lib/python3.12/site-packages/airflow/example_dags/example_short_circuit_decorator.py for tasks to queue
[2024-08-03T08:53:01.764+0000] {logging_mixin.py:188} INFO - [2024-08-03T08:53:01.764+0000] {dagbag.py:545} INFO - Filling up the DagBag from /home/ubuntu/airflow-venv/lib/python3.12/site-packages/airflow/example_dags/example_short_circuit_decorator.py
[2024-08-03T08:53:01.775+0000] {processor.py:840} INFO - DAG(s) 'example_short_circuit_decorator' retrieved from /home/ubuntu/airflow-venv/lib/python3.12/site-packages/airflow/example_dags/example_short_circuit_decorator.py
[2024-08-03T08:53:01.795+0000] {logging_mixin.py:188} INFO - [2024-08-03T08:53:01.795+0000] {dag.py:3089} INFO - Sync 1 DAGs
[2024-08-03T08:53:01.817+0000] {logging_mixin.py:188} INFO - [2024-08-03T08:53:01.816+0000] {dag.py:3947} INFO - Setting next_dagrun for example_short_circuit_decorator to 2024-08-02 00:00:00+00:00, run_after=2024-08-03 00:00:00+00:00
[2024-08-03T08:53:01.841+0000] {processor.py:183} INFO - Processing /home/ubuntu/airflow-venv/lib/python3.12/site-packages/airflow/example_dags/example_short_circuit_decorator.py took 0.088 seconds
[2024-08-03T08:53:46.823+0000] {processor.py:161} INFO - Started process (PID=4888) to work on /home/ubuntu/airflow-venv/lib/python3.12/site-packages/airflow/example_dags/example_short_circuit_decorator.py
[2024-08-03T08:53:46.824+0000] {processor.py:830} INFO - Processing file /home/ubuntu/airflow-venv/lib/python3.12/site-packages/airflow/example_dags/example_short_circuit_decorator.py for tasks to queue
[2024-08-03T08:53:46.826+0000] {logging_mixin.py:188} INFO - [2024-08-03T08:53:46.826+0000] {dagbag.py:545} INFO - Filling up the DagBag from /home/ubuntu/airflow-venv/lib/python3.12/site-packages/airflow/example_dags/example_short_circuit_decorator.py
[2024-08-03T08:53:46.835+0000] {processor.py:840} INFO - DAG(s) 'example_short_circuit_decorator' retrieved from /home/ubuntu/airflow-venv/lib/python3.12/site-packages/airflow/example_dags/example_short_circuit_decorator.py
[2024-08-03T08:53:46.855+0000] {logging_mixin.py:188} INFO - [2024-08-03T08:53:46.855+0000] {dag.py:3089} INFO - Sync 1 DAGs
[2024-08-03T08:53:46.875+0000] {logging_mixin.py:188} INFO - [2024-08-03T08:53:46.875+0000] {dag.py:3947} INFO - Setting next_dagrun for example_short_circuit_decorator to 2024-08-02 00:00:00+00:00, run_after=2024-08-03 00:00:00+00:00
[2024-08-03T08:53:46.899+0000] {processor.py:183} INFO - Processing /home/ubuntu/airflow-venv/lib/python3.12/site-packages/airflow/example_dags/example_short_circuit_decorator.py took 0.084 seconds
[2024-08-03T08:54:33.437+0000] {processor.py:161} INFO - Started process (PID=4934) to work on /home/ubuntu/airflow-venv/lib/python3.12/site-packages/airflow/example_dags/example_short_circuit_decorator.py
[2024-08-03T08:54:33.439+0000] {processor.py:830} INFO - Processing file /home/ubuntu/airflow-venv/lib/python3.12/site-packages/airflow/example_dags/example_short_circuit_decorator.py for tasks to queue
[2024-08-03T08:54:33.440+0000] {logging_mixin.py:188} INFO - [2024-08-03T08:54:33.440+0000] {dagbag.py:545} INFO - Filling up the DagBag from /home/ubuntu/airflow-venv/lib/python3.12/site-packages/airflow/example_dags/example_short_circuit_decorator.py
[2024-08-03T08:54:33.450+0000] {processor.py:840} INFO - DAG(s) 'example_short_circuit_decorator' retrieved from /home/ubuntu/airflow-venv/lib/python3.12/site-packages/airflow/example_dags/example_short_circuit_decorator.py
[2024-08-03T08:54:33.469+0000] {logging_mixin.py:188} INFO - [2024-08-03T08:54:33.469+0000] {dag.py:3089} INFO - Sync 1 DAGs
[2024-08-03T08:54:33.489+0000] {logging_mixin.py:188} INFO - [2024-08-03T08:54:33.489+0000] {dag.py:3947} INFO - Setting next_dagrun for example_short_circuit_decorator to 2024-08-02 00:00:00+00:00, run_after=2024-08-03 00:00:00+00:00
[2024-08-03T08:54:33.513+0000] {processor.py:183} INFO - Processing /home/ubuntu/airflow-venv/lib/python3.12/site-packages/airflow/example_dags/example_short_circuit_decorator.py took 0.084 seconds
[2024-08-03T08:55:44.568+0000] {processor.py:161} INFO - Started process (PID=5021) to work on /home/ubuntu/airflow-venv/lib/python3.12/site-packages/airflow/example_dags/example_short_circuit_decorator.py
[2024-08-03T08:55:44.570+0000] {processor.py:830} INFO - Processing file /home/ubuntu/airflow-venv/lib/python3.12/site-packages/airflow/example_dags/example_short_circuit_decorator.py for tasks to queue
[2024-08-03T08:55:44.572+0000] {logging_mixin.py:188} INFO - [2024-08-03T08:55:44.571+0000] {dagbag.py:545} INFO - Filling up the DagBag from /home/ubuntu/airflow-venv/lib/python3.12/site-packages/airflow/example_dags/example_short_circuit_decorator.py
[2024-08-03T08:55:44.581+0000] {processor.py:840} INFO - DAG(s) 'example_short_circuit_decorator' retrieved from /home/ubuntu/airflow-venv/lib/python3.12/site-packages/airflow/example_dags/example_short_circuit_decorator.py
[2024-08-03T08:55:44.601+0000] {logging_mixin.py:188} INFO - [2024-08-03T08:55:44.601+0000] {dag.py:3089} INFO - Sync 1 DAGs
[2024-08-03T08:55:44.741+0000] {logging_mixin.py:188} INFO - [2024-08-03T08:55:44.741+0000] {dag.py:3947} INFO - Setting next_dagrun for example_short_circuit_decorator to 2024-08-02 00:00:00+00:00, run_after=2024-08-03 00:00:00+00:00
[2024-08-03T08:55:44.764+0000] {processor.py:183} INFO - Processing /home/ubuntu/airflow-venv/lib/python3.12/site-packages/airflow/example_dags/example_short_circuit_decorator.py took 0.203 seconds
[2024-08-03T08:56:40.170+0000] {processor.py:161} INFO - Started process (PID=5103) to work on /home/ubuntu/airflow-venv/lib/python3.12/site-packages/airflow/example_dags/example_short_circuit_decorator.py
[2024-08-03T08:56:40.172+0000] {processor.py:830} INFO - Processing file /home/ubuntu/airflow-venv/lib/python3.12/site-packages/airflow/example_dags/example_short_circuit_decorator.py for tasks to queue
[2024-08-03T08:56:40.174+0000] {logging_mixin.py:188} INFO - [2024-08-03T08:56:40.174+0000] {dagbag.py:545} INFO - Filling up the DagBag from /home/ubuntu/airflow-venv/lib/python3.12/site-packages/airflow/example_dags/example_short_circuit_decorator.py
[2024-08-03T08:56:40.184+0000] {processor.py:840} INFO - DAG(s) 'example_short_circuit_decorator' retrieved from /home/ubuntu/airflow-venv/lib/python3.12/site-packages/airflow/example_dags/example_short_circuit_decorator.py
[2024-08-03T08:56:40.204+0000] {logging_mixin.py:188} INFO - [2024-08-03T08:56:40.204+0000] {dag.py:3089} INFO - Sync 1 DAGs
[2024-08-03T08:56:40.226+0000] {logging_mixin.py:188} INFO - [2024-08-03T08:56:40.225+0000] {dag.py:3947} INFO - Setting next_dagrun for example_short_circuit_decorator to 2024-08-02 00:00:00+00:00, run_after=2024-08-03 00:00:00+00:00
[2024-08-03T08:56:40.359+0000] {processor.py:183} INFO - Processing /home/ubuntu/airflow-venv/lib/python3.12/site-packages/airflow/example_dags/example_short_circuit_decorator.py took 0.196 seconds
[2024-08-03T08:57:30.123+0000] {processor.py:161} INFO - Started process (PID=5203) to work on /home/ubuntu/airflow-venv/lib/python3.12/site-packages/airflow/example_dags/example_short_circuit_decorator.py
[2024-08-03T08:57:30.125+0000] {processor.py:830} INFO - Processing file /home/ubuntu/airflow-venv/lib/python3.12/site-packages/airflow/example_dags/example_short_circuit_decorator.py for tasks to queue
[2024-08-03T08:57:30.127+0000] {logging_mixin.py:188} INFO - [2024-08-03T08:57:30.126+0000] {dagbag.py:545} INFO - Filling up the DagBag from /home/ubuntu/airflow-venv/lib/python3.12/site-packages/airflow/example_dags/example_short_circuit_decorator.py
[2024-08-03T08:57:30.136+0000] {processor.py:840} INFO - DAG(s) 'example_short_circuit_decorator' retrieved from /home/ubuntu/airflow-venv/lib/python3.12/site-packages/airflow/example_dags/example_short_circuit_decorator.py
[2024-08-03T08:57:30.156+0000] {logging_mixin.py:188} INFO - [2024-08-03T08:57:30.156+0000] {dag.py:3089} INFO - Sync 1 DAGs
[2024-08-03T08:57:30.177+0000] {logging_mixin.py:188} INFO - [2024-08-03T08:57:30.176+0000] {dag.py:3947} INFO - Setting next_dagrun for example_short_circuit_decorator to 2024-08-02 00:00:00+00:00, run_after=2024-08-03 00:00:00+00:00
[2024-08-03T08:57:30.200+0000] {processor.py:183} INFO - Processing /home/ubuntu/airflow-venv/lib/python3.12/site-packages/airflow/example_dags/example_short_circuit_decorator.py took 0.084 seconds
[2024-08-03T08:58:21.777+0000] {processor.py:161} INFO - Started process (PID=5364) to work on /home/ubuntu/airflow-venv/lib/python3.12/site-packages/airflow/example_dags/example_short_circuit_decorator.py
[2024-08-03T08:58:21.779+0000] {processor.py:830} INFO - Processing file /home/ubuntu/airflow-venv/lib/python3.12/site-packages/airflow/example_dags/example_short_circuit_decorator.py for tasks to queue
[2024-08-03T08:58:21.780+0000] {logging_mixin.py:188} INFO - [2024-08-03T08:58:21.780+0000] {dagbag.py:545} INFO - Filling up the DagBag from /home/ubuntu/airflow-venv/lib/python3.12/site-packages/airflow/example_dags/example_short_circuit_decorator.py
[2024-08-03T08:58:21.790+0000] {processor.py:840} INFO - DAG(s) 'example_short_circuit_decorator' retrieved from /home/ubuntu/airflow-venv/lib/python3.12/site-packages/airflow/example_dags/example_short_circuit_decorator.py
[2024-08-03T08:58:21.933+0000] {logging_mixin.py:188} INFO - [2024-08-03T08:58:21.933+0000] {dag.py:3089} INFO - Sync 1 DAGs
[2024-08-03T08:58:21.951+0000] {logging_mixin.py:188} INFO - [2024-08-03T08:58:21.951+0000] {dag.py:3947} INFO - Setting next_dagrun for example_short_circuit_decorator to 2024-08-02 00:00:00+00:00, run_after=2024-08-03 00:00:00+00:00
[2024-08-03T08:58:21.978+0000] {processor.py:183} INFO - Processing /home/ubuntu/airflow-venv/lib/python3.12/site-packages/airflow/example_dags/example_short_circuit_decorator.py took 0.209 seconds
[2024-08-03T08:59:12.079+0000] {processor.py:161} INFO - Started process (PID=5463) to work on /home/ubuntu/airflow-venv/lib/python3.12/site-packages/airflow/example_dags/example_short_circuit_decorator.py
[2024-08-03T08:59:12.081+0000] {processor.py:830} INFO - Processing file /home/ubuntu/airflow-venv/lib/python3.12/site-packages/airflow/example_dags/example_short_circuit_decorator.py for tasks to queue
[2024-08-03T08:59:12.083+0000] {logging_mixin.py:188} INFO - [2024-08-03T08:59:12.082+0000] {dagbag.py:545} INFO - Filling up the DagBag from /home/ubuntu/airflow-venv/lib/python3.12/site-packages/airflow/example_dags/example_short_circuit_decorator.py
[2024-08-03T08:59:12.092+0000] {processor.py:840} INFO - DAG(s) 'example_short_circuit_decorator' retrieved from /home/ubuntu/airflow-venv/lib/python3.12/site-packages/airflow/example_dags/example_short_circuit_decorator.py
[2024-08-03T08:59:12.112+0000] {logging_mixin.py:188} INFO - [2024-08-03T08:59:12.112+0000] {dag.py:3089} INFO - Sync 1 DAGs
[2024-08-03T08:59:12.133+0000] {logging_mixin.py:188} INFO - [2024-08-03T08:59:12.133+0000] {dag.py:3947} INFO - Setting next_dagrun for example_short_circuit_decorator to 2024-08-02 00:00:00+00:00, run_after=2024-08-03 00:00:00+00:00
[2024-08-03T08:59:12.170+0000] {processor.py:183} INFO - Processing /home/ubuntu/airflow-venv/lib/python3.12/site-packages/airflow/example_dags/example_short_circuit_decorator.py took 0.099 seconds
[2024-08-03T09:00:00.074+0000] {processor.py:161} INFO - Started process (PID=5567) to work on /home/ubuntu/airflow-venv/lib/python3.12/site-packages/airflow/example_dags/example_short_circuit_decorator.py
[2024-08-03T09:00:00.076+0000] {processor.py:830} INFO - Processing file /home/ubuntu/airflow-venv/lib/python3.12/site-packages/airflow/example_dags/example_short_circuit_decorator.py for tasks to queue
[2024-08-03T09:00:00.078+0000] {logging_mixin.py:188} INFO - [2024-08-03T09:00:00.077+0000] {dagbag.py:545} INFO - Filling up the DagBag from /home/ubuntu/airflow-venv/lib/python3.12/site-packages/airflow/example_dags/example_short_circuit_decorator.py
[2024-08-03T09:00:00.088+0000] {processor.py:840} INFO - DAG(s) 'example_short_circuit_decorator' retrieved from /home/ubuntu/airflow-venv/lib/python3.12/site-packages/airflow/example_dags/example_short_circuit_decorator.py
[2024-08-03T09:00:00.110+0000] {logging_mixin.py:188} INFO - [2024-08-03T09:00:00.109+0000] {dag.py:3089} INFO - Sync 1 DAGs
[2024-08-03T09:00:00.132+0000] {logging_mixin.py:188} INFO - [2024-08-03T09:00:00.131+0000] {dag.py:3947} INFO - Setting next_dagrun for example_short_circuit_decorator to 2024-08-02 00:00:00+00:00, run_after=2024-08-03 00:00:00+00:00
[2024-08-03T09:00:00.159+0000] {processor.py:183} INFO - Processing /home/ubuntu/airflow-venv/lib/python3.12/site-packages/airflow/example_dags/example_short_circuit_decorator.py took 0.095 seconds
[2024-08-03T09:00:44.409+0000] {processor.py:161} INFO - Started process (PID=5791) to work on /home/ubuntu/airflow-venv/lib/python3.12/site-packages/airflow/example_dags/example_short_circuit_decorator.py
[2024-08-03T09:00:44.411+0000] {processor.py:830} INFO - Processing file /home/ubuntu/airflow-venv/lib/python3.12/site-packages/airflow/example_dags/example_short_circuit_decorator.py for tasks to queue
[2024-08-03T09:00:44.412+0000] {logging_mixin.py:188} INFO - [2024-08-03T09:00:44.412+0000] {dagbag.py:545} INFO - Filling up the DagBag from /home/ubuntu/airflow-venv/lib/python3.12/site-packages/airflow/example_dags/example_short_circuit_decorator.py
[2024-08-03T09:00:44.422+0000] {processor.py:840} INFO - DAG(s) 'example_short_circuit_decorator' retrieved from /home/ubuntu/airflow-venv/lib/python3.12/site-packages/airflow/example_dags/example_short_circuit_decorator.py
[2024-08-03T09:00:44.442+0000] {logging_mixin.py:188} INFO - [2024-08-03T09:00:44.442+0000] {dag.py:3089} INFO - Sync 1 DAGs
[2024-08-03T09:00:44.462+0000] {logging_mixin.py:188} INFO - [2024-08-03T09:00:44.462+0000] {dag.py:3947} INFO - Setting next_dagrun for example_short_circuit_decorator to 2024-08-02 00:00:00+00:00, run_after=2024-08-03 00:00:00+00:00
[2024-08-03T09:00:44.487+0000] {processor.py:183} INFO - Processing /home/ubuntu/airflow-venv/lib/python3.12/site-packages/airflow/example_dags/example_short_circuit_decorator.py took 0.086 seconds
[2024-08-03T09:01:28.321+0000] {processor.py:161} INFO - Started process (PID=5981) to work on /home/ubuntu/airflow-venv/lib/python3.12/site-packages/airflow/example_dags/example_short_circuit_decorator.py
[2024-08-03T09:01:28.323+0000] {processor.py:830} INFO - Processing file /home/ubuntu/airflow-venv/lib/python3.12/site-packages/airflow/example_dags/example_short_circuit_decorator.py for tasks to queue
[2024-08-03T09:01:28.325+0000] {logging_mixin.py:188} INFO - [2024-08-03T09:01:28.324+0000] {dagbag.py:545} INFO - Filling up the DagBag from /home/ubuntu/airflow-venv/lib/python3.12/site-packages/airflow/example_dags/example_short_circuit_decorator.py
[2024-08-03T09:01:28.334+0000] {processor.py:840} INFO - DAG(s) 'example_short_circuit_decorator' retrieved from /home/ubuntu/airflow-venv/lib/python3.12/site-packages/airflow/example_dags/example_short_circuit_decorator.py
[2024-08-03T09:01:28.354+0000] {logging_mixin.py:188} INFO - [2024-08-03T09:01:28.354+0000] {dag.py:3089} INFO - Sync 1 DAGs
[2024-08-03T09:01:28.376+0000] {logging_mixin.py:188} INFO - [2024-08-03T09:01:28.376+0000] {dag.py:3947} INFO - Setting next_dagrun for example_short_circuit_decorator to 2024-08-02 00:00:00+00:00, run_after=2024-08-03 00:00:00+00:00
[2024-08-03T09:01:28.400+0000] {processor.py:183} INFO - Processing /home/ubuntu/airflow-venv/lib/python3.12/site-packages/airflow/example_dags/example_short_circuit_decorator.py took 0.087 seconds
[2024-08-03T09:02:30.324+0000] {processor.py:161} INFO - Started process (PID=6246) to work on /home/ubuntu/airflow-venv/lib/python3.12/site-packages/airflow/example_dags/example_short_circuit_decorator.py
[2024-08-03T09:02:30.326+0000] {processor.py:830} INFO - Processing file /home/ubuntu/airflow-venv/lib/python3.12/site-packages/airflow/example_dags/example_short_circuit_decorator.py for tasks to queue
[2024-08-03T09:02:30.328+0000] {logging_mixin.py:188} INFO - [2024-08-03T09:02:30.328+0000] {dagbag.py:545} INFO - Filling up the DagBag from /home/ubuntu/airflow-venv/lib/python3.12/site-packages/airflow/example_dags/example_short_circuit_decorator.py
[2024-08-03T09:02:30.337+0000] {processor.py:840} INFO - DAG(s) 'example_short_circuit_decorator' retrieved from /home/ubuntu/airflow-venv/lib/python3.12/site-packages/airflow/example_dags/example_short_circuit_decorator.py
[2024-08-03T09:02:30.357+0000] {logging_mixin.py:188} INFO - [2024-08-03T09:02:30.357+0000] {dag.py:3089} INFO - Sync 1 DAGs
[2024-08-03T09:02:30.378+0000] {logging_mixin.py:188} INFO - [2024-08-03T09:02:30.378+0000] {dag.py:3947} INFO - Setting next_dagrun for example_short_circuit_decorator to 2024-08-02 00:00:00+00:00, run_after=2024-08-03 00:00:00+00:00
[2024-08-03T09:02:30.403+0000] {processor.py:183} INFO - Processing /home/ubuntu/airflow-venv/lib/python3.12/site-packages/airflow/example_dags/example_short_circuit_decorator.py took 0.087 seconds
[2024-08-03T09:03:14.131+0000] {processor.py:161} INFO - Started process (PID=6362) to work on /home/ubuntu/airflow-venv/lib/python3.12/site-packages/airflow/example_dags/example_short_circuit_decorator.py
[2024-08-03T09:03:14.133+0000] {processor.py:830} INFO - Processing file /home/ubuntu/airflow-venv/lib/python3.12/site-packages/airflow/example_dags/example_short_circuit_decorator.py for tasks to queue
[2024-08-03T09:03:14.135+0000] {logging_mixin.py:188} INFO - [2024-08-03T09:03:14.134+0000] {dagbag.py:545} INFO - Filling up the DagBag from /home/ubuntu/airflow-venv/lib/python3.12/site-packages/airflow/example_dags/example_short_circuit_decorator.py
[2024-08-03T09:03:14.145+0000] {processor.py:840} INFO - DAG(s) 'example_short_circuit_decorator' retrieved from /home/ubuntu/airflow-venv/lib/python3.12/site-packages/airflow/example_dags/example_short_circuit_decorator.py
[2024-08-03T09:03:14.165+0000] {logging_mixin.py:188} INFO - [2024-08-03T09:03:14.165+0000] {dag.py:3089} INFO - Sync 1 DAGs
[2024-08-03T09:03:14.187+0000] {logging_mixin.py:188} INFO - [2024-08-03T09:03:14.186+0000] {dag.py:3947} INFO - Setting next_dagrun for example_short_circuit_decorator to 2024-08-02 00:00:00+00:00, run_after=2024-08-03 00:00:00+00:00
[2024-08-03T09:03:14.211+0000] {processor.py:183} INFO - Processing /home/ubuntu/airflow-venv/lib/python3.12/site-packages/airflow/example_dags/example_short_circuit_decorator.py took 0.088 seconds
[2024-08-03T09:04:13.838+0000] {processor.py:161} INFO - Started process (PID=6495) to work on /home/ubuntu/airflow-venv/lib/python3.12/site-packages/airflow/example_dags/example_short_circuit_decorator.py
[2024-08-03T09:04:13.841+0000] {processor.py:830} INFO - Processing file /home/ubuntu/airflow-venv/lib/python3.12/site-packages/airflow/example_dags/example_short_circuit_decorator.py for tasks to queue
[2024-08-03T09:04:13.843+0000] {logging_mixin.py:188} INFO - [2024-08-03T09:04:13.842+0000] {dagbag.py:545} INFO - Filling up the DagBag from /home/ubuntu/airflow-venv/lib/python3.12/site-packages/airflow/example_dags/example_short_circuit_decorator.py
[2024-08-03T09:04:13.852+0000] {processor.py:840} INFO - DAG(s) 'example_short_circuit_decorator' retrieved from /home/ubuntu/airflow-venv/lib/python3.12/site-packages/airflow/example_dags/example_short_circuit_decorator.py
[2024-08-03T09:04:13.874+0000] {logging_mixin.py:188} INFO - [2024-08-03T09:04:13.873+0000] {dag.py:3089} INFO - Sync 1 DAGs
[2024-08-03T09:04:13.895+0000] {logging_mixin.py:188} INFO - [2024-08-03T09:04:13.895+0000] {dag.py:3947} INFO - Setting next_dagrun for example_short_circuit_decorator to 2024-08-02 00:00:00+00:00, run_after=2024-08-03 00:00:00+00:00
[2024-08-03T09:04:13.920+0000] {processor.py:183} INFO - Processing /home/ubuntu/airflow-venv/lib/python3.12/site-packages/airflow/example_dags/example_short_circuit_decorator.py took 0.091 seconds
[2024-08-03T09:04:58.516+0000] {processor.py:161} INFO - Started process (PID=6554) to work on /home/ubuntu/airflow-venv/lib/python3.12/site-packages/airflow/example_dags/example_short_circuit_decorator.py
[2024-08-03T09:04:58.518+0000] {processor.py:830} INFO - Processing file /home/ubuntu/airflow-venv/lib/python3.12/site-packages/airflow/example_dags/example_short_circuit_decorator.py for tasks to queue
[2024-08-03T09:04:58.520+0000] {logging_mixin.py:188} INFO - [2024-08-03T09:04:58.520+0000] {dagbag.py:545} INFO - Filling up the DagBag from /home/ubuntu/airflow-venv/lib/python3.12/site-packages/airflow/example_dags/example_short_circuit_decorator.py
[2024-08-03T09:04:58.529+0000] {processor.py:840} INFO - DAG(s) 'example_short_circuit_decorator' retrieved from /home/ubuntu/airflow-venv/lib/python3.12/site-packages/airflow/example_dags/example_short_circuit_decorator.py
[2024-08-03T09:04:58.549+0000] {logging_mixin.py:188} INFO - [2024-08-03T09:04:58.549+0000] {dag.py:3089} INFO - Sync 1 DAGs
[2024-08-03T09:04:58.569+0000] {logging_mixin.py:188} INFO - [2024-08-03T09:04:58.569+0000] {dag.py:3947} INFO - Setting next_dagrun for example_short_circuit_decorator to 2024-08-02 00:00:00+00:00, run_after=2024-08-03 00:00:00+00:00
[2024-08-03T09:04:58.594+0000] {processor.py:183} INFO - Processing /home/ubuntu/airflow-venv/lib/python3.12/site-packages/airflow/example_dags/example_short_circuit_decorator.py took 0.085 seconds
[2024-08-03T09:05:43.993+0000] {processor.py:161} INFO - Started process (PID=6637) to work on /home/ubuntu/airflow-venv/lib/python3.12/site-packages/airflow/example_dags/example_short_circuit_decorator.py
[2024-08-03T09:05:43.994+0000] {processor.py:830} INFO - Processing file /home/ubuntu/airflow-venv/lib/python3.12/site-packages/airflow/example_dags/example_short_circuit_decorator.py for tasks to queue
[2024-08-03T09:05:43.996+0000] {logging_mixin.py:188} INFO - [2024-08-03T09:05:43.996+0000] {dagbag.py:545} INFO - Filling up the DagBag from /home/ubuntu/airflow-venv/lib/python3.12/site-packages/airflow/example_dags/example_short_circuit_decorator.py
[2024-08-03T09:05:44.006+0000] {processor.py:840} INFO - DAG(s) 'example_short_circuit_decorator' retrieved from /home/ubuntu/airflow-venv/lib/python3.12/site-packages/airflow/example_dags/example_short_circuit_decorator.py
[2024-08-03T09:05:44.026+0000] {logging_mixin.py:188} INFO - [2024-08-03T09:05:44.025+0000] {dag.py:3089} INFO - Sync 1 DAGs
[2024-08-03T09:05:44.046+0000] {logging_mixin.py:188} INFO - [2024-08-03T09:05:44.045+0000] {dag.py:3947} INFO - Setting next_dagrun for example_short_circuit_decorator to 2024-08-02 00:00:00+00:00, run_after=2024-08-03 00:00:00+00:00
[2024-08-03T09:05:44.069+0000] {processor.py:183} INFO - Processing /home/ubuntu/airflow-venv/lib/python3.12/site-packages/airflow/example_dags/example_short_circuit_decorator.py took 0.084 seconds
[2024-08-03T09:06:46.523+0000] {processor.py:161} INFO - Started process (PID=6939) to work on /home/ubuntu/airflow-venv/lib/python3.12/site-packages/airflow/example_dags/example_short_circuit_decorator.py
[2024-08-03T09:06:46.524+0000] {processor.py:830} INFO - Processing file /home/ubuntu/airflow-venv/lib/python3.12/site-packages/airflow/example_dags/example_short_circuit_decorator.py for tasks to queue
[2024-08-03T09:06:46.526+0000] {logging_mixin.py:188} INFO - [2024-08-03T09:06:46.526+0000] {dagbag.py:545} INFO - Filling up the DagBag from /home/ubuntu/airflow-venv/lib/python3.12/site-packages/airflow/example_dags/example_short_circuit_decorator.py
[2024-08-03T09:06:46.535+0000] {processor.py:840} INFO - DAG(s) 'example_short_circuit_decorator' retrieved from /home/ubuntu/airflow-venv/lib/python3.12/site-packages/airflow/example_dags/example_short_circuit_decorator.py
[2024-08-03T09:06:46.556+0000] {logging_mixin.py:188} INFO - [2024-08-03T09:06:46.555+0000] {dag.py:3089} INFO - Sync 1 DAGs
[2024-08-03T09:06:46.576+0000] {logging_mixin.py:188} INFO - [2024-08-03T09:06:46.576+0000] {dag.py:3947} INFO - Setting next_dagrun for example_short_circuit_decorator to 2024-08-02 00:00:00+00:00, run_after=2024-08-03 00:00:00+00:00
[2024-08-03T09:06:46.600+0000] {processor.py:183} INFO - Processing /home/ubuntu/airflow-venv/lib/python3.12/site-packages/airflow/example_dags/example_short_circuit_decorator.py took 0.085 seconds
[2024-08-03T09:07:31.075+0000] {processor.py:161} INFO - Started process (PID=7100) to work on /home/ubuntu/airflow-venv/lib/python3.12/site-packages/airflow/example_dags/example_short_circuit_decorator.py
[2024-08-03T09:07:31.076+0000] {processor.py:830} INFO - Processing file /home/ubuntu/airflow-venv/lib/python3.12/site-packages/airflow/example_dags/example_short_circuit_decorator.py for tasks to queue
[2024-08-03T09:07:31.078+0000] {logging_mixin.py:188} INFO - [2024-08-03T09:07:31.078+0000] {dagbag.py:545} INFO - Filling up the DagBag from /home/ubuntu/airflow-venv/lib/python3.12/site-packages/airflow/example_dags/example_short_circuit_decorator.py
[2024-08-03T09:07:31.088+0000] {processor.py:840} INFO - DAG(s) 'example_short_circuit_decorator' retrieved from /home/ubuntu/airflow-venv/lib/python3.12/site-packages/airflow/example_dags/example_short_circuit_decorator.py
[2024-08-03T09:07:31.109+0000] {logging_mixin.py:188} INFO - [2024-08-03T09:07:31.108+0000] {dag.py:3089} INFO - Sync 1 DAGs
[2024-08-03T09:07:31.131+0000] {logging_mixin.py:188} INFO - [2024-08-03T09:07:31.131+0000] {dag.py:3947} INFO - Setting next_dagrun for example_short_circuit_decorator to 2024-08-02 00:00:00+00:00, run_after=2024-08-03 00:00:00+00:00
[2024-08-03T09:07:31.155+0000] {processor.py:183} INFO - Processing /home/ubuntu/airflow-venv/lib/python3.12/site-packages/airflow/example_dags/example_short_circuit_decorator.py took 0.089 seconds
[2024-08-03T09:08:15.675+0000] {processor.py:161} INFO - Started process (PID=7251) to work on /home/ubuntu/airflow-venv/lib/python3.12/site-packages/airflow/example_dags/example_short_circuit_decorator.py
[2024-08-03T09:08:15.677+0000] {processor.py:830} INFO - Processing file /home/ubuntu/airflow-venv/lib/python3.12/site-packages/airflow/example_dags/example_short_circuit_decorator.py for tasks to queue
[2024-08-03T09:08:15.678+0000] {logging_mixin.py:188} INFO - [2024-08-03T09:08:15.678+0000] {dagbag.py:545} INFO - Filling up the DagBag from /home/ubuntu/airflow-venv/lib/python3.12/site-packages/airflow/example_dags/example_short_circuit_decorator.py
[2024-08-03T09:08:15.689+0000] {processor.py:840} INFO - DAG(s) 'example_short_circuit_decorator' retrieved from /home/ubuntu/airflow-venv/lib/python3.12/site-packages/airflow/example_dags/example_short_circuit_decorator.py
[2024-08-03T09:08:15.709+0000] {logging_mixin.py:188} INFO - [2024-08-03T09:08:15.709+0000] {dag.py:3089} INFO - Sync 1 DAGs
[2024-08-03T09:08:15.729+0000] {logging_mixin.py:188} INFO - [2024-08-03T09:08:15.729+0000] {dag.py:3947} INFO - Setting next_dagrun for example_short_circuit_decorator to 2024-08-02 00:00:00+00:00, run_after=2024-08-03 00:00:00+00:00
[2024-08-03T09:08:15.754+0000] {processor.py:183} INFO - Processing /home/ubuntu/airflow-venv/lib/python3.12/site-packages/airflow/example_dags/example_short_circuit_decorator.py took 0.087 seconds
[2024-08-03T09:08:57.775+0000] {processor.py:161} INFO - Started process (PID=7448) to work on /home/ubuntu/airflow-venv/lib/python3.12/site-packages/airflow/example_dags/example_short_circuit_decorator.py
[2024-08-03T09:08:57.776+0000] {processor.py:830} INFO - Processing file /home/ubuntu/airflow-venv/lib/python3.12/site-packages/airflow/example_dags/example_short_circuit_decorator.py for tasks to queue
[2024-08-03T09:08:57.778+0000] {logging_mixin.py:188} INFO - [2024-08-03T09:08:57.778+0000] {dagbag.py:545} INFO - Filling up the DagBag from /home/ubuntu/airflow-venv/lib/python3.12/site-packages/airflow/example_dags/example_short_circuit_decorator.py
[2024-08-03T09:08:57.788+0000] {processor.py:840} INFO - DAG(s) 'example_short_circuit_decorator' retrieved from /home/ubuntu/airflow-venv/lib/python3.12/site-packages/airflow/example_dags/example_short_circuit_decorator.py
[2024-08-03T09:08:57.809+0000] {logging_mixin.py:188} INFO - [2024-08-03T09:08:57.809+0000] {dag.py:3089} INFO - Sync 1 DAGs
[2024-08-03T09:08:57.830+0000] {logging_mixin.py:188} INFO - [2024-08-03T09:08:57.830+0000] {dag.py:3947} INFO - Setting next_dagrun for example_short_circuit_decorator to 2024-08-02 00:00:00+00:00, run_after=2024-08-03 00:00:00+00:00
[2024-08-03T09:08:57.855+0000] {processor.py:183} INFO - Processing /home/ubuntu/airflow-venv/lib/python3.12/site-packages/airflow/example_dags/example_short_circuit_decorator.py took 0.089 seconds
[2024-08-03T09:09:41.997+0000] {processor.py:161} INFO - Started process (PID=7735) to work on /home/ubuntu/airflow-venv/lib/python3.12/site-packages/airflow/example_dags/example_short_circuit_decorator.py
[2024-08-03T09:09:41.998+0000] {processor.py:830} INFO - Processing file /home/ubuntu/airflow-venv/lib/python3.12/site-packages/airflow/example_dags/example_short_circuit_decorator.py for tasks to queue
[2024-08-03T09:09:42.000+0000] {logging_mixin.py:188} INFO - [2024-08-03T09:09:42.000+0000] {dagbag.py:545} INFO - Filling up the DagBag from /home/ubuntu/airflow-venv/lib/python3.12/site-packages/airflow/example_dags/example_short_circuit_decorator.py
[2024-08-03T09:09:42.010+0000] {processor.py:840} INFO - DAG(s) 'example_short_circuit_decorator' retrieved from /home/ubuntu/airflow-venv/lib/python3.12/site-packages/airflow/example_dags/example_short_circuit_decorator.py
[2024-08-03T09:09:42.031+0000] {logging_mixin.py:188} INFO - [2024-08-03T09:09:42.031+0000] {dag.py:3089} INFO - Sync 1 DAGs
[2024-08-03T09:09:42.052+0000] {logging_mixin.py:188} INFO - [2024-08-03T09:09:42.052+0000] {dag.py:3947} INFO - Setting next_dagrun for example_short_circuit_decorator to 2024-08-02 00:00:00+00:00, run_after=2024-08-03 00:00:00+00:00
[2024-08-03T09:09:42.078+0000] {processor.py:183} INFO - Processing /home/ubuntu/airflow-venv/lib/python3.12/site-packages/airflow/example_dags/example_short_circuit_decorator.py took 0.090 seconds
[2024-08-03T09:10:44.098+0000] {processor.py:161} INFO - Started process (PID=7890) to work on /home/ubuntu/airflow-venv/lib/python3.12/site-packages/airflow/example_dags/example_short_circuit_decorator.py
[2024-08-03T09:10:44.100+0000] {processor.py:830} INFO - Processing file /home/ubuntu/airflow-venv/lib/python3.12/site-packages/airflow/example_dags/example_short_circuit_decorator.py for tasks to queue
[2024-08-03T09:10:44.102+0000] {logging_mixin.py:188} INFO - [2024-08-03T09:10:44.101+0000] {dagbag.py:545} INFO - Filling up the DagBag from /home/ubuntu/airflow-venv/lib/python3.12/site-packages/airflow/example_dags/example_short_circuit_decorator.py
[2024-08-03T09:10:44.112+0000] {processor.py:840} INFO - DAG(s) 'example_short_circuit_decorator' retrieved from /home/ubuntu/airflow-venv/lib/python3.12/site-packages/airflow/example_dags/example_short_circuit_decorator.py
[2024-08-03T09:10:44.132+0000] {logging_mixin.py:188} INFO - [2024-08-03T09:10:44.132+0000] {dag.py:3089} INFO - Sync 1 DAGs
[2024-08-03T09:10:44.153+0000] {logging_mixin.py:188} INFO - [2024-08-03T09:10:44.153+0000] {dag.py:3947} INFO - Setting next_dagrun for example_short_circuit_decorator to 2024-08-02 00:00:00+00:00, run_after=2024-08-03 00:00:00+00:00
[2024-08-03T09:10:44.177+0000] {processor.py:183} INFO - Processing /home/ubuntu/airflow-venv/lib/python3.12/site-packages/airflow/example_dags/example_short_circuit_decorator.py took 0.087 seconds
[2024-08-03T09:11:46.020+0000] {processor.py:161} INFO - Started process (PID=8026) to work on /home/ubuntu/airflow-venv/lib/python3.12/site-packages/airflow/example_dags/example_short_circuit_decorator.py
[2024-08-03T09:11:46.022+0000] {processor.py:830} INFO - Processing file /home/ubuntu/airflow-venv/lib/python3.12/site-packages/airflow/example_dags/example_short_circuit_decorator.py for tasks to queue
[2024-08-03T09:11:46.024+0000] {logging_mixin.py:188} INFO - [2024-08-03T09:11:46.024+0000] {dagbag.py:545} INFO - Filling up the DagBag from /home/ubuntu/airflow-venv/lib/python3.12/site-packages/airflow/example_dags/example_short_circuit_decorator.py
[2024-08-03T09:11:46.033+0000] {processor.py:840} INFO - DAG(s) 'example_short_circuit_decorator' retrieved from /home/ubuntu/airflow-venv/lib/python3.12/site-packages/airflow/example_dags/example_short_circuit_decorator.py
[2024-08-03T09:11:46.053+0000] {logging_mixin.py:188} INFO - [2024-08-03T09:11:46.053+0000] {dag.py:3089} INFO - Sync 1 DAGs
[2024-08-03T09:11:46.074+0000] {logging_mixin.py:188} INFO - [2024-08-03T09:11:46.073+0000] {dag.py:3947} INFO - Setting next_dagrun for example_short_circuit_decorator to 2024-08-02 00:00:00+00:00, run_after=2024-08-03 00:00:00+00:00
[2024-08-03T09:11:46.097+0000] {processor.py:183} INFO - Processing /home/ubuntu/airflow-venv/lib/python3.12/site-packages/airflow/example_dags/example_short_circuit_decorator.py took 0.085 seconds
[2024-08-03T09:12:45.823+0000] {processor.py:161} INFO - Started process (PID=8304) to work on /home/ubuntu/airflow-venv/lib/python3.12/site-packages/airflow/example_dags/example_short_circuit_decorator.py
[2024-08-03T09:12:45.824+0000] {processor.py:830} INFO - Processing file /home/ubuntu/airflow-venv/lib/python3.12/site-packages/airflow/example_dags/example_short_circuit_decorator.py for tasks to queue
[2024-08-03T09:12:45.827+0000] {logging_mixin.py:188} INFO - [2024-08-03T09:12:45.826+0000] {dagbag.py:545} INFO - Filling up the DagBag from /home/ubuntu/airflow-venv/lib/python3.12/site-packages/airflow/example_dags/example_short_circuit_decorator.py
[2024-08-03T09:12:45.836+0000] {processor.py:840} INFO - DAG(s) 'example_short_circuit_decorator' retrieved from /home/ubuntu/airflow-venv/lib/python3.12/site-packages/airflow/example_dags/example_short_circuit_decorator.py
[2024-08-03T09:12:45.857+0000] {logging_mixin.py:188} INFO - [2024-08-03T09:12:45.857+0000] {dag.py:3089} INFO - Sync 1 DAGs
[2024-08-03T09:12:45.878+0000] {logging_mixin.py:188} INFO - [2024-08-03T09:12:45.878+0000] {dag.py:3947} INFO - Setting next_dagrun for example_short_circuit_decorator to 2024-08-02 00:00:00+00:00, run_after=2024-08-03 00:00:00+00:00
[2024-08-03T09:12:45.901+0000] {processor.py:183} INFO - Processing /home/ubuntu/airflow-venv/lib/python3.12/site-packages/airflow/example_dags/example_short_circuit_decorator.py took 0.086 seconds
