[2024-08-03T08:30:50.973+0000] {processor.py:161} INFO - Started process (PID=1828) to work on /home/ubuntu/airflow-venv/lib/python3.12/site-packages/airflow/example_dags/example_kubernetes_executor.py
[2024-08-03T08:30:50.974+0000] {processor.py:830} INFO - Processing file /home/ubuntu/airflow-venv/lib/python3.12/site-packages/airflow/example_dags/example_kubernetes_executor.py for tasks to queue
[2024-08-03T08:30:50.976+0000] {logging_mixin.py:188} INFO - [2024-08-03T08:30:50.976+0000] {dagbag.py:545} INFO - Filling up the DagBag from /home/ubuntu/airflow-venv/lib/python3.12/site-packages/airflow/example_dags/example_kubernetes_executor.py
[2024-08-03T08:30:50.979+0000] {logging_mixin.py:188} INFO - [2024-08-03T08:30:50.979+0000] {example_kubernetes_executor.py:39} WARNING - The example_kubernetes_executor example DAG requires the kubernetes provider. Please install it with: pip install apache-airflow[cncf.kubernetes]
[2024-08-03T08:30:50.979+0000] {processor.py:842} WARNING - No viable dags retrieved from /home/ubuntu/airflow-venv/lib/python3.12/site-packages/airflow/example_dags/example_kubernetes_executor.py
[2024-08-03T08:30:50.993+0000] {processor.py:183} INFO - Processing /home/ubuntu/airflow-venv/lib/python3.12/site-packages/airflow/example_dags/example_kubernetes_executor.py took 0.025 seconds
[2024-08-03T08:31:45.750+0000] {processor.py:161} INFO - Started process (PID=1889) to work on /home/ubuntu/airflow-venv/lib/python3.12/site-packages/airflow/example_dags/example_kubernetes_executor.py
[2024-08-03T08:31:45.752+0000] {processor.py:830} INFO - Processing file /home/ubuntu/airflow-venv/lib/python3.12/site-packages/airflow/example_dags/example_kubernetes_executor.py for tasks to queue
[2024-08-03T08:31:45.753+0000] {logging_mixin.py:188} INFO - [2024-08-03T08:31:45.753+0000] {dagbag.py:545} INFO - Filling up the DagBag from /home/ubuntu/airflow-venv/lib/python3.12/site-packages/airflow/example_dags/example_kubernetes_executor.py
[2024-08-03T08:31:45.756+0000] {logging_mixin.py:188} INFO - [2024-08-03T08:31:45.756+0000] {example_kubernetes_executor.py:39} WARNING - The example_kubernetes_executor example DAG requires the kubernetes provider. Please install it with: pip install apache-airflow[cncf.kubernetes]
[2024-08-03T08:31:45.757+0000] {processor.py:842} WARNING - No viable dags retrieved from /home/ubuntu/airflow-venv/lib/python3.12/site-packages/airflow/example_dags/example_kubernetes_executor.py
[2024-08-03T08:31:45.768+0000] {processor.py:183} INFO - Processing /home/ubuntu/airflow-venv/lib/python3.12/site-packages/airflow/example_dags/example_kubernetes_executor.py took 0.025 seconds
[2024-08-03T08:33:18.768+0000] {processor.py:161} INFO - Started process (PID=1994) to work on /home/ubuntu/airflow-venv/lib/python3.12/site-packages/airflow/example_dags/example_kubernetes_executor.py
[2024-08-03T08:33:18.770+0000] {processor.py:830} INFO - Processing file /home/ubuntu/airflow-venv/lib/python3.12/site-packages/airflow/example_dags/example_kubernetes_executor.py for tasks to queue
[2024-08-03T08:33:18.772+0000] {logging_mixin.py:188} INFO - [2024-08-03T08:33:18.771+0000] {dagbag.py:545} INFO - Filling up the DagBag from /home/ubuntu/airflow-venv/lib/python3.12/site-packages/airflow/example_dags/example_kubernetes_executor.py
[2024-08-03T08:33:18.775+0000] {logging_mixin.py:188} INFO - [2024-08-03T08:33:18.775+0000] {example_kubernetes_executor.py:39} WARNING - The example_kubernetes_executor example DAG requires the kubernetes provider. Please install it with: pip install apache-airflow[cncf.kubernetes]
[2024-08-03T08:33:18.775+0000] {processor.py:842} WARNING - No viable dags retrieved from /home/ubuntu/airflow-venv/lib/python3.12/site-packages/airflow/example_dags/example_kubernetes_executor.py
[2024-08-03T08:33:18.786+0000] {processor.py:183} INFO - Processing /home/ubuntu/airflow-venv/lib/python3.12/site-packages/airflow/example_dags/example_kubernetes_executor.py took 0.024 seconds
[2024-08-03T08:34:14.384+0000] {processor.py:161} INFO - Started process (PID=2050) to work on /home/ubuntu/airflow-venv/lib/python3.12/site-packages/airflow/example_dags/example_kubernetes_executor.py
[2024-08-03T08:34:14.385+0000] {processor.py:830} INFO - Processing file /home/ubuntu/airflow-venv/lib/python3.12/site-packages/airflow/example_dags/example_kubernetes_executor.py for tasks to queue
[2024-08-03T08:34:14.387+0000] {logging_mixin.py:188} INFO - [2024-08-03T08:34:14.387+0000] {dagbag.py:545} INFO - Filling up the DagBag from /home/ubuntu/airflow-venv/lib/python3.12/site-packages/airflow/example_dags/example_kubernetes_executor.py
[2024-08-03T08:34:14.390+0000] {logging_mixin.py:188} INFO - [2024-08-03T08:34:14.390+0000] {example_kubernetes_executor.py:39} WARNING - The example_kubernetes_executor example DAG requires the kubernetes provider. Please install it with: pip install apache-airflow[cncf.kubernetes]
[2024-08-03T08:34:14.390+0000] {processor.py:842} WARNING - No viable dags retrieved from /home/ubuntu/airflow-venv/lib/python3.12/site-packages/airflow/example_dags/example_kubernetes_executor.py
[2024-08-03T08:34:14.401+0000] {processor.py:183} INFO - Processing /home/ubuntu/airflow-venv/lib/python3.12/site-packages/airflow/example_dags/example_kubernetes_executor.py took 0.023 seconds
[2024-08-03T08:35:29.723+0000] {processor.py:161} INFO - Started process (PID=2140) to work on /home/ubuntu/airflow-venv/lib/python3.12/site-packages/airflow/example_dags/example_kubernetes_executor.py
[2024-08-03T08:35:29.724+0000] {processor.py:830} INFO - Processing file /home/ubuntu/airflow-venv/lib/python3.12/site-packages/airflow/example_dags/example_kubernetes_executor.py for tasks to queue
[2024-08-03T08:35:29.726+0000] {logging_mixin.py:188} INFO - [2024-08-03T08:35:29.726+0000] {dagbag.py:545} INFO - Filling up the DagBag from /home/ubuntu/airflow-venv/lib/python3.12/site-packages/airflow/example_dags/example_kubernetes_executor.py
[2024-08-03T08:35:29.729+0000] {logging_mixin.py:188} INFO - [2024-08-03T08:35:29.729+0000] {example_kubernetes_executor.py:39} WARNING - The example_kubernetes_executor example DAG requires the kubernetes provider. Please install it with: pip install apache-airflow[cncf.kubernetes]
[2024-08-03T08:35:29.729+0000] {processor.py:842} WARNING - No viable dags retrieved from /home/ubuntu/airflow-venv/lib/python3.12/site-packages/airflow/example_dags/example_kubernetes_executor.py
[2024-08-03T08:35:29.740+0000] {processor.py:183} INFO - Processing /home/ubuntu/airflow-venv/lib/python3.12/site-packages/airflow/example_dags/example_kubernetes_executor.py took 0.023 seconds
[2024-08-03T08:36:22.728+0000] {processor.py:161} INFO - Started process (PID=2194) to work on /home/ubuntu/airflow-venv/lib/python3.12/site-packages/airflow/example_dags/example_kubernetes_executor.py
[2024-08-03T08:36:22.729+0000] {processor.py:830} INFO - Processing file /home/ubuntu/airflow-venv/lib/python3.12/site-packages/airflow/example_dags/example_kubernetes_executor.py for tasks to queue
[2024-08-03T08:36:22.731+0000] {logging_mixin.py:188} INFO - [2024-08-03T08:36:22.731+0000] {dagbag.py:545} INFO - Filling up the DagBag from /home/ubuntu/airflow-venv/lib/python3.12/site-packages/airflow/example_dags/example_kubernetes_executor.py
[2024-08-03T08:36:22.734+0000] {logging_mixin.py:188} INFO - [2024-08-03T08:36:22.734+0000] {example_kubernetes_executor.py:39} WARNING - The example_kubernetes_executor example DAG requires the kubernetes provider. Please install it with: pip install apache-airflow[cncf.kubernetes]
[2024-08-03T08:36:22.734+0000] {processor.py:842} WARNING - No viable dags retrieved from /home/ubuntu/airflow-venv/lib/python3.12/site-packages/airflow/example_dags/example_kubernetes_executor.py
[2024-08-03T08:36:22.745+0000] {processor.py:183} INFO - Processing /home/ubuntu/airflow-venv/lib/python3.12/site-packages/airflow/example_dags/example_kubernetes_executor.py took 0.024 seconds
[2024-08-03T08:37:38.255+0000] {processor.py:161} INFO - Started process (PID=2294) to work on /home/ubuntu/airflow-venv/lib/python3.12/site-packages/airflow/example_dags/example_kubernetes_executor.py
[2024-08-03T08:37:38.256+0000] {processor.py:830} INFO - Processing file /home/ubuntu/airflow-venv/lib/python3.12/site-packages/airflow/example_dags/example_kubernetes_executor.py for tasks to queue
[2024-08-03T08:37:38.258+0000] {logging_mixin.py:188} INFO - [2024-08-03T08:37:38.258+0000] {dagbag.py:545} INFO - Filling up the DagBag from /home/ubuntu/airflow-venv/lib/python3.12/site-packages/airflow/example_dags/example_kubernetes_executor.py
[2024-08-03T08:37:38.261+0000] {logging_mixin.py:188} INFO - [2024-08-03T08:37:38.261+0000] {example_kubernetes_executor.py:39} WARNING - The example_kubernetes_executor example DAG requires the kubernetes provider. Please install it with: pip install apache-airflow[cncf.kubernetes]
[2024-08-03T08:37:38.261+0000] {processor.py:842} WARNING - No viable dags retrieved from /home/ubuntu/airflow-venv/lib/python3.12/site-packages/airflow/example_dags/example_kubernetes_executor.py
[2024-08-03T08:37:38.272+0000] {processor.py:183} INFO - Processing /home/ubuntu/airflow-venv/lib/python3.12/site-packages/airflow/example_dags/example_kubernetes_executor.py took 0.023 seconds
[2024-08-03T08:38:33.548+0000] {processor.py:161} INFO - Started process (PID=2368) to work on /home/ubuntu/airflow-venv/lib/python3.12/site-packages/airflow/example_dags/example_kubernetes_executor.py
[2024-08-03T08:38:33.550+0000] {processor.py:830} INFO - Processing file /home/ubuntu/airflow-venv/lib/python3.12/site-packages/airflow/example_dags/example_kubernetes_executor.py for tasks to queue
[2024-08-03T08:38:33.551+0000] {logging_mixin.py:188} INFO - [2024-08-03T08:38:33.551+0000] {dagbag.py:545} INFO - Filling up the DagBag from /home/ubuntu/airflow-venv/lib/python3.12/site-packages/airflow/example_dags/example_kubernetes_executor.py
[2024-08-03T08:38:33.554+0000] {logging_mixin.py:188} INFO - [2024-08-03T08:38:33.554+0000] {example_kubernetes_executor.py:39} WARNING - The example_kubernetes_executor example DAG requires the kubernetes provider. Please install it with: pip install apache-airflow[cncf.kubernetes]
[2024-08-03T08:38:33.554+0000] {processor.py:842} WARNING - No viable dags retrieved from /home/ubuntu/airflow-venv/lib/python3.12/site-packages/airflow/example_dags/example_kubernetes_executor.py
[2024-08-03T08:38:33.565+0000] {processor.py:183} INFO - Processing /home/ubuntu/airflow-venv/lib/python3.12/site-packages/airflow/example_dags/example_kubernetes_executor.py took 0.024 seconds
[2024-08-03T08:39:36.342+0000] {processor.py:161} INFO - Started process (PID=2435) to work on /home/ubuntu/airflow-venv/lib/python3.12/site-packages/airflow/example_dags/example_kubernetes_executor.py
[2024-08-03T08:39:36.343+0000] {processor.py:830} INFO - Processing file /home/ubuntu/airflow-venv/lib/python3.12/site-packages/airflow/example_dags/example_kubernetes_executor.py for tasks to queue
[2024-08-03T08:39:36.345+0000] {logging_mixin.py:188} INFO - [2024-08-03T08:39:36.344+0000] {dagbag.py:545} INFO - Filling up the DagBag from /home/ubuntu/airflow-venv/lib/python3.12/site-packages/airflow/example_dags/example_kubernetes_executor.py
[2024-08-03T08:39:36.348+0000] {logging_mixin.py:188} INFO - [2024-08-03T08:39:36.348+0000] {example_kubernetes_executor.py:39} WARNING - The example_kubernetes_executor example DAG requires the kubernetes provider. Please install it with: pip install apache-airflow[cncf.kubernetes]
[2024-08-03T08:39:36.348+0000] {processor.py:842} WARNING - No viable dags retrieved from /home/ubuntu/airflow-venv/lib/python3.12/site-packages/airflow/example_dags/example_kubernetes_executor.py
[2024-08-03T08:39:36.359+0000] {processor.py:183} INFO - Processing /home/ubuntu/airflow-venv/lib/python3.12/site-packages/airflow/example_dags/example_kubernetes_executor.py took 0.024 seconds
[2024-08-03T08:40:31.310+0000] {processor.py:161} INFO - Started process (PID=2503) to work on /home/ubuntu/airflow-venv/lib/python3.12/site-packages/airflow/example_dags/example_kubernetes_executor.py
[2024-08-03T08:40:31.312+0000] {processor.py:830} INFO - Processing file /home/ubuntu/airflow-venv/lib/python3.12/site-packages/airflow/example_dags/example_kubernetes_executor.py for tasks to queue
[2024-08-03T08:40:31.314+0000] {logging_mixin.py:188} INFO - [2024-08-03T08:40:31.313+0000] {dagbag.py:545} INFO - Filling up the DagBag from /home/ubuntu/airflow-venv/lib/python3.12/site-packages/airflow/example_dags/example_kubernetes_executor.py
[2024-08-03T08:40:31.316+0000] {logging_mixin.py:188} INFO - [2024-08-03T08:40:31.316+0000] {example_kubernetes_executor.py:39} WARNING - The example_kubernetes_executor example DAG requires the kubernetes provider. Please install it with: pip install apache-airflow[cncf.kubernetes]
[2024-08-03T08:40:31.317+0000] {processor.py:842} WARNING - No viable dags retrieved from /home/ubuntu/airflow-venv/lib/python3.12/site-packages/airflow/example_dags/example_kubernetes_executor.py
[2024-08-03T08:40:31.328+0000] {processor.py:183} INFO - Processing /home/ubuntu/airflow-venv/lib/python3.12/site-packages/airflow/example_dags/example_kubernetes_executor.py took 0.024 seconds
[2024-08-03T08:41:20.858+0000] {processor.py:161} INFO - Started process (PID=2555) to work on /home/ubuntu/airflow-venv/lib/python3.12/site-packages/airflow/example_dags/example_kubernetes_executor.py
[2024-08-03T08:41:20.859+0000] {processor.py:830} INFO - Processing file /home/ubuntu/airflow-venv/lib/python3.12/site-packages/airflow/example_dags/example_kubernetes_executor.py for tasks to queue
[2024-08-03T08:41:20.861+0000] {logging_mixin.py:188} INFO - [2024-08-03T08:41:20.861+0000] {dagbag.py:545} INFO - Filling up the DagBag from /home/ubuntu/airflow-venv/lib/python3.12/site-packages/airflow/example_dags/example_kubernetes_executor.py
[2024-08-03T08:41:20.864+0000] {logging_mixin.py:188} INFO - [2024-08-03T08:41:20.864+0000] {example_kubernetes_executor.py:39} WARNING - The example_kubernetes_executor example DAG requires the kubernetes provider. Please install it with: pip install apache-airflow[cncf.kubernetes]
[2024-08-03T08:41:20.864+0000] {processor.py:842} WARNING - No viable dags retrieved from /home/ubuntu/airflow-venv/lib/python3.12/site-packages/airflow/example_dags/example_kubernetes_executor.py
[2024-08-03T08:41:20.875+0000] {processor.py:183} INFO - Processing /home/ubuntu/airflow-venv/lib/python3.12/site-packages/airflow/example_dags/example_kubernetes_executor.py took 0.024 seconds
[2024-08-03T08:42:28.710+0000] {processor.py:161} INFO - Started process (PID=2628) to work on /home/ubuntu/airflow-venv/lib/python3.12/site-packages/airflow/example_dags/example_kubernetes_executor.py
[2024-08-03T08:42:28.711+0000] {processor.py:830} INFO - Processing file /home/ubuntu/airflow-venv/lib/python3.12/site-packages/airflow/example_dags/example_kubernetes_executor.py for tasks to queue
[2024-08-03T08:42:28.713+0000] {logging_mixin.py:188} INFO - [2024-08-03T08:42:28.712+0000] {dagbag.py:545} INFO - Filling up the DagBag from /home/ubuntu/airflow-venv/lib/python3.12/site-packages/airflow/example_dags/example_kubernetes_executor.py
[2024-08-03T08:42:28.716+0000] {logging_mixin.py:188} INFO - [2024-08-03T08:42:28.716+0000] {example_kubernetes_executor.py:39} WARNING - The example_kubernetes_executor example DAG requires the kubernetes provider. Please install it with: pip install apache-airflow[cncf.kubernetes]
[2024-08-03T08:42:28.716+0000] {processor.py:842} WARNING - No viable dags retrieved from /home/ubuntu/airflow-venv/lib/python3.12/site-packages/airflow/example_dags/example_kubernetes_executor.py
[2024-08-03T08:42:28.727+0000] {processor.py:183} INFO - Processing /home/ubuntu/airflow-venv/lib/python3.12/site-packages/airflow/example_dags/example_kubernetes_executor.py took 0.024 seconds
[2024-08-03T08:43:32.360+0000] {processor.py:161} INFO - Started process (PID=2700) to work on /home/ubuntu/airflow-venv/lib/python3.12/site-packages/airflow/example_dags/example_kubernetes_executor.py
[2024-08-03T08:43:32.362+0000] {processor.py:830} INFO - Processing file /home/ubuntu/airflow-venv/lib/python3.12/site-packages/airflow/example_dags/example_kubernetes_executor.py for tasks to queue
[2024-08-03T08:43:32.364+0000] {logging_mixin.py:188} INFO - [2024-08-03T08:43:32.363+0000] {dagbag.py:545} INFO - Filling up the DagBag from /home/ubuntu/airflow-venv/lib/python3.12/site-packages/airflow/example_dags/example_kubernetes_executor.py
[2024-08-03T08:43:32.367+0000] {logging_mixin.py:188} INFO - [2024-08-03T08:43:32.366+0000] {example_kubernetes_executor.py:39} WARNING - The example_kubernetes_executor example DAG requires the kubernetes provider. Please install it with: pip install apache-airflow[cncf.kubernetes]
[2024-08-03T08:43:32.367+0000] {processor.py:842} WARNING - No viable dags retrieved from /home/ubuntu/airflow-venv/lib/python3.12/site-packages/airflow/example_dags/example_kubernetes_executor.py
[2024-08-03T08:43:32.378+0000] {processor.py:183} INFO - Processing /home/ubuntu/airflow-venv/lib/python3.12/site-packages/airflow/example_dags/example_kubernetes_executor.py took 0.024 seconds
[2024-08-03T08:44:36.179+0000] {processor.py:161} INFO - Started process (PID=2929) to work on /home/ubuntu/airflow-venv/lib/python3.12/site-packages/airflow/example_dags/example_kubernetes_executor.py
[2024-08-03T08:44:36.180+0000] {processor.py:830} INFO - Processing file /home/ubuntu/airflow-venv/lib/python3.12/site-packages/airflow/example_dags/example_kubernetes_executor.py for tasks to queue
[2024-08-03T08:44:36.182+0000] {logging_mixin.py:188} INFO - [2024-08-03T08:44:36.182+0000] {dagbag.py:545} INFO - Filling up the DagBag from /home/ubuntu/airflow-venv/lib/python3.12/site-packages/airflow/example_dags/example_kubernetes_executor.py
[2024-08-03T08:44:36.185+0000] {logging_mixin.py:188} INFO - [2024-08-03T08:44:36.185+0000] {example_kubernetes_executor.py:39} WARNING - The example_kubernetes_executor example DAG requires the kubernetes provider. Please install it with: pip install apache-airflow[cncf.kubernetes]
[2024-08-03T08:44:36.185+0000] {processor.py:842} WARNING - No viable dags retrieved from /home/ubuntu/airflow-venv/lib/python3.12/site-packages/airflow/example_dags/example_kubernetes_executor.py
[2024-08-03T08:44:36.196+0000] {processor.py:183} INFO - Processing /home/ubuntu/airflow-venv/lib/python3.12/site-packages/airflow/example_dags/example_kubernetes_executor.py took 0.024 seconds
[2024-08-03T08:45:42.972+0000] {processor.py:161} INFO - Started process (PID=3102) to work on /home/ubuntu/airflow-venv/lib/python3.12/site-packages/airflow/example_dags/example_kubernetes_executor.py
[2024-08-03T08:45:42.977+0000] {processor.py:830} INFO - Processing file /home/ubuntu/airflow-venv/lib/python3.12/site-packages/airflow/example_dags/example_kubernetes_executor.py for tasks to queue
[2024-08-03T08:45:42.979+0000] {logging_mixin.py:188} INFO - [2024-08-03T08:45:42.978+0000] {dagbag.py:545} INFO - Filling up the DagBag from /home/ubuntu/airflow-venv/lib/python3.12/site-packages/airflow/example_dags/example_kubernetes_executor.py
[2024-08-03T08:45:42.982+0000] {logging_mixin.py:188} INFO - [2024-08-03T08:45:42.982+0000] {example_kubernetes_executor.py:39} WARNING - The example_kubernetes_executor example DAG requires the kubernetes provider. Please install it with: pip install apache-airflow[cncf.kubernetes]
[2024-08-03T08:45:42.982+0000] {processor.py:842} WARNING - No viable dags retrieved from /home/ubuntu/airflow-venv/lib/python3.12/site-packages/airflow/example_dags/example_kubernetes_executor.py
[2024-08-03T08:45:42.993+0000] {processor.py:183} INFO - Processing /home/ubuntu/airflow-venv/lib/python3.12/site-packages/airflow/example_dags/example_kubernetes_executor.py took 0.027 seconds
[2024-08-03T08:46:45.653+0000] {processor.py:161} INFO - Started process (PID=3171) to work on /home/ubuntu/airflow-venv/lib/python3.12/site-packages/airflow/example_dags/example_kubernetes_executor.py
[2024-08-03T08:46:45.655+0000] {processor.py:830} INFO - Processing file /home/ubuntu/airflow-venv/lib/python3.12/site-packages/airflow/example_dags/example_kubernetes_executor.py for tasks to queue
[2024-08-03T08:46:45.657+0000] {logging_mixin.py:188} INFO - [2024-08-03T08:46:45.656+0000] {dagbag.py:545} INFO - Filling up the DagBag from /home/ubuntu/airflow-venv/lib/python3.12/site-packages/airflow/example_dags/example_kubernetes_executor.py
[2024-08-03T08:46:45.660+0000] {logging_mixin.py:188} INFO - [2024-08-03T08:46:45.660+0000] {example_kubernetes_executor.py:39} WARNING - The example_kubernetes_executor example DAG requires the kubernetes provider. Please install it with: pip install apache-airflow[cncf.kubernetes]
[2024-08-03T08:46:45.660+0000] {processor.py:842} WARNING - No viable dags retrieved from /home/ubuntu/airflow-venv/lib/python3.12/site-packages/airflow/example_dags/example_kubernetes_executor.py
[2024-08-03T08:46:45.672+0000] {processor.py:183} INFO - Processing /home/ubuntu/airflow-venv/lib/python3.12/site-packages/airflow/example_dags/example_kubernetes_executor.py took 0.025 seconds
[2024-08-03T08:47:50.372+0000] {processor.py:161} INFO - Started process (PID=3700) to work on /home/ubuntu/airflow-venv/lib/python3.12/site-packages/airflow/example_dags/example_kubernetes_executor.py
[2024-08-03T08:47:50.374+0000] {processor.py:830} INFO - Processing file /home/ubuntu/airflow-venv/lib/python3.12/site-packages/airflow/example_dags/example_kubernetes_executor.py for tasks to queue
[2024-08-03T08:47:50.376+0000] {logging_mixin.py:188} INFO - [2024-08-03T08:47:50.375+0000] {dagbag.py:545} INFO - Filling up the DagBag from /home/ubuntu/airflow-venv/lib/python3.12/site-packages/airflow/example_dags/example_kubernetes_executor.py
[2024-08-03T08:47:50.379+0000] {logging_mixin.py:188} INFO - [2024-08-03T08:47:50.378+0000] {example_kubernetes_executor.py:39} WARNING - The example_kubernetes_executor example DAG requires the kubernetes provider. Please install it with: pip install apache-airflow[cncf.kubernetes]
[2024-08-03T08:47:50.379+0000] {processor.py:842} WARNING - No viable dags retrieved from /home/ubuntu/airflow-venv/lib/python3.12/site-packages/airflow/example_dags/example_kubernetes_executor.py
[2024-08-03T08:47:50.390+0000] {processor.py:183} INFO - Processing /home/ubuntu/airflow-venv/lib/python3.12/site-packages/airflow/example_dags/example_kubernetes_executor.py took 0.023 seconds
[2024-08-03T08:48:54.432+0000] {processor.py:161} INFO - Started process (PID=3873) to work on /home/ubuntu/airflow-venv/lib/python3.12/site-packages/airflow/example_dags/example_kubernetes_executor.py
[2024-08-03T08:48:54.433+0000] {processor.py:830} INFO - Processing file /home/ubuntu/airflow-venv/lib/python3.12/site-packages/airflow/example_dags/example_kubernetes_executor.py for tasks to queue
[2024-08-03T08:48:54.435+0000] {logging_mixin.py:188} INFO - [2024-08-03T08:48:54.435+0000] {dagbag.py:545} INFO - Filling up the DagBag from /home/ubuntu/airflow-venv/lib/python3.12/site-packages/airflow/example_dags/example_kubernetes_executor.py
[2024-08-03T08:48:54.439+0000] {logging_mixin.py:188} INFO - [2024-08-03T08:48:54.438+0000] {example_kubernetes_executor.py:39} WARNING - The example_kubernetes_executor example DAG requires the kubernetes provider. Please install it with: pip install apache-airflow[cncf.kubernetes]
[2024-08-03T08:48:54.439+0000] {processor.py:842} WARNING - No viable dags retrieved from /home/ubuntu/airflow-venv/lib/python3.12/site-packages/airflow/example_dags/example_kubernetes_executor.py
[2024-08-03T08:48:54.450+0000] {processor.py:183} INFO - Processing /home/ubuntu/airflow-venv/lib/python3.12/site-packages/airflow/example_dags/example_kubernetes_executor.py took 0.024 seconds
[2024-08-03T08:50:00.632+0000] {processor.py:161} INFO - Started process (PID=4351) to work on /home/ubuntu/airflow-venv/lib/python3.12/site-packages/airflow/example_dags/example_kubernetes_executor.py
[2024-08-03T08:50:00.634+0000] {processor.py:830} INFO - Processing file /home/ubuntu/airflow-venv/lib/python3.12/site-packages/airflow/example_dags/example_kubernetes_executor.py for tasks to queue
[2024-08-03T08:50:00.636+0000] {logging_mixin.py:188} INFO - [2024-08-03T08:50:00.635+0000] {dagbag.py:545} INFO - Filling up the DagBag from /home/ubuntu/airflow-venv/lib/python3.12/site-packages/airflow/example_dags/example_kubernetes_executor.py
[2024-08-03T08:50:00.639+0000] {logging_mixin.py:188} INFO - [2024-08-03T08:50:00.638+0000] {example_kubernetes_executor.py:39} WARNING - The example_kubernetes_executor example DAG requires the kubernetes provider. Please install it with: pip install apache-airflow[cncf.kubernetes]
[2024-08-03T08:50:00.639+0000] {processor.py:842} WARNING - No viable dags retrieved from /home/ubuntu/airflow-venv/lib/python3.12/site-packages/airflow/example_dags/example_kubernetes_executor.py
[2024-08-03T08:50:00.650+0000] {processor.py:183} INFO - Processing /home/ubuntu/airflow-venv/lib/python3.12/site-packages/airflow/example_dags/example_kubernetes_executor.py took 0.025 seconds
[2024-08-03T08:51:13.551+0000] {processor.py:161} INFO - Started process (PID=4593) to work on /home/ubuntu/airflow-venv/lib/python3.12/site-packages/airflow/example_dags/example_kubernetes_executor.py
[2024-08-03T08:51:13.553+0000] {processor.py:830} INFO - Processing file /home/ubuntu/airflow-venv/lib/python3.12/site-packages/airflow/example_dags/example_kubernetes_executor.py for tasks to queue
[2024-08-03T08:51:13.555+0000] {logging_mixin.py:188} INFO - [2024-08-03T08:51:13.555+0000] {dagbag.py:545} INFO - Filling up the DagBag from /home/ubuntu/airflow-venv/lib/python3.12/site-packages/airflow/example_dags/example_kubernetes_executor.py
[2024-08-03T08:51:13.558+0000] {logging_mixin.py:188} INFO - [2024-08-03T08:51:13.558+0000] {example_kubernetes_executor.py:39} WARNING - The example_kubernetes_executor example DAG requires the kubernetes provider. Please install it with: pip install apache-airflow[cncf.kubernetes]
[2024-08-03T08:51:13.559+0000] {processor.py:842} WARNING - No viable dags retrieved from /home/ubuntu/airflow-venv/lib/python3.12/site-packages/airflow/example_dags/example_kubernetes_executor.py
[2024-08-03T08:51:13.570+0000] {processor.py:183} INFO - Processing /home/ubuntu/airflow-venv/lib/python3.12/site-packages/airflow/example_dags/example_kubernetes_executor.py took 0.026 seconds
[2024-08-03T08:52:03.752+0000] {processor.py:161} INFO - Started process (PID=4711) to work on /home/ubuntu/airflow-venv/lib/python3.12/site-packages/airflow/example_dags/example_kubernetes_executor.py
[2024-08-03T08:52:03.754+0000] {processor.py:830} INFO - Processing file /home/ubuntu/airflow-venv/lib/python3.12/site-packages/airflow/example_dags/example_kubernetes_executor.py for tasks to queue
[2024-08-03T08:52:03.755+0000] {logging_mixin.py:188} INFO - [2024-08-03T08:52:03.755+0000] {dagbag.py:545} INFO - Filling up the DagBag from /home/ubuntu/airflow-venv/lib/python3.12/site-packages/airflow/example_dags/example_kubernetes_executor.py
[2024-08-03T08:52:03.759+0000] {logging_mixin.py:188} INFO - [2024-08-03T08:52:03.758+0000] {example_kubernetes_executor.py:39} WARNING - The example_kubernetes_executor example DAG requires the kubernetes provider. Please install it with: pip install apache-airflow[cncf.kubernetes]
[2024-08-03T08:52:03.759+0000] {processor.py:842} WARNING - No viable dags retrieved from /home/ubuntu/airflow-venv/lib/python3.12/site-packages/airflow/example_dags/example_kubernetes_executor.py
[2024-08-03T08:52:03.770+0000] {processor.py:183} INFO - Processing /home/ubuntu/airflow-venv/lib/python3.12/site-packages/airflow/example_dags/example_kubernetes_executor.py took 0.026 seconds
[2024-08-03T08:53:06.212+0000] {processor.py:161} INFO - Started process (PID=4838) to work on /home/ubuntu/airflow-venv/lib/python3.12/site-packages/airflow/example_dags/example_kubernetes_executor.py
[2024-08-03T08:53:06.213+0000] {processor.py:830} INFO - Processing file /home/ubuntu/airflow-venv/lib/python3.12/site-packages/airflow/example_dags/example_kubernetes_executor.py for tasks to queue
[2024-08-03T08:53:06.215+0000] {logging_mixin.py:188} INFO - [2024-08-03T08:53:06.214+0000] {dagbag.py:545} INFO - Filling up the DagBag from /home/ubuntu/airflow-venv/lib/python3.12/site-packages/airflow/example_dags/example_kubernetes_executor.py
[2024-08-03T08:53:06.218+0000] {logging_mixin.py:188} INFO - [2024-08-03T08:53:06.218+0000] {example_kubernetes_executor.py:39} WARNING - The example_kubernetes_executor example DAG requires the kubernetes provider. Please install it with: pip install apache-airflow[cncf.kubernetes]
[2024-08-03T08:53:06.219+0000] {processor.py:842} WARNING - No viable dags retrieved from /home/ubuntu/airflow-venv/lib/python3.12/site-packages/airflow/example_dags/example_kubernetes_executor.py
[2024-08-03T08:53:06.230+0000] {processor.py:183} INFO - Processing /home/ubuntu/airflow-venv/lib/python3.12/site-packages/airflow/example_dags/example_kubernetes_executor.py took 0.026 seconds
[2024-08-03T08:54:15.476+0000] {processor.py:161} INFO - Started process (PID=4916) to work on /home/ubuntu/airflow-venv/lib/python3.12/site-packages/airflow/example_dags/example_kubernetes_executor.py
[2024-08-03T08:54:15.478+0000] {processor.py:830} INFO - Processing file /home/ubuntu/airflow-venv/lib/python3.12/site-packages/airflow/example_dags/example_kubernetes_executor.py for tasks to queue
[2024-08-03T08:54:15.479+0000] {logging_mixin.py:188} INFO - [2024-08-03T08:54:15.479+0000] {dagbag.py:545} INFO - Filling up the DagBag from /home/ubuntu/airflow-venv/lib/python3.12/site-packages/airflow/example_dags/example_kubernetes_executor.py
[2024-08-03T08:54:15.483+0000] {logging_mixin.py:188} INFO - [2024-08-03T08:54:15.482+0000] {example_kubernetes_executor.py:39} WARNING - The example_kubernetes_executor example DAG requires the kubernetes provider. Please install it with: pip install apache-airflow[cncf.kubernetes]
[2024-08-03T08:54:15.483+0000] {processor.py:842} WARNING - No viable dags retrieved from /home/ubuntu/airflow-venv/lib/python3.12/site-packages/airflow/example_dags/example_kubernetes_executor.py
[2024-08-03T08:54:15.494+0000] {processor.py:183} INFO - Processing /home/ubuntu/airflow-venv/lib/python3.12/site-packages/airflow/example_dags/example_kubernetes_executor.py took 0.025 seconds
[2024-08-03T08:55:14.331+0000] {processor.py:161} INFO - Started process (PID=4989) to work on /home/ubuntu/airflow-venv/lib/python3.12/site-packages/airflow/example_dags/example_kubernetes_executor.py
[2024-08-03T08:55:14.332+0000] {processor.py:830} INFO - Processing file /home/ubuntu/airflow-venv/lib/python3.12/site-packages/airflow/example_dags/example_kubernetes_executor.py for tasks to queue
[2024-08-03T08:55:14.334+0000] {logging_mixin.py:188} INFO - [2024-08-03T08:55:14.334+0000] {dagbag.py:545} INFO - Filling up the DagBag from /home/ubuntu/airflow-venv/lib/python3.12/site-packages/airflow/example_dags/example_kubernetes_executor.py
[2024-08-03T08:55:14.337+0000] {logging_mixin.py:188} INFO - [2024-08-03T08:55:14.337+0000] {example_kubernetes_executor.py:39} WARNING - The example_kubernetes_executor example DAG requires the kubernetes provider. Please install it with: pip install apache-airflow[cncf.kubernetes]
[2024-08-03T08:55:14.338+0000] {processor.py:842} WARNING - No viable dags retrieved from /home/ubuntu/airflow-venv/lib/python3.12/site-packages/airflow/example_dags/example_kubernetes_executor.py
[2024-08-03T08:55:14.349+0000] {processor.py:183} INFO - Processing /home/ubuntu/airflow-venv/lib/python3.12/site-packages/airflow/example_dags/example_kubernetes_executor.py took 0.026 seconds
[2024-08-03T08:56:20.334+0000] {processor.py:161} INFO - Started process (PID=5058) to work on /home/ubuntu/airflow-venv/lib/python3.12/site-packages/airflow/example_dags/example_kubernetes_executor.py
[2024-08-03T08:56:20.336+0000] {processor.py:830} INFO - Processing file /home/ubuntu/airflow-venv/lib/python3.12/site-packages/airflow/example_dags/example_kubernetes_executor.py for tasks to queue
[2024-08-03T08:56:20.337+0000] {logging_mixin.py:188} INFO - [2024-08-03T08:56:20.337+0000] {dagbag.py:545} INFO - Filling up the DagBag from /home/ubuntu/airflow-venv/lib/python3.12/site-packages/airflow/example_dags/example_kubernetes_executor.py
[2024-08-03T08:56:20.341+0000] {logging_mixin.py:188} INFO - [2024-08-03T08:56:20.340+0000] {example_kubernetes_executor.py:39} WARNING - The example_kubernetes_executor example DAG requires the kubernetes provider. Please install it with: pip install apache-airflow[cncf.kubernetes]
[2024-08-03T08:56:20.341+0000] {processor.py:842} WARNING - No viable dags retrieved from /home/ubuntu/airflow-venv/lib/python3.12/site-packages/airflow/example_dags/example_kubernetes_executor.py
[2024-08-03T08:56:20.352+0000] {processor.py:183} INFO - Processing /home/ubuntu/airflow-venv/lib/python3.12/site-packages/airflow/example_dags/example_kubernetes_executor.py took 0.025 seconds
[2024-08-03T08:57:16.485+0000] {processor.py:161} INFO - Started process (PID=5189) to work on /home/ubuntu/airflow-venv/lib/python3.12/site-packages/airflow/example_dags/example_kubernetes_executor.py
[2024-08-03T08:57:16.487+0000] {processor.py:830} INFO - Processing file /home/ubuntu/airflow-venv/lib/python3.12/site-packages/airflow/example_dags/example_kubernetes_executor.py for tasks to queue
[2024-08-03T08:57:16.489+0000] {logging_mixin.py:188} INFO - [2024-08-03T08:57:16.488+0000] {dagbag.py:545} INFO - Filling up the DagBag from /home/ubuntu/airflow-venv/lib/python3.12/site-packages/airflow/example_dags/example_kubernetes_executor.py
[2024-08-03T08:57:16.492+0000] {logging_mixin.py:188} INFO - [2024-08-03T08:57:16.492+0000] {example_kubernetes_executor.py:39} WARNING - The example_kubernetes_executor example DAG requires the kubernetes provider. Please install it with: pip install apache-airflow[cncf.kubernetes]
[2024-08-03T08:57:16.492+0000] {processor.py:842} WARNING - No viable dags retrieved from /home/ubuntu/airflow-venv/lib/python3.12/site-packages/airflow/example_dags/example_kubernetes_executor.py
[2024-08-03T08:57:16.503+0000] {processor.py:183} INFO - Processing /home/ubuntu/airflow-venv/lib/python3.12/site-packages/airflow/example_dags/example_kubernetes_executor.py took 0.025 seconds
[2024-08-03T08:58:29.045+0000] {processor.py:161} INFO - Started process (PID=5387) to work on /home/ubuntu/airflow-venv/lib/python3.12/site-packages/airflow/example_dags/example_kubernetes_executor.py
[2024-08-03T08:58:29.047+0000] {processor.py:830} INFO - Processing file /home/ubuntu/airflow-venv/lib/python3.12/site-packages/airflow/example_dags/example_kubernetes_executor.py for tasks to queue
[2024-08-03T08:58:29.049+0000] {logging_mixin.py:188} INFO - [2024-08-03T08:58:29.048+0000] {dagbag.py:545} INFO - Filling up the DagBag from /home/ubuntu/airflow-venv/lib/python3.12/site-packages/airflow/example_dags/example_kubernetes_executor.py
[2024-08-03T08:58:29.052+0000] {logging_mixin.py:188} INFO - [2024-08-03T08:58:29.052+0000] {example_kubernetes_executor.py:39} WARNING - The example_kubernetes_executor example DAG requires the kubernetes provider. Please install it with: pip install apache-airflow[cncf.kubernetes]
[2024-08-03T08:58:29.052+0000] {processor.py:842} WARNING - No viable dags retrieved from /home/ubuntu/airflow-venv/lib/python3.12/site-packages/airflow/example_dags/example_kubernetes_executor.py
[2024-08-03T08:58:29.063+0000] {processor.py:183} INFO - Processing /home/ubuntu/airflow-venv/lib/python3.12/site-packages/airflow/example_dags/example_kubernetes_executor.py took 0.026 seconds
[2024-08-03T08:59:20.050+0000] {processor.py:161} INFO - Started process (PID=5470) to work on /home/ubuntu/airflow-venv/lib/python3.12/site-packages/airflow/example_dags/example_kubernetes_executor.py
[2024-08-03T08:59:20.052+0000] {processor.py:830} INFO - Processing file /home/ubuntu/airflow-venv/lib/python3.12/site-packages/airflow/example_dags/example_kubernetes_executor.py for tasks to queue
[2024-08-03T08:59:20.054+0000] {logging_mixin.py:188} INFO - [2024-08-03T08:59:20.053+0000] {dagbag.py:545} INFO - Filling up the DagBag from /home/ubuntu/airflow-venv/lib/python3.12/site-packages/airflow/example_dags/example_kubernetes_executor.py
[2024-08-03T08:59:20.057+0000] {logging_mixin.py:188} INFO - [2024-08-03T08:59:20.057+0000] {example_kubernetes_executor.py:39} WARNING - The example_kubernetes_executor example DAG requires the kubernetes provider. Please install it with: pip install apache-airflow[cncf.kubernetes]
[2024-08-03T08:59:20.057+0000] {processor.py:842} WARNING - No viable dags retrieved from /home/ubuntu/airflow-venv/lib/python3.12/site-packages/airflow/example_dags/example_kubernetes_executor.py
[2024-08-03T08:59:20.069+0000] {processor.py:183} INFO - Processing /home/ubuntu/airflow-venv/lib/python3.12/site-packages/airflow/example_dags/example_kubernetes_executor.py took 0.027 seconds
[2024-08-03T09:00:30.257+0000] {processor.py:161} INFO - Started process (PID=5724) to work on /home/ubuntu/airflow-venv/lib/python3.12/site-packages/airflow/example_dags/example_kubernetes_executor.py
[2024-08-03T09:00:30.258+0000] {processor.py:830} INFO - Processing file /home/ubuntu/airflow-venv/lib/python3.12/site-packages/airflow/example_dags/example_kubernetes_executor.py for tasks to queue
[2024-08-03T09:00:30.260+0000] {logging_mixin.py:188} INFO - [2024-08-03T09:00:30.259+0000] {dagbag.py:545} INFO - Filling up the DagBag from /home/ubuntu/airflow-venv/lib/python3.12/site-packages/airflow/example_dags/example_kubernetes_executor.py
[2024-08-03T09:00:30.263+0000] {logging_mixin.py:188} INFO - [2024-08-03T09:00:30.263+0000] {example_kubernetes_executor.py:39} WARNING - The example_kubernetes_executor example DAG requires the kubernetes provider. Please install it with: pip install apache-airflow[cncf.kubernetes]
[2024-08-03T09:00:30.264+0000] {processor.py:842} WARNING - No viable dags retrieved from /home/ubuntu/airflow-venv/lib/python3.12/site-packages/airflow/example_dags/example_kubernetes_executor.py
[2024-08-03T09:00:30.274+0000] {processor.py:183} INFO - Processing /home/ubuntu/airflow-venv/lib/python3.12/site-packages/airflow/example_dags/example_kubernetes_executor.py took 0.026 seconds
[2024-08-03T09:01:30.926+0000] {processor.py:161} INFO - Started process (PID=5993) to work on /home/ubuntu/airflow-venv/lib/python3.12/site-packages/airflow/example_dags/example_kubernetes_executor.py
[2024-08-03T09:01:30.928+0000] {processor.py:830} INFO - Processing file /home/ubuntu/airflow-venv/lib/python3.12/site-packages/airflow/example_dags/example_kubernetes_executor.py for tasks to queue
[2024-08-03T09:01:30.930+0000] {logging_mixin.py:188} INFO - [2024-08-03T09:01:30.929+0000] {dagbag.py:545} INFO - Filling up the DagBag from /home/ubuntu/airflow-venv/lib/python3.12/site-packages/airflow/example_dags/example_kubernetes_executor.py
[2024-08-03T09:01:30.933+0000] {logging_mixin.py:188} INFO - [2024-08-03T09:01:30.933+0000] {example_kubernetes_executor.py:39} WARNING - The example_kubernetes_executor example DAG requires the kubernetes provider. Please install it with: pip install apache-airflow[cncf.kubernetes]
[2024-08-03T09:01:30.933+0000] {processor.py:842} WARNING - No viable dags retrieved from /home/ubuntu/airflow-venv/lib/python3.12/site-packages/airflow/example_dags/example_kubernetes_executor.py
[2024-08-03T09:01:30.944+0000] {processor.py:183} INFO - Processing /home/ubuntu/airflow-venv/lib/python3.12/site-packages/airflow/example_dags/example_kubernetes_executor.py took 0.026 seconds
[2024-08-03T09:02:36.606+0000] {processor.py:161} INFO - Started process (PID=6252) to work on /home/ubuntu/airflow-venv/lib/python3.12/site-packages/airflow/example_dags/example_kubernetes_executor.py
[2024-08-03T09:02:36.608+0000] {processor.py:830} INFO - Processing file /home/ubuntu/airflow-venv/lib/python3.12/site-packages/airflow/example_dags/example_kubernetes_executor.py for tasks to queue
[2024-08-03T09:02:36.610+0000] {logging_mixin.py:188} INFO - [2024-08-03T09:02:36.609+0000] {dagbag.py:545} INFO - Filling up the DagBag from /home/ubuntu/airflow-venv/lib/python3.12/site-packages/airflow/example_dags/example_kubernetes_executor.py
[2024-08-03T09:02:36.613+0000] {logging_mixin.py:188} INFO - [2024-08-03T09:02:36.613+0000] {example_kubernetes_executor.py:39} WARNING - The example_kubernetes_executor example DAG requires the kubernetes provider. Please install it with: pip install apache-airflow[cncf.kubernetes]
[2024-08-03T09:02:36.613+0000] {processor.py:842} WARNING - No viable dags retrieved from /home/ubuntu/airflow-venv/lib/python3.12/site-packages/airflow/example_dags/example_kubernetes_executor.py
[2024-08-03T09:02:36.624+0000] {processor.py:183} INFO - Processing /home/ubuntu/airflow-venv/lib/python3.12/site-packages/airflow/example_dags/example_kubernetes_executor.py took 0.025 seconds
[2024-08-03T09:03:37.340+0000] {processor.py:161} INFO - Started process (PID=6397) to work on /home/ubuntu/airflow-venv/lib/python3.12/site-packages/airflow/example_dags/example_kubernetes_executor.py
[2024-08-03T09:03:37.342+0000] {processor.py:830} INFO - Processing file /home/ubuntu/airflow-venv/lib/python3.12/site-packages/airflow/example_dags/example_kubernetes_executor.py for tasks to queue
[2024-08-03T09:03:37.344+0000] {logging_mixin.py:188} INFO - [2024-08-03T09:03:37.344+0000] {dagbag.py:545} INFO - Filling up the DagBag from /home/ubuntu/airflow-venv/lib/python3.12/site-packages/airflow/example_dags/example_kubernetes_executor.py
[2024-08-03T09:03:37.348+0000] {logging_mixin.py:188} INFO - [2024-08-03T09:03:37.348+0000] {example_kubernetes_executor.py:39} WARNING - The example_kubernetes_executor example DAG requires the kubernetes provider. Please install it with: pip install apache-airflow[cncf.kubernetes]
[2024-08-03T09:03:37.348+0000] {processor.py:842} WARNING - No viable dags retrieved from /home/ubuntu/airflow-venv/lib/python3.12/site-packages/airflow/example_dags/example_kubernetes_executor.py
[2024-08-03T09:03:37.359+0000] {processor.py:183} INFO - Processing /home/ubuntu/airflow-venv/lib/python3.12/site-packages/airflow/example_dags/example_kubernetes_executor.py took 0.027 seconds
[2024-08-03T09:04:39.373+0000] {processor.py:161} INFO - Started process (PID=6534) to work on /home/ubuntu/airflow-venv/lib/python3.12/site-packages/airflow/example_dags/example_kubernetes_executor.py
[2024-08-03T09:04:39.375+0000] {processor.py:830} INFO - Processing file /home/ubuntu/airflow-venv/lib/python3.12/site-packages/airflow/example_dags/example_kubernetes_executor.py for tasks to queue
[2024-08-03T09:04:39.377+0000] {logging_mixin.py:188} INFO - [2024-08-03T09:04:39.376+0000] {dagbag.py:545} INFO - Filling up the DagBag from /home/ubuntu/airflow-venv/lib/python3.12/site-packages/airflow/example_dags/example_kubernetes_executor.py
[2024-08-03T09:04:39.380+0000] {logging_mixin.py:188} INFO - [2024-08-03T09:04:39.380+0000] {example_kubernetes_executor.py:39} WARNING - The example_kubernetes_executor example DAG requires the kubernetes provider. Please install it with: pip install apache-airflow[cncf.kubernetes]
[2024-08-03T09:04:39.380+0000] {processor.py:842} WARNING - No viable dags retrieved from /home/ubuntu/airflow-venv/lib/python3.12/site-packages/airflow/example_dags/example_kubernetes_executor.py
[2024-08-03T09:04:39.392+0000] {processor.py:183} INFO - Processing /home/ubuntu/airflow-venv/lib/python3.12/site-packages/airflow/example_dags/example_kubernetes_executor.py took 0.026 seconds
[2024-08-03T09:05:45.833+0000] {processor.py:161} INFO - Started process (PID=6642) to work on /home/ubuntu/airflow-venv/lib/python3.12/site-packages/airflow/example_dags/example_kubernetes_executor.py
[2024-08-03T09:05:45.834+0000] {processor.py:830} INFO - Processing file /home/ubuntu/airflow-venv/lib/python3.12/site-packages/airflow/example_dags/example_kubernetes_executor.py for tasks to queue
[2024-08-03T09:05:45.836+0000] {logging_mixin.py:188} INFO - [2024-08-03T09:05:45.836+0000] {dagbag.py:545} INFO - Filling up the DagBag from /home/ubuntu/airflow-venv/lib/python3.12/site-packages/airflow/example_dags/example_kubernetes_executor.py
[2024-08-03T09:05:45.840+0000] {logging_mixin.py:188} INFO - [2024-08-03T09:05:45.839+0000] {example_kubernetes_executor.py:39} WARNING - The example_kubernetes_executor example DAG requires the kubernetes provider. Please install it with: pip install apache-airflow[cncf.kubernetes]
[2024-08-03T09:05:45.840+0000] {processor.py:842} WARNING - No viable dags retrieved from /home/ubuntu/airflow-venv/lib/python3.12/site-packages/airflow/example_dags/example_kubernetes_executor.py
[2024-08-03T09:05:45.851+0000] {processor.py:183} INFO - Processing /home/ubuntu/airflow-venv/lib/python3.12/site-packages/airflow/example_dags/example_kubernetes_executor.py took 0.025 seconds
[2024-08-03T09:06:51.655+0000] {processor.py:161} INFO - Started process (PID=6963) to work on /home/ubuntu/airflow-venv/lib/python3.12/site-packages/airflow/example_dags/example_kubernetes_executor.py
[2024-08-03T09:06:51.656+0000] {processor.py:830} INFO - Processing file /home/ubuntu/airflow-venv/lib/python3.12/site-packages/airflow/example_dags/example_kubernetes_executor.py for tasks to queue
[2024-08-03T09:06:51.658+0000] {logging_mixin.py:188} INFO - [2024-08-03T09:06:51.658+0000] {dagbag.py:545} INFO - Filling up the DagBag from /home/ubuntu/airflow-venv/lib/python3.12/site-packages/airflow/example_dags/example_kubernetes_executor.py
[2024-08-03T09:06:51.661+0000] {logging_mixin.py:188} INFO - [2024-08-03T09:06:51.661+0000] {example_kubernetes_executor.py:39} WARNING - The example_kubernetes_executor example DAG requires the kubernetes provider. Please install it with: pip install apache-airflow[cncf.kubernetes]
[2024-08-03T09:06:51.662+0000] {processor.py:842} WARNING - No viable dags retrieved from /home/ubuntu/airflow-venv/lib/python3.12/site-packages/airflow/example_dags/example_kubernetes_executor.py
[2024-08-03T09:06:51.673+0000] {processor.py:183} INFO - Processing /home/ubuntu/airflow-venv/lib/python3.12/site-packages/airflow/example_dags/example_kubernetes_executor.py took 0.026 seconds
[2024-08-03T09:07:59.183+0000] {processor.py:161} INFO - Started process (PID=7185) to work on /home/ubuntu/airflow-venv/lib/python3.12/site-packages/airflow/example_dags/example_kubernetes_executor.py
[2024-08-03T09:07:59.184+0000] {processor.py:830} INFO - Processing file /home/ubuntu/airflow-venv/lib/python3.12/site-packages/airflow/example_dags/example_kubernetes_executor.py for tasks to queue
[2024-08-03T09:07:59.186+0000] {logging_mixin.py:188} INFO - [2024-08-03T09:07:59.186+0000] {dagbag.py:545} INFO - Filling up the DagBag from /home/ubuntu/airflow-venv/lib/python3.12/site-packages/airflow/example_dags/example_kubernetes_executor.py
[2024-08-03T09:07:59.190+0000] {logging_mixin.py:188} INFO - [2024-08-03T09:07:59.190+0000] {example_kubernetes_executor.py:39} WARNING - The example_kubernetes_executor example DAG requires the kubernetes provider. Please install it with: pip install apache-airflow[cncf.kubernetes]
[2024-08-03T09:07:59.190+0000] {processor.py:842} WARNING - No viable dags retrieved from /home/ubuntu/airflow-venv/lib/python3.12/site-packages/airflow/example_dags/example_kubernetes_executor.py
[2024-08-03T09:07:59.202+0000] {processor.py:183} INFO - Processing /home/ubuntu/airflow-venv/lib/python3.12/site-packages/airflow/example_dags/example_kubernetes_executor.py took 0.027 seconds
[2024-08-03T09:09:01.776+0000] {processor.py:161} INFO - Started process (PID=7481) to work on /home/ubuntu/airflow-venv/lib/python3.12/site-packages/airflow/example_dags/example_kubernetes_executor.py
[2024-08-03T09:09:01.778+0000] {processor.py:830} INFO - Processing file /home/ubuntu/airflow-venv/lib/python3.12/site-packages/airflow/example_dags/example_kubernetes_executor.py for tasks to queue
[2024-08-03T09:09:01.780+0000] {logging_mixin.py:188} INFO - [2024-08-03T09:09:01.779+0000] {dagbag.py:545} INFO - Filling up the DagBag from /home/ubuntu/airflow-venv/lib/python3.12/site-packages/airflow/example_dags/example_kubernetes_executor.py
[2024-08-03T09:09:01.783+0000] {logging_mixin.py:188} INFO - [2024-08-03T09:09:01.783+0000] {example_kubernetes_executor.py:39} WARNING - The example_kubernetes_executor example DAG requires the kubernetes provider. Please install it with: pip install apache-airflow[cncf.kubernetes]
[2024-08-03T09:09:01.783+0000] {processor.py:842} WARNING - No viable dags retrieved from /home/ubuntu/airflow-venv/lib/python3.12/site-packages/airflow/example_dags/example_kubernetes_executor.py
[2024-08-03T09:09:01.795+0000] {processor.py:183} INFO - Processing /home/ubuntu/airflow-venv/lib/python3.12/site-packages/airflow/example_dags/example_kubernetes_executor.py took 0.027 seconds
[2024-08-03T09:10:06.855+0000] {processor.py:161} INFO - Started process (PID=7777) to work on /home/ubuntu/airflow-venv/lib/python3.12/site-packages/airflow/example_dags/example_kubernetes_executor.py
[2024-08-03T09:10:06.856+0000] {processor.py:830} INFO - Processing file /home/ubuntu/airflow-venv/lib/python3.12/site-packages/airflow/example_dags/example_kubernetes_executor.py for tasks to queue
[2024-08-03T09:10:06.858+0000] {logging_mixin.py:188} INFO - [2024-08-03T09:10:06.858+0000] {dagbag.py:545} INFO - Filling up the DagBag from /home/ubuntu/airflow-venv/lib/python3.12/site-packages/airflow/example_dags/example_kubernetes_executor.py
[2024-08-03T09:10:06.862+0000] {logging_mixin.py:188} INFO - [2024-08-03T09:10:06.862+0000] {example_kubernetes_executor.py:39} WARNING - The example_kubernetes_executor example DAG requires the kubernetes provider. Please install it with: pip install apache-airflow[cncf.kubernetes]
[2024-08-03T09:10:06.862+0000] {processor.py:842} WARNING - No viable dags retrieved from /home/ubuntu/airflow-venv/lib/python3.12/site-packages/airflow/example_dags/example_kubernetes_executor.py
[2024-08-03T09:10:06.875+0000] {processor.py:183} INFO - Processing /home/ubuntu/airflow-venv/lib/python3.12/site-packages/airflow/example_dags/example_kubernetes_executor.py took 0.028 seconds
[2024-08-03T09:11:06.521+0000] {processor.py:161} INFO - Started process (PID=7985) to work on /home/ubuntu/airflow-venv/lib/python3.12/site-packages/airflow/example_dags/example_kubernetes_executor.py
[2024-08-03T09:11:06.523+0000] {processor.py:830} INFO - Processing file /home/ubuntu/airflow-venv/lib/python3.12/site-packages/airflow/example_dags/example_kubernetes_executor.py for tasks to queue
[2024-08-03T09:11:06.524+0000] {logging_mixin.py:188} INFO - [2024-08-03T09:11:06.524+0000] {dagbag.py:545} INFO - Filling up the DagBag from /home/ubuntu/airflow-venv/lib/python3.12/site-packages/airflow/example_dags/example_kubernetes_executor.py
[2024-08-03T09:11:06.528+0000] {logging_mixin.py:188} INFO - [2024-08-03T09:11:06.528+0000] {example_kubernetes_executor.py:39} WARNING - The example_kubernetes_executor example DAG requires the kubernetes provider. Please install it with: pip install apache-airflow[cncf.kubernetes]
[2024-08-03T09:11:06.528+0000] {processor.py:842} WARNING - No viable dags retrieved from /home/ubuntu/airflow-venv/lib/python3.12/site-packages/airflow/example_dags/example_kubernetes_executor.py
[2024-08-03T09:11:06.539+0000] {processor.py:183} INFO - Processing /home/ubuntu/airflow-venv/lib/python3.12/site-packages/airflow/example_dags/example_kubernetes_executor.py took 0.027 seconds
[2024-08-03T09:12:09.014+0000] {processor.py:161} INFO - Started process (PID=8174) to work on /home/ubuntu/airflow-venv/lib/python3.12/site-packages/airflow/example_dags/example_kubernetes_executor.py
[2024-08-03T09:12:09.017+0000] {processor.py:830} INFO - Processing file /home/ubuntu/airflow-venv/lib/python3.12/site-packages/airflow/example_dags/example_kubernetes_executor.py for tasks to queue
[2024-08-03T09:12:09.019+0000] {logging_mixin.py:188} INFO - [2024-08-03T09:12:09.018+0000] {dagbag.py:545} INFO - Filling up the DagBag from /home/ubuntu/airflow-venv/lib/python3.12/site-packages/airflow/example_dags/example_kubernetes_executor.py
[2024-08-03T09:12:09.022+0000] {logging_mixin.py:188} INFO - [2024-08-03T09:12:09.022+0000] {example_kubernetes_executor.py:39} WARNING - The example_kubernetes_executor example DAG requires the kubernetes provider. Please install it with: pip install apache-airflow[cncf.kubernetes]
[2024-08-03T09:12:09.023+0000] {processor.py:842} WARNING - No viable dags retrieved from /home/ubuntu/airflow-venv/lib/python3.12/site-packages/airflow/example_dags/example_kubernetes_executor.py
[2024-08-03T09:12:09.034+0000] {processor.py:183} INFO - Processing /home/ubuntu/airflow-venv/lib/python3.12/site-packages/airflow/example_dags/example_kubernetes_executor.py took 0.028 seconds
