[2024-08-03T08:30:38.011+0000] {processor.py:161} INFO - Started process (PID=1816) to work on /home/ubuntu/airflow-venv/lib/python3.12/site-packages/airflow/example_dags/example_setup_teardown.py
[2024-08-03T08:30:38.012+0000] {processor.py:830} INFO - Processing file /home/ubuntu/airflow-venv/lib/python3.12/site-packages/airflow/example_dags/example_setup_teardown.py for tasks to queue
[2024-08-03T08:30:38.014+0000] {logging_mixin.py:188} INFO - [2024-08-03T08:30:38.014+0000] {dagbag.py:545} INFO - Filling up the DagBag from /home/ubuntu/airflow-venv/lib/python3.12/site-packages/airflow/example_dags/example_setup_teardown.py
[2024-08-03T08:30:38.022+0000] {processor.py:840} INFO - DAG(s) 'example_setup_teardown' retrieved from /home/ubuntu/airflow-venv/lib/python3.12/site-packages/airflow/example_dags/example_setup_teardown.py
[2024-08-03T08:30:38.133+0000] {logging_mixin.py:188} INFO - [2024-08-03T08:30:38.133+0000] {dag.py:3089} INFO - Sync 1 DAGs
[2024-08-03T08:30:38.151+0000] {logging_mixin.py:188} INFO - [2024-08-03T08:30:38.151+0000] {dag.py:3947} INFO - Setting next_dagrun for example_setup_teardown to 2024-08-02 00:00:00+00:00, run_after=2024-08-03 00:00:00+00:00
[2024-08-03T08:30:38.175+0000] {processor.py:183} INFO - Processing /home/ubuntu/airflow-venv/lib/python3.12/site-packages/airflow/example_dags/example_setup_teardown.py took 0.170 seconds
[2024-08-03T08:31:35.203+0000] {processor.py:161} INFO - Started process (PID=1878) to work on /home/ubuntu/airflow-venv/lib/python3.12/site-packages/airflow/example_dags/example_setup_teardown.py
[2024-08-03T08:31:35.204+0000] {processor.py:830} INFO - Processing file /home/ubuntu/airflow-venv/lib/python3.12/site-packages/airflow/example_dags/example_setup_teardown.py for tasks to queue
[2024-08-03T08:31:35.206+0000] {logging_mixin.py:188} INFO - [2024-08-03T08:31:35.206+0000] {dagbag.py:545} INFO - Filling up the DagBag from /home/ubuntu/airflow-venv/lib/python3.12/site-packages/airflow/example_dags/example_setup_teardown.py
[2024-08-03T08:31:35.214+0000] {processor.py:840} INFO - DAG(s) 'example_setup_teardown' retrieved from /home/ubuntu/airflow-venv/lib/python3.12/site-packages/airflow/example_dags/example_setup_teardown.py
[2024-08-03T08:31:35.232+0000] {logging_mixin.py:188} INFO - [2024-08-03T08:31:35.232+0000] {dag.py:3089} INFO - Sync 1 DAGs
[2024-08-03T08:31:35.253+0000] {logging_mixin.py:188} INFO - [2024-08-03T08:31:35.253+0000] {dag.py:3947} INFO - Setting next_dagrun for example_setup_teardown to 2024-08-02 00:00:00+00:00, run_after=2024-08-03 00:00:00+00:00
[2024-08-03T08:31:35.278+0000] {processor.py:183} INFO - Processing /home/ubuntu/airflow-venv/lib/python3.12/site-packages/airflow/example_dags/example_setup_teardown.py took 0.081 seconds
[2024-08-03T08:33:07.811+0000] {processor.py:161} INFO - Started process (PID=1982) to work on /home/ubuntu/airflow-venv/lib/python3.12/site-packages/airflow/example_dags/example_setup_teardown.py
[2024-08-03T08:33:07.813+0000] {processor.py:830} INFO - Processing file /home/ubuntu/airflow-venv/lib/python3.12/site-packages/airflow/example_dags/example_setup_teardown.py for tasks to queue
[2024-08-03T08:33:07.814+0000] {logging_mixin.py:188} INFO - [2024-08-03T08:33:07.814+0000] {dagbag.py:545} INFO - Filling up the DagBag from /home/ubuntu/airflow-venv/lib/python3.12/site-packages/airflow/example_dags/example_setup_teardown.py
[2024-08-03T08:33:07.822+0000] {processor.py:840} INFO - DAG(s) 'example_setup_teardown' retrieved from /home/ubuntu/airflow-venv/lib/python3.12/site-packages/airflow/example_dags/example_setup_teardown.py
[2024-08-03T08:33:07.830+0000] {logging_mixin.py:188} INFO - [2024-08-03T08:33:07.830+0000] {dag.py:3089} INFO - Sync 1 DAGs
[2024-08-03T08:33:07.851+0000] {logging_mixin.py:188} INFO - [2024-08-03T08:33:07.851+0000] {dag.py:3947} INFO - Setting next_dagrun for example_setup_teardown to 2024-08-02 00:00:00+00:00, run_after=2024-08-03 00:00:00+00:00
[2024-08-03T08:33:07.878+0000] {processor.py:183} INFO - Processing /home/ubuntu/airflow-venv/lib/python3.12/site-packages/airflow/example_dags/example_setup_teardown.py took 0.073 seconds
[2024-08-03T08:34:04.108+0000] {processor.py:161} INFO - Started process (PID=2038) to work on /home/ubuntu/airflow-venv/lib/python3.12/site-packages/airflow/example_dags/example_setup_teardown.py
[2024-08-03T08:34:04.109+0000] {processor.py:830} INFO - Processing file /home/ubuntu/airflow-venv/lib/python3.12/site-packages/airflow/example_dags/example_setup_teardown.py for tasks to queue
[2024-08-03T08:34:04.111+0000] {logging_mixin.py:188} INFO - [2024-08-03T08:34:04.111+0000] {dagbag.py:545} INFO - Filling up the DagBag from /home/ubuntu/airflow-venv/lib/python3.12/site-packages/airflow/example_dags/example_setup_teardown.py
[2024-08-03T08:34:04.119+0000] {processor.py:840} INFO - DAG(s) 'example_setup_teardown' retrieved from /home/ubuntu/airflow-venv/lib/python3.12/site-packages/airflow/example_dags/example_setup_teardown.py
[2024-08-03T08:34:04.229+0000] {logging_mixin.py:188} INFO - [2024-08-03T08:34:04.228+0000] {dag.py:3089} INFO - Sync 1 DAGs
[2024-08-03T08:34:04.247+0000] {logging_mixin.py:188} INFO - [2024-08-03T08:34:04.246+0000] {dag.py:3947} INFO - Setting next_dagrun for example_setup_teardown to 2024-08-02 00:00:00+00:00, run_after=2024-08-03 00:00:00+00:00
[2024-08-03T08:34:04.272+0000] {processor.py:183} INFO - Processing /home/ubuntu/airflow-venv/lib/python3.12/site-packages/airflow/example_dags/example_setup_teardown.py took 0.170 seconds
[2024-08-03T08:35:17.509+0000] {processor.py:161} INFO - Started process (PID=2128) to work on /home/ubuntu/airflow-venv/lib/python3.12/site-packages/airflow/example_dags/example_setup_teardown.py
[2024-08-03T08:35:17.511+0000] {processor.py:830} INFO - Processing file /home/ubuntu/airflow-venv/lib/python3.12/site-packages/airflow/example_dags/example_setup_teardown.py for tasks to queue
[2024-08-03T08:35:17.512+0000] {logging_mixin.py:188} INFO - [2024-08-03T08:35:17.512+0000] {dagbag.py:545} INFO - Filling up the DagBag from /home/ubuntu/airflow-venv/lib/python3.12/site-packages/airflow/example_dags/example_setup_teardown.py
[2024-08-03T08:35:17.520+0000] {processor.py:840} INFO - DAG(s) 'example_setup_teardown' retrieved from /home/ubuntu/airflow-venv/lib/python3.12/site-packages/airflow/example_dags/example_setup_teardown.py
[2024-08-03T08:35:17.539+0000] {logging_mixin.py:188} INFO - [2024-08-03T08:35:17.539+0000] {dag.py:3089} INFO - Sync 1 DAGs
[2024-08-03T08:35:17.562+0000] {logging_mixin.py:188} INFO - [2024-08-03T08:35:17.561+0000] {dag.py:3947} INFO - Setting next_dagrun for example_setup_teardown to 2024-08-02 00:00:00+00:00, run_after=2024-08-03 00:00:00+00:00
[2024-08-03T08:35:17.587+0000] {processor.py:183} INFO - Processing /home/ubuntu/airflow-venv/lib/python3.12/site-packages/airflow/example_dags/example_setup_teardown.py took 0.083 seconds
[2024-08-03T08:36:11.244+0000] {processor.py:161} INFO - Started process (PID=2183) to work on /home/ubuntu/airflow-venv/lib/python3.12/site-packages/airflow/example_dags/example_setup_teardown.py
[2024-08-03T08:36:11.245+0000] {processor.py:830} INFO - Processing file /home/ubuntu/airflow-venv/lib/python3.12/site-packages/airflow/example_dags/example_setup_teardown.py for tasks to queue
[2024-08-03T08:36:11.247+0000] {logging_mixin.py:188} INFO - [2024-08-03T08:36:11.247+0000] {dagbag.py:545} INFO - Filling up the DagBag from /home/ubuntu/airflow-venv/lib/python3.12/site-packages/airflow/example_dags/example_setup_teardown.py
[2024-08-03T08:36:11.255+0000] {processor.py:840} INFO - DAG(s) 'example_setup_teardown' retrieved from /home/ubuntu/airflow-venv/lib/python3.12/site-packages/airflow/example_dags/example_setup_teardown.py
[2024-08-03T08:36:11.272+0000] {logging_mixin.py:188} INFO - [2024-08-03T08:36:11.272+0000] {dag.py:3089} INFO - Sync 1 DAGs
[2024-08-03T08:36:11.293+0000] {logging_mixin.py:188} INFO - [2024-08-03T08:36:11.292+0000] {dag.py:3947} INFO - Setting next_dagrun for example_setup_teardown to 2024-08-02 00:00:00+00:00, run_after=2024-08-03 00:00:00+00:00
[2024-08-03T08:36:11.317+0000] {processor.py:183} INFO - Processing /home/ubuntu/airflow-venv/lib/python3.12/site-packages/airflow/example_dags/example_setup_teardown.py took 0.080 seconds
[2024-08-03T08:37:08.903+0000] {processor.py:161} INFO - Started process (PID=2250) to work on /home/ubuntu/airflow-venv/lib/python3.12/site-packages/airflow/example_dags/example_setup_teardown.py
[2024-08-03T08:37:08.905+0000] {processor.py:830} INFO - Processing file /home/ubuntu/airflow-venv/lib/python3.12/site-packages/airflow/example_dags/example_setup_teardown.py for tasks to queue
[2024-08-03T08:37:08.907+0000] {logging_mixin.py:188} INFO - [2024-08-03T08:37:08.906+0000] {dagbag.py:545} INFO - Filling up the DagBag from /home/ubuntu/airflow-venv/lib/python3.12/site-packages/airflow/example_dags/example_setup_teardown.py
[2024-08-03T08:37:08.914+0000] {processor.py:840} INFO - DAG(s) 'example_setup_teardown' retrieved from /home/ubuntu/airflow-venv/lib/python3.12/site-packages/airflow/example_dags/example_setup_teardown.py
[2024-08-03T08:37:08.931+0000] {logging_mixin.py:188} INFO - [2024-08-03T08:37:08.931+0000] {dag.py:3089} INFO - Sync 1 DAGs
[2024-08-03T08:37:08.951+0000] {logging_mixin.py:188} INFO - [2024-08-03T08:37:08.951+0000] {dag.py:3947} INFO - Setting next_dagrun for example_setup_teardown to 2024-08-02 00:00:00+00:00, run_after=2024-08-03 00:00:00+00:00
[2024-08-03T08:37:08.975+0000] {processor.py:183} INFO - Processing /home/ubuntu/airflow-venv/lib/python3.12/site-packages/airflow/example_dags/example_setup_teardown.py took 0.078 seconds
[2024-08-03T08:38:01.527+0000] {processor.py:161} INFO - Started process (PID=2334) to work on /home/ubuntu/airflow-venv/lib/python3.12/site-packages/airflow/example_dags/example_setup_teardown.py
[2024-08-03T08:38:01.528+0000] {processor.py:830} INFO - Processing file /home/ubuntu/airflow-venv/lib/python3.12/site-packages/airflow/example_dags/example_setup_teardown.py for tasks to queue
[2024-08-03T08:38:01.530+0000] {logging_mixin.py:188} INFO - [2024-08-03T08:38:01.530+0000] {dagbag.py:545} INFO - Filling up the DagBag from /home/ubuntu/airflow-venv/lib/python3.12/site-packages/airflow/example_dags/example_setup_teardown.py
[2024-08-03T08:38:01.537+0000] {processor.py:840} INFO - DAG(s) 'example_setup_teardown' retrieved from /home/ubuntu/airflow-venv/lib/python3.12/site-packages/airflow/example_dags/example_setup_teardown.py
[2024-08-03T08:38:01.555+0000] {logging_mixin.py:188} INFO - [2024-08-03T08:38:01.555+0000] {dag.py:3089} INFO - Sync 1 DAGs
[2024-08-03T08:38:01.575+0000] {logging_mixin.py:188} INFO - [2024-08-03T08:38:01.575+0000] {dag.py:3947} INFO - Setting next_dagrun for example_setup_teardown to 2024-08-02 00:00:00+00:00, run_after=2024-08-03 00:00:00+00:00
[2024-08-03T08:38:01.599+0000] {processor.py:183} INFO - Processing /home/ubuntu/airflow-venv/lib/python3.12/site-packages/airflow/example_dags/example_setup_teardown.py took 0.079 seconds
[2024-08-03T08:38:58.130+0000] {processor.py:161} INFO - Started process (PID=2396) to work on /home/ubuntu/airflow-venv/lib/python3.12/site-packages/airflow/example_dags/example_setup_teardown.py
[2024-08-03T08:38:58.132+0000] {processor.py:830} INFO - Processing file /home/ubuntu/airflow-venv/lib/python3.12/site-packages/airflow/example_dags/example_setup_teardown.py for tasks to queue
[2024-08-03T08:38:58.134+0000] {logging_mixin.py:188} INFO - [2024-08-03T08:38:58.133+0000] {dagbag.py:545} INFO - Filling up the DagBag from /home/ubuntu/airflow-venv/lib/python3.12/site-packages/airflow/example_dags/example_setup_teardown.py
[2024-08-03T08:38:58.142+0000] {processor.py:840} INFO - DAG(s) 'example_setup_teardown' retrieved from /home/ubuntu/airflow-venv/lib/python3.12/site-packages/airflow/example_dags/example_setup_teardown.py
[2024-08-03T08:38:58.160+0000] {logging_mixin.py:188} INFO - [2024-08-03T08:38:58.160+0000] {dag.py:3089} INFO - Sync 1 DAGs
[2024-08-03T08:38:58.181+0000] {logging_mixin.py:188} INFO - [2024-08-03T08:38:58.181+0000] {dag.py:3947} INFO - Setting next_dagrun for example_setup_teardown to 2024-08-02 00:00:00+00:00, run_after=2024-08-03 00:00:00+00:00
[2024-08-03T08:38:58.206+0000] {processor.py:183} INFO - Processing /home/ubuntu/airflow-venv/lib/python3.12/site-packages/airflow/example_dags/example_setup_teardown.py took 0.082 seconds
[2024-08-03T08:39:52.645+0000] {processor.py:161} INFO - Started process (PID=2456) to work on /home/ubuntu/airflow-venv/lib/python3.12/site-packages/airflow/example_dags/example_setup_teardown.py
[2024-08-03T08:39:52.646+0000] {processor.py:830} INFO - Processing file /home/ubuntu/airflow-venv/lib/python3.12/site-packages/airflow/example_dags/example_setup_teardown.py for tasks to queue
[2024-08-03T08:39:52.648+0000] {logging_mixin.py:188} INFO - [2024-08-03T08:39:52.648+0000] {dagbag.py:545} INFO - Filling up the DagBag from /home/ubuntu/airflow-venv/lib/python3.12/site-packages/airflow/example_dags/example_setup_teardown.py
[2024-08-03T08:39:52.656+0000] {processor.py:840} INFO - DAG(s) 'example_setup_teardown' retrieved from /home/ubuntu/airflow-venv/lib/python3.12/site-packages/airflow/example_dags/example_setup_teardown.py
[2024-08-03T08:39:52.673+0000] {logging_mixin.py:188} INFO - [2024-08-03T08:39:52.673+0000] {dag.py:3089} INFO - Sync 1 DAGs
[2024-08-03T08:39:52.694+0000] {logging_mixin.py:188} INFO - [2024-08-03T08:39:52.693+0000] {dag.py:3947} INFO - Setting next_dagrun for example_setup_teardown to 2024-08-02 00:00:00+00:00, run_after=2024-08-03 00:00:00+00:00
[2024-08-03T08:39:52.717+0000] {processor.py:183} INFO - Processing /home/ubuntu/airflow-venv/lib/python3.12/site-packages/airflow/example_dags/example_setup_teardown.py took 0.079 seconds
[2024-08-03T08:40:44.643+0000] {processor.py:161} INFO - Started process (PID=2516) to work on /home/ubuntu/airflow-venv/lib/python3.12/site-packages/airflow/example_dags/example_setup_teardown.py
[2024-08-03T08:40:44.644+0000] {processor.py:830} INFO - Processing file /home/ubuntu/airflow-venv/lib/python3.12/site-packages/airflow/example_dags/example_setup_teardown.py for tasks to queue
[2024-08-03T08:40:44.646+0000] {logging_mixin.py:188} INFO - [2024-08-03T08:40:44.646+0000] {dagbag.py:545} INFO - Filling up the DagBag from /home/ubuntu/airflow-venv/lib/python3.12/site-packages/airflow/example_dags/example_setup_teardown.py
[2024-08-03T08:40:44.654+0000] {processor.py:840} INFO - DAG(s) 'example_setup_teardown' retrieved from /home/ubuntu/airflow-venv/lib/python3.12/site-packages/airflow/example_dags/example_setup_teardown.py
[2024-08-03T08:40:44.672+0000] {logging_mixin.py:188} INFO - [2024-08-03T08:40:44.671+0000] {dag.py:3089} INFO - Sync 1 DAGs
[2024-08-03T08:40:44.692+0000] {logging_mixin.py:188} INFO - [2024-08-03T08:40:44.692+0000] {dag.py:3947} INFO - Setting next_dagrun for example_setup_teardown to 2024-08-02 00:00:00+00:00, run_after=2024-08-03 00:00:00+00:00
[2024-08-03T08:40:44.718+0000] {processor.py:183} INFO - Processing /home/ubuntu/airflow-venv/lib/python3.12/site-packages/airflow/example_dags/example_setup_teardown.py took 0.082 seconds
[2024-08-03T08:41:32.842+0000] {processor.py:161} INFO - Started process (PID=2570) to work on /home/ubuntu/airflow-venv/lib/python3.12/site-packages/airflow/example_dags/example_setup_teardown.py
[2024-08-03T08:41:32.843+0000] {processor.py:830} INFO - Processing file /home/ubuntu/airflow-venv/lib/python3.12/site-packages/airflow/example_dags/example_setup_teardown.py for tasks to queue
[2024-08-03T08:41:32.845+0000] {logging_mixin.py:188} INFO - [2024-08-03T08:41:32.845+0000] {dagbag.py:545} INFO - Filling up the DagBag from /home/ubuntu/airflow-venv/lib/python3.12/site-packages/airflow/example_dags/example_setup_teardown.py
[2024-08-03T08:41:32.853+0000] {processor.py:840} INFO - DAG(s) 'example_setup_teardown' retrieved from /home/ubuntu/airflow-venv/lib/python3.12/site-packages/airflow/example_dags/example_setup_teardown.py
[2024-08-03T08:41:32.870+0000] {logging_mixin.py:188} INFO - [2024-08-03T08:41:32.870+0000] {dag.py:3089} INFO - Sync 1 DAGs
[2024-08-03T08:41:32.891+0000] {logging_mixin.py:188} INFO - [2024-08-03T08:41:32.891+0000] {dag.py:3947} INFO - Setting next_dagrun for example_setup_teardown to 2024-08-02 00:00:00+00:00, run_after=2024-08-03 00:00:00+00:00
[2024-08-03T08:41:32.916+0000] {processor.py:183} INFO - Processing /home/ubuntu/airflow-venv/lib/python3.12/site-packages/airflow/example_dags/example_setup_teardown.py took 0.081 seconds
[2024-08-03T08:42:20.593+0000] {processor.py:161} INFO - Started process (PID=2619) to work on /home/ubuntu/airflow-venv/lib/python3.12/site-packages/airflow/example_dags/example_setup_teardown.py
[2024-08-03T08:42:20.595+0000] {processor.py:830} INFO - Processing file /home/ubuntu/airflow-venv/lib/python3.12/site-packages/airflow/example_dags/example_setup_teardown.py for tasks to queue
[2024-08-03T08:42:20.596+0000] {logging_mixin.py:188} INFO - [2024-08-03T08:42:20.596+0000] {dagbag.py:545} INFO - Filling up the DagBag from /home/ubuntu/airflow-venv/lib/python3.12/site-packages/airflow/example_dags/example_setup_teardown.py
[2024-08-03T08:42:20.604+0000] {processor.py:840} INFO - DAG(s) 'example_setup_teardown' retrieved from /home/ubuntu/airflow-venv/lib/python3.12/site-packages/airflow/example_dags/example_setup_teardown.py
[2024-08-03T08:42:20.621+0000] {logging_mixin.py:188} INFO - [2024-08-03T08:42:20.621+0000] {dag.py:3089} INFO - Sync 1 DAGs
[2024-08-03T08:42:20.641+0000] {logging_mixin.py:188} INFO - [2024-08-03T08:42:20.641+0000] {dag.py:3947} INFO - Setting next_dagrun for example_setup_teardown to 2024-08-02 00:00:00+00:00, run_after=2024-08-03 00:00:00+00:00
[2024-08-03T08:42:20.665+0000] {processor.py:183} INFO - Processing /home/ubuntu/airflow-venv/lib/python3.12/site-packages/airflow/example_dags/example_setup_teardown.py took 0.077 seconds
[2024-08-03T08:43:04.965+0000] {processor.py:161} INFO - Started process (PID=2669) to work on /home/ubuntu/airflow-venv/lib/python3.12/site-packages/airflow/example_dags/example_setup_teardown.py
[2024-08-03T08:43:04.966+0000] {processor.py:830} INFO - Processing file /home/ubuntu/airflow-venv/lib/python3.12/site-packages/airflow/example_dags/example_setup_teardown.py for tasks to queue
[2024-08-03T08:43:04.968+0000] {logging_mixin.py:188} INFO - [2024-08-03T08:43:04.968+0000] {dagbag.py:545} INFO - Filling up the DagBag from /home/ubuntu/airflow-venv/lib/python3.12/site-packages/airflow/example_dags/example_setup_teardown.py
[2024-08-03T08:43:04.976+0000] {processor.py:840} INFO - DAG(s) 'example_setup_teardown' retrieved from /home/ubuntu/airflow-venv/lib/python3.12/site-packages/airflow/example_dags/example_setup_teardown.py
[2024-08-03T08:43:04.993+0000] {logging_mixin.py:188} INFO - [2024-08-03T08:43:04.993+0000] {dag.py:3089} INFO - Sync 1 DAGs
[2024-08-03T08:43:05.015+0000] {logging_mixin.py:188} INFO - [2024-08-03T08:43:05.015+0000] {dag.py:3947} INFO - Setting next_dagrun for example_setup_teardown to 2024-08-02 00:00:00+00:00, run_after=2024-08-03 00:00:00+00:00
[2024-08-03T08:43:05.040+0000] {processor.py:183} INFO - Processing /home/ubuntu/airflow-venv/lib/python3.12/site-packages/airflow/example_dags/example_setup_teardown.py took 0.081 seconds
[2024-08-03T08:43:47.902+0000] {processor.py:161} INFO - Started process (PID=2718) to work on /home/ubuntu/airflow-venv/lib/python3.12/site-packages/airflow/example_dags/example_setup_teardown.py
[2024-08-03T08:43:47.904+0000] {processor.py:830} INFO - Processing file /home/ubuntu/airflow-venv/lib/python3.12/site-packages/airflow/example_dags/example_setup_teardown.py for tasks to queue
[2024-08-03T08:43:47.905+0000] {logging_mixin.py:188} INFO - [2024-08-03T08:43:47.905+0000] {dagbag.py:545} INFO - Filling up the DagBag from /home/ubuntu/airflow-venv/lib/python3.12/site-packages/airflow/example_dags/example_setup_teardown.py
[2024-08-03T08:43:47.913+0000] {processor.py:840} INFO - DAG(s) 'example_setup_teardown' retrieved from /home/ubuntu/airflow-venv/lib/python3.12/site-packages/airflow/example_dags/example_setup_teardown.py
[2024-08-03T08:43:47.931+0000] {logging_mixin.py:188} INFO - [2024-08-03T08:43:47.931+0000] {dag.py:3089} INFO - Sync 1 DAGs
[2024-08-03T08:43:47.952+0000] {logging_mixin.py:188} INFO - [2024-08-03T08:43:47.951+0000] {dag.py:3947} INFO - Setting next_dagrun for example_setup_teardown to 2024-08-02 00:00:00+00:00, run_after=2024-08-03 00:00:00+00:00
[2024-08-03T08:43:47.976+0000] {processor.py:183} INFO - Processing /home/ubuntu/airflow-venv/lib/python3.12/site-packages/airflow/example_dags/example_setup_teardown.py took 0.079 seconds
[2024-08-03T08:44:30.169+0000] {processor.py:161} INFO - Started process (PID=2923) to work on /home/ubuntu/airflow-venv/lib/python3.12/site-packages/airflow/example_dags/example_setup_teardown.py
[2024-08-03T08:44:30.170+0000] {processor.py:830} INFO - Processing file /home/ubuntu/airflow-venv/lib/python3.12/site-packages/airflow/example_dags/example_setup_teardown.py for tasks to queue
[2024-08-03T08:44:30.172+0000] {logging_mixin.py:188} INFO - [2024-08-03T08:44:30.172+0000] {dagbag.py:545} INFO - Filling up the DagBag from /home/ubuntu/airflow-venv/lib/python3.12/site-packages/airflow/example_dags/example_setup_teardown.py
[2024-08-03T08:44:30.179+0000] {processor.py:840} INFO - DAG(s) 'example_setup_teardown' retrieved from /home/ubuntu/airflow-venv/lib/python3.12/site-packages/airflow/example_dags/example_setup_teardown.py
[2024-08-03T08:44:30.197+0000] {logging_mixin.py:188} INFO - [2024-08-03T08:44:30.197+0000] {dag.py:3089} INFO - Sync 1 DAGs
[2024-08-03T08:44:30.217+0000] {logging_mixin.py:188} INFO - [2024-08-03T08:44:30.217+0000] {dag.py:3947} INFO - Setting next_dagrun for example_setup_teardown to 2024-08-02 00:00:00+00:00, run_after=2024-08-03 00:00:00+00:00
[2024-08-03T08:44:30.242+0000] {processor.py:183} INFO - Processing /home/ubuntu/airflow-venv/lib/python3.12/site-packages/airflow/example_dags/example_setup_teardown.py took 0.079 seconds
[2024-08-03T08:45:15.033+0000] {processor.py:161} INFO - Started process (PID=3034) to work on /home/ubuntu/airflow-venv/lib/python3.12/site-packages/airflow/example_dags/example_setup_teardown.py
[2024-08-03T08:45:15.035+0000] {processor.py:830} INFO - Processing file /home/ubuntu/airflow-venv/lib/python3.12/site-packages/airflow/example_dags/example_setup_teardown.py for tasks to queue
[2024-08-03T08:45:15.037+0000] {logging_mixin.py:188} INFO - [2024-08-03T08:45:15.036+0000] {dagbag.py:545} INFO - Filling up the DagBag from /home/ubuntu/airflow-venv/lib/python3.12/site-packages/airflow/example_dags/example_setup_teardown.py
[2024-08-03T08:45:15.044+0000] {processor.py:840} INFO - DAG(s) 'example_setup_teardown' retrieved from /home/ubuntu/airflow-venv/lib/python3.12/site-packages/airflow/example_dags/example_setup_teardown.py
[2024-08-03T08:45:15.062+0000] {logging_mixin.py:188} INFO - [2024-08-03T08:45:15.062+0000] {dag.py:3089} INFO - Sync 1 DAGs
[2024-08-03T08:45:15.083+0000] {logging_mixin.py:188} INFO - [2024-08-03T08:45:15.082+0000] {dag.py:3947} INFO - Setting next_dagrun for example_setup_teardown to 2024-08-02 00:00:00+00:00, run_after=2024-08-03 00:00:00+00:00
[2024-08-03T08:45:15.109+0000] {processor.py:183} INFO - Processing /home/ubuntu/airflow-venv/lib/python3.12/site-packages/airflow/example_dags/example_setup_teardown.py took 0.082 seconds
[2024-08-03T08:45:59.497+0000] {processor.py:161} INFO - Started process (PID=3120) to work on /home/ubuntu/airflow-venv/lib/python3.12/site-packages/airflow/example_dags/example_setup_teardown.py
[2024-08-03T08:45:59.498+0000] {processor.py:830} INFO - Processing file /home/ubuntu/airflow-venv/lib/python3.12/site-packages/airflow/example_dags/example_setup_teardown.py for tasks to queue
[2024-08-03T08:45:59.500+0000] {logging_mixin.py:188} INFO - [2024-08-03T08:45:59.500+0000] {dagbag.py:545} INFO - Filling up the DagBag from /home/ubuntu/airflow-venv/lib/python3.12/site-packages/airflow/example_dags/example_setup_teardown.py
[2024-08-03T08:45:59.507+0000] {processor.py:840} INFO - DAG(s) 'example_setup_teardown' retrieved from /home/ubuntu/airflow-venv/lib/python3.12/site-packages/airflow/example_dags/example_setup_teardown.py
[2024-08-03T08:45:59.524+0000] {logging_mixin.py:188} INFO - [2024-08-03T08:45:59.524+0000] {dag.py:3089} INFO - Sync 1 DAGs
[2024-08-03T08:45:59.544+0000] {logging_mixin.py:188} INFO - [2024-08-03T08:45:59.544+0000] {dag.py:3947} INFO - Setting next_dagrun for example_setup_teardown to 2024-08-02 00:00:00+00:00, run_after=2024-08-03 00:00:00+00:00
[2024-08-03T08:45:59.567+0000] {processor.py:183} INFO - Processing /home/ubuntu/airflow-venv/lib/python3.12/site-packages/airflow/example_dags/example_setup_teardown.py took 0.077 seconds
[2024-08-03T08:47:02.650+0000] {processor.py:161} INFO - Started process (PID=3190) to work on /home/ubuntu/airflow-venv/lib/python3.12/site-packages/airflow/example_dags/example_setup_teardown.py
[2024-08-03T08:47:02.651+0000] {processor.py:830} INFO - Processing file /home/ubuntu/airflow-venv/lib/python3.12/site-packages/airflow/example_dags/example_setup_teardown.py for tasks to queue
[2024-08-03T08:47:02.653+0000] {logging_mixin.py:188} INFO - [2024-08-03T08:47:02.653+0000] {dagbag.py:545} INFO - Filling up the DagBag from /home/ubuntu/airflow-venv/lib/python3.12/site-packages/airflow/example_dags/example_setup_teardown.py
[2024-08-03T08:47:02.661+0000] {processor.py:840} INFO - DAG(s) 'example_setup_teardown' retrieved from /home/ubuntu/airflow-venv/lib/python3.12/site-packages/airflow/example_dags/example_setup_teardown.py
[2024-08-03T08:47:02.679+0000] {logging_mixin.py:188} INFO - [2024-08-03T08:47:02.679+0000] {dag.py:3089} INFO - Sync 1 DAGs
[2024-08-03T08:47:02.700+0000] {logging_mixin.py:188} INFO - [2024-08-03T08:47:02.700+0000] {dag.py:3947} INFO - Setting next_dagrun for example_setup_teardown to 2024-08-02 00:00:00+00:00, run_after=2024-08-03 00:00:00+00:00
[2024-08-03T08:47:02.724+0000] {processor.py:183} INFO - Processing /home/ubuntu/airflow-venv/lib/python3.12/site-packages/airflow/example_dags/example_setup_teardown.py took 0.080 seconds
[2024-08-03T08:48:05.817+0000] {processor.py:161} INFO - Started process (PID=3728) to work on /home/ubuntu/airflow-venv/lib/python3.12/site-packages/airflow/example_dags/example_setup_teardown.py
[2024-08-03T08:48:05.819+0000] {processor.py:830} INFO - Processing file /home/ubuntu/airflow-venv/lib/python3.12/site-packages/airflow/example_dags/example_setup_teardown.py for tasks to queue
[2024-08-03T08:48:05.820+0000] {logging_mixin.py:188} INFO - [2024-08-03T08:48:05.820+0000] {dagbag.py:545} INFO - Filling up the DagBag from /home/ubuntu/airflow-venv/lib/python3.12/site-packages/airflow/example_dags/example_setup_teardown.py
[2024-08-03T08:48:05.828+0000] {processor.py:840} INFO - DAG(s) 'example_setup_teardown' retrieved from /home/ubuntu/airflow-venv/lib/python3.12/site-packages/airflow/example_dags/example_setup_teardown.py
[2024-08-03T08:48:05.845+0000] {logging_mixin.py:188} INFO - [2024-08-03T08:48:05.845+0000] {dag.py:3089} INFO - Sync 1 DAGs
[2024-08-03T08:48:05.866+0000] {logging_mixin.py:188} INFO - [2024-08-03T08:48:05.866+0000] {dag.py:3947} INFO - Setting next_dagrun for example_setup_teardown to 2024-08-02 00:00:00+00:00, run_after=2024-08-03 00:00:00+00:00
[2024-08-03T08:48:05.890+0000] {processor.py:183} INFO - Processing /home/ubuntu/airflow-venv/lib/python3.12/site-packages/airflow/example_dags/example_setup_teardown.py took 0.079 seconds
[2024-08-03T08:48:49.182+0000] {processor.py:161} INFO - Started process (PID=3853) to work on /home/ubuntu/airflow-venv/lib/python3.12/site-packages/airflow/example_dags/example_setup_teardown.py
[2024-08-03T08:48:49.183+0000] {processor.py:830} INFO - Processing file /home/ubuntu/airflow-venv/lib/python3.12/site-packages/airflow/example_dags/example_setup_teardown.py for tasks to queue
[2024-08-03T08:48:49.185+0000] {logging_mixin.py:188} INFO - [2024-08-03T08:48:49.185+0000] {dagbag.py:545} INFO - Filling up the DagBag from /home/ubuntu/airflow-venv/lib/python3.12/site-packages/airflow/example_dags/example_setup_teardown.py
[2024-08-03T08:48:49.193+0000] {processor.py:840} INFO - DAG(s) 'example_setup_teardown' retrieved from /home/ubuntu/airflow-venv/lib/python3.12/site-packages/airflow/example_dags/example_setup_teardown.py
[2024-08-03T08:48:49.210+0000] {logging_mixin.py:188} INFO - [2024-08-03T08:48:49.210+0000] {dag.py:3089} INFO - Sync 1 DAGs
[2024-08-03T08:48:49.232+0000] {logging_mixin.py:188} INFO - [2024-08-03T08:48:49.232+0000] {dag.py:3947} INFO - Setting next_dagrun for example_setup_teardown to 2024-08-02 00:00:00+00:00, run_after=2024-08-03 00:00:00+00:00
[2024-08-03T08:48:49.257+0000] {processor.py:183} INFO - Processing /home/ubuntu/airflow-venv/lib/python3.12/site-packages/airflow/example_dags/example_setup_teardown.py took 0.081 seconds
[2024-08-03T08:49:33.462+0000] {processor.py:161} INFO - Started process (PID=4013) to work on /home/ubuntu/airflow-venv/lib/python3.12/site-packages/airflow/example_dags/example_setup_teardown.py
[2024-08-03T08:49:33.464+0000] {processor.py:830} INFO - Processing file /home/ubuntu/airflow-venv/lib/python3.12/site-packages/airflow/example_dags/example_setup_teardown.py for tasks to queue
[2024-08-03T08:49:33.465+0000] {logging_mixin.py:188} INFO - [2024-08-03T08:49:33.465+0000] {dagbag.py:545} INFO - Filling up the DagBag from /home/ubuntu/airflow-venv/lib/python3.12/site-packages/airflow/example_dags/example_setup_teardown.py
[2024-08-03T08:49:33.473+0000] {processor.py:840} INFO - DAG(s) 'example_setup_teardown' retrieved from /home/ubuntu/airflow-venv/lib/python3.12/site-packages/airflow/example_dags/example_setup_teardown.py
[2024-08-03T08:49:33.490+0000] {logging_mixin.py:188} INFO - [2024-08-03T08:49:33.490+0000] {dag.py:3089} INFO - Sync 1 DAGs
[2024-08-03T08:49:33.511+0000] {logging_mixin.py:188} INFO - [2024-08-03T08:49:33.510+0000] {dag.py:3947} INFO - Setting next_dagrun for example_setup_teardown to 2024-08-02 00:00:00+00:00, run_after=2024-08-03 00:00:00+00:00
[2024-08-03T08:49:33.534+0000] {processor.py:183} INFO - Processing /home/ubuntu/airflow-venv/lib/python3.12/site-packages/airflow/example_dags/example_setup_teardown.py took 0.077 seconds
[2024-08-03T08:50:18.859+0000] {processor.py:161} INFO - Started process (PID=4421) to work on /home/ubuntu/airflow-venv/lib/python3.12/site-packages/airflow/example_dags/example_setup_teardown.py
[2024-08-03T08:50:18.861+0000] {processor.py:830} INFO - Processing file /home/ubuntu/airflow-venv/lib/python3.12/site-packages/airflow/example_dags/example_setup_teardown.py for tasks to queue
[2024-08-03T08:50:18.863+0000] {logging_mixin.py:188} INFO - [2024-08-03T08:50:18.862+0000] {dagbag.py:545} INFO - Filling up the DagBag from /home/ubuntu/airflow-venv/lib/python3.12/site-packages/airflow/example_dags/example_setup_teardown.py
[2024-08-03T08:50:18.877+0000] {processor.py:840} INFO - DAG(s) 'example_setup_teardown' retrieved from /home/ubuntu/airflow-venv/lib/python3.12/site-packages/airflow/example_dags/example_setup_teardown.py
[2024-08-03T08:50:18.898+0000] {logging_mixin.py:188} INFO - [2024-08-03T08:50:18.897+0000] {dag.py:3089} INFO - Sync 1 DAGs
[2024-08-03T08:50:18.919+0000] {logging_mixin.py:188} INFO - [2024-08-03T08:50:18.919+0000] {dag.py:3947} INFO - Setting next_dagrun for example_setup_teardown to 2024-08-02 00:00:00+00:00, run_after=2024-08-03 00:00:00+00:00
[2024-08-03T08:50:18.945+0000] {processor.py:183} INFO - Processing /home/ubuntu/airflow-venv/lib/python3.12/site-packages/airflow/example_dags/example_setup_teardown.py took 0.092 seconds
[2024-08-03T08:51:08.789+0000] {processor.py:161} INFO - Started process (PID=4573) to work on /home/ubuntu/airflow-venv/lib/python3.12/site-packages/airflow/example_dags/example_setup_teardown.py
[2024-08-03T08:51:08.792+0000] {processor.py:830} INFO - Processing file /home/ubuntu/airflow-venv/lib/python3.12/site-packages/airflow/example_dags/example_setup_teardown.py for tasks to queue
[2024-08-03T08:51:08.794+0000] {logging_mixin.py:188} INFO - [2024-08-03T08:51:08.794+0000] {dagbag.py:545} INFO - Filling up the DagBag from /home/ubuntu/airflow-venv/lib/python3.12/site-packages/airflow/example_dags/example_setup_teardown.py
[2024-08-03T08:51:08.801+0000] {processor.py:840} INFO - DAG(s) 'example_setup_teardown' retrieved from /home/ubuntu/airflow-venv/lib/python3.12/site-packages/airflow/example_dags/example_setup_teardown.py
[2024-08-03T08:51:08.819+0000] {logging_mixin.py:188} INFO - [2024-08-03T08:51:08.819+0000] {dag.py:3089} INFO - Sync 1 DAGs
[2024-08-03T08:51:08.839+0000] {logging_mixin.py:188} INFO - [2024-08-03T08:51:08.839+0000] {dag.py:3947} INFO - Setting next_dagrun for example_setup_teardown to 2024-08-02 00:00:00+00:00, run_after=2024-08-03 00:00:00+00:00
[2024-08-03T08:51:08.865+0000] {processor.py:183} INFO - Processing /home/ubuntu/airflow-venv/lib/python3.12/site-packages/airflow/example_dags/example_setup_teardown.py took 0.084 seconds
[2024-08-03T08:51:58.603+0000] {processor.py:161} INFO - Started process (PID=4706) to work on /home/ubuntu/airflow-venv/lib/python3.12/site-packages/airflow/example_dags/example_setup_teardown.py
[2024-08-03T08:51:58.604+0000] {processor.py:830} INFO - Processing file /home/ubuntu/airflow-venv/lib/python3.12/site-packages/airflow/example_dags/example_setup_teardown.py for tasks to queue
[2024-08-03T08:51:58.606+0000] {logging_mixin.py:188} INFO - [2024-08-03T08:51:58.606+0000] {dagbag.py:545} INFO - Filling up the DagBag from /home/ubuntu/airflow-venv/lib/python3.12/site-packages/airflow/example_dags/example_setup_teardown.py
[2024-08-03T08:51:58.614+0000] {processor.py:840} INFO - DAG(s) 'example_setup_teardown' retrieved from /home/ubuntu/airflow-venv/lib/python3.12/site-packages/airflow/example_dags/example_setup_teardown.py
[2024-08-03T08:51:58.631+0000] {logging_mixin.py:188} INFO - [2024-08-03T08:51:58.631+0000] {dag.py:3089} INFO - Sync 1 DAGs
[2024-08-03T08:51:58.652+0000] {logging_mixin.py:188} INFO - [2024-08-03T08:51:58.652+0000] {dag.py:3947} INFO - Setting next_dagrun for example_setup_teardown to 2024-08-02 00:00:00+00:00, run_after=2024-08-03 00:00:00+00:00
[2024-08-03T08:51:58.676+0000] {processor.py:183} INFO - Processing /home/ubuntu/airflow-venv/lib/python3.12/site-packages/airflow/example_dags/example_setup_teardown.py took 0.081 seconds
[2024-08-03T08:52:43.232+0000] {processor.py:161} INFO - Started process (PID=4812) to work on /home/ubuntu/airflow-venv/lib/python3.12/site-packages/airflow/example_dags/example_setup_teardown.py
[2024-08-03T08:52:43.234+0000] {processor.py:830} INFO - Processing file /home/ubuntu/airflow-venv/lib/python3.12/site-packages/airflow/example_dags/example_setup_teardown.py for tasks to queue
[2024-08-03T08:52:43.236+0000] {logging_mixin.py:188} INFO - [2024-08-03T08:52:43.235+0000] {dagbag.py:545} INFO - Filling up the DagBag from /home/ubuntu/airflow-venv/lib/python3.12/site-packages/airflow/example_dags/example_setup_teardown.py
[2024-08-03T08:52:43.243+0000] {processor.py:840} INFO - DAG(s) 'example_setup_teardown' retrieved from /home/ubuntu/airflow-venv/lib/python3.12/site-packages/airflow/example_dags/example_setup_teardown.py
[2024-08-03T08:52:43.260+0000] {logging_mixin.py:188} INFO - [2024-08-03T08:52:43.260+0000] {dag.py:3089} INFO - Sync 1 DAGs
[2024-08-03T08:52:43.280+0000] {logging_mixin.py:188} INFO - [2024-08-03T08:52:43.280+0000] {dag.py:3947} INFO - Setting next_dagrun for example_setup_teardown to 2024-08-02 00:00:00+00:00, run_after=2024-08-03 00:00:00+00:00
[2024-08-03T08:52:43.408+0000] {processor.py:183} INFO - Processing /home/ubuntu/airflow-venv/lib/python3.12/site-packages/airflow/example_dags/example_setup_teardown.py took 0.183 seconds
[2024-08-03T08:53:46.669+0000] {processor.py:161} INFO - Started process (PID=4887) to work on /home/ubuntu/airflow-venv/lib/python3.12/site-packages/airflow/example_dags/example_setup_teardown.py
[2024-08-03T08:53:46.671+0000] {processor.py:830} INFO - Processing file /home/ubuntu/airflow-venv/lib/python3.12/site-packages/airflow/example_dags/example_setup_teardown.py for tasks to queue
[2024-08-03T08:53:46.672+0000] {logging_mixin.py:188} INFO - [2024-08-03T08:53:46.672+0000] {dagbag.py:545} INFO - Filling up the DagBag from /home/ubuntu/airflow-venv/lib/python3.12/site-packages/airflow/example_dags/example_setup_teardown.py
[2024-08-03T08:53:46.680+0000] {processor.py:840} INFO - DAG(s) 'example_setup_teardown' retrieved from /home/ubuntu/airflow-venv/lib/python3.12/site-packages/airflow/example_dags/example_setup_teardown.py
[2024-08-03T08:53:46.697+0000] {logging_mixin.py:188} INFO - [2024-08-03T08:53:46.697+0000] {dag.py:3089} INFO - Sync 1 DAGs
[2024-08-03T08:53:46.718+0000] {logging_mixin.py:188} INFO - [2024-08-03T08:53:46.718+0000] {dag.py:3947} INFO - Setting next_dagrun for example_setup_teardown to 2024-08-02 00:00:00+00:00, run_after=2024-08-03 00:00:00+00:00
[2024-08-03T08:53:46.744+0000] {processor.py:183} INFO - Processing /home/ubuntu/airflow-venv/lib/python3.12/site-packages/airflow/example_dags/example_setup_teardown.py took 0.082 seconds
[2024-08-03T08:54:32.847+0000] {processor.py:161} INFO - Started process (PID=4933) to work on /home/ubuntu/airflow-venv/lib/python3.12/site-packages/airflow/example_dags/example_setup_teardown.py
[2024-08-03T08:54:32.849+0000] {processor.py:830} INFO - Processing file /home/ubuntu/airflow-venv/lib/python3.12/site-packages/airflow/example_dags/example_setup_teardown.py for tasks to queue
[2024-08-03T08:54:32.851+0000] {logging_mixin.py:188} INFO - [2024-08-03T08:54:32.850+0000] {dagbag.py:545} INFO - Filling up the DagBag from /home/ubuntu/airflow-venv/lib/python3.12/site-packages/airflow/example_dags/example_setup_teardown.py
[2024-08-03T08:54:32.858+0000] {processor.py:840} INFO - DAG(s) 'example_setup_teardown' retrieved from /home/ubuntu/airflow-venv/lib/python3.12/site-packages/airflow/example_dags/example_setup_teardown.py
[2024-08-03T08:54:32.876+0000] {logging_mixin.py:188} INFO - [2024-08-03T08:54:32.876+0000] {dag.py:3089} INFO - Sync 1 DAGs
[2024-08-03T08:54:32.897+0000] {logging_mixin.py:188} INFO - [2024-08-03T08:54:32.897+0000] {dag.py:3947} INFO - Setting next_dagrun for example_setup_teardown to 2024-08-02 00:00:00+00:00, run_after=2024-08-03 00:00:00+00:00
[2024-08-03T08:54:32.922+0000] {processor.py:183} INFO - Processing /home/ubuntu/airflow-venv/lib/python3.12/site-packages/airflow/example_dags/example_setup_teardown.py took 0.083 seconds
[2024-08-03T08:55:43.318+0000] {processor.py:161} INFO - Started process (PID=5020) to work on /home/ubuntu/airflow-venv/lib/python3.12/site-packages/airflow/example_dags/example_setup_teardown.py
[2024-08-03T08:55:43.320+0000] {processor.py:830} INFO - Processing file /home/ubuntu/airflow-venv/lib/python3.12/site-packages/airflow/example_dags/example_setup_teardown.py for tasks to queue
[2024-08-03T08:55:43.322+0000] {logging_mixin.py:188} INFO - [2024-08-03T08:55:43.321+0000] {dagbag.py:545} INFO - Filling up the DagBag from /home/ubuntu/airflow-venv/lib/python3.12/site-packages/airflow/example_dags/example_setup_teardown.py
[2024-08-03T08:55:43.329+0000] {processor.py:840} INFO - DAG(s) 'example_setup_teardown' retrieved from /home/ubuntu/airflow-venv/lib/python3.12/site-packages/airflow/example_dags/example_setup_teardown.py
[2024-08-03T08:55:43.346+0000] {logging_mixin.py:188} INFO - [2024-08-03T08:55:43.346+0000] {dag.py:3089} INFO - Sync 1 DAGs
[2024-08-03T08:55:43.481+0000] {logging_mixin.py:188} INFO - [2024-08-03T08:55:43.481+0000] {dag.py:3947} INFO - Setting next_dagrun for example_setup_teardown to 2024-08-02 00:00:00+00:00, run_after=2024-08-03 00:00:00+00:00
[2024-08-03T08:55:43.503+0000] {processor.py:183} INFO - Processing /home/ubuntu/airflow-venv/lib/python3.12/site-packages/airflow/example_dags/example_setup_teardown.py took 0.192 seconds
[2024-08-03T08:56:39.784+0000] {processor.py:161} INFO - Started process (PID=5099) to work on /home/ubuntu/airflow-venv/lib/python3.12/site-packages/airflow/example_dags/example_setup_teardown.py
[2024-08-03T08:56:39.785+0000] {processor.py:830} INFO - Processing file /home/ubuntu/airflow-venv/lib/python3.12/site-packages/airflow/example_dags/example_setup_teardown.py for tasks to queue
[2024-08-03T08:56:39.787+0000] {logging_mixin.py:188} INFO - [2024-08-03T08:56:39.786+0000] {dagbag.py:545} INFO - Filling up the DagBag from /home/ubuntu/airflow-venv/lib/python3.12/site-packages/airflow/example_dags/example_setup_teardown.py
[2024-08-03T08:56:39.794+0000] {processor.py:840} INFO - DAG(s) 'example_setup_teardown' retrieved from /home/ubuntu/airflow-venv/lib/python3.12/site-packages/airflow/example_dags/example_setup_teardown.py
[2024-08-03T08:56:39.811+0000] {logging_mixin.py:188} INFO - [2024-08-03T08:56:39.810+0000] {dag.py:3089} INFO - Sync 1 DAGs
[2024-08-03T08:56:39.831+0000] {logging_mixin.py:188} INFO - [2024-08-03T08:56:39.831+0000] {dag.py:3947} INFO - Setting next_dagrun for example_setup_teardown to 2024-08-02 00:00:00+00:00, run_after=2024-08-03 00:00:00+00:00
[2024-08-03T08:56:39.959+0000] {processor.py:183} INFO - Processing /home/ubuntu/airflow-venv/lib/python3.12/site-packages/airflow/example_dags/example_setup_teardown.py took 0.183 seconds
[2024-08-03T08:57:28.986+0000] {processor.py:161} INFO - Started process (PID=5202) to work on /home/ubuntu/airflow-venv/lib/python3.12/site-packages/airflow/example_dags/example_setup_teardown.py
[2024-08-03T08:57:28.988+0000] {processor.py:830} INFO - Processing file /home/ubuntu/airflow-venv/lib/python3.12/site-packages/airflow/example_dags/example_setup_teardown.py for tasks to queue
[2024-08-03T08:57:28.990+0000] {logging_mixin.py:188} INFO - [2024-08-03T08:57:28.989+0000] {dagbag.py:545} INFO - Filling up the DagBag from /home/ubuntu/airflow-venv/lib/python3.12/site-packages/airflow/example_dags/example_setup_teardown.py
[2024-08-03T08:57:28.996+0000] {processor.py:840} INFO - DAG(s) 'example_setup_teardown' retrieved from /home/ubuntu/airflow-venv/lib/python3.12/site-packages/airflow/example_dags/example_setup_teardown.py
[2024-08-03T08:57:29.014+0000] {logging_mixin.py:188} INFO - [2024-08-03T08:57:29.014+0000] {dag.py:3089} INFO - Sync 1 DAGs
[2024-08-03T08:57:29.034+0000] {logging_mixin.py:188} INFO - [2024-08-03T08:57:29.034+0000] {dag.py:3947} INFO - Setting next_dagrun for example_setup_teardown to 2024-08-02 00:00:00+00:00, run_after=2024-08-03 00:00:00+00:00
[2024-08-03T08:57:29.057+0000] {processor.py:183} INFO - Processing /home/ubuntu/airflow-venv/lib/python3.12/site-packages/airflow/example_dags/example_setup_teardown.py took 0.079 seconds
[2024-08-03T08:58:20.435+0000] {processor.py:161} INFO - Started process (PID=5358) to work on /home/ubuntu/airflow-venv/lib/python3.12/site-packages/airflow/example_dags/example_setup_teardown.py
[2024-08-03T08:58:20.437+0000] {processor.py:830} INFO - Processing file /home/ubuntu/airflow-venv/lib/python3.12/site-packages/airflow/example_dags/example_setup_teardown.py for tasks to queue
[2024-08-03T08:58:20.438+0000] {logging_mixin.py:188} INFO - [2024-08-03T08:58:20.438+0000] {dagbag.py:545} INFO - Filling up the DagBag from /home/ubuntu/airflow-venv/lib/python3.12/site-packages/airflow/example_dags/example_setup_teardown.py
[2024-08-03T08:58:20.446+0000] {processor.py:840} INFO - DAG(s) 'example_setup_teardown' retrieved from /home/ubuntu/airflow-venv/lib/python3.12/site-packages/airflow/example_dags/example_setup_teardown.py
[2024-08-03T08:58:20.580+0000] {logging_mixin.py:188} INFO - [2024-08-03T08:58:20.580+0000] {dag.py:3089} INFO - Sync 1 DAGs
[2024-08-03T08:58:20.598+0000] {logging_mixin.py:188} INFO - [2024-08-03T08:58:20.597+0000] {dag.py:3947} INFO - Setting next_dagrun for example_setup_teardown to 2024-08-02 00:00:00+00:00, run_after=2024-08-03 00:00:00+00:00
[2024-08-03T08:58:20.629+0000] {processor.py:183} INFO - Processing /home/ubuntu/airflow-venv/lib/python3.12/site-packages/airflow/example_dags/example_setup_teardown.py took 0.202 seconds
[2024-08-03T08:59:11.367+0000] {processor.py:161} INFO - Started process (PID=5462) to work on /home/ubuntu/airflow-venv/lib/python3.12/site-packages/airflow/example_dags/example_setup_teardown.py
[2024-08-03T08:59:11.369+0000] {processor.py:830} INFO - Processing file /home/ubuntu/airflow-venv/lib/python3.12/site-packages/airflow/example_dags/example_setup_teardown.py for tasks to queue
[2024-08-03T08:59:11.370+0000] {logging_mixin.py:188} INFO - [2024-08-03T08:59:11.370+0000] {dagbag.py:545} INFO - Filling up the DagBag from /home/ubuntu/airflow-venv/lib/python3.12/site-packages/airflow/example_dags/example_setup_teardown.py
[2024-08-03T08:59:11.377+0000] {processor.py:840} INFO - DAG(s) 'example_setup_teardown' retrieved from /home/ubuntu/airflow-venv/lib/python3.12/site-packages/airflow/example_dags/example_setup_teardown.py
[2024-08-03T08:59:11.395+0000] {logging_mixin.py:188} INFO - [2024-08-03T08:59:11.394+0000] {dag.py:3089} INFO - Sync 1 DAGs
[2024-08-03T08:59:11.415+0000] {logging_mixin.py:188} INFO - [2024-08-03T08:59:11.415+0000] {dag.py:3947} INFO - Setting next_dagrun for example_setup_teardown to 2024-08-02 00:00:00+00:00, run_after=2024-08-03 00:00:00+00:00
[2024-08-03T08:59:11.444+0000] {processor.py:183} INFO - Processing /home/ubuntu/airflow-venv/lib/python3.12/site-packages/airflow/example_dags/example_setup_teardown.py took 0.085 seconds
[2024-08-03T08:59:58.935+0000] {processor.py:161} INFO - Started process (PID=5566) to work on /home/ubuntu/airflow-venv/lib/python3.12/site-packages/airflow/example_dags/example_setup_teardown.py
[2024-08-03T08:59:58.937+0000] {processor.py:830} INFO - Processing file /home/ubuntu/airflow-venv/lib/python3.12/site-packages/airflow/example_dags/example_setup_teardown.py for tasks to queue
[2024-08-03T08:59:58.938+0000] {logging_mixin.py:188} INFO - [2024-08-03T08:59:58.938+0000] {dagbag.py:545} INFO - Filling up the DagBag from /home/ubuntu/airflow-venv/lib/python3.12/site-packages/airflow/example_dags/example_setup_teardown.py
[2024-08-03T08:59:58.946+0000] {processor.py:840} INFO - DAG(s) 'example_setup_teardown' retrieved from /home/ubuntu/airflow-venv/lib/python3.12/site-packages/airflow/example_dags/example_setup_teardown.py
[2024-08-03T08:59:58.963+0000] {logging_mixin.py:188} INFO - [2024-08-03T08:59:58.963+0000] {dag.py:3089} INFO - Sync 1 DAGs
[2024-08-03T08:59:58.984+0000] {logging_mixin.py:188} INFO - [2024-08-03T08:59:58.984+0000] {dag.py:3947} INFO - Setting next_dagrun for example_setup_teardown to 2024-08-02 00:00:00+00:00, run_after=2024-08-03 00:00:00+00:00
[2024-08-03T08:59:59.009+0000] {processor.py:183} INFO - Processing /home/ubuntu/airflow-venv/lib/python3.12/site-packages/airflow/example_dags/example_setup_teardown.py took 0.083 seconds
[2024-08-03T09:00:44.268+0000] {processor.py:161} INFO - Started process (PID=5790) to work on /home/ubuntu/airflow-venv/lib/python3.12/site-packages/airflow/example_dags/example_setup_teardown.py
[2024-08-03T09:00:44.270+0000] {processor.py:830} INFO - Processing file /home/ubuntu/airflow-venv/lib/python3.12/site-packages/airflow/example_dags/example_setup_teardown.py for tasks to queue
[2024-08-03T09:00:44.272+0000] {logging_mixin.py:188} INFO - [2024-08-03T09:00:44.272+0000] {dagbag.py:545} INFO - Filling up the DagBag from /home/ubuntu/airflow-venv/lib/python3.12/site-packages/airflow/example_dags/example_setup_teardown.py
[2024-08-03T09:00:44.280+0000] {processor.py:840} INFO - DAG(s) 'example_setup_teardown' retrieved from /home/ubuntu/airflow-venv/lib/python3.12/site-packages/airflow/example_dags/example_setup_teardown.py
[2024-08-03T09:00:44.298+0000] {logging_mixin.py:188} INFO - [2024-08-03T09:00:44.297+0000] {dag.py:3089} INFO - Sync 1 DAGs
[2024-08-03T09:00:44.322+0000] {logging_mixin.py:188} INFO - [2024-08-03T09:00:44.322+0000] {dag.py:3947} INFO - Setting next_dagrun for example_setup_teardown to 2024-08-02 00:00:00+00:00, run_after=2024-08-03 00:00:00+00:00
[2024-08-03T09:00:44.346+0000] {processor.py:183} INFO - Processing /home/ubuntu/airflow-venv/lib/python3.12/site-packages/airflow/example_dags/example_setup_teardown.py took 0.086 seconds
[2024-08-03T09:01:27.184+0000] {processor.py:161} INFO - Started process (PID=5977) to work on /home/ubuntu/airflow-venv/lib/python3.12/site-packages/airflow/example_dags/example_setup_teardown.py
[2024-08-03T09:01:27.186+0000] {processor.py:830} INFO - Processing file /home/ubuntu/airflow-venv/lib/python3.12/site-packages/airflow/example_dags/example_setup_teardown.py for tasks to queue
[2024-08-03T09:01:27.187+0000] {logging_mixin.py:188} INFO - [2024-08-03T09:01:27.187+0000] {dagbag.py:545} INFO - Filling up the DagBag from /home/ubuntu/airflow-venv/lib/python3.12/site-packages/airflow/example_dags/example_setup_teardown.py
[2024-08-03T09:01:27.195+0000] {processor.py:840} INFO - DAG(s) 'example_setup_teardown' retrieved from /home/ubuntu/airflow-venv/lib/python3.12/site-packages/airflow/example_dags/example_setup_teardown.py
[2024-08-03T09:01:27.212+0000] {logging_mixin.py:188} INFO - [2024-08-03T09:01:27.212+0000] {dag.py:3089} INFO - Sync 1 DAGs
[2024-08-03T09:01:27.233+0000] {logging_mixin.py:188} INFO - [2024-08-03T09:01:27.233+0000] {dag.py:3947} INFO - Setting next_dagrun for example_setup_teardown to 2024-08-02 00:00:00+00:00, run_after=2024-08-03 00:00:00+00:00
[2024-08-03T09:01:27.257+0000] {processor.py:183} INFO - Processing /home/ubuntu/airflow-venv/lib/python3.12/site-packages/airflow/example_dags/example_setup_teardown.py took 0.081 seconds
[2024-08-03T09:02:12.577+0000] {processor.py:161} INFO - Started process (PID=6173) to work on /home/ubuntu/airflow-venv/lib/python3.12/site-packages/airflow/example_dags/example_setup_teardown.py
[2024-08-03T09:02:12.578+0000] {processor.py:830} INFO - Processing file /home/ubuntu/airflow-venv/lib/python3.12/site-packages/airflow/example_dags/example_setup_teardown.py for tasks to queue
[2024-08-03T09:02:12.580+0000] {logging_mixin.py:188} INFO - [2024-08-03T09:02:12.580+0000] {dagbag.py:545} INFO - Filling up the DagBag from /home/ubuntu/airflow-venv/lib/python3.12/site-packages/airflow/example_dags/example_setup_teardown.py
[2024-08-03T09:02:12.587+0000] {processor.py:840} INFO - DAG(s) 'example_setup_teardown' retrieved from /home/ubuntu/airflow-venv/lib/python3.12/site-packages/airflow/example_dags/example_setup_teardown.py
[2024-08-03T09:02:12.605+0000] {logging_mixin.py:188} INFO - [2024-08-03T09:02:12.605+0000] {dag.py:3089} INFO - Sync 1 DAGs
[2024-08-03T09:02:12.626+0000] {logging_mixin.py:188} INFO - [2024-08-03T09:02:12.625+0000] {dag.py:3947} INFO - Setting next_dagrun for example_setup_teardown to 2024-08-02 00:00:00+00:00, run_after=2024-08-03 00:00:00+00:00
[2024-08-03T09:02:12.649+0000] {processor.py:183} INFO - Processing /home/ubuntu/airflow-venv/lib/python3.12/site-packages/airflow/example_dags/example_setup_teardown.py took 0.081 seconds
[2024-08-03T09:03:12.993+0000] {processor.py:161} INFO - Started process (PID=6361) to work on /home/ubuntu/airflow-venv/lib/python3.12/site-packages/airflow/example_dags/example_setup_teardown.py
[2024-08-03T09:03:12.994+0000] {processor.py:830} INFO - Processing file /home/ubuntu/airflow-venv/lib/python3.12/site-packages/airflow/example_dags/example_setup_teardown.py for tasks to queue
[2024-08-03T09:03:12.996+0000] {logging_mixin.py:188} INFO - [2024-08-03T09:03:12.996+0000] {dagbag.py:545} INFO - Filling up the DagBag from /home/ubuntu/airflow-venv/lib/python3.12/site-packages/airflow/example_dags/example_setup_teardown.py
[2024-08-03T09:03:13.004+0000] {processor.py:840} INFO - DAG(s) 'example_setup_teardown' retrieved from /home/ubuntu/airflow-venv/lib/python3.12/site-packages/airflow/example_dags/example_setup_teardown.py
[2024-08-03T09:03:13.022+0000] {logging_mixin.py:188} INFO - [2024-08-03T09:03:13.022+0000] {dag.py:3089} INFO - Sync 1 DAGs
[2024-08-03T09:03:13.044+0000] {logging_mixin.py:188} INFO - [2024-08-03T09:03:13.043+0000] {dag.py:3947} INFO - Setting next_dagrun for example_setup_teardown to 2024-08-02 00:00:00+00:00, run_after=2024-08-03 00:00:00+00:00
[2024-08-03T09:03:13.069+0000] {processor.py:183} INFO - Processing /home/ubuntu/airflow-venv/lib/python3.12/site-packages/airflow/example_dags/example_setup_teardown.py took 0.084 seconds
[2024-08-03T09:04:12.701+0000] {processor.py:161} INFO - Started process (PID=6494) to work on /home/ubuntu/airflow-venv/lib/python3.12/site-packages/airflow/example_dags/example_setup_teardown.py
[2024-08-03T09:04:12.703+0000] {processor.py:830} INFO - Processing file /home/ubuntu/airflow-venv/lib/python3.12/site-packages/airflow/example_dags/example_setup_teardown.py for tasks to queue
[2024-08-03T09:04:12.705+0000] {logging_mixin.py:188} INFO - [2024-08-03T09:04:12.704+0000] {dagbag.py:545} INFO - Filling up the DagBag from /home/ubuntu/airflow-venv/lib/python3.12/site-packages/airflow/example_dags/example_setup_teardown.py
[2024-08-03T09:04:12.712+0000] {processor.py:840} INFO - DAG(s) 'example_setup_teardown' retrieved from /home/ubuntu/airflow-venv/lib/python3.12/site-packages/airflow/example_dags/example_setup_teardown.py
[2024-08-03T09:04:12.731+0000] {logging_mixin.py:188} INFO - [2024-08-03T09:04:12.731+0000] {dag.py:3089} INFO - Sync 1 DAGs
[2024-08-03T09:04:12.753+0000] {logging_mixin.py:188} INFO - [2024-08-03T09:04:12.753+0000] {dag.py:3947} INFO - Setting next_dagrun for example_setup_teardown to 2024-08-02 00:00:00+00:00, run_after=2024-08-03 00:00:00+00:00
[2024-08-03T09:04:12.779+0000] {processor.py:183} INFO - Processing /home/ubuntu/airflow-venv/lib/python3.12/site-packages/airflow/example_dags/example_setup_teardown.py took 0.087 seconds
[2024-08-03T09:04:57.983+0000] {processor.py:161} INFO - Started process (PID=6553) to work on /home/ubuntu/airflow-venv/lib/python3.12/site-packages/airflow/example_dags/example_setup_teardown.py
[2024-08-03T09:04:57.985+0000] {processor.py:830} INFO - Processing file /home/ubuntu/airflow-venv/lib/python3.12/site-packages/airflow/example_dags/example_setup_teardown.py for tasks to queue
[2024-08-03T09:04:57.987+0000] {logging_mixin.py:188} INFO - [2024-08-03T09:04:57.986+0000] {dagbag.py:545} INFO - Filling up the DagBag from /home/ubuntu/airflow-venv/lib/python3.12/site-packages/airflow/example_dags/example_setup_teardown.py
[2024-08-03T09:04:57.994+0000] {processor.py:840} INFO - DAG(s) 'example_setup_teardown' retrieved from /home/ubuntu/airflow-venv/lib/python3.12/site-packages/airflow/example_dags/example_setup_teardown.py
[2024-08-03T09:04:58.011+0000] {logging_mixin.py:188} INFO - [2024-08-03T09:04:58.011+0000] {dag.py:3089} INFO - Sync 1 DAGs
[2024-08-03T09:04:58.032+0000] {logging_mixin.py:188} INFO - [2024-08-03T09:04:58.031+0000] {dag.py:3947} INFO - Setting next_dagrun for example_setup_teardown to 2024-08-02 00:00:00+00:00, run_after=2024-08-03 00:00:00+00:00
[2024-08-03T09:04:58.055+0000] {processor.py:183} INFO - Processing /home/ubuntu/airflow-venv/lib/python3.12/site-packages/airflow/example_dags/example_setup_teardown.py took 0.080 seconds
[2024-08-03T09:05:42.856+0000] {processor.py:161} INFO - Started process (PID=6635) to work on /home/ubuntu/airflow-venv/lib/python3.12/site-packages/airflow/example_dags/example_setup_teardown.py
[2024-08-03T09:05:42.857+0000] {processor.py:830} INFO - Processing file /home/ubuntu/airflow-venv/lib/python3.12/site-packages/airflow/example_dags/example_setup_teardown.py for tasks to queue
[2024-08-03T09:05:42.860+0000] {logging_mixin.py:188} INFO - [2024-08-03T09:05:42.859+0000] {dagbag.py:545} INFO - Filling up the DagBag from /home/ubuntu/airflow-venv/lib/python3.12/site-packages/airflow/example_dags/example_setup_teardown.py
[2024-08-03T09:05:42.867+0000] {processor.py:840} INFO - DAG(s) 'example_setup_teardown' retrieved from /home/ubuntu/airflow-venv/lib/python3.12/site-packages/airflow/example_dags/example_setup_teardown.py
[2024-08-03T09:05:42.884+0000] {logging_mixin.py:188} INFO - [2024-08-03T09:05:42.884+0000] {dag.py:3089} INFO - Sync 1 DAGs
[2024-08-03T09:05:42.905+0000] {logging_mixin.py:188} INFO - [2024-08-03T09:05:42.905+0000] {dag.py:3947} INFO - Setting next_dagrun for example_setup_teardown to 2024-08-02 00:00:00+00:00, run_after=2024-08-03 00:00:00+00:00
[2024-08-03T09:05:42.929+0000] {processor.py:183} INFO - Processing /home/ubuntu/airflow-venv/lib/python3.12/site-packages/airflow/example_dags/example_setup_teardown.py took 0.081 seconds
[2024-08-03T09:06:25.703+0000] {processor.py:161} INFO - Started process (PID=6846) to work on /home/ubuntu/airflow-venv/lib/python3.12/site-packages/airflow/example_dags/example_setup_teardown.py
[2024-08-03T09:06:25.704+0000] {processor.py:830} INFO - Processing file /home/ubuntu/airflow-venv/lib/python3.12/site-packages/airflow/example_dags/example_setup_teardown.py for tasks to queue
[2024-08-03T09:06:25.706+0000] {logging_mixin.py:188} INFO - [2024-08-03T09:06:25.706+0000] {dagbag.py:545} INFO - Filling up the DagBag from /home/ubuntu/airflow-venv/lib/python3.12/site-packages/airflow/example_dags/example_setup_teardown.py
[2024-08-03T09:06:25.713+0000] {processor.py:840} INFO - DAG(s) 'example_setup_teardown' retrieved from /home/ubuntu/airflow-venv/lib/python3.12/site-packages/airflow/example_dags/example_setup_teardown.py
[2024-08-03T09:06:25.730+0000] {logging_mixin.py:188} INFO - [2024-08-03T09:06:25.730+0000] {dag.py:3089} INFO - Sync 1 DAGs
[2024-08-03T09:06:25.751+0000] {logging_mixin.py:188} INFO - [2024-08-03T09:06:25.751+0000] {dag.py:3947} INFO - Setting next_dagrun for example_setup_teardown to 2024-08-02 00:00:00+00:00, run_after=2024-08-03 00:00:00+00:00
[2024-08-03T09:06:25.775+0000] {processor.py:183} INFO - Processing /home/ubuntu/airflow-venv/lib/python3.12/site-packages/airflow/example_dags/example_setup_teardown.py took 0.080 seconds
[2024-08-03T09:07:10.793+0000] {processor.py:161} INFO - Started process (PID=7024) to work on /home/ubuntu/airflow-venv/lib/python3.12/site-packages/airflow/example_dags/example_setup_teardown.py
[2024-08-03T09:07:10.795+0000] {processor.py:830} INFO - Processing file /home/ubuntu/airflow-venv/lib/python3.12/site-packages/airflow/example_dags/example_setup_teardown.py for tasks to queue
[2024-08-03T09:07:10.797+0000] {logging_mixin.py:188} INFO - [2024-08-03T09:07:10.796+0000] {dagbag.py:545} INFO - Filling up the DagBag from /home/ubuntu/airflow-venv/lib/python3.12/site-packages/airflow/example_dags/example_setup_teardown.py
[2024-08-03T09:07:10.804+0000] {processor.py:840} INFO - DAG(s) 'example_setup_teardown' retrieved from /home/ubuntu/airflow-venv/lib/python3.12/site-packages/airflow/example_dags/example_setup_teardown.py
[2024-08-03T09:07:10.823+0000] {logging_mixin.py:188} INFO - [2024-08-03T09:07:10.822+0000] {dag.py:3089} INFO - Sync 1 DAGs
[2024-08-03T09:07:10.843+0000] {logging_mixin.py:188} INFO - [2024-08-03T09:07:10.843+0000] {dag.py:3947} INFO - Setting next_dagrun for example_setup_teardown to 2024-08-02 00:00:00+00:00, run_after=2024-08-03 00:00:00+00:00
[2024-08-03T09:07:10.868+0000] {processor.py:183} INFO - Processing /home/ubuntu/airflow-venv/lib/python3.12/site-packages/airflow/example_dags/example_setup_teardown.py took 0.083 seconds
[2024-08-03T09:07:55.182+0000] {processor.py:161} INFO - Started process (PID=7181) to work on /home/ubuntu/airflow-venv/lib/python3.12/site-packages/airflow/example_dags/example_setup_teardown.py
[2024-08-03T09:07:55.183+0000] {processor.py:830} INFO - Processing file /home/ubuntu/airflow-venv/lib/python3.12/site-packages/airflow/example_dags/example_setup_teardown.py for tasks to queue
[2024-08-03T09:07:55.185+0000] {logging_mixin.py:188} INFO - [2024-08-03T09:07:55.185+0000] {dagbag.py:545} INFO - Filling up the DagBag from /home/ubuntu/airflow-venv/lib/python3.12/site-packages/airflow/example_dags/example_setup_teardown.py
[2024-08-03T09:07:55.193+0000] {processor.py:840} INFO - DAG(s) 'example_setup_teardown' retrieved from /home/ubuntu/airflow-venv/lib/python3.12/site-packages/airflow/example_dags/example_setup_teardown.py
[2024-08-03T09:07:55.211+0000] {logging_mixin.py:188} INFO - [2024-08-03T09:07:55.210+0000] {dag.py:3089} INFO - Sync 1 DAGs
[2024-08-03T09:07:55.232+0000] {logging_mixin.py:188} INFO - [2024-08-03T09:07:55.231+0000] {dag.py:3947} INFO - Setting next_dagrun for example_setup_teardown to 2024-08-02 00:00:00+00:00, run_after=2024-08-03 00:00:00+00:00
[2024-08-03T09:07:55.255+0000] {processor.py:183} INFO - Processing /home/ubuntu/airflow-venv/lib/python3.12/site-packages/airflow/example_dags/example_setup_teardown.py took 0.081 seconds
[2024-08-03T09:08:56.625+0000] {processor.py:161} INFO - Started process (PID=7444) to work on /home/ubuntu/airflow-venv/lib/python3.12/site-packages/airflow/example_dags/example_setup_teardown.py
[2024-08-03T09:08:56.626+0000] {processor.py:830} INFO - Processing file /home/ubuntu/airflow-venv/lib/python3.12/site-packages/airflow/example_dags/example_setup_teardown.py for tasks to queue
[2024-08-03T09:08:56.628+0000] {logging_mixin.py:188} INFO - [2024-08-03T09:08:56.627+0000] {dagbag.py:545} INFO - Filling up the DagBag from /home/ubuntu/airflow-venv/lib/python3.12/site-packages/airflow/example_dags/example_setup_teardown.py
[2024-08-03T09:08:56.635+0000] {processor.py:840} INFO - DAG(s) 'example_setup_teardown' retrieved from /home/ubuntu/airflow-venv/lib/python3.12/site-packages/airflow/example_dags/example_setup_teardown.py
[2024-08-03T09:08:56.653+0000] {logging_mixin.py:188} INFO - [2024-08-03T09:08:56.653+0000] {dag.py:3089} INFO - Sync 1 DAGs
[2024-08-03T09:08:56.674+0000] {logging_mixin.py:188} INFO - [2024-08-03T09:08:56.674+0000] {dag.py:3947} INFO - Setting next_dagrun for example_setup_teardown to 2024-08-02 00:00:00+00:00, run_after=2024-08-03 00:00:00+00:00
[2024-08-03T09:08:56.698+0000] {processor.py:183} INFO - Processing /home/ubuntu/airflow-venv/lib/python3.12/site-packages/airflow/example_dags/example_setup_teardown.py took 0.081 seconds
[2024-08-03T09:09:40.860+0000] {processor.py:161} INFO - Started process (PID=7731) to work on /home/ubuntu/airflow-venv/lib/python3.12/site-packages/airflow/example_dags/example_setup_teardown.py
[2024-08-03T09:09:40.863+0000] {processor.py:830} INFO - Processing file /home/ubuntu/airflow-venv/lib/python3.12/site-packages/airflow/example_dags/example_setup_teardown.py for tasks to queue
[2024-08-03T09:09:40.864+0000] {logging_mixin.py:188} INFO - [2024-08-03T09:09:40.864+0000] {dagbag.py:545} INFO - Filling up the DagBag from /home/ubuntu/airflow-venv/lib/python3.12/site-packages/airflow/example_dags/example_setup_teardown.py
[2024-08-03T09:09:40.871+0000] {processor.py:840} INFO - DAG(s) 'example_setup_teardown' retrieved from /home/ubuntu/airflow-venv/lib/python3.12/site-packages/airflow/example_dags/example_setup_teardown.py
[2024-08-03T09:09:40.889+0000] {logging_mixin.py:188} INFO - [2024-08-03T09:09:40.889+0000] {dag.py:3089} INFO - Sync 1 DAGs
[2024-08-03T09:09:40.909+0000] {logging_mixin.py:188} INFO - [2024-08-03T09:09:40.909+0000] {dag.py:3947} INFO - Setting next_dagrun for example_setup_teardown to 2024-08-02 00:00:00+00:00, run_after=2024-08-03 00:00:00+00:00
[2024-08-03T09:09:40.934+0000] {processor.py:183} INFO - Processing /home/ubuntu/airflow-venv/lib/python3.12/site-packages/airflow/example_dags/example_setup_teardown.py took 0.082 seconds
[2024-08-03T09:10:23.828+0000] {processor.py:161} INFO - Started process (PID=7864) to work on /home/ubuntu/airflow-venv/lib/python3.12/site-packages/airflow/example_dags/example_setup_teardown.py
[2024-08-03T09:10:23.829+0000] {processor.py:830} INFO - Processing file /home/ubuntu/airflow-venv/lib/python3.12/site-packages/airflow/example_dags/example_setup_teardown.py for tasks to queue
[2024-08-03T09:10:23.831+0000] {logging_mixin.py:188} INFO - [2024-08-03T09:10:23.830+0000] {dagbag.py:545} INFO - Filling up the DagBag from /home/ubuntu/airflow-venv/lib/python3.12/site-packages/airflow/example_dags/example_setup_teardown.py
[2024-08-03T09:10:23.838+0000] {processor.py:840} INFO - DAG(s) 'example_setup_teardown' retrieved from /home/ubuntu/airflow-venv/lib/python3.12/site-packages/airflow/example_dags/example_setup_teardown.py
[2024-08-03T09:10:23.856+0000] {logging_mixin.py:188} INFO - [2024-08-03T09:10:23.856+0000] {dag.py:3089} INFO - Sync 1 DAGs
[2024-08-03T09:10:23.876+0000] {logging_mixin.py:188} INFO - [2024-08-03T09:10:23.876+0000] {dag.py:3947} INFO - Setting next_dagrun for example_setup_teardown to 2024-08-02 00:00:00+00:00, run_after=2024-08-03 00:00:00+00:00
[2024-08-03T09:10:23.905+0000] {processor.py:183} INFO - Processing /home/ubuntu/airflow-venv/lib/python3.12/site-packages/airflow/example_dags/example_setup_teardown.py took 0.086 seconds
[2024-08-03T09:11:24.600+0000] {processor.py:161} INFO - Started process (PID=8003) to work on /home/ubuntu/airflow-venv/lib/python3.12/site-packages/airflow/example_dags/example_setup_teardown.py
[2024-08-03T09:11:24.602+0000] {processor.py:830} INFO - Processing file /home/ubuntu/airflow-venv/lib/python3.12/site-packages/airflow/example_dags/example_setup_teardown.py for tasks to queue
[2024-08-03T09:11:24.604+0000] {logging_mixin.py:188} INFO - [2024-08-03T09:11:24.604+0000] {dagbag.py:545} INFO - Filling up the DagBag from /home/ubuntu/airflow-venv/lib/python3.12/site-packages/airflow/example_dags/example_setup_teardown.py
[2024-08-03T09:11:24.611+0000] {processor.py:840} INFO - DAG(s) 'example_setup_teardown' retrieved from /home/ubuntu/airflow-venv/lib/python3.12/site-packages/airflow/example_dags/example_setup_teardown.py
[2024-08-03T09:11:24.628+0000] {logging_mixin.py:188} INFO - [2024-08-03T09:11:24.628+0000] {dag.py:3089} INFO - Sync 1 DAGs
[2024-08-03T09:11:24.649+0000] {logging_mixin.py:188} INFO - [2024-08-03T09:11:24.649+0000] {dag.py:3947} INFO - Setting next_dagrun for example_setup_teardown to 2024-08-02 00:00:00+00:00, run_after=2024-08-03 00:00:00+00:00
[2024-08-03T09:11:24.672+0000] {processor.py:183} INFO - Processing /home/ubuntu/airflow-venv/lib/python3.12/site-packages/airflow/example_dags/example_setup_teardown.py took 0.080 seconds
[2024-08-03T09:12:24.765+0000] {processor.py:161} INFO - Started process (PID=8218) to work on /home/ubuntu/airflow-venv/lib/python3.12/site-packages/airflow/example_dags/example_setup_teardown.py
[2024-08-03T09:12:24.766+0000] {processor.py:830} INFO - Processing file /home/ubuntu/airflow-venv/lib/python3.12/site-packages/airflow/example_dags/example_setup_teardown.py for tasks to queue
[2024-08-03T09:12:24.768+0000] {logging_mixin.py:188} INFO - [2024-08-03T09:12:24.767+0000] {dagbag.py:545} INFO - Filling up the DagBag from /home/ubuntu/airflow-venv/lib/python3.12/site-packages/airflow/example_dags/example_setup_teardown.py
[2024-08-03T09:12:24.775+0000] {processor.py:840} INFO - DAG(s) 'example_setup_teardown' retrieved from /home/ubuntu/airflow-venv/lib/python3.12/site-packages/airflow/example_dags/example_setup_teardown.py
[2024-08-03T09:12:24.793+0000] {logging_mixin.py:188} INFO - [2024-08-03T09:12:24.793+0000] {dag.py:3089} INFO - Sync 1 DAGs
[2024-08-03T09:12:24.814+0000] {logging_mixin.py:188} INFO - [2024-08-03T09:12:24.814+0000] {dag.py:3947} INFO - Setting next_dagrun for example_setup_teardown to 2024-08-02 00:00:00+00:00, run_after=2024-08-03 00:00:00+00:00
[2024-08-03T09:12:24.837+0000] {processor.py:183} INFO - Processing /home/ubuntu/airflow-venv/lib/python3.12/site-packages/airflow/example_dags/example_setup_teardown.py took 0.081 seconds
