[2024-08-03T08:30:30.144+0000] {processor.py:161} INFO - Started process (PID=1809) to work on /home/ubuntu/airflow-venv/lib/python3.12/site-packages/airflow/example_dags/example_skip_dag.py
[2024-08-03T08:30:30.145+0000] {processor.py:830} INFO - Processing file /home/ubuntu/airflow-venv/lib/python3.12/site-packages/airflow/example_dags/example_skip_dag.py for tasks to queue
[2024-08-03T08:30:30.147+0000] {logging_mixin.py:188} INFO - [2024-08-03T08:30:30.147+0000] {dagbag.py:545} INFO - Filling up the DagBag from /home/ubuntu/airflow-venv/lib/python3.12/site-packages/airflow/example_dags/example_skip_dag.py
[2024-08-03T08:30:30.154+0000] {processor.py:840} INFO - DAG(s) 'example_skip_dag' retrieved from /home/ubuntu/airflow-venv/lib/python3.12/site-packages/airflow/example_dags/example_skip_dag.py
[2024-08-03T08:30:30.265+0000] {logging_mixin.py:188} INFO - [2024-08-03T08:30:30.265+0000] {dag.py:3089} INFO - Sync 1 DAGs
[2024-08-03T08:30:30.282+0000] {logging_mixin.py:188} INFO - [2024-08-03T08:30:30.282+0000] {dag.py:3947} INFO - Setting next_dagrun for example_skip_dag to 2024-08-02 00:00:00+00:00, run_after=2024-08-03 00:00:00+00:00
[2024-08-03T08:30:30.307+0000] {processor.py:183} INFO - Processing /home/ubuntu/airflow-venv/lib/python3.12/site-packages/airflow/example_dags/example_skip_dag.py took 0.168 seconds
[2024-08-03T08:31:27.677+0000] {processor.py:161} INFO - Started process (PID=1869) to work on /home/ubuntu/airflow-venv/lib/python3.12/site-packages/airflow/example_dags/example_skip_dag.py
[2024-08-03T08:31:27.678+0000] {processor.py:830} INFO - Processing file /home/ubuntu/airflow-venv/lib/python3.12/site-packages/airflow/example_dags/example_skip_dag.py for tasks to queue
[2024-08-03T08:31:27.681+0000] {logging_mixin.py:188} INFO - [2024-08-03T08:31:27.680+0000] {dagbag.py:545} INFO - Filling up the DagBag from /home/ubuntu/airflow-venv/lib/python3.12/site-packages/airflow/example_dags/example_skip_dag.py
[2024-08-03T08:31:27.687+0000] {processor.py:840} INFO - DAG(s) 'example_skip_dag' retrieved from /home/ubuntu/airflow-venv/lib/python3.12/site-packages/airflow/example_dags/example_skip_dag.py
[2024-08-03T08:31:27.705+0000] {logging_mixin.py:188} INFO - [2024-08-03T08:31:27.705+0000] {dag.py:3089} INFO - Sync 1 DAGs
[2024-08-03T08:31:27.725+0000] {logging_mixin.py:188} INFO - [2024-08-03T08:31:27.725+0000] {dag.py:3947} INFO - Setting next_dagrun for example_skip_dag to 2024-08-02 00:00:00+00:00, run_after=2024-08-03 00:00:00+00:00
[2024-08-03T08:31:27.750+0000] {processor.py:183} INFO - Processing /home/ubuntu/airflow-venv/lib/python3.12/site-packages/airflow/example_dags/example_skip_dag.py took 0.079 seconds
[2024-08-03T08:33:01.452+0000] {processor.py:161} INFO - Started process (PID=1975) to work on /home/ubuntu/airflow-venv/lib/python3.12/site-packages/airflow/example_dags/example_skip_dag.py
[2024-08-03T08:33:01.454+0000] {processor.py:830} INFO - Processing file /home/ubuntu/airflow-venv/lib/python3.12/site-packages/airflow/example_dags/example_skip_dag.py for tasks to queue
[2024-08-03T08:33:01.456+0000] {logging_mixin.py:188} INFO - [2024-08-03T08:33:01.456+0000] {dagbag.py:545} INFO - Filling up the DagBag from /home/ubuntu/airflow-venv/lib/python3.12/site-packages/airflow/example_dags/example_skip_dag.py
[2024-08-03T08:33:01.463+0000] {processor.py:840} INFO - DAG(s) 'example_skip_dag' retrieved from /home/ubuntu/airflow-venv/lib/python3.12/site-packages/airflow/example_dags/example_skip_dag.py
[2024-08-03T08:33:01.474+0000] {logging_mixin.py:188} INFO - [2024-08-03T08:33:01.474+0000] {dag.py:3089} INFO - Sync 1 DAGs
[2024-08-03T08:33:01.496+0000] {logging_mixin.py:188} INFO - [2024-08-03T08:33:01.495+0000] {dag.py:3947} INFO - Setting next_dagrun for example_skip_dag to 2024-08-02 00:00:00+00:00, run_after=2024-08-03 00:00:00+00:00
[2024-08-03T08:33:01.520+0000] {processor.py:183} INFO - Processing /home/ubuntu/airflow-venv/lib/python3.12/site-packages/airflow/example_dags/example_skip_dag.py took 0.073 seconds
[2024-08-03T08:33:56.389+0000] {processor.py:161} INFO - Started process (PID=2031) to work on /home/ubuntu/airflow-venv/lib/python3.12/site-packages/airflow/example_dags/example_skip_dag.py
[2024-08-03T08:33:56.391+0000] {processor.py:830} INFO - Processing file /home/ubuntu/airflow-venv/lib/python3.12/site-packages/airflow/example_dags/example_skip_dag.py for tasks to queue
[2024-08-03T08:33:56.392+0000] {logging_mixin.py:188} INFO - [2024-08-03T08:33:56.392+0000] {dagbag.py:545} INFO - Filling up the DagBag from /home/ubuntu/airflow-venv/lib/python3.12/site-packages/airflow/example_dags/example_skip_dag.py
[2024-08-03T08:33:56.399+0000] {processor.py:840} INFO - DAG(s) 'example_skip_dag' retrieved from /home/ubuntu/airflow-venv/lib/python3.12/site-packages/airflow/example_dags/example_skip_dag.py
[2024-08-03T08:33:56.505+0000] {logging_mixin.py:188} INFO - [2024-08-03T08:33:56.504+0000] {dag.py:3089} INFO - Sync 1 DAGs
[2024-08-03T08:33:56.522+0000] {logging_mixin.py:188} INFO - [2024-08-03T08:33:56.522+0000] {dag.py:3947} INFO - Setting next_dagrun for example_skip_dag to 2024-08-02 00:00:00+00:00, run_after=2024-08-03 00:00:00+00:00
[2024-08-03T08:33:56.546+0000] {processor.py:183} INFO - Processing /home/ubuntu/airflow-venv/lib/python3.12/site-packages/airflow/example_dags/example_skip_dag.py took 0.163 seconds
[2024-08-03T08:34:51.855+0000] {processor.py:161} INFO - Started process (PID=2093) to work on /home/ubuntu/airflow-venv/lib/python3.12/site-packages/airflow/example_dags/example_skip_dag.py
[2024-08-03T08:34:51.857+0000] {processor.py:830} INFO - Processing file /home/ubuntu/airflow-venv/lib/python3.12/site-packages/airflow/example_dags/example_skip_dag.py for tasks to queue
[2024-08-03T08:34:51.858+0000] {logging_mixin.py:188} INFO - [2024-08-03T08:34:51.858+0000] {dagbag.py:545} INFO - Filling up the DagBag from /home/ubuntu/airflow-venv/lib/python3.12/site-packages/airflow/example_dags/example_skip_dag.py
[2024-08-03T08:34:51.866+0000] {processor.py:840} INFO - DAG(s) 'example_skip_dag' retrieved from /home/ubuntu/airflow-venv/lib/python3.12/site-packages/airflow/example_dags/example_skip_dag.py
[2024-08-03T08:34:51.884+0000] {logging_mixin.py:188} INFO - [2024-08-03T08:34:51.884+0000] {dag.py:3089} INFO - Sync 1 DAGs
[2024-08-03T08:34:51.905+0000] {logging_mixin.py:188} INFO - [2024-08-03T08:34:51.905+0000] {dag.py:3947} INFO - Setting next_dagrun for example_skip_dag to 2024-08-02 00:00:00+00:00, run_after=2024-08-03 00:00:00+00:00
[2024-08-03T08:34:51.929+0000] {processor.py:183} INFO - Processing /home/ubuntu/airflow-venv/lib/python3.12/site-packages/airflow/example_dags/example_skip_dag.py took 0.080 seconds
[2024-08-03T08:36:02.161+0000] {processor.py:161} INFO - Started process (PID=2173) to work on /home/ubuntu/airflow-venv/lib/python3.12/site-packages/airflow/example_dags/example_skip_dag.py
[2024-08-03T08:36:02.163+0000] {processor.py:830} INFO - Processing file /home/ubuntu/airflow-venv/lib/python3.12/site-packages/airflow/example_dags/example_skip_dag.py for tasks to queue
[2024-08-03T08:36:02.164+0000] {logging_mixin.py:188} INFO - [2024-08-03T08:36:02.164+0000] {dagbag.py:545} INFO - Filling up the DagBag from /home/ubuntu/airflow-venv/lib/python3.12/site-packages/airflow/example_dags/example_skip_dag.py
[2024-08-03T08:36:02.172+0000] {processor.py:840} INFO - DAG(s) 'example_skip_dag' retrieved from /home/ubuntu/airflow-venv/lib/python3.12/site-packages/airflow/example_dags/example_skip_dag.py
[2024-08-03T08:36:02.191+0000] {logging_mixin.py:188} INFO - [2024-08-03T08:36:02.190+0000] {dag.py:3089} INFO - Sync 1 DAGs
[2024-08-03T08:36:02.212+0000] {logging_mixin.py:188} INFO - [2024-08-03T08:36:02.212+0000] {dag.py:3947} INFO - Setting next_dagrun for example_skip_dag to 2024-08-02 00:00:00+00:00, run_after=2024-08-03 00:00:00+00:00
[2024-08-03T08:36:02.239+0000] {processor.py:183} INFO - Processing /home/ubuntu/airflow-venv/lib/python3.12/site-packages/airflow/example_dags/example_skip_dag.py took 0.084 seconds
[2024-08-03T08:36:54.334+0000] {processor.py:161} INFO - Started process (PID=2233) to work on /home/ubuntu/airflow-venv/lib/python3.12/site-packages/airflow/example_dags/example_skip_dag.py
[2024-08-03T08:36:54.335+0000] {processor.py:830} INFO - Processing file /home/ubuntu/airflow-venv/lib/python3.12/site-packages/airflow/example_dags/example_skip_dag.py for tasks to queue
[2024-08-03T08:36:54.337+0000] {logging_mixin.py:188} INFO - [2024-08-03T08:36:54.337+0000] {dagbag.py:545} INFO - Filling up the DagBag from /home/ubuntu/airflow-venv/lib/python3.12/site-packages/airflow/example_dags/example_skip_dag.py
[2024-08-03T08:36:54.344+0000] {processor.py:840} INFO - DAG(s) 'example_skip_dag' retrieved from /home/ubuntu/airflow-venv/lib/python3.12/site-packages/airflow/example_dags/example_skip_dag.py
[2024-08-03T08:36:54.363+0000] {logging_mixin.py:188} INFO - [2024-08-03T08:36:54.362+0000] {dag.py:3089} INFO - Sync 1 DAGs
[2024-08-03T08:36:54.383+0000] {logging_mixin.py:188} INFO - [2024-08-03T08:36:54.383+0000] {dag.py:3947} INFO - Setting next_dagrun for example_skip_dag to 2024-08-02 00:00:00+00:00, run_after=2024-08-03 00:00:00+00:00
[2024-08-03T08:36:54.406+0000] {processor.py:183} INFO - Processing /home/ubuntu/airflow-venv/lib/python3.12/site-packages/airflow/example_dags/example_skip_dag.py took 0.078 seconds
[2024-08-03T08:37:54.046+0000] {processor.py:161} INFO - Started process (PID=2327) to work on /home/ubuntu/airflow-venv/lib/python3.12/site-packages/airflow/example_dags/example_skip_dag.py
[2024-08-03T08:37:54.047+0000] {processor.py:830} INFO - Processing file /home/ubuntu/airflow-venv/lib/python3.12/site-packages/airflow/example_dags/example_skip_dag.py for tasks to queue
[2024-08-03T08:37:54.049+0000] {logging_mixin.py:188} INFO - [2024-08-03T08:37:54.049+0000] {dagbag.py:545} INFO - Filling up the DagBag from /home/ubuntu/airflow-venv/lib/python3.12/site-packages/airflow/example_dags/example_skip_dag.py
[2024-08-03T08:37:54.057+0000] {processor.py:840} INFO - DAG(s) 'example_skip_dag' retrieved from /home/ubuntu/airflow-venv/lib/python3.12/site-packages/airflow/example_dags/example_skip_dag.py
[2024-08-03T08:37:54.075+0000] {logging_mixin.py:188} INFO - [2024-08-03T08:37:54.075+0000] {dag.py:3089} INFO - Sync 1 DAGs
[2024-08-03T08:37:54.096+0000] {logging_mixin.py:188} INFO - [2024-08-03T08:37:54.095+0000] {dag.py:3947} INFO - Setting next_dagrun for example_skip_dag to 2024-08-02 00:00:00+00:00, run_after=2024-08-03 00:00:00+00:00
[2024-08-03T08:37:54.120+0000] {processor.py:183} INFO - Processing /home/ubuntu/airflow-venv/lib/python3.12/site-packages/airflow/example_dags/example_skip_dag.py took 0.080 seconds
[2024-08-03T08:38:50.924+0000] {processor.py:161} INFO - Started process (PID=2389) to work on /home/ubuntu/airflow-venv/lib/python3.12/site-packages/airflow/example_dags/example_skip_dag.py
[2024-08-03T08:38:50.926+0000] {processor.py:830} INFO - Processing file /home/ubuntu/airflow-venv/lib/python3.12/site-packages/airflow/example_dags/example_skip_dag.py for tasks to queue
[2024-08-03T08:38:50.927+0000] {logging_mixin.py:188} INFO - [2024-08-03T08:38:50.927+0000] {dagbag.py:545} INFO - Filling up the DagBag from /home/ubuntu/airflow-venv/lib/python3.12/site-packages/airflow/example_dags/example_skip_dag.py
[2024-08-03T08:38:50.935+0000] {processor.py:840} INFO - DAG(s) 'example_skip_dag' retrieved from /home/ubuntu/airflow-venv/lib/python3.12/site-packages/airflow/example_dags/example_skip_dag.py
[2024-08-03T08:38:50.953+0000] {logging_mixin.py:188} INFO - [2024-08-03T08:38:50.952+0000] {dag.py:3089} INFO - Sync 1 DAGs
[2024-08-03T08:38:50.973+0000] {logging_mixin.py:188} INFO - [2024-08-03T08:38:50.972+0000] {dag.py:3947} INFO - Setting next_dagrun for example_skip_dag to 2024-08-02 00:00:00+00:00, run_after=2024-08-03 00:00:00+00:00
[2024-08-03T08:38:50.998+0000] {processor.py:183} INFO - Processing /home/ubuntu/airflow-venv/lib/python3.12/site-packages/airflow/example_dags/example_skip_dag.py took 0.079 seconds
[2024-08-03T08:39:46.525+0000] {processor.py:161} INFO - Started process (PID=2449) to work on /home/ubuntu/airflow-venv/lib/python3.12/site-packages/airflow/example_dags/example_skip_dag.py
[2024-08-03T08:39:46.527+0000] {processor.py:830} INFO - Processing file /home/ubuntu/airflow-venv/lib/python3.12/site-packages/airflow/example_dags/example_skip_dag.py for tasks to queue
[2024-08-03T08:39:46.528+0000] {logging_mixin.py:188} INFO - [2024-08-03T08:39:46.528+0000] {dagbag.py:545} INFO - Filling up the DagBag from /home/ubuntu/airflow-venv/lib/python3.12/site-packages/airflow/example_dags/example_skip_dag.py
[2024-08-03T08:39:46.535+0000] {processor.py:840} INFO - DAG(s) 'example_skip_dag' retrieved from /home/ubuntu/airflow-venv/lib/python3.12/site-packages/airflow/example_dags/example_skip_dag.py
[2024-08-03T08:39:46.554+0000] {logging_mixin.py:188} INFO - [2024-08-03T08:39:46.553+0000] {dag.py:3089} INFO - Sync 1 DAGs
[2024-08-03T08:39:46.574+0000] {logging_mixin.py:188} INFO - [2024-08-03T08:39:46.574+0000] {dag.py:3947} INFO - Setting next_dagrun for example_skip_dag to 2024-08-02 00:00:00+00:00, run_after=2024-08-03 00:00:00+00:00
[2024-08-03T08:39:46.598+0000] {processor.py:183} INFO - Processing /home/ubuntu/airflow-venv/lib/python3.12/site-packages/airflow/example_dags/example_skip_dag.py took 0.078 seconds
[2024-08-03T08:40:37.694+0000] {processor.py:161} INFO - Started process (PID=2509) to work on /home/ubuntu/airflow-venv/lib/python3.12/site-packages/airflow/example_dags/example_skip_dag.py
[2024-08-03T08:40:37.696+0000] {processor.py:830} INFO - Processing file /home/ubuntu/airflow-venv/lib/python3.12/site-packages/airflow/example_dags/example_skip_dag.py for tasks to queue
[2024-08-03T08:40:37.697+0000] {logging_mixin.py:188} INFO - [2024-08-03T08:40:37.697+0000] {dagbag.py:545} INFO - Filling up the DagBag from /home/ubuntu/airflow-venv/lib/python3.12/site-packages/airflow/example_dags/example_skip_dag.py
[2024-08-03T08:40:37.705+0000] {processor.py:840} INFO - DAG(s) 'example_skip_dag' retrieved from /home/ubuntu/airflow-venv/lib/python3.12/site-packages/airflow/example_dags/example_skip_dag.py
[2024-08-03T08:40:37.723+0000] {logging_mixin.py:188} INFO - [2024-08-03T08:40:37.722+0000] {dag.py:3089} INFO - Sync 1 DAGs
[2024-08-03T08:40:37.744+0000] {logging_mixin.py:188} INFO - [2024-08-03T08:40:37.743+0000] {dag.py:3947} INFO - Setting next_dagrun for example_skip_dag to 2024-08-02 00:00:00+00:00, run_after=2024-08-03 00:00:00+00:00
[2024-08-03T08:40:37.770+0000] {processor.py:183} INFO - Processing /home/ubuntu/airflow-venv/lib/python3.12/site-packages/airflow/example_dags/example_skip_dag.py took 0.082 seconds
[2024-08-03T08:41:25.410+0000] {processor.py:161} INFO - Started process (PID=2560) to work on /home/ubuntu/airflow-venv/lib/python3.12/site-packages/airflow/example_dags/example_skip_dag.py
[2024-08-03T08:41:25.411+0000] {processor.py:830} INFO - Processing file /home/ubuntu/airflow-venv/lib/python3.12/site-packages/airflow/example_dags/example_skip_dag.py for tasks to queue
[2024-08-03T08:41:25.413+0000] {logging_mixin.py:188} INFO - [2024-08-03T08:41:25.413+0000] {dagbag.py:545} INFO - Filling up the DagBag from /home/ubuntu/airflow-venv/lib/python3.12/site-packages/airflow/example_dags/example_skip_dag.py
[2024-08-03T08:41:25.420+0000] {processor.py:840} INFO - DAG(s) 'example_skip_dag' retrieved from /home/ubuntu/airflow-venv/lib/python3.12/site-packages/airflow/example_dags/example_skip_dag.py
[2024-08-03T08:41:25.439+0000] {logging_mixin.py:188} INFO - [2024-08-03T08:41:25.438+0000] {dag.py:3089} INFO - Sync 1 DAGs
[2024-08-03T08:41:25.459+0000] {logging_mixin.py:188} INFO - [2024-08-03T08:41:25.459+0000] {dag.py:3947} INFO - Setting next_dagrun for example_skip_dag to 2024-08-02 00:00:00+00:00, run_after=2024-08-03 00:00:00+00:00
[2024-08-03T08:41:25.484+0000] {processor.py:183} INFO - Processing /home/ubuntu/airflow-venv/lib/python3.12/site-packages/airflow/example_dags/example_skip_dag.py took 0.081 seconds
[2024-08-03T08:42:13.412+0000] {processor.py:161} INFO - Started process (PID=2612) to work on /home/ubuntu/airflow-venv/lib/python3.12/site-packages/airflow/example_dags/example_skip_dag.py
[2024-08-03T08:42:13.413+0000] {processor.py:830} INFO - Processing file /home/ubuntu/airflow-venv/lib/python3.12/site-packages/airflow/example_dags/example_skip_dag.py for tasks to queue
[2024-08-03T08:42:13.415+0000] {logging_mixin.py:188} INFO - [2024-08-03T08:42:13.414+0000] {dagbag.py:545} INFO - Filling up the DagBag from /home/ubuntu/airflow-venv/lib/python3.12/site-packages/airflow/example_dags/example_skip_dag.py
[2024-08-03T08:42:13.422+0000] {processor.py:840} INFO - DAG(s) 'example_skip_dag' retrieved from /home/ubuntu/airflow-venv/lib/python3.12/site-packages/airflow/example_dags/example_skip_dag.py
[2024-08-03T08:42:13.441+0000] {logging_mixin.py:188} INFO - [2024-08-03T08:42:13.441+0000] {dag.py:3089} INFO - Sync 1 DAGs
[2024-08-03T08:42:13.462+0000] {logging_mixin.py:188} INFO - [2024-08-03T08:42:13.461+0000] {dag.py:3947} INFO - Setting next_dagrun for example_skip_dag to 2024-08-02 00:00:00+00:00, run_after=2024-08-03 00:00:00+00:00
[2024-08-03T08:42:13.485+0000] {processor.py:183} INFO - Processing /home/ubuntu/airflow-venv/lib/python3.12/site-packages/airflow/example_dags/example_skip_dag.py took 0.079 seconds
[2024-08-03T08:42:58.193+0000] {processor.py:161} INFO - Started process (PID=2662) to work on /home/ubuntu/airflow-venv/lib/python3.12/site-packages/airflow/example_dags/example_skip_dag.py
[2024-08-03T08:42:58.195+0000] {processor.py:830} INFO - Processing file /home/ubuntu/airflow-venv/lib/python3.12/site-packages/airflow/example_dags/example_skip_dag.py for tasks to queue
[2024-08-03T08:42:58.197+0000] {logging_mixin.py:188} INFO - [2024-08-03T08:42:58.196+0000] {dagbag.py:545} INFO - Filling up the DagBag from /home/ubuntu/airflow-venv/lib/python3.12/site-packages/airflow/example_dags/example_skip_dag.py
[2024-08-03T08:42:58.204+0000] {processor.py:840} INFO - DAG(s) 'example_skip_dag' retrieved from /home/ubuntu/airflow-venv/lib/python3.12/site-packages/airflow/example_dags/example_skip_dag.py
[2024-08-03T08:42:58.222+0000] {logging_mixin.py:188} INFO - [2024-08-03T08:42:58.222+0000] {dag.py:3089} INFO - Sync 1 DAGs
[2024-08-03T08:42:58.245+0000] {logging_mixin.py:188} INFO - [2024-08-03T08:42:58.244+0000] {dag.py:3947} INFO - Setting next_dagrun for example_skip_dag to 2024-08-02 00:00:00+00:00, run_after=2024-08-03 00:00:00+00:00
[2024-08-03T08:42:58.269+0000] {processor.py:183} INFO - Processing /home/ubuntu/airflow-venv/lib/python3.12/site-packages/airflow/example_dags/example_skip_dag.py took 0.082 seconds
[2024-08-03T08:43:42.754+0000] {processor.py:161} INFO - Started process (PID=2710) to work on /home/ubuntu/airflow-venv/lib/python3.12/site-packages/airflow/example_dags/example_skip_dag.py
[2024-08-03T08:43:42.756+0000] {processor.py:830} INFO - Processing file /home/ubuntu/airflow-venv/lib/python3.12/site-packages/airflow/example_dags/example_skip_dag.py for tasks to queue
[2024-08-03T08:43:42.757+0000] {logging_mixin.py:188} INFO - [2024-08-03T08:43:42.757+0000] {dagbag.py:545} INFO - Filling up the DagBag from /home/ubuntu/airflow-venv/lib/python3.12/site-packages/airflow/example_dags/example_skip_dag.py
[2024-08-03T08:43:42.765+0000] {processor.py:840} INFO - DAG(s) 'example_skip_dag' retrieved from /home/ubuntu/airflow-venv/lib/python3.12/site-packages/airflow/example_dags/example_skip_dag.py
[2024-08-03T08:43:42.782+0000] {logging_mixin.py:188} INFO - [2024-08-03T08:43:42.782+0000] {dag.py:3089} INFO - Sync 1 DAGs
[2024-08-03T08:43:42.802+0000] {logging_mixin.py:188} INFO - [2024-08-03T08:43:42.802+0000] {dag.py:3947} INFO - Setting next_dagrun for example_skip_dag to 2024-08-02 00:00:00+00:00, run_after=2024-08-03 00:00:00+00:00
[2024-08-03T08:43:42.829+0000] {processor.py:183} INFO - Processing /home/ubuntu/airflow-venv/lib/python3.12/site-packages/airflow/example_dags/example_skip_dag.py took 0.081 seconds
[2024-08-03T08:44:23.595+0000] {processor.py:161} INFO - Started process (PID=2875) to work on /home/ubuntu/airflow-venv/lib/python3.12/site-packages/airflow/example_dags/example_skip_dag.py
[2024-08-03T08:44:23.596+0000] {processor.py:830} INFO - Processing file /home/ubuntu/airflow-venv/lib/python3.12/site-packages/airflow/example_dags/example_skip_dag.py for tasks to queue
[2024-08-03T08:44:23.598+0000] {logging_mixin.py:188} INFO - [2024-08-03T08:44:23.598+0000] {dagbag.py:545} INFO - Filling up the DagBag from /home/ubuntu/airflow-venv/lib/python3.12/site-packages/airflow/example_dags/example_skip_dag.py
[2024-08-03T08:44:23.605+0000] {processor.py:840} INFO - DAG(s) 'example_skip_dag' retrieved from /home/ubuntu/airflow-venv/lib/python3.12/site-packages/airflow/example_dags/example_skip_dag.py
[2024-08-03T08:44:23.624+0000] {logging_mixin.py:188} INFO - [2024-08-03T08:44:23.624+0000] {dag.py:3089} INFO - Sync 1 DAGs
[2024-08-03T08:44:23.645+0000] {logging_mixin.py:188} INFO - [2024-08-03T08:44:23.645+0000] {dag.py:3947} INFO - Setting next_dagrun for example_skip_dag to 2024-08-02 00:00:00+00:00, run_after=2024-08-03 00:00:00+00:00
[2024-08-03T08:44:23.670+0000] {processor.py:183} INFO - Processing /home/ubuntu/airflow-venv/lib/python3.12/site-packages/airflow/example_dags/example_skip_dag.py took 0.081 seconds
[2024-08-03T08:45:07.608+0000] {processor.py:161} INFO - Started process (PID=2965) to work on /home/ubuntu/airflow-venv/lib/python3.12/site-packages/airflow/example_dags/example_skip_dag.py
[2024-08-03T08:45:07.610+0000] {processor.py:830} INFO - Processing file /home/ubuntu/airflow-venv/lib/python3.12/site-packages/airflow/example_dags/example_skip_dag.py for tasks to queue
[2024-08-03T08:45:07.611+0000] {logging_mixin.py:188} INFO - [2024-08-03T08:45:07.611+0000] {dagbag.py:545} INFO - Filling up the DagBag from /home/ubuntu/airflow-venv/lib/python3.12/site-packages/airflow/example_dags/example_skip_dag.py
[2024-08-03T08:45:07.619+0000] {processor.py:840} INFO - DAG(s) 'example_skip_dag' retrieved from /home/ubuntu/airflow-venv/lib/python3.12/site-packages/airflow/example_dags/example_skip_dag.py
[2024-08-03T08:45:07.637+0000] {logging_mixin.py:188} INFO - [2024-08-03T08:45:07.636+0000] {dag.py:3089} INFO - Sync 1 DAGs
[2024-08-03T08:45:07.657+0000] {logging_mixin.py:188} INFO - [2024-08-03T08:45:07.657+0000] {dag.py:3947} INFO - Setting next_dagrun for example_skip_dag to 2024-08-02 00:00:00+00:00, run_after=2024-08-03 00:00:00+00:00
[2024-08-03T08:45:07.680+0000] {processor.py:183} INFO - Processing /home/ubuntu/airflow-venv/lib/python3.12/site-packages/airflow/example_dags/example_skip_dag.py took 0.079 seconds
[2024-08-03T08:45:52.232+0000] {processor.py:161} INFO - Started process (PID=3113) to work on /home/ubuntu/airflow-venv/lib/python3.12/site-packages/airflow/example_dags/example_skip_dag.py
[2024-08-03T08:45:52.234+0000] {processor.py:830} INFO - Processing file /home/ubuntu/airflow-venv/lib/python3.12/site-packages/airflow/example_dags/example_skip_dag.py for tasks to queue
[2024-08-03T08:45:52.235+0000] {logging_mixin.py:188} INFO - [2024-08-03T08:45:52.235+0000] {dagbag.py:545} INFO - Filling up the DagBag from /home/ubuntu/airflow-venv/lib/python3.12/site-packages/airflow/example_dags/example_skip_dag.py
[2024-08-03T08:45:52.243+0000] {processor.py:840} INFO - DAG(s) 'example_skip_dag' retrieved from /home/ubuntu/airflow-venv/lib/python3.12/site-packages/airflow/example_dags/example_skip_dag.py
[2024-08-03T08:45:52.261+0000] {logging_mixin.py:188} INFO - [2024-08-03T08:45:52.260+0000] {dag.py:3089} INFO - Sync 1 DAGs
[2024-08-03T08:45:52.281+0000] {logging_mixin.py:188} INFO - [2024-08-03T08:45:52.281+0000] {dag.py:3947} INFO - Setting next_dagrun for example_skip_dag to 2024-08-02 00:00:00+00:00, run_after=2024-08-03 00:00:00+00:00
[2024-08-03T08:45:52.305+0000] {processor.py:183} INFO - Processing /home/ubuntu/airflow-venv/lib/python3.12/site-packages/airflow/example_dags/example_skip_dag.py took 0.079 seconds
[2024-08-03T08:46:33.072+0000] {processor.py:161} INFO - Started process (PID=3159) to work on /home/ubuntu/airflow-venv/lib/python3.12/site-packages/airflow/example_dags/example_skip_dag.py
[2024-08-03T08:46:33.073+0000] {processor.py:830} INFO - Processing file /home/ubuntu/airflow-venv/lib/python3.12/site-packages/airflow/example_dags/example_skip_dag.py for tasks to queue
[2024-08-03T08:46:33.075+0000] {logging_mixin.py:188} INFO - [2024-08-03T08:46:33.074+0000] {dagbag.py:545} INFO - Filling up the DagBag from /home/ubuntu/airflow-venv/lib/python3.12/site-packages/airflow/example_dags/example_skip_dag.py
[2024-08-03T08:46:33.082+0000] {processor.py:840} INFO - DAG(s) 'example_skip_dag' retrieved from /home/ubuntu/airflow-venv/lib/python3.12/site-packages/airflow/example_dags/example_skip_dag.py
[2024-08-03T08:46:33.101+0000] {logging_mixin.py:188} INFO - [2024-08-03T08:46:33.101+0000] {dag.py:3089} INFO - Sync 1 DAGs
[2024-08-03T08:46:33.122+0000] {logging_mixin.py:188} INFO - [2024-08-03T08:46:33.122+0000] {dag.py:3947} INFO - Setting next_dagrun for example_skip_dag to 2024-08-02 00:00:00+00:00, run_after=2024-08-03 00:00:00+00:00
[2024-08-03T08:46:33.157+0000] {processor.py:183} INFO - Processing /home/ubuntu/airflow-venv/lib/python3.12/site-packages/airflow/example_dags/example_skip_dag.py took 0.091 seconds
[2024-08-03T08:47:17.888+0000] {processor.py:161} INFO - Started process (PID=3507) to work on /home/ubuntu/airflow-venv/lib/python3.12/site-packages/airflow/example_dags/example_skip_dag.py
[2024-08-03T08:47:17.890+0000] {processor.py:830} INFO - Processing file /home/ubuntu/airflow-venv/lib/python3.12/site-packages/airflow/example_dags/example_skip_dag.py for tasks to queue
[2024-08-03T08:47:17.892+0000] {logging_mixin.py:188} INFO - [2024-08-03T08:47:17.891+0000] {dagbag.py:545} INFO - Filling up the DagBag from /home/ubuntu/airflow-venv/lib/python3.12/site-packages/airflow/example_dags/example_skip_dag.py
[2024-08-03T08:47:17.899+0000] {processor.py:840} INFO - DAG(s) 'example_skip_dag' retrieved from /home/ubuntu/airflow-venv/lib/python3.12/site-packages/airflow/example_dags/example_skip_dag.py
[2024-08-03T08:47:17.917+0000] {logging_mixin.py:188} INFO - [2024-08-03T08:47:17.917+0000] {dag.py:3089} INFO - Sync 1 DAGs
[2024-08-03T08:47:17.939+0000] {logging_mixin.py:188} INFO - [2024-08-03T08:47:17.938+0000] {dag.py:3947} INFO - Setting next_dagrun for example_skip_dag to 2024-08-02 00:00:00+00:00, run_after=2024-08-03 00:00:00+00:00
[2024-08-03T08:47:17.965+0000] {processor.py:183} INFO - Processing /home/ubuntu/airflow-venv/lib/python3.12/site-packages/airflow/example_dags/example_skip_dag.py took 0.082 seconds
[2024-08-03T08:48:00.521+0000] {processor.py:161} INFO - Started process (PID=3722) to work on /home/ubuntu/airflow-venv/lib/python3.12/site-packages/airflow/example_dags/example_skip_dag.py
[2024-08-03T08:48:00.522+0000] {processor.py:830} INFO - Processing file /home/ubuntu/airflow-venv/lib/python3.12/site-packages/airflow/example_dags/example_skip_dag.py for tasks to queue
[2024-08-03T08:48:00.524+0000] {logging_mixin.py:188} INFO - [2024-08-03T08:48:00.523+0000] {dagbag.py:545} INFO - Filling up the DagBag from /home/ubuntu/airflow-venv/lib/python3.12/site-packages/airflow/example_dags/example_skip_dag.py
[2024-08-03T08:48:00.531+0000] {processor.py:840} INFO - DAG(s) 'example_skip_dag' retrieved from /home/ubuntu/airflow-venv/lib/python3.12/site-packages/airflow/example_dags/example_skip_dag.py
[2024-08-03T08:48:00.549+0000] {logging_mixin.py:188} INFO - [2024-08-03T08:48:00.549+0000] {dag.py:3089} INFO - Sync 1 DAGs
[2024-08-03T08:48:00.570+0000] {logging_mixin.py:188} INFO - [2024-08-03T08:48:00.570+0000] {dag.py:3947} INFO - Setting next_dagrun for example_skip_dag to 2024-08-02 00:00:00+00:00, run_after=2024-08-03 00:00:00+00:00
[2024-08-03T08:48:00.594+0000] {processor.py:183} INFO - Processing /home/ubuntu/airflow-venv/lib/python3.12/site-packages/airflow/example_dags/example_skip_dag.py took 0.080 seconds
[2024-08-03T08:48:44.143+0000] {processor.py:161} INFO - Started process (PID=3812) to work on /home/ubuntu/airflow-venv/lib/python3.12/site-packages/airflow/example_dags/example_skip_dag.py
[2024-08-03T08:48:44.144+0000] {processor.py:830} INFO - Processing file /home/ubuntu/airflow-venv/lib/python3.12/site-packages/airflow/example_dags/example_skip_dag.py for tasks to queue
[2024-08-03T08:48:44.146+0000] {logging_mixin.py:188} INFO - [2024-08-03T08:48:44.146+0000] {dagbag.py:545} INFO - Filling up the DagBag from /home/ubuntu/airflow-venv/lib/python3.12/site-packages/airflow/example_dags/example_skip_dag.py
[2024-08-03T08:48:44.153+0000] {processor.py:840} INFO - DAG(s) 'example_skip_dag' retrieved from /home/ubuntu/airflow-venv/lib/python3.12/site-packages/airflow/example_dags/example_skip_dag.py
[2024-08-03T08:48:44.171+0000] {logging_mixin.py:188} INFO - [2024-08-03T08:48:44.171+0000] {dag.py:3089} INFO - Sync 1 DAGs
[2024-08-03T08:48:44.192+0000] {logging_mixin.py:188} INFO - [2024-08-03T08:48:44.191+0000] {dag.py:3947} INFO - Setting next_dagrun for example_skip_dag to 2024-08-02 00:00:00+00:00, run_after=2024-08-03 00:00:00+00:00
[2024-08-03T08:48:44.215+0000] {processor.py:183} INFO - Processing /home/ubuntu/airflow-venv/lib/python3.12/site-packages/airflow/example_dags/example_skip_dag.py took 0.079 seconds
[2024-08-03T08:49:27.693+0000] {processor.py:161} INFO - Started process (PID=4006) to work on /home/ubuntu/airflow-venv/lib/python3.12/site-packages/airflow/example_dags/example_skip_dag.py
[2024-08-03T08:49:27.695+0000] {processor.py:830} INFO - Processing file /home/ubuntu/airflow-venv/lib/python3.12/site-packages/airflow/example_dags/example_skip_dag.py for tasks to queue
[2024-08-03T08:49:27.697+0000] {logging_mixin.py:188} INFO - [2024-08-03T08:49:27.696+0000] {dagbag.py:545} INFO - Filling up the DagBag from /home/ubuntu/airflow-venv/lib/python3.12/site-packages/airflow/example_dags/example_skip_dag.py
[2024-08-03T08:49:27.704+0000] {processor.py:840} INFO - DAG(s) 'example_skip_dag' retrieved from /home/ubuntu/airflow-venv/lib/python3.12/site-packages/airflow/example_dags/example_skip_dag.py
[2024-08-03T08:49:27.722+0000] {logging_mixin.py:188} INFO - [2024-08-03T08:49:27.722+0000] {dag.py:3089} INFO - Sync 1 DAGs
[2024-08-03T08:49:27.743+0000] {logging_mixin.py:188} INFO - [2024-08-03T08:49:27.743+0000] {dag.py:3947} INFO - Setting next_dagrun for example_skip_dag to 2024-08-02 00:00:00+00:00, run_after=2024-08-03 00:00:00+00:00
[2024-08-03T08:49:27.766+0000] {processor.py:183} INFO - Processing /home/ubuntu/airflow-venv/lib/python3.12/site-packages/airflow/example_dags/example_skip_dag.py took 0.079 seconds
[2024-08-03T08:50:12.168+0000] {processor.py:161} INFO - Started process (PID=4362) to work on /home/ubuntu/airflow-venv/lib/python3.12/site-packages/airflow/example_dags/example_skip_dag.py
[2024-08-03T08:50:12.169+0000] {processor.py:830} INFO - Processing file /home/ubuntu/airflow-venv/lib/python3.12/site-packages/airflow/example_dags/example_skip_dag.py for tasks to queue
[2024-08-03T08:50:12.171+0000] {logging_mixin.py:188} INFO - [2024-08-03T08:50:12.171+0000] {dagbag.py:545} INFO - Filling up the DagBag from /home/ubuntu/airflow-venv/lib/python3.12/site-packages/airflow/example_dags/example_skip_dag.py
[2024-08-03T08:50:12.179+0000] {processor.py:840} INFO - DAG(s) 'example_skip_dag' retrieved from /home/ubuntu/airflow-venv/lib/python3.12/site-packages/airflow/example_dags/example_skip_dag.py
[2024-08-03T08:50:12.198+0000] {logging_mixin.py:188} INFO - [2024-08-03T08:50:12.197+0000] {dag.py:3089} INFO - Sync 1 DAGs
[2024-08-03T08:50:12.219+0000] {logging_mixin.py:188} INFO - [2024-08-03T08:50:12.219+0000] {dag.py:3947} INFO - Setting next_dagrun for example_skip_dag to 2024-08-02 00:00:00+00:00, run_after=2024-08-03 00:00:00+00:00
[2024-08-03T08:50:12.244+0000] {processor.py:183} INFO - Processing /home/ubuntu/airflow-venv/lib/python3.12/site-packages/airflow/example_dags/example_skip_dag.py took 0.082 seconds
[2024-08-03T08:51:01.356+0000] {processor.py:161} INFO - Started process (PID=4566) to work on /home/ubuntu/airflow-venv/lib/python3.12/site-packages/airflow/example_dags/example_skip_dag.py
[2024-08-03T08:51:01.357+0000] {processor.py:830} INFO - Processing file /home/ubuntu/airflow-venv/lib/python3.12/site-packages/airflow/example_dags/example_skip_dag.py for tasks to queue
[2024-08-03T08:51:01.359+0000] {logging_mixin.py:188} INFO - [2024-08-03T08:51:01.358+0000] {dagbag.py:545} INFO - Filling up the DagBag from /home/ubuntu/airflow-venv/lib/python3.12/site-packages/airflow/example_dags/example_skip_dag.py
[2024-08-03T08:51:01.365+0000] {processor.py:840} INFO - DAG(s) 'example_skip_dag' retrieved from /home/ubuntu/airflow-venv/lib/python3.12/site-packages/airflow/example_dags/example_skip_dag.py
[2024-08-03T08:51:01.384+0000] {logging_mixin.py:188} INFO - [2024-08-03T08:51:01.384+0000] {dag.py:3089} INFO - Sync 1 DAGs
[2024-08-03T08:51:01.405+0000] {logging_mixin.py:188} INFO - [2024-08-03T08:51:01.405+0000] {dag.py:3947} INFO - Setting next_dagrun for example_skip_dag to 2024-08-02 00:00:00+00:00, run_after=2024-08-03 00:00:00+00:00
[2024-08-03T08:51:01.430+0000] {processor.py:183} INFO - Processing /home/ubuntu/airflow-venv/lib/python3.12/site-packages/airflow/example_dags/example_skip_dag.py took 0.082 seconds
[2024-08-03T08:51:51.655+0000] {processor.py:161} INFO - Started process (PID=4699) to work on /home/ubuntu/airflow-venv/lib/python3.12/site-packages/airflow/example_dags/example_skip_dag.py
[2024-08-03T08:51:51.656+0000] {processor.py:830} INFO - Processing file /home/ubuntu/airflow-venv/lib/python3.12/site-packages/airflow/example_dags/example_skip_dag.py for tasks to queue
[2024-08-03T08:51:51.658+0000] {logging_mixin.py:188} INFO - [2024-08-03T08:51:51.658+0000] {dagbag.py:545} INFO - Filling up the DagBag from /home/ubuntu/airflow-venv/lib/python3.12/site-packages/airflow/example_dags/example_skip_dag.py
[2024-08-03T08:51:51.665+0000] {processor.py:840} INFO - DAG(s) 'example_skip_dag' retrieved from /home/ubuntu/airflow-venv/lib/python3.12/site-packages/airflow/example_dags/example_skip_dag.py
[2024-08-03T08:51:51.683+0000] {logging_mixin.py:188} INFO - [2024-08-03T08:51:51.683+0000] {dag.py:3089} INFO - Sync 1 DAGs
[2024-08-03T08:51:51.704+0000] {logging_mixin.py:188} INFO - [2024-08-03T08:51:51.704+0000] {dag.py:3947} INFO - Setting next_dagrun for example_skip_dag to 2024-08-02 00:00:00+00:00, run_after=2024-08-03 00:00:00+00:00
[2024-08-03T08:51:51.729+0000] {processor.py:183} INFO - Processing /home/ubuntu/airflow-venv/lib/python3.12/site-packages/airflow/example_dags/example_skip_dag.py took 0.082 seconds
[2024-08-03T08:52:35.933+0000] {processor.py:161} INFO - Started process (PID=4805) to work on /home/ubuntu/airflow-venv/lib/python3.12/site-packages/airflow/example_dags/example_skip_dag.py
[2024-08-03T08:52:35.935+0000] {processor.py:830} INFO - Processing file /home/ubuntu/airflow-venv/lib/python3.12/site-packages/airflow/example_dags/example_skip_dag.py for tasks to queue
[2024-08-03T08:52:35.937+0000] {logging_mixin.py:188} INFO - [2024-08-03T08:52:35.936+0000] {dagbag.py:545} INFO - Filling up the DagBag from /home/ubuntu/airflow-venv/lib/python3.12/site-packages/airflow/example_dags/example_skip_dag.py
[2024-08-03T08:52:35.943+0000] {processor.py:840} INFO - DAG(s) 'example_skip_dag' retrieved from /home/ubuntu/airflow-venv/lib/python3.12/site-packages/airflow/example_dags/example_skip_dag.py
[2024-08-03T08:52:35.962+0000] {logging_mixin.py:188} INFO - [2024-08-03T08:52:35.961+0000] {dag.py:3089} INFO - Sync 1 DAGs
[2024-08-03T08:52:35.983+0000] {logging_mixin.py:188} INFO - [2024-08-03T08:52:35.982+0000] {dag.py:3947} INFO - Setting next_dagrun for example_skip_dag to 2024-08-02 00:00:00+00:00, run_after=2024-08-03 00:00:00+00:00
[2024-08-03T08:52:36.006+0000] {processor.py:183} INFO - Processing /home/ubuntu/airflow-venv/lib/python3.12/site-packages/airflow/example_dags/example_skip_dag.py took 0.081 seconds
[2024-08-03T08:53:18.295+0000] {processor.py:161} INFO - Started process (PID=4850) to work on /home/ubuntu/airflow-venv/lib/python3.12/site-packages/airflow/example_dags/example_skip_dag.py
[2024-08-03T08:53:18.297+0000] {processor.py:830} INFO - Processing file /home/ubuntu/airflow-venv/lib/python3.12/site-packages/airflow/example_dags/example_skip_dag.py for tasks to queue
[2024-08-03T08:53:18.299+0000] {logging_mixin.py:188} INFO - [2024-08-03T08:53:18.298+0000] {dagbag.py:545} INFO - Filling up the DagBag from /home/ubuntu/airflow-venv/lib/python3.12/site-packages/airflow/example_dags/example_skip_dag.py
[2024-08-03T08:53:18.305+0000] {processor.py:840} INFO - DAG(s) 'example_skip_dag' retrieved from /home/ubuntu/airflow-venv/lib/python3.12/site-packages/airflow/example_dags/example_skip_dag.py
[2024-08-03T08:53:18.323+0000] {logging_mixin.py:188} INFO - [2024-08-03T08:53:18.323+0000] {dag.py:3089} INFO - Sync 1 DAGs
[2024-08-03T08:53:18.343+0000] {logging_mixin.py:188} INFO - [2024-08-03T08:53:18.343+0000] {dag.py:3947} INFO - Setting next_dagrun for example_skip_dag to 2024-08-02 00:00:00+00:00, run_after=2024-08-03 00:00:00+00:00
[2024-08-03T08:53:18.366+0000] {processor.py:183} INFO - Processing /home/ubuntu/airflow-venv/lib/python3.12/site-packages/airflow/example_dags/example_skip_dag.py took 0.079 seconds
[2024-08-03T08:54:02.374+0000] {processor.py:161} INFO - Started process (PID=4905) to work on /home/ubuntu/airflow-venv/lib/python3.12/site-packages/airflow/example_dags/example_skip_dag.py
[2024-08-03T08:54:02.375+0000] {processor.py:830} INFO - Processing file /home/ubuntu/airflow-venv/lib/python3.12/site-packages/airflow/example_dags/example_skip_dag.py for tasks to queue
[2024-08-03T08:54:02.377+0000] {logging_mixin.py:188} INFO - [2024-08-03T08:54:02.377+0000] {dagbag.py:545} INFO - Filling up the DagBag from /home/ubuntu/airflow-venv/lib/python3.12/site-packages/airflow/example_dags/example_skip_dag.py
[2024-08-03T08:54:02.384+0000] {processor.py:840} INFO - DAG(s) 'example_skip_dag' retrieved from /home/ubuntu/airflow-venv/lib/python3.12/site-packages/airflow/example_dags/example_skip_dag.py
[2024-08-03T08:54:02.403+0000] {logging_mixin.py:188} INFO - [2024-08-03T08:54:02.403+0000] {dag.py:3089} INFO - Sync 1 DAGs
[2024-08-03T08:54:02.424+0000] {logging_mixin.py:188} INFO - [2024-08-03T08:54:02.424+0000] {dag.py:3947} INFO - Setting next_dagrun for example_skip_dag to 2024-08-02 00:00:00+00:00, run_after=2024-08-03 00:00:00+00:00
[2024-08-03T08:54:02.578+0000] {processor.py:183} INFO - Processing /home/ubuntu/airflow-venv/lib/python3.12/site-packages/airflow/example_dags/example_skip_dag.py took 0.212 seconds
[2024-08-03T08:55:04.132+0000] {processor.py:161} INFO - Started process (PID=4977) to work on /home/ubuntu/airflow-venv/lib/python3.12/site-packages/airflow/example_dags/example_skip_dag.py
[2024-08-03T08:55:04.134+0000] {processor.py:830} INFO - Processing file /home/ubuntu/airflow-venv/lib/python3.12/site-packages/airflow/example_dags/example_skip_dag.py for tasks to queue
[2024-08-03T08:55:04.135+0000] {logging_mixin.py:188} INFO - [2024-08-03T08:55:04.135+0000] {dagbag.py:545} INFO - Filling up the DagBag from /home/ubuntu/airflow-venv/lib/python3.12/site-packages/airflow/example_dags/example_skip_dag.py
[2024-08-03T08:55:04.142+0000] {processor.py:840} INFO - DAG(s) 'example_skip_dag' retrieved from /home/ubuntu/airflow-venv/lib/python3.12/site-packages/airflow/example_dags/example_skip_dag.py
[2024-08-03T08:55:04.160+0000] {logging_mixin.py:188} INFO - [2024-08-03T08:55:04.159+0000] {dag.py:3089} INFO - Sync 1 DAGs
[2024-08-03T08:55:04.180+0000] {logging_mixin.py:188} INFO - [2024-08-03T08:55:04.180+0000] {dag.py:3947} INFO - Setting next_dagrun for example_skip_dag to 2024-08-02 00:00:00+00:00, run_after=2024-08-03 00:00:00+00:00
[2024-08-03T08:55:04.204+0000] {processor.py:183} INFO - Processing /home/ubuntu/airflow-venv/lib/python3.12/site-packages/airflow/example_dags/example_skip_dag.py took 0.080 seconds
[2024-08-03T08:56:09.714+0000] {processor.py:161} INFO - Started process (PID=5047) to work on /home/ubuntu/airflow-venv/lib/python3.12/site-packages/airflow/example_dags/example_skip_dag.py
[2024-08-03T08:56:09.715+0000] {processor.py:830} INFO - Processing file /home/ubuntu/airflow-venv/lib/python3.12/site-packages/airflow/example_dags/example_skip_dag.py for tasks to queue
[2024-08-03T08:56:09.717+0000] {logging_mixin.py:188} INFO - [2024-08-03T08:56:09.717+0000] {dagbag.py:545} INFO - Filling up the DagBag from /home/ubuntu/airflow-venv/lib/python3.12/site-packages/airflow/example_dags/example_skip_dag.py
[2024-08-03T08:56:09.724+0000] {processor.py:840} INFO - DAG(s) 'example_skip_dag' retrieved from /home/ubuntu/airflow-venv/lib/python3.12/site-packages/airflow/example_dags/example_skip_dag.py
[2024-08-03T08:56:09.742+0000] {logging_mixin.py:188} INFO - [2024-08-03T08:56:09.741+0000] {dag.py:3089} INFO - Sync 1 DAGs
[2024-08-03T08:56:09.762+0000] {logging_mixin.py:188} INFO - [2024-08-03T08:56:09.762+0000] {dag.py:3947} INFO - Setting next_dagrun for example_skip_dag to 2024-08-02 00:00:00+00:00, run_after=2024-08-03 00:00:00+00:00
[2024-08-03T08:56:09.785+0000] {processor.py:183} INFO - Processing /home/ubuntu/airflow-venv/lib/python3.12/site-packages/airflow/example_dags/example_skip_dag.py took 0.079 seconds
[2024-08-03T08:57:05.212+0000] {processor.py:161} INFO - Started process (PID=5178) to work on /home/ubuntu/airflow-venv/lib/python3.12/site-packages/airflow/example_dags/example_skip_dag.py
[2024-08-03T08:57:05.213+0000] {processor.py:830} INFO - Processing file /home/ubuntu/airflow-venv/lib/python3.12/site-packages/airflow/example_dags/example_skip_dag.py for tasks to queue
[2024-08-03T08:57:05.215+0000] {logging_mixin.py:188} INFO - [2024-08-03T08:57:05.214+0000] {dagbag.py:545} INFO - Filling up the DagBag from /home/ubuntu/airflow-venv/lib/python3.12/site-packages/airflow/example_dags/example_skip_dag.py
[2024-08-03T08:57:05.222+0000] {processor.py:840} INFO - DAG(s) 'example_skip_dag' retrieved from /home/ubuntu/airflow-venv/lib/python3.12/site-packages/airflow/example_dags/example_skip_dag.py
[2024-08-03T08:57:05.240+0000] {logging_mixin.py:188} INFO - [2024-08-03T08:57:05.240+0000] {dag.py:3089} INFO - Sync 1 DAGs
[2024-08-03T08:57:05.384+0000] {logging_mixin.py:188} INFO - [2024-08-03T08:57:05.384+0000] {dag.py:3947} INFO - Setting next_dagrun for example_skip_dag to 2024-08-02 00:00:00+00:00, run_after=2024-08-03 00:00:00+00:00
[2024-08-03T08:57:05.407+0000] {processor.py:183} INFO - Processing /home/ubuntu/airflow-venv/lib/python3.12/site-packages/airflow/example_dags/example_skip_dag.py took 0.203 seconds
[2024-08-03T08:57:55.466+0000] {processor.py:161} INFO - Started process (PID=5230) to work on /home/ubuntu/airflow-venv/lib/python3.12/site-packages/airflow/example_dags/example_skip_dag.py
[2024-08-03T08:57:55.467+0000] {processor.py:830} INFO - Processing file /home/ubuntu/airflow-venv/lib/python3.12/site-packages/airflow/example_dags/example_skip_dag.py for tasks to queue
[2024-08-03T08:57:55.469+0000] {logging_mixin.py:188} INFO - [2024-08-03T08:57:55.469+0000] {dagbag.py:545} INFO - Filling up the DagBag from /home/ubuntu/airflow-venv/lib/python3.12/site-packages/airflow/example_dags/example_skip_dag.py
[2024-08-03T08:57:55.476+0000] {processor.py:840} INFO - DAG(s) 'example_skip_dag' retrieved from /home/ubuntu/airflow-venv/lib/python3.12/site-packages/airflow/example_dags/example_skip_dag.py
[2024-08-03T08:57:55.494+0000] {logging_mixin.py:188} INFO - [2024-08-03T08:57:55.494+0000] {dag.py:3089} INFO - Sync 1 DAGs
[2024-08-03T08:57:55.631+0000] {logging_mixin.py:188} INFO - [2024-08-03T08:57:55.631+0000] {dag.py:3947} INFO - Setting next_dagrun for example_skip_dag to 2024-08-02 00:00:00+00:00, run_after=2024-08-03 00:00:00+00:00
[2024-08-03T08:57:55.653+0000] {processor.py:183} INFO - Processing /home/ubuntu/airflow-venv/lib/python3.12/site-packages/airflow/example_dags/example_skip_dag.py took 0.195 seconds
[2024-08-03T08:58:48.135+0000] {processor.py:161} INFO - Started process (PID=5408) to work on /home/ubuntu/airflow-venv/lib/python3.12/site-packages/airflow/example_dags/example_skip_dag.py
[2024-08-03T08:58:48.137+0000] {processor.py:830} INFO - Processing file /home/ubuntu/airflow-venv/lib/python3.12/site-packages/airflow/example_dags/example_skip_dag.py for tasks to queue
[2024-08-03T08:58:48.138+0000] {logging_mixin.py:188} INFO - [2024-08-03T08:58:48.138+0000] {dagbag.py:545} INFO - Filling up the DagBag from /home/ubuntu/airflow-venv/lib/python3.12/site-packages/airflow/example_dags/example_skip_dag.py
[2024-08-03T08:58:48.145+0000] {processor.py:840} INFO - DAG(s) 'example_skip_dag' retrieved from /home/ubuntu/airflow-venv/lib/python3.12/site-packages/airflow/example_dags/example_skip_dag.py
[2024-08-03T08:58:48.164+0000] {logging_mixin.py:188} INFO - [2024-08-03T08:58:48.164+0000] {dag.py:3089} INFO - Sync 1 DAGs
[2024-08-03T08:58:48.184+0000] {logging_mixin.py:188} INFO - [2024-08-03T08:58:48.184+0000] {dag.py:3947} INFO - Setting next_dagrun for example_skip_dag to 2024-08-02 00:00:00+00:00, run_after=2024-08-03 00:00:00+00:00
[2024-08-03T08:58:48.216+0000] {processor.py:183} INFO - Processing /home/ubuntu/airflow-venv/lib/python3.12/site-packages/airflow/example_dags/example_skip_dag.py took 0.089 seconds
[2024-08-03T08:59:35.743+0000] {processor.py:161} INFO - Started process (PID=5536) to work on /home/ubuntu/airflow-venv/lib/python3.12/site-packages/airflow/example_dags/example_skip_dag.py
[2024-08-03T08:59:35.745+0000] {processor.py:830} INFO - Processing file /home/ubuntu/airflow-venv/lib/python3.12/site-packages/airflow/example_dags/example_skip_dag.py for tasks to queue
[2024-08-03T08:59:35.747+0000] {logging_mixin.py:188} INFO - [2024-08-03T08:59:35.746+0000] {dagbag.py:545} INFO - Filling up the DagBag from /home/ubuntu/airflow-venv/lib/python3.12/site-packages/airflow/example_dags/example_skip_dag.py
[2024-08-03T08:59:35.754+0000] {processor.py:840} INFO - DAG(s) 'example_skip_dag' retrieved from /home/ubuntu/airflow-venv/lib/python3.12/site-packages/airflow/example_dags/example_skip_dag.py
[2024-08-03T08:59:35.772+0000] {logging_mixin.py:188} INFO - [2024-08-03T08:59:35.772+0000] {dag.py:3089} INFO - Sync 1 DAGs
[2024-08-03T08:59:35.793+0000] {logging_mixin.py:188} INFO - [2024-08-03T08:59:35.793+0000] {dag.py:3947} INFO - Setting next_dagrun for example_skip_dag to 2024-08-02 00:00:00+00:00, run_after=2024-08-03 00:00:00+00:00
[2024-08-03T08:59:35.818+0000] {processor.py:183} INFO - Processing /home/ubuntu/airflow-venv/lib/python3.12/site-packages/airflow/example_dags/example_skip_dag.py took 0.083 seconds
[2024-08-03T09:00:23.567+0000] {processor.py:161} INFO - Started process (PID=5716) to work on /home/ubuntu/airflow-venv/lib/python3.12/site-packages/airflow/example_dags/example_skip_dag.py
[2024-08-03T09:00:23.568+0000] {processor.py:830} INFO - Processing file /home/ubuntu/airflow-venv/lib/python3.12/site-packages/airflow/example_dags/example_skip_dag.py for tasks to queue
[2024-08-03T09:00:23.570+0000] {logging_mixin.py:188} INFO - [2024-08-03T09:00:23.569+0000] {dagbag.py:545} INFO - Filling up the DagBag from /home/ubuntu/airflow-venv/lib/python3.12/site-packages/airflow/example_dags/example_skip_dag.py
[2024-08-03T09:00:23.577+0000] {processor.py:840} INFO - DAG(s) 'example_skip_dag' retrieved from /home/ubuntu/airflow-venv/lib/python3.12/site-packages/airflow/example_dags/example_skip_dag.py
[2024-08-03T09:00:23.595+0000] {logging_mixin.py:188} INFO - [2024-08-03T09:00:23.595+0000] {dag.py:3089} INFO - Sync 1 DAGs
[2024-08-03T09:00:23.616+0000] {logging_mixin.py:188} INFO - [2024-08-03T09:00:23.616+0000] {dag.py:3947} INFO - Setting next_dagrun for example_skip_dag to 2024-08-02 00:00:00+00:00, run_after=2024-08-03 00:00:00+00:00
[2024-08-03T09:00:23.642+0000] {processor.py:183} INFO - Processing /home/ubuntu/airflow-venv/lib/python3.12/site-packages/airflow/example_dags/example_skip_dag.py took 0.084 seconds
[2024-08-03T09:01:05.413+0000] {processor.py:161} INFO - Started process (PID=5915) to work on /home/ubuntu/airflow-venv/lib/python3.12/site-packages/airflow/example_dags/example_skip_dag.py
[2024-08-03T09:01:05.414+0000] {processor.py:830} INFO - Processing file /home/ubuntu/airflow-venv/lib/python3.12/site-packages/airflow/example_dags/example_skip_dag.py for tasks to queue
[2024-08-03T09:01:05.416+0000] {logging_mixin.py:188} INFO - [2024-08-03T09:01:05.415+0000] {dagbag.py:545} INFO - Filling up the DagBag from /home/ubuntu/airflow-venv/lib/python3.12/site-packages/airflow/example_dags/example_skip_dag.py
[2024-08-03T09:01:05.423+0000] {processor.py:840} INFO - DAG(s) 'example_skip_dag' retrieved from /home/ubuntu/airflow-venv/lib/python3.12/site-packages/airflow/example_dags/example_skip_dag.py
[2024-08-03T09:01:05.441+0000] {logging_mixin.py:188} INFO - [2024-08-03T09:01:05.441+0000] {dag.py:3089} INFO - Sync 1 DAGs
[2024-08-03T09:01:05.463+0000] {logging_mixin.py:188} INFO - [2024-08-03T09:01:05.462+0000] {dag.py:3947} INFO - Setting next_dagrun for example_skip_dag to 2024-08-02 00:00:00+00:00, run_after=2024-08-03 00:00:00+00:00
[2024-08-03T09:01:05.495+0000] {processor.py:183} INFO - Processing /home/ubuntu/airflow-venv/lib/python3.12/site-packages/airflow/example_dags/example_skip_dag.py took 0.091 seconds
[2024-08-03T09:01:46.028+0000] {processor.py:161} INFO - Started process (PID=6065) to work on /home/ubuntu/airflow-venv/lib/python3.12/site-packages/airflow/example_dags/example_skip_dag.py
[2024-08-03T09:01:46.030+0000] {processor.py:830} INFO - Processing file /home/ubuntu/airflow-venv/lib/python3.12/site-packages/airflow/example_dags/example_skip_dag.py for tasks to queue
[2024-08-03T09:01:46.032+0000] {logging_mixin.py:188} INFO - [2024-08-03T09:01:46.031+0000] {dagbag.py:545} INFO - Filling up the DagBag from /home/ubuntu/airflow-venv/lib/python3.12/site-packages/airflow/example_dags/example_skip_dag.py
[2024-08-03T09:01:46.038+0000] {processor.py:840} INFO - DAG(s) 'example_skip_dag' retrieved from /home/ubuntu/airflow-venv/lib/python3.12/site-packages/airflow/example_dags/example_skip_dag.py
[2024-08-03T09:01:46.057+0000] {logging_mixin.py:188} INFO - [2024-08-03T09:01:46.057+0000] {dag.py:3089} INFO - Sync 1 DAGs
[2024-08-03T09:01:46.078+0000] {logging_mixin.py:188} INFO - [2024-08-03T09:01:46.078+0000] {dag.py:3947} INFO - Setting next_dagrun for example_skip_dag to 2024-08-02 00:00:00+00:00, run_after=2024-08-03 00:00:00+00:00
[2024-08-03T09:01:46.101+0000] {processor.py:183} INFO - Processing /home/ubuntu/airflow-venv/lib/python3.12/site-packages/airflow/example_dags/example_skip_dag.py took 0.082 seconds
[2024-08-03T09:02:29.185+0000] {processor.py:161} INFO - Started process (PID=6245) to work on /home/ubuntu/airflow-venv/lib/python3.12/site-packages/airflow/example_dags/example_skip_dag.py
[2024-08-03T09:02:29.186+0000] {processor.py:830} INFO - Processing file /home/ubuntu/airflow-venv/lib/python3.12/site-packages/airflow/example_dags/example_skip_dag.py for tasks to queue
[2024-08-03T09:02:29.188+0000] {logging_mixin.py:188} INFO - [2024-08-03T09:02:29.187+0000] {dagbag.py:545} INFO - Filling up the DagBag from /home/ubuntu/airflow-venv/lib/python3.12/site-packages/airflow/example_dags/example_skip_dag.py
[2024-08-03T09:02:29.195+0000] {processor.py:840} INFO - DAG(s) 'example_skip_dag' retrieved from /home/ubuntu/airflow-venv/lib/python3.12/site-packages/airflow/example_dags/example_skip_dag.py
[2024-08-03T09:02:29.213+0000] {logging_mixin.py:188} INFO - [2024-08-03T09:02:29.213+0000] {dag.py:3089} INFO - Sync 1 DAGs
[2024-08-03T09:02:29.233+0000] {logging_mixin.py:188} INFO - [2024-08-03T09:02:29.233+0000] {dag.py:3947} INFO - Setting next_dagrun for example_skip_dag to 2024-08-02 00:00:00+00:00, run_after=2024-08-03 00:00:00+00:00
[2024-08-03T09:02:29.258+0000] {processor.py:183} INFO - Processing /home/ubuntu/airflow-venv/lib/python3.12/site-packages/airflow/example_dags/example_skip_dag.py took 0.081 seconds
[2024-08-03T09:03:11.856+0000] {processor.py:161} INFO - Started process (PID=6360) to work on /home/ubuntu/airflow-venv/lib/python3.12/site-packages/airflow/example_dags/example_skip_dag.py
[2024-08-03T09:03:11.860+0000] {processor.py:830} INFO - Processing file /home/ubuntu/airflow-venv/lib/python3.12/site-packages/airflow/example_dags/example_skip_dag.py for tasks to queue
[2024-08-03T09:03:11.862+0000] {logging_mixin.py:188} INFO - [2024-08-03T09:03:11.861+0000] {dagbag.py:545} INFO - Filling up the DagBag from /home/ubuntu/airflow-venv/lib/python3.12/site-packages/airflow/example_dags/example_skip_dag.py
[2024-08-03T09:03:11.869+0000] {processor.py:840} INFO - DAG(s) 'example_skip_dag' retrieved from /home/ubuntu/airflow-venv/lib/python3.12/site-packages/airflow/example_dags/example_skip_dag.py
[2024-08-03T09:03:11.889+0000] {logging_mixin.py:188} INFO - [2024-08-03T09:03:11.888+0000] {dag.py:3089} INFO - Sync 1 DAGs
[2024-08-03T09:03:11.911+0000] {logging_mixin.py:188} INFO - [2024-08-03T09:03:11.910+0000] {dag.py:3947} INFO - Setting next_dagrun for example_skip_dag to 2024-08-02 00:00:00+00:00, run_after=2024-08-03 00:00:00+00:00
[2024-08-03T09:03:11.936+0000] {processor.py:183} INFO - Processing /home/ubuntu/airflow-venv/lib/python3.12/site-packages/airflow/example_dags/example_skip_dag.py took 0.088 seconds
[2024-08-03T09:03:52.104+0000] {processor.py:161} INFO - Started process (PID=6455) to work on /home/ubuntu/airflow-venv/lib/python3.12/site-packages/airflow/example_dags/example_skip_dag.py
[2024-08-03T09:03:52.106+0000] {processor.py:830} INFO - Processing file /home/ubuntu/airflow-venv/lib/python3.12/site-packages/airflow/example_dags/example_skip_dag.py for tasks to queue
[2024-08-03T09:03:52.108+0000] {logging_mixin.py:188} INFO - [2024-08-03T09:03:52.107+0000] {dagbag.py:545} INFO - Filling up the DagBag from /home/ubuntu/airflow-venv/lib/python3.12/site-packages/airflow/example_dags/example_skip_dag.py
[2024-08-03T09:03:52.115+0000] {processor.py:840} INFO - DAG(s) 'example_skip_dag' retrieved from /home/ubuntu/airflow-venv/lib/python3.12/site-packages/airflow/example_dags/example_skip_dag.py
[2024-08-03T09:03:52.134+0000] {logging_mixin.py:188} INFO - [2024-08-03T09:03:52.133+0000] {dag.py:3089} INFO - Sync 1 DAGs
[2024-08-03T09:03:52.156+0000] {logging_mixin.py:188} INFO - [2024-08-03T09:03:52.156+0000] {dag.py:3947} INFO - Setting next_dagrun for example_skip_dag to 2024-08-02 00:00:00+00:00, run_after=2024-08-03 00:00:00+00:00
[2024-08-03T09:03:52.181+0000] {processor.py:183} INFO - Processing /home/ubuntu/airflow-venv/lib/python3.12/site-packages/airflow/example_dags/example_skip_dag.py took 0.085 seconds
[2024-08-03T09:04:33.402+0000] {processor.py:161} INFO - Started process (PID=6515) to work on /home/ubuntu/airflow-venv/lib/python3.12/site-packages/airflow/example_dags/example_skip_dag.py
[2024-08-03T09:04:33.404+0000] {processor.py:830} INFO - Processing file /home/ubuntu/airflow-venv/lib/python3.12/site-packages/airflow/example_dags/example_skip_dag.py for tasks to queue
[2024-08-03T09:04:33.405+0000] {logging_mixin.py:188} INFO - [2024-08-03T09:04:33.405+0000] {dagbag.py:545} INFO - Filling up the DagBag from /home/ubuntu/airflow-venv/lib/python3.12/site-packages/airflow/example_dags/example_skip_dag.py
[2024-08-03T09:04:33.412+0000] {processor.py:840} INFO - DAG(s) 'example_skip_dag' retrieved from /home/ubuntu/airflow-venv/lib/python3.12/site-packages/airflow/example_dags/example_skip_dag.py
[2024-08-03T09:04:33.431+0000] {logging_mixin.py:188} INFO - [2024-08-03T09:04:33.431+0000] {dag.py:3089} INFO - Sync 1 DAGs
[2024-08-03T09:04:33.453+0000] {logging_mixin.py:188} INFO - [2024-08-03T09:04:33.452+0000] {dag.py:3947} INFO - Setting next_dagrun for example_skip_dag to 2024-08-02 00:00:00+00:00, run_after=2024-08-03 00:00:00+00:00
[2024-08-03T09:04:33.477+0000] {processor.py:183} INFO - Processing /home/ubuntu/airflow-venv/lib/python3.12/site-packages/airflow/example_dags/example_skip_dag.py took 0.083 seconds
[2024-08-03T09:05:16.953+0000] {processor.py:161} INFO - Started process (PID=6578) to work on /home/ubuntu/airflow-venv/lib/python3.12/site-packages/airflow/example_dags/example_skip_dag.py
[2024-08-03T09:05:16.954+0000] {processor.py:830} INFO - Processing file /home/ubuntu/airflow-venv/lib/python3.12/site-packages/airflow/example_dags/example_skip_dag.py for tasks to queue
[2024-08-03T09:05:16.956+0000] {logging_mixin.py:188} INFO - [2024-08-03T09:05:16.956+0000] {dagbag.py:545} INFO - Filling up the DagBag from /home/ubuntu/airflow-venv/lib/python3.12/site-packages/airflow/example_dags/example_skip_dag.py
[2024-08-03T09:05:16.963+0000] {processor.py:840} INFO - DAG(s) 'example_skip_dag' retrieved from /home/ubuntu/airflow-venv/lib/python3.12/site-packages/airflow/example_dags/example_skip_dag.py
[2024-08-03T09:05:16.982+0000] {logging_mixin.py:188} INFO - [2024-08-03T09:05:16.981+0000] {dag.py:3089} INFO - Sync 1 DAGs
[2024-08-03T09:05:17.003+0000] {logging_mixin.py:188} INFO - [2024-08-03T09:05:17.003+0000] {dag.py:3947} INFO - Setting next_dagrun for example_skip_dag to 2024-08-02 00:00:00+00:00, run_after=2024-08-03 00:00:00+00:00
[2024-08-03T09:05:17.028+0000] {processor.py:183} INFO - Processing /home/ubuntu/airflow-venv/lib/python3.12/site-packages/airflow/example_dags/example_skip_dag.py took 0.083 seconds
[2024-08-03T09:06:00.436+0000] {processor.py:161} INFO - Started process (PID=6742) to work on /home/ubuntu/airflow-venv/lib/python3.12/site-packages/airflow/example_dags/example_skip_dag.py
[2024-08-03T09:06:00.438+0000] {processor.py:830} INFO - Processing file /home/ubuntu/airflow-venv/lib/python3.12/site-packages/airflow/example_dags/example_skip_dag.py for tasks to queue
[2024-08-03T09:06:00.440+0000] {logging_mixin.py:188} INFO - [2024-08-03T09:06:00.440+0000] {dagbag.py:545} INFO - Filling up the DagBag from /home/ubuntu/airflow-venv/lib/python3.12/site-packages/airflow/example_dags/example_skip_dag.py
[2024-08-03T09:06:00.447+0000] {processor.py:840} INFO - DAG(s) 'example_skip_dag' retrieved from /home/ubuntu/airflow-venv/lib/python3.12/site-packages/airflow/example_dags/example_skip_dag.py
[2024-08-03T09:06:00.467+0000] {logging_mixin.py:188} INFO - [2024-08-03T09:06:00.467+0000] {dag.py:3089} INFO - Sync 1 DAGs
[2024-08-03T09:06:00.488+0000] {logging_mixin.py:188} INFO - [2024-08-03T09:06:00.488+0000] {dag.py:3947} INFO - Setting next_dagrun for example_skip_dag to 2024-08-02 00:00:00+00:00, run_after=2024-08-03 00:00:00+00:00
[2024-08-03T09:06:00.527+0000] {processor.py:183} INFO - Processing /home/ubuntu/airflow-venv/lib/python3.12/site-packages/airflow/example_dags/example_skip_dag.py took 0.100 seconds
[2024-08-03T09:06:45.190+0000] {processor.py:161} INFO - Started process (PID=6927) to work on /home/ubuntu/airflow-venv/lib/python3.12/site-packages/airflow/example_dags/example_skip_dag.py
[2024-08-03T09:06:45.192+0000] {processor.py:830} INFO - Processing file /home/ubuntu/airflow-venv/lib/python3.12/site-packages/airflow/example_dags/example_skip_dag.py for tasks to queue
[2024-08-03T09:06:45.194+0000] {logging_mixin.py:188} INFO - [2024-08-03T09:06:45.193+0000] {dagbag.py:545} INFO - Filling up the DagBag from /home/ubuntu/airflow-venv/lib/python3.12/site-packages/airflow/example_dags/example_skip_dag.py
[2024-08-03T09:06:45.200+0000] {processor.py:840} INFO - DAG(s) 'example_skip_dag' retrieved from /home/ubuntu/airflow-venv/lib/python3.12/site-packages/airflow/example_dags/example_skip_dag.py
[2024-08-03T09:06:45.218+0000] {logging_mixin.py:188} INFO - [2024-08-03T09:06:45.218+0000] {dag.py:3089} INFO - Sync 1 DAGs
[2024-08-03T09:06:45.238+0000] {logging_mixin.py:188} INFO - [2024-08-03T09:06:45.238+0000] {dag.py:3947} INFO - Setting next_dagrun for example_skip_dag to 2024-08-02 00:00:00+00:00, run_after=2024-08-03 00:00:00+00:00
[2024-08-03T09:06:45.262+0000] {processor.py:183} INFO - Processing /home/ubuntu/airflow-venv/lib/python3.12/site-packages/airflow/example_dags/example_skip_dag.py took 0.080 seconds
[2024-08-03T09:07:29.472+0000] {processor.py:161} INFO - Started process (PID=7083) to work on /home/ubuntu/airflow-venv/lib/python3.12/site-packages/airflow/example_dags/example_skip_dag.py
[2024-08-03T09:07:29.473+0000] {processor.py:830} INFO - Processing file /home/ubuntu/airflow-venv/lib/python3.12/site-packages/airflow/example_dags/example_skip_dag.py for tasks to queue
[2024-08-03T09:07:29.475+0000] {logging_mixin.py:188} INFO - [2024-08-03T09:07:29.474+0000] {dagbag.py:545} INFO - Filling up the DagBag from /home/ubuntu/airflow-venv/lib/python3.12/site-packages/airflow/example_dags/example_skip_dag.py
[2024-08-03T09:07:29.481+0000] {processor.py:840} INFO - DAG(s) 'example_skip_dag' retrieved from /home/ubuntu/airflow-venv/lib/python3.12/site-packages/airflow/example_dags/example_skip_dag.py
[2024-08-03T09:07:29.499+0000] {logging_mixin.py:188} INFO - [2024-08-03T09:07:29.499+0000] {dag.py:3089} INFO - Sync 1 DAGs
[2024-08-03T09:07:29.521+0000] {logging_mixin.py:188} INFO - [2024-08-03T09:07:29.521+0000] {dag.py:3947} INFO - Setting next_dagrun for example_skip_dag to 2024-08-02 00:00:00+00:00, run_after=2024-08-03 00:00:00+00:00
[2024-08-03T09:07:29.544+0000] {processor.py:183} INFO - Processing /home/ubuntu/airflow-venv/lib/python3.12/site-packages/airflow/example_dags/example_skip_dag.py took 0.081 seconds
[2024-08-03T09:08:13.376+0000] {processor.py:161} INFO - Started process (PID=7201) to work on /home/ubuntu/airflow-venv/lib/python3.12/site-packages/airflow/example_dags/example_skip_dag.py
[2024-08-03T09:08:13.378+0000] {processor.py:830} INFO - Processing file /home/ubuntu/airflow-venv/lib/python3.12/site-packages/airflow/example_dags/example_skip_dag.py for tasks to queue
[2024-08-03T09:08:13.379+0000] {logging_mixin.py:188} INFO - [2024-08-03T09:08:13.379+0000] {dagbag.py:545} INFO - Filling up the DagBag from /home/ubuntu/airflow-venv/lib/python3.12/site-packages/airflow/example_dags/example_skip_dag.py
[2024-08-03T09:08:13.386+0000] {processor.py:840} INFO - DAG(s) 'example_skip_dag' retrieved from /home/ubuntu/airflow-venv/lib/python3.12/site-packages/airflow/example_dags/example_skip_dag.py
[2024-08-03T09:08:13.405+0000] {logging_mixin.py:188} INFO - [2024-08-03T09:08:13.405+0000] {dag.py:3089} INFO - Sync 1 DAGs
[2024-08-03T09:08:13.427+0000] {logging_mixin.py:188} INFO - [2024-08-03T09:08:13.426+0000] {dag.py:3947} INFO - Setting next_dagrun for example_skip_dag to 2024-08-02 00:00:00+00:00, run_after=2024-08-03 00:00:00+00:00
[2024-08-03T09:08:13.450+0000] {processor.py:183} INFO - Processing /home/ubuntu/airflow-venv/lib/python3.12/site-packages/airflow/example_dags/example_skip_dag.py took 0.082 seconds
[2024-08-03T09:08:55.171+0000] {processor.py:161} INFO - Started process (PID=7431) to work on /home/ubuntu/airflow-venv/lib/python3.12/site-packages/airflow/example_dags/example_skip_dag.py
[2024-08-03T09:08:55.172+0000] {processor.py:830} INFO - Processing file /home/ubuntu/airflow-venv/lib/python3.12/site-packages/airflow/example_dags/example_skip_dag.py for tasks to queue
[2024-08-03T09:08:55.174+0000] {logging_mixin.py:188} INFO - [2024-08-03T09:08:55.174+0000] {dagbag.py:545} INFO - Filling up the DagBag from /home/ubuntu/airflow-venv/lib/python3.12/site-packages/airflow/example_dags/example_skip_dag.py
[2024-08-03T09:08:55.181+0000] {processor.py:840} INFO - DAG(s) 'example_skip_dag' retrieved from /home/ubuntu/airflow-venv/lib/python3.12/site-packages/airflow/example_dags/example_skip_dag.py
[2024-08-03T09:08:55.198+0000] {logging_mixin.py:188} INFO - [2024-08-03T09:08:55.198+0000] {dag.py:3089} INFO - Sync 1 DAGs
[2024-08-03T09:08:55.219+0000] {logging_mixin.py:188} INFO - [2024-08-03T09:08:55.219+0000] {dag.py:3947} INFO - Setting next_dagrun for example_skip_dag to 2024-08-02 00:00:00+00:00, run_after=2024-08-03 00:00:00+00:00
[2024-08-03T09:08:55.243+0000] {processor.py:183} INFO - Processing /home/ubuntu/airflow-venv/lib/python3.12/site-packages/airflow/example_dags/example_skip_dag.py took 0.080 seconds
[2024-08-03T09:09:38.086+0000] {processor.py:161} INFO - Started process (PID=7719) to work on /home/ubuntu/airflow-venv/lib/python3.12/site-packages/airflow/example_dags/example_skip_dag.py
[2024-08-03T09:09:38.088+0000] {processor.py:830} INFO - Processing file /home/ubuntu/airflow-venv/lib/python3.12/site-packages/airflow/example_dags/example_skip_dag.py for tasks to queue
[2024-08-03T09:09:38.090+0000] {logging_mixin.py:188} INFO - [2024-08-03T09:09:38.089+0000] {dagbag.py:545} INFO - Filling up the DagBag from /home/ubuntu/airflow-venv/lib/python3.12/site-packages/airflow/example_dags/example_skip_dag.py
[2024-08-03T09:09:38.097+0000] {processor.py:840} INFO - DAG(s) 'example_skip_dag' retrieved from /home/ubuntu/airflow-venv/lib/python3.12/site-packages/airflow/example_dags/example_skip_dag.py
[2024-08-03T09:09:38.115+0000] {logging_mixin.py:188} INFO - [2024-08-03T09:09:38.115+0000] {dag.py:3089} INFO - Sync 1 DAGs
[2024-08-03T09:09:38.136+0000] {logging_mixin.py:188} INFO - [2024-08-03T09:09:38.136+0000] {dag.py:3947} INFO - Setting next_dagrun for example_skip_dag to 2024-08-02 00:00:00+00:00, run_after=2024-08-03 00:00:00+00:00
[2024-08-03T09:09:38.160+0000] {processor.py:183} INFO - Processing /home/ubuntu/airflow-venv/lib/python3.12/site-packages/airflow/example_dags/example_skip_dag.py took 0.082 seconds
[2024-08-03T09:10:21.227+0000] {processor.py:161} INFO - Started process (PID=7861) to work on /home/ubuntu/airflow-venv/lib/python3.12/site-packages/airflow/example_dags/example_skip_dag.py
[2024-08-03T09:10:21.228+0000] {processor.py:830} INFO - Processing file /home/ubuntu/airflow-venv/lib/python3.12/site-packages/airflow/example_dags/example_skip_dag.py for tasks to queue
[2024-08-03T09:10:21.230+0000] {logging_mixin.py:188} INFO - [2024-08-03T09:10:21.230+0000] {dagbag.py:545} INFO - Filling up the DagBag from /home/ubuntu/airflow-venv/lib/python3.12/site-packages/airflow/example_dags/example_skip_dag.py
[2024-08-03T09:10:21.237+0000] {processor.py:840} INFO - DAG(s) 'example_skip_dag' retrieved from /home/ubuntu/airflow-venv/lib/python3.12/site-packages/airflow/example_dags/example_skip_dag.py
[2024-08-03T09:10:21.255+0000] {logging_mixin.py:188} INFO - [2024-08-03T09:10:21.255+0000] {dag.py:3089} INFO - Sync 1 DAGs
[2024-08-03T09:10:21.276+0000] {logging_mixin.py:188} INFO - [2024-08-03T09:10:21.276+0000] {dag.py:3947} INFO - Setting next_dagrun for example_skip_dag to 2024-08-02 00:00:00+00:00, run_after=2024-08-03 00:00:00+00:00
[2024-08-03T09:10:21.299+0000] {processor.py:183} INFO - Processing /home/ubuntu/airflow-venv/lib/python3.12/site-packages/airflow/example_dags/example_skip_dag.py took 0.081 seconds
[2024-08-03T09:11:02.520+0000] {processor.py:161} INFO - Started process (PID=7980) to work on /home/ubuntu/airflow-venv/lib/python3.12/site-packages/airflow/example_dags/example_skip_dag.py
[2024-08-03T09:11:02.521+0000] {processor.py:830} INFO - Processing file /home/ubuntu/airflow-venv/lib/python3.12/site-packages/airflow/example_dags/example_skip_dag.py for tasks to queue
[2024-08-03T09:11:02.523+0000] {logging_mixin.py:188} INFO - [2024-08-03T09:11:02.523+0000] {dagbag.py:545} INFO - Filling up the DagBag from /home/ubuntu/airflow-venv/lib/python3.12/site-packages/airflow/example_dags/example_skip_dag.py
[2024-08-03T09:11:02.530+0000] {processor.py:840} INFO - DAG(s) 'example_skip_dag' retrieved from /home/ubuntu/airflow-venv/lib/python3.12/site-packages/airflow/example_dags/example_skip_dag.py
[2024-08-03T09:11:02.549+0000] {logging_mixin.py:188} INFO - [2024-08-03T09:11:02.549+0000] {dag.py:3089} INFO - Sync 1 DAGs
[2024-08-03T09:11:02.570+0000] {logging_mixin.py:188} INFO - [2024-08-03T09:11:02.570+0000] {dag.py:3947} INFO - Setting next_dagrun for example_skip_dag to 2024-08-02 00:00:00+00:00, run_after=2024-08-03 00:00:00+00:00
[2024-08-03T09:11:02.596+0000] {processor.py:183} INFO - Processing /home/ubuntu/airflow-venv/lib/python3.12/site-packages/airflow/example_dags/example_skip_dag.py took 0.085 seconds
[2024-08-03T09:11:43.177+0000] {processor.py:161} INFO - Started process (PID=8023) to work on /home/ubuntu/airflow-venv/lib/python3.12/site-packages/airflow/example_dags/example_skip_dag.py
[2024-08-03T09:11:43.178+0000] {processor.py:830} INFO - Processing file /home/ubuntu/airflow-venv/lib/python3.12/site-packages/airflow/example_dags/example_skip_dag.py for tasks to queue
[2024-08-03T09:11:43.180+0000] {logging_mixin.py:188} INFO - [2024-08-03T09:11:43.180+0000] {dagbag.py:545} INFO - Filling up the DagBag from /home/ubuntu/airflow-venv/lib/python3.12/site-packages/airflow/example_dags/example_skip_dag.py
[2024-08-03T09:11:43.187+0000] {processor.py:840} INFO - DAG(s) 'example_skip_dag' retrieved from /home/ubuntu/airflow-venv/lib/python3.12/site-packages/airflow/example_dags/example_skip_dag.py
[2024-08-03T09:11:43.205+0000] {logging_mixin.py:188} INFO - [2024-08-03T09:11:43.205+0000] {dag.py:3089} INFO - Sync 1 DAGs
[2024-08-03T09:11:43.226+0000] {logging_mixin.py:188} INFO - [2024-08-03T09:11:43.226+0000] {dag.py:3947} INFO - Setting next_dagrun for example_skip_dag to 2024-08-02 00:00:00+00:00, run_after=2024-08-03 00:00:00+00:00
[2024-08-03T09:11:43.251+0000] {processor.py:183} INFO - Processing /home/ubuntu/airflow-venv/lib/python3.12/site-packages/airflow/example_dags/example_skip_dag.py took 0.082 seconds
[2024-08-03T09:12:24.558+0000] {processor.py:161} INFO - Started process (PID=8217) to work on /home/ubuntu/airflow-venv/lib/python3.12/site-packages/airflow/example_dags/example_skip_dag.py
[2024-08-03T09:12:24.560+0000] {processor.py:830} INFO - Processing file /home/ubuntu/airflow-venv/lib/python3.12/site-packages/airflow/example_dags/example_skip_dag.py for tasks to queue
[2024-08-03T09:12:24.562+0000] {logging_mixin.py:188} INFO - [2024-08-03T09:12:24.561+0000] {dagbag.py:545} INFO - Filling up the DagBag from /home/ubuntu/airflow-venv/lib/python3.12/site-packages/airflow/example_dags/example_skip_dag.py
[2024-08-03T09:12:24.569+0000] {processor.py:840} INFO - DAG(s) 'example_skip_dag' retrieved from /home/ubuntu/airflow-venv/lib/python3.12/site-packages/airflow/example_dags/example_skip_dag.py
[2024-08-03T09:12:24.588+0000] {logging_mixin.py:188} INFO - [2024-08-03T09:12:24.587+0000] {dag.py:3089} INFO - Sync 1 DAGs
[2024-08-03T09:12:24.609+0000] {logging_mixin.py:188} INFO - [2024-08-03T09:12:24.608+0000] {dag.py:3947} INFO - Setting next_dagrun for example_skip_dag to 2024-08-02 00:00:00+00:00, run_after=2024-08-03 00:00:00+00:00
[2024-08-03T09:12:24.634+0000] {processor.py:183} INFO - Processing /home/ubuntu/airflow-venv/lib/python3.12/site-packages/airflow/example_dags/example_skip_dag.py took 0.084 seconds
