[2024-08-03T08:30:58.510+0000] {processor.py:161} INFO - Started process (PID=1835) to work on /home/ubuntu/airflow-venv/lib/python3.12/site-packages/airflow/example_dags/example_complex.py
[2024-08-03T08:30:58.511+0000] {processor.py:830} INFO - Processing file /home/ubuntu/airflow-venv/lib/python3.12/site-packages/airflow/example_dags/example_complex.py for tasks to queue
[2024-08-03T08:30:58.513+0000] {logging_mixin.py:188} INFO - [2024-08-03T08:30:58.512+0000] {dagbag.py:545} INFO - Filling up the DagBag from /home/ubuntu/airflow-venv/lib/python3.12/site-packages/airflow/example_dags/example_complex.py
[2024-08-03T08:30:58.524+0000] {processor.py:840} INFO - DAG(s) 'example_complex' retrieved from /home/ubuntu/airflow-venv/lib/python3.12/site-packages/airflow/example_dags/example_complex.py
[2024-08-03T08:30:58.643+0000] {logging_mixin.py:188} INFO - [2024-08-03T08:30:58.643+0000] {dag.py:3089} INFO - Sync 1 DAGs
[2024-08-03T08:30:58.655+0000] {logging_mixin.py:188} INFO - [2024-08-03T08:30:58.654+0000] {dag.py:3947} INFO - Setting next_dagrun for example_complex to None, run_after=None
[2024-08-03T08:30:58.682+0000] {processor.py:183} INFO - Processing /home/ubuntu/airflow-venv/lib/python3.12/site-packages/airflow/example_dags/example_complex.py took 0.178 seconds
[2024-08-03T08:31:52.551+0000] {processor.py:161} INFO - Started process (PID=1896) to work on /home/ubuntu/airflow-venv/lib/python3.12/site-packages/airflow/example_dags/example_complex.py
[2024-08-03T08:31:52.553+0000] {processor.py:830} INFO - Processing file /home/ubuntu/airflow-venv/lib/python3.12/site-packages/airflow/example_dags/example_complex.py for tasks to queue
[2024-08-03T08:31:52.554+0000] {logging_mixin.py:188} INFO - [2024-08-03T08:31:52.554+0000] {dagbag.py:545} INFO - Filling up the DagBag from /home/ubuntu/airflow-venv/lib/python3.12/site-packages/airflow/example_dags/example_complex.py
[2024-08-03T08:31:52.565+0000] {processor.py:840} INFO - DAG(s) 'example_complex' retrieved from /home/ubuntu/airflow-venv/lib/python3.12/site-packages/airflow/example_dags/example_complex.py
[2024-08-03T08:31:52.595+0000] {logging_mixin.py:188} INFO - [2024-08-03T08:31:52.594+0000] {dag.py:3089} INFO - Sync 1 DAGs
[2024-08-03T08:31:52.607+0000] {logging_mixin.py:188} INFO - [2024-08-03T08:31:52.607+0000] {dag.py:3947} INFO - Setting next_dagrun for example_complex to None, run_after=None
[2024-08-03T08:31:52.631+0000] {processor.py:183} INFO - Processing /home/ubuntu/airflow-venv/lib/python3.12/site-packages/airflow/example_dags/example_complex.py took 0.085 seconds
[2024-08-03T08:33:26.503+0000] {processor.py:161} INFO - Started process (PID=2001) to work on /home/ubuntu/airflow-venv/lib/python3.12/site-packages/airflow/example_dags/example_complex.py
[2024-08-03T08:33:26.504+0000] {processor.py:830} INFO - Processing file /home/ubuntu/airflow-venv/lib/python3.12/site-packages/airflow/example_dags/example_complex.py for tasks to queue
[2024-08-03T08:33:26.506+0000] {logging_mixin.py:188} INFO - [2024-08-03T08:33:26.506+0000] {dagbag.py:545} INFO - Filling up the DagBag from /home/ubuntu/airflow-venv/lib/python3.12/site-packages/airflow/example_dags/example_complex.py
[2024-08-03T08:33:26.517+0000] {processor.py:840} INFO - DAG(s) 'example_complex' retrieved from /home/ubuntu/airflow-venv/lib/python3.12/site-packages/airflow/example_dags/example_complex.py
[2024-08-03T08:33:26.638+0000] {logging_mixin.py:188} INFO - [2024-08-03T08:33:26.637+0000] {dag.py:3089} INFO - Sync 1 DAGs
[2024-08-03T08:33:26.650+0000] {logging_mixin.py:188} INFO - [2024-08-03T08:33:26.649+0000] {dag.py:3947} INFO - Setting next_dagrun for example_complex to None, run_after=None
[2024-08-03T08:33:26.677+0000] {processor.py:183} INFO - Processing /home/ubuntu/airflow-venv/lib/python3.12/site-packages/airflow/example_dags/example_complex.py took 0.180 seconds
[2024-08-03T08:34:21.415+0000] {processor.py:161} INFO - Started process (PID=2057) to work on /home/ubuntu/airflow-venv/lib/python3.12/site-packages/airflow/example_dags/example_complex.py
[2024-08-03T08:34:21.416+0000] {processor.py:830} INFO - Processing file /home/ubuntu/airflow-venv/lib/python3.12/site-packages/airflow/example_dags/example_complex.py for tasks to queue
[2024-08-03T08:34:21.418+0000] {logging_mixin.py:188} INFO - [2024-08-03T08:34:21.418+0000] {dagbag.py:545} INFO - Filling up the DagBag from /home/ubuntu/airflow-venv/lib/python3.12/site-packages/airflow/example_dags/example_complex.py
[2024-08-03T08:34:21.429+0000] {processor.py:840} INFO - DAG(s) 'example_complex' retrieved from /home/ubuntu/airflow-venv/lib/python3.12/site-packages/airflow/example_dags/example_complex.py
[2024-08-03T08:34:21.459+0000] {logging_mixin.py:188} INFO - [2024-08-03T08:34:21.459+0000] {dag.py:3089} INFO - Sync 1 DAGs
[2024-08-03T08:34:21.471+0000] {logging_mixin.py:188} INFO - [2024-08-03T08:34:21.471+0000] {dag.py:3947} INFO - Setting next_dagrun for example_complex to None, run_after=None
[2024-08-03T08:34:21.494+0000] {processor.py:183} INFO - Processing /home/ubuntu/airflow-venv/lib/python3.12/site-packages/airflow/example_dags/example_complex.py took 0.085 seconds
[2024-08-03T08:35:36.781+0000] {processor.py:161} INFO - Started process (PID=2147) to work on /home/ubuntu/airflow-venv/lib/python3.12/site-packages/airflow/example_dags/example_complex.py
[2024-08-03T08:35:36.783+0000] {processor.py:830} INFO - Processing file /home/ubuntu/airflow-venv/lib/python3.12/site-packages/airflow/example_dags/example_complex.py for tasks to queue
[2024-08-03T08:35:36.784+0000] {logging_mixin.py:188} INFO - [2024-08-03T08:35:36.784+0000] {dagbag.py:545} INFO - Filling up the DagBag from /home/ubuntu/airflow-venv/lib/python3.12/site-packages/airflow/example_dags/example_complex.py
[2024-08-03T08:35:36.795+0000] {processor.py:840} INFO - DAG(s) 'example_complex' retrieved from /home/ubuntu/airflow-venv/lib/python3.12/site-packages/airflow/example_dags/example_complex.py
[2024-08-03T08:35:36.825+0000] {logging_mixin.py:188} INFO - [2024-08-03T08:35:36.824+0000] {dag.py:3089} INFO - Sync 1 DAGs
[2024-08-03T08:35:36.837+0000] {logging_mixin.py:188} INFO - [2024-08-03T08:35:36.837+0000] {dag.py:3947} INFO - Setting next_dagrun for example_complex to None, run_after=None
[2024-08-03T08:35:36.861+0000] {processor.py:183} INFO - Processing /home/ubuntu/airflow-venv/lib/python3.12/site-packages/airflow/example_dags/example_complex.py took 0.086 seconds
[2024-08-03T08:36:29.547+0000] {processor.py:161} INFO - Started process (PID=2204) to work on /home/ubuntu/airflow-venv/lib/python3.12/site-packages/airflow/example_dags/example_complex.py
[2024-08-03T08:36:29.549+0000] {processor.py:830} INFO - Processing file /home/ubuntu/airflow-venv/lib/python3.12/site-packages/airflow/example_dags/example_complex.py for tasks to queue
[2024-08-03T08:36:29.550+0000] {logging_mixin.py:188} INFO - [2024-08-03T08:36:29.550+0000] {dagbag.py:545} INFO - Filling up the DagBag from /home/ubuntu/airflow-venv/lib/python3.12/site-packages/airflow/example_dags/example_complex.py
[2024-08-03T08:36:29.563+0000] {processor.py:840} INFO - DAG(s) 'example_complex' retrieved from /home/ubuntu/airflow-venv/lib/python3.12/site-packages/airflow/example_dags/example_complex.py
[2024-08-03T08:36:29.592+0000] {logging_mixin.py:188} INFO - [2024-08-03T08:36:29.592+0000] {dag.py:3089} INFO - Sync 1 DAGs
[2024-08-03T08:36:29.605+0000] {logging_mixin.py:188} INFO - [2024-08-03T08:36:29.604+0000] {dag.py:3947} INFO - Setting next_dagrun for example_complex to None, run_after=None
[2024-08-03T08:36:29.628+0000] {processor.py:183} INFO - Processing /home/ubuntu/airflow-venv/lib/python3.12/site-packages/airflow/example_dags/example_complex.py took 0.087 seconds
[2024-08-03T08:37:44.888+0000] {processor.py:161} INFO - Started process (PID=2302) to work on /home/ubuntu/airflow-venv/lib/python3.12/site-packages/airflow/example_dags/example_complex.py
[2024-08-03T08:37:44.889+0000] {processor.py:830} INFO - Processing file /home/ubuntu/airflow-venv/lib/python3.12/site-packages/airflow/example_dags/example_complex.py for tasks to queue
[2024-08-03T08:37:44.891+0000] {logging_mixin.py:188} INFO - [2024-08-03T08:37:44.890+0000] {dagbag.py:545} INFO - Filling up the DagBag from /home/ubuntu/airflow-venv/lib/python3.12/site-packages/airflow/example_dags/example_complex.py
[2024-08-03T08:37:44.902+0000] {processor.py:840} INFO - DAG(s) 'example_complex' retrieved from /home/ubuntu/airflow-venv/lib/python3.12/site-packages/airflow/example_dags/example_complex.py
[2024-08-03T08:37:44.932+0000] {logging_mixin.py:188} INFO - [2024-08-03T08:37:44.932+0000] {dag.py:3089} INFO - Sync 1 DAGs
[2024-08-03T08:37:44.945+0000] {logging_mixin.py:188} INFO - [2024-08-03T08:37:44.945+0000] {dag.py:3947} INFO - Setting next_dagrun for example_complex to None, run_after=None
[2024-08-03T08:37:44.971+0000] {processor.py:183} INFO - Processing /home/ubuntu/airflow-venv/lib/python3.12/site-packages/airflow/example_dags/example_complex.py took 0.089 seconds
[2024-08-03T08:39:07.720+0000] {processor.py:161} INFO - Started process (PID=2406) to work on /home/ubuntu/airflow-venv/lib/python3.12/site-packages/airflow/example_dags/example_complex.py
[2024-08-03T08:39:07.722+0000] {processor.py:830} INFO - Processing file /home/ubuntu/airflow-venv/lib/python3.12/site-packages/airflow/example_dags/example_complex.py for tasks to queue
[2024-08-03T08:39:07.723+0000] {logging_mixin.py:188} INFO - [2024-08-03T08:39:07.723+0000] {dagbag.py:545} INFO - Filling up the DagBag from /home/ubuntu/airflow-venv/lib/python3.12/site-packages/airflow/example_dags/example_complex.py
[2024-08-03T08:39:07.734+0000] {processor.py:840} INFO - DAG(s) 'example_complex' retrieved from /home/ubuntu/airflow-venv/lib/python3.12/site-packages/airflow/example_dags/example_complex.py
[2024-08-03T08:39:07.764+0000] {logging_mixin.py:188} INFO - [2024-08-03T08:39:07.764+0000] {dag.py:3089} INFO - Sync 1 DAGs
[2024-08-03T08:39:07.777+0000] {logging_mixin.py:188} INFO - [2024-08-03T08:39:07.777+0000] {dag.py:3947} INFO - Setting next_dagrun for example_complex to None, run_after=None
[2024-08-03T08:39:07.814+0000] {processor.py:183} INFO - Processing /home/ubuntu/airflow-venv/lib/python3.12/site-packages/airflow/example_dags/example_complex.py took 0.100 seconds
[2024-08-03T08:40:02.534+0000] {processor.py:161} INFO - Started process (PID=2466) to work on /home/ubuntu/airflow-venv/lib/python3.12/site-packages/airflow/example_dags/example_complex.py
[2024-08-03T08:40:02.536+0000] {processor.py:830} INFO - Processing file /home/ubuntu/airflow-venv/lib/python3.12/site-packages/airflow/example_dags/example_complex.py for tasks to queue
[2024-08-03T08:40:02.537+0000] {logging_mixin.py:188} INFO - [2024-08-03T08:40:02.537+0000] {dagbag.py:545} INFO - Filling up the DagBag from /home/ubuntu/airflow-venv/lib/python3.12/site-packages/airflow/example_dags/example_complex.py
[2024-08-03T08:40:02.548+0000] {processor.py:840} INFO - DAG(s) 'example_complex' retrieved from /home/ubuntu/airflow-venv/lib/python3.12/site-packages/airflow/example_dags/example_complex.py
[2024-08-03T08:40:02.578+0000] {logging_mixin.py:188} INFO - [2024-08-03T08:40:02.578+0000] {dag.py:3089} INFO - Sync 1 DAGs
[2024-08-03T08:40:02.591+0000] {logging_mixin.py:188} INFO - [2024-08-03T08:40:02.590+0000] {dag.py:3947} INFO - Setting next_dagrun for example_complex to None, run_after=None
[2024-08-03T08:40:02.617+0000] {processor.py:183} INFO - Processing /home/ubuntu/airflow-venv/lib/python3.12/site-packages/airflow/example_dags/example_complex.py took 0.090 seconds
[2024-08-03T08:40:57.499+0000] {processor.py:161} INFO - Started process (PID=2530) to work on /home/ubuntu/airflow-venv/lib/python3.12/site-packages/airflow/example_dags/example_complex.py
[2024-08-03T08:40:57.500+0000] {processor.py:830} INFO - Processing file /home/ubuntu/airflow-venv/lib/python3.12/site-packages/airflow/example_dags/example_complex.py for tasks to queue
[2024-08-03T08:40:57.502+0000] {logging_mixin.py:188} INFO - [2024-08-03T08:40:57.502+0000] {dagbag.py:545} INFO - Filling up the DagBag from /home/ubuntu/airflow-venv/lib/python3.12/site-packages/airflow/example_dags/example_complex.py
[2024-08-03T08:40:57.513+0000] {processor.py:840} INFO - DAG(s) 'example_complex' retrieved from /home/ubuntu/airflow-venv/lib/python3.12/site-packages/airflow/example_dags/example_complex.py
[2024-08-03T08:40:57.543+0000] {logging_mixin.py:188} INFO - [2024-08-03T08:40:57.542+0000] {dag.py:3089} INFO - Sync 1 DAGs
[2024-08-03T08:40:57.556+0000] {logging_mixin.py:188} INFO - [2024-08-03T08:40:57.555+0000] {dag.py:3947} INFO - Setting next_dagrun for example_complex to None, run_after=None
[2024-08-03T08:40:57.579+0000] {processor.py:183} INFO - Processing /home/ubuntu/airflow-venv/lib/python3.12/site-packages/airflow/example_dags/example_complex.py took 0.087 seconds
[2024-08-03T08:42:05.971+0000] {processor.py:161} INFO - Started process (PID=2604) to work on /home/ubuntu/airflow-venv/lib/python3.12/site-packages/airflow/example_dags/example_complex.py
[2024-08-03T08:42:05.972+0000] {processor.py:830} INFO - Processing file /home/ubuntu/airflow-venv/lib/python3.12/site-packages/airflow/example_dags/example_complex.py for tasks to queue
[2024-08-03T08:42:05.974+0000] {logging_mixin.py:188} INFO - [2024-08-03T08:42:05.974+0000] {dagbag.py:545} INFO - Filling up the DagBag from /home/ubuntu/airflow-venv/lib/python3.12/site-packages/airflow/example_dags/example_complex.py
[2024-08-03T08:42:05.985+0000] {processor.py:840} INFO - DAG(s) 'example_complex' retrieved from /home/ubuntu/airflow-venv/lib/python3.12/site-packages/airflow/example_dags/example_complex.py
[2024-08-03T08:42:06.015+0000] {logging_mixin.py:188} INFO - [2024-08-03T08:42:06.015+0000] {dag.py:3089} INFO - Sync 1 DAGs
[2024-08-03T08:42:06.028+0000] {logging_mixin.py:188} INFO - [2024-08-03T08:42:06.027+0000] {dag.py:3947} INFO - Setting next_dagrun for example_complex to None, run_after=None
[2024-08-03T08:42:06.051+0000] {processor.py:183} INFO - Processing /home/ubuntu/airflow-venv/lib/python3.12/site-packages/airflow/example_dags/example_complex.py took 0.086 seconds
[2024-08-03T08:43:11.262+0000] {processor.py:161} INFO - Started process (PID=2676) to work on /home/ubuntu/airflow-venv/lib/python3.12/site-packages/airflow/example_dags/example_complex.py
[2024-08-03T08:43:11.264+0000] {processor.py:830} INFO - Processing file /home/ubuntu/airflow-venv/lib/python3.12/site-packages/airflow/example_dags/example_complex.py for tasks to queue
[2024-08-03T08:43:11.265+0000] {logging_mixin.py:188} INFO - [2024-08-03T08:43:11.265+0000] {dagbag.py:545} INFO - Filling up the DagBag from /home/ubuntu/airflow-venv/lib/python3.12/site-packages/airflow/example_dags/example_complex.py
[2024-08-03T08:43:11.277+0000] {processor.py:840} INFO - DAG(s) 'example_complex' retrieved from /home/ubuntu/airflow-venv/lib/python3.12/site-packages/airflow/example_dags/example_complex.py
[2024-08-03T08:43:11.307+0000] {logging_mixin.py:188} INFO - [2024-08-03T08:43:11.307+0000] {dag.py:3089} INFO - Sync 1 DAGs
[2024-08-03T08:43:11.320+0000] {logging_mixin.py:188} INFO - [2024-08-03T08:43:11.320+0000] {dag.py:3947} INFO - Setting next_dagrun for example_complex to None, run_after=None
[2024-08-03T08:43:11.345+0000] {processor.py:183} INFO - Processing /home/ubuntu/airflow-venv/lib/python3.12/site-packages/airflow/example_dags/example_complex.py took 0.089 seconds
[2024-08-03T08:44:13.298+0000] {processor.py:161} INFO - Started process (PID=2852) to work on /home/ubuntu/airflow-venv/lib/python3.12/site-packages/airflow/example_dags/example_complex.py
[2024-08-03T08:44:13.300+0000] {processor.py:830} INFO - Processing file /home/ubuntu/airflow-venv/lib/python3.12/site-packages/airflow/example_dags/example_complex.py for tasks to queue
[2024-08-03T08:44:13.301+0000] {logging_mixin.py:188} INFO - [2024-08-03T08:44:13.301+0000] {dagbag.py:545} INFO - Filling up the DagBag from /home/ubuntu/airflow-venv/lib/python3.12/site-packages/airflow/example_dags/example_complex.py
[2024-08-03T08:44:13.312+0000] {processor.py:840} INFO - DAG(s) 'example_complex' retrieved from /home/ubuntu/airflow-venv/lib/python3.12/site-packages/airflow/example_dags/example_complex.py
[2024-08-03T08:44:13.341+0000] {logging_mixin.py:188} INFO - [2024-08-03T08:44:13.341+0000] {dag.py:3089} INFO - Sync 1 DAGs
[2024-08-03T08:44:13.354+0000] {logging_mixin.py:188} INFO - [2024-08-03T08:44:13.354+0000] {dag.py:3947} INFO - Setting next_dagrun for example_complex to None, run_after=None
[2024-08-03T08:44:13.378+0000] {processor.py:183} INFO - Processing /home/ubuntu/airflow-venv/lib/python3.12/site-packages/airflow/example_dags/example_complex.py took 0.086 seconds
[2024-08-03T08:45:20.027+0000] {processor.py:161} INFO - Started process (PID=3051) to work on /home/ubuntu/airflow-venv/lib/python3.12/site-packages/airflow/example_dags/example_complex.py
[2024-08-03T08:45:20.029+0000] {processor.py:830} INFO - Processing file /home/ubuntu/airflow-venv/lib/python3.12/site-packages/airflow/example_dags/example_complex.py for tasks to queue
[2024-08-03T08:45:20.031+0000] {logging_mixin.py:188} INFO - [2024-08-03T08:45:20.030+0000] {dagbag.py:545} INFO - Filling up the DagBag from /home/ubuntu/airflow-venv/lib/python3.12/site-packages/airflow/example_dags/example_complex.py
[2024-08-03T08:45:20.042+0000] {processor.py:840} INFO - DAG(s) 'example_complex' retrieved from /home/ubuntu/airflow-venv/lib/python3.12/site-packages/airflow/example_dags/example_complex.py
[2024-08-03T08:45:20.072+0000] {logging_mixin.py:188} INFO - [2024-08-03T08:45:20.072+0000] {dag.py:3089} INFO - Sync 1 DAGs
[2024-08-03T08:45:20.085+0000] {logging_mixin.py:188} INFO - [2024-08-03T08:45:20.085+0000] {dag.py:3947} INFO - Setting next_dagrun for example_complex to None, run_after=None
[2024-08-03T08:45:20.110+0000] {processor.py:183} INFO - Processing /home/ubuntu/airflow-venv/lib/python3.12/site-packages/airflow/example_dags/example_complex.py took 0.089 seconds
[2024-08-03T08:46:22.775+0000] {processor.py:161} INFO - Started process (PID=3147) to work on /home/ubuntu/airflow-venv/lib/python3.12/site-packages/airflow/example_dags/example_complex.py
[2024-08-03T08:46:22.777+0000] {processor.py:830} INFO - Processing file /home/ubuntu/airflow-venv/lib/python3.12/site-packages/airflow/example_dags/example_complex.py for tasks to queue
[2024-08-03T08:46:22.779+0000] {logging_mixin.py:188} INFO - [2024-08-03T08:46:22.778+0000] {dagbag.py:545} INFO - Filling up the DagBag from /home/ubuntu/airflow-venv/lib/python3.12/site-packages/airflow/example_dags/example_complex.py
[2024-08-03T08:46:22.790+0000] {processor.py:840} INFO - DAG(s) 'example_complex' retrieved from /home/ubuntu/airflow-venv/lib/python3.12/site-packages/airflow/example_dags/example_complex.py
[2024-08-03T08:46:22.819+0000] {logging_mixin.py:188} INFO - [2024-08-03T08:46:22.818+0000] {dag.py:3089} INFO - Sync 1 DAGs
[2024-08-03T08:46:22.831+0000] {logging_mixin.py:188} INFO - [2024-08-03T08:46:22.831+0000] {dag.py:3947} INFO - Setting next_dagrun for example_complex to None, run_after=None
[2024-08-03T08:46:22.855+0000] {processor.py:183} INFO - Processing /home/ubuntu/airflow-venv/lib/python3.12/site-packages/airflow/example_dags/example_complex.py took 0.086 seconds
[2024-08-03T08:47:28.084+0000] {processor.py:161} INFO - Started process (PID=3600) to work on /home/ubuntu/airflow-venv/lib/python3.12/site-packages/airflow/example_dags/example_complex.py
[2024-08-03T08:47:28.086+0000] {processor.py:830} INFO - Processing file /home/ubuntu/airflow-venv/lib/python3.12/site-packages/airflow/example_dags/example_complex.py for tasks to queue
[2024-08-03T08:47:28.087+0000] {logging_mixin.py:188} INFO - [2024-08-03T08:47:28.087+0000] {dagbag.py:545} INFO - Filling up the DagBag from /home/ubuntu/airflow-venv/lib/python3.12/site-packages/airflow/example_dags/example_complex.py
[2024-08-03T08:47:28.098+0000] {processor.py:840} INFO - DAG(s) 'example_complex' retrieved from /home/ubuntu/airflow-venv/lib/python3.12/site-packages/airflow/example_dags/example_complex.py
[2024-08-03T08:47:28.127+0000] {logging_mixin.py:188} INFO - [2024-08-03T08:47:28.127+0000] {dag.py:3089} INFO - Sync 1 DAGs
[2024-08-03T08:47:28.140+0000] {logging_mixin.py:188} INFO - [2024-08-03T08:47:28.140+0000] {dag.py:3947} INFO - Setting next_dagrun for example_complex to None, run_after=None
[2024-08-03T08:47:28.163+0000] {processor.py:183} INFO - Processing /home/ubuntu/airflow-venv/lib/python3.12/site-packages/airflow/example_dags/example_complex.py took 0.085 seconds
[2024-08-03T08:48:32.904+0000] {processor.py:161} INFO - Started process (PID=3789) to work on /home/ubuntu/airflow-venv/lib/python3.12/site-packages/airflow/example_dags/example_complex.py
[2024-08-03T08:48:32.905+0000] {processor.py:830} INFO - Processing file /home/ubuntu/airflow-venv/lib/python3.12/site-packages/airflow/example_dags/example_complex.py for tasks to queue
[2024-08-03T08:48:32.907+0000] {logging_mixin.py:188} INFO - [2024-08-03T08:48:32.907+0000] {dagbag.py:545} INFO - Filling up the DagBag from /home/ubuntu/airflow-venv/lib/python3.12/site-packages/airflow/example_dags/example_complex.py
[2024-08-03T08:48:32.918+0000] {processor.py:840} INFO - DAG(s) 'example_complex' retrieved from /home/ubuntu/airflow-venv/lib/python3.12/site-packages/airflow/example_dags/example_complex.py
[2024-08-03T08:48:32.947+0000] {logging_mixin.py:188} INFO - [2024-08-03T08:48:32.947+0000] {dag.py:3089} INFO - Sync 1 DAGs
[2024-08-03T08:48:32.960+0000] {logging_mixin.py:188} INFO - [2024-08-03T08:48:32.960+0000] {dag.py:3947} INFO - Setting next_dagrun for example_complex to None, run_after=None
[2024-08-03T08:48:32.983+0000] {processor.py:183} INFO - Processing /home/ubuntu/airflow-venv/lib/python3.12/site-packages/airflow/example_dags/example_complex.py took 0.085 seconds
[2024-08-03T08:49:38.436+0000] {processor.py:161} INFO - Started process (PID=4018) to work on /home/ubuntu/airflow-venv/lib/python3.12/site-packages/airflow/example_dags/example_complex.py
[2024-08-03T08:49:38.438+0000] {processor.py:830} INFO - Processing file /home/ubuntu/airflow-venv/lib/python3.12/site-packages/airflow/example_dags/example_complex.py for tasks to queue
[2024-08-03T08:49:38.439+0000] {logging_mixin.py:188} INFO - [2024-08-03T08:49:38.439+0000] {dagbag.py:545} INFO - Filling up the DagBag from /home/ubuntu/airflow-venv/lib/python3.12/site-packages/airflow/example_dags/example_complex.py
[2024-08-03T08:49:38.450+0000] {processor.py:840} INFO - DAG(s) 'example_complex' retrieved from /home/ubuntu/airflow-venv/lib/python3.12/site-packages/airflow/example_dags/example_complex.py
[2024-08-03T08:49:38.479+0000] {logging_mixin.py:188} INFO - [2024-08-03T08:49:38.479+0000] {dag.py:3089} INFO - Sync 1 DAGs
[2024-08-03T08:49:38.492+0000] {logging_mixin.py:188} INFO - [2024-08-03T08:49:38.492+0000] {dag.py:3947} INFO - Setting next_dagrun for example_complex to None, run_after=None
[2024-08-03T08:49:38.516+0000] {processor.py:183} INFO - Processing /home/ubuntu/airflow-venv/lib/python3.12/site-packages/airflow/example_dags/example_complex.py took 0.085 seconds
[2024-08-03T08:50:49.163+0000] {processor.py:161} INFO - Started process (PID=4524) to work on /home/ubuntu/airflow-venv/lib/python3.12/site-packages/airflow/example_dags/example_complex.py
[2024-08-03T08:50:49.164+0000] {processor.py:830} INFO - Processing file /home/ubuntu/airflow-venv/lib/python3.12/site-packages/airflow/example_dags/example_complex.py for tasks to queue
[2024-08-03T08:50:49.166+0000] {logging_mixin.py:188} INFO - [2024-08-03T08:50:49.166+0000] {dagbag.py:545} INFO - Filling up the DagBag from /home/ubuntu/airflow-venv/lib/python3.12/site-packages/airflow/example_dags/example_complex.py
[2024-08-03T08:50:49.177+0000] {processor.py:840} INFO - DAG(s) 'example_complex' retrieved from /home/ubuntu/airflow-venv/lib/python3.12/site-packages/airflow/example_dags/example_complex.py
[2024-08-03T08:50:49.207+0000] {logging_mixin.py:188} INFO - [2024-08-03T08:50:49.206+0000] {dag.py:3089} INFO - Sync 1 DAGs
[2024-08-03T08:50:49.219+0000] {logging_mixin.py:188} INFO - [2024-08-03T08:50:49.219+0000] {dag.py:3947} INFO - Setting next_dagrun for example_complex to None, run_after=None
[2024-08-03T08:50:49.243+0000] {processor.py:183} INFO - Processing /home/ubuntu/airflow-venv/lib/python3.12/site-packages/airflow/example_dags/example_complex.py took 0.088 seconds
[2024-08-03T08:51:41.529+0000] {processor.py:161} INFO - Started process (PID=4688) to work on /home/ubuntu/airflow-venv/lib/python3.12/site-packages/airflow/example_dags/example_complex.py
[2024-08-03T08:51:41.531+0000] {processor.py:830} INFO - Processing file /home/ubuntu/airflow-venv/lib/python3.12/site-packages/airflow/example_dags/example_complex.py for tasks to queue
[2024-08-03T08:51:41.533+0000] {logging_mixin.py:188} INFO - [2024-08-03T08:51:41.532+0000] {dagbag.py:545} INFO - Filling up the DagBag from /home/ubuntu/airflow-venv/lib/python3.12/site-packages/airflow/example_dags/example_complex.py
[2024-08-03T08:51:41.544+0000] {processor.py:840} INFO - DAG(s) 'example_complex' retrieved from /home/ubuntu/airflow-venv/lib/python3.12/site-packages/airflow/example_dags/example_complex.py
[2024-08-03T08:51:41.573+0000] {logging_mixin.py:188} INFO - [2024-08-03T08:51:41.573+0000] {dag.py:3089} INFO - Sync 1 DAGs
[2024-08-03T08:51:41.587+0000] {logging_mixin.py:188} INFO - [2024-08-03T08:51:41.586+0000] {dag.py:3947} INFO - Setting next_dagrun for example_complex to None, run_after=None
[2024-08-03T08:51:41.610+0000] {processor.py:183} INFO - Processing /home/ubuntu/airflow-venv/lib/python3.12/site-packages/airflow/example_dags/example_complex.py took 0.088 seconds
[2024-08-03T08:52:46.063+0000] {processor.py:161} INFO - Started process (PID=4816) to work on /home/ubuntu/airflow-venv/lib/python3.12/site-packages/airflow/example_dags/example_complex.py
[2024-08-03T08:52:46.065+0000] {processor.py:830} INFO - Processing file /home/ubuntu/airflow-venv/lib/python3.12/site-packages/airflow/example_dags/example_complex.py for tasks to queue
[2024-08-03T08:52:46.066+0000] {logging_mixin.py:188} INFO - [2024-08-03T08:52:46.066+0000] {dagbag.py:545} INFO - Filling up the DagBag from /home/ubuntu/airflow-venv/lib/python3.12/site-packages/airflow/example_dags/example_complex.py
[2024-08-03T08:52:46.077+0000] {processor.py:840} INFO - DAG(s) 'example_complex' retrieved from /home/ubuntu/airflow-venv/lib/python3.12/site-packages/airflow/example_dags/example_complex.py
[2024-08-03T08:52:46.107+0000] {logging_mixin.py:188} INFO - [2024-08-03T08:52:46.106+0000] {dag.py:3089} INFO - Sync 1 DAGs
[2024-08-03T08:52:46.120+0000] {logging_mixin.py:188} INFO - [2024-08-03T08:52:46.120+0000] {dag.py:3947} INFO - Setting next_dagrun for example_complex to None, run_after=None
[2024-08-03T08:52:46.252+0000] {processor.py:183} INFO - Processing /home/ubuntu/airflow-venv/lib/python3.12/site-packages/airflow/example_dags/example_complex.py took 0.197 seconds
[2024-08-03T08:53:51.672+0000] {processor.py:161} INFO - Started process (PID=4893) to work on /home/ubuntu/airflow-venv/lib/python3.12/site-packages/airflow/example_dags/example_complex.py
[2024-08-03T08:53:51.674+0000] {processor.py:830} INFO - Processing file /home/ubuntu/airflow-venv/lib/python3.12/site-packages/airflow/example_dags/example_complex.py for tasks to queue
[2024-08-03T08:53:51.675+0000] {logging_mixin.py:188} INFO - [2024-08-03T08:53:51.675+0000] {dagbag.py:545} INFO - Filling up the DagBag from /home/ubuntu/airflow-venv/lib/python3.12/site-packages/airflow/example_dags/example_complex.py
[2024-08-03T08:53:51.686+0000] {processor.py:840} INFO - DAG(s) 'example_complex' retrieved from /home/ubuntu/airflow-venv/lib/python3.12/site-packages/airflow/example_dags/example_complex.py
[2024-08-03T08:53:51.715+0000] {logging_mixin.py:188} INFO - [2024-08-03T08:53:51.715+0000] {dag.py:3089} INFO - Sync 1 DAGs
[2024-08-03T08:53:51.728+0000] {logging_mixin.py:188} INFO - [2024-08-03T08:53:51.727+0000] {dag.py:3947} INFO - Setting next_dagrun for example_complex to None, run_after=None
[2024-08-03T08:53:51.752+0000] {processor.py:183} INFO - Processing /home/ubuntu/airflow-venv/lib/python3.12/site-packages/airflow/example_dags/example_complex.py took 0.087 seconds
[2024-08-03T08:55:16.605+0000] {processor.py:161} INFO - Started process (PID=4991) to work on /home/ubuntu/airflow-venv/lib/python3.12/site-packages/airflow/example_dags/example_complex.py
[2024-08-03T08:55:16.606+0000] {processor.py:830} INFO - Processing file /home/ubuntu/airflow-venv/lib/python3.12/site-packages/airflow/example_dags/example_complex.py for tasks to queue
[2024-08-03T08:55:16.608+0000] {logging_mixin.py:188} INFO - [2024-08-03T08:55:16.608+0000] {dagbag.py:545} INFO - Filling up the DagBag from /home/ubuntu/airflow-venv/lib/python3.12/site-packages/airflow/example_dags/example_complex.py
[2024-08-03T08:55:16.620+0000] {processor.py:840} INFO - DAG(s) 'example_complex' retrieved from /home/ubuntu/airflow-venv/lib/python3.12/site-packages/airflow/example_dags/example_complex.py
[2024-08-03T08:55:16.649+0000] {logging_mixin.py:188} INFO - [2024-08-03T08:55:16.649+0000] {dag.py:3089} INFO - Sync 1 DAGs
[2024-08-03T08:55:16.663+0000] {logging_mixin.py:188} INFO - [2024-08-03T08:55:16.663+0000] {dag.py:3947} INFO - Setting next_dagrun for example_complex to None, run_after=None
[2024-08-03T08:55:16.804+0000] {processor.py:183} INFO - Processing /home/ubuntu/airflow-venv/lib/python3.12/site-packages/airflow/example_dags/example_complex.py took 0.206 seconds
[2024-08-03T08:56:22.610+0000] {processor.py:161} INFO - Started process (PID=5060) to work on /home/ubuntu/airflow-venv/lib/python3.12/site-packages/airflow/example_dags/example_complex.py
[2024-08-03T08:56:22.612+0000] {processor.py:830} INFO - Processing file /home/ubuntu/airflow-venv/lib/python3.12/site-packages/airflow/example_dags/example_complex.py for tasks to queue
[2024-08-03T08:56:22.614+0000] {logging_mixin.py:188} INFO - [2024-08-03T08:56:22.613+0000] {dagbag.py:545} INFO - Filling up the DagBag from /home/ubuntu/airflow-venv/lib/python3.12/site-packages/airflow/example_dags/example_complex.py
[2024-08-03T08:56:22.625+0000] {processor.py:840} INFO - DAG(s) 'example_complex' retrieved from /home/ubuntu/airflow-venv/lib/python3.12/site-packages/airflow/example_dags/example_complex.py
[2024-08-03T08:56:22.654+0000] {logging_mixin.py:188} INFO - [2024-08-03T08:56:22.654+0000] {dag.py:3089} INFO - Sync 1 DAGs
[2024-08-03T08:56:22.667+0000] {logging_mixin.py:188} INFO - [2024-08-03T08:56:22.667+0000] {dag.py:3947} INFO - Setting next_dagrun for example_complex to None, run_after=None
[2024-08-03T08:56:22.691+0000] {processor.py:183} INFO - Processing /home/ubuntu/airflow-venv/lib/python3.12/site-packages/airflow/example_dags/example_complex.py took 0.088 seconds
[2024-08-03T08:57:18.772+0000] {processor.py:161} INFO - Started process (PID=5191) to work on /home/ubuntu/airflow-venv/lib/python3.12/site-packages/airflow/example_dags/example_complex.py
[2024-08-03T08:57:18.774+0000] {processor.py:830} INFO - Processing file /home/ubuntu/airflow-venv/lib/python3.12/site-packages/airflow/example_dags/example_complex.py for tasks to queue
[2024-08-03T08:57:18.776+0000] {logging_mixin.py:188} INFO - [2024-08-03T08:57:18.775+0000] {dagbag.py:545} INFO - Filling up the DagBag from /home/ubuntu/airflow-venv/lib/python3.12/site-packages/airflow/example_dags/example_complex.py
[2024-08-03T08:57:18.787+0000] {processor.py:840} INFO - DAG(s) 'example_complex' retrieved from /home/ubuntu/airflow-venv/lib/python3.12/site-packages/airflow/example_dags/example_complex.py
[2024-08-03T08:57:18.817+0000] {logging_mixin.py:188} INFO - [2024-08-03T08:57:18.817+0000] {dag.py:3089} INFO - Sync 1 DAGs
[2024-08-03T08:57:18.830+0000] {logging_mixin.py:188} INFO - [2024-08-03T08:57:18.830+0000] {dag.py:3947} INFO - Setting next_dagrun for example_complex to None, run_after=None
[2024-08-03T08:57:18.854+0000] {processor.py:183} INFO - Processing /home/ubuntu/airflow-venv/lib/python3.12/site-packages/airflow/example_dags/example_complex.py took 0.089 seconds
[2024-08-03T08:58:34.942+0000] {processor.py:161} INFO - Started process (PID=5393) to work on /home/ubuntu/airflow-venv/lib/python3.12/site-packages/airflow/example_dags/example_complex.py
[2024-08-03T08:58:34.943+0000] {processor.py:830} INFO - Processing file /home/ubuntu/airflow-venv/lib/python3.12/site-packages/airflow/example_dags/example_complex.py for tasks to queue
[2024-08-03T08:58:34.945+0000] {logging_mixin.py:188} INFO - [2024-08-03T08:58:34.945+0000] {dagbag.py:545} INFO - Filling up the DagBag from /home/ubuntu/airflow-venv/lib/python3.12/site-packages/airflow/example_dags/example_complex.py
[2024-08-03T08:58:34.956+0000] {processor.py:840} INFO - DAG(s) 'example_complex' retrieved from /home/ubuntu/airflow-venv/lib/python3.12/site-packages/airflow/example_dags/example_complex.py
[2024-08-03T08:58:34.987+0000] {logging_mixin.py:188} INFO - [2024-08-03T08:58:34.987+0000] {dag.py:3089} INFO - Sync 1 DAGs
[2024-08-03T08:58:35.000+0000] {logging_mixin.py:188} INFO - [2024-08-03T08:58:35.000+0000] {dag.py:3947} INFO - Setting next_dagrun for example_complex to None, run_after=None
[2024-08-03T08:58:35.027+0000] {processor.py:183} INFO - Processing /home/ubuntu/airflow-venv/lib/python3.12/site-packages/airflow/example_dags/example_complex.py took 0.093 seconds
[2024-08-03T08:59:47.028+0000] {processor.py:161} INFO - Started process (PID=5553) to work on /home/ubuntu/airflow-venv/lib/python3.12/site-packages/airflow/example_dags/example_complex.py
[2024-08-03T08:59:47.029+0000] {processor.py:830} INFO - Processing file /home/ubuntu/airflow-venv/lib/python3.12/site-packages/airflow/example_dags/example_complex.py for tasks to queue
[2024-08-03T08:59:47.031+0000] {logging_mixin.py:188} INFO - [2024-08-03T08:59:47.031+0000] {dagbag.py:545} INFO - Filling up the DagBag from /home/ubuntu/airflow-venv/lib/python3.12/site-packages/airflow/example_dags/example_complex.py
[2024-08-03T08:59:47.043+0000] {processor.py:840} INFO - DAG(s) 'example_complex' retrieved from /home/ubuntu/airflow-venv/lib/python3.12/site-packages/airflow/example_dags/example_complex.py
[2024-08-03T08:59:47.073+0000] {logging_mixin.py:188} INFO - [2024-08-03T08:59:47.072+0000] {dag.py:3089} INFO - Sync 1 DAGs
[2024-08-03T08:59:47.086+0000] {logging_mixin.py:188} INFO - [2024-08-03T08:59:47.086+0000] {dag.py:3947} INFO - Setting next_dagrun for example_complex to None, run_after=None
[2024-08-03T08:59:47.111+0000] {processor.py:183} INFO - Processing /home/ubuntu/airflow-venv/lib/python3.12/site-packages/airflow/example_dags/example_complex.py took 0.092 seconds
[2024-08-03T09:00:53.086+0000] {processor.py:161} INFO - Started process (PID=5857) to work on /home/ubuntu/airflow-venv/lib/python3.12/site-packages/airflow/example_dags/example_complex.py
[2024-08-03T09:00:53.087+0000] {processor.py:830} INFO - Processing file /home/ubuntu/airflow-venv/lib/python3.12/site-packages/airflow/example_dags/example_complex.py for tasks to queue
[2024-08-03T09:00:53.089+0000] {logging_mixin.py:188} INFO - [2024-08-03T09:00:53.089+0000] {dagbag.py:545} INFO - Filling up the DagBag from /home/ubuntu/airflow-venv/lib/python3.12/site-packages/airflow/example_dags/example_complex.py
[2024-08-03T09:00:53.100+0000] {processor.py:840} INFO - DAG(s) 'example_complex' retrieved from /home/ubuntu/airflow-venv/lib/python3.12/site-packages/airflow/example_dags/example_complex.py
[2024-08-03T09:00:53.130+0000] {logging_mixin.py:188} INFO - [2024-08-03T09:00:53.130+0000] {dag.py:3089} INFO - Sync 1 DAGs
[2024-08-03T09:00:53.143+0000] {logging_mixin.py:188} INFO - [2024-08-03T09:00:53.142+0000] {dag.py:3947} INFO - Setting next_dagrun for example_complex to None, run_after=None
[2024-08-03T09:00:53.167+0000] {processor.py:183} INFO - Processing /home/ubuntu/airflow-venv/lib/python3.12/site-packages/airflow/example_dags/example_complex.py took 0.090 seconds
[2024-08-03T09:01:55.303+0000] {processor.py:161} INFO - Started process (PID=6074) to work on /home/ubuntu/airflow-venv/lib/python3.12/site-packages/airflow/example_dags/example_complex.py
[2024-08-03T09:01:55.305+0000] {processor.py:830} INFO - Processing file /home/ubuntu/airflow-venv/lib/python3.12/site-packages/airflow/example_dags/example_complex.py for tasks to queue
[2024-08-03T09:01:55.307+0000] {logging_mixin.py:188} INFO - [2024-08-03T09:01:55.306+0000] {dagbag.py:545} INFO - Filling up the DagBag from /home/ubuntu/airflow-venv/lib/python3.12/site-packages/airflow/example_dags/example_complex.py
[2024-08-03T09:01:55.318+0000] {processor.py:840} INFO - DAG(s) 'example_complex' retrieved from /home/ubuntu/airflow-venv/lib/python3.12/site-packages/airflow/example_dags/example_complex.py
[2024-08-03T09:01:55.347+0000] {logging_mixin.py:188} INFO - [2024-08-03T09:01:55.347+0000] {dag.py:3089} INFO - Sync 1 DAGs
[2024-08-03T09:01:55.360+0000] {logging_mixin.py:188} INFO - [2024-08-03T09:01:55.360+0000] {dag.py:3947} INFO - Setting next_dagrun for example_complex to None, run_after=None
[2024-08-03T09:01:55.384+0000] {processor.py:183} INFO - Processing /home/ubuntu/airflow-venv/lib/python3.12/site-packages/airflow/example_dags/example_complex.py took 0.088 seconds
[2024-08-03T09:02:59.168+0000] {processor.py:161} INFO - Started process (PID=6277) to work on /home/ubuntu/airflow-venv/lib/python3.12/site-packages/airflow/example_dags/example_complex.py
[2024-08-03T09:02:59.170+0000] {processor.py:830} INFO - Processing file /home/ubuntu/airflow-venv/lib/python3.12/site-packages/airflow/example_dags/example_complex.py for tasks to queue
[2024-08-03T09:02:59.172+0000] {logging_mixin.py:188} INFO - [2024-08-03T09:02:59.171+0000] {dagbag.py:545} INFO - Filling up the DagBag from /home/ubuntu/airflow-venv/lib/python3.12/site-packages/airflow/example_dags/example_complex.py
[2024-08-03T09:02:59.183+0000] {processor.py:840} INFO - DAG(s) 'example_complex' retrieved from /home/ubuntu/airflow-venv/lib/python3.12/site-packages/airflow/example_dags/example_complex.py
[2024-08-03T09:02:59.212+0000] {logging_mixin.py:188} INFO - [2024-08-03T09:02:59.212+0000] {dag.py:3089} INFO - Sync 1 DAGs
[2024-08-03T09:02:59.224+0000] {logging_mixin.py:188} INFO - [2024-08-03T09:02:59.224+0000] {dag.py:3947} INFO - Setting next_dagrun for example_complex to None, run_after=None
[2024-08-03T09:02:59.248+0000] {processor.py:183} INFO - Processing /home/ubuntu/airflow-venv/lib/python3.12/site-packages/airflow/example_dags/example_complex.py took 0.087 seconds
[2024-08-03T09:03:59.901+0000] {processor.py:161} INFO - Started process (PID=6478) to work on /home/ubuntu/airflow-venv/lib/python3.12/site-packages/airflow/example_dags/example_complex.py
[2024-08-03T09:03:59.902+0000] {processor.py:830} INFO - Processing file /home/ubuntu/airflow-venv/lib/python3.12/site-packages/airflow/example_dags/example_complex.py for tasks to queue
[2024-08-03T09:03:59.904+0000] {logging_mixin.py:188} INFO - [2024-08-03T09:03:59.904+0000] {dagbag.py:545} INFO - Filling up the DagBag from /home/ubuntu/airflow-venv/lib/python3.12/site-packages/airflow/example_dags/example_complex.py
[2024-08-03T09:03:59.916+0000] {processor.py:840} INFO - DAG(s) 'example_complex' retrieved from /home/ubuntu/airflow-venv/lib/python3.12/site-packages/airflow/example_dags/example_complex.py
[2024-08-03T09:03:59.946+0000] {logging_mixin.py:188} INFO - [2024-08-03T09:03:59.946+0000] {dag.py:3089} INFO - Sync 1 DAGs
[2024-08-03T09:03:59.959+0000] {logging_mixin.py:188} INFO - [2024-08-03T09:03:59.959+0000] {dag.py:3947} INFO - Setting next_dagrun for example_complex to None, run_after=None
[2024-08-03T09:03:59.984+0000] {processor.py:183} INFO - Processing /home/ubuntu/airflow-venv/lib/python3.12/site-packages/airflow/example_dags/example_complex.py took 0.091 seconds
[2024-08-03T09:05:04.283+0000] {processor.py:161} INFO - Started process (PID=6564) to work on /home/ubuntu/airflow-venv/lib/python3.12/site-packages/airflow/example_dags/example_complex.py
[2024-08-03T09:05:04.285+0000] {processor.py:830} INFO - Processing file /home/ubuntu/airflow-venv/lib/python3.12/site-packages/airflow/example_dags/example_complex.py for tasks to queue
[2024-08-03T09:05:04.287+0000] {logging_mixin.py:188} INFO - [2024-08-03T09:05:04.286+0000] {dagbag.py:545} INFO - Filling up the DagBag from /home/ubuntu/airflow-venv/lib/python3.12/site-packages/airflow/example_dags/example_complex.py
[2024-08-03T09:05:04.298+0000] {processor.py:840} INFO - DAG(s) 'example_complex' retrieved from /home/ubuntu/airflow-venv/lib/python3.12/site-packages/airflow/example_dags/example_complex.py
[2024-08-03T09:05:04.328+0000] {logging_mixin.py:188} INFO - [2024-08-03T09:05:04.327+0000] {dag.py:3089} INFO - Sync 1 DAGs
[2024-08-03T09:05:04.341+0000] {logging_mixin.py:188} INFO - [2024-08-03T09:05:04.341+0000] {dag.py:3947} INFO - Setting next_dagrun for example_complex to None, run_after=None
[2024-08-03T09:05:04.366+0000] {processor.py:183} INFO - Processing /home/ubuntu/airflow-venv/lib/python3.12/site-packages/airflow/example_dags/example_complex.py took 0.092 seconds
[2024-08-03T09:06:09.951+0000] {processor.py:161} INFO - Started process (PID=6776) to work on /home/ubuntu/airflow-venv/lib/python3.12/site-packages/airflow/example_dags/example_complex.py
[2024-08-03T09:06:09.952+0000] {processor.py:830} INFO - Processing file /home/ubuntu/airflow-venv/lib/python3.12/site-packages/airflow/example_dags/example_complex.py for tasks to queue
[2024-08-03T09:06:09.954+0000] {logging_mixin.py:188} INFO - [2024-08-03T09:06:09.954+0000] {dagbag.py:545} INFO - Filling up the DagBag from /home/ubuntu/airflow-venv/lib/python3.12/site-packages/airflow/example_dags/example_complex.py
[2024-08-03T09:06:09.965+0000] {processor.py:840} INFO - DAG(s) 'example_complex' retrieved from /home/ubuntu/airflow-venv/lib/python3.12/site-packages/airflow/example_dags/example_complex.py
[2024-08-03T09:06:09.995+0000] {logging_mixin.py:188} INFO - [2024-08-03T09:06:09.995+0000] {dag.py:3089} INFO - Sync 1 DAGs
[2024-08-03T09:06:10.009+0000] {logging_mixin.py:188} INFO - [2024-08-03T09:06:10.009+0000] {dag.py:3947} INFO - Setting next_dagrun for example_complex to None, run_after=None
[2024-08-03T09:06:10.034+0000] {processor.py:183} INFO - Processing /home/ubuntu/airflow-venv/lib/python3.12/site-packages/airflow/example_dags/example_complex.py took 0.091 seconds
[2024-08-03T09:07:16.204+0000] {processor.py:161} INFO - Started process (PID=7029) to work on /home/ubuntu/airflow-venv/lib/python3.12/site-packages/airflow/example_dags/example_complex.py
[2024-08-03T09:07:16.205+0000] {processor.py:830} INFO - Processing file /home/ubuntu/airflow-venv/lib/python3.12/site-packages/airflow/example_dags/example_complex.py for tasks to queue
[2024-08-03T09:07:16.207+0000] {logging_mixin.py:188} INFO - [2024-08-03T09:07:16.206+0000] {dagbag.py:545} INFO - Filling up the DagBag from /home/ubuntu/airflow-venv/lib/python3.12/site-packages/airflow/example_dags/example_complex.py
[2024-08-03T09:07:16.218+0000] {processor.py:840} INFO - DAG(s) 'example_complex' retrieved from /home/ubuntu/airflow-venv/lib/python3.12/site-packages/airflow/example_dags/example_complex.py
[2024-08-03T09:07:16.248+0000] {logging_mixin.py:188} INFO - [2024-08-03T09:07:16.247+0000] {dag.py:3089} INFO - Sync 1 DAGs
[2024-08-03T09:07:16.260+0000] {logging_mixin.py:188} INFO - [2024-08-03T09:07:16.260+0000] {dag.py:3947} INFO - Setting next_dagrun for example_complex to None, run_after=None
[2024-08-03T09:07:16.285+0000] {processor.py:183} INFO - Processing /home/ubuntu/airflow-venv/lib/python3.12/site-packages/airflow/example_dags/example_complex.py took 0.089 seconds
[2024-08-03T09:08:22.377+0000] {processor.py:161} INFO - Started process (PID=7273) to work on /home/ubuntu/airflow-venv/lib/python3.12/site-packages/airflow/example_dags/example_complex.py
[2024-08-03T09:08:22.378+0000] {processor.py:830} INFO - Processing file /home/ubuntu/airflow-venv/lib/python3.12/site-packages/airflow/example_dags/example_complex.py for tasks to queue
[2024-08-03T09:08:22.380+0000] {logging_mixin.py:188} INFO - [2024-08-03T09:08:22.379+0000] {dagbag.py:545} INFO - Filling up the DagBag from /home/ubuntu/airflow-venv/lib/python3.12/site-packages/airflow/example_dags/example_complex.py
[2024-08-03T09:08:22.391+0000] {processor.py:840} INFO - DAG(s) 'example_complex' retrieved from /home/ubuntu/airflow-venv/lib/python3.12/site-packages/airflow/example_dags/example_complex.py
[2024-08-03T09:08:22.420+0000] {logging_mixin.py:188} INFO - [2024-08-03T09:08:22.420+0000] {dag.py:3089} INFO - Sync 1 DAGs
[2024-08-03T09:08:22.432+0000] {logging_mixin.py:188} INFO - [2024-08-03T09:08:22.432+0000] {dag.py:3947} INFO - Setting next_dagrun for example_complex to None, run_after=None
[2024-08-03T09:08:22.457+0000] {processor.py:183} INFO - Processing /home/ubuntu/airflow-venv/lib/python3.12/site-packages/airflow/example_dags/example_complex.py took 0.088 seconds
[2024-08-03T09:09:25.482+0000] {processor.py:161} INFO - Started process (PID=7633) to work on /home/ubuntu/airflow-venv/lib/python3.12/site-packages/airflow/example_dags/example_complex.py
[2024-08-03T09:09:25.484+0000] {processor.py:830} INFO - Processing file /home/ubuntu/airflow-venv/lib/python3.12/site-packages/airflow/example_dags/example_complex.py for tasks to queue
[2024-08-03T09:09:25.486+0000] {logging_mixin.py:188} INFO - [2024-08-03T09:09:25.485+0000] {dagbag.py:545} INFO - Filling up the DagBag from /home/ubuntu/airflow-venv/lib/python3.12/site-packages/airflow/example_dags/example_complex.py
[2024-08-03T09:09:25.497+0000] {processor.py:840} INFO - DAG(s) 'example_complex' retrieved from /home/ubuntu/airflow-venv/lib/python3.12/site-packages/airflow/example_dags/example_complex.py
[2024-08-03T09:09:25.526+0000] {logging_mixin.py:188} INFO - [2024-08-03T09:09:25.526+0000] {dag.py:3089} INFO - Sync 1 DAGs
[2024-08-03T09:09:25.539+0000] {logging_mixin.py:188} INFO - [2024-08-03T09:09:25.538+0000] {dag.py:3947} INFO - Setting next_dagrun for example_complex to None, run_after=None
[2024-08-03T09:09:25.563+0000] {processor.py:183} INFO - Processing /home/ubuntu/airflow-venv/lib/python3.12/site-packages/airflow/example_dags/example_complex.py took 0.088 seconds
[2024-08-03T09:10:29.886+0000] {processor.py:161} INFO - Started process (PID=7873) to work on /home/ubuntu/airflow-venv/lib/python3.12/site-packages/airflow/example_dags/example_complex.py
[2024-08-03T09:10:29.888+0000] {processor.py:830} INFO - Processing file /home/ubuntu/airflow-venv/lib/python3.12/site-packages/airflow/example_dags/example_complex.py for tasks to queue
[2024-08-03T09:10:29.890+0000] {logging_mixin.py:188} INFO - [2024-08-03T09:10:29.889+0000] {dagbag.py:545} INFO - Filling up the DagBag from /home/ubuntu/airflow-venv/lib/python3.12/site-packages/airflow/example_dags/example_complex.py
[2024-08-03T09:10:29.901+0000] {processor.py:840} INFO - DAG(s) 'example_complex' retrieved from /home/ubuntu/airflow-venv/lib/python3.12/site-packages/airflow/example_dags/example_complex.py
[2024-08-03T09:10:29.930+0000] {logging_mixin.py:188} INFO - [2024-08-03T09:10:29.930+0000] {dag.py:3089} INFO - Sync 1 DAGs
[2024-08-03T09:10:29.943+0000] {logging_mixin.py:188} INFO - [2024-08-03T09:10:29.943+0000] {dag.py:3947} INFO - Setting next_dagrun for example_complex to None, run_after=None
[2024-08-03T09:10:29.966+0000] {processor.py:183} INFO - Processing /home/ubuntu/airflow-venv/lib/python3.12/site-packages/airflow/example_dags/example_complex.py took 0.088 seconds
[2024-08-03T09:11:31.158+0000] {processor.py:161} INFO - Started process (PID=8009) to work on /home/ubuntu/airflow-venv/lib/python3.12/site-packages/airflow/example_dags/example_complex.py
[2024-08-03T09:11:31.160+0000] {processor.py:830} INFO - Processing file /home/ubuntu/airflow-venv/lib/python3.12/site-packages/airflow/example_dags/example_complex.py for tasks to queue
[2024-08-03T09:11:31.162+0000] {logging_mixin.py:188} INFO - [2024-08-03T09:11:31.161+0000] {dagbag.py:545} INFO - Filling up the DagBag from /home/ubuntu/airflow-venv/lib/python3.12/site-packages/airflow/example_dags/example_complex.py
[2024-08-03T09:11:31.173+0000] {processor.py:840} INFO - DAG(s) 'example_complex' retrieved from /home/ubuntu/airflow-venv/lib/python3.12/site-packages/airflow/example_dags/example_complex.py
[2024-08-03T09:11:31.203+0000] {logging_mixin.py:188} INFO - [2024-08-03T09:11:31.203+0000] {dag.py:3089} INFO - Sync 1 DAGs
[2024-08-03T09:11:31.216+0000] {logging_mixin.py:188} INFO - [2024-08-03T09:11:31.216+0000] {dag.py:3947} INFO - Setting next_dagrun for example_complex to None, run_after=None
[2024-08-03T09:11:31.241+0000] {processor.py:183} INFO - Processing /home/ubuntu/airflow-venv/lib/python3.12/site-packages/airflow/example_dags/example_complex.py took 0.091 seconds
[2024-08-03T09:12:31.063+0000] {processor.py:161} INFO - Started process (PID=8224) to work on /home/ubuntu/airflow-venv/lib/python3.12/site-packages/airflow/example_dags/example_complex.py
[2024-08-03T09:12:31.064+0000] {processor.py:830} INFO - Processing file /home/ubuntu/airflow-venv/lib/python3.12/site-packages/airflow/example_dags/example_complex.py for tasks to queue
[2024-08-03T09:12:31.066+0000] {logging_mixin.py:188} INFO - [2024-08-03T09:12:31.066+0000] {dagbag.py:545} INFO - Filling up the DagBag from /home/ubuntu/airflow-venv/lib/python3.12/site-packages/airflow/example_dags/example_complex.py
[2024-08-03T09:12:31.077+0000] {processor.py:840} INFO - DAG(s) 'example_complex' retrieved from /home/ubuntu/airflow-venv/lib/python3.12/site-packages/airflow/example_dags/example_complex.py
[2024-08-03T09:12:31.108+0000] {logging_mixin.py:188} INFO - [2024-08-03T09:12:31.108+0000] {dag.py:3089} INFO - Sync 1 DAGs
[2024-08-03T09:12:31.121+0000] {logging_mixin.py:188} INFO - [2024-08-03T09:12:31.120+0000] {dag.py:3947} INFO - Setting next_dagrun for example_complex to None, run_after=None
[2024-08-03T09:12:31.145+0000] {processor.py:183} INFO - Processing /home/ubuntu/airflow-venv/lib/python3.12/site-packages/airflow/example_dags/example_complex.py took 0.090 seconds
