[2024-08-03T08:30:52.858+0000] {processor.py:161} INFO - Started process (PID=1830) to work on /home/ubuntu/airflow-venv/lib/python3.12/site-packages/airflow/example_dags/example_dag_decorator.py
[2024-08-03T08:30:52.858+0000] {processor.py:830} INFO - Processing file /home/ubuntu/airflow-venv/lib/python3.12/site-packages/airflow/example_dags/example_dag_decorator.py for tasks to queue
[2024-08-03T08:30:52.860+0000] {logging_mixin.py:188} INFO - [2024-08-03T08:30:52.860+0000] {dagbag.py:545} INFO - Filling up the DagBag from /home/ubuntu/airflow-venv/lib/python3.12/site-packages/airflow/example_dags/example_dag_decorator.py
[2024-08-03T08:30:52.956+0000] {processor.py:840} INFO - DAG(s) 'example_dag_decorator' retrieved from /home/ubuntu/airflow-venv/lib/python3.12/site-packages/airflow/example_dags/example_dag_decorator.py
[2024-08-03T08:30:53.066+0000] {logging_mixin.py:188} INFO - [2024-08-03T08:30:53.066+0000] {dag.py:3089} INFO - Sync 1 DAGs
[2024-08-03T08:30:53.076+0000] {logging_mixin.py:188} INFO - [2024-08-03T08:30:53.075+0000] {dag.py:3947} INFO - Setting next_dagrun for example_dag_decorator to None, run_after=None
[2024-08-03T08:30:53.099+0000] {processor.py:183} INFO - Processing /home/ubuntu/airflow-venv/lib/python3.12/site-packages/airflow/example_dags/example_dag_decorator.py took 0.247 seconds
[2024-08-03T08:31:47.225+0000] {processor.py:161} INFO - Started process (PID=1891) to work on /home/ubuntu/airflow-venv/lib/python3.12/site-packages/airflow/example_dags/example_dag_decorator.py
[2024-08-03T08:31:47.227+0000] {processor.py:830} INFO - Processing file /home/ubuntu/airflow-venv/lib/python3.12/site-packages/airflow/example_dags/example_dag_decorator.py for tasks to queue
[2024-08-03T08:31:47.229+0000] {logging_mixin.py:188} INFO - [2024-08-03T08:31:47.228+0000] {dagbag.py:545} INFO - Filling up the DagBag from /home/ubuntu/airflow-venv/lib/python3.12/site-packages/airflow/example_dags/example_dag_decorator.py
[2024-08-03T08:31:47.326+0000] {processor.py:840} INFO - DAG(s) 'example_dag_decorator' retrieved from /home/ubuntu/airflow-venv/lib/python3.12/site-packages/airflow/example_dags/example_dag_decorator.py
[2024-08-03T08:31:47.433+0000] {logging_mixin.py:188} INFO - [2024-08-03T08:31:47.433+0000] {dag.py:3089} INFO - Sync 1 DAGs
[2024-08-03T08:31:47.444+0000] {logging_mixin.py:188} INFO - [2024-08-03T08:31:47.444+0000] {dag.py:3947} INFO - Setting next_dagrun for example_dag_decorator to None, run_after=None
[2024-08-03T08:31:47.468+0000] {processor.py:183} INFO - Processing /home/ubuntu/airflow-venv/lib/python3.12/site-packages/airflow/example_dags/example_dag_decorator.py took 0.249 seconds
[2024-08-03T08:33:21.218+0000] {processor.py:161} INFO - Started process (PID=1996) to work on /home/ubuntu/airflow-venv/lib/python3.12/site-packages/airflow/example_dags/example_dag_decorator.py
[2024-08-03T08:33:21.220+0000] {processor.py:830} INFO - Processing file /home/ubuntu/airflow-venv/lib/python3.12/site-packages/airflow/example_dags/example_dag_decorator.py for tasks to queue
[2024-08-03T08:33:21.221+0000] {logging_mixin.py:188} INFO - [2024-08-03T08:33:21.221+0000] {dagbag.py:545} INFO - Filling up the DagBag from /home/ubuntu/airflow-venv/lib/python3.12/site-packages/airflow/example_dags/example_dag_decorator.py
[2024-08-03T08:33:21.319+0000] {processor.py:840} INFO - DAG(s) 'example_dag_decorator' retrieved from /home/ubuntu/airflow-venv/lib/python3.12/site-packages/airflow/example_dags/example_dag_decorator.py
[2024-08-03T08:33:21.429+0000] {logging_mixin.py:188} INFO - [2024-08-03T08:33:21.429+0000] {dag.py:3089} INFO - Sync 1 DAGs
[2024-08-03T08:33:21.439+0000] {logging_mixin.py:188} INFO - [2024-08-03T08:33:21.439+0000] {dag.py:3947} INFO - Setting next_dagrun for example_dag_decorator to None, run_after=None
[2024-08-03T08:33:21.463+0000] {processor.py:183} INFO - Processing /home/ubuntu/airflow-venv/lib/python3.12/site-packages/airflow/example_dags/example_dag_decorator.py took 0.251 seconds
[2024-08-03T08:34:16.032+0000] {processor.py:161} INFO - Started process (PID=2052) to work on /home/ubuntu/airflow-venv/lib/python3.12/site-packages/airflow/example_dags/example_dag_decorator.py
[2024-08-03T08:34:16.034+0000] {processor.py:830} INFO - Processing file /home/ubuntu/airflow-venv/lib/python3.12/site-packages/airflow/example_dags/example_dag_decorator.py for tasks to queue
[2024-08-03T08:34:16.036+0000] {logging_mixin.py:188} INFO - [2024-08-03T08:34:16.035+0000] {dagbag.py:545} INFO - Filling up the DagBag from /home/ubuntu/airflow-venv/lib/python3.12/site-packages/airflow/example_dags/example_dag_decorator.py
[2024-08-03T08:34:16.132+0000] {processor.py:840} INFO - DAG(s) 'example_dag_decorator' retrieved from /home/ubuntu/airflow-venv/lib/python3.12/site-packages/airflow/example_dags/example_dag_decorator.py
[2024-08-03T08:34:16.237+0000] {logging_mixin.py:188} INFO - [2024-08-03T08:34:16.237+0000] {dag.py:3089} INFO - Sync 1 DAGs
[2024-08-03T08:34:16.248+0000] {logging_mixin.py:188} INFO - [2024-08-03T08:34:16.248+0000] {dag.py:3947} INFO - Setting next_dagrun for example_dag_decorator to None, run_after=None
[2024-08-03T08:34:16.271+0000] {processor.py:183} INFO - Processing /home/ubuntu/airflow-venv/lib/python3.12/site-packages/airflow/example_dags/example_dag_decorator.py took 0.245 seconds
[2024-08-03T08:35:31.415+0000] {processor.py:161} INFO - Started process (PID=2142) to work on /home/ubuntu/airflow-venv/lib/python3.12/site-packages/airflow/example_dags/example_dag_decorator.py
[2024-08-03T08:35:31.416+0000] {processor.py:830} INFO - Processing file /home/ubuntu/airflow-venv/lib/python3.12/site-packages/airflow/example_dags/example_dag_decorator.py for tasks to queue
[2024-08-03T08:35:31.418+0000] {logging_mixin.py:188} INFO - [2024-08-03T08:35:31.418+0000] {dagbag.py:545} INFO - Filling up the DagBag from /home/ubuntu/airflow-venv/lib/python3.12/site-packages/airflow/example_dags/example_dag_decorator.py
[2024-08-03T08:35:31.513+0000] {processor.py:840} INFO - DAG(s) 'example_dag_decorator' retrieved from /home/ubuntu/airflow-venv/lib/python3.12/site-packages/airflow/example_dags/example_dag_decorator.py
[2024-08-03T08:35:31.618+0000] {logging_mixin.py:188} INFO - [2024-08-03T08:35:31.618+0000] {dag.py:3089} INFO - Sync 1 DAGs
[2024-08-03T08:35:31.628+0000] {logging_mixin.py:188} INFO - [2024-08-03T08:35:31.628+0000] {dag.py:3947} INFO - Setting next_dagrun for example_dag_decorator to None, run_after=None
[2024-08-03T08:35:31.654+0000] {processor.py:183} INFO - Processing /home/ubuntu/airflow-venv/lib/python3.12/site-packages/airflow/example_dags/example_dag_decorator.py took 0.245 seconds
[2024-08-03T08:36:24.428+0000] {processor.py:161} INFO - Started process (PID=2198) to work on /home/ubuntu/airflow-venv/lib/python3.12/site-packages/airflow/example_dags/example_dag_decorator.py
[2024-08-03T08:36:24.430+0000] {processor.py:830} INFO - Processing file /home/ubuntu/airflow-venv/lib/python3.12/site-packages/airflow/example_dags/example_dag_decorator.py for tasks to queue
[2024-08-03T08:36:24.432+0000] {logging_mixin.py:188} INFO - [2024-08-03T08:36:24.431+0000] {dagbag.py:545} INFO - Filling up the DagBag from /home/ubuntu/airflow-venv/lib/python3.12/site-packages/airflow/example_dags/example_dag_decorator.py
[2024-08-03T08:36:24.526+0000] {processor.py:840} INFO - DAG(s) 'example_dag_decorator' retrieved from /home/ubuntu/airflow-venv/lib/python3.12/site-packages/airflow/example_dags/example_dag_decorator.py
[2024-08-03T08:36:24.630+0000] {logging_mixin.py:188} INFO - [2024-08-03T08:36:24.630+0000] {dag.py:3089} INFO - Sync 1 DAGs
[2024-08-03T08:36:24.640+0000] {logging_mixin.py:188} INFO - [2024-08-03T08:36:24.639+0000] {dag.py:3947} INFO - Setting next_dagrun for example_dag_decorator to None, run_after=None
[2024-08-03T08:36:24.662+0000] {processor.py:183} INFO - Processing /home/ubuntu/airflow-venv/lib/python3.12/site-packages/airflow/example_dags/example_dag_decorator.py took 0.240 seconds
[2024-08-03T08:37:39.564+0000] {processor.py:161} INFO - Started process (PID=2296) to work on /home/ubuntu/airflow-venv/lib/python3.12/site-packages/airflow/example_dags/example_dag_decorator.py
[2024-08-03T08:37:39.567+0000] {processor.py:830} INFO - Processing file /home/ubuntu/airflow-venv/lib/python3.12/site-packages/airflow/example_dags/example_dag_decorator.py for tasks to queue
[2024-08-03T08:37:39.569+0000] {logging_mixin.py:188} INFO - [2024-08-03T08:37:39.569+0000] {dagbag.py:545} INFO - Filling up the DagBag from /home/ubuntu/airflow-venv/lib/python3.12/site-packages/airflow/example_dags/example_dag_decorator.py
[2024-08-03T08:37:39.681+0000] {processor.py:840} INFO - DAG(s) 'example_dag_decorator' retrieved from /home/ubuntu/airflow-venv/lib/python3.12/site-packages/airflow/example_dags/example_dag_decorator.py
[2024-08-03T08:37:39.798+0000] {logging_mixin.py:188} INFO - [2024-08-03T08:37:39.798+0000] {dag.py:3089} INFO - Sync 1 DAGs
[2024-08-03T08:37:39.808+0000] {logging_mixin.py:188} INFO - [2024-08-03T08:37:39.808+0000] {dag.py:3947} INFO - Setting next_dagrun for example_dag_decorator to None, run_after=None
[2024-08-03T08:37:39.838+0000] {processor.py:183} INFO - Processing /home/ubuntu/airflow-venv/lib/python3.12/site-packages/airflow/example_dags/example_dag_decorator.py took 0.282 seconds
[2024-08-03T08:38:35.855+0000] {processor.py:161} INFO - Started process (PID=2370) to work on /home/ubuntu/airflow-venv/lib/python3.12/site-packages/airflow/example_dags/example_dag_decorator.py
[2024-08-03T08:38:35.857+0000] {processor.py:830} INFO - Processing file /home/ubuntu/airflow-venv/lib/python3.12/site-packages/airflow/example_dags/example_dag_decorator.py for tasks to queue
[2024-08-03T08:38:35.859+0000] {logging_mixin.py:188} INFO - [2024-08-03T08:38:35.858+0000] {dagbag.py:545} INFO - Filling up the DagBag from /home/ubuntu/airflow-venv/lib/python3.12/site-packages/airflow/example_dags/example_dag_decorator.py
[2024-08-03T08:38:35.952+0000] {processor.py:840} INFO - DAG(s) 'example_dag_decorator' retrieved from /home/ubuntu/airflow-venv/lib/python3.12/site-packages/airflow/example_dags/example_dag_decorator.py
[2024-08-03T08:38:36.059+0000] {logging_mixin.py:188} INFO - [2024-08-03T08:38:36.059+0000] {dag.py:3089} INFO - Sync 1 DAGs
[2024-08-03T08:38:36.172+0000] {logging_mixin.py:188} INFO - [2024-08-03T08:38:36.171+0000] {dag.py:3947} INFO - Setting next_dagrun for example_dag_decorator to None, run_after=None
[2024-08-03T08:38:36.194+0000] {processor.py:183} INFO - Processing /home/ubuntu/airflow-venv/lib/python3.12/site-packages/airflow/example_dags/example_dag_decorator.py took 0.345 seconds
[2024-08-03T08:39:38.153+0000] {processor.py:161} INFO - Started process (PID=2437) to work on /home/ubuntu/airflow-venv/lib/python3.12/site-packages/airflow/example_dags/example_dag_decorator.py
[2024-08-03T08:39:38.154+0000] {processor.py:830} INFO - Processing file /home/ubuntu/airflow-venv/lib/python3.12/site-packages/airflow/example_dags/example_dag_decorator.py for tasks to queue
[2024-08-03T08:39:38.156+0000] {logging_mixin.py:188} INFO - [2024-08-03T08:39:38.156+0000] {dagbag.py:545} INFO - Filling up the DagBag from /home/ubuntu/airflow-venv/lib/python3.12/site-packages/airflow/example_dags/example_dag_decorator.py
[2024-08-03T08:39:38.253+0000] {processor.py:840} INFO - DAG(s) 'example_dag_decorator' retrieved from /home/ubuntu/airflow-venv/lib/python3.12/site-packages/airflow/example_dags/example_dag_decorator.py
[2024-08-03T08:39:38.360+0000] {logging_mixin.py:188} INFO - [2024-08-03T08:39:38.360+0000] {dag.py:3089} INFO - Sync 1 DAGs
[2024-08-03T08:39:38.370+0000] {logging_mixin.py:188} INFO - [2024-08-03T08:39:38.369+0000] {dag.py:3947} INFO - Setting next_dagrun for example_dag_decorator to None, run_after=None
[2024-08-03T08:39:38.394+0000] {processor.py:183} INFO - Processing /home/ubuntu/airflow-venv/lib/python3.12/site-packages/airflow/example_dags/example_dag_decorator.py took 0.247 seconds
[2024-08-03T08:40:33.161+0000] {processor.py:161} INFO - Started process (PID=2505) to work on /home/ubuntu/airflow-venv/lib/python3.12/site-packages/airflow/example_dags/example_dag_decorator.py
[2024-08-03T08:40:33.162+0000] {processor.py:830} INFO - Processing file /home/ubuntu/airflow-venv/lib/python3.12/site-packages/airflow/example_dags/example_dag_decorator.py for tasks to queue
[2024-08-03T08:40:33.164+0000] {logging_mixin.py:188} INFO - [2024-08-03T08:40:33.164+0000] {dagbag.py:545} INFO - Filling up the DagBag from /home/ubuntu/airflow-venv/lib/python3.12/site-packages/airflow/example_dags/example_dag_decorator.py
[2024-08-03T08:40:33.260+0000] {processor.py:840} INFO - DAG(s) 'example_dag_decorator' retrieved from /home/ubuntu/airflow-venv/lib/python3.12/site-packages/airflow/example_dags/example_dag_decorator.py
[2024-08-03T08:40:33.477+0000] {logging_mixin.py:188} INFO - [2024-08-03T08:40:33.476+0000] {dag.py:3089} INFO - Sync 1 DAGs
[2024-08-03T08:40:33.485+0000] {logging_mixin.py:188} INFO - [2024-08-03T08:40:33.485+0000] {dag.py:3947} INFO - Setting next_dagrun for example_dag_decorator to None, run_after=None
[2024-08-03T08:40:33.507+0000] {processor.py:183} INFO - Processing /home/ubuntu/airflow-venv/lib/python3.12/site-packages/airflow/example_dags/example_dag_decorator.py took 0.353 seconds
[2024-08-03T08:41:42.833+0000] {processor.py:161} INFO - Started process (PID=2580) to work on /home/ubuntu/airflow-venv/lib/python3.12/site-packages/airflow/example_dags/example_dag_decorator.py
[2024-08-03T08:41:42.835+0000] {processor.py:830} INFO - Processing file /home/ubuntu/airflow-venv/lib/python3.12/site-packages/airflow/example_dags/example_dag_decorator.py for tasks to queue
[2024-08-03T08:41:42.836+0000] {logging_mixin.py:188} INFO - [2024-08-03T08:41:42.836+0000] {dagbag.py:545} INFO - Filling up the DagBag from /home/ubuntu/airflow-venv/lib/python3.12/site-packages/airflow/example_dags/example_dag_decorator.py
[2024-08-03T08:41:42.932+0000] {processor.py:840} INFO - DAG(s) 'example_dag_decorator' retrieved from /home/ubuntu/airflow-venv/lib/python3.12/site-packages/airflow/example_dags/example_dag_decorator.py
[2024-08-03T08:41:43.158+0000] {logging_mixin.py:188} INFO - [2024-08-03T08:41:43.158+0000] {dag.py:3089} INFO - Sync 1 DAGs
[2024-08-03T08:41:43.167+0000] {logging_mixin.py:188} INFO - [2024-08-03T08:41:43.167+0000] {dag.py:3947} INFO - Setting next_dagrun for example_dag_decorator to None, run_after=None
[2024-08-03T08:41:43.189+0000] {processor.py:183} INFO - Processing /home/ubuntu/airflow-venv/lib/python3.12/site-packages/airflow/example_dags/example_dag_decorator.py took 0.362 seconds
[2024-08-03T08:42:49.218+0000] {processor.py:161} INFO - Started process (PID=2654) to work on /home/ubuntu/airflow-venv/lib/python3.12/site-packages/airflow/example_dags/example_dag_decorator.py
[2024-08-03T08:42:49.219+0000] {processor.py:830} INFO - Processing file /home/ubuntu/airflow-venv/lib/python3.12/site-packages/airflow/example_dags/example_dag_decorator.py for tasks to queue
[2024-08-03T08:42:49.221+0000] {logging_mixin.py:188} INFO - [2024-08-03T08:42:49.221+0000] {dagbag.py:545} INFO - Filling up the DagBag from /home/ubuntu/airflow-venv/lib/python3.12/site-packages/airflow/example_dags/example_dag_decorator.py
[2024-08-03T08:42:49.316+0000] {processor.py:840} INFO - DAG(s) 'example_dag_decorator' retrieved from /home/ubuntu/airflow-venv/lib/python3.12/site-packages/airflow/example_dags/example_dag_decorator.py
[2024-08-03T08:42:49.545+0000] {logging_mixin.py:188} INFO - [2024-08-03T08:42:49.545+0000] {dag.py:3089} INFO - Sync 1 DAGs
[2024-08-03T08:42:49.554+0000] {logging_mixin.py:188} INFO - [2024-08-03T08:42:49.554+0000] {dag.py:3947} INFO - Setting next_dagrun for example_dag_decorator to None, run_after=None
[2024-08-03T08:42:49.577+0000] {processor.py:183} INFO - Processing /home/ubuntu/airflow-venv/lib/python3.12/site-packages/airflow/example_dags/example_dag_decorator.py took 0.365 seconds
[2024-08-03T08:43:51.902+0000] {processor.py:161} INFO - Started process (PID=2772) to work on /home/ubuntu/airflow-venv/lib/python3.12/site-packages/airflow/example_dags/example_dag_decorator.py
[2024-08-03T08:43:51.904+0000] {processor.py:830} INFO - Processing file /home/ubuntu/airflow-venv/lib/python3.12/site-packages/airflow/example_dags/example_dag_decorator.py for tasks to queue
[2024-08-03T08:43:51.905+0000] {logging_mixin.py:188} INFO - [2024-08-03T08:43:51.905+0000] {dagbag.py:545} INFO - Filling up the DagBag from /home/ubuntu/airflow-venv/lib/python3.12/site-packages/airflow/example_dags/example_dag_decorator.py
[2024-08-03T08:43:52.000+0000] {processor.py:840} INFO - DAG(s) 'example_dag_decorator' retrieved from /home/ubuntu/airflow-venv/lib/python3.12/site-packages/airflow/example_dags/example_dag_decorator.py
[2024-08-03T08:43:52.220+0000] {logging_mixin.py:188} INFO - [2024-08-03T08:43:52.220+0000] {dag.py:3089} INFO - Sync 1 DAGs
[2024-08-03T08:43:52.230+0000] {logging_mixin.py:188} INFO - [2024-08-03T08:43:52.230+0000] {dag.py:3947} INFO - Setting next_dagrun for example_dag_decorator to None, run_after=None
[2024-08-03T08:43:52.253+0000] {processor.py:183} INFO - Processing /home/ubuntu/airflow-venv/lib/python3.12/site-packages/airflow/example_dags/example_dag_decorator.py took 0.357 seconds
[2024-08-03T08:44:56.770+0000] {processor.py:161} INFO - Started process (PID=2951) to work on /home/ubuntu/airflow-venv/lib/python3.12/site-packages/airflow/example_dags/example_dag_decorator.py
[2024-08-03T08:44:56.772+0000] {processor.py:830} INFO - Processing file /home/ubuntu/airflow-venv/lib/python3.12/site-packages/airflow/example_dags/example_dag_decorator.py for tasks to queue
[2024-08-03T08:44:56.774+0000] {logging_mixin.py:188} INFO - [2024-08-03T08:44:56.773+0000] {dagbag.py:545} INFO - Filling up the DagBag from /home/ubuntu/airflow-venv/lib/python3.12/site-packages/airflow/example_dags/example_dag_decorator.py
[2024-08-03T08:44:56.867+0000] {processor.py:840} INFO - DAG(s) 'example_dag_decorator' retrieved from /home/ubuntu/airflow-venv/lib/python3.12/site-packages/airflow/example_dags/example_dag_decorator.py
[2024-08-03T08:44:57.083+0000] {logging_mixin.py:188} INFO - [2024-08-03T08:44:57.083+0000] {dag.py:3089} INFO - Sync 1 DAGs
[2024-08-03T08:44:57.092+0000] {logging_mixin.py:188} INFO - [2024-08-03T08:44:57.091+0000] {dag.py:3947} INFO - Setting next_dagrun for example_dag_decorator to None, run_after=None
[2024-08-03T08:44:57.116+0000] {processor.py:183} INFO - Processing /home/ubuntu/airflow-venv/lib/python3.12/site-packages/airflow/example_dags/example_dag_decorator.py took 0.351 seconds
[2024-08-03T08:46:01.380+0000] {processor.py:161} INFO - Started process (PID=3123) to work on /home/ubuntu/airflow-venv/lib/python3.12/site-packages/airflow/example_dags/example_dag_decorator.py
[2024-08-03T08:46:01.382+0000] {processor.py:830} INFO - Processing file /home/ubuntu/airflow-venv/lib/python3.12/site-packages/airflow/example_dags/example_dag_decorator.py for tasks to queue
[2024-08-03T08:46:01.383+0000] {logging_mixin.py:188} INFO - [2024-08-03T08:46:01.383+0000] {dagbag.py:545} INFO - Filling up the DagBag from /home/ubuntu/airflow-venv/lib/python3.12/site-packages/airflow/example_dags/example_dag_decorator.py
[2024-08-03T08:46:01.483+0000] {processor.py:840} INFO - DAG(s) 'example_dag_decorator' retrieved from /home/ubuntu/airflow-venv/lib/python3.12/site-packages/airflow/example_dags/example_dag_decorator.py
[2024-08-03T08:46:01.720+0000] {logging_mixin.py:188} INFO - [2024-08-03T08:46:01.720+0000] {dag.py:3089} INFO - Sync 1 DAGs
[2024-08-03T08:46:01.730+0000] {logging_mixin.py:188} INFO - [2024-08-03T08:46:01.730+0000] {dag.py:3947} INFO - Setting next_dagrun for example_dag_decorator to None, run_after=None
[2024-08-03T08:46:01.758+0000] {processor.py:183} INFO - Processing /home/ubuntu/airflow-venv/lib/python3.12/site-packages/airflow/example_dags/example_dag_decorator.py took 0.384 seconds
[2024-08-03T08:47:06.349+0000] {processor.py:161} INFO - Started process (PID=3194) to work on /home/ubuntu/airflow-venv/lib/python3.12/site-packages/airflow/example_dags/example_dag_decorator.py
[2024-08-03T08:47:06.350+0000] {processor.py:830} INFO - Processing file /home/ubuntu/airflow-venv/lib/python3.12/site-packages/airflow/example_dags/example_dag_decorator.py for tasks to queue
[2024-08-03T08:47:06.352+0000] {logging_mixin.py:188} INFO - [2024-08-03T08:47:06.351+0000] {dagbag.py:545} INFO - Filling up the DagBag from /home/ubuntu/airflow-venv/lib/python3.12/site-packages/airflow/example_dags/example_dag_decorator.py
[2024-08-03T08:47:06.448+0000] {processor.py:840} INFO - DAG(s) 'example_dag_decorator' retrieved from /home/ubuntu/airflow-venv/lib/python3.12/site-packages/airflow/example_dags/example_dag_decorator.py
[2024-08-03T08:47:06.678+0000] {logging_mixin.py:188} INFO - [2024-08-03T08:47:06.677+0000] {dag.py:3089} INFO - Sync 1 DAGs
[2024-08-03T08:47:06.687+0000] {logging_mixin.py:188} INFO - [2024-08-03T08:47:06.686+0000] {dag.py:3947} INFO - Setting next_dagrun for example_dag_decorator to None, run_after=None
[2024-08-03T08:47:06.711+0000] {processor.py:183} INFO - Processing /home/ubuntu/airflow-venv/lib/python3.12/site-packages/airflow/example_dags/example_dag_decorator.py took 0.368 seconds
[2024-08-03T08:48:12.113+0000] {processor.py:161} INFO - Started process (PID=3744) to work on /home/ubuntu/airflow-venv/lib/python3.12/site-packages/airflow/example_dags/example_dag_decorator.py
[2024-08-03T08:48:12.114+0000] {processor.py:830} INFO - Processing file /home/ubuntu/airflow-venv/lib/python3.12/site-packages/airflow/example_dags/example_dag_decorator.py for tasks to queue
[2024-08-03T08:48:12.116+0000] {logging_mixin.py:188} INFO - [2024-08-03T08:48:12.116+0000] {dagbag.py:545} INFO - Filling up the DagBag from /home/ubuntu/airflow-venv/lib/python3.12/site-packages/airflow/example_dags/example_dag_decorator.py
[2024-08-03T08:48:12.212+0000] {processor.py:840} INFO - DAG(s) 'example_dag_decorator' retrieved from /home/ubuntu/airflow-venv/lib/python3.12/site-packages/airflow/example_dags/example_dag_decorator.py
[2024-08-03T08:48:12.419+0000] {logging_mixin.py:188} INFO - [2024-08-03T08:48:12.418+0000] {dag.py:3089} INFO - Sync 1 DAGs
[2024-08-03T08:48:12.427+0000] {logging_mixin.py:188} INFO - [2024-08-03T08:48:12.427+0000] {dag.py:3947} INFO - Setting next_dagrun for example_dag_decorator to None, run_after=None
[2024-08-03T08:48:12.450+0000] {processor.py:183} INFO - Processing /home/ubuntu/airflow-venv/lib/python3.12/site-packages/airflow/example_dags/example_dag_decorator.py took 0.343 seconds
[2024-08-03T08:49:16.164+0000] {processor.py:161} INFO - Started process (PID=3929) to work on /home/ubuntu/airflow-venv/lib/python3.12/site-packages/airflow/example_dags/example_dag_decorator.py
[2024-08-03T08:49:16.166+0000] {processor.py:830} INFO - Processing file /home/ubuntu/airflow-venv/lib/python3.12/site-packages/airflow/example_dags/example_dag_decorator.py for tasks to queue
[2024-08-03T08:49:16.167+0000] {logging_mixin.py:188} INFO - [2024-08-03T08:49:16.167+0000] {dagbag.py:545} INFO - Filling up the DagBag from /home/ubuntu/airflow-venv/lib/python3.12/site-packages/airflow/example_dags/example_dag_decorator.py
[2024-08-03T08:49:16.262+0000] {processor.py:840} INFO - DAG(s) 'example_dag_decorator' retrieved from /home/ubuntu/airflow-venv/lib/python3.12/site-packages/airflow/example_dags/example_dag_decorator.py
[2024-08-03T08:49:16.479+0000] {logging_mixin.py:188} INFO - [2024-08-03T08:49:16.479+0000] {dag.py:3089} INFO - Sync 1 DAGs
[2024-08-03T08:49:16.488+0000] {logging_mixin.py:188} INFO - [2024-08-03T08:49:16.488+0000] {dag.py:3947} INFO - Setting next_dagrun for example_dag_decorator to None, run_after=None
[2024-08-03T08:49:16.509+0000] {processor.py:183} INFO - Processing /home/ubuntu/airflow-venv/lib/python3.12/site-packages/airflow/example_dags/example_dag_decorator.py took 0.351 seconds
[2024-08-03T08:50:22.330+0000] {processor.py:161} INFO - Started process (PID=4439) to work on /home/ubuntu/airflow-venv/lib/python3.12/site-packages/airflow/example_dags/example_dag_decorator.py
[2024-08-03T08:50:22.332+0000] {processor.py:830} INFO - Processing file /home/ubuntu/airflow-venv/lib/python3.12/site-packages/airflow/example_dags/example_dag_decorator.py for tasks to queue
[2024-08-03T08:50:22.334+0000] {logging_mixin.py:188} INFO - [2024-08-03T08:50:22.333+0000] {dagbag.py:545} INFO - Filling up the DagBag from /home/ubuntu/airflow-venv/lib/python3.12/site-packages/airflow/example_dags/example_dag_decorator.py
[2024-08-03T08:50:22.458+0000] {processor.py:840} INFO - DAG(s) 'example_dag_decorator' retrieved from /home/ubuntu/airflow-venv/lib/python3.12/site-packages/airflow/example_dags/example_dag_decorator.py
[2024-08-03T08:50:22.701+0000] {logging_mixin.py:188} INFO - [2024-08-03T08:50:22.701+0000] {dag.py:3089} INFO - Sync 1 DAGs
[2024-08-03T08:50:22.712+0000] {logging_mixin.py:188} INFO - [2024-08-03T08:50:22.712+0000] {dag.py:3947} INFO - Setting next_dagrun for example_dag_decorator to None, run_after=None
[2024-08-03T08:50:22.744+0000] {processor.py:183} INFO - Processing /home/ubuntu/airflow-venv/lib/python3.12/site-packages/airflow/example_dags/example_dag_decorator.py took 0.425 seconds
[2024-08-03T08:51:15.827+0000] {processor.py:161} INFO - Started process (PID=4619) to work on /home/ubuntu/airflow-venv/lib/python3.12/site-packages/airflow/example_dags/example_dag_decorator.py
[2024-08-03T08:51:15.829+0000] {processor.py:830} INFO - Processing file /home/ubuntu/airflow-venv/lib/python3.12/site-packages/airflow/example_dags/example_dag_decorator.py for tasks to queue
[2024-08-03T08:51:15.831+0000] {logging_mixin.py:188} INFO - [2024-08-03T08:51:15.831+0000] {dagbag.py:545} INFO - Filling up the DagBag from /home/ubuntu/airflow-venv/lib/python3.12/site-packages/airflow/example_dags/example_dag_decorator.py
[2024-08-03T08:51:16.050+0000] {processor.py:840} INFO - DAG(s) 'example_dag_decorator' retrieved from /home/ubuntu/airflow-venv/lib/python3.12/site-packages/airflow/example_dags/example_dag_decorator.py
[2024-08-03T08:51:16.146+0000] {logging_mixin.py:188} INFO - [2024-08-03T08:51:16.146+0000] {dag.py:3089} INFO - Sync 1 DAGs
[2024-08-03T08:51:16.155+0000] {logging_mixin.py:188} INFO - [2024-08-03T08:51:16.155+0000] {dag.py:3947} INFO - Setting next_dagrun for example_dag_decorator to None, run_after=None
[2024-08-03T08:51:16.179+0000] {processor.py:183} INFO - Processing /home/ubuntu/airflow-venv/lib/python3.12/site-packages/airflow/example_dags/example_dag_decorator.py took 0.359 seconds
[2024-08-03T08:52:24.634+0000] {processor.py:161} INFO - Started process (PID=4752) to work on /home/ubuntu/airflow-venv/lib/python3.12/site-packages/airflow/example_dags/example_dag_decorator.py
[2024-08-03T08:52:24.636+0000] {processor.py:830} INFO - Processing file /home/ubuntu/airflow-venv/lib/python3.12/site-packages/airflow/example_dags/example_dag_decorator.py for tasks to queue
[2024-08-03T08:52:24.638+0000] {logging_mixin.py:188} INFO - [2024-08-03T08:52:24.638+0000] {dagbag.py:545} INFO - Filling up the DagBag from /home/ubuntu/airflow-venv/lib/python3.12/site-packages/airflow/example_dags/example_dag_decorator.py
[2024-08-03T08:52:24.852+0000] {processor.py:840} INFO - DAG(s) 'example_dag_decorator' retrieved from /home/ubuntu/airflow-venv/lib/python3.12/site-packages/airflow/example_dags/example_dag_decorator.py
[2024-08-03T08:52:24.953+0000] {logging_mixin.py:188} INFO - [2024-08-03T08:52:24.952+0000] {dag.py:3089} INFO - Sync 1 DAGs
[2024-08-03T08:52:24.963+0000] {logging_mixin.py:188} INFO - [2024-08-03T08:52:24.963+0000] {dag.py:3947} INFO - Setting next_dagrun for example_dag_decorator to None, run_after=None
[2024-08-03T08:52:24.987+0000] {processor.py:183} INFO - Processing /home/ubuntu/airflow-venv/lib/python3.12/site-packages/airflow/example_dags/example_dag_decorator.py took 0.360 seconds
[2024-08-03T08:53:28.519+0000] {processor.py:161} INFO - Started process (PID=4861) to work on /home/ubuntu/airflow-venv/lib/python3.12/site-packages/airflow/example_dags/example_dag_decorator.py
[2024-08-03T08:53:28.521+0000] {processor.py:830} INFO - Processing file /home/ubuntu/airflow-venv/lib/python3.12/site-packages/airflow/example_dags/example_dag_decorator.py for tasks to queue
[2024-08-03T08:53:28.526+0000] {logging_mixin.py:188} INFO - [2024-08-03T08:53:28.526+0000] {dagbag.py:545} INFO - Filling up the DagBag from /home/ubuntu/airflow-venv/lib/python3.12/site-packages/airflow/example_dags/example_dag_decorator.py
[2024-08-03T08:53:28.776+0000] {processor.py:840} INFO - DAG(s) 'example_dag_decorator' retrieved from /home/ubuntu/airflow-venv/lib/python3.12/site-packages/airflow/example_dags/example_dag_decorator.py
[2024-08-03T08:53:28.885+0000] {logging_mixin.py:188} INFO - [2024-08-03T08:53:28.885+0000] {dag.py:3089} INFO - Sync 1 DAGs
[2024-08-03T08:53:28.894+0000] {logging_mixin.py:188} INFO - [2024-08-03T08:53:28.894+0000] {dag.py:3947} INFO - Setting next_dagrun for example_dag_decorator to None, run_after=None
[2024-08-03T08:53:28.924+0000] {processor.py:183} INFO - Processing /home/ubuntu/airflow-venv/lib/python3.12/site-packages/airflow/example_dags/example_dag_decorator.py took 0.426 seconds
[2024-08-03T08:54:47.458+0000] {processor.py:161} INFO - Started process (PID=4952) to work on /home/ubuntu/airflow-venv/lib/python3.12/site-packages/airflow/example_dags/example_dag_decorator.py
[2024-08-03T08:54:47.460+0000] {processor.py:830} INFO - Processing file /home/ubuntu/airflow-venv/lib/python3.12/site-packages/airflow/example_dags/example_dag_decorator.py for tasks to queue
[2024-08-03T08:54:47.462+0000] {logging_mixin.py:188} INFO - [2024-08-03T08:54:47.462+0000] {dagbag.py:545} INFO - Filling up the DagBag from /home/ubuntu/airflow-venv/lib/python3.12/site-packages/airflow/example_dags/example_dag_decorator.py
[2024-08-03T08:54:47.680+0000] {processor.py:840} INFO - DAG(s) 'example_dag_decorator' retrieved from /home/ubuntu/airflow-venv/lib/python3.12/site-packages/airflow/example_dags/example_dag_decorator.py
[2024-08-03T08:54:47.778+0000] {logging_mixin.py:188} INFO - [2024-08-03T08:54:47.778+0000] {dag.py:3089} INFO - Sync 1 DAGs
[2024-08-03T08:54:47.787+0000] {logging_mixin.py:188} INFO - [2024-08-03T08:54:47.787+0000] {dag.py:3947} INFO - Setting next_dagrun for example_dag_decorator to None, run_after=None
[2024-08-03T08:54:47.810+0000] {processor.py:183} INFO - Processing /home/ubuntu/airflow-venv/lib/python3.12/site-packages/airflow/example_dags/example_dag_decorator.py took 0.359 seconds
[2024-08-03T08:55:49.609+0000] {processor.py:161} INFO - Started process (PID=5027) to work on /home/ubuntu/airflow-venv/lib/python3.12/site-packages/airflow/example_dags/example_dag_decorator.py
[2024-08-03T08:55:49.611+0000] {processor.py:830} INFO - Processing file /home/ubuntu/airflow-venv/lib/python3.12/site-packages/airflow/example_dags/example_dag_decorator.py for tasks to queue
[2024-08-03T08:55:49.613+0000] {logging_mixin.py:188} INFO - [2024-08-03T08:55:49.613+0000] {dagbag.py:545} INFO - Filling up the DagBag from /home/ubuntu/airflow-venv/lib/python3.12/site-packages/airflow/example_dags/example_dag_decorator.py
[2024-08-03T08:55:49.818+0000] {processor.py:840} INFO - DAG(s) 'example_dag_decorator' retrieved from /home/ubuntu/airflow-venv/lib/python3.12/site-packages/airflow/example_dags/example_dag_decorator.py
[2024-08-03T08:55:49.914+0000] {logging_mixin.py:188} INFO - [2024-08-03T08:55:49.914+0000] {dag.py:3089} INFO - Sync 1 DAGs
[2024-08-03T08:55:49.923+0000] {logging_mixin.py:188} INFO - [2024-08-03T08:55:49.923+0000] {dag.py:3947} INFO - Setting next_dagrun for example_dag_decorator to None, run_after=None
[2024-08-03T08:55:49.945+0000] {processor.py:183} INFO - Processing /home/ubuntu/airflow-venv/lib/python3.12/site-packages/airflow/example_dags/example_dag_decorator.py took 0.343 seconds
[2024-08-03T08:56:46.456+0000] {processor.py:161} INFO - Started process (PID=5121) to work on /home/ubuntu/airflow-venv/lib/python3.12/site-packages/airflow/example_dags/example_dag_decorator.py
[2024-08-03T08:56:46.457+0000] {processor.py:830} INFO - Processing file /home/ubuntu/airflow-venv/lib/python3.12/site-packages/airflow/example_dags/example_dag_decorator.py for tasks to queue
[2024-08-03T08:56:46.460+0000] {logging_mixin.py:188} INFO - [2024-08-03T08:56:46.459+0000] {dagbag.py:545} INFO - Filling up the DagBag from /home/ubuntu/airflow-venv/lib/python3.12/site-packages/airflow/example_dags/example_dag_decorator.py
[2024-08-03T08:56:46.666+0000] {processor.py:840} INFO - DAG(s) 'example_dag_decorator' retrieved from /home/ubuntu/airflow-venv/lib/python3.12/site-packages/airflow/example_dags/example_dag_decorator.py
[2024-08-03T08:56:46.764+0000] {logging_mixin.py:188} INFO - [2024-08-03T08:56:46.764+0000] {dag.py:3089} INFO - Sync 1 DAGs
[2024-08-03T08:56:46.773+0000] {logging_mixin.py:188} INFO - [2024-08-03T08:56:46.773+0000] {dag.py:3947} INFO - Setting next_dagrun for example_dag_decorator to None, run_after=None
[2024-08-03T08:56:46.796+0000] {processor.py:183} INFO - Processing /home/ubuntu/airflow-venv/lib/python3.12/site-packages/airflow/example_dags/example_dag_decorator.py took 0.347 seconds
[2024-08-03T08:57:36.510+0000] {processor.py:161} INFO - Started process (PID=5209) to work on /home/ubuntu/airflow-venv/lib/python3.12/site-packages/airflow/example_dags/example_dag_decorator.py
[2024-08-03T08:57:36.512+0000] {processor.py:830} INFO - Processing file /home/ubuntu/airflow-venv/lib/python3.12/site-packages/airflow/example_dags/example_dag_decorator.py for tasks to queue
[2024-08-03T08:57:36.514+0000] {logging_mixin.py:188} INFO - [2024-08-03T08:57:36.513+0000] {dagbag.py:545} INFO - Filling up the DagBag from /home/ubuntu/airflow-venv/lib/python3.12/site-packages/airflow/example_dags/example_dag_decorator.py
[2024-08-03T08:57:36.727+0000] {processor.py:840} INFO - DAG(s) 'example_dag_decorator' retrieved from /home/ubuntu/airflow-venv/lib/python3.12/site-packages/airflow/example_dags/example_dag_decorator.py
[2024-08-03T08:57:36.823+0000] {logging_mixin.py:188} INFO - [2024-08-03T08:57:36.823+0000] {dag.py:3089} INFO - Sync 1 DAGs
[2024-08-03T08:57:36.833+0000] {logging_mixin.py:188} INFO - [2024-08-03T08:57:36.833+0000] {dag.py:3947} INFO - Setting next_dagrun for example_dag_decorator to None, run_after=None
[2024-08-03T08:57:36.861+0000] {processor.py:183} INFO - Processing /home/ubuntu/airflow-venv/lib/python3.12/site-packages/airflow/example_dags/example_dag_decorator.py took 0.358 seconds
[2024-08-03T08:58:30.940+0000] {processor.py:161} INFO - Started process (PID=5389) to work on /home/ubuntu/airflow-venv/lib/python3.12/site-packages/airflow/example_dags/example_dag_decorator.py
[2024-08-03T08:58:30.942+0000] {processor.py:830} INFO - Processing file /home/ubuntu/airflow-venv/lib/python3.12/site-packages/airflow/example_dags/example_dag_decorator.py for tasks to queue
[2024-08-03T08:58:30.944+0000] {logging_mixin.py:188} INFO - [2024-08-03T08:58:30.943+0000] {dagbag.py:545} INFO - Filling up the DagBag from /home/ubuntu/airflow-venv/lib/python3.12/site-packages/airflow/example_dags/example_dag_decorator.py
[2024-08-03T08:58:31.042+0000] {processor.py:840} INFO - DAG(s) 'example_dag_decorator' retrieved from /home/ubuntu/airflow-venv/lib/python3.12/site-packages/airflow/example_dags/example_dag_decorator.py
[2024-08-03T08:58:31.151+0000] {logging_mixin.py:188} INFO - [2024-08-03T08:58:31.151+0000] {dag.py:3089} INFO - Sync 1 DAGs
[2024-08-03T08:58:31.163+0000] {logging_mixin.py:188} INFO - [2024-08-03T08:58:31.163+0000] {dag.py:3947} INFO - Setting next_dagrun for example_dag_decorator to None, run_after=None
[2024-08-03T08:58:31.195+0000] {processor.py:183} INFO - Processing /home/ubuntu/airflow-venv/lib/python3.12/site-packages/airflow/example_dags/example_dag_decorator.py took 0.263 seconds
[2024-08-03T08:59:21.775+0000] {processor.py:161} INFO - Started process (PID=5472) to work on /home/ubuntu/airflow-venv/lib/python3.12/site-packages/airflow/example_dags/example_dag_decorator.py
[2024-08-03T08:59:21.776+0000] {processor.py:830} INFO - Processing file /home/ubuntu/airflow-venv/lib/python3.12/site-packages/airflow/example_dags/example_dag_decorator.py for tasks to queue
[2024-08-03T08:59:21.778+0000] {logging_mixin.py:188} INFO - [2024-08-03T08:59:21.778+0000] {dagbag.py:545} INFO - Filling up the DagBag from /home/ubuntu/airflow-venv/lib/python3.12/site-packages/airflow/example_dags/example_dag_decorator.py
[2024-08-03T08:59:21.876+0000] {processor.py:840} INFO - DAG(s) 'example_dag_decorator' retrieved from /home/ubuntu/airflow-venv/lib/python3.12/site-packages/airflow/example_dags/example_dag_decorator.py
[2024-08-03T08:59:21.989+0000] {logging_mixin.py:188} INFO - [2024-08-03T08:59:21.988+0000] {dag.py:3089} INFO - Sync 1 DAGs
[2024-08-03T08:59:21.999+0000] {logging_mixin.py:188} INFO - [2024-08-03T08:59:21.999+0000] {dag.py:3947} INFO - Setting next_dagrun for example_dag_decorator to None, run_after=None
[2024-08-03T08:59:22.036+0000] {processor.py:183} INFO - Processing /home/ubuntu/airflow-venv/lib/python3.12/site-packages/airflow/example_dags/example_dag_decorator.py took 0.270 seconds
[2024-08-03T09:00:32.533+0000] {processor.py:161} INFO - Started process (PID=5741) to work on /home/ubuntu/airflow-venv/lib/python3.12/site-packages/airflow/example_dags/example_dag_decorator.py
[2024-08-03T09:00:32.534+0000] {processor.py:830} INFO - Processing file /home/ubuntu/airflow-venv/lib/python3.12/site-packages/airflow/example_dags/example_dag_decorator.py for tasks to queue
[2024-08-03T09:00:32.536+0000] {logging_mixin.py:188} INFO - [2024-08-03T09:00:32.535+0000] {dagbag.py:545} INFO - Filling up the DagBag from /home/ubuntu/airflow-venv/lib/python3.12/site-packages/airflow/example_dags/example_dag_decorator.py
[2024-08-03T09:00:32.740+0000] {processor.py:840} INFO - DAG(s) 'example_dag_decorator' retrieved from /home/ubuntu/airflow-venv/lib/python3.12/site-packages/airflow/example_dags/example_dag_decorator.py
[2024-08-03T09:00:32.947+0000] {logging_mixin.py:188} INFO - [2024-08-03T09:00:32.947+0000] {dag.py:3089} INFO - Sync 1 DAGs
[2024-08-03T09:00:32.957+0000] {logging_mixin.py:188} INFO - [2024-08-03T09:00:32.957+0000] {dag.py:3947} INFO - Setting next_dagrun for example_dag_decorator to None, run_after=None
[2024-08-03T09:00:32.984+0000] {processor.py:183} INFO - Processing /home/ubuntu/airflow-venv/lib/python3.12/site-packages/airflow/example_dags/example_dag_decorator.py took 0.460 seconds
[2024-08-03T09:01:32.334+0000] {processor.py:161} INFO - Started process (PID=5998) to work on /home/ubuntu/airflow-venv/lib/python3.12/site-packages/airflow/example_dags/example_dag_decorator.py
[2024-08-03T09:01:32.336+0000] {processor.py:830} INFO - Processing file /home/ubuntu/airflow-venv/lib/python3.12/site-packages/airflow/example_dags/example_dag_decorator.py for tasks to queue
[2024-08-03T09:01:32.338+0000] {logging_mixin.py:188} INFO - [2024-08-03T09:01:32.337+0000] {dagbag.py:545} INFO - Filling up the DagBag from /home/ubuntu/airflow-venv/lib/python3.12/site-packages/airflow/example_dags/example_dag_decorator.py
[2024-08-03T09:01:32.438+0000] {processor.py:840} INFO - DAG(s) 'example_dag_decorator' retrieved from /home/ubuntu/airflow-venv/lib/python3.12/site-packages/airflow/example_dags/example_dag_decorator.py
[2024-08-03T09:01:32.547+0000] {logging_mixin.py:188} INFO - [2024-08-03T09:01:32.546+0000] {dag.py:3089} INFO - Sync 1 DAGs
[2024-08-03T09:01:32.557+0000] {logging_mixin.py:188} INFO - [2024-08-03T09:01:32.557+0000] {dag.py:3947} INFO - Setting next_dagrun for example_dag_decorator to None, run_after=None
[2024-08-03T09:01:32.581+0000] {processor.py:183} INFO - Processing /home/ubuntu/airflow-venv/lib/python3.12/site-packages/airflow/example_dags/example_dag_decorator.py took 0.255 seconds
[2024-08-03T09:02:38.423+0000] {processor.py:161} INFO - Started process (PID=6254) to work on /home/ubuntu/airflow-venv/lib/python3.12/site-packages/airflow/example_dags/example_dag_decorator.py
[2024-08-03T09:02:38.425+0000] {processor.py:830} INFO - Processing file /home/ubuntu/airflow-venv/lib/python3.12/site-packages/airflow/example_dags/example_dag_decorator.py for tasks to queue
[2024-08-03T09:02:38.426+0000] {logging_mixin.py:188} INFO - [2024-08-03T09:02:38.426+0000] {dagbag.py:545} INFO - Filling up the DagBag from /home/ubuntu/airflow-venv/lib/python3.12/site-packages/airflow/example_dags/example_dag_decorator.py
[2024-08-03T09:02:38.523+0000] {processor.py:840} INFO - DAG(s) 'example_dag_decorator' retrieved from /home/ubuntu/airflow-venv/lib/python3.12/site-packages/airflow/example_dags/example_dag_decorator.py
[2024-08-03T09:02:38.629+0000] {logging_mixin.py:188} INFO - [2024-08-03T09:02:38.629+0000] {dag.py:3089} INFO - Sync 1 DAGs
[2024-08-03T09:02:38.639+0000] {logging_mixin.py:188} INFO - [2024-08-03T09:02:38.638+0000] {dag.py:3947} INFO - Setting next_dagrun for example_dag_decorator to None, run_after=None
[2024-08-03T09:02:38.662+0000] {processor.py:183} INFO - Processing /home/ubuntu/airflow-venv/lib/python3.12/site-packages/airflow/example_dags/example_dag_decorator.py took 0.247 seconds
[2024-08-03T09:03:39.620+0000] {processor.py:161} INFO - Started process (PID=6402) to work on /home/ubuntu/airflow-venv/lib/python3.12/site-packages/airflow/example_dags/example_dag_decorator.py
[2024-08-03T09:03:39.621+0000] {processor.py:830} INFO - Processing file /home/ubuntu/airflow-venv/lib/python3.12/site-packages/airflow/example_dags/example_dag_decorator.py for tasks to queue
[2024-08-03T09:03:39.623+0000] {logging_mixin.py:188} INFO - [2024-08-03T09:03:39.623+0000] {dagbag.py:545} INFO - Filling up the DagBag from /home/ubuntu/airflow-venv/lib/python3.12/site-packages/airflow/example_dags/example_dag_decorator.py
[2024-08-03T09:03:39.720+0000] {processor.py:840} INFO - DAG(s) 'example_dag_decorator' retrieved from /home/ubuntu/airflow-venv/lib/python3.12/site-packages/airflow/example_dags/example_dag_decorator.py
[2024-08-03T09:03:39.827+0000] {logging_mixin.py:188} INFO - [2024-08-03T09:03:39.827+0000] {dag.py:3089} INFO - Sync 1 DAGs
[2024-08-03T09:03:39.837+0000] {logging_mixin.py:188} INFO - [2024-08-03T09:03:39.837+0000] {dag.py:3947} INFO - Setting next_dagrun for example_dag_decorator to None, run_after=None
[2024-08-03T09:03:39.862+0000] {processor.py:183} INFO - Processing /home/ubuntu/airflow-venv/lib/python3.12/site-packages/airflow/example_dags/example_dag_decorator.py took 0.250 seconds
[2024-08-03T09:04:41.648+0000] {processor.py:161} INFO - Started process (PID=6536) to work on /home/ubuntu/airflow-venv/lib/python3.12/site-packages/airflow/example_dags/example_dag_decorator.py
[2024-08-03T09:04:41.649+0000] {processor.py:830} INFO - Processing file /home/ubuntu/airflow-venv/lib/python3.12/site-packages/airflow/example_dags/example_dag_decorator.py for tasks to queue
[2024-08-03T09:04:41.652+0000] {logging_mixin.py:188} INFO - [2024-08-03T09:04:41.651+0000] {dagbag.py:545} INFO - Filling up the DagBag from /home/ubuntu/airflow-venv/lib/python3.12/site-packages/airflow/example_dags/example_dag_decorator.py
[2024-08-03T09:04:41.751+0000] {processor.py:840} INFO - DAG(s) 'example_dag_decorator' retrieved from /home/ubuntu/airflow-venv/lib/python3.12/site-packages/airflow/example_dags/example_dag_decorator.py
[2024-08-03T09:04:41.862+0000] {logging_mixin.py:188} INFO - [2024-08-03T09:04:41.861+0000] {dag.py:3089} INFO - Sync 1 DAGs
[2024-08-03T09:04:41.872+0000] {logging_mixin.py:188} INFO - [2024-08-03T09:04:41.872+0000] {dag.py:3947} INFO - Setting next_dagrun for example_dag_decorator to None, run_after=None
[2024-08-03T09:04:41.896+0000] {processor.py:183} INFO - Processing /home/ubuntu/airflow-venv/lib/python3.12/site-packages/airflow/example_dags/example_dag_decorator.py took 0.256 seconds
[2024-08-03T09:05:47.230+0000] {processor.py:161} INFO - Started process (PID=6645) to work on /home/ubuntu/airflow-venv/lib/python3.12/site-packages/airflow/example_dags/example_dag_decorator.py
[2024-08-03T09:05:47.232+0000] {processor.py:830} INFO - Processing file /home/ubuntu/airflow-venv/lib/python3.12/site-packages/airflow/example_dags/example_dag_decorator.py for tasks to queue
[2024-08-03T09:05:47.234+0000] {logging_mixin.py:188} INFO - [2024-08-03T09:05:47.233+0000] {dagbag.py:545} INFO - Filling up the DagBag from /home/ubuntu/airflow-venv/lib/python3.12/site-packages/airflow/example_dags/example_dag_decorator.py
[2024-08-03T09:05:47.329+0000] {processor.py:840} INFO - DAG(s) 'example_dag_decorator' retrieved from /home/ubuntu/airflow-venv/lib/python3.12/site-packages/airflow/example_dags/example_dag_decorator.py
[2024-08-03T09:05:47.434+0000] {logging_mixin.py:188} INFO - [2024-08-03T09:05:47.434+0000] {dag.py:3089} INFO - Sync 1 DAGs
[2024-08-03T09:05:47.445+0000] {logging_mixin.py:188} INFO - [2024-08-03T09:05:47.445+0000] {dag.py:3947} INFO - Setting next_dagrun for example_dag_decorator to None, run_after=None
[2024-08-03T09:05:47.469+0000] {processor.py:183} INFO - Processing /home/ubuntu/airflow-venv/lib/python3.12/site-packages/airflow/example_dags/example_dag_decorator.py took 0.246 seconds
[2024-08-03T09:06:53.113+0000] {processor.py:161} INFO - Started process (PID=6965) to work on /home/ubuntu/airflow-venv/lib/python3.12/site-packages/airflow/example_dags/example_dag_decorator.py
[2024-08-03T09:06:53.115+0000] {processor.py:830} INFO - Processing file /home/ubuntu/airflow-venv/lib/python3.12/site-packages/airflow/example_dags/example_dag_decorator.py for tasks to queue
[2024-08-03T09:06:53.117+0000] {logging_mixin.py:188} INFO - [2024-08-03T09:06:53.116+0000] {dagbag.py:545} INFO - Filling up the DagBag from /home/ubuntu/airflow-venv/lib/python3.12/site-packages/airflow/example_dags/example_dag_decorator.py
[2024-08-03T09:06:53.216+0000] {processor.py:840} INFO - DAG(s) 'example_dag_decorator' retrieved from /home/ubuntu/airflow-venv/lib/python3.12/site-packages/airflow/example_dags/example_dag_decorator.py
[2024-08-03T09:06:53.325+0000] {logging_mixin.py:188} INFO - [2024-08-03T09:06:53.324+0000] {dag.py:3089} INFO - Sync 1 DAGs
[2024-08-03T09:06:53.336+0000] {logging_mixin.py:188} INFO - [2024-08-03T09:06:53.336+0000] {dag.py:3947} INFO - Setting next_dagrun for example_dag_decorator to None, run_after=None
[2024-08-03T09:06:53.360+0000] {processor.py:183} INFO - Processing /home/ubuntu/airflow-venv/lib/python3.12/site-packages/airflow/example_dags/example_dag_decorator.py took 0.254 seconds
[2024-08-03T09:08:01.468+0000] {processor.py:161} INFO - Started process (PID=7187) to work on /home/ubuntu/airflow-venv/lib/python3.12/site-packages/airflow/example_dags/example_dag_decorator.py
[2024-08-03T09:08:01.470+0000] {processor.py:830} INFO - Processing file /home/ubuntu/airflow-venv/lib/python3.12/site-packages/airflow/example_dags/example_dag_decorator.py for tasks to queue
[2024-08-03T09:08:01.472+0000] {logging_mixin.py:188} INFO - [2024-08-03T09:08:01.472+0000] {dagbag.py:545} INFO - Filling up the DagBag from /home/ubuntu/airflow-venv/lib/python3.12/site-packages/airflow/example_dags/example_dag_decorator.py
[2024-08-03T09:08:01.574+0000] {processor.py:840} INFO - DAG(s) 'example_dag_decorator' retrieved from /home/ubuntu/airflow-venv/lib/python3.12/site-packages/airflow/example_dags/example_dag_decorator.py
[2024-08-03T09:08:01.687+0000] {logging_mixin.py:188} INFO - [2024-08-03T09:08:01.687+0000] {dag.py:3089} INFO - Sync 1 DAGs
[2024-08-03T09:08:01.698+0000] {logging_mixin.py:188} INFO - [2024-08-03T09:08:01.698+0000] {dag.py:3947} INFO - Setting next_dagrun for example_dag_decorator to None, run_after=None
[2024-08-03T09:08:01.725+0000] {processor.py:183} INFO - Processing /home/ubuntu/airflow-venv/lib/python3.12/site-packages/airflow/example_dags/example_dag_decorator.py took 0.265 seconds
[2024-08-03T09:09:04.068+0000] {processor.py:161} INFO - Started process (PID=7483) to work on /home/ubuntu/airflow-venv/lib/python3.12/site-packages/airflow/example_dags/example_dag_decorator.py
[2024-08-03T09:09:04.069+0000] {processor.py:830} INFO - Processing file /home/ubuntu/airflow-venv/lib/python3.12/site-packages/airflow/example_dags/example_dag_decorator.py for tasks to queue
[2024-08-03T09:09:04.072+0000] {logging_mixin.py:188} INFO - [2024-08-03T09:09:04.071+0000] {dagbag.py:545} INFO - Filling up the DagBag from /home/ubuntu/airflow-venv/lib/python3.12/site-packages/airflow/example_dags/example_dag_decorator.py
[2024-08-03T09:09:04.174+0000] {processor.py:840} INFO - DAG(s) 'example_dag_decorator' retrieved from /home/ubuntu/airflow-venv/lib/python3.12/site-packages/airflow/example_dags/example_dag_decorator.py
[2024-08-03T09:09:04.287+0000] {logging_mixin.py:188} INFO - [2024-08-03T09:09:04.286+0000] {dag.py:3089} INFO - Sync 1 DAGs
[2024-08-03T09:09:04.297+0000] {logging_mixin.py:188} INFO - [2024-08-03T09:09:04.297+0000] {dag.py:3947} INFO - Setting next_dagrun for example_dag_decorator to None, run_after=None
[2024-08-03T09:09:04.322+0000] {processor.py:183} INFO - Processing /home/ubuntu/airflow-venv/lib/python3.12/site-packages/airflow/example_dags/example_dag_decorator.py took 0.262 seconds
[2024-08-03T09:10:09.128+0000] {processor.py:161} INFO - Started process (PID=7781) to work on /home/ubuntu/airflow-venv/lib/python3.12/site-packages/airflow/example_dags/example_dag_decorator.py
[2024-08-03T09:10:09.130+0000] {processor.py:830} INFO - Processing file /home/ubuntu/airflow-venv/lib/python3.12/site-packages/airflow/example_dags/example_dag_decorator.py for tasks to queue
[2024-08-03T09:10:09.132+0000] {logging_mixin.py:188} INFO - [2024-08-03T09:10:09.131+0000] {dagbag.py:545} INFO - Filling up the DagBag from /home/ubuntu/airflow-venv/lib/python3.12/site-packages/airflow/example_dags/example_dag_decorator.py
[2024-08-03T09:10:09.230+0000] {processor.py:840} INFO - DAG(s) 'example_dag_decorator' retrieved from /home/ubuntu/airflow-venv/lib/python3.12/site-packages/airflow/example_dags/example_dag_decorator.py
[2024-08-03T09:10:09.337+0000] {logging_mixin.py:188} INFO - [2024-08-03T09:10:09.336+0000] {dag.py:3089} INFO - Sync 1 DAGs
[2024-08-03T09:10:09.347+0000] {logging_mixin.py:188} INFO - [2024-08-03T09:10:09.347+0000] {dag.py:3947} INFO - Setting next_dagrun for example_dag_decorator to None, run_after=None
[2024-08-03T09:10:09.370+0000] {processor.py:183} INFO - Processing /home/ubuntu/airflow-venv/lib/python3.12/site-packages/airflow/example_dags/example_dag_decorator.py took 0.250 seconds
[2024-08-03T09:11:08.811+0000] {processor.py:161} INFO - Started process (PID=7987) to work on /home/ubuntu/airflow-venv/lib/python3.12/site-packages/airflow/example_dags/example_dag_decorator.py
[2024-08-03T09:11:08.813+0000] {processor.py:830} INFO - Processing file /home/ubuntu/airflow-venv/lib/python3.12/site-packages/airflow/example_dags/example_dag_decorator.py for tasks to queue
[2024-08-03T09:11:08.815+0000] {logging_mixin.py:188} INFO - [2024-08-03T09:11:08.814+0000] {dagbag.py:545} INFO - Filling up the DagBag from /home/ubuntu/airflow-venv/lib/python3.12/site-packages/airflow/example_dags/example_dag_decorator.py
[2024-08-03T09:11:08.911+0000] {processor.py:840} INFO - DAG(s) 'example_dag_decorator' retrieved from /home/ubuntu/airflow-venv/lib/python3.12/site-packages/airflow/example_dags/example_dag_decorator.py
[2024-08-03T09:11:09.019+0000] {logging_mixin.py:188} INFO - [2024-08-03T09:11:09.019+0000] {dag.py:3089} INFO - Sync 1 DAGs
[2024-08-03T09:11:09.029+0000] {logging_mixin.py:188} INFO - [2024-08-03T09:11:09.029+0000] {dag.py:3947} INFO - Setting next_dagrun for example_dag_decorator to None, run_after=None
[2024-08-03T09:11:09.054+0000] {processor.py:183} INFO - Processing /home/ubuntu/airflow-venv/lib/python3.12/site-packages/airflow/example_dags/example_dag_decorator.py took 0.250 seconds
[2024-08-03T09:12:11.302+0000] {processor.py:161} INFO - Started process (PID=8191) to work on /home/ubuntu/airflow-venv/lib/python3.12/site-packages/airflow/example_dags/example_dag_decorator.py
[2024-08-03T09:12:11.303+0000] {processor.py:830} INFO - Processing file /home/ubuntu/airflow-venv/lib/python3.12/site-packages/airflow/example_dags/example_dag_decorator.py for tasks to queue
[2024-08-03T09:12:11.306+0000] {logging_mixin.py:188} INFO - [2024-08-03T09:12:11.305+0000] {dagbag.py:545} INFO - Filling up the DagBag from /home/ubuntu/airflow-venv/lib/python3.12/site-packages/airflow/example_dags/example_dag_decorator.py
[2024-08-03T09:12:11.402+0000] {processor.py:840} INFO - DAG(s) 'example_dag_decorator' retrieved from /home/ubuntu/airflow-venv/lib/python3.12/site-packages/airflow/example_dags/example_dag_decorator.py
[2024-08-03T09:12:11.510+0000] {logging_mixin.py:188} INFO - [2024-08-03T09:12:11.510+0000] {dag.py:3089} INFO - Sync 1 DAGs
[2024-08-03T09:12:11.520+0000] {logging_mixin.py:188} INFO - [2024-08-03T09:12:11.520+0000] {dag.py:3947} INFO - Setting next_dagrun for example_dag_decorator to None, run_after=None
[2024-08-03T09:12:11.544+0000] {processor.py:183} INFO - Processing /home/ubuntu/airflow-venv/lib/python3.12/site-packages/airflow/example_dags/example_dag_decorator.py took 0.250 seconds
[2024-08-03T09:13:16.097+0000] {processor.py:161} INFO - Started process (PID=8532) to work on /home/ubuntu/airflow-venv/lib/python3.12/site-packages/airflow/example_dags/example_dag_decorator.py
[2024-08-03T09:13:16.099+0000] {processor.py:830} INFO - Processing file /home/ubuntu/airflow-venv/lib/python3.12/site-packages/airflow/example_dags/example_dag_decorator.py for tasks to queue
[2024-08-03T09:13:16.101+0000] {logging_mixin.py:188} INFO - [2024-08-03T09:13:16.101+0000] {dagbag.py:545} INFO - Filling up the DagBag from /home/ubuntu/airflow-venv/lib/python3.12/site-packages/airflow/example_dags/example_dag_decorator.py
[2024-08-03T09:13:16.198+0000] {processor.py:840} INFO - DAG(s) 'example_dag_decorator' retrieved from /home/ubuntu/airflow-venv/lib/python3.12/site-packages/airflow/example_dags/example_dag_decorator.py
[2024-08-03T09:13:16.305+0000] {logging_mixin.py:188} INFO - [2024-08-03T09:13:16.304+0000] {dag.py:3089} INFO - Sync 1 DAGs
[2024-08-03T09:13:16.316+0000] {logging_mixin.py:188} INFO - [2024-08-03T09:13:16.316+0000] {dag.py:3947} INFO - Setting next_dagrun for example_dag_decorator to None, run_after=None
[2024-08-03T09:13:16.359+0000] {processor.py:183} INFO - Processing /home/ubuntu/airflow-venv/lib/python3.12/site-packages/airflow/example_dags/example_dag_decorator.py took 0.270 seconds
