[2024-08-03T08:30:35.237+0000] {processor.py:161} INFO - Started process (PID=1813) to work on /home/ubuntu/airflow-venv/lib/python3.12/site-packages/airflow/example_dags/example_sensor_decorator.py
[2024-08-03T08:30:35.238+0000] {processor.py:830} INFO - Processing file /home/ubuntu/airflow-venv/lib/python3.12/site-packages/airflow/example_dags/example_sensor_decorator.py for tasks to queue
[2024-08-03T08:30:35.240+0000] {logging_mixin.py:188} INFO - [2024-08-03T08:30:35.239+0000] {dagbag.py:545} INFO - Filling up the DagBag from /home/ubuntu/airflow-venv/lib/python3.12/site-packages/airflow/example_dags/example_sensor_decorator.py
[2024-08-03T08:30:35.246+0000] {processor.py:840} INFO - DAG(s) 'example_sensor_decorator' retrieved from /home/ubuntu/airflow-venv/lib/python3.12/site-packages/airflow/example_dags/example_sensor_decorator.py
[2024-08-03T08:30:35.356+0000] {logging_mixin.py:188} INFO - [2024-08-03T08:30:35.356+0000] {dag.py:3089} INFO - Sync 1 DAGs
[2024-08-03T08:30:35.366+0000] {logging_mixin.py:188} INFO - [2024-08-03T08:30:35.366+0000] {dag.py:3947} INFO - Setting next_dagrun for example_sensor_decorator to None, run_after=None
[2024-08-03T08:30:35.390+0000] {processor.py:183} INFO - Processing /home/ubuntu/airflow-venv/lib/python3.12/site-packages/airflow/example_dags/example_sensor_decorator.py took 0.158 seconds
[2024-08-03T08:31:31.677+0000] {processor.py:161} INFO - Started process (PID=1875) to work on /home/ubuntu/airflow-venv/lib/python3.12/site-packages/airflow/example_dags/example_sensor_decorator.py
[2024-08-03T08:31:31.678+0000] {processor.py:830} INFO - Processing file /home/ubuntu/airflow-venv/lib/python3.12/site-packages/airflow/example_dags/example_sensor_decorator.py for tasks to queue
[2024-08-03T08:31:31.680+0000] {logging_mixin.py:188} INFO - [2024-08-03T08:31:31.680+0000] {dagbag.py:545} INFO - Filling up the DagBag from /home/ubuntu/airflow-venv/lib/python3.12/site-packages/airflow/example_dags/example_sensor_decorator.py
[2024-08-03T08:31:31.687+0000] {processor.py:840} INFO - DAG(s) 'example_sensor_decorator' retrieved from /home/ubuntu/airflow-venv/lib/python3.12/site-packages/airflow/example_dags/example_sensor_decorator.py
[2024-08-03T08:31:31.704+0000] {logging_mixin.py:188} INFO - [2024-08-03T08:31:31.703+0000] {dag.py:3089} INFO - Sync 1 DAGs
[2024-08-03T08:31:31.716+0000] {logging_mixin.py:188} INFO - [2024-08-03T08:31:31.716+0000] {dag.py:3947} INFO - Setting next_dagrun for example_sensor_decorator to None, run_after=None
[2024-08-03T08:31:31.739+0000] {processor.py:183} INFO - Processing /home/ubuntu/airflow-venv/lib/python3.12/site-packages/airflow/example_dags/example_sensor_decorator.py took 0.068 seconds
[2024-08-03T08:33:04.297+0000] {processor.py:161} INFO - Started process (PID=1979) to work on /home/ubuntu/airflow-venv/lib/python3.12/site-packages/airflow/example_dags/example_sensor_decorator.py
[2024-08-03T08:33:04.299+0000] {processor.py:830} INFO - Processing file /home/ubuntu/airflow-venv/lib/python3.12/site-packages/airflow/example_dags/example_sensor_decorator.py for tasks to queue
[2024-08-03T08:33:04.300+0000] {logging_mixin.py:188} INFO - [2024-08-03T08:33:04.300+0000] {dagbag.py:545} INFO - Filling up the DagBag from /home/ubuntu/airflow-venv/lib/python3.12/site-packages/airflow/example_dags/example_sensor_decorator.py
[2024-08-03T08:33:04.307+0000] {processor.py:840} INFO - DAG(s) 'example_sensor_decorator' retrieved from /home/ubuntu/airflow-venv/lib/python3.12/site-packages/airflow/example_dags/example_sensor_decorator.py
[2024-08-03T08:33:04.318+0000] {logging_mixin.py:188} INFO - [2024-08-03T08:33:04.317+0000] {dag.py:3089} INFO - Sync 1 DAGs
[2024-08-03T08:33:04.331+0000] {logging_mixin.py:188} INFO - [2024-08-03T08:33:04.331+0000] {dag.py:3947} INFO - Setting next_dagrun for example_sensor_decorator to None, run_after=None
[2024-08-03T08:33:04.357+0000] {processor.py:183} INFO - Processing /home/ubuntu/airflow-venv/lib/python3.12/site-packages/airflow/example_dags/example_sensor_decorator.py took 0.066 seconds
[2024-08-03T08:34:00.389+0000] {processor.py:161} INFO - Started process (PID=2035) to work on /home/ubuntu/airflow-venv/lib/python3.12/site-packages/airflow/example_dags/example_sensor_decorator.py
[2024-08-03T08:34:00.391+0000] {processor.py:830} INFO - Processing file /home/ubuntu/airflow-venv/lib/python3.12/site-packages/airflow/example_dags/example_sensor_decorator.py for tasks to queue
[2024-08-03T08:34:00.392+0000] {logging_mixin.py:188} INFO - [2024-08-03T08:34:00.392+0000] {dagbag.py:545} INFO - Filling up the DagBag from /home/ubuntu/airflow-venv/lib/python3.12/site-packages/airflow/example_dags/example_sensor_decorator.py
[2024-08-03T08:34:00.399+0000] {processor.py:840} INFO - DAG(s) 'example_sensor_decorator' retrieved from /home/ubuntu/airflow-venv/lib/python3.12/site-packages/airflow/example_dags/example_sensor_decorator.py
[2024-08-03T08:34:00.503+0000] {logging_mixin.py:188} INFO - [2024-08-03T08:34:00.503+0000] {dag.py:3089} INFO - Sync 1 DAGs
[2024-08-03T08:34:00.513+0000] {logging_mixin.py:188} INFO - [2024-08-03T08:34:00.513+0000] {dag.py:3947} INFO - Setting next_dagrun for example_sensor_decorator to None, run_after=None
[2024-08-03T08:34:00.536+0000] {processor.py:183} INFO - Processing /home/ubuntu/airflow-venv/lib/python3.12/site-packages/airflow/example_dags/example_sensor_decorator.py took 0.153 seconds
[2024-08-03T08:35:12.896+0000] {processor.py:161} INFO - Started process (PID=2122) to work on /home/ubuntu/airflow-venv/lib/python3.12/site-packages/airflow/example_dags/example_sensor_decorator.py
[2024-08-03T08:35:12.898+0000] {processor.py:830} INFO - Processing file /home/ubuntu/airflow-venv/lib/python3.12/site-packages/airflow/example_dags/example_sensor_decorator.py for tasks to queue
[2024-08-03T08:35:12.900+0000] {logging_mixin.py:188} INFO - [2024-08-03T08:35:12.899+0000] {dagbag.py:545} INFO - Filling up the DagBag from /home/ubuntu/airflow-venv/lib/python3.12/site-packages/airflow/example_dags/example_sensor_decorator.py
[2024-08-03T08:35:12.907+0000] {processor.py:840} INFO - DAG(s) 'example_sensor_decorator' retrieved from /home/ubuntu/airflow-venv/lib/python3.12/site-packages/airflow/example_dags/example_sensor_decorator.py
[2024-08-03T08:35:12.923+0000] {logging_mixin.py:188} INFO - [2024-08-03T08:35:12.923+0000] {dag.py:3089} INFO - Sync 1 DAGs
[2024-08-03T08:35:12.936+0000] {logging_mixin.py:188} INFO - [2024-08-03T08:35:12.936+0000] {dag.py:3947} INFO - Setting next_dagrun for example_sensor_decorator to None, run_after=None
[2024-08-03T08:35:12.960+0000] {processor.py:183} INFO - Processing /home/ubuntu/airflow-venv/lib/python3.12/site-packages/airflow/example_dags/example_sensor_decorator.py took 0.069 seconds
[2024-08-03T08:36:07.768+0000] {processor.py:161} INFO - Started process (PID=2180) to work on /home/ubuntu/airflow-venv/lib/python3.12/site-packages/airflow/example_dags/example_sensor_decorator.py
[2024-08-03T08:36:07.770+0000] {processor.py:830} INFO - Processing file /home/ubuntu/airflow-venv/lib/python3.12/site-packages/airflow/example_dags/example_sensor_decorator.py for tasks to queue
[2024-08-03T08:36:07.771+0000] {logging_mixin.py:188} INFO - [2024-08-03T08:36:07.771+0000] {dagbag.py:545} INFO - Filling up the DagBag from /home/ubuntu/airflow-venv/lib/python3.12/site-packages/airflow/example_dags/example_sensor_decorator.py
[2024-08-03T08:36:07.779+0000] {processor.py:840} INFO - DAG(s) 'example_sensor_decorator' retrieved from /home/ubuntu/airflow-venv/lib/python3.12/site-packages/airflow/example_dags/example_sensor_decorator.py
[2024-08-03T08:36:07.796+0000] {logging_mixin.py:188} INFO - [2024-08-03T08:36:07.795+0000] {dag.py:3089} INFO - Sync 1 DAGs
[2024-08-03T08:36:07.809+0000] {logging_mixin.py:188} INFO - [2024-08-03T08:36:07.809+0000] {dag.py:3947} INFO - Setting next_dagrun for example_sensor_decorator to None, run_after=None
[2024-08-03T08:36:07.833+0000] {processor.py:183} INFO - Processing /home/ubuntu/airflow-venv/lib/python3.12/site-packages/airflow/example_dags/example_sensor_decorator.py took 0.072 seconds
[2024-08-03T08:36:58.791+0000] {processor.py:161} INFO - Started process (PID=2237) to work on /home/ubuntu/airflow-venv/lib/python3.12/site-packages/airflow/example_dags/example_sensor_decorator.py
[2024-08-03T08:36:58.792+0000] {processor.py:830} INFO - Processing file /home/ubuntu/airflow-venv/lib/python3.12/site-packages/airflow/example_dags/example_sensor_decorator.py for tasks to queue
[2024-08-03T08:36:58.794+0000] {logging_mixin.py:188} INFO - [2024-08-03T08:36:58.794+0000] {dagbag.py:545} INFO - Filling up the DagBag from /home/ubuntu/airflow-venv/lib/python3.12/site-packages/airflow/example_dags/example_sensor_decorator.py
[2024-08-03T08:36:58.801+0000] {processor.py:840} INFO - DAG(s) 'example_sensor_decorator' retrieved from /home/ubuntu/airflow-venv/lib/python3.12/site-packages/airflow/example_dags/example_sensor_decorator.py
[2024-08-03T08:36:58.818+0000] {logging_mixin.py:188} INFO - [2024-08-03T08:36:58.817+0000] {dag.py:3089} INFO - Sync 1 DAGs
[2024-08-03T08:36:58.830+0000] {logging_mixin.py:188} INFO - [2024-08-03T08:36:58.830+0000] {dag.py:3947} INFO - Setting next_dagrun for example_sensor_decorator to None, run_after=None
[2024-08-03T08:36:58.853+0000] {processor.py:183} INFO - Processing /home/ubuntu/airflow-venv/lib/python3.12/site-packages/airflow/example_dags/example_sensor_decorator.py took 0.068 seconds
[2024-08-03T08:37:58.667+0000] {processor.py:161} INFO - Started process (PID=2331) to work on /home/ubuntu/airflow-venv/lib/python3.12/site-packages/airflow/example_dags/example_sensor_decorator.py
[2024-08-03T08:37:58.669+0000] {processor.py:830} INFO - Processing file /home/ubuntu/airflow-venv/lib/python3.12/site-packages/airflow/example_dags/example_sensor_decorator.py for tasks to queue
[2024-08-03T08:37:58.671+0000] {logging_mixin.py:188} INFO - [2024-08-03T08:37:58.671+0000] {dagbag.py:545} INFO - Filling up the DagBag from /home/ubuntu/airflow-venv/lib/python3.12/site-packages/airflow/example_dags/example_sensor_decorator.py
[2024-08-03T08:37:58.678+0000] {processor.py:840} INFO - DAG(s) 'example_sensor_decorator' retrieved from /home/ubuntu/airflow-venv/lib/python3.12/site-packages/airflow/example_dags/example_sensor_decorator.py
[2024-08-03T08:37:58.695+0000] {logging_mixin.py:188} INFO - [2024-08-03T08:37:58.695+0000] {dag.py:3089} INFO - Sync 1 DAGs
[2024-08-03T08:37:58.708+0000] {logging_mixin.py:188} INFO - [2024-08-03T08:37:58.707+0000] {dag.py:3947} INFO - Setting next_dagrun for example_sensor_decorator to None, run_after=None
[2024-08-03T08:37:58.731+0000] {processor.py:183} INFO - Processing /home/ubuntu/airflow-venv/lib/python3.12/site-packages/airflow/example_dags/example_sensor_decorator.py took 0.070 seconds
[2024-08-03T08:38:54.659+0000] {processor.py:161} INFO - Started process (PID=2393) to work on /home/ubuntu/airflow-venv/lib/python3.12/site-packages/airflow/example_dags/example_sensor_decorator.py
[2024-08-03T08:38:54.661+0000] {processor.py:830} INFO - Processing file /home/ubuntu/airflow-venv/lib/python3.12/site-packages/airflow/example_dags/example_sensor_decorator.py for tasks to queue
[2024-08-03T08:38:54.663+0000] {logging_mixin.py:188} INFO - [2024-08-03T08:38:54.662+0000] {dagbag.py:545} INFO - Filling up the DagBag from /home/ubuntu/airflow-venv/lib/python3.12/site-packages/airflow/example_dags/example_sensor_decorator.py
[2024-08-03T08:38:54.670+0000] {processor.py:840} INFO - DAG(s) 'example_sensor_decorator' retrieved from /home/ubuntu/airflow-venv/lib/python3.12/site-packages/airflow/example_dags/example_sensor_decorator.py
[2024-08-03T08:38:54.686+0000] {logging_mixin.py:188} INFO - [2024-08-03T08:38:54.685+0000] {dag.py:3089} INFO - Sync 1 DAGs
[2024-08-03T08:38:54.698+0000] {logging_mixin.py:188} INFO - [2024-08-03T08:38:54.698+0000] {dag.py:3947} INFO - Setting next_dagrun for example_sensor_decorator to None, run_after=None
[2024-08-03T08:38:54.722+0000] {processor.py:183} INFO - Processing /home/ubuntu/airflow-venv/lib/python3.12/site-packages/airflow/example_dags/example_sensor_decorator.py took 0.068 seconds
[2024-08-03T08:39:50.515+0000] {processor.py:161} INFO - Started process (PID=2453) to work on /home/ubuntu/airflow-venv/lib/python3.12/site-packages/airflow/example_dags/example_sensor_decorator.py
[2024-08-03T08:39:50.517+0000] {processor.py:830} INFO - Processing file /home/ubuntu/airflow-venv/lib/python3.12/site-packages/airflow/example_dags/example_sensor_decorator.py for tasks to queue
[2024-08-03T08:39:50.518+0000] {logging_mixin.py:188} INFO - [2024-08-03T08:39:50.518+0000] {dagbag.py:545} INFO - Filling up the DagBag from /home/ubuntu/airflow-venv/lib/python3.12/site-packages/airflow/example_dags/example_sensor_decorator.py
[2024-08-03T08:39:50.526+0000] {processor.py:840} INFO - DAG(s) 'example_sensor_decorator' retrieved from /home/ubuntu/airflow-venv/lib/python3.12/site-packages/airflow/example_dags/example_sensor_decorator.py
[2024-08-03T08:39:50.543+0000] {logging_mixin.py:188} INFO - [2024-08-03T08:39:50.542+0000] {dag.py:3089} INFO - Sync 1 DAGs
[2024-08-03T08:39:50.556+0000] {logging_mixin.py:188} INFO - [2024-08-03T08:39:50.555+0000] {dag.py:3947} INFO - Setting next_dagrun for example_sensor_decorator to None, run_after=None
[2024-08-03T08:39:50.580+0000] {processor.py:183} INFO - Processing /home/ubuntu/airflow-venv/lib/python3.12/site-packages/airflow/example_dags/example_sensor_decorator.py took 0.070 seconds
[2024-08-03T08:40:41.604+0000] {processor.py:161} INFO - Started process (PID=2513) to work on /home/ubuntu/airflow-venv/lib/python3.12/site-packages/airflow/example_dags/example_sensor_decorator.py
[2024-08-03T08:40:41.606+0000] {processor.py:830} INFO - Processing file /home/ubuntu/airflow-venv/lib/python3.12/site-packages/airflow/example_dags/example_sensor_decorator.py for tasks to queue
[2024-08-03T08:40:41.607+0000] {logging_mixin.py:188} INFO - [2024-08-03T08:40:41.607+0000] {dagbag.py:545} INFO - Filling up the DagBag from /home/ubuntu/airflow-venv/lib/python3.12/site-packages/airflow/example_dags/example_sensor_decorator.py
[2024-08-03T08:40:41.615+0000] {processor.py:840} INFO - DAG(s) 'example_sensor_decorator' retrieved from /home/ubuntu/airflow-venv/lib/python3.12/site-packages/airflow/example_dags/example_sensor_decorator.py
[2024-08-03T08:40:41.632+0000] {logging_mixin.py:188} INFO - [2024-08-03T08:40:41.632+0000] {dag.py:3089} INFO - Sync 1 DAGs
[2024-08-03T08:40:41.645+0000] {logging_mixin.py:188} INFO - [2024-08-03T08:40:41.645+0000] {dag.py:3947} INFO - Setting next_dagrun for example_sensor_decorator to None, run_after=None
[2024-08-03T08:40:41.669+0000] {processor.py:183} INFO - Processing /home/ubuntu/airflow-venv/lib/python3.12/site-packages/airflow/example_dags/example_sensor_decorator.py took 0.071 seconds
[2024-08-03T08:41:29.970+0000] {processor.py:161} INFO - Started process (PID=2567) to work on /home/ubuntu/airflow-venv/lib/python3.12/site-packages/airflow/example_dags/example_sensor_decorator.py
[2024-08-03T08:41:29.972+0000] {processor.py:830} INFO - Processing file /home/ubuntu/airflow-venv/lib/python3.12/site-packages/airflow/example_dags/example_sensor_decorator.py for tasks to queue
[2024-08-03T08:41:29.974+0000] {logging_mixin.py:188} INFO - [2024-08-03T08:41:29.973+0000] {dagbag.py:545} INFO - Filling up the DagBag from /home/ubuntu/airflow-venv/lib/python3.12/site-packages/airflow/example_dags/example_sensor_decorator.py
[2024-08-03T08:41:29.981+0000] {processor.py:840} INFO - DAG(s) 'example_sensor_decorator' retrieved from /home/ubuntu/airflow-venv/lib/python3.12/site-packages/airflow/example_dags/example_sensor_decorator.py
[2024-08-03T08:41:29.997+0000] {logging_mixin.py:188} INFO - [2024-08-03T08:41:29.997+0000] {dag.py:3089} INFO - Sync 1 DAGs
[2024-08-03T08:41:30.010+0000] {logging_mixin.py:188} INFO - [2024-08-03T08:41:30.010+0000] {dag.py:3947} INFO - Setting next_dagrun for example_sensor_decorator to None, run_after=None
[2024-08-03T08:41:30.035+0000] {processor.py:183} INFO - Processing /home/ubuntu/airflow-venv/lib/python3.12/site-packages/airflow/example_dags/example_sensor_decorator.py took 0.072 seconds
[2024-08-03T08:42:17.343+0000] {processor.py:161} INFO - Started process (PID=2616) to work on /home/ubuntu/airflow-venv/lib/python3.12/site-packages/airflow/example_dags/example_sensor_decorator.py
[2024-08-03T08:42:17.345+0000] {processor.py:830} INFO - Processing file /home/ubuntu/airflow-venv/lib/python3.12/site-packages/airflow/example_dags/example_sensor_decorator.py for tasks to queue
[2024-08-03T08:42:17.347+0000] {logging_mixin.py:188} INFO - [2024-08-03T08:42:17.346+0000] {dagbag.py:545} INFO - Filling up the DagBag from /home/ubuntu/airflow-venv/lib/python3.12/site-packages/airflow/example_dags/example_sensor_decorator.py
[2024-08-03T08:42:17.354+0000] {processor.py:840} INFO - DAG(s) 'example_sensor_decorator' retrieved from /home/ubuntu/airflow-venv/lib/python3.12/site-packages/airflow/example_dags/example_sensor_decorator.py
[2024-08-03T08:42:17.370+0000] {logging_mixin.py:188} INFO - [2024-08-03T08:42:17.369+0000] {dag.py:3089} INFO - Sync 1 DAGs
[2024-08-03T08:42:17.382+0000] {logging_mixin.py:188} INFO - [2024-08-03T08:42:17.382+0000] {dag.py:3947} INFO - Setting next_dagrun for example_sensor_decorator to None, run_after=None
[2024-08-03T08:42:17.405+0000] {processor.py:183} INFO - Processing /home/ubuntu/airflow-venv/lib/python3.12/site-packages/airflow/example_dags/example_sensor_decorator.py took 0.068 seconds
[2024-08-03T08:43:02.101+0000] {processor.py:161} INFO - Started process (PID=2666) to work on /home/ubuntu/airflow-venv/lib/python3.12/site-packages/airflow/example_dags/example_sensor_decorator.py
[2024-08-03T08:43:02.103+0000] {processor.py:830} INFO - Processing file /home/ubuntu/airflow-venv/lib/python3.12/site-packages/airflow/example_dags/example_sensor_decorator.py for tasks to queue
[2024-08-03T08:43:02.105+0000] {logging_mixin.py:188} INFO - [2024-08-03T08:43:02.104+0000] {dagbag.py:545} INFO - Filling up the DagBag from /home/ubuntu/airflow-venv/lib/python3.12/site-packages/airflow/example_dags/example_sensor_decorator.py
[2024-08-03T08:43:02.112+0000] {processor.py:840} INFO - DAG(s) 'example_sensor_decorator' retrieved from /home/ubuntu/airflow-venv/lib/python3.12/site-packages/airflow/example_dags/example_sensor_decorator.py
[2024-08-03T08:43:02.129+0000] {logging_mixin.py:188} INFO - [2024-08-03T08:43:02.129+0000] {dag.py:3089} INFO - Sync 1 DAGs
[2024-08-03T08:43:02.143+0000] {logging_mixin.py:188} INFO - [2024-08-03T08:43:02.142+0000] {dag.py:3947} INFO - Setting next_dagrun for example_sensor_decorator to None, run_after=None
[2024-08-03T08:43:02.169+0000] {processor.py:183} INFO - Processing /home/ubuntu/airflow-venv/lib/python3.12/site-packages/airflow/example_dags/example_sensor_decorator.py took 0.074 seconds
[2024-08-03T08:43:45.950+0000] {processor.py:161} INFO - Started process (PID=2714) to work on /home/ubuntu/airflow-venv/lib/python3.12/site-packages/airflow/example_dags/example_sensor_decorator.py
[2024-08-03T08:43:45.951+0000] {processor.py:830} INFO - Processing file /home/ubuntu/airflow-venv/lib/python3.12/site-packages/airflow/example_dags/example_sensor_decorator.py for tasks to queue
[2024-08-03T08:43:45.953+0000] {logging_mixin.py:188} INFO - [2024-08-03T08:43:45.953+0000] {dagbag.py:545} INFO - Filling up the DagBag from /home/ubuntu/airflow-venv/lib/python3.12/site-packages/airflow/example_dags/example_sensor_decorator.py
[2024-08-03T08:43:45.961+0000] {processor.py:840} INFO - DAG(s) 'example_sensor_decorator' retrieved from /home/ubuntu/airflow-venv/lib/python3.12/site-packages/airflow/example_dags/example_sensor_decorator.py
[2024-08-03T08:43:45.977+0000] {logging_mixin.py:188} INFO - [2024-08-03T08:43:45.977+0000] {dag.py:3089} INFO - Sync 1 DAGs
[2024-08-03T08:43:45.990+0000] {logging_mixin.py:188} INFO - [2024-08-03T08:43:45.990+0000] {dag.py:3947} INFO - Setting next_dagrun for example_sensor_decorator to None, run_after=None
[2024-08-03T08:43:46.015+0000] {processor.py:183} INFO - Processing /home/ubuntu/airflow-venv/lib/python3.12/site-packages/airflow/example_dags/example_sensor_decorator.py took 0.071 seconds
[2024-08-03T08:44:28.157+0000] {processor.py:161} INFO - Started process (PID=2904) to work on /home/ubuntu/airflow-venv/lib/python3.12/site-packages/airflow/example_dags/example_sensor_decorator.py
[2024-08-03T08:44:28.158+0000] {processor.py:830} INFO - Processing file /home/ubuntu/airflow-venv/lib/python3.12/site-packages/airflow/example_dags/example_sensor_decorator.py for tasks to queue
[2024-08-03T08:44:28.160+0000] {logging_mixin.py:188} INFO - [2024-08-03T08:44:28.160+0000] {dagbag.py:545} INFO - Filling up the DagBag from /home/ubuntu/airflow-venv/lib/python3.12/site-packages/airflow/example_dags/example_sensor_decorator.py
[2024-08-03T08:44:28.167+0000] {processor.py:840} INFO - DAG(s) 'example_sensor_decorator' retrieved from /home/ubuntu/airflow-venv/lib/python3.12/site-packages/airflow/example_dags/example_sensor_decorator.py
[2024-08-03T08:44:28.184+0000] {logging_mixin.py:188} INFO - [2024-08-03T08:44:28.183+0000] {dag.py:3089} INFO - Sync 1 DAGs
[2024-08-03T08:44:28.196+0000] {logging_mixin.py:188} INFO - [2024-08-03T08:44:28.196+0000] {dag.py:3947} INFO - Setting next_dagrun for example_sensor_decorator to None, run_after=None
[2024-08-03T08:44:28.220+0000] {processor.py:183} INFO - Processing /home/ubuntu/airflow-venv/lib/python3.12/site-packages/airflow/example_dags/example_sensor_decorator.py took 0.069 seconds
[2024-08-03T08:45:12.168+0000] {processor.py:161} INFO - Started process (PID=3019) to work on /home/ubuntu/airflow-venv/lib/python3.12/site-packages/airflow/example_dags/example_sensor_decorator.py
[2024-08-03T08:45:12.170+0000] {processor.py:830} INFO - Processing file /home/ubuntu/airflow-venv/lib/python3.12/site-packages/airflow/example_dags/example_sensor_decorator.py for tasks to queue
[2024-08-03T08:45:12.171+0000] {logging_mixin.py:188} INFO - [2024-08-03T08:45:12.171+0000] {dagbag.py:545} INFO - Filling up the DagBag from /home/ubuntu/airflow-venv/lib/python3.12/site-packages/airflow/example_dags/example_sensor_decorator.py
[2024-08-03T08:45:12.179+0000] {processor.py:840} INFO - DAG(s) 'example_sensor_decorator' retrieved from /home/ubuntu/airflow-venv/lib/python3.12/site-packages/airflow/example_dags/example_sensor_decorator.py
[2024-08-03T08:45:12.195+0000] {logging_mixin.py:188} INFO - [2024-08-03T08:45:12.195+0000] {dag.py:3089} INFO - Sync 1 DAGs
[2024-08-03T08:45:12.208+0000] {logging_mixin.py:188} INFO - [2024-08-03T08:45:12.207+0000] {dag.py:3947} INFO - Setting next_dagrun for example_sensor_decorator to None, run_after=None
[2024-08-03T08:45:12.232+0000] {processor.py:183} INFO - Processing /home/ubuntu/airflow-venv/lib/python3.12/site-packages/airflow/example_dags/example_sensor_decorator.py took 0.070 seconds
[2024-08-03T08:45:56.232+0000] {processor.py:161} INFO - Started process (PID=3117) to work on /home/ubuntu/airflow-venv/lib/python3.12/site-packages/airflow/example_dags/example_sensor_decorator.py
[2024-08-03T08:45:56.233+0000] {processor.py:830} INFO - Processing file /home/ubuntu/airflow-venv/lib/python3.12/site-packages/airflow/example_dags/example_sensor_decorator.py for tasks to queue
[2024-08-03T08:45:56.235+0000] {logging_mixin.py:188} INFO - [2024-08-03T08:45:56.235+0000] {dagbag.py:545} INFO - Filling up the DagBag from /home/ubuntu/airflow-venv/lib/python3.12/site-packages/airflow/example_dags/example_sensor_decorator.py
[2024-08-03T08:45:56.242+0000] {processor.py:840} INFO - DAG(s) 'example_sensor_decorator' retrieved from /home/ubuntu/airflow-venv/lib/python3.12/site-packages/airflow/example_dags/example_sensor_decorator.py
[2024-08-03T08:45:56.258+0000] {logging_mixin.py:188} INFO - [2024-08-03T08:45:56.258+0000] {dag.py:3089} INFO - Sync 1 DAGs
[2024-08-03T08:45:56.270+0000] {logging_mixin.py:188} INFO - [2024-08-03T08:45:56.270+0000] {dag.py:3947} INFO - Setting next_dagrun for example_sensor_decorator to None, run_after=None
[2024-08-03T08:45:56.293+0000] {processor.py:183} INFO - Processing /home/ubuntu/airflow-venv/lib/python3.12/site-packages/airflow/example_dags/example_sensor_decorator.py took 0.067 seconds
[2024-08-03T08:46:37.628+0000] {processor.py:161} INFO - Started process (PID=3163) to work on /home/ubuntu/airflow-venv/lib/python3.12/site-packages/airflow/example_dags/example_sensor_decorator.py
[2024-08-03T08:46:37.630+0000] {processor.py:830} INFO - Processing file /home/ubuntu/airflow-venv/lib/python3.12/site-packages/airflow/example_dags/example_sensor_decorator.py for tasks to queue
[2024-08-03T08:46:37.632+0000] {logging_mixin.py:188} INFO - [2024-08-03T08:46:37.631+0000] {dagbag.py:545} INFO - Filling up the DagBag from /home/ubuntu/airflow-venv/lib/python3.12/site-packages/airflow/example_dags/example_sensor_decorator.py
[2024-08-03T08:46:37.639+0000] {processor.py:840} INFO - DAG(s) 'example_sensor_decorator' retrieved from /home/ubuntu/airflow-venv/lib/python3.12/site-packages/airflow/example_dags/example_sensor_decorator.py
[2024-08-03T08:46:37.656+0000] {logging_mixin.py:188} INFO - [2024-08-03T08:46:37.656+0000] {dag.py:3089} INFO - Sync 1 DAGs
[2024-08-03T08:46:37.668+0000] {logging_mixin.py:188} INFO - [2024-08-03T08:46:37.668+0000] {dag.py:3947} INFO - Setting next_dagrun for example_sensor_decorator to None, run_after=None
[2024-08-03T08:46:37.692+0000] {processor.py:183} INFO - Processing /home/ubuntu/airflow-venv/lib/python3.12/site-packages/airflow/example_dags/example_sensor_decorator.py took 0.070 seconds
[2024-08-03T08:47:21.101+0000] {processor.py:161} INFO - Started process (PID=3570) to work on /home/ubuntu/airflow-venv/lib/python3.12/site-packages/airflow/example_dags/example_sensor_decorator.py
[2024-08-03T08:47:21.102+0000] {processor.py:830} INFO - Processing file /home/ubuntu/airflow-venv/lib/python3.12/site-packages/airflow/example_dags/example_sensor_decorator.py for tasks to queue
[2024-08-03T08:47:21.104+0000] {logging_mixin.py:188} INFO - [2024-08-03T08:47:21.104+0000] {dagbag.py:545} INFO - Filling up the DagBag from /home/ubuntu/airflow-venv/lib/python3.12/site-packages/airflow/example_dags/example_sensor_decorator.py
[2024-08-03T08:47:21.112+0000] {processor.py:840} INFO - DAG(s) 'example_sensor_decorator' retrieved from /home/ubuntu/airflow-venv/lib/python3.12/site-packages/airflow/example_dags/example_sensor_decorator.py
[2024-08-03T08:47:21.129+0000] {logging_mixin.py:188} INFO - [2024-08-03T08:47:21.129+0000] {dag.py:3089} INFO - Sync 1 DAGs
[2024-08-03T08:47:21.142+0000] {logging_mixin.py:188} INFO - [2024-08-03T08:47:21.142+0000] {dag.py:3947} INFO - Setting next_dagrun for example_sensor_decorator to None, run_after=None
[2024-08-03T08:47:21.168+0000] {processor.py:183} INFO - Processing /home/ubuntu/airflow-venv/lib/python3.12/site-packages/airflow/example_dags/example_sensor_decorator.py took 0.073 seconds
[2024-08-03T08:48:03.808+0000] {processor.py:161} INFO - Started process (PID=3726) to work on /home/ubuntu/airflow-venv/lib/python3.12/site-packages/airflow/example_dags/example_sensor_decorator.py
[2024-08-03T08:48:03.809+0000] {processor.py:830} INFO - Processing file /home/ubuntu/airflow-venv/lib/python3.12/site-packages/airflow/example_dags/example_sensor_decorator.py for tasks to queue
[2024-08-03T08:48:03.811+0000] {logging_mixin.py:188} INFO - [2024-08-03T08:48:03.810+0000] {dagbag.py:545} INFO - Filling up the DagBag from /home/ubuntu/airflow-venv/lib/python3.12/site-packages/airflow/example_dags/example_sensor_decorator.py
[2024-08-03T08:48:03.818+0000] {processor.py:840} INFO - DAG(s) 'example_sensor_decorator' retrieved from /home/ubuntu/airflow-venv/lib/python3.12/site-packages/airflow/example_dags/example_sensor_decorator.py
[2024-08-03T08:48:03.834+0000] {logging_mixin.py:188} INFO - [2024-08-03T08:48:03.834+0000] {dag.py:3089} INFO - Sync 1 DAGs
[2024-08-03T08:48:03.847+0000] {logging_mixin.py:188} INFO - [2024-08-03T08:48:03.846+0000] {dag.py:3947} INFO - Setting next_dagrun for example_sensor_decorator to None, run_after=None
[2024-08-03T08:48:03.872+0000] {processor.py:183} INFO - Processing /home/ubuntu/airflow-venv/lib/python3.12/site-packages/airflow/example_dags/example_sensor_decorator.py took 0.070 seconds
[2024-08-03T08:48:47.001+0000] {processor.py:161} INFO - Started process (PID=3826) to work on /home/ubuntu/airflow-venv/lib/python3.12/site-packages/airflow/example_dags/example_sensor_decorator.py
[2024-08-03T08:48:47.002+0000] {processor.py:830} INFO - Processing file /home/ubuntu/airflow-venv/lib/python3.12/site-packages/airflow/example_dags/example_sensor_decorator.py for tasks to queue
[2024-08-03T08:48:47.004+0000] {logging_mixin.py:188} INFO - [2024-08-03T08:48:47.003+0000] {dagbag.py:545} INFO - Filling up the DagBag from /home/ubuntu/airflow-venv/lib/python3.12/site-packages/airflow/example_dags/example_sensor_decorator.py
[2024-08-03T08:48:47.011+0000] {processor.py:840} INFO - DAG(s) 'example_sensor_decorator' retrieved from /home/ubuntu/airflow-venv/lib/python3.12/site-packages/airflow/example_dags/example_sensor_decorator.py
[2024-08-03T08:48:47.027+0000] {logging_mixin.py:188} INFO - [2024-08-03T08:48:47.027+0000] {dag.py:3089} INFO - Sync 1 DAGs
[2024-08-03T08:48:47.039+0000] {logging_mixin.py:188} INFO - [2024-08-03T08:48:47.039+0000] {dag.py:3947} INFO - Setting next_dagrun for example_sensor_decorator to None, run_after=None
[2024-08-03T08:48:47.062+0000] {processor.py:183} INFO - Processing /home/ubuntu/airflow-venv/lib/python3.12/site-packages/airflow/example_dags/example_sensor_decorator.py took 0.068 seconds
[2024-08-03T08:49:31.610+0000] {processor.py:161} INFO - Started process (PID=4010) to work on /home/ubuntu/airflow-venv/lib/python3.12/site-packages/airflow/example_dags/example_sensor_decorator.py
[2024-08-03T08:49:31.612+0000] {processor.py:830} INFO - Processing file /home/ubuntu/airflow-venv/lib/python3.12/site-packages/airflow/example_dags/example_sensor_decorator.py for tasks to queue
[2024-08-03T08:49:31.613+0000] {logging_mixin.py:188} INFO - [2024-08-03T08:49:31.613+0000] {dagbag.py:545} INFO - Filling up the DagBag from /home/ubuntu/airflow-venv/lib/python3.12/site-packages/airflow/example_dags/example_sensor_decorator.py
[2024-08-03T08:49:31.621+0000] {processor.py:840} INFO - DAG(s) 'example_sensor_decorator' retrieved from /home/ubuntu/airflow-venv/lib/python3.12/site-packages/airflow/example_dags/example_sensor_decorator.py
[2024-08-03T08:49:31.637+0000] {logging_mixin.py:188} INFO - [2024-08-03T08:49:31.637+0000] {dag.py:3089} INFO - Sync 1 DAGs
[2024-08-03T08:49:31.650+0000] {logging_mixin.py:188} INFO - [2024-08-03T08:49:31.650+0000] {dag.py:3947} INFO - Setting next_dagrun for example_sensor_decorator to None, run_after=None
[2024-08-03T08:49:31.674+0000] {processor.py:183} INFO - Processing /home/ubuntu/airflow-venv/lib/python3.12/site-packages/airflow/example_dags/example_sensor_decorator.py took 0.070 seconds
[2024-08-03T08:50:16.080+0000] {processor.py:161} INFO - Started process (PID=4396) to work on /home/ubuntu/airflow-venv/lib/python3.12/site-packages/airflow/example_dags/example_sensor_decorator.py
[2024-08-03T08:50:16.082+0000] {processor.py:830} INFO - Processing file /home/ubuntu/airflow-venv/lib/python3.12/site-packages/airflow/example_dags/example_sensor_decorator.py for tasks to queue
[2024-08-03T08:50:16.083+0000] {logging_mixin.py:188} INFO - [2024-08-03T08:50:16.083+0000] {dagbag.py:545} INFO - Filling up the DagBag from /home/ubuntu/airflow-venv/lib/python3.12/site-packages/airflow/example_dags/example_sensor_decorator.py
[2024-08-03T08:50:16.091+0000] {processor.py:840} INFO - DAG(s) 'example_sensor_decorator' retrieved from /home/ubuntu/airflow-venv/lib/python3.12/site-packages/airflow/example_dags/example_sensor_decorator.py
[2024-08-03T08:50:16.108+0000] {logging_mixin.py:188} INFO - [2024-08-03T08:50:16.107+0000] {dag.py:3089} INFO - Sync 1 DAGs
[2024-08-03T08:50:16.120+0000] {logging_mixin.py:188} INFO - [2024-08-03T08:50:16.120+0000] {dag.py:3947} INFO - Setting next_dagrun for example_sensor_decorator to None, run_after=None
[2024-08-03T08:50:16.148+0000] {processor.py:183} INFO - Processing /home/ubuntu/airflow-venv/lib/python3.12/site-packages/airflow/example_dags/example_sensor_decorator.py took 0.074 seconds
[2024-08-03T08:51:05.442+0000] {processor.py:161} INFO - Started process (PID=4570) to work on /home/ubuntu/airflow-venv/lib/python3.12/site-packages/airflow/example_dags/example_sensor_decorator.py
[2024-08-03T08:51:05.443+0000] {processor.py:830} INFO - Processing file /home/ubuntu/airflow-venv/lib/python3.12/site-packages/airflow/example_dags/example_sensor_decorator.py for tasks to queue
[2024-08-03T08:51:05.445+0000] {logging_mixin.py:188} INFO - [2024-08-03T08:51:05.444+0000] {dagbag.py:545} INFO - Filling up the DagBag from /home/ubuntu/airflow-venv/lib/python3.12/site-packages/airflow/example_dags/example_sensor_decorator.py
[2024-08-03T08:51:05.452+0000] {processor.py:840} INFO - DAG(s) 'example_sensor_decorator' retrieved from /home/ubuntu/airflow-venv/lib/python3.12/site-packages/airflow/example_dags/example_sensor_decorator.py
[2024-08-03T08:51:05.469+0000] {logging_mixin.py:188} INFO - [2024-08-03T08:51:05.468+0000] {dag.py:3089} INFO - Sync 1 DAGs
[2024-08-03T08:51:05.482+0000] {logging_mixin.py:188} INFO - [2024-08-03T08:51:05.481+0000] {dag.py:3947} INFO - Setting next_dagrun for example_sensor_decorator to None, run_after=None
[2024-08-03T08:51:05.506+0000] {processor.py:183} INFO - Processing /home/ubuntu/airflow-venv/lib/python3.12/site-packages/airflow/example_dags/example_sensor_decorator.py took 0.072 seconds
[2024-08-03T08:51:55.356+0000] {processor.py:161} INFO - Started process (PID=4703) to work on /home/ubuntu/airflow-venv/lib/python3.12/site-packages/airflow/example_dags/example_sensor_decorator.py
[2024-08-03T08:51:55.357+0000] {processor.py:830} INFO - Processing file /home/ubuntu/airflow-venv/lib/python3.12/site-packages/airflow/example_dags/example_sensor_decorator.py for tasks to queue
[2024-08-03T08:51:55.359+0000] {logging_mixin.py:188} INFO - [2024-08-03T08:51:55.359+0000] {dagbag.py:545} INFO - Filling up the DagBag from /home/ubuntu/airflow-venv/lib/python3.12/site-packages/airflow/example_dags/example_sensor_decorator.py
[2024-08-03T08:51:55.366+0000] {processor.py:840} INFO - DAG(s) 'example_sensor_decorator' retrieved from /home/ubuntu/airflow-venv/lib/python3.12/site-packages/airflow/example_dags/example_sensor_decorator.py
[2024-08-03T08:51:55.382+0000] {logging_mixin.py:188} INFO - [2024-08-03T08:51:55.382+0000] {dag.py:3089} INFO - Sync 1 DAGs
[2024-08-03T08:51:55.396+0000] {logging_mixin.py:188} INFO - [2024-08-03T08:51:55.395+0000] {dag.py:3947} INFO - Setting next_dagrun for example_sensor_decorator to None, run_after=None
[2024-08-03T08:51:55.420+0000] {processor.py:183} INFO - Processing /home/ubuntu/airflow-venv/lib/python3.12/site-packages/airflow/example_dags/example_sensor_decorator.py took 0.072 seconds
[2024-08-03T08:52:39.766+0000] {processor.py:161} INFO - Started process (PID=4809) to work on /home/ubuntu/airflow-venv/lib/python3.12/site-packages/airflow/example_dags/example_sensor_decorator.py
[2024-08-03T08:52:39.767+0000] {processor.py:830} INFO - Processing file /home/ubuntu/airflow-venv/lib/python3.12/site-packages/airflow/example_dags/example_sensor_decorator.py for tasks to queue
[2024-08-03T08:52:39.769+0000] {logging_mixin.py:188} INFO - [2024-08-03T08:52:39.768+0000] {dagbag.py:545} INFO - Filling up the DagBag from /home/ubuntu/airflow-venv/lib/python3.12/site-packages/airflow/example_dags/example_sensor_decorator.py
[2024-08-03T08:52:39.776+0000] {processor.py:840} INFO - DAG(s) 'example_sensor_decorator' retrieved from /home/ubuntu/airflow-venv/lib/python3.12/site-packages/airflow/example_dags/example_sensor_decorator.py
[2024-08-03T08:52:39.792+0000] {logging_mixin.py:188} INFO - [2024-08-03T08:52:39.791+0000] {dag.py:3089} INFO - Sync 1 DAGs
[2024-08-03T08:52:39.806+0000] {logging_mixin.py:188} INFO - [2024-08-03T08:52:39.806+0000] {dag.py:3947} INFO - Setting next_dagrun for example_sensor_decorator to None, run_after=None
[2024-08-03T08:52:39.835+0000] {processor.py:183} INFO - Processing /home/ubuntu/airflow-venv/lib/python3.12/site-packages/airflow/example_dags/example_sensor_decorator.py took 0.077 seconds
[2024-08-03T08:53:21.351+0000] {processor.py:161} INFO - Started process (PID=4854) to work on /home/ubuntu/airflow-venv/lib/python3.12/site-packages/airflow/example_dags/example_sensor_decorator.py
[2024-08-03T08:53:21.352+0000] {processor.py:830} INFO - Processing file /home/ubuntu/airflow-venv/lib/python3.12/site-packages/airflow/example_dags/example_sensor_decorator.py for tasks to queue
[2024-08-03T08:53:21.354+0000] {logging_mixin.py:188} INFO - [2024-08-03T08:53:21.353+0000] {dagbag.py:545} INFO - Filling up the DagBag from /home/ubuntu/airflow-venv/lib/python3.12/site-packages/airflow/example_dags/example_sensor_decorator.py
[2024-08-03T08:53:21.360+0000] {processor.py:840} INFO - DAG(s) 'example_sensor_decorator' retrieved from /home/ubuntu/airflow-venv/lib/python3.12/site-packages/airflow/example_dags/example_sensor_decorator.py
[2024-08-03T08:53:21.377+0000] {logging_mixin.py:188} INFO - [2024-08-03T08:53:21.377+0000] {dag.py:3089} INFO - Sync 1 DAGs
[2024-08-03T08:53:21.389+0000] {logging_mixin.py:188} INFO - [2024-08-03T08:53:21.389+0000] {dag.py:3947} INFO - Setting next_dagrun for example_sensor_decorator to None, run_after=None
[2024-08-03T08:53:21.414+0000] {processor.py:183} INFO - Processing /home/ubuntu/airflow-venv/lib/python3.12/site-packages/airflow/example_dags/example_sensor_decorator.py took 0.071 seconds
[2024-08-03T08:54:06.811+0000] {processor.py:161} INFO - Started process (PID=4909) to work on /home/ubuntu/airflow-venv/lib/python3.12/site-packages/airflow/example_dags/example_sensor_decorator.py
[2024-08-03T08:54:06.812+0000] {processor.py:830} INFO - Processing file /home/ubuntu/airflow-venv/lib/python3.12/site-packages/airflow/example_dags/example_sensor_decorator.py for tasks to queue
[2024-08-03T08:54:06.814+0000] {logging_mixin.py:188} INFO - [2024-08-03T08:54:06.814+0000] {dagbag.py:545} INFO - Filling up the DagBag from /home/ubuntu/airflow-venv/lib/python3.12/site-packages/airflow/example_dags/example_sensor_decorator.py
[2024-08-03T08:54:06.821+0000] {processor.py:840} INFO - DAG(s) 'example_sensor_decorator' retrieved from /home/ubuntu/airflow-venv/lib/python3.12/site-packages/airflow/example_dags/example_sensor_decorator.py
[2024-08-03T08:54:06.838+0000] {logging_mixin.py:188} INFO - [2024-08-03T08:54:06.838+0000] {dag.py:3089} INFO - Sync 1 DAGs
[2024-08-03T08:54:06.851+0000] {logging_mixin.py:188} INFO - [2024-08-03T08:54:06.850+0000] {dag.py:3947} INFO - Setting next_dagrun for example_sensor_decorator to None, run_after=None
[2024-08-03T08:54:06.884+0000] {processor.py:183} INFO - Processing /home/ubuntu/airflow-venv/lib/python3.12/site-packages/airflow/example_dags/example_sensor_decorator.py took 0.081 seconds
[2024-08-03T08:55:08.046+0000] {processor.py:161} INFO - Started process (PID=4982) to work on /home/ubuntu/airflow-venv/lib/python3.12/site-packages/airflow/example_dags/example_sensor_decorator.py
[2024-08-03T08:55:08.048+0000] {processor.py:830} INFO - Processing file /home/ubuntu/airflow-venv/lib/python3.12/site-packages/airflow/example_dags/example_sensor_decorator.py for tasks to queue
[2024-08-03T08:55:08.049+0000] {logging_mixin.py:188} INFO - [2024-08-03T08:55:08.049+0000] {dagbag.py:545} INFO - Filling up the DagBag from /home/ubuntu/airflow-venv/lib/python3.12/site-packages/airflow/example_dags/example_sensor_decorator.py
[2024-08-03T08:55:08.056+0000] {processor.py:840} INFO - DAG(s) 'example_sensor_decorator' retrieved from /home/ubuntu/airflow-venv/lib/python3.12/site-packages/airflow/example_dags/example_sensor_decorator.py
[2024-08-03T08:55:08.072+0000] {logging_mixin.py:188} INFO - [2024-08-03T08:55:08.072+0000] {dag.py:3089} INFO - Sync 1 DAGs
[2024-08-03T08:55:08.084+0000] {logging_mixin.py:188} INFO - [2024-08-03T08:55:08.084+0000] {dag.py:3947} INFO - Setting next_dagrun for example_sensor_decorator to None, run_after=None
[2024-08-03T08:55:08.107+0000] {processor.py:183} INFO - Processing /home/ubuntu/airflow-venv/lib/python3.12/site-packages/airflow/example_dags/example_sensor_decorator.py took 0.069 seconds
[2024-08-03T08:56:13.608+0000] {processor.py:161} INFO - Started process (PID=5051) to work on /home/ubuntu/airflow-venv/lib/python3.12/site-packages/airflow/example_dags/example_sensor_decorator.py
[2024-08-03T08:56:13.610+0000] {processor.py:830} INFO - Processing file /home/ubuntu/airflow-venv/lib/python3.12/site-packages/airflow/example_dags/example_sensor_decorator.py for tasks to queue
[2024-08-03T08:56:13.612+0000] {logging_mixin.py:188} INFO - [2024-08-03T08:56:13.611+0000] {dagbag.py:545} INFO - Filling up the DagBag from /home/ubuntu/airflow-venv/lib/python3.12/site-packages/airflow/example_dags/example_sensor_decorator.py
[2024-08-03T08:56:13.618+0000] {processor.py:840} INFO - DAG(s) 'example_sensor_decorator' retrieved from /home/ubuntu/airflow-venv/lib/python3.12/site-packages/airflow/example_dags/example_sensor_decorator.py
[2024-08-03T08:56:13.635+0000] {logging_mixin.py:188} INFO - [2024-08-03T08:56:13.635+0000] {dag.py:3089} INFO - Sync 1 DAGs
[2024-08-03T08:56:13.648+0000] {logging_mixin.py:188} INFO - [2024-08-03T08:56:13.647+0000] {dag.py:3947} INFO - Setting next_dagrun for example_sensor_decorator to None, run_after=None
[2024-08-03T08:56:13.673+0000] {processor.py:183} INFO - Processing /home/ubuntu/airflow-venv/lib/python3.12/site-packages/airflow/example_dags/example_sensor_decorator.py took 0.072 seconds
[2024-08-03T08:57:09.887+0000] {processor.py:161} INFO - Started process (PID=5182) to work on /home/ubuntu/airflow-venv/lib/python3.12/site-packages/airflow/example_dags/example_sensor_decorator.py
[2024-08-03T08:57:09.889+0000] {processor.py:830} INFO - Processing file /home/ubuntu/airflow-venv/lib/python3.12/site-packages/airflow/example_dags/example_sensor_decorator.py for tasks to queue
[2024-08-03T08:57:09.891+0000] {logging_mixin.py:188} INFO - [2024-08-03T08:57:09.891+0000] {dagbag.py:545} INFO - Filling up the DagBag from /home/ubuntu/airflow-venv/lib/python3.12/site-packages/airflow/example_dags/example_sensor_decorator.py
[2024-08-03T08:57:09.898+0000] {processor.py:840} INFO - DAG(s) 'example_sensor_decorator' retrieved from /home/ubuntu/airflow-venv/lib/python3.12/site-packages/airflow/example_dags/example_sensor_decorator.py
[2024-08-03T08:57:09.915+0000] {logging_mixin.py:188} INFO - [2024-08-03T08:57:09.915+0000] {dag.py:3089} INFO - Sync 1 DAGs
[2024-08-03T08:57:10.053+0000] {logging_mixin.py:188} INFO - [2024-08-03T08:57:10.053+0000] {dag.py:3947} INFO - Setting next_dagrun for example_sensor_decorator to None, run_after=None
[2024-08-03T08:57:10.078+0000] {processor.py:183} INFO - Processing /home/ubuntu/airflow-venv/lib/python3.12/site-packages/airflow/example_dags/example_sensor_decorator.py took 0.199 seconds
[2024-08-03T08:58:00.736+0000] {processor.py:161} INFO - Started process (PID=5234) to work on /home/ubuntu/airflow-venv/lib/python3.12/site-packages/airflow/example_dags/example_sensor_decorator.py
[2024-08-03T08:58:00.738+0000] {processor.py:830} INFO - Processing file /home/ubuntu/airflow-venv/lib/python3.12/site-packages/airflow/example_dags/example_sensor_decorator.py for tasks to queue
[2024-08-03T08:58:00.739+0000] {logging_mixin.py:188} INFO - [2024-08-03T08:58:00.739+0000] {dagbag.py:545} INFO - Filling up the DagBag from /home/ubuntu/airflow-venv/lib/python3.12/site-packages/airflow/example_dags/example_sensor_decorator.py
[2024-08-03T08:58:00.746+0000] {processor.py:840} INFO - DAG(s) 'example_sensor_decorator' retrieved from /home/ubuntu/airflow-venv/lib/python3.12/site-packages/airflow/example_dags/example_sensor_decorator.py
[2024-08-03T08:58:00.762+0000] {logging_mixin.py:188} INFO - [2024-08-03T08:58:00.762+0000] {dag.py:3089} INFO - Sync 1 DAGs
[2024-08-03T08:58:00.775+0000] {logging_mixin.py:188} INFO - [2024-08-03T08:58:00.775+0000] {dag.py:3947} INFO - Setting next_dagrun for example_sensor_decorator to None, run_after=None
[2024-08-03T08:58:00.909+0000] {processor.py:183} INFO - Processing /home/ubuntu/airflow-venv/lib/python3.12/site-packages/airflow/example_dags/example_sensor_decorator.py took 0.181 seconds
[2024-08-03T08:58:51.801+0000] {processor.py:161} INFO - Started process (PID=5412) to work on /home/ubuntu/airflow-venv/lib/python3.12/site-packages/airflow/example_dags/example_sensor_decorator.py
[2024-08-03T08:58:51.803+0000] {processor.py:830} INFO - Processing file /home/ubuntu/airflow-venv/lib/python3.12/site-packages/airflow/example_dags/example_sensor_decorator.py for tasks to queue
[2024-08-03T08:58:51.805+0000] {logging_mixin.py:188} INFO - [2024-08-03T08:58:51.804+0000] {dagbag.py:545} INFO - Filling up the DagBag from /home/ubuntu/airflow-venv/lib/python3.12/site-packages/airflow/example_dags/example_sensor_decorator.py
[2024-08-03T08:58:51.812+0000] {processor.py:840} INFO - DAG(s) 'example_sensor_decorator' retrieved from /home/ubuntu/airflow-venv/lib/python3.12/site-packages/airflow/example_dags/example_sensor_decorator.py
[2024-08-03T08:58:51.829+0000] {logging_mixin.py:188} INFO - [2024-08-03T08:58:51.829+0000] {dag.py:3089} INFO - Sync 1 DAGs
[2024-08-03T08:58:51.843+0000] {logging_mixin.py:188} INFO - [2024-08-03T08:58:51.842+0000] {dag.py:3947} INFO - Setting next_dagrun for example_sensor_decorator to None, run_after=None
[2024-08-03T08:58:51.880+0000] {processor.py:183} INFO - Processing /home/ubuntu/airflow-venv/lib/python3.12/site-packages/airflow/example_dags/example_sensor_decorator.py took 0.088 seconds
[2024-08-03T08:59:39.742+0000] {processor.py:161} INFO - Started process (PID=5546) to work on /home/ubuntu/airflow-venv/lib/python3.12/site-packages/airflow/example_dags/example_sensor_decorator.py
[2024-08-03T08:59:39.744+0000] {processor.py:830} INFO - Processing file /home/ubuntu/airflow-venv/lib/python3.12/site-packages/airflow/example_dags/example_sensor_decorator.py for tasks to queue
[2024-08-03T08:59:39.746+0000] {logging_mixin.py:188} INFO - [2024-08-03T08:59:39.745+0000] {dagbag.py:545} INFO - Filling up the DagBag from /home/ubuntu/airflow-venv/lib/python3.12/site-packages/airflow/example_dags/example_sensor_decorator.py
[2024-08-03T08:59:39.753+0000] {processor.py:840} INFO - DAG(s) 'example_sensor_decorator' retrieved from /home/ubuntu/airflow-venv/lib/python3.12/site-packages/airflow/example_dags/example_sensor_decorator.py
[2024-08-03T08:59:39.769+0000] {logging_mixin.py:188} INFO - [2024-08-03T08:59:39.769+0000] {dag.py:3089} INFO - Sync 1 DAGs
[2024-08-03T08:59:39.782+0000] {logging_mixin.py:188} INFO - [2024-08-03T08:59:39.782+0000] {dag.py:3947} INFO - Setting next_dagrun for example_sensor_decorator to None, run_after=None
[2024-08-03T08:59:39.807+0000] {processor.py:183} INFO - Processing /home/ubuntu/airflow-venv/lib/python3.12/site-packages/airflow/example_dags/example_sensor_decorator.py took 0.073 seconds
[2024-08-03T09:00:26.454+0000] {processor.py:161} INFO - Started process (PID=5720) to work on /home/ubuntu/airflow-venv/lib/python3.12/site-packages/airflow/example_dags/example_sensor_decorator.py
[2024-08-03T09:00:26.456+0000] {processor.py:830} INFO - Processing file /home/ubuntu/airflow-venv/lib/python3.12/site-packages/airflow/example_dags/example_sensor_decorator.py for tasks to queue
[2024-08-03T09:00:26.457+0000] {logging_mixin.py:188} INFO - [2024-08-03T09:00:26.457+0000] {dagbag.py:545} INFO - Filling up the DagBag from /home/ubuntu/airflow-venv/lib/python3.12/site-packages/airflow/example_dags/example_sensor_decorator.py
[2024-08-03T09:00:26.464+0000] {processor.py:840} INFO - DAG(s) 'example_sensor_decorator' retrieved from /home/ubuntu/airflow-venv/lib/python3.12/site-packages/airflow/example_dags/example_sensor_decorator.py
[2024-08-03T09:00:26.481+0000] {logging_mixin.py:188} INFO - [2024-08-03T09:00:26.481+0000] {dag.py:3089} INFO - Sync 1 DAGs
[2024-08-03T09:00:26.494+0000] {logging_mixin.py:188} INFO - [2024-08-03T09:00:26.494+0000] {dag.py:3947} INFO - Setting next_dagrun for example_sensor_decorator to None, run_after=None
[2024-08-03T09:00:26.518+0000] {processor.py:183} INFO - Processing /home/ubuntu/airflow-venv/lib/python3.12/site-packages/airflow/example_dags/example_sensor_decorator.py took 0.072 seconds
[2024-08-03T09:01:24.309+0000] {processor.py:161} INFO - Started process (PID=5945) to work on /home/ubuntu/airflow-venv/lib/python3.12/site-packages/airflow/example_dags/example_sensor_decorator.py
[2024-08-03T09:01:24.311+0000] {processor.py:830} INFO - Processing file /home/ubuntu/airflow-venv/lib/python3.12/site-packages/airflow/example_dags/example_sensor_decorator.py for tasks to queue
[2024-08-03T09:01:24.313+0000] {logging_mixin.py:188} INFO - [2024-08-03T09:01:24.312+0000] {dagbag.py:545} INFO - Filling up the DagBag from /home/ubuntu/airflow-venv/lib/python3.12/site-packages/airflow/example_dags/example_sensor_decorator.py
[2024-08-03T09:01:24.320+0000] {processor.py:840} INFO - DAG(s) 'example_sensor_decorator' retrieved from /home/ubuntu/airflow-venv/lib/python3.12/site-packages/airflow/example_dags/example_sensor_decorator.py
[2024-08-03T09:01:24.336+0000] {logging_mixin.py:188} INFO - [2024-08-03T09:01:24.336+0000] {dag.py:3089} INFO - Sync 1 DAGs
[2024-08-03T09:01:24.349+0000] {logging_mixin.py:188} INFO - [2024-08-03T09:01:24.349+0000] {dag.py:3947} INFO - Setting next_dagrun for example_sensor_decorator to None, run_after=None
[2024-08-03T09:01:24.375+0000] {processor.py:183} INFO - Processing /home/ubuntu/airflow-venv/lib/python3.12/site-packages/airflow/example_dags/example_sensor_decorator.py took 0.075 seconds
[2024-08-03T09:02:09.714+0000] {processor.py:161} INFO - Started process (PID=6167) to work on /home/ubuntu/airflow-venv/lib/python3.12/site-packages/airflow/example_dags/example_sensor_decorator.py
[2024-08-03T09:02:09.716+0000] {processor.py:830} INFO - Processing file /home/ubuntu/airflow-venv/lib/python3.12/site-packages/airflow/example_dags/example_sensor_decorator.py for tasks to queue
[2024-08-03T09:02:09.717+0000] {logging_mixin.py:188} INFO - [2024-08-03T09:02:09.717+0000] {dagbag.py:545} INFO - Filling up the DagBag from /home/ubuntu/airflow-venv/lib/python3.12/site-packages/airflow/example_dags/example_sensor_decorator.py
[2024-08-03T09:02:09.724+0000] {processor.py:840} INFO - DAG(s) 'example_sensor_decorator' retrieved from /home/ubuntu/airflow-venv/lib/python3.12/site-packages/airflow/example_dags/example_sensor_decorator.py
[2024-08-03T09:02:09.741+0000] {logging_mixin.py:188} INFO - [2024-08-03T09:02:09.741+0000] {dag.py:3089} INFO - Sync 1 DAGs
[2024-08-03T09:02:09.754+0000] {logging_mixin.py:188} INFO - [2024-08-03T09:02:09.753+0000] {dag.py:3947} INFO - Setting next_dagrun for example_sensor_decorator to None, run_after=None
[2024-08-03T09:02:09.778+0000] {processor.py:183} INFO - Processing /home/ubuntu/airflow-venv/lib/python3.12/site-packages/airflow/example_dags/example_sensor_decorator.py took 0.073 seconds
[2024-08-03T09:02:51.420+0000] {processor.py:161} INFO - Started process (PID=6269) to work on /home/ubuntu/airflow-venv/lib/python3.12/site-packages/airflow/example_dags/example_sensor_decorator.py
[2024-08-03T09:02:51.423+0000] {processor.py:830} INFO - Processing file /home/ubuntu/airflow-venv/lib/python3.12/site-packages/airflow/example_dags/example_sensor_decorator.py for tasks to queue
[2024-08-03T09:02:51.425+0000] {logging_mixin.py:188} INFO - [2024-08-03T09:02:51.424+0000] {dagbag.py:545} INFO - Filling up the DagBag from /home/ubuntu/airflow-venv/lib/python3.12/site-packages/airflow/example_dags/example_sensor_decorator.py
[2024-08-03T09:02:51.431+0000] {processor.py:840} INFO - DAG(s) 'example_sensor_decorator' retrieved from /home/ubuntu/airflow-venv/lib/python3.12/site-packages/airflow/example_dags/example_sensor_decorator.py
[2024-08-03T09:02:51.448+0000] {logging_mixin.py:188} INFO - [2024-08-03T09:02:51.448+0000] {dag.py:3089} INFO - Sync 1 DAGs
[2024-08-03T09:02:51.461+0000] {logging_mixin.py:188} INFO - [2024-08-03T09:02:51.461+0000] {dag.py:3947} INFO - Setting next_dagrun for example_sensor_decorator to None, run_after=None
[2024-08-03T09:02:51.486+0000] {processor.py:183} INFO - Processing /home/ubuntu/airflow-venv/lib/python3.12/site-packages/airflow/example_dags/example_sensor_decorator.py took 0.074 seconds
[2024-08-03T09:03:32.446+0000] {processor.py:161} INFO - Started process (PID=6383) to work on /home/ubuntu/airflow-venv/lib/python3.12/site-packages/airflow/example_dags/example_sensor_decorator.py
[2024-08-03T09:03:32.448+0000] {processor.py:830} INFO - Processing file /home/ubuntu/airflow-venv/lib/python3.12/site-packages/airflow/example_dags/example_sensor_decorator.py for tasks to queue
[2024-08-03T09:03:32.449+0000] {logging_mixin.py:188} INFO - [2024-08-03T09:03:32.449+0000] {dagbag.py:545} INFO - Filling up the DagBag from /home/ubuntu/airflow-venv/lib/python3.12/site-packages/airflow/example_dags/example_sensor_decorator.py
[2024-08-03T09:03:32.456+0000] {processor.py:840} INFO - DAG(s) 'example_sensor_decorator' retrieved from /home/ubuntu/airflow-venv/lib/python3.12/site-packages/airflow/example_dags/example_sensor_decorator.py
[2024-08-03T09:03:32.474+0000] {logging_mixin.py:188} INFO - [2024-08-03T09:03:32.473+0000] {dag.py:3089} INFO - Sync 1 DAGs
[2024-08-03T09:03:32.486+0000] {logging_mixin.py:188} INFO - [2024-08-03T09:03:32.486+0000] {dag.py:3947} INFO - Setting next_dagrun for example_sensor_decorator to None, run_after=None
[2024-08-03T09:03:32.510+0000] {processor.py:183} INFO - Processing /home/ubuntu/airflow-venv/lib/python3.12/site-packages/airflow/example_dags/example_sensor_decorator.py took 0.073 seconds
[2024-08-03T09:04:34.540+0000] {processor.py:161} INFO - Started process (PID=6529) to work on /home/ubuntu/airflow-venv/lib/python3.12/site-packages/airflow/example_dags/example_sensor_decorator.py
[2024-08-03T09:04:34.541+0000] {processor.py:830} INFO - Processing file /home/ubuntu/airflow-venv/lib/python3.12/site-packages/airflow/example_dags/example_sensor_decorator.py for tasks to queue
[2024-08-03T09:04:34.543+0000] {logging_mixin.py:188} INFO - [2024-08-03T09:04:34.543+0000] {dagbag.py:545} INFO - Filling up the DagBag from /home/ubuntu/airflow-venv/lib/python3.12/site-packages/airflow/example_dags/example_sensor_decorator.py
[2024-08-03T09:04:34.550+0000] {processor.py:840} INFO - DAG(s) 'example_sensor_decorator' retrieved from /home/ubuntu/airflow-venv/lib/python3.12/site-packages/airflow/example_dags/example_sensor_decorator.py
[2024-08-03T09:04:34.568+0000] {logging_mixin.py:188} INFO - [2024-08-03T09:04:34.567+0000] {dag.py:3089} INFO - Sync 1 DAGs
[2024-08-03T09:04:34.581+0000] {logging_mixin.py:188} INFO - [2024-08-03T09:04:34.580+0000] {dag.py:3947} INFO - Setting next_dagrun for example_sensor_decorator to None, run_after=None
[2024-08-03T09:04:34.605+0000] {processor.py:183} INFO - Processing /home/ubuntu/airflow-venv/lib/python3.12/site-packages/airflow/example_dags/example_sensor_decorator.py took 0.074 seconds
[2024-08-03T09:05:18.089+0000] {processor.py:161} INFO - Started process (PID=6579) to work on /home/ubuntu/airflow-venv/lib/python3.12/site-packages/airflow/example_dags/example_sensor_decorator.py
[2024-08-03T09:05:18.090+0000] {processor.py:830} INFO - Processing file /home/ubuntu/airflow-venv/lib/python3.12/site-packages/airflow/example_dags/example_sensor_decorator.py for tasks to queue
[2024-08-03T09:05:18.092+0000] {logging_mixin.py:188} INFO - [2024-08-03T09:05:18.092+0000] {dagbag.py:545} INFO - Filling up the DagBag from /home/ubuntu/airflow-venv/lib/python3.12/site-packages/airflow/example_dags/example_sensor_decorator.py
[2024-08-03T09:05:18.099+0000] {processor.py:840} INFO - DAG(s) 'example_sensor_decorator' retrieved from /home/ubuntu/airflow-venv/lib/python3.12/site-packages/airflow/example_dags/example_sensor_decorator.py
[2024-08-03T09:05:18.115+0000] {logging_mixin.py:188} INFO - [2024-08-03T09:05:18.115+0000] {dag.py:3089} INFO - Sync 1 DAGs
[2024-08-03T09:05:18.129+0000] {logging_mixin.py:188} INFO - [2024-08-03T09:05:18.128+0000] {dag.py:3947} INFO - Setting next_dagrun for example_sensor_decorator to None, run_after=None
[2024-08-03T09:05:18.154+0000] {processor.py:183} INFO - Processing /home/ubuntu/airflow-venv/lib/python3.12/site-packages/airflow/example_dags/example_sensor_decorator.py took 0.074 seconds
[2024-08-03T09:06:01.232+0000] {processor.py:161} INFO - Started process (PID=6753) to work on /home/ubuntu/airflow-venv/lib/python3.12/site-packages/airflow/example_dags/example_sensor_decorator.py
[2024-08-03T09:06:01.233+0000] {processor.py:830} INFO - Processing file /home/ubuntu/airflow-venv/lib/python3.12/site-packages/airflow/example_dags/example_sensor_decorator.py for tasks to queue
[2024-08-03T09:06:01.235+0000] {logging_mixin.py:188} INFO - [2024-08-03T09:06:01.235+0000] {dagbag.py:545} INFO - Filling up the DagBag from /home/ubuntu/airflow-venv/lib/python3.12/site-packages/airflow/example_dags/example_sensor_decorator.py
[2024-08-03T09:06:01.242+0000] {processor.py:840} INFO - DAG(s) 'example_sensor_decorator' retrieved from /home/ubuntu/airflow-venv/lib/python3.12/site-packages/airflow/example_dags/example_sensor_decorator.py
[2024-08-03T09:06:01.259+0000] {logging_mixin.py:188} INFO - [2024-08-03T09:06:01.259+0000] {dag.py:3089} INFO - Sync 1 DAGs
[2024-08-03T09:06:01.272+0000] {logging_mixin.py:188} INFO - [2024-08-03T09:06:01.272+0000] {dag.py:3947} INFO - Setting next_dagrun for example_sensor_decorator to None, run_after=None
[2024-08-03T09:06:01.297+0000] {processor.py:183} INFO - Processing /home/ubuntu/airflow-venv/lib/python3.12/site-packages/airflow/example_dags/example_sensor_decorator.py took 0.073 seconds
[2024-08-03T09:06:46.328+0000] {processor.py:161} INFO - Started process (PID=6937) to work on /home/ubuntu/airflow-venv/lib/python3.12/site-packages/airflow/example_dags/example_sensor_decorator.py
[2024-08-03T09:06:46.329+0000] {processor.py:830} INFO - Processing file /home/ubuntu/airflow-venv/lib/python3.12/site-packages/airflow/example_dags/example_sensor_decorator.py for tasks to queue
[2024-08-03T09:06:46.331+0000] {logging_mixin.py:188} INFO - [2024-08-03T09:06:46.331+0000] {dagbag.py:545} INFO - Filling up the DagBag from /home/ubuntu/airflow-venv/lib/python3.12/site-packages/airflow/example_dags/example_sensor_decorator.py
[2024-08-03T09:06:46.338+0000] {processor.py:840} INFO - DAG(s) 'example_sensor_decorator' retrieved from /home/ubuntu/airflow-venv/lib/python3.12/site-packages/airflow/example_dags/example_sensor_decorator.py
[2024-08-03T09:06:46.356+0000] {logging_mixin.py:188} INFO - [2024-08-03T09:06:46.356+0000] {dag.py:3089} INFO - Sync 1 DAGs
[2024-08-03T09:06:46.369+0000] {logging_mixin.py:188} INFO - [2024-08-03T09:06:46.369+0000] {dag.py:3947} INFO - Setting next_dagrun for example_sensor_decorator to None, run_after=None
[2024-08-03T09:06:46.394+0000] {processor.py:183} INFO - Processing /home/ubuntu/airflow-venv/lib/python3.12/site-packages/airflow/example_dags/example_sensor_decorator.py took 0.075 seconds
[2024-08-03T09:07:30.608+0000] {processor.py:161} INFO - Started process (PID=7099) to work on /home/ubuntu/airflow-venv/lib/python3.12/site-packages/airflow/example_dags/example_sensor_decorator.py
[2024-08-03T09:07:30.609+0000] {processor.py:830} INFO - Processing file /home/ubuntu/airflow-venv/lib/python3.12/site-packages/airflow/example_dags/example_sensor_decorator.py for tasks to queue
[2024-08-03T09:07:30.611+0000] {logging_mixin.py:188} INFO - [2024-08-03T09:07:30.611+0000] {dagbag.py:545} INFO - Filling up the DagBag from /home/ubuntu/airflow-venv/lib/python3.12/site-packages/airflow/example_dags/example_sensor_decorator.py
[2024-08-03T09:07:30.618+0000] {processor.py:840} INFO - DAG(s) 'example_sensor_decorator' retrieved from /home/ubuntu/airflow-venv/lib/python3.12/site-packages/airflow/example_dags/example_sensor_decorator.py
[2024-08-03T09:07:30.634+0000] {logging_mixin.py:188} INFO - [2024-08-03T09:07:30.634+0000] {dag.py:3089} INFO - Sync 1 DAGs
[2024-08-03T09:07:30.646+0000] {logging_mixin.py:188} INFO - [2024-08-03T09:07:30.646+0000] {dag.py:3947} INFO - Setting next_dagrun for example_sensor_decorator to None, run_after=None
[2024-08-03T09:07:30.670+0000] {processor.py:183} INFO - Processing /home/ubuntu/airflow-venv/lib/python3.12/site-packages/airflow/example_dags/example_sensor_decorator.py took 0.071 seconds
[2024-08-03T09:08:14.515+0000] {processor.py:161} INFO - Started process (PID=7237) to work on /home/ubuntu/airflow-venv/lib/python3.12/site-packages/airflow/example_dags/example_sensor_decorator.py
[2024-08-03T09:08:14.517+0000] {processor.py:830} INFO - Processing file /home/ubuntu/airflow-venv/lib/python3.12/site-packages/airflow/example_dags/example_sensor_decorator.py for tasks to queue
[2024-08-03T09:08:14.519+0000] {logging_mixin.py:188} INFO - [2024-08-03T09:08:14.519+0000] {dagbag.py:545} INFO - Filling up the DagBag from /home/ubuntu/airflow-venv/lib/python3.12/site-packages/airflow/example_dags/example_sensor_decorator.py
[2024-08-03T09:08:14.526+0000] {processor.py:840} INFO - DAG(s) 'example_sensor_decorator' retrieved from /home/ubuntu/airflow-venv/lib/python3.12/site-packages/airflow/example_dags/example_sensor_decorator.py
[2024-08-03T09:08:14.543+0000] {logging_mixin.py:188} INFO - [2024-08-03T09:08:14.543+0000] {dag.py:3089} INFO - Sync 1 DAGs
[2024-08-03T09:08:14.556+0000] {logging_mixin.py:188} INFO - [2024-08-03T09:08:14.556+0000] {dag.py:3947} INFO - Setting next_dagrun for example_sensor_decorator to None, run_after=None
[2024-08-03T09:08:14.580+0000] {processor.py:183} INFO - Processing /home/ubuntu/airflow-venv/lib/python3.12/site-packages/airflow/example_dags/example_sensor_decorator.py took 0.075 seconds
[2024-08-03T09:08:56.308+0000] {processor.py:161} INFO - Started process (PID=7434) to work on /home/ubuntu/airflow-venv/lib/python3.12/site-packages/airflow/example_dags/example_sensor_decorator.py
[2024-08-03T09:08:56.310+0000] {processor.py:830} INFO - Processing file /home/ubuntu/airflow-venv/lib/python3.12/site-packages/airflow/example_dags/example_sensor_decorator.py for tasks to queue
[2024-08-03T09:08:56.311+0000] {logging_mixin.py:188} INFO - [2024-08-03T09:08:56.311+0000] {dagbag.py:545} INFO - Filling up the DagBag from /home/ubuntu/airflow-venv/lib/python3.12/site-packages/airflow/example_dags/example_sensor_decorator.py
[2024-08-03T09:08:56.318+0000] {processor.py:840} INFO - DAG(s) 'example_sensor_decorator' retrieved from /home/ubuntu/airflow-venv/lib/python3.12/site-packages/airflow/example_dags/example_sensor_decorator.py
[2024-08-03T09:08:56.335+0000] {logging_mixin.py:188} INFO - [2024-08-03T09:08:56.335+0000] {dag.py:3089} INFO - Sync 1 DAGs
[2024-08-03T09:08:56.348+0000] {logging_mixin.py:188} INFO - [2024-08-03T09:08:56.348+0000] {dag.py:3947} INFO - Setting next_dagrun for example_sensor_decorator to None, run_after=None
[2024-08-03T09:08:56.372+0000] {processor.py:183} INFO - Processing /home/ubuntu/airflow-venv/lib/python3.12/site-packages/airflow/example_dags/example_sensor_decorator.py took 0.072 seconds
[2024-08-03T09:09:38.575+0000] {processor.py:161} INFO - Started process (PID=7720) to work on /home/ubuntu/airflow-venv/lib/python3.12/site-packages/airflow/example_dags/example_sensor_decorator.py
[2024-08-03T09:09:38.576+0000] {processor.py:830} INFO - Processing file /home/ubuntu/airflow-venv/lib/python3.12/site-packages/airflow/example_dags/example_sensor_decorator.py for tasks to queue
[2024-08-03T09:09:38.578+0000] {logging_mixin.py:188} INFO - [2024-08-03T09:09:38.578+0000] {dagbag.py:545} INFO - Filling up the DagBag from /home/ubuntu/airflow-venv/lib/python3.12/site-packages/airflow/example_dags/example_sensor_decorator.py
[2024-08-03T09:09:38.585+0000] {processor.py:840} INFO - DAG(s) 'example_sensor_decorator' retrieved from /home/ubuntu/airflow-venv/lib/python3.12/site-packages/airflow/example_dags/example_sensor_decorator.py
[2024-08-03T09:09:38.602+0000] {logging_mixin.py:188} INFO - [2024-08-03T09:09:38.602+0000] {dag.py:3089} INFO - Sync 1 DAGs
[2024-08-03T09:09:38.615+0000] {logging_mixin.py:188} INFO - [2024-08-03T09:09:38.614+0000] {dag.py:3947} INFO - Setting next_dagrun for example_sensor_decorator to None, run_after=None
[2024-08-03T09:09:38.642+0000] {processor.py:183} INFO - Processing /home/ubuntu/airflow-venv/lib/python3.12/site-packages/airflow/example_dags/example_sensor_decorator.py took 0.076 seconds
[2024-08-03T09:10:22.363+0000] {processor.py:161} INFO - Started process (PID=7862) to work on /home/ubuntu/airflow-venv/lib/python3.12/site-packages/airflow/example_dags/example_sensor_decorator.py
[2024-08-03T09:10:22.364+0000] {processor.py:830} INFO - Processing file /home/ubuntu/airflow-venv/lib/python3.12/site-packages/airflow/example_dags/example_sensor_decorator.py for tasks to queue
[2024-08-03T09:10:22.366+0000] {logging_mixin.py:188} INFO - [2024-08-03T09:10:22.366+0000] {dagbag.py:545} INFO - Filling up the DagBag from /home/ubuntu/airflow-venv/lib/python3.12/site-packages/airflow/example_dags/example_sensor_decorator.py
[2024-08-03T09:10:22.373+0000] {processor.py:840} INFO - DAG(s) 'example_sensor_decorator' retrieved from /home/ubuntu/airflow-venv/lib/python3.12/site-packages/airflow/example_dags/example_sensor_decorator.py
[2024-08-03T09:10:22.390+0000] {logging_mixin.py:188} INFO - [2024-08-03T09:10:22.389+0000] {dag.py:3089} INFO - Sync 1 DAGs
[2024-08-03T09:10:22.402+0000] {logging_mixin.py:188} INFO - [2024-08-03T09:10:22.402+0000] {dag.py:3947} INFO - Setting next_dagrun for example_sensor_decorator to None, run_after=None
[2024-08-03T09:10:22.427+0000] {processor.py:183} INFO - Processing /home/ubuntu/airflow-venv/lib/python3.12/site-packages/airflow/example_dags/example_sensor_decorator.py took 0.072 seconds
[2024-08-03T09:11:22.481+0000] {processor.py:161} INFO - Started process (PID=8001) to work on /home/ubuntu/airflow-venv/lib/python3.12/site-packages/airflow/example_dags/example_sensor_decorator.py
[2024-08-03T09:11:22.483+0000] {processor.py:830} INFO - Processing file /home/ubuntu/airflow-venv/lib/python3.12/site-packages/airflow/example_dags/example_sensor_decorator.py for tasks to queue
[2024-08-03T09:11:22.485+0000] {logging_mixin.py:188} INFO - [2024-08-03T09:11:22.484+0000] {dagbag.py:545} INFO - Filling up the DagBag from /home/ubuntu/airflow-venv/lib/python3.12/site-packages/airflow/example_dags/example_sensor_decorator.py
[2024-08-03T09:11:22.491+0000] {processor.py:840} INFO - DAG(s) 'example_sensor_decorator' retrieved from /home/ubuntu/airflow-venv/lib/python3.12/site-packages/airflow/example_dags/example_sensor_decorator.py
[2024-08-03T09:11:22.508+0000] {logging_mixin.py:188} INFO - [2024-08-03T09:11:22.507+0000] {dag.py:3089} INFO - Sync 1 DAGs
[2024-08-03T09:11:22.521+0000] {logging_mixin.py:188} INFO - [2024-08-03T09:11:22.520+0000] {dag.py:3947} INFO - Setting next_dagrun for example_sensor_decorator to None, run_after=None
[2024-08-03T09:11:22.545+0000] {processor.py:183} INFO - Processing /home/ubuntu/airflow-venv/lib/python3.12/site-packages/airflow/example_dags/example_sensor_decorator.py took 0.072 seconds
[2024-08-03T09:12:04.767+0000] {processor.py:161} INFO - Started process (PID=8140) to work on /home/ubuntu/airflow-venv/lib/python3.12/site-packages/airflow/example_dags/example_sensor_decorator.py
[2024-08-03T09:12:04.769+0000] {processor.py:830} INFO - Processing file /home/ubuntu/airflow-venv/lib/python3.12/site-packages/airflow/example_dags/example_sensor_decorator.py for tasks to queue
[2024-08-03T09:12:04.771+0000] {logging_mixin.py:188} INFO - [2024-08-03T09:12:04.771+0000] {dagbag.py:545} INFO - Filling up the DagBag from /home/ubuntu/airflow-venv/lib/python3.12/site-packages/airflow/example_dags/example_sensor_decorator.py
[2024-08-03T09:12:04.778+0000] {processor.py:840} INFO - DAG(s) 'example_sensor_decorator' retrieved from /home/ubuntu/airflow-venv/lib/python3.12/site-packages/airflow/example_dags/example_sensor_decorator.py
[2024-08-03T09:12:04.794+0000] {logging_mixin.py:188} INFO - [2024-08-03T09:12:04.794+0000] {dag.py:3089} INFO - Sync 1 DAGs
[2024-08-03T09:12:04.807+0000] {logging_mixin.py:188} INFO - [2024-08-03T09:12:04.807+0000] {dag.py:3947} INFO - Setting next_dagrun for example_sensor_decorator to None, run_after=None
[2024-08-03T09:12:04.832+0000] {processor.py:183} INFO - Processing /home/ubuntu/airflow-venv/lib/python3.12/site-packages/airflow/example_dags/example_sensor_decorator.py took 0.072 seconds
[2024-08-03T09:13:07.420+0000] {processor.py:161} INFO - Started process (PID=8518) to work on /home/ubuntu/airflow-venv/lib/python3.12/site-packages/airflow/example_dags/example_sensor_decorator.py
[2024-08-03T09:13:07.426+0000] {processor.py:830} INFO - Processing file /home/ubuntu/airflow-venv/lib/python3.12/site-packages/airflow/example_dags/example_sensor_decorator.py for tasks to queue
[2024-08-03T09:13:07.428+0000] {logging_mixin.py:188} INFO - [2024-08-03T09:13:07.427+0000] {dagbag.py:545} INFO - Filling up the DagBag from /home/ubuntu/airflow-venv/lib/python3.12/site-packages/airflow/example_dags/example_sensor_decorator.py
[2024-08-03T09:13:07.435+0000] {processor.py:840} INFO - DAG(s) 'example_sensor_decorator' retrieved from /home/ubuntu/airflow-venv/lib/python3.12/site-packages/airflow/example_dags/example_sensor_decorator.py
[2024-08-03T09:13:07.453+0000] {logging_mixin.py:188} INFO - [2024-08-03T09:13:07.452+0000] {dag.py:3089} INFO - Sync 1 DAGs
[2024-08-03T09:13:07.466+0000] {logging_mixin.py:188} INFO - [2024-08-03T09:13:07.466+0000] {dag.py:3947} INFO - Setting next_dagrun for example_sensor_decorator to None, run_after=None
[2024-08-03T09:13:07.504+0000] {processor.py:183} INFO - Processing /home/ubuntu/airflow-venv/lib/python3.12/site-packages/airflow/example_dags/example_sensor_decorator.py took 0.092 seconds
