[2024-08-03T08:30:46.962+0000] {processor.py:161} INFO - Started process (PID=1824) to work on /home/ubuntu/airflow-venv/lib/python3.12/site-packages/airflow/example_dags/example_latest_only.py
[2024-08-03T08:30:46.963+0000] {processor.py:830} INFO - Processing file /home/ubuntu/airflow-venv/lib/python3.12/site-packages/airflow/example_dags/example_latest_only.py for tasks to queue
[2024-08-03T08:30:46.964+0000] {logging_mixin.py:188} INFO - [2024-08-03T08:30:46.964+0000] {dagbag.py:545} INFO - Filling up the DagBag from /home/ubuntu/airflow-venv/lib/python3.12/site-packages/airflow/example_dags/example_latest_only.py
[2024-08-03T08:30:46.970+0000] {processor.py:840} INFO - DAG(s) 'latest_only' retrieved from /home/ubuntu/airflow-venv/lib/python3.12/site-packages/airflow/example_dags/example_latest_only.py
[2024-08-03T08:30:47.077+0000] {logging_mixin.py:188} INFO - [2024-08-03T08:30:47.076+0000] {dag.py:3089} INFO - Sync 1 DAGs
[2024-08-03T08:30:47.094+0000] {logging_mixin.py:188} INFO - [2024-08-03T08:30:47.094+0000] {dag.py:3947} INFO - Setting next_dagrun for latest_only to 2024-08-03 04:00:00+00:00, run_after=2024-08-03 08:00:00+00:00
[2024-08-03T08:30:47.119+0000] {processor.py:183} INFO - Processing /home/ubuntu/airflow-venv/lib/python3.12/site-packages/airflow/example_dags/example_latest_only.py took 0.163 seconds
[2024-08-03T08:31:42.044+0000] {processor.py:161} INFO - Started process (PID=1885) to work on /home/ubuntu/airflow-venv/lib/python3.12/site-packages/airflow/example_dags/example_latest_only.py
[2024-08-03T08:31:42.045+0000] {processor.py:830} INFO - Processing file /home/ubuntu/airflow-venv/lib/python3.12/site-packages/airflow/example_dags/example_latest_only.py for tasks to queue
[2024-08-03T08:31:42.047+0000] {logging_mixin.py:188} INFO - [2024-08-03T08:31:42.047+0000] {dagbag.py:545} INFO - Filling up the DagBag from /home/ubuntu/airflow-venv/lib/python3.12/site-packages/airflow/example_dags/example_latest_only.py
[2024-08-03T08:31:42.052+0000] {processor.py:840} INFO - DAG(s) 'latest_only' retrieved from /home/ubuntu/airflow-venv/lib/python3.12/site-packages/airflow/example_dags/example_latest_only.py
[2024-08-03T08:31:42.070+0000] {logging_mixin.py:188} INFO - [2024-08-03T08:31:42.069+0000] {dag.py:3089} INFO - Sync 1 DAGs
[2024-08-03T08:31:42.091+0000] {logging_mixin.py:188} INFO - [2024-08-03T08:31:42.091+0000] {dag.py:3947} INFO - Setting next_dagrun for latest_only to 2024-08-03 04:00:00+00:00, run_after=2024-08-03 08:00:00+00:00
[2024-08-03T08:31:42.117+0000] {processor.py:183} INFO - Processing /home/ubuntu/airflow-venv/lib/python3.12/site-packages/airflow/example_dags/example_latest_only.py took 0.079 seconds
[2024-08-03T08:33:14.768+0000] {processor.py:161} INFO - Started process (PID=1989) to work on /home/ubuntu/airflow-venv/lib/python3.12/site-packages/airflow/example_dags/example_latest_only.py
[2024-08-03T08:33:14.769+0000] {processor.py:830} INFO - Processing file /home/ubuntu/airflow-venv/lib/python3.12/site-packages/airflow/example_dags/example_latest_only.py for tasks to queue
[2024-08-03T08:33:14.771+0000] {logging_mixin.py:188} INFO - [2024-08-03T08:33:14.771+0000] {dagbag.py:545} INFO - Filling up the DagBag from /home/ubuntu/airflow-venv/lib/python3.12/site-packages/airflow/example_dags/example_latest_only.py
[2024-08-03T08:33:14.777+0000] {processor.py:840} INFO - DAG(s) 'latest_only' retrieved from /home/ubuntu/airflow-venv/lib/python3.12/site-packages/airflow/example_dags/example_latest_only.py
[2024-08-03T08:33:14.884+0000] {logging_mixin.py:188} INFO - [2024-08-03T08:33:14.884+0000] {dag.py:3089} INFO - Sync 1 DAGs
[2024-08-03T08:33:14.902+0000] {logging_mixin.py:188} INFO - [2024-08-03T08:33:14.902+0000] {dag.py:3947} INFO - Setting next_dagrun for latest_only to 2024-08-03 04:00:00+00:00, run_after=2024-08-03 08:00:00+00:00
[2024-08-03T08:33:14.929+0000] {processor.py:183} INFO - Processing /home/ubuntu/airflow-venv/lib/python3.12/site-packages/airflow/example_dags/example_latest_only.py took 0.167 seconds
[2024-08-03T08:34:10.852+0000] {processor.py:161} INFO - Started process (PID=2046) to work on /home/ubuntu/airflow-venv/lib/python3.12/site-packages/airflow/example_dags/example_latest_only.py
[2024-08-03T08:34:10.853+0000] {processor.py:830} INFO - Processing file /home/ubuntu/airflow-venv/lib/python3.12/site-packages/airflow/example_dags/example_latest_only.py for tasks to queue
[2024-08-03T08:34:10.855+0000] {logging_mixin.py:188} INFO - [2024-08-03T08:34:10.855+0000] {dagbag.py:545} INFO - Filling up the DagBag from /home/ubuntu/airflow-venv/lib/python3.12/site-packages/airflow/example_dags/example_latest_only.py
[2024-08-03T08:34:10.860+0000] {processor.py:840} INFO - DAG(s) 'latest_only' retrieved from /home/ubuntu/airflow-venv/lib/python3.12/site-packages/airflow/example_dags/example_latest_only.py
[2024-08-03T08:34:10.877+0000] {logging_mixin.py:188} INFO - [2024-08-03T08:34:10.877+0000] {dag.py:3089} INFO - Sync 1 DAGs
[2024-08-03T08:34:10.897+0000] {logging_mixin.py:188} INFO - [2024-08-03T08:34:10.897+0000] {dag.py:3947} INFO - Setting next_dagrun for latest_only to 2024-08-03 04:00:00+00:00, run_after=2024-08-03 08:00:00+00:00
[2024-08-03T08:34:10.921+0000] {processor.py:183} INFO - Processing /home/ubuntu/airflow-venv/lib/python3.12/site-packages/airflow/example_dags/example_latest_only.py took 0.075 seconds
[2024-08-03T08:35:25.809+0000] {processor.py:161} INFO - Started process (PID=2136) to work on /home/ubuntu/airflow-venv/lib/python3.12/site-packages/airflow/example_dags/example_latest_only.py
[2024-08-03T08:35:25.810+0000] {processor.py:830} INFO - Processing file /home/ubuntu/airflow-venv/lib/python3.12/site-packages/airflow/example_dags/example_latest_only.py for tasks to queue
[2024-08-03T08:35:25.812+0000] {logging_mixin.py:188} INFO - [2024-08-03T08:35:25.811+0000] {dagbag.py:545} INFO - Filling up the DagBag from /home/ubuntu/airflow-venv/lib/python3.12/site-packages/airflow/example_dags/example_latest_only.py
[2024-08-03T08:35:25.817+0000] {processor.py:840} INFO - DAG(s) 'latest_only' retrieved from /home/ubuntu/airflow-venv/lib/python3.12/site-packages/airflow/example_dags/example_latest_only.py
[2024-08-03T08:35:25.833+0000] {logging_mixin.py:188} INFO - [2024-08-03T08:35:25.833+0000] {dag.py:3089} INFO - Sync 1 DAGs
[2024-08-03T08:35:25.854+0000] {logging_mixin.py:188} INFO - [2024-08-03T08:35:25.853+0000] {dag.py:3947} INFO - Setting next_dagrun for latest_only to 2024-08-03 04:00:00+00:00, run_after=2024-08-03 08:00:00+00:00
[2024-08-03T08:35:25.878+0000] {processor.py:183} INFO - Processing /home/ubuntu/airflow-venv/lib/python3.12/site-packages/airflow/example_dags/example_latest_only.py took 0.076 seconds
[2024-08-03T08:36:18.101+0000] {processor.py:161} INFO - Started process (PID=2190) to work on /home/ubuntu/airflow-venv/lib/python3.12/site-packages/airflow/example_dags/example_latest_only.py
[2024-08-03T08:36:18.103+0000] {processor.py:830} INFO - Processing file /home/ubuntu/airflow-venv/lib/python3.12/site-packages/airflow/example_dags/example_latest_only.py for tasks to queue
[2024-08-03T08:36:18.105+0000] {logging_mixin.py:188} INFO - [2024-08-03T08:36:18.104+0000] {dagbag.py:545} INFO - Filling up the DagBag from /home/ubuntu/airflow-venv/lib/python3.12/site-packages/airflow/example_dags/example_latest_only.py
[2024-08-03T08:36:18.110+0000] {processor.py:840} INFO - DAG(s) 'latest_only' retrieved from /home/ubuntu/airflow-venv/lib/python3.12/site-packages/airflow/example_dags/example_latest_only.py
[2024-08-03T08:36:18.127+0000] {logging_mixin.py:188} INFO - [2024-08-03T08:36:18.127+0000] {dag.py:3089} INFO - Sync 1 DAGs
[2024-08-03T08:36:18.157+0000] {logging_mixin.py:188} INFO - [2024-08-03T08:36:18.157+0000] {dag.py:3947} INFO - Setting next_dagrun for latest_only to 2024-08-03 04:00:00+00:00, run_after=2024-08-03 08:00:00+00:00
[2024-08-03T08:36:18.181+0000] {processor.py:183} INFO - Processing /home/ubuntu/airflow-venv/lib/python3.12/site-packages/airflow/example_dags/example_latest_only.py took 0.086 seconds
[2024-08-03T08:37:16.323+0000] {processor.py:161} INFO - Started process (PID=2257) to work on /home/ubuntu/airflow-venv/lib/python3.12/site-packages/airflow/example_dags/example_latest_only.py
[2024-08-03T08:37:16.324+0000] {processor.py:830} INFO - Processing file /home/ubuntu/airflow-venv/lib/python3.12/site-packages/airflow/example_dags/example_latest_only.py for tasks to queue
[2024-08-03T08:37:16.326+0000] {logging_mixin.py:188} INFO - [2024-08-03T08:37:16.326+0000] {dagbag.py:545} INFO - Filling up the DagBag from /home/ubuntu/airflow-venv/lib/python3.12/site-packages/airflow/example_dags/example_latest_only.py
[2024-08-03T08:37:16.331+0000] {processor.py:840} INFO - DAG(s) 'latest_only' retrieved from /home/ubuntu/airflow-venv/lib/python3.12/site-packages/airflow/example_dags/example_latest_only.py
[2024-08-03T08:37:16.347+0000] {logging_mixin.py:188} INFO - [2024-08-03T08:37:16.347+0000] {dag.py:3089} INFO - Sync 1 DAGs
[2024-08-03T08:37:16.368+0000] {logging_mixin.py:188} INFO - [2024-08-03T08:37:16.368+0000] {dag.py:3947} INFO - Setting next_dagrun for latest_only to 2024-08-03 04:00:00+00:00, run_after=2024-08-03 08:00:00+00:00
[2024-08-03T08:37:16.390+0000] {processor.py:183} INFO - Processing /home/ubuntu/airflow-venv/lib/python3.12/site-packages/airflow/example_dags/example_latest_only.py took 0.074 seconds
[2024-08-03T08:38:08.154+0000] {processor.py:161} INFO - Started process (PID=2341) to work on /home/ubuntu/airflow-venv/lib/python3.12/site-packages/airflow/example_dags/example_latest_only.py
[2024-08-03T08:38:08.156+0000] {processor.py:830} INFO - Processing file /home/ubuntu/airflow-venv/lib/python3.12/site-packages/airflow/example_dags/example_latest_only.py for tasks to queue
[2024-08-03T08:38:08.158+0000] {logging_mixin.py:188} INFO - [2024-08-03T08:38:08.157+0000] {dagbag.py:545} INFO - Filling up the DagBag from /home/ubuntu/airflow-venv/lib/python3.12/site-packages/airflow/example_dags/example_latest_only.py
[2024-08-03T08:38:08.163+0000] {processor.py:840} INFO - DAG(s) 'latest_only' retrieved from /home/ubuntu/airflow-venv/lib/python3.12/site-packages/airflow/example_dags/example_latest_only.py
[2024-08-03T08:38:08.180+0000] {logging_mixin.py:188} INFO - [2024-08-03T08:38:08.179+0000] {dag.py:3089} INFO - Sync 1 DAGs
[2024-08-03T08:38:08.200+0000] {logging_mixin.py:188} INFO - [2024-08-03T08:38:08.200+0000] {dag.py:3947} INFO - Setting next_dagrun for latest_only to 2024-08-03 04:00:00+00:00, run_after=2024-08-03 08:00:00+00:00
[2024-08-03T08:38:08.223+0000] {processor.py:183} INFO - Processing /home/ubuntu/airflow-venv/lib/python3.12/site-packages/airflow/example_dags/example_latest_only.py took 0.075 seconds
[2024-08-03T08:39:04.988+0000] {processor.py:161} INFO - Started process (PID=2403) to work on /home/ubuntu/airflow-venv/lib/python3.12/site-packages/airflow/example_dags/example_latest_only.py
[2024-08-03T08:39:04.989+0000] {processor.py:830} INFO - Processing file /home/ubuntu/airflow-venv/lib/python3.12/site-packages/airflow/example_dags/example_latest_only.py for tasks to queue
[2024-08-03T08:39:04.991+0000] {logging_mixin.py:188} INFO - [2024-08-03T08:39:04.991+0000] {dagbag.py:545} INFO - Filling up the DagBag from /home/ubuntu/airflow-venv/lib/python3.12/site-packages/airflow/example_dags/example_latest_only.py
[2024-08-03T08:39:04.996+0000] {processor.py:840} INFO - DAG(s) 'latest_only' retrieved from /home/ubuntu/airflow-venv/lib/python3.12/site-packages/airflow/example_dags/example_latest_only.py
[2024-08-03T08:39:05.014+0000] {logging_mixin.py:188} INFO - [2024-08-03T08:39:05.013+0000] {dag.py:3089} INFO - Sync 1 DAGs
[2024-08-03T08:39:05.036+0000] {logging_mixin.py:188} INFO - [2024-08-03T08:39:05.035+0000] {dag.py:3947} INFO - Setting next_dagrun for latest_only to 2024-08-03 04:00:00+00:00, run_after=2024-08-03 08:00:00+00:00
[2024-08-03T08:39:05.060+0000] {processor.py:183} INFO - Processing /home/ubuntu/airflow-venv/lib/python3.12/site-packages/airflow/example_dags/example_latest_only.py took 0.078 seconds
[2024-08-03T08:39:59.782+0000] {processor.py:161} INFO - Started process (PID=2463) to work on /home/ubuntu/airflow-venv/lib/python3.12/site-packages/airflow/example_dags/example_latest_only.py
[2024-08-03T08:39:59.783+0000] {processor.py:830} INFO - Processing file /home/ubuntu/airflow-venv/lib/python3.12/site-packages/airflow/example_dags/example_latest_only.py for tasks to queue
[2024-08-03T08:39:59.785+0000] {logging_mixin.py:188} INFO - [2024-08-03T08:39:59.784+0000] {dagbag.py:545} INFO - Filling up the DagBag from /home/ubuntu/airflow-venv/lib/python3.12/site-packages/airflow/example_dags/example_latest_only.py
[2024-08-03T08:39:59.790+0000] {processor.py:840} INFO - DAG(s) 'latest_only' retrieved from /home/ubuntu/airflow-venv/lib/python3.12/site-packages/airflow/example_dags/example_latest_only.py
[2024-08-03T08:39:59.806+0000] {logging_mixin.py:188} INFO - [2024-08-03T08:39:59.806+0000] {dag.py:3089} INFO - Sync 1 DAGs
[2024-08-03T08:39:59.826+0000] {logging_mixin.py:188} INFO - [2024-08-03T08:39:59.826+0000] {dag.py:3947} INFO - Setting next_dagrun for latest_only to 2024-08-03 04:00:00+00:00, run_after=2024-08-03 08:00:00+00:00
[2024-08-03T08:39:59.849+0000] {processor.py:183} INFO - Processing /home/ubuntu/airflow-venv/lib/python3.12/site-packages/airflow/example_dags/example_latest_only.py took 0.074 seconds
[2024-08-03T08:40:50.679+0000] {processor.py:161} INFO - Started process (PID=2523) to work on /home/ubuntu/airflow-venv/lib/python3.12/site-packages/airflow/example_dags/example_latest_only.py
[2024-08-03T08:40:50.680+0000] {processor.py:830} INFO - Processing file /home/ubuntu/airflow-venv/lib/python3.12/site-packages/airflow/example_dags/example_latest_only.py for tasks to queue
[2024-08-03T08:40:50.682+0000] {logging_mixin.py:188} INFO - [2024-08-03T08:40:50.681+0000] {dagbag.py:545} INFO - Filling up the DagBag from /home/ubuntu/airflow-venv/lib/python3.12/site-packages/airflow/example_dags/example_latest_only.py
[2024-08-03T08:40:50.687+0000] {processor.py:840} INFO - DAG(s) 'latest_only' retrieved from /home/ubuntu/airflow-venv/lib/python3.12/site-packages/airflow/example_dags/example_latest_only.py
[2024-08-03T08:40:50.704+0000] {logging_mixin.py:188} INFO - [2024-08-03T08:40:50.704+0000] {dag.py:3089} INFO - Sync 1 DAGs
[2024-08-03T08:40:50.725+0000] {logging_mixin.py:188} INFO - [2024-08-03T08:40:50.724+0000] {dag.py:3947} INFO - Setting next_dagrun for latest_only to 2024-08-03 04:00:00+00:00, run_after=2024-08-03 08:00:00+00:00
[2024-08-03T08:40:50.747+0000] {processor.py:183} INFO - Processing /home/ubuntu/airflow-venv/lib/python3.12/site-packages/airflow/example_dags/example_latest_only.py took 0.075 seconds
[2024-08-03T08:41:40.308+0000] {processor.py:161} INFO - Started process (PID=2577) to work on /home/ubuntu/airflow-venv/lib/python3.12/site-packages/airflow/example_dags/example_latest_only.py
[2024-08-03T08:41:40.309+0000] {processor.py:830} INFO - Processing file /home/ubuntu/airflow-venv/lib/python3.12/site-packages/airflow/example_dags/example_latest_only.py for tasks to queue
[2024-08-03T08:41:40.311+0000] {logging_mixin.py:188} INFO - [2024-08-03T08:41:40.311+0000] {dagbag.py:545} INFO - Filling up the DagBag from /home/ubuntu/airflow-venv/lib/python3.12/site-packages/airflow/example_dags/example_latest_only.py
[2024-08-03T08:41:40.316+0000] {processor.py:840} INFO - DAG(s) 'latest_only' retrieved from /home/ubuntu/airflow-venv/lib/python3.12/site-packages/airflow/example_dags/example_latest_only.py
[2024-08-03T08:41:40.333+0000] {logging_mixin.py:188} INFO - [2024-08-03T08:41:40.333+0000] {dag.py:3089} INFO - Sync 1 DAGs
[2024-08-03T08:41:40.354+0000] {logging_mixin.py:188} INFO - [2024-08-03T08:41:40.354+0000] {dag.py:3947} INFO - Setting next_dagrun for latest_only to 2024-08-03 04:00:00+00:00, run_after=2024-08-03 08:00:00+00:00
[2024-08-03T08:41:40.378+0000] {processor.py:183} INFO - Processing /home/ubuntu/airflow-venv/lib/python3.12/site-packages/airflow/example_dags/example_latest_only.py took 0.076 seconds
[2024-08-03T08:42:27.585+0000] {processor.py:161} INFO - Started process (PID=2626) to work on /home/ubuntu/airflow-venv/lib/python3.12/site-packages/airflow/example_dags/example_latest_only.py
[2024-08-03T08:42:27.586+0000] {processor.py:830} INFO - Processing file /home/ubuntu/airflow-venv/lib/python3.12/site-packages/airflow/example_dags/example_latest_only.py for tasks to queue
[2024-08-03T08:42:27.588+0000] {logging_mixin.py:188} INFO - [2024-08-03T08:42:27.588+0000] {dagbag.py:545} INFO - Filling up the DagBag from /home/ubuntu/airflow-venv/lib/python3.12/site-packages/airflow/example_dags/example_latest_only.py
[2024-08-03T08:42:27.593+0000] {processor.py:840} INFO - DAG(s) 'latest_only' retrieved from /home/ubuntu/airflow-venv/lib/python3.12/site-packages/airflow/example_dags/example_latest_only.py
[2024-08-03T08:42:27.610+0000] {logging_mixin.py:188} INFO - [2024-08-03T08:42:27.610+0000] {dag.py:3089} INFO - Sync 1 DAGs
[2024-08-03T08:42:27.631+0000] {logging_mixin.py:188} INFO - [2024-08-03T08:42:27.631+0000] {dag.py:3947} INFO - Setting next_dagrun for latest_only to 2024-08-03 04:00:00+00:00, run_after=2024-08-03 08:00:00+00:00
[2024-08-03T08:42:27.656+0000] {processor.py:183} INFO - Processing /home/ubuntu/airflow-venv/lib/python3.12/site-packages/airflow/example_dags/example_latest_only.py took 0.077 seconds
[2024-08-03T08:43:30.344+0000] {processor.py:161} INFO - Started process (PID=2698) to work on /home/ubuntu/airflow-venv/lib/python3.12/site-packages/airflow/example_dags/example_latest_only.py
[2024-08-03T08:43:30.345+0000] {processor.py:830} INFO - Processing file /home/ubuntu/airflow-venv/lib/python3.12/site-packages/airflow/example_dags/example_latest_only.py for tasks to queue
[2024-08-03T08:43:30.347+0000] {logging_mixin.py:188} INFO - [2024-08-03T08:43:30.347+0000] {dagbag.py:545} INFO - Filling up the DagBag from /home/ubuntu/airflow-venv/lib/python3.12/site-packages/airflow/example_dags/example_latest_only.py
[2024-08-03T08:43:30.352+0000] {processor.py:840} INFO - DAG(s) 'latest_only' retrieved from /home/ubuntu/airflow-venv/lib/python3.12/site-packages/airflow/example_dags/example_latest_only.py
[2024-08-03T08:43:30.369+0000] {logging_mixin.py:188} INFO - [2024-08-03T08:43:30.369+0000] {dag.py:3089} INFO - Sync 1 DAGs
[2024-08-03T08:43:30.389+0000] {logging_mixin.py:188} INFO - [2024-08-03T08:43:30.389+0000] {dag.py:3947} INFO - Setting next_dagrun for latest_only to 2024-08-03 04:00:00+00:00, run_after=2024-08-03 08:00:00+00:00
[2024-08-03T08:43:30.412+0000] {processor.py:183} INFO - Processing /home/ubuntu/airflow-venv/lib/python3.12/site-packages/airflow/example_dags/example_latest_only.py took 0.075 seconds
[2024-08-03T08:44:33.892+0000] {processor.py:161} INFO - Started process (PID=2927) to work on /home/ubuntu/airflow-venv/lib/python3.12/site-packages/airflow/example_dags/example_latest_only.py
[2024-08-03T08:44:33.893+0000] {processor.py:830} INFO - Processing file /home/ubuntu/airflow-venv/lib/python3.12/site-packages/airflow/example_dags/example_latest_only.py for tasks to queue
[2024-08-03T08:44:33.895+0000] {logging_mixin.py:188} INFO - [2024-08-03T08:44:33.894+0000] {dagbag.py:545} INFO - Filling up the DagBag from /home/ubuntu/airflow-venv/lib/python3.12/site-packages/airflow/example_dags/example_latest_only.py
[2024-08-03T08:44:33.900+0000] {processor.py:840} INFO - DAG(s) 'latest_only' retrieved from /home/ubuntu/airflow-venv/lib/python3.12/site-packages/airflow/example_dags/example_latest_only.py
[2024-08-03T08:44:33.916+0000] {logging_mixin.py:188} INFO - [2024-08-03T08:44:33.916+0000] {dag.py:3089} INFO - Sync 1 DAGs
[2024-08-03T08:44:33.937+0000] {logging_mixin.py:188} INFO - [2024-08-03T08:44:33.936+0000] {dag.py:3947} INFO - Setting next_dagrun for latest_only to 2024-08-03 04:00:00+00:00, run_after=2024-08-03 08:00:00+00:00
[2024-08-03T08:44:33.960+0000] {processor.py:183} INFO - Processing /home/ubuntu/airflow-venv/lib/python3.12/site-packages/airflow/example_dags/example_latest_only.py took 0.074 seconds
[2024-08-03T08:45:40.453+0000] {processor.py:161} INFO - Started process (PID=3099) to work on /home/ubuntu/airflow-venv/lib/python3.12/site-packages/airflow/example_dags/example_latest_only.py
[2024-08-03T08:45:40.455+0000] {processor.py:830} INFO - Processing file /home/ubuntu/airflow-venv/lib/python3.12/site-packages/airflow/example_dags/example_latest_only.py for tasks to queue
[2024-08-03T08:45:40.457+0000] {logging_mixin.py:188} INFO - [2024-08-03T08:45:40.456+0000] {dagbag.py:545} INFO - Filling up the DagBag from /home/ubuntu/airflow-venv/lib/python3.12/site-packages/airflow/example_dags/example_latest_only.py
[2024-08-03T08:45:40.462+0000] {processor.py:840} INFO - DAG(s) 'latest_only' retrieved from /home/ubuntu/airflow-venv/lib/python3.12/site-packages/airflow/example_dags/example_latest_only.py
[2024-08-03T08:45:40.479+0000] {logging_mixin.py:188} INFO - [2024-08-03T08:45:40.478+0000] {dag.py:3089} INFO - Sync 1 DAGs
[2024-08-03T08:45:40.499+0000] {logging_mixin.py:188} INFO - [2024-08-03T08:45:40.499+0000] {dag.py:3947} INFO - Setting next_dagrun for latest_only to 2024-08-03 04:00:00+00:00, run_after=2024-08-03 08:00:00+00:00
[2024-08-03T08:45:40.525+0000] {processor.py:183} INFO - Processing /home/ubuntu/airflow-venv/lib/python3.12/site-packages/airflow/example_dags/example_latest_only.py took 0.079 seconds
[2024-08-03T08:46:42.414+0000] {processor.py:161} INFO - Started process (PID=3168) to work on /home/ubuntu/airflow-venv/lib/python3.12/site-packages/airflow/example_dags/example_latest_only.py
[2024-08-03T08:46:42.416+0000] {processor.py:830} INFO - Processing file /home/ubuntu/airflow-venv/lib/python3.12/site-packages/airflow/example_dags/example_latest_only.py for tasks to queue
[2024-08-03T08:46:42.418+0000] {logging_mixin.py:188} INFO - [2024-08-03T08:46:42.417+0000] {dagbag.py:545} INFO - Filling up the DagBag from /home/ubuntu/airflow-venv/lib/python3.12/site-packages/airflow/example_dags/example_latest_only.py
[2024-08-03T08:46:42.423+0000] {processor.py:840} INFO - DAG(s) 'latest_only' retrieved from /home/ubuntu/airflow-venv/lib/python3.12/site-packages/airflow/example_dags/example_latest_only.py
[2024-08-03T08:46:42.440+0000] {logging_mixin.py:188} INFO - [2024-08-03T08:46:42.439+0000] {dag.py:3089} INFO - Sync 1 DAGs
[2024-08-03T08:46:42.461+0000] {logging_mixin.py:188} INFO - [2024-08-03T08:46:42.461+0000] {dag.py:3947} INFO - Setting next_dagrun for latest_only to 2024-08-03 04:00:00+00:00, run_after=2024-08-03 08:00:00+00:00
[2024-08-03T08:46:42.485+0000] {processor.py:183} INFO - Processing /home/ubuntu/airflow-venv/lib/python3.12/site-packages/airflow/example_dags/example_latest_only.py took 0.077 seconds
[2024-08-03T08:47:47.530+0000] {processor.py:161} INFO - Started process (PID=3681) to work on /home/ubuntu/airflow-venv/lib/python3.12/site-packages/airflow/example_dags/example_latest_only.py
[2024-08-03T08:47:47.532+0000] {processor.py:830} INFO - Processing file /home/ubuntu/airflow-venv/lib/python3.12/site-packages/airflow/example_dags/example_latest_only.py for tasks to queue
[2024-08-03T08:47:47.534+0000] {logging_mixin.py:188} INFO - [2024-08-03T08:47:47.533+0000] {dagbag.py:545} INFO - Filling up the DagBag from /home/ubuntu/airflow-venv/lib/python3.12/site-packages/airflow/example_dags/example_latest_only.py
[2024-08-03T08:47:47.539+0000] {processor.py:840} INFO - DAG(s) 'latest_only' retrieved from /home/ubuntu/airflow-venv/lib/python3.12/site-packages/airflow/example_dags/example_latest_only.py
[2024-08-03T08:47:47.556+0000] {logging_mixin.py:188} INFO - [2024-08-03T08:47:47.556+0000] {dag.py:3089} INFO - Sync 1 DAGs
[2024-08-03T08:47:47.579+0000] {logging_mixin.py:188} INFO - [2024-08-03T08:47:47.578+0000] {dag.py:3947} INFO - Setting next_dagrun for latest_only to 2024-08-03 04:00:00+00:00, run_after=2024-08-03 08:00:00+00:00
[2024-08-03T08:47:47.603+0000] {processor.py:183} INFO - Processing /home/ubuntu/airflow-venv/lib/python3.12/site-packages/airflow/example_dags/example_latest_only.py took 0.079 seconds
[2024-08-03T08:48:51.320+0000] {processor.py:161} INFO - Started process (PID=3867) to work on /home/ubuntu/airflow-venv/lib/python3.12/site-packages/airflow/example_dags/example_latest_only.py
[2024-08-03T08:48:51.321+0000] {processor.py:830} INFO - Processing file /home/ubuntu/airflow-venv/lib/python3.12/site-packages/airflow/example_dags/example_latest_only.py for tasks to queue
[2024-08-03T08:48:51.323+0000] {logging_mixin.py:188} INFO - [2024-08-03T08:48:51.322+0000] {dagbag.py:545} INFO - Filling up the DagBag from /home/ubuntu/airflow-venv/lib/python3.12/site-packages/airflow/example_dags/example_latest_only.py
[2024-08-03T08:48:51.328+0000] {processor.py:840} INFO - DAG(s) 'latest_only' retrieved from /home/ubuntu/airflow-venv/lib/python3.12/site-packages/airflow/example_dags/example_latest_only.py
[2024-08-03T08:48:51.344+0000] {logging_mixin.py:188} INFO - [2024-08-03T08:48:51.344+0000] {dag.py:3089} INFO - Sync 1 DAGs
[2024-08-03T08:48:51.364+0000] {logging_mixin.py:188} INFO - [2024-08-03T08:48:51.364+0000] {dag.py:3947} INFO - Setting next_dagrun for latest_only to 2024-08-03 04:00:00+00:00, run_after=2024-08-03 08:00:00+00:00
[2024-08-03T08:48:51.388+0000] {processor.py:183} INFO - Processing /home/ubuntu/airflow-venv/lib/python3.12/site-packages/airflow/example_dags/example_latest_only.py took 0.074 seconds
[2024-08-03T08:49:57.763+0000] {processor.py:161} INFO - Started process (PID=4345) to work on /home/ubuntu/airflow-venv/lib/python3.12/site-packages/airflow/example_dags/example_latest_only.py
[2024-08-03T08:49:57.765+0000] {processor.py:830} INFO - Processing file /home/ubuntu/airflow-venv/lib/python3.12/site-packages/airflow/example_dags/example_latest_only.py for tasks to queue
[2024-08-03T08:49:57.766+0000] {logging_mixin.py:188} INFO - [2024-08-03T08:49:57.766+0000] {dagbag.py:545} INFO - Filling up the DagBag from /home/ubuntu/airflow-venv/lib/python3.12/site-packages/airflow/example_dags/example_latest_only.py
[2024-08-03T08:49:57.772+0000] {processor.py:840} INFO - DAG(s) 'latest_only' retrieved from /home/ubuntu/airflow-venv/lib/python3.12/site-packages/airflow/example_dags/example_latest_only.py
[2024-08-03T08:49:57.788+0000] {logging_mixin.py:188} INFO - [2024-08-03T08:49:57.788+0000] {dag.py:3089} INFO - Sync 1 DAGs
[2024-08-03T08:49:57.808+0000] {logging_mixin.py:188} INFO - [2024-08-03T08:49:57.808+0000] {dag.py:3947} INFO - Setting next_dagrun for latest_only to 2024-08-03 04:00:00+00:00, run_after=2024-08-03 08:00:00+00:00
[2024-08-03T08:49:57.833+0000] {processor.py:183} INFO - Processing /home/ubuntu/airflow-venv/lib/python3.12/site-packages/airflow/example_dags/example_latest_only.py took 0.076 seconds
[2024-08-03T08:50:45.913+0000] {processor.py:161} INFO - Started process (PID=4521) to work on /home/ubuntu/airflow-venv/lib/python3.12/site-packages/airflow/example_dags/example_latest_only.py
[2024-08-03T08:50:45.915+0000] {processor.py:830} INFO - Processing file /home/ubuntu/airflow-venv/lib/python3.12/site-packages/airflow/example_dags/example_latest_only.py for tasks to queue
[2024-08-03T08:50:45.917+0000] {logging_mixin.py:188} INFO - [2024-08-03T08:50:45.916+0000] {dagbag.py:545} INFO - Filling up the DagBag from /home/ubuntu/airflow-venv/lib/python3.12/site-packages/airflow/example_dags/example_latest_only.py
[2024-08-03T08:50:45.922+0000] {processor.py:840} INFO - DAG(s) 'latest_only' retrieved from /home/ubuntu/airflow-venv/lib/python3.12/site-packages/airflow/example_dags/example_latest_only.py
[2024-08-03T08:50:45.938+0000] {logging_mixin.py:188} INFO - [2024-08-03T08:50:45.938+0000] {dag.py:3089} INFO - Sync 1 DAGs
[2024-08-03T08:50:45.958+0000] {logging_mixin.py:188} INFO - [2024-08-03T08:50:45.958+0000] {dag.py:3947} INFO - Setting next_dagrun for latest_only to 2024-08-03 04:00:00+00:00, run_after=2024-08-03 08:00:00+00:00
[2024-08-03T08:50:45.982+0000] {processor.py:183} INFO - Processing /home/ubuntu/airflow-venv/lib/python3.12/site-packages/airflow/example_dags/example_latest_only.py took 0.076 seconds
[2024-08-03T08:51:37.653+0000] {processor.py:161} INFO - Started process (PID=4672) to work on /home/ubuntu/airflow-venv/lib/python3.12/site-packages/airflow/example_dags/example_latest_only.py
[2024-08-03T08:51:37.654+0000] {processor.py:830} INFO - Processing file /home/ubuntu/airflow-venv/lib/python3.12/site-packages/airflow/example_dags/example_latest_only.py for tasks to queue
[2024-08-03T08:51:37.656+0000] {logging_mixin.py:188} INFO - [2024-08-03T08:51:37.656+0000] {dagbag.py:545} INFO - Filling up the DagBag from /home/ubuntu/airflow-venv/lib/python3.12/site-packages/airflow/example_dags/example_latest_only.py
[2024-08-03T08:51:37.661+0000] {processor.py:840} INFO - DAG(s) 'latest_only' retrieved from /home/ubuntu/airflow-venv/lib/python3.12/site-packages/airflow/example_dags/example_latest_only.py
[2024-08-03T08:51:37.679+0000] {logging_mixin.py:188} INFO - [2024-08-03T08:51:37.678+0000] {dag.py:3089} INFO - Sync 1 DAGs
[2024-08-03T08:51:37.701+0000] {logging_mixin.py:188} INFO - [2024-08-03T08:51:37.701+0000] {dag.py:3947} INFO - Setting next_dagrun for latest_only to 2024-08-03 04:00:00+00:00, run_after=2024-08-03 08:00:00+00:00
[2024-08-03T08:51:37.726+0000] {processor.py:183} INFO - Processing /home/ubuntu/airflow-venv/lib/python3.12/site-packages/airflow/example_dags/example_latest_only.py took 0.080 seconds
[2024-08-03T08:52:23.170+0000] {processor.py:161} INFO - Started process (PID=4750) to work on /home/ubuntu/airflow-venv/lib/python3.12/site-packages/airflow/example_dags/example_latest_only.py
[2024-08-03T08:52:23.172+0000] {processor.py:830} INFO - Processing file /home/ubuntu/airflow-venv/lib/python3.12/site-packages/airflow/example_dags/example_latest_only.py for tasks to queue
[2024-08-03T08:52:23.174+0000] {logging_mixin.py:188} INFO - [2024-08-03T08:52:23.173+0000] {dagbag.py:545} INFO - Filling up the DagBag from /home/ubuntu/airflow-venv/lib/python3.12/site-packages/airflow/example_dags/example_latest_only.py
[2024-08-03T08:52:23.179+0000] {processor.py:840} INFO - DAG(s) 'latest_only' retrieved from /home/ubuntu/airflow-venv/lib/python3.12/site-packages/airflow/example_dags/example_latest_only.py
[2024-08-03T08:52:23.196+0000] {logging_mixin.py:188} INFO - [2024-08-03T08:52:23.196+0000] {dag.py:3089} INFO - Sync 1 DAGs
[2024-08-03T08:52:23.216+0000] {logging_mixin.py:188} INFO - [2024-08-03T08:52:23.216+0000] {dag.py:3947} INFO - Setting next_dagrun for latest_only to 2024-08-03 04:00:00+00:00, run_after=2024-08-03 08:00:00+00:00
[2024-08-03T08:52:23.240+0000] {processor.py:183} INFO - Processing /home/ubuntu/airflow-venv/lib/python3.12/site-packages/airflow/example_dags/example_latest_only.py took 0.077 seconds
[2024-08-03T08:53:26.204+0000] {processor.py:161} INFO - Started process (PID=4859) to work on /home/ubuntu/airflow-venv/lib/python3.12/site-packages/airflow/example_dags/example_latest_only.py
[2024-08-03T08:53:26.206+0000] {processor.py:830} INFO - Processing file /home/ubuntu/airflow-venv/lib/python3.12/site-packages/airflow/example_dags/example_latest_only.py for tasks to queue
[2024-08-03T08:53:26.208+0000] {logging_mixin.py:188} INFO - [2024-08-03T08:53:26.207+0000] {dagbag.py:545} INFO - Filling up the DagBag from /home/ubuntu/airflow-venv/lib/python3.12/site-packages/airflow/example_dags/example_latest_only.py
[2024-08-03T08:53:26.213+0000] {processor.py:840} INFO - DAG(s) 'latest_only' retrieved from /home/ubuntu/airflow-venv/lib/python3.12/site-packages/airflow/example_dags/example_latest_only.py
[2024-08-03T08:53:26.229+0000] {logging_mixin.py:188} INFO - [2024-08-03T08:53:26.229+0000] {dag.py:3089} INFO - Sync 1 DAGs
[2024-08-03T08:53:26.249+0000] {logging_mixin.py:188} INFO - [2024-08-03T08:53:26.249+0000] {dag.py:3947} INFO - Setting next_dagrun for latest_only to 2024-08-03 04:00:00+00:00, run_after=2024-08-03 08:00:00+00:00
[2024-08-03T08:53:26.273+0000] {processor.py:183} INFO - Processing /home/ubuntu/airflow-venv/lib/python3.12/site-packages/airflow/example_dags/example_latest_only.py took 0.076 seconds
[2024-08-03T08:54:45.198+0000] {processor.py:161} INFO - Started process (PID=4949) to work on /home/ubuntu/airflow-venv/lib/python3.12/site-packages/airflow/example_dags/example_latest_only.py
[2024-08-03T08:54:45.200+0000] {processor.py:830} INFO - Processing file /home/ubuntu/airflow-venv/lib/python3.12/site-packages/airflow/example_dags/example_latest_only.py for tasks to queue
[2024-08-03T08:54:45.202+0000] {logging_mixin.py:188} INFO - [2024-08-03T08:54:45.202+0000] {dagbag.py:545} INFO - Filling up the DagBag from /home/ubuntu/airflow-venv/lib/python3.12/site-packages/airflow/example_dags/example_latest_only.py
[2024-08-03T08:54:45.207+0000] {processor.py:840} INFO - DAG(s) 'latest_only' retrieved from /home/ubuntu/airflow-venv/lib/python3.12/site-packages/airflow/example_dags/example_latest_only.py
[2024-08-03T08:54:45.224+0000] {logging_mixin.py:188} INFO - [2024-08-03T08:54:45.224+0000] {dag.py:3089} INFO - Sync 1 DAGs
[2024-08-03T08:54:45.244+0000] {logging_mixin.py:188} INFO - [2024-08-03T08:54:45.244+0000] {dag.py:3947} INFO - Setting next_dagrun for latest_only to 2024-08-03 04:00:00+00:00, run_after=2024-08-03 08:00:00+00:00
[2024-08-03T08:54:45.267+0000] {processor.py:183} INFO - Processing /home/ubuntu/airflow-venv/lib/python3.12/site-packages/airflow/example_dags/example_latest_only.py took 0.076 seconds
[2024-08-03T08:55:48.319+0000] {processor.py:161} INFO - Started process (PID=5025) to work on /home/ubuntu/airflow-venv/lib/python3.12/site-packages/airflow/example_dags/example_latest_only.py
[2024-08-03T08:55:48.321+0000] {processor.py:830} INFO - Processing file /home/ubuntu/airflow-venv/lib/python3.12/site-packages/airflow/example_dags/example_latest_only.py for tasks to queue
[2024-08-03T08:55:48.323+0000] {logging_mixin.py:188} INFO - [2024-08-03T08:55:48.322+0000] {dagbag.py:545} INFO - Filling up the DagBag from /home/ubuntu/airflow-venv/lib/python3.12/site-packages/airflow/example_dags/example_latest_only.py
[2024-08-03T08:55:48.328+0000] {processor.py:840} INFO - DAG(s) 'latest_only' retrieved from /home/ubuntu/airflow-venv/lib/python3.12/site-packages/airflow/example_dags/example_latest_only.py
[2024-08-03T08:55:48.346+0000] {logging_mixin.py:188} INFO - [2024-08-03T08:55:48.345+0000] {dag.py:3089} INFO - Sync 1 DAGs
[2024-08-03T08:55:48.366+0000] {logging_mixin.py:188} INFO - [2024-08-03T08:55:48.366+0000] {dag.py:3947} INFO - Setting next_dagrun for latest_only to 2024-08-03 04:00:00+00:00, run_after=2024-08-03 08:00:00+00:00
[2024-08-03T08:55:48.398+0000] {processor.py:183} INFO - Processing /home/ubuntu/airflow-venv/lib/python3.12/site-packages/airflow/example_dags/example_latest_only.py took 0.086 seconds
[2024-08-03T08:56:44.432+0000] {processor.py:161} INFO - Started process (PID=5119) to work on /home/ubuntu/airflow-venv/lib/python3.12/site-packages/airflow/example_dags/example_latest_only.py
[2024-08-03T08:56:44.433+0000] {processor.py:830} INFO - Processing file /home/ubuntu/airflow-venv/lib/python3.12/site-packages/airflow/example_dags/example_latest_only.py for tasks to queue
[2024-08-03T08:56:44.435+0000] {logging_mixin.py:188} INFO - [2024-08-03T08:56:44.434+0000] {dagbag.py:545} INFO - Filling up the DagBag from /home/ubuntu/airflow-venv/lib/python3.12/site-packages/airflow/example_dags/example_latest_only.py
[2024-08-03T08:56:44.440+0000] {processor.py:840} INFO - DAG(s) 'latest_only' retrieved from /home/ubuntu/airflow-venv/lib/python3.12/site-packages/airflow/example_dags/example_latest_only.py
[2024-08-03T08:56:44.457+0000] {logging_mixin.py:188} INFO - [2024-08-03T08:56:44.457+0000] {dag.py:3089} INFO - Sync 1 DAGs
[2024-08-03T08:56:44.594+0000] {logging_mixin.py:188} INFO - [2024-08-03T08:56:44.594+0000] {dag.py:3947} INFO - Setting next_dagrun for latest_only to 2024-08-03 04:00:00+00:00, run_after=2024-08-03 08:00:00+00:00
[2024-08-03T08:56:44.616+0000] {processor.py:183} INFO - Processing /home/ubuntu/airflow-venv/lib/python3.12/site-packages/airflow/example_dags/example_latest_only.py took 0.192 seconds
[2024-08-03T08:57:34.238+0000] {processor.py:161} INFO - Started process (PID=5207) to work on /home/ubuntu/airflow-venv/lib/python3.12/site-packages/airflow/example_dags/example_latest_only.py
[2024-08-03T08:57:34.239+0000] {processor.py:830} INFO - Processing file /home/ubuntu/airflow-venv/lib/python3.12/site-packages/airflow/example_dags/example_latest_only.py for tasks to queue
[2024-08-03T08:57:34.241+0000] {logging_mixin.py:188} INFO - [2024-08-03T08:57:34.240+0000] {dagbag.py:545} INFO - Filling up the DagBag from /home/ubuntu/airflow-venv/lib/python3.12/site-packages/airflow/example_dags/example_latest_only.py
[2024-08-03T08:57:34.246+0000] {processor.py:840} INFO - DAG(s) 'latest_only' retrieved from /home/ubuntu/airflow-venv/lib/python3.12/site-packages/airflow/example_dags/example_latest_only.py
[2024-08-03T08:57:34.263+0000] {logging_mixin.py:188} INFO - [2024-08-03T08:57:34.263+0000] {dag.py:3089} INFO - Sync 1 DAGs
[2024-08-03T08:57:34.283+0000] {logging_mixin.py:188} INFO - [2024-08-03T08:57:34.283+0000] {dag.py:3947} INFO - Setting next_dagrun for latest_only to 2024-08-03 04:00:00+00:00, run_after=2024-08-03 08:00:00+00:00
[2024-08-03T08:57:34.307+0000] {processor.py:183} INFO - Processing /home/ubuntu/airflow-venv/lib/python3.12/site-packages/airflow/example_dags/example_latest_only.py took 0.077 seconds
[2024-08-03T08:58:25.789+0000] {processor.py:161} INFO - Started process (PID=5384) to work on /home/ubuntu/airflow-venv/lib/python3.12/site-packages/airflow/example_dags/example_latest_only.py
[2024-08-03T08:58:25.790+0000] {processor.py:830} INFO - Processing file /home/ubuntu/airflow-venv/lib/python3.12/site-packages/airflow/example_dags/example_latest_only.py for tasks to queue
[2024-08-03T08:58:25.907+0000] {logging_mixin.py:188} INFO - [2024-08-03T08:58:25.792+0000] {dagbag.py:545} INFO - Filling up the DagBag from /home/ubuntu/airflow-venv/lib/python3.12/site-packages/airflow/example_dags/example_latest_only.py
[2024-08-03T08:58:25.910+0000] {processor.py:840} INFO - DAG(s) 'latest_only' retrieved from /home/ubuntu/airflow-venv/lib/python3.12/site-packages/airflow/example_dags/example_latest_only.py
[2024-08-03T08:58:25.922+0000] {logging_mixin.py:188} INFO - [2024-08-03T08:58:25.922+0000] {dag.py:3089} INFO - Sync 1 DAGs
[2024-08-03T08:58:25.940+0000] {logging_mixin.py:188} INFO - [2024-08-03T08:58:25.940+0000] {dag.py:3947} INFO - Setting next_dagrun for latest_only to 2024-08-03 04:00:00+00:00, run_after=2024-08-03 08:00:00+00:00
[2024-08-03T08:58:25.969+0000] {processor.py:183} INFO - Processing /home/ubuntu/airflow-venv/lib/python3.12/site-packages/airflow/example_dags/example_latest_only.py took 0.188 seconds
[2024-08-03T08:59:16.517+0000] {processor.py:161} INFO - Started process (PID=5467) to work on /home/ubuntu/airflow-venv/lib/python3.12/site-packages/airflow/example_dags/example_latest_only.py
[2024-08-03T08:59:16.518+0000] {processor.py:830} INFO - Processing file /home/ubuntu/airflow-venv/lib/python3.12/site-packages/airflow/example_dags/example_latest_only.py for tasks to queue
[2024-08-03T08:59:16.520+0000] {logging_mixin.py:188} INFO - [2024-08-03T08:59:16.520+0000] {dagbag.py:545} INFO - Filling up the DagBag from /home/ubuntu/airflow-venv/lib/python3.12/site-packages/airflow/example_dags/example_latest_only.py
[2024-08-03T08:59:16.525+0000] {processor.py:840} INFO - DAG(s) 'latest_only' retrieved from /home/ubuntu/airflow-venv/lib/python3.12/site-packages/airflow/example_dags/example_latest_only.py
[2024-08-03T08:59:16.542+0000] {logging_mixin.py:188} INFO - [2024-08-03T08:59:16.542+0000] {dag.py:3089} INFO - Sync 1 DAGs
[2024-08-03T08:59:16.563+0000] {logging_mixin.py:188} INFO - [2024-08-03T08:59:16.563+0000] {dag.py:3947} INFO - Setting next_dagrun for latest_only to 2024-08-03 04:00:00+00:00, run_after=2024-08-03 08:00:00+00:00
[2024-08-03T08:59:16.609+0000] {processor.py:183} INFO - Processing /home/ubuntu/airflow-venv/lib/python3.12/site-packages/airflow/example_dags/example_latest_only.py took 0.100 seconds
[2024-08-03T09:00:03.892+0000] {processor.py:161} INFO - Started process (PID=5572) to work on /home/ubuntu/airflow-venv/lib/python3.12/site-packages/airflow/example_dags/example_latest_only.py
[2024-08-03T09:00:03.895+0000] {processor.py:830} INFO - Processing file /home/ubuntu/airflow-venv/lib/python3.12/site-packages/airflow/example_dags/example_latest_only.py for tasks to queue
[2024-08-03T09:00:03.897+0000] {logging_mixin.py:188} INFO - [2024-08-03T09:00:03.896+0000] {dagbag.py:545} INFO - Filling up the DagBag from /home/ubuntu/airflow-venv/lib/python3.12/site-packages/airflow/example_dags/example_latest_only.py
[2024-08-03T09:00:03.902+0000] {processor.py:840} INFO - DAG(s) 'latest_only' retrieved from /home/ubuntu/airflow-venv/lib/python3.12/site-packages/airflow/example_dags/example_latest_only.py
[2024-08-03T09:00:03.920+0000] {logging_mixin.py:188} INFO - [2024-08-03T09:00:03.920+0000] {dag.py:3089} INFO - Sync 1 DAGs
[2024-08-03T09:00:03.942+0000] {logging_mixin.py:188} INFO - [2024-08-03T09:00:03.941+0000] {dag.py:3947} INFO - Setting next_dagrun for latest_only to 2024-08-03 04:00:00+00:00, run_after=2024-08-03 08:00:00+00:00
[2024-08-03T09:00:03.969+0000] {processor.py:183} INFO - Processing /home/ubuntu/airflow-venv/lib/python3.12/site-packages/airflow/example_dags/example_latest_only.py took 0.085 seconds
[2024-08-03T09:00:48.376+0000] {processor.py:161} INFO - Started process (PID=5828) to work on /home/ubuntu/airflow-venv/lib/python3.12/site-packages/airflow/example_dags/example_latest_only.py
[2024-08-03T09:00:48.377+0000] {processor.py:830} INFO - Processing file /home/ubuntu/airflow-venv/lib/python3.12/site-packages/airflow/example_dags/example_latest_only.py for tasks to queue
[2024-08-03T09:00:48.380+0000] {logging_mixin.py:188} INFO - [2024-08-03T09:00:48.379+0000] {dagbag.py:545} INFO - Filling up the DagBag from /home/ubuntu/airflow-venv/lib/python3.12/site-packages/airflow/example_dags/example_latest_only.py
[2024-08-03T09:00:48.385+0000] {processor.py:840} INFO - DAG(s) 'latest_only' retrieved from /home/ubuntu/airflow-venv/lib/python3.12/site-packages/airflow/example_dags/example_latest_only.py
[2024-08-03T09:00:48.402+0000] {logging_mixin.py:188} INFO - [2024-08-03T09:00:48.402+0000] {dag.py:3089} INFO - Sync 1 DAGs
[2024-08-03T09:00:48.423+0000] {logging_mixin.py:188} INFO - [2024-08-03T09:00:48.423+0000] {dag.py:3947} INFO - Setting next_dagrun for latest_only to 2024-08-03 04:00:00+00:00, run_after=2024-08-03 08:00:00+00:00
[2024-08-03T09:00:48.447+0000] {processor.py:183} INFO - Processing /home/ubuntu/airflow-venv/lib/python3.12/site-packages/airflow/example_dags/example_latest_only.py took 0.079 seconds
[2024-08-03T09:01:50.148+0000] {processor.py:161} INFO - Started process (PID=6069) to work on /home/ubuntu/airflow-venv/lib/python3.12/site-packages/airflow/example_dags/example_latest_only.py
[2024-08-03T09:01:50.150+0000] {processor.py:830} INFO - Processing file /home/ubuntu/airflow-venv/lib/python3.12/site-packages/airflow/example_dags/example_latest_only.py for tasks to queue
[2024-08-03T09:01:50.152+0000] {logging_mixin.py:188} INFO - [2024-08-03T09:01:50.151+0000] {dagbag.py:545} INFO - Filling up the DagBag from /home/ubuntu/airflow-venv/lib/python3.12/site-packages/airflow/example_dags/example_latest_only.py
[2024-08-03T09:01:50.157+0000] {processor.py:840} INFO - DAG(s) 'latest_only' retrieved from /home/ubuntu/airflow-venv/lib/python3.12/site-packages/airflow/example_dags/example_latest_only.py
[2024-08-03T09:01:50.175+0000] {logging_mixin.py:188} INFO - [2024-08-03T09:01:50.174+0000] {dag.py:3089} INFO - Sync 1 DAGs
[2024-08-03T09:01:50.196+0000] {logging_mixin.py:188} INFO - [2024-08-03T09:01:50.196+0000] {dag.py:3947} INFO - Setting next_dagrun for latest_only to 2024-08-03 04:00:00+00:00, run_after=2024-08-03 08:00:00+00:00
[2024-08-03T09:01:50.220+0000] {processor.py:183} INFO - Processing /home/ubuntu/airflow-venv/lib/python3.12/site-packages/airflow/example_dags/example_latest_only.py took 0.080 seconds
[2024-08-03T09:02:54.022+0000] {processor.py:161} INFO - Started process (PID=6272) to work on /home/ubuntu/airflow-venv/lib/python3.12/site-packages/airflow/example_dags/example_latest_only.py
[2024-08-03T09:02:54.024+0000] {processor.py:830} INFO - Processing file /home/ubuntu/airflow-venv/lib/python3.12/site-packages/airflow/example_dags/example_latest_only.py for tasks to queue
[2024-08-03T09:02:54.026+0000] {logging_mixin.py:188} INFO - [2024-08-03T09:02:54.025+0000] {dagbag.py:545} INFO - Filling up the DagBag from /home/ubuntu/airflow-venv/lib/python3.12/site-packages/airflow/example_dags/example_latest_only.py
[2024-08-03T09:02:54.031+0000] {processor.py:840} INFO - DAG(s) 'latest_only' retrieved from /home/ubuntu/airflow-venv/lib/python3.12/site-packages/airflow/example_dags/example_latest_only.py
[2024-08-03T09:02:54.049+0000] {logging_mixin.py:188} INFO - [2024-08-03T09:02:54.048+0000] {dag.py:3089} INFO - Sync 1 DAGs
[2024-08-03T09:02:54.070+0000] {logging_mixin.py:188} INFO - [2024-08-03T09:02:54.069+0000] {dag.py:3947} INFO - Setting next_dagrun for latest_only to 2024-08-03 04:00:00+00:00, run_after=2024-08-03 08:00:00+00:00
[2024-08-03T09:02:54.093+0000] {processor.py:183} INFO - Processing /home/ubuntu/airflow-venv/lib/python3.12/site-packages/airflow/example_dags/example_latest_only.py took 0.079 seconds
[2024-08-03T09:03:55.517+0000] {processor.py:161} INFO - Started process (PID=6473) to work on /home/ubuntu/airflow-venv/lib/python3.12/site-packages/airflow/example_dags/example_latest_only.py
[2024-08-03T09:03:55.519+0000] {processor.py:830} INFO - Processing file /home/ubuntu/airflow-venv/lib/python3.12/site-packages/airflow/example_dags/example_latest_only.py for tasks to queue
[2024-08-03T09:03:55.521+0000] {logging_mixin.py:188} INFO - [2024-08-03T09:03:55.521+0000] {dagbag.py:545} INFO - Filling up the DagBag from /home/ubuntu/airflow-venv/lib/python3.12/site-packages/airflow/example_dags/example_latest_only.py
[2024-08-03T09:03:55.526+0000] {processor.py:840} INFO - DAG(s) 'latest_only' retrieved from /home/ubuntu/airflow-venv/lib/python3.12/site-packages/airflow/example_dags/example_latest_only.py
[2024-08-03T09:03:55.544+0000] {logging_mixin.py:188} INFO - [2024-08-03T09:03:55.544+0000] {dag.py:3089} INFO - Sync 1 DAGs
[2024-08-03T09:03:55.566+0000] {logging_mixin.py:188} INFO - [2024-08-03T09:03:55.566+0000] {dag.py:3947} INFO - Setting next_dagrun for latest_only to 2024-08-03 04:00:00+00:00, run_after=2024-08-03 08:00:00+00:00
[2024-08-03T09:03:55.592+0000] {processor.py:183} INFO - Processing /home/ubuntu/airflow-venv/lib/python3.12/site-packages/airflow/example_dags/example_latest_only.py took 0.082 seconds
[2024-08-03T09:04:59.655+0000] {processor.py:161} INFO - Started process (PID=6555) to work on /home/ubuntu/airflow-venv/lib/python3.12/site-packages/airflow/example_dags/example_latest_only.py
[2024-08-03T09:04:59.657+0000] {processor.py:830} INFO - Processing file /home/ubuntu/airflow-venv/lib/python3.12/site-packages/airflow/example_dags/example_latest_only.py for tasks to queue
[2024-08-03T09:04:59.659+0000] {logging_mixin.py:188} INFO - [2024-08-03T09:04:59.659+0000] {dagbag.py:545} INFO - Filling up the DagBag from /home/ubuntu/airflow-venv/lib/python3.12/site-packages/airflow/example_dags/example_latest_only.py
[2024-08-03T09:04:59.664+0000] {processor.py:840} INFO - DAG(s) 'latest_only' retrieved from /home/ubuntu/airflow-venv/lib/python3.12/site-packages/airflow/example_dags/example_latest_only.py
[2024-08-03T09:04:59.681+0000] {logging_mixin.py:188} INFO - [2024-08-03T09:04:59.681+0000] {dag.py:3089} INFO - Sync 1 DAGs
[2024-08-03T09:04:59.701+0000] {logging_mixin.py:188} INFO - [2024-08-03T09:04:59.701+0000] {dag.py:3947} INFO - Setting next_dagrun for latest_only to 2024-08-03 04:00:00+00:00, run_after=2024-08-03 08:00:00+00:00
[2024-08-03T09:04:59.725+0000] {processor.py:183} INFO - Processing /home/ubuntu/airflow-venv/lib/python3.12/site-packages/airflow/example_dags/example_latest_only.py took 0.078 seconds
[2024-08-03T09:06:04.752+0000] {processor.py:161} INFO - Started process (PID=6771) to work on /home/ubuntu/airflow-venv/lib/python3.12/site-packages/airflow/example_dags/example_latest_only.py
[2024-08-03T09:06:04.754+0000] {processor.py:830} INFO - Processing file /home/ubuntu/airflow-venv/lib/python3.12/site-packages/airflow/example_dags/example_latest_only.py for tasks to queue
[2024-08-03T09:06:04.756+0000] {logging_mixin.py:188} INFO - [2024-08-03T09:06:04.755+0000] {dagbag.py:545} INFO - Filling up the DagBag from /home/ubuntu/airflow-venv/lib/python3.12/site-packages/airflow/example_dags/example_latest_only.py
[2024-08-03T09:06:04.761+0000] {processor.py:840} INFO - DAG(s) 'latest_only' retrieved from /home/ubuntu/airflow-venv/lib/python3.12/site-packages/airflow/example_dags/example_latest_only.py
[2024-08-03T09:06:04.777+0000] {logging_mixin.py:188} INFO - [2024-08-03T09:06:04.777+0000] {dag.py:3089} INFO - Sync 1 DAGs
[2024-08-03T09:06:04.798+0000] {logging_mixin.py:188} INFO - [2024-08-03T09:06:04.798+0000] {dag.py:3947} INFO - Setting next_dagrun for latest_only to 2024-08-03 04:00:00+00:00, run_after=2024-08-03 08:00:00+00:00
[2024-08-03T09:06:04.824+0000] {processor.py:183} INFO - Processing /home/ubuntu/airflow-venv/lib/python3.12/site-packages/airflow/example_dags/example_latest_only.py took 0.079 seconds
[2024-08-03T09:06:49.705+0000] {processor.py:161} INFO - Started process (PID=6961) to work on /home/ubuntu/airflow-venv/lib/python3.12/site-packages/airflow/example_dags/example_latest_only.py
[2024-08-03T09:06:49.706+0000] {processor.py:830} INFO - Processing file /home/ubuntu/airflow-venv/lib/python3.12/site-packages/airflow/example_dags/example_latest_only.py for tasks to queue
[2024-08-03T09:06:49.708+0000] {logging_mixin.py:188} INFO - [2024-08-03T09:06:49.708+0000] {dagbag.py:545} INFO - Filling up the DagBag from /home/ubuntu/airflow-venv/lib/python3.12/site-packages/airflow/example_dags/example_latest_only.py
[2024-08-03T09:06:49.713+0000] {processor.py:840} INFO - DAG(s) 'latest_only' retrieved from /home/ubuntu/airflow-venv/lib/python3.12/site-packages/airflow/example_dags/example_latest_only.py
[2024-08-03T09:06:49.729+0000] {logging_mixin.py:188} INFO - [2024-08-03T09:06:49.729+0000] {dag.py:3089} INFO - Sync 1 DAGs
[2024-08-03T09:06:49.749+0000] {logging_mixin.py:188} INFO - [2024-08-03T09:06:49.749+0000] {dag.py:3947} INFO - Setting next_dagrun for latest_only to 2024-08-03 04:00:00+00:00, run_after=2024-08-03 08:00:00+00:00
[2024-08-03T09:06:49.773+0000] {processor.py:183} INFO - Processing /home/ubuntu/airflow-venv/lib/python3.12/site-packages/airflow/example_dags/example_latest_only.py took 0.076 seconds
[2024-08-03T09:07:57.555+0000] {processor.py:161} INFO - Started process (PID=7183) to work on /home/ubuntu/airflow-venv/lib/python3.12/site-packages/airflow/example_dags/example_latest_only.py
[2024-08-03T09:07:57.556+0000] {processor.py:830} INFO - Processing file /home/ubuntu/airflow-venv/lib/python3.12/site-packages/airflow/example_dags/example_latest_only.py for tasks to queue
[2024-08-03T09:07:57.559+0000] {logging_mixin.py:188} INFO - [2024-08-03T09:07:57.558+0000] {dagbag.py:545} INFO - Filling up the DagBag from /home/ubuntu/airflow-venv/lib/python3.12/site-packages/airflow/example_dags/example_latest_only.py
[2024-08-03T09:07:57.564+0000] {processor.py:840} INFO - DAG(s) 'latest_only' retrieved from /home/ubuntu/airflow-venv/lib/python3.12/site-packages/airflow/example_dags/example_latest_only.py
[2024-08-03T09:07:57.581+0000] {logging_mixin.py:188} INFO - [2024-08-03T09:07:57.581+0000] {dag.py:3089} INFO - Sync 1 DAGs
[2024-08-03T09:07:57.602+0000] {logging_mixin.py:188} INFO - [2024-08-03T09:07:57.601+0000] {dag.py:3947} INFO - Setting next_dagrun for latest_only to 2024-08-03 04:00:00+00:00, run_after=2024-08-03 08:00:00+00:00
[2024-08-03T09:07:57.627+0000] {processor.py:183} INFO - Processing /home/ubuntu/airflow-venv/lib/python3.12/site-packages/airflow/example_dags/example_latest_only.py took 0.080 seconds
[2024-08-03T09:09:00.150+0000] {processor.py:161} INFO - Started process (PID=7467) to work on /home/ubuntu/airflow-venv/lib/python3.12/site-packages/airflow/example_dags/example_latest_only.py
[2024-08-03T09:09:00.151+0000] {processor.py:830} INFO - Processing file /home/ubuntu/airflow-venv/lib/python3.12/site-packages/airflow/example_dags/example_latest_only.py for tasks to queue
[2024-08-03T09:09:00.153+0000] {logging_mixin.py:188} INFO - [2024-08-03T09:09:00.153+0000] {dagbag.py:545} INFO - Filling up the DagBag from /home/ubuntu/airflow-venv/lib/python3.12/site-packages/airflow/example_dags/example_latest_only.py
[2024-08-03T09:09:00.158+0000] {processor.py:840} INFO - DAG(s) 'latest_only' retrieved from /home/ubuntu/airflow-venv/lib/python3.12/site-packages/airflow/example_dags/example_latest_only.py
[2024-08-03T09:09:00.176+0000] {logging_mixin.py:188} INFO - [2024-08-03T09:09:00.176+0000] {dag.py:3089} INFO - Sync 1 DAGs
[2024-08-03T09:09:00.197+0000] {logging_mixin.py:188} INFO - [2024-08-03T09:09:00.197+0000] {dag.py:3947} INFO - Setting next_dagrun for latest_only to 2024-08-03 04:00:00+00:00, run_after=2024-08-03 08:00:00+00:00
[2024-08-03T09:09:00.221+0000] {processor.py:183} INFO - Processing /home/ubuntu/airflow-venv/lib/python3.12/site-packages/airflow/example_dags/example_latest_only.py took 0.080 seconds
[2024-08-03T09:10:04.321+0000] {processor.py:161} INFO - Started process (PID=7775) to work on /home/ubuntu/airflow-venv/lib/python3.12/site-packages/airflow/example_dags/example_latest_only.py
[2024-08-03T09:10:04.323+0000] {processor.py:830} INFO - Processing file /home/ubuntu/airflow-venv/lib/python3.12/site-packages/airflow/example_dags/example_latest_only.py for tasks to queue
[2024-08-03T09:10:04.325+0000] {logging_mixin.py:188} INFO - [2024-08-03T09:10:04.324+0000] {dagbag.py:545} INFO - Filling up the DagBag from /home/ubuntu/airflow-venv/lib/python3.12/site-packages/airflow/example_dags/example_latest_only.py
[2024-08-03T09:10:04.331+0000] {processor.py:840} INFO - DAG(s) 'latest_only' retrieved from /home/ubuntu/airflow-venv/lib/python3.12/site-packages/airflow/example_dags/example_latest_only.py
[2024-08-03T09:10:04.354+0000] {logging_mixin.py:188} INFO - [2024-08-03T09:10:04.353+0000] {dag.py:3089} INFO - Sync 1 DAGs
[2024-08-03T09:10:04.381+0000] {logging_mixin.py:188} INFO - [2024-08-03T09:10:04.381+0000] {dag.py:3947} INFO - Setting next_dagrun for latest_only to 2024-08-03 04:00:00+00:00, run_after=2024-08-03 08:00:00+00:00
[2024-08-03T09:10:04.414+0000] {processor.py:183} INFO - Processing /home/ubuntu/airflow-venv/lib/python3.12/site-packages/airflow/example_dags/example_latest_only.py took 0.102 seconds
[2024-08-03T09:11:04.388+0000] {processor.py:161} INFO - Started process (PID=7983) to work on /home/ubuntu/airflow-venv/lib/python3.12/site-packages/airflow/example_dags/example_latest_only.py
[2024-08-03T09:11:04.390+0000] {processor.py:830} INFO - Processing file /home/ubuntu/airflow-venv/lib/python3.12/site-packages/airflow/example_dags/example_latest_only.py for tasks to queue
[2024-08-03T09:11:04.392+0000] {logging_mixin.py:188} INFO - [2024-08-03T09:11:04.392+0000] {dagbag.py:545} INFO - Filling up the DagBag from /home/ubuntu/airflow-venv/lib/python3.12/site-packages/airflow/example_dags/example_latest_only.py
[2024-08-03T09:11:04.397+0000] {processor.py:840} INFO - DAG(s) 'latest_only' retrieved from /home/ubuntu/airflow-venv/lib/python3.12/site-packages/airflow/example_dags/example_latest_only.py
[2024-08-03T09:11:04.414+0000] {logging_mixin.py:188} INFO - [2024-08-03T09:11:04.414+0000] {dag.py:3089} INFO - Sync 1 DAGs
[2024-08-03T09:11:04.435+0000] {logging_mixin.py:188} INFO - [2024-08-03T09:11:04.435+0000] {dag.py:3947} INFO - Setting next_dagrun for latest_only to 2024-08-03 04:00:00+00:00, run_after=2024-08-03 08:00:00+00:00
[2024-08-03T09:11:04.461+0000] {processor.py:183} INFO - Processing /home/ubuntu/airflow-venv/lib/python3.12/site-packages/airflow/example_dags/example_latest_only.py took 0.080 seconds
[2024-08-03T09:12:07.538+0000] {processor.py:161} INFO - Started process (PID=8155) to work on /home/ubuntu/airflow-venv/lib/python3.12/site-packages/airflow/example_dags/example_latest_only.py
[2024-08-03T09:12:07.540+0000] {processor.py:830} INFO - Processing file /home/ubuntu/airflow-venv/lib/python3.12/site-packages/airflow/example_dags/example_latest_only.py for tasks to queue
[2024-08-03T09:12:07.542+0000] {logging_mixin.py:188} INFO - [2024-08-03T09:12:07.542+0000] {dagbag.py:545} INFO - Filling up the DagBag from /home/ubuntu/airflow-venv/lib/python3.12/site-packages/airflow/example_dags/example_latest_only.py
[2024-08-03T09:12:07.547+0000] {processor.py:840} INFO - DAG(s) 'latest_only' retrieved from /home/ubuntu/airflow-venv/lib/python3.12/site-packages/airflow/example_dags/example_latest_only.py
[2024-08-03T09:12:07.564+0000] {logging_mixin.py:188} INFO - [2024-08-03T09:12:07.564+0000] {dag.py:3089} INFO - Sync 1 DAGs
[2024-08-03T09:12:07.585+0000] {logging_mixin.py:188} INFO - [2024-08-03T09:12:07.585+0000] {dag.py:3947} INFO - Setting next_dagrun for latest_only to 2024-08-03 04:00:00+00:00, run_after=2024-08-03 08:00:00+00:00
[2024-08-03T09:12:07.609+0000] {processor.py:183} INFO - Processing /home/ubuntu/airflow-venv/lib/python3.12/site-packages/airflow/example_dags/example_latest_only.py took 0.079 seconds
[2024-08-03T09:13:11.420+0000] {processor.py:161} INFO - Started process (PID=8528) to work on /home/ubuntu/airflow-venv/lib/python3.12/site-packages/airflow/example_dags/example_latest_only.py
[2024-08-03T09:13:11.421+0000] {processor.py:830} INFO - Processing file /home/ubuntu/airflow-venv/lib/python3.12/site-packages/airflow/example_dags/example_latest_only.py for tasks to queue
[2024-08-03T09:13:11.424+0000] {logging_mixin.py:188} INFO - [2024-08-03T09:13:11.423+0000] {dagbag.py:545} INFO - Filling up the DagBag from /home/ubuntu/airflow-venv/lib/python3.12/site-packages/airflow/example_dags/example_latest_only.py
[2024-08-03T09:13:11.429+0000] {processor.py:840} INFO - DAG(s) 'latest_only' retrieved from /home/ubuntu/airflow-venv/lib/python3.12/site-packages/airflow/example_dags/example_latest_only.py
[2024-08-03T09:13:11.447+0000] {logging_mixin.py:188} INFO - [2024-08-03T09:13:11.447+0000] {dag.py:3089} INFO - Sync 1 DAGs
[2024-08-03T09:13:11.470+0000] {logging_mixin.py:188} INFO - [2024-08-03T09:13:11.470+0000] {dag.py:3947} INFO - Setting next_dagrun for latest_only to 2024-08-03 04:00:00+00:00, run_after=2024-08-03 08:00:00+00:00
[2024-08-03T09:13:11.509+0000] {processor.py:183} INFO - Processing /home/ubuntu/airflow-venv/lib/python3.12/site-packages/airflow/example_dags/example_latest_only.py took 0.098 seconds
