[2024-08-03T08:30:19.763+0000] {processor.py:161} INFO - Started process (PID=1800) to work on /home/ubuntu/airflow-venv/lib/python3.12/site-packages/airflow/example_dags/tutorial_taskflow_api.py
[2024-08-03T08:30:19.764+0000] {processor.py:830} INFO - Processing file /home/ubuntu/airflow-venv/lib/python3.12/site-packages/airflow/example_dags/tutorial_taskflow_api.py for tasks to queue
[2024-08-03T08:30:19.765+0000] {logging_mixin.py:188} INFO - [2024-08-03T08:30:19.765+0000] {dagbag.py:545} INFO - Filling up the DagBag from /home/ubuntu/airflow-venv/lib/python3.12/site-packages/airflow/example_dags/tutorial_taskflow_api.py
[2024-08-03T08:30:19.775+0000] {processor.py:840} INFO - DAG(s) 'tutorial_taskflow_api' retrieved from /home/ubuntu/airflow-venv/lib/python3.12/site-packages/airflow/example_dags/tutorial_taskflow_api.py
[2024-08-03T08:30:19.886+0000] {logging_mixin.py:188} INFO - [2024-08-03T08:30:19.886+0000] {dag.py:3089} INFO - Sync 1 DAGs
[2024-08-03T08:30:19.896+0000] {logging_mixin.py:188} INFO - [2024-08-03T08:30:19.896+0000] {dag.py:3947} INFO - Setting next_dagrun for tutorial_taskflow_api to None, run_after=None
[2024-08-03T08:30:19.920+0000] {processor.py:183} INFO - Processing /home/ubuntu/airflow-venv/lib/python3.12/site-packages/airflow/example_dags/tutorial_taskflow_api.py took 0.163 seconds
[2024-08-03T08:31:18.285+0000] {processor.py:161} INFO - Started process (PID=1856) to work on /home/ubuntu/airflow-venv/lib/python3.12/site-packages/airflow/example_dags/tutorial_taskflow_api.py
[2024-08-03T08:31:18.286+0000] {processor.py:830} INFO - Processing file /home/ubuntu/airflow-venv/lib/python3.12/site-packages/airflow/example_dags/tutorial_taskflow_api.py for tasks to queue
[2024-08-03T08:31:18.288+0000] {logging_mixin.py:188} INFO - [2024-08-03T08:31:18.288+0000] {dagbag.py:545} INFO - Filling up the DagBag from /home/ubuntu/airflow-venv/lib/python3.12/site-packages/airflow/example_dags/tutorial_taskflow_api.py
[2024-08-03T08:31:18.295+0000] {processor.py:840} INFO - DAG(s) 'tutorial_taskflow_api' retrieved from /home/ubuntu/airflow-venv/lib/python3.12/site-packages/airflow/example_dags/tutorial_taskflow_api.py
[2024-08-03T08:31:18.312+0000] {logging_mixin.py:188} INFO - [2024-08-03T08:31:18.311+0000] {dag.py:3089} INFO - Sync 1 DAGs
[2024-08-03T08:31:18.325+0000] {logging_mixin.py:188} INFO - [2024-08-03T08:31:18.324+0000] {dag.py:3947} INFO - Setting next_dagrun for tutorial_taskflow_api to None, run_after=None
[2024-08-03T08:31:18.350+0000] {processor.py:183} INFO - Processing /home/ubuntu/airflow-venv/lib/python3.12/site-packages/airflow/example_dags/tutorial_taskflow_api.py took 0.071 seconds
[2024-08-03T08:32:09.285+0000] {processor.py:161} INFO - Started process (PID=1916) to work on /home/ubuntu/airflow-venv/lib/python3.12/site-packages/airflow/example_dags/tutorial_taskflow_api.py
[2024-08-03T08:32:09.287+0000] {processor.py:830} INFO - Processing file /home/ubuntu/airflow-venv/lib/python3.12/site-packages/airflow/example_dags/tutorial_taskflow_api.py for tasks to queue
[2024-08-03T08:32:09.288+0000] {logging_mixin.py:188} INFO - [2024-08-03T08:32:09.288+0000] {dagbag.py:545} INFO - Filling up the DagBag from /home/ubuntu/airflow-venv/lib/python3.12/site-packages/airflow/example_dags/tutorial_taskflow_api.py
[2024-08-03T08:32:09.295+0000] {processor.py:840} INFO - DAG(s) 'tutorial_taskflow_api' retrieved from /home/ubuntu/airflow-venv/lib/python3.12/site-packages/airflow/example_dags/tutorial_taskflow_api.py
[2024-08-03T08:32:09.312+0000] {logging_mixin.py:188} INFO - [2024-08-03T08:32:09.312+0000] {dag.py:3089} INFO - Sync 1 DAGs
[2024-08-03T08:32:09.324+0000] {logging_mixin.py:188} INFO - [2024-08-03T08:32:09.324+0000] {dag.py:3947} INFO - Setting next_dagrun for tutorial_taskflow_api to None, run_after=None
[2024-08-03T08:32:09.348+0000] {processor.py:183} INFO - Processing /home/ubuntu/airflow-venv/lib/python3.12/site-packages/airflow/example_dags/tutorial_taskflow_api.py took 0.069 seconds
[2024-08-03T08:32:52.732+0000] {processor.py:161} INFO - Started process (PID=1966) to work on /home/ubuntu/airflow-venv/lib/python3.12/site-packages/airflow/example_dags/tutorial_taskflow_api.py
[2024-08-03T08:32:52.734+0000] {processor.py:830} INFO - Processing file /home/ubuntu/airflow-venv/lib/python3.12/site-packages/airflow/example_dags/tutorial_taskflow_api.py for tasks to queue
[2024-08-03T08:32:52.735+0000] {logging_mixin.py:188} INFO - [2024-08-03T08:32:52.735+0000] {dagbag.py:545} INFO - Filling up the DagBag from /home/ubuntu/airflow-venv/lib/python3.12/site-packages/airflow/example_dags/tutorial_taskflow_api.py
[2024-08-03T08:32:52.745+0000] {processor.py:840} INFO - DAG(s) 'tutorial_taskflow_api' retrieved from /home/ubuntu/airflow-venv/lib/python3.12/site-packages/airflow/example_dags/tutorial_taskflow_api.py
[2024-08-03T08:32:52.754+0000] {logging_mixin.py:188} INFO - [2024-08-03T08:32:52.754+0000] {dag.py:3089} INFO - Sync 1 DAGs
[2024-08-03T08:32:52.769+0000] {logging_mixin.py:188} INFO - [2024-08-03T08:32:52.769+0000] {dag.py:3947} INFO - Setting next_dagrun for tutorial_taskflow_api to None, run_after=None
[2024-08-03T08:32:52.792+0000] {processor.py:183} INFO - Processing /home/ubuntu/airflow-venv/lib/python3.12/site-packages/airflow/example_dags/tutorial_taskflow_api.py took 0.066 seconds
[2024-08-03T08:33:44.868+0000] {processor.py:161} INFO - Started process (PID=2021) to work on /home/ubuntu/airflow-venv/lib/python3.12/site-packages/airflow/example_dags/tutorial_taskflow_api.py
[2024-08-03T08:33:44.870+0000] {processor.py:830} INFO - Processing file /home/ubuntu/airflow-venv/lib/python3.12/site-packages/airflow/example_dags/tutorial_taskflow_api.py for tasks to queue
[2024-08-03T08:33:44.872+0000] {logging_mixin.py:188} INFO - [2024-08-03T08:33:44.871+0000] {dagbag.py:545} INFO - Filling up the DagBag from /home/ubuntu/airflow-venv/lib/python3.12/site-packages/airflow/example_dags/tutorial_taskflow_api.py
[2024-08-03T08:33:44.879+0000] {processor.py:840} INFO - DAG(s) 'tutorial_taskflow_api' retrieved from /home/ubuntu/airflow-venv/lib/python3.12/site-packages/airflow/example_dags/tutorial_taskflow_api.py
[2024-08-03T08:33:44.991+0000] {logging_mixin.py:188} INFO - [2024-08-03T08:33:44.991+0000] {dag.py:3089} INFO - Sync 1 DAGs
[2024-08-03T08:33:45.001+0000] {logging_mixin.py:188} INFO - [2024-08-03T08:33:45.001+0000] {dag.py:3947} INFO - Setting next_dagrun for tutorial_taskflow_api to None, run_after=None
[2024-08-03T08:33:45.026+0000] {processor.py:183} INFO - Processing /home/ubuntu/airflow-venv/lib/python3.12/site-packages/airflow/example_dags/tutorial_taskflow_api.py took 0.163 seconds
[2024-08-03T08:34:43.918+0000] {processor.py:161} INFO - Started process (PID=2084) to work on /home/ubuntu/airflow-venv/lib/python3.12/site-packages/airflow/example_dags/tutorial_taskflow_api.py
[2024-08-03T08:34:43.919+0000] {processor.py:830} INFO - Processing file /home/ubuntu/airflow-venv/lib/python3.12/site-packages/airflow/example_dags/tutorial_taskflow_api.py for tasks to queue
[2024-08-03T08:34:43.921+0000] {logging_mixin.py:188} INFO - [2024-08-03T08:34:43.921+0000] {dagbag.py:545} INFO - Filling up the DagBag from /home/ubuntu/airflow-venv/lib/python3.12/site-packages/airflow/example_dags/tutorial_taskflow_api.py
[2024-08-03T08:34:43.928+0000] {processor.py:840} INFO - DAG(s) 'tutorial_taskflow_api' retrieved from /home/ubuntu/airflow-venv/lib/python3.12/site-packages/airflow/example_dags/tutorial_taskflow_api.py
[2024-08-03T08:34:43.945+0000] {logging_mixin.py:188} INFO - [2024-08-03T08:34:43.944+0000] {dag.py:3089} INFO - Sync 1 DAGs
[2024-08-03T08:34:43.957+0000] {logging_mixin.py:188} INFO - [2024-08-03T08:34:43.957+0000] {dag.py:3947} INFO - Setting next_dagrun for tutorial_taskflow_api to None, run_after=None
[2024-08-03T08:34:43.981+0000] {processor.py:183} INFO - Processing /home/ubuntu/airflow-venv/lib/python3.12/site-packages/airflow/example_dags/tutorial_taskflow_api.py took 0.069 seconds
[2024-08-03T08:35:52.275+0000] {processor.py:161} INFO - Started process (PID=2164) to work on /home/ubuntu/airflow-venv/lib/python3.12/site-packages/airflow/example_dags/tutorial_taskflow_api.py
[2024-08-03T08:35:52.276+0000] {processor.py:830} INFO - Processing file /home/ubuntu/airflow-venv/lib/python3.12/site-packages/airflow/example_dags/tutorial_taskflow_api.py for tasks to queue
[2024-08-03T08:35:52.278+0000] {logging_mixin.py:188} INFO - [2024-08-03T08:35:52.278+0000] {dagbag.py:545} INFO - Filling up the DagBag from /home/ubuntu/airflow-venv/lib/python3.12/site-packages/airflow/example_dags/tutorial_taskflow_api.py
[2024-08-03T08:35:52.286+0000] {processor.py:840} INFO - DAG(s) 'tutorial_taskflow_api' retrieved from /home/ubuntu/airflow-venv/lib/python3.12/site-packages/airflow/example_dags/tutorial_taskflow_api.py
[2024-08-03T08:35:52.303+0000] {logging_mixin.py:188} INFO - [2024-08-03T08:35:52.302+0000] {dag.py:3089} INFO - Sync 1 DAGs
[2024-08-03T08:35:52.316+0000] {logging_mixin.py:188} INFO - [2024-08-03T08:35:52.315+0000] {dag.py:3947} INFO - Setting next_dagrun for tutorial_taskflow_api to None, run_after=None
[2024-08-03T08:35:52.349+0000] {processor.py:183} INFO - Processing /home/ubuntu/airflow-venv/lib/python3.12/site-packages/airflow/example_dags/tutorial_taskflow_api.py took 0.081 seconds
[2024-08-03T08:36:40.003+0000] {processor.py:161} INFO - Started process (PID=2216) to work on /home/ubuntu/airflow-venv/lib/python3.12/site-packages/airflow/example_dags/tutorial_taskflow_api.py
[2024-08-03T08:36:40.004+0000] {processor.py:830} INFO - Processing file /home/ubuntu/airflow-venv/lib/python3.12/site-packages/airflow/example_dags/tutorial_taskflow_api.py for tasks to queue
[2024-08-03T08:36:40.006+0000] {logging_mixin.py:188} INFO - [2024-08-03T08:36:40.006+0000] {dagbag.py:545} INFO - Filling up the DagBag from /home/ubuntu/airflow-venv/lib/python3.12/site-packages/airflow/example_dags/tutorial_taskflow_api.py
[2024-08-03T08:36:40.014+0000] {processor.py:840} INFO - DAG(s) 'tutorial_taskflow_api' retrieved from /home/ubuntu/airflow-venv/lib/python3.12/site-packages/airflow/example_dags/tutorial_taskflow_api.py
[2024-08-03T08:36:40.030+0000] {logging_mixin.py:188} INFO - [2024-08-03T08:36:40.030+0000] {dag.py:3089} INFO - Sync 1 DAGs
[2024-08-03T08:36:40.043+0000] {logging_mixin.py:188} INFO - [2024-08-03T08:36:40.043+0000] {dag.py:3947} INFO - Setting next_dagrun for tutorial_taskflow_api to None, run_after=None
[2024-08-03T08:36:40.067+0000] {processor.py:183} INFO - Processing /home/ubuntu/airflow-venv/lib/python3.12/site-packages/airflow/example_dags/tutorial_taskflow_api.py took 0.070 seconds
[2024-08-03T08:37:29.236+0000] {processor.py:161} INFO - Started process (PID=2274) to work on /home/ubuntu/airflow-venv/lib/python3.12/site-packages/airflow/example_dags/tutorial_taskflow_api.py
[2024-08-03T08:37:29.237+0000] {processor.py:830} INFO - Processing file /home/ubuntu/airflow-venv/lib/python3.12/site-packages/airflow/example_dags/tutorial_taskflow_api.py for tasks to queue
[2024-08-03T08:37:29.239+0000] {logging_mixin.py:188} INFO - [2024-08-03T08:37:29.239+0000] {dagbag.py:545} INFO - Filling up the DagBag from /home/ubuntu/airflow-venv/lib/python3.12/site-packages/airflow/example_dags/tutorial_taskflow_api.py
[2024-08-03T08:37:29.246+0000] {processor.py:840} INFO - DAG(s) 'tutorial_taskflow_api' retrieved from /home/ubuntu/airflow-venv/lib/python3.12/site-packages/airflow/example_dags/tutorial_taskflow_api.py
[2024-08-03T08:37:29.263+0000] {logging_mixin.py:188} INFO - [2024-08-03T08:37:29.263+0000] {dag.py:3089} INFO - Sync 1 DAGs
[2024-08-03T08:37:29.276+0000] {logging_mixin.py:188} INFO - [2024-08-03T08:37:29.276+0000] {dag.py:3947} INFO - Setting next_dagrun for tutorial_taskflow_api to None, run_after=None
[2024-08-03T08:37:29.300+0000] {processor.py:183} INFO - Processing /home/ubuntu/airflow-venv/lib/python3.12/site-packages/airflow/example_dags/tutorial_taskflow_api.py took 0.070 seconds
[2024-08-03T08:38:24.463+0000] {processor.py:161} INFO - Started process (PID=2358) to work on /home/ubuntu/airflow-venv/lib/python3.12/site-packages/airflow/example_dags/tutorial_taskflow_api.py
[2024-08-03T08:38:24.465+0000] {processor.py:830} INFO - Processing file /home/ubuntu/airflow-venv/lib/python3.12/site-packages/airflow/example_dags/tutorial_taskflow_api.py for tasks to queue
[2024-08-03T08:38:24.467+0000] {logging_mixin.py:188} INFO - [2024-08-03T08:38:24.466+0000] {dagbag.py:545} INFO - Filling up the DagBag from /home/ubuntu/airflow-venv/lib/python3.12/site-packages/airflow/example_dags/tutorial_taskflow_api.py
[2024-08-03T08:38:24.474+0000] {processor.py:840} INFO - DAG(s) 'tutorial_taskflow_api' retrieved from /home/ubuntu/airflow-venv/lib/python3.12/site-packages/airflow/example_dags/tutorial_taskflow_api.py
[2024-08-03T08:38:24.491+0000] {logging_mixin.py:188} INFO - [2024-08-03T08:38:24.491+0000] {dag.py:3089} INFO - Sync 1 DAGs
[2024-08-03T08:38:24.504+0000] {logging_mixin.py:188} INFO - [2024-08-03T08:38:24.504+0000] {dag.py:3947} INFO - Setting next_dagrun for tutorial_taskflow_api to None, run_after=None
[2024-08-03T08:38:24.528+0000] {processor.py:183} INFO - Processing /home/ubuntu/airflow-venv/lib/python3.12/site-packages/airflow/example_dags/tutorial_taskflow_api.py took 0.071 seconds
[2024-08-03T08:39:27.174+0000] {processor.py:161} INFO - Started process (PID=2426) to work on /home/ubuntu/airflow-venv/lib/python3.12/site-packages/airflow/example_dags/tutorial_taskflow_api.py
[2024-08-03T08:39:27.175+0000] {processor.py:830} INFO - Processing file /home/ubuntu/airflow-venv/lib/python3.12/site-packages/airflow/example_dags/tutorial_taskflow_api.py for tasks to queue
[2024-08-03T08:39:27.177+0000] {logging_mixin.py:188} INFO - [2024-08-03T08:39:27.176+0000] {dagbag.py:545} INFO - Filling up the DagBag from /home/ubuntu/airflow-venv/lib/python3.12/site-packages/airflow/example_dags/tutorial_taskflow_api.py
[2024-08-03T08:39:27.184+0000] {processor.py:840} INFO - DAG(s) 'tutorial_taskflow_api' retrieved from /home/ubuntu/airflow-venv/lib/python3.12/site-packages/airflow/example_dags/tutorial_taskflow_api.py
[2024-08-03T08:39:27.201+0000] {logging_mixin.py:188} INFO - [2024-08-03T08:39:27.200+0000] {dag.py:3089} INFO - Sync 1 DAGs
[2024-08-03T08:39:27.213+0000] {logging_mixin.py:188} INFO - [2024-08-03T08:39:27.213+0000] {dag.py:3947} INFO - Setting next_dagrun for tutorial_taskflow_api to None, run_after=None
[2024-08-03T08:39:27.236+0000] {processor.py:183} INFO - Processing /home/ubuntu/airflow-venv/lib/python3.12/site-packages/airflow/example_dags/tutorial_taskflow_api.py took 0.068 seconds
[2024-08-03T08:40:22.300+0000] {processor.py:161} INFO - Started process (PID=2493) to work on /home/ubuntu/airflow-venv/lib/python3.12/site-packages/airflow/example_dags/tutorial_taskflow_api.py
[2024-08-03T08:40:22.301+0000] {processor.py:830} INFO - Processing file /home/ubuntu/airflow-venv/lib/python3.12/site-packages/airflow/example_dags/tutorial_taskflow_api.py for tasks to queue
[2024-08-03T08:40:22.303+0000] {logging_mixin.py:188} INFO - [2024-08-03T08:40:22.303+0000] {dagbag.py:545} INFO - Filling up the DagBag from /home/ubuntu/airflow-venv/lib/python3.12/site-packages/airflow/example_dags/tutorial_taskflow_api.py
[2024-08-03T08:40:22.311+0000] {processor.py:840} INFO - DAG(s) 'tutorial_taskflow_api' retrieved from /home/ubuntu/airflow-venv/lib/python3.12/site-packages/airflow/example_dags/tutorial_taskflow_api.py
[2024-08-03T08:40:22.327+0000] {logging_mixin.py:188} INFO - [2024-08-03T08:40:22.327+0000] {dag.py:3089} INFO - Sync 1 DAGs
[2024-08-03T08:40:22.340+0000] {logging_mixin.py:188} INFO - [2024-08-03T08:40:22.340+0000] {dag.py:3947} INFO - Setting next_dagrun for tutorial_taskflow_api to None, run_after=None
[2024-08-03T08:40:22.365+0000] {processor.py:183} INFO - Processing /home/ubuntu/airflow-venv/lib/python3.12/site-packages/airflow/example_dags/tutorial_taskflow_api.py took 0.071 seconds
[2024-08-03T08:41:12.360+0000] {processor.py:161} INFO - Started process (PID=2546) to work on /home/ubuntu/airflow-venv/lib/python3.12/site-packages/airflow/example_dags/tutorial_taskflow_api.py
[2024-08-03T08:41:12.362+0000] {processor.py:830} INFO - Processing file /home/ubuntu/airflow-venv/lib/python3.12/site-packages/airflow/example_dags/tutorial_taskflow_api.py for tasks to queue
[2024-08-03T08:41:12.363+0000] {logging_mixin.py:188} INFO - [2024-08-03T08:41:12.363+0000] {dagbag.py:545} INFO - Filling up the DagBag from /home/ubuntu/airflow-venv/lib/python3.12/site-packages/airflow/example_dags/tutorial_taskflow_api.py
[2024-08-03T08:41:12.371+0000] {processor.py:840} INFO - DAG(s) 'tutorial_taskflow_api' retrieved from /home/ubuntu/airflow-venv/lib/python3.12/site-packages/airflow/example_dags/tutorial_taskflow_api.py
[2024-08-03T08:41:12.388+0000] {logging_mixin.py:188} INFO - [2024-08-03T08:41:12.387+0000] {dag.py:3089} INFO - Sync 1 DAGs
[2024-08-03T08:41:12.400+0000] {logging_mixin.py:188} INFO - [2024-08-03T08:41:12.400+0000] {dag.py:3947} INFO - Setting next_dagrun for tutorial_taskflow_api to None, run_after=None
[2024-08-03T08:41:12.426+0000] {processor.py:183} INFO - Processing /home/ubuntu/airflow-venv/lib/python3.12/site-packages/airflow/example_dags/tutorial_taskflow_api.py took 0.072 seconds
[2024-08-03T08:41:56.967+0000] {processor.py:161} INFO - Started process (PID=2595) to work on /home/ubuntu/airflow-venv/lib/python3.12/site-packages/airflow/example_dags/tutorial_taskflow_api.py
[2024-08-03T08:41:56.968+0000] {processor.py:830} INFO - Processing file /home/ubuntu/airflow-venv/lib/python3.12/site-packages/airflow/example_dags/tutorial_taskflow_api.py for tasks to queue
[2024-08-03T08:41:56.970+0000] {logging_mixin.py:188} INFO - [2024-08-03T08:41:56.970+0000] {dagbag.py:545} INFO - Filling up the DagBag from /home/ubuntu/airflow-venv/lib/python3.12/site-packages/airflow/example_dags/tutorial_taskflow_api.py
[2024-08-03T08:41:56.977+0000] {processor.py:840} INFO - DAG(s) 'tutorial_taskflow_api' retrieved from /home/ubuntu/airflow-venv/lib/python3.12/site-packages/airflow/example_dags/tutorial_taskflow_api.py
[2024-08-03T08:41:56.994+0000] {logging_mixin.py:188} INFO - [2024-08-03T08:41:56.994+0000] {dag.py:3089} INFO - Sync 1 DAGs
[2024-08-03T08:41:57.007+0000] {logging_mixin.py:188} INFO - [2024-08-03T08:41:57.007+0000] {dag.py:3947} INFO - Setting next_dagrun for tutorial_taskflow_api to None, run_after=None
[2024-08-03T08:41:57.031+0000] {processor.py:183} INFO - Processing /home/ubuntu/airflow-venv/lib/python3.12/site-packages/airflow/example_dags/tutorial_taskflow_api.py took 0.070 seconds
[2024-08-03T08:42:42.950+0000] {processor.py:161} INFO - Started process (PID=2645) to work on /home/ubuntu/airflow-venv/lib/python3.12/site-packages/airflow/example_dags/tutorial_taskflow_api.py
[2024-08-03T08:42:42.951+0000] {processor.py:830} INFO - Processing file /home/ubuntu/airflow-venv/lib/python3.12/site-packages/airflow/example_dags/tutorial_taskflow_api.py for tasks to queue
[2024-08-03T08:42:42.953+0000] {logging_mixin.py:188} INFO - [2024-08-03T08:42:42.952+0000] {dagbag.py:545} INFO - Filling up the DagBag from /home/ubuntu/airflow-venv/lib/python3.12/site-packages/airflow/example_dags/tutorial_taskflow_api.py
[2024-08-03T08:42:42.960+0000] {processor.py:840} INFO - DAG(s) 'tutorial_taskflow_api' retrieved from /home/ubuntu/airflow-venv/lib/python3.12/site-packages/airflow/example_dags/tutorial_taskflow_api.py
[2024-08-03T08:42:42.977+0000] {logging_mixin.py:188} INFO - [2024-08-03T08:42:42.976+0000] {dag.py:3089} INFO - Sync 1 DAGs
[2024-08-03T08:42:42.989+0000] {logging_mixin.py:188} INFO - [2024-08-03T08:42:42.989+0000] {dag.py:3947} INFO - Setting next_dagrun for tutorial_taskflow_api to None, run_after=None
[2024-08-03T08:42:43.014+0000] {processor.py:183} INFO - Processing /home/ubuntu/airflow-venv/lib/python3.12/site-packages/airflow/example_dags/tutorial_taskflow_api.py took 0.070 seconds
[2024-08-03T08:43:25.468+0000] {processor.py:161} INFO - Started process (PID=2692) to work on /home/ubuntu/airflow-venv/lib/python3.12/site-packages/airflow/example_dags/tutorial_taskflow_api.py
[2024-08-03T08:43:25.470+0000] {processor.py:830} INFO - Processing file /home/ubuntu/airflow-venv/lib/python3.12/site-packages/airflow/example_dags/tutorial_taskflow_api.py for tasks to queue
[2024-08-03T08:43:25.471+0000] {logging_mixin.py:188} INFO - [2024-08-03T08:43:25.471+0000] {dagbag.py:545} INFO - Filling up the DagBag from /home/ubuntu/airflow-venv/lib/python3.12/site-packages/airflow/example_dags/tutorial_taskflow_api.py
[2024-08-03T08:43:25.479+0000] {processor.py:840} INFO - DAG(s) 'tutorial_taskflow_api' retrieved from /home/ubuntu/airflow-venv/lib/python3.12/site-packages/airflow/example_dags/tutorial_taskflow_api.py
[2024-08-03T08:43:25.495+0000] {logging_mixin.py:188} INFO - [2024-08-03T08:43:25.495+0000] {dag.py:3089} INFO - Sync 1 DAGs
[2024-08-03T08:43:25.508+0000] {logging_mixin.py:188} INFO - [2024-08-03T08:43:25.507+0000] {dag.py:3947} INFO - Setting next_dagrun for tutorial_taskflow_api to None, run_after=None
[2024-08-03T08:43:25.532+0000] {processor.py:183} INFO - Processing /home/ubuntu/airflow-venv/lib/python3.12/site-packages/airflow/example_dags/tutorial_taskflow_api.py took 0.070 seconds
[2024-08-03T08:44:06.793+0000] {processor.py:161} INFO - Started process (PID=2829) to work on /home/ubuntu/airflow-venv/lib/python3.12/site-packages/airflow/example_dags/tutorial_taskflow_api.py
[2024-08-03T08:44:06.794+0000] {processor.py:830} INFO - Processing file /home/ubuntu/airflow-venv/lib/python3.12/site-packages/airflow/example_dags/tutorial_taskflow_api.py for tasks to queue
[2024-08-03T08:44:06.796+0000] {logging_mixin.py:188} INFO - [2024-08-03T08:44:06.796+0000] {dagbag.py:545} INFO - Filling up the DagBag from /home/ubuntu/airflow-venv/lib/python3.12/site-packages/airflow/example_dags/tutorial_taskflow_api.py
[2024-08-03T08:44:06.804+0000] {processor.py:840} INFO - DAG(s) 'tutorial_taskflow_api' retrieved from /home/ubuntu/airflow-venv/lib/python3.12/site-packages/airflow/example_dags/tutorial_taskflow_api.py
[2024-08-03T08:44:06.821+0000] {logging_mixin.py:188} INFO - [2024-08-03T08:44:06.821+0000] {dag.py:3089} INFO - Sync 1 DAGs
[2024-08-03T08:44:06.834+0000] {logging_mixin.py:188} INFO - [2024-08-03T08:44:06.834+0000] {dag.py:3947} INFO - Setting next_dagrun for tutorial_taskflow_api to None, run_after=None
[2024-08-03T08:44:06.859+0000] {processor.py:183} INFO - Processing /home/ubuntu/airflow-venv/lib/python3.12/site-packages/airflow/example_dags/tutorial_taskflow_api.py took 0.072 seconds
[2024-08-03T08:44:49.337+0000] {processor.py:161} INFO - Started process (PID=2944) to work on /home/ubuntu/airflow-venv/lib/python3.12/site-packages/airflow/example_dags/tutorial_taskflow_api.py
[2024-08-03T08:44:49.338+0000] {processor.py:830} INFO - Processing file /home/ubuntu/airflow-venv/lib/python3.12/site-packages/airflow/example_dags/tutorial_taskflow_api.py for tasks to queue
[2024-08-03T08:44:49.340+0000] {logging_mixin.py:188} INFO - [2024-08-03T08:44:49.340+0000] {dagbag.py:545} INFO - Filling up the DagBag from /home/ubuntu/airflow-venv/lib/python3.12/site-packages/airflow/example_dags/tutorial_taskflow_api.py
[2024-08-03T08:44:49.348+0000] {processor.py:840} INFO - DAG(s) 'tutorial_taskflow_api' retrieved from /home/ubuntu/airflow-venv/lib/python3.12/site-packages/airflow/example_dags/tutorial_taskflow_api.py
[2024-08-03T08:44:49.364+0000] {logging_mixin.py:188} INFO - [2024-08-03T08:44:49.364+0000] {dag.py:3089} INFO - Sync 1 DAGs
[2024-08-03T08:44:49.377+0000] {logging_mixin.py:188} INFO - [2024-08-03T08:44:49.377+0000] {dag.py:3947} INFO - Setting next_dagrun for tutorial_taskflow_api to None, run_after=None
[2024-08-03T08:44:49.401+0000] {processor.py:183} INFO - Processing /home/ubuntu/airflow-venv/lib/python3.12/site-packages/airflow/example_dags/tutorial_taskflow_api.py took 0.071 seconds
[2024-08-03T08:45:34.241+0000] {processor.py:161} INFO - Started process (PID=3092) to work on /home/ubuntu/airflow-venv/lib/python3.12/site-packages/airflow/example_dags/tutorial_taskflow_api.py
[2024-08-03T08:45:34.243+0000] {processor.py:830} INFO - Processing file /home/ubuntu/airflow-venv/lib/python3.12/site-packages/airflow/example_dags/tutorial_taskflow_api.py for tasks to queue
[2024-08-03T08:45:34.244+0000] {logging_mixin.py:188} INFO - [2024-08-03T08:45:34.244+0000] {dagbag.py:545} INFO - Filling up the DagBag from /home/ubuntu/airflow-venv/lib/python3.12/site-packages/airflow/example_dags/tutorial_taskflow_api.py
[2024-08-03T08:45:34.252+0000] {processor.py:840} INFO - DAG(s) 'tutorial_taskflow_api' retrieved from /home/ubuntu/airflow-venv/lib/python3.12/site-packages/airflow/example_dags/tutorial_taskflow_api.py
[2024-08-03T08:45:34.268+0000] {logging_mixin.py:188} INFO - [2024-08-03T08:45:34.267+0000] {dag.py:3089} INFO - Sync 1 DAGs
[2024-08-03T08:45:34.280+0000] {logging_mixin.py:188} INFO - [2024-08-03T08:45:34.280+0000] {dag.py:3947} INFO - Setting next_dagrun for tutorial_taskflow_api to None, run_after=None
[2024-08-03T08:45:34.304+0000] {processor.py:183} INFO - Processing /home/ubuntu/airflow-venv/lib/python3.12/site-packages/airflow/example_dags/tutorial_taskflow_api.py took 0.068 seconds
[2024-08-03T08:46:16.125+0000] {processor.py:161} INFO - Started process (PID=3140) to work on /home/ubuntu/airflow-venv/lib/python3.12/site-packages/airflow/example_dags/tutorial_taskflow_api.py
[2024-08-03T08:46:16.126+0000] {processor.py:830} INFO - Processing file /home/ubuntu/airflow-venv/lib/python3.12/site-packages/airflow/example_dags/tutorial_taskflow_api.py for tasks to queue
[2024-08-03T08:46:16.128+0000] {logging_mixin.py:188} INFO - [2024-08-03T08:46:16.127+0000] {dagbag.py:545} INFO - Filling up the DagBag from /home/ubuntu/airflow-venv/lib/python3.12/site-packages/airflow/example_dags/tutorial_taskflow_api.py
[2024-08-03T08:46:16.135+0000] {processor.py:840} INFO - DAG(s) 'tutorial_taskflow_api' retrieved from /home/ubuntu/airflow-venv/lib/python3.12/site-packages/airflow/example_dags/tutorial_taskflow_api.py
[2024-08-03T08:46:16.152+0000] {logging_mixin.py:188} INFO - [2024-08-03T08:46:16.152+0000] {dag.py:3089} INFO - Sync 1 DAGs
[2024-08-03T08:46:16.165+0000] {logging_mixin.py:188} INFO - [2024-08-03T08:46:16.165+0000] {dag.py:3947} INFO - Setting next_dagrun for tutorial_taskflow_api to None, run_after=None
[2024-08-03T08:46:16.189+0000] {processor.py:183} INFO - Processing /home/ubuntu/airflow-venv/lib/python3.12/site-packages/airflow/example_dags/tutorial_taskflow_api.py took 0.071 seconds
[2024-08-03T08:46:58.811+0000] {processor.py:161} INFO - Started process (PID=3186) to work on /home/ubuntu/airflow-venv/lib/python3.12/site-packages/airflow/example_dags/tutorial_taskflow_api.py
[2024-08-03T08:46:58.813+0000] {processor.py:830} INFO - Processing file /home/ubuntu/airflow-venv/lib/python3.12/site-packages/airflow/example_dags/tutorial_taskflow_api.py for tasks to queue
[2024-08-03T08:46:58.814+0000] {logging_mixin.py:188} INFO - [2024-08-03T08:46:58.814+0000] {dagbag.py:545} INFO - Filling up the DagBag from /home/ubuntu/airflow-venv/lib/python3.12/site-packages/airflow/example_dags/tutorial_taskflow_api.py
[2024-08-03T08:46:58.822+0000] {processor.py:840} INFO - DAG(s) 'tutorial_taskflow_api' retrieved from /home/ubuntu/airflow-venv/lib/python3.12/site-packages/airflow/example_dags/tutorial_taskflow_api.py
[2024-08-03T08:46:58.838+0000] {logging_mixin.py:188} INFO - [2024-08-03T08:46:58.838+0000] {dag.py:3089} INFO - Sync 1 DAGs
[2024-08-03T08:46:58.851+0000] {logging_mixin.py:188} INFO - [2024-08-03T08:46:58.851+0000] {dag.py:3947} INFO - Setting next_dagrun for tutorial_taskflow_api to None, run_after=None
[2024-08-03T08:46:58.875+0000] {processor.py:183} INFO - Processing /home/ubuntu/airflow-venv/lib/python3.12/site-packages/airflow/example_dags/tutorial_taskflow_api.py took 0.070 seconds
[2024-08-03T08:47:42.508+0000] {processor.py:161} INFO - Started process (PID=3661) to work on /home/ubuntu/airflow-venv/lib/python3.12/site-packages/airflow/example_dags/tutorial_taskflow_api.py
[2024-08-03T08:47:42.509+0000] {processor.py:830} INFO - Processing file /home/ubuntu/airflow-venv/lib/python3.12/site-packages/airflow/example_dags/tutorial_taskflow_api.py for tasks to queue
[2024-08-03T08:47:42.511+0000] {logging_mixin.py:188} INFO - [2024-08-03T08:47:42.511+0000] {dagbag.py:545} INFO - Filling up the DagBag from /home/ubuntu/airflow-venv/lib/python3.12/site-packages/airflow/example_dags/tutorial_taskflow_api.py
[2024-08-03T08:47:42.518+0000] {processor.py:840} INFO - DAG(s) 'tutorial_taskflow_api' retrieved from /home/ubuntu/airflow-venv/lib/python3.12/site-packages/airflow/example_dags/tutorial_taskflow_api.py
[2024-08-03T08:47:42.535+0000] {logging_mixin.py:188} INFO - [2024-08-03T08:47:42.535+0000] {dag.py:3089} INFO - Sync 1 DAGs
[2024-08-03T08:47:42.547+0000] {logging_mixin.py:188} INFO - [2024-08-03T08:47:42.547+0000] {dag.py:3947} INFO - Setting next_dagrun for tutorial_taskflow_api to None, run_after=None
[2024-08-03T08:47:42.570+0000] {processor.py:183} INFO - Processing /home/ubuntu/airflow-venv/lib/python3.12/site-packages/airflow/example_dags/tutorial_taskflow_api.py took 0.068 seconds
[2024-08-03T08:48:26.409+0000] {processor.py:161} INFO - Started process (PID=3782) to work on /home/ubuntu/airflow-venv/lib/python3.12/site-packages/airflow/example_dags/tutorial_taskflow_api.py
[2024-08-03T08:48:26.410+0000] {processor.py:830} INFO - Processing file /home/ubuntu/airflow-venv/lib/python3.12/site-packages/airflow/example_dags/tutorial_taskflow_api.py for tasks to queue
[2024-08-03T08:48:26.412+0000] {logging_mixin.py:188} INFO - [2024-08-03T08:48:26.412+0000] {dagbag.py:545} INFO - Filling up the DagBag from /home/ubuntu/airflow-venv/lib/python3.12/site-packages/airflow/example_dags/tutorial_taskflow_api.py
[2024-08-03T08:48:26.419+0000] {processor.py:840} INFO - DAG(s) 'tutorial_taskflow_api' retrieved from /home/ubuntu/airflow-venv/lib/python3.12/site-packages/airflow/example_dags/tutorial_taskflow_api.py
[2024-08-03T08:48:26.435+0000] {logging_mixin.py:188} INFO - [2024-08-03T08:48:26.435+0000] {dag.py:3089} INFO - Sync 1 DAGs
[2024-08-03T08:48:26.448+0000] {logging_mixin.py:188} INFO - [2024-08-03T08:48:26.447+0000] {dag.py:3947} INFO - Setting next_dagrun for tutorial_taskflow_api to None, run_after=None
[2024-08-03T08:48:26.471+0000] {processor.py:183} INFO - Processing /home/ubuntu/airflow-venv/lib/python3.12/site-packages/airflow/example_dags/tutorial_taskflow_api.py took 0.069 seconds
[2024-08-03T08:49:08.741+0000] {processor.py:161} INFO - Started process (PID=3898) to work on /home/ubuntu/airflow-venv/lib/python3.12/site-packages/airflow/example_dags/tutorial_taskflow_api.py
[2024-08-03T08:49:08.743+0000] {processor.py:830} INFO - Processing file /home/ubuntu/airflow-venv/lib/python3.12/site-packages/airflow/example_dags/tutorial_taskflow_api.py for tasks to queue
[2024-08-03T08:49:08.744+0000] {logging_mixin.py:188} INFO - [2024-08-03T08:49:08.744+0000] {dagbag.py:545} INFO - Filling up the DagBag from /home/ubuntu/airflow-venv/lib/python3.12/site-packages/airflow/example_dags/tutorial_taskflow_api.py
[2024-08-03T08:49:08.752+0000] {processor.py:840} INFO - DAG(s) 'tutorial_taskflow_api' retrieved from /home/ubuntu/airflow-venv/lib/python3.12/site-packages/airflow/example_dags/tutorial_taskflow_api.py
[2024-08-03T08:49:08.768+0000] {logging_mixin.py:188} INFO - [2024-08-03T08:49:08.768+0000] {dag.py:3089} INFO - Sync 1 DAGs
[2024-08-03T08:49:08.781+0000] {logging_mixin.py:188} INFO - [2024-08-03T08:49:08.780+0000] {dag.py:3947} INFO - Setting next_dagrun for tutorial_taskflow_api to None, run_after=None
[2024-08-03T08:49:08.805+0000] {processor.py:183} INFO - Processing /home/ubuntu/airflow-venv/lib/python3.12/site-packages/airflow/example_dags/tutorial_taskflow_api.py took 0.070 seconds
[2024-08-03T08:49:52.428+0000] {processor.py:161} INFO - Started process (PID=4043) to work on /home/ubuntu/airflow-venv/lib/python3.12/site-packages/airflow/example_dags/tutorial_taskflow_api.py
[2024-08-03T08:49:52.429+0000] {processor.py:830} INFO - Processing file /home/ubuntu/airflow-venv/lib/python3.12/site-packages/airflow/example_dags/tutorial_taskflow_api.py for tasks to queue
[2024-08-03T08:49:52.431+0000] {logging_mixin.py:188} INFO - [2024-08-03T08:49:52.431+0000] {dagbag.py:545} INFO - Filling up the DagBag from /home/ubuntu/airflow-venv/lib/python3.12/site-packages/airflow/example_dags/tutorial_taskflow_api.py
[2024-08-03T08:49:52.439+0000] {processor.py:840} INFO - DAG(s) 'tutorial_taskflow_api' retrieved from /home/ubuntu/airflow-venv/lib/python3.12/site-packages/airflow/example_dags/tutorial_taskflow_api.py
[2024-08-03T08:49:52.455+0000] {logging_mixin.py:188} INFO - [2024-08-03T08:49:52.454+0000] {dag.py:3089} INFO - Sync 1 DAGs
[2024-08-03T08:49:52.467+0000] {logging_mixin.py:188} INFO - [2024-08-03T08:49:52.467+0000] {dag.py:3947} INFO - Setting next_dagrun for tutorial_taskflow_api to None, run_after=None
[2024-08-03T08:49:52.491+0000] {processor.py:183} INFO - Processing /home/ubuntu/airflow-venv/lib/python3.12/site-packages/airflow/example_dags/tutorial_taskflow_api.py took 0.069 seconds
[2024-08-03T08:50:39.045+0000] {processor.py:161} INFO - Started process (PID=4485) to work on /home/ubuntu/airflow-venv/lib/python3.12/site-packages/airflow/example_dags/tutorial_taskflow_api.py
[2024-08-03T08:50:39.047+0000] {processor.py:830} INFO - Processing file /home/ubuntu/airflow-venv/lib/python3.12/site-packages/airflow/example_dags/tutorial_taskflow_api.py for tasks to queue
[2024-08-03T08:50:39.048+0000] {logging_mixin.py:188} INFO - [2024-08-03T08:50:39.048+0000] {dagbag.py:545} INFO - Filling up the DagBag from /home/ubuntu/airflow-venv/lib/python3.12/site-packages/airflow/example_dags/tutorial_taskflow_api.py
[2024-08-03T08:50:39.055+0000] {processor.py:840} INFO - DAG(s) 'tutorial_taskflow_api' retrieved from /home/ubuntu/airflow-venv/lib/python3.12/site-packages/airflow/example_dags/tutorial_taskflow_api.py
[2024-08-03T08:50:39.072+0000] {logging_mixin.py:188} INFO - [2024-08-03T08:50:39.071+0000] {dag.py:3089} INFO - Sync 1 DAGs
[2024-08-03T08:50:39.084+0000] {logging_mixin.py:188} INFO - [2024-08-03T08:50:39.084+0000] {dag.py:3947} INFO - Setting next_dagrun for tutorial_taskflow_api to None, run_after=None
[2024-08-03T08:50:39.109+0000] {processor.py:183} INFO - Processing /home/ubuntu/airflow-venv/lib/python3.12/site-packages/airflow/example_dags/tutorial_taskflow_api.py took 0.072 seconds
[2024-08-03T08:51:30.096+0000] {processor.py:161} INFO - Started process (PID=4650) to work on /home/ubuntu/airflow-venv/lib/python3.12/site-packages/airflow/example_dags/tutorial_taskflow_api.py
[2024-08-03T08:51:30.098+0000] {processor.py:830} INFO - Processing file /home/ubuntu/airflow-venv/lib/python3.12/site-packages/airflow/example_dags/tutorial_taskflow_api.py for tasks to queue
[2024-08-03T08:51:30.100+0000] {logging_mixin.py:188} INFO - [2024-08-03T08:51:30.099+0000] {dagbag.py:545} INFO - Filling up the DagBag from /home/ubuntu/airflow-venv/lib/python3.12/site-packages/airflow/example_dags/tutorial_taskflow_api.py
[2024-08-03T08:51:30.107+0000] {processor.py:840} INFO - DAG(s) 'tutorial_taskflow_api' retrieved from /home/ubuntu/airflow-venv/lib/python3.12/site-packages/airflow/example_dags/tutorial_taskflow_api.py
[2024-08-03T08:51:30.125+0000] {logging_mixin.py:188} INFO - [2024-08-03T08:51:30.124+0000] {dag.py:3089} INFO - Sync 1 DAGs
[2024-08-03T08:51:30.138+0000] {logging_mixin.py:188} INFO - [2024-08-03T08:51:30.138+0000] {dag.py:3947} INFO - Setting next_dagrun for tutorial_taskflow_api to None, run_after=None
[2024-08-03T08:51:30.163+0000] {processor.py:183} INFO - Processing /home/ubuntu/airflow-venv/lib/python3.12/site-packages/airflow/example_dags/tutorial_taskflow_api.py took 0.074 seconds
[2024-08-03T08:52:16.770+0000] {processor.py:161} INFO - Started process (PID=4728) to work on /home/ubuntu/airflow-venv/lib/python3.12/site-packages/airflow/example_dags/tutorial_taskflow_api.py
[2024-08-03T08:52:16.772+0000] {processor.py:830} INFO - Processing file /home/ubuntu/airflow-venv/lib/python3.12/site-packages/airflow/example_dags/tutorial_taskflow_api.py for tasks to queue
[2024-08-03T08:52:16.774+0000] {logging_mixin.py:188} INFO - [2024-08-03T08:52:16.774+0000] {dagbag.py:545} INFO - Filling up the DagBag from /home/ubuntu/airflow-venv/lib/python3.12/site-packages/airflow/example_dags/tutorial_taskflow_api.py
[2024-08-03T08:52:16.781+0000] {processor.py:840} INFO - DAG(s) 'tutorial_taskflow_api' retrieved from /home/ubuntu/airflow-venv/lib/python3.12/site-packages/airflow/example_dags/tutorial_taskflow_api.py
[2024-08-03T08:52:16.798+0000] {logging_mixin.py:188} INFO - [2024-08-03T08:52:16.798+0000] {dag.py:3089} INFO - Sync 1 DAGs
[2024-08-03T08:52:16.811+0000] {logging_mixin.py:188} INFO - [2024-08-03T08:52:16.810+0000] {dag.py:3947} INFO - Setting next_dagrun for tutorial_taskflow_api to None, run_after=None
[2024-08-03T08:52:16.834+0000] {processor.py:183} INFO - Processing /home/ubuntu/airflow-venv/lib/python3.12/site-packages/airflow/example_dags/tutorial_taskflow_api.py took 0.071 seconds
[2024-08-03T08:53:00.018+0000] {processor.py:161} INFO - Started process (PID=4830) to work on /home/ubuntu/airflow-venv/lib/python3.12/site-packages/airflow/example_dags/tutorial_taskflow_api.py
[2024-08-03T08:53:00.019+0000] {processor.py:830} INFO - Processing file /home/ubuntu/airflow-venv/lib/python3.12/site-packages/airflow/example_dags/tutorial_taskflow_api.py for tasks to queue
[2024-08-03T08:53:00.023+0000] {logging_mixin.py:188} INFO - [2024-08-03T08:53:00.023+0000] {dagbag.py:545} INFO - Filling up the DagBag from /home/ubuntu/airflow-venv/lib/python3.12/site-packages/airflow/example_dags/tutorial_taskflow_api.py
[2024-08-03T08:53:00.031+0000] {processor.py:840} INFO - DAG(s) 'tutorial_taskflow_api' retrieved from /home/ubuntu/airflow-venv/lib/python3.12/site-packages/airflow/example_dags/tutorial_taskflow_api.py
[2024-08-03T08:53:00.048+0000] {logging_mixin.py:188} INFO - [2024-08-03T08:53:00.048+0000] {dag.py:3089} INFO - Sync 1 DAGs
[2024-08-03T08:53:00.062+0000] {logging_mixin.py:188} INFO - [2024-08-03T08:53:00.061+0000] {dag.py:3947} INFO - Setting next_dagrun for tutorial_taskflow_api to None, run_after=None
[2024-08-03T08:53:00.087+0000] {processor.py:183} INFO - Processing /home/ubuntu/airflow-venv/lib/python3.12/site-packages/airflow/example_dags/tutorial_taskflow_api.py took 0.079 seconds
[2024-08-03T08:53:43.963+0000] {processor.py:161} INFO - Started process (PID=4884) to work on /home/ubuntu/airflow-venv/lib/python3.12/site-packages/airflow/example_dags/tutorial_taskflow_api.py
[2024-08-03T08:53:43.964+0000] {processor.py:830} INFO - Processing file /home/ubuntu/airflow-venv/lib/python3.12/site-packages/airflow/example_dags/tutorial_taskflow_api.py for tasks to queue
[2024-08-03T08:53:43.966+0000] {logging_mixin.py:188} INFO - [2024-08-03T08:53:43.966+0000] {dagbag.py:545} INFO - Filling up the DagBag from /home/ubuntu/airflow-venv/lib/python3.12/site-packages/airflow/example_dags/tutorial_taskflow_api.py
[2024-08-03T08:53:43.978+0000] {processor.py:840} INFO - DAG(s) 'tutorial_taskflow_api' retrieved from /home/ubuntu/airflow-venv/lib/python3.12/site-packages/airflow/example_dags/tutorial_taskflow_api.py
[2024-08-03T08:53:44.000+0000] {logging_mixin.py:188} INFO - [2024-08-03T08:53:43.999+0000] {dag.py:3089} INFO - Sync 1 DAGs
[2024-08-03T08:53:44.015+0000] {logging_mixin.py:188} INFO - [2024-08-03T08:53:44.015+0000] {dag.py:3947} INFO - Setting next_dagrun for tutorial_taskflow_api to None, run_after=None
[2024-08-03T08:53:44.044+0000] {processor.py:183} INFO - Processing /home/ubuntu/airflow-venv/lib/python3.12/site-packages/airflow/example_dags/tutorial_taskflow_api.py took 0.089 seconds
[2024-08-03T08:54:29.437+0000] {processor.py:161} INFO - Started process (PID=4930) to work on /home/ubuntu/airflow-venv/lib/python3.12/site-packages/airflow/example_dags/tutorial_taskflow_api.py
[2024-08-03T08:54:29.438+0000] {processor.py:830} INFO - Processing file /home/ubuntu/airflow-venv/lib/python3.12/site-packages/airflow/example_dags/tutorial_taskflow_api.py for tasks to queue
[2024-08-03T08:54:29.440+0000] {logging_mixin.py:188} INFO - [2024-08-03T08:54:29.440+0000] {dagbag.py:545} INFO - Filling up the DagBag from /home/ubuntu/airflow-venv/lib/python3.12/site-packages/airflow/example_dags/tutorial_taskflow_api.py
[2024-08-03T08:54:29.447+0000] {processor.py:840} INFO - DAG(s) 'tutorial_taskflow_api' retrieved from /home/ubuntu/airflow-venv/lib/python3.12/site-packages/airflow/example_dags/tutorial_taskflow_api.py
[2024-08-03T08:54:29.464+0000] {logging_mixin.py:188} INFO - [2024-08-03T08:54:29.463+0000] {dag.py:3089} INFO - Sync 1 DAGs
[2024-08-03T08:54:29.476+0000] {logging_mixin.py:188} INFO - [2024-08-03T08:54:29.476+0000] {dag.py:3947} INFO - Setting next_dagrun for tutorial_taskflow_api to None, run_after=None
[2024-08-03T08:54:29.502+0000] {processor.py:183} INFO - Processing /home/ubuntu/airflow-venv/lib/python3.12/site-packages/airflow/example_dags/tutorial_taskflow_api.py took 0.072 seconds
[2024-08-03T08:55:32.402+0000] {processor.py:161} INFO - Started process (PID=5006) to work on /home/ubuntu/airflow-venv/lib/python3.12/site-packages/airflow/example_dags/tutorial_taskflow_api.py
[2024-08-03T08:55:32.403+0000] {processor.py:830} INFO - Processing file /home/ubuntu/airflow-venv/lib/python3.12/site-packages/airflow/example_dags/tutorial_taskflow_api.py for tasks to queue
[2024-08-03T08:55:32.405+0000] {logging_mixin.py:188} INFO - [2024-08-03T08:55:32.405+0000] {dagbag.py:545} INFO - Filling up the DagBag from /home/ubuntu/airflow-venv/lib/python3.12/site-packages/airflow/example_dags/tutorial_taskflow_api.py
[2024-08-03T08:55:32.412+0000] {processor.py:840} INFO - DAG(s) 'tutorial_taskflow_api' retrieved from /home/ubuntu/airflow-venv/lib/python3.12/site-packages/airflow/example_dags/tutorial_taskflow_api.py
[2024-08-03T08:55:32.428+0000] {logging_mixin.py:188} INFO - [2024-08-03T08:55:32.428+0000] {dag.py:3089} INFO - Sync 1 DAGs
[2024-08-03T08:55:32.555+0000] {logging_mixin.py:188} INFO - [2024-08-03T08:55:32.555+0000] {dag.py:3947} INFO - Setting next_dagrun for tutorial_taskflow_api to None, run_after=None
[2024-08-03T08:55:32.578+0000] {processor.py:183} INFO - Processing /home/ubuntu/airflow-venv/lib/python3.12/site-packages/airflow/example_dags/tutorial_taskflow_api.py took 0.184 seconds
[2024-08-03T08:56:36.170+0000] {processor.py:161} INFO - Started process (PID=5087) to work on /home/ubuntu/airflow-venv/lib/python3.12/site-packages/airflow/example_dags/tutorial_taskflow_api.py
[2024-08-03T08:56:36.172+0000] {processor.py:830} INFO - Processing file /home/ubuntu/airflow-venv/lib/python3.12/site-packages/airflow/example_dags/tutorial_taskflow_api.py for tasks to queue
[2024-08-03T08:56:36.174+0000] {logging_mixin.py:188} INFO - [2024-08-03T08:56:36.174+0000] {dagbag.py:545} INFO - Filling up the DagBag from /home/ubuntu/airflow-venv/lib/python3.12/site-packages/airflow/example_dags/tutorial_taskflow_api.py
[2024-08-03T08:56:36.181+0000] {processor.py:840} INFO - DAG(s) 'tutorial_taskflow_api' retrieved from /home/ubuntu/airflow-venv/lib/python3.12/site-packages/airflow/example_dags/tutorial_taskflow_api.py
[2024-08-03T08:56:36.197+0000] {logging_mixin.py:188} INFO - [2024-08-03T08:56:36.196+0000] {dag.py:3089} INFO - Sync 1 DAGs
[2024-08-03T08:56:36.209+0000] {logging_mixin.py:188} INFO - [2024-08-03T08:56:36.209+0000] {dag.py:3947} INFO - Setting next_dagrun for tutorial_taskflow_api to None, run_after=None
[2024-08-03T08:56:36.233+0000] {processor.py:183} INFO - Processing /home/ubuntu/airflow-venv/lib/python3.12/site-packages/airflow/example_dags/tutorial_taskflow_api.py took 0.070 seconds
[2024-08-03T08:57:26.327+0000] {processor.py:161} INFO - Started process (PID=5199) to work on /home/ubuntu/airflow-venv/lib/python3.12/site-packages/airflow/example_dags/tutorial_taskflow_api.py
[2024-08-03T08:57:26.329+0000] {processor.py:830} INFO - Processing file /home/ubuntu/airflow-venv/lib/python3.12/site-packages/airflow/example_dags/tutorial_taskflow_api.py for tasks to queue
[2024-08-03T08:57:26.330+0000] {logging_mixin.py:188} INFO - [2024-08-03T08:57:26.330+0000] {dagbag.py:545} INFO - Filling up the DagBag from /home/ubuntu/airflow-venv/lib/python3.12/site-packages/airflow/example_dags/tutorial_taskflow_api.py
[2024-08-03T08:57:26.337+0000] {processor.py:840} INFO - DAG(s) 'tutorial_taskflow_api' retrieved from /home/ubuntu/airflow-venv/lib/python3.12/site-packages/airflow/example_dags/tutorial_taskflow_api.py
[2024-08-03T08:57:26.353+0000] {logging_mixin.py:188} INFO - [2024-08-03T08:57:26.353+0000] {dag.py:3089} INFO - Sync 1 DAGs
[2024-08-03T08:57:26.366+0000] {logging_mixin.py:188} INFO - [2024-08-03T08:57:26.365+0000] {dag.py:3947} INFO - Setting next_dagrun for tutorial_taskflow_api to None, run_after=None
[2024-08-03T08:57:26.389+0000] {processor.py:183} INFO - Processing /home/ubuntu/airflow-venv/lib/python3.12/site-packages/airflow/example_dags/tutorial_taskflow_api.py took 0.070 seconds
[2024-08-03T08:58:17.566+0000] {processor.py:161} INFO - Started process (PID=5331) to work on /home/ubuntu/airflow-venv/lib/python3.12/site-packages/airflow/example_dags/tutorial_taskflow_api.py
[2024-08-03T08:58:17.567+0000] {processor.py:830} INFO - Processing file /home/ubuntu/airflow-venv/lib/python3.12/site-packages/airflow/example_dags/tutorial_taskflow_api.py for tasks to queue
[2024-08-03T08:58:17.569+0000] {logging_mixin.py:188} INFO - [2024-08-03T08:58:17.569+0000] {dagbag.py:545} INFO - Filling up the DagBag from /home/ubuntu/airflow-venv/lib/python3.12/site-packages/airflow/example_dags/tutorial_taskflow_api.py
[2024-08-03T08:58:17.576+0000] {processor.py:840} INFO - DAG(s) 'tutorial_taskflow_api' retrieved from /home/ubuntu/airflow-venv/lib/python3.12/site-packages/airflow/example_dags/tutorial_taskflow_api.py
[2024-08-03T08:58:17.718+0000] {logging_mixin.py:188} INFO - [2024-08-03T08:58:17.718+0000] {dag.py:3089} INFO - Sync 1 DAGs
[2024-08-03T08:58:17.729+0000] {logging_mixin.py:188} INFO - [2024-08-03T08:58:17.729+0000] {dag.py:3947} INFO - Setting next_dagrun for tutorial_taskflow_api to None, run_after=None
[2024-08-03T08:58:17.753+0000] {processor.py:183} INFO - Processing /home/ubuntu/airflow-venv/lib/python3.12/site-packages/airflow/example_dags/tutorial_taskflow_api.py took 0.195 seconds
[2024-08-03T08:59:08.507+0000] {processor.py:161} INFO - Started process (PID=5444) to work on /home/ubuntu/airflow-venv/lib/python3.12/site-packages/airflow/example_dags/tutorial_taskflow_api.py
[2024-08-03T08:59:08.508+0000] {processor.py:830} INFO - Processing file /home/ubuntu/airflow-venv/lib/python3.12/site-packages/airflow/example_dags/tutorial_taskflow_api.py for tasks to queue
[2024-08-03T08:59:08.510+0000] {logging_mixin.py:188} INFO - [2024-08-03T08:59:08.509+0000] {dagbag.py:545} INFO - Filling up the DagBag from /home/ubuntu/airflow-venv/lib/python3.12/site-packages/airflow/example_dags/tutorial_taskflow_api.py
[2024-08-03T08:59:08.517+0000] {processor.py:840} INFO - DAG(s) 'tutorial_taskflow_api' retrieved from /home/ubuntu/airflow-venv/lib/python3.12/site-packages/airflow/example_dags/tutorial_taskflow_api.py
[2024-08-03T08:59:08.535+0000] {logging_mixin.py:188} INFO - [2024-08-03T08:59:08.535+0000] {dag.py:3089} INFO - Sync 1 DAGs
[2024-08-03T08:59:08.549+0000] {logging_mixin.py:188} INFO - [2024-08-03T08:59:08.549+0000] {dag.py:3947} INFO - Setting next_dagrun for tutorial_taskflow_api to None, run_after=None
[2024-08-03T08:59:08.582+0000] {processor.py:183} INFO - Processing /home/ubuntu/airflow-venv/lib/python3.12/site-packages/airflow/example_dags/tutorial_taskflow_api.py took 0.084 seconds
[2024-08-03T08:59:57.171+0000] {processor.py:161} INFO - Started process (PID=5563) to work on /home/ubuntu/airflow-venv/lib/python3.12/site-packages/airflow/example_dags/tutorial_taskflow_api.py
[2024-08-03T08:59:57.173+0000] {processor.py:830} INFO - Processing file /home/ubuntu/airflow-venv/lib/python3.12/site-packages/airflow/example_dags/tutorial_taskflow_api.py for tasks to queue
[2024-08-03T08:59:57.174+0000] {logging_mixin.py:188} INFO - [2024-08-03T08:59:57.174+0000] {dagbag.py:545} INFO - Filling up the DagBag from /home/ubuntu/airflow-venv/lib/python3.12/site-packages/airflow/example_dags/tutorial_taskflow_api.py
[2024-08-03T08:59:57.182+0000] {processor.py:840} INFO - DAG(s) 'tutorial_taskflow_api' retrieved from /home/ubuntu/airflow-venv/lib/python3.12/site-packages/airflow/example_dags/tutorial_taskflow_api.py
[2024-08-03T08:59:57.199+0000] {logging_mixin.py:188} INFO - [2024-08-03T08:59:57.199+0000] {dag.py:3089} INFO - Sync 1 DAGs
[2024-08-03T08:59:57.213+0000] {logging_mixin.py:188} INFO - [2024-08-03T08:59:57.212+0000] {dag.py:3947} INFO - Setting next_dagrun for tutorial_taskflow_api to None, run_after=None
[2024-08-03T08:59:57.237+0000] {processor.py:183} INFO - Processing /home/ubuntu/airflow-venv/lib/python3.12/site-packages/airflow/example_dags/tutorial_taskflow_api.py took 0.075 seconds
[2024-08-03T09:00:41.693+0000] {processor.py:161} INFO - Started process (PID=5778) to work on /home/ubuntu/airflow-venv/lib/python3.12/site-packages/airflow/example_dags/tutorial_taskflow_api.py
[2024-08-03T09:00:41.696+0000] {processor.py:830} INFO - Processing file /home/ubuntu/airflow-venv/lib/python3.12/site-packages/airflow/example_dags/tutorial_taskflow_api.py for tasks to queue
[2024-08-03T09:00:41.698+0000] {logging_mixin.py:188} INFO - [2024-08-03T09:00:41.697+0000] {dagbag.py:545} INFO - Filling up the DagBag from /home/ubuntu/airflow-venv/lib/python3.12/site-packages/airflow/example_dags/tutorial_taskflow_api.py
[2024-08-03T09:00:41.705+0000] {processor.py:840} INFO - DAG(s) 'tutorial_taskflow_api' retrieved from /home/ubuntu/airflow-venv/lib/python3.12/site-packages/airflow/example_dags/tutorial_taskflow_api.py
[2024-08-03T09:00:41.721+0000] {logging_mixin.py:188} INFO - [2024-08-03T09:00:41.721+0000] {dag.py:3089} INFO - Sync 1 DAGs
[2024-08-03T09:00:41.734+0000] {logging_mixin.py:188} INFO - [2024-08-03T09:00:41.734+0000] {dag.py:3947} INFO - Setting next_dagrun for tutorial_taskflow_api to None, run_after=None
[2024-08-03T09:00:41.758+0000] {processor.py:183} INFO - Processing /home/ubuntu/airflow-venv/lib/python3.12/site-packages/airflow/example_dags/tutorial_taskflow_api.py took 0.074 seconds
[2024-08-03T09:01:20.886+0000] {processor.py:161} INFO - Started process (PID=5933) to work on /home/ubuntu/airflow-venv/lib/python3.12/site-packages/airflow/example_dags/tutorial_taskflow_api.py
[2024-08-03T09:01:20.888+0000] {processor.py:830} INFO - Processing file /home/ubuntu/airflow-venv/lib/python3.12/site-packages/airflow/example_dags/tutorial_taskflow_api.py for tasks to queue
[2024-08-03T09:01:20.890+0000] {logging_mixin.py:188} INFO - [2024-08-03T09:01:20.889+0000] {dagbag.py:545} INFO - Filling up the DagBag from /home/ubuntu/airflow-venv/lib/python3.12/site-packages/airflow/example_dags/tutorial_taskflow_api.py
[2024-08-03T09:01:20.897+0000] {processor.py:840} INFO - DAG(s) 'tutorial_taskflow_api' retrieved from /home/ubuntu/airflow-venv/lib/python3.12/site-packages/airflow/example_dags/tutorial_taskflow_api.py
[2024-08-03T09:01:20.914+0000] {logging_mixin.py:188} INFO - [2024-08-03T09:01:20.914+0000] {dag.py:3089} INFO - Sync 1 DAGs
[2024-08-03T09:01:20.927+0000] {logging_mixin.py:188} INFO - [2024-08-03T09:01:20.927+0000] {dag.py:3947} INFO - Setting next_dagrun for tutorial_taskflow_api to None, run_after=None
[2024-08-03T09:01:20.952+0000] {processor.py:183} INFO - Processing /home/ubuntu/airflow-venv/lib/python3.12/site-packages/airflow/example_dags/tutorial_taskflow_api.py took 0.075 seconds
[2024-08-03T09:02:04.465+0000] {processor.py:161} INFO - Started process (PID=6144) to work on /home/ubuntu/airflow-venv/lib/python3.12/site-packages/airflow/example_dags/tutorial_taskflow_api.py
[2024-08-03T09:02:04.467+0000] {processor.py:830} INFO - Processing file /home/ubuntu/airflow-venv/lib/python3.12/site-packages/airflow/example_dags/tutorial_taskflow_api.py for tasks to queue
[2024-08-03T09:02:04.469+0000] {logging_mixin.py:188} INFO - [2024-08-03T09:02:04.468+0000] {dagbag.py:545} INFO - Filling up the DagBag from /home/ubuntu/airflow-venv/lib/python3.12/site-packages/airflow/example_dags/tutorial_taskflow_api.py
[2024-08-03T09:02:04.476+0000] {processor.py:840} INFO - DAG(s) 'tutorial_taskflow_api' retrieved from /home/ubuntu/airflow-venv/lib/python3.12/site-packages/airflow/example_dags/tutorial_taskflow_api.py
[2024-08-03T09:02:04.492+0000] {logging_mixin.py:188} INFO - [2024-08-03T09:02:04.492+0000] {dag.py:3089} INFO - Sync 1 DAGs
[2024-08-03T09:02:04.505+0000] {logging_mixin.py:188} INFO - [2024-08-03T09:02:04.505+0000] {dag.py:3947} INFO - Setting next_dagrun for tutorial_taskflow_api to None, run_after=None
[2024-08-03T09:02:04.529+0000] {processor.py:183} INFO - Processing /home/ubuntu/airflow-venv/lib/python3.12/site-packages/airflow/example_dags/tutorial_taskflow_api.py took 0.072 seconds
[2024-08-03T09:02:47.375+0000] {processor.py:161} INFO - Started process (PID=6264) to work on /home/ubuntu/airflow-venv/lib/python3.12/site-packages/airflow/example_dags/tutorial_taskflow_api.py
[2024-08-03T09:02:47.377+0000] {processor.py:830} INFO - Processing file /home/ubuntu/airflow-venv/lib/python3.12/site-packages/airflow/example_dags/tutorial_taskflow_api.py for tasks to queue
[2024-08-03T09:02:47.379+0000] {logging_mixin.py:188} INFO - [2024-08-03T09:02:47.378+0000] {dagbag.py:545} INFO - Filling up the DagBag from /home/ubuntu/airflow-venv/lib/python3.12/site-packages/airflow/example_dags/tutorial_taskflow_api.py
[2024-08-03T09:02:47.385+0000] {processor.py:840} INFO - DAG(s) 'tutorial_taskflow_api' retrieved from /home/ubuntu/airflow-venv/lib/python3.12/site-packages/airflow/example_dags/tutorial_taskflow_api.py
[2024-08-03T09:02:47.402+0000] {logging_mixin.py:188} INFO - [2024-08-03T09:02:47.402+0000] {dag.py:3089} INFO - Sync 1 DAGs
[2024-08-03T09:02:47.416+0000] {logging_mixin.py:188} INFO - [2024-08-03T09:02:47.415+0000] {dag.py:3947} INFO - Setting next_dagrun for tutorial_taskflow_api to None, run_after=None
[2024-08-03T09:02:47.441+0000] {processor.py:183} INFO - Processing /home/ubuntu/airflow-venv/lib/python3.12/site-packages/airflow/example_dags/tutorial_taskflow_api.py took 0.074 seconds
[2024-08-03T09:03:28.338+0000] {processor.py:161} INFO - Started process (PID=6378) to work on /home/ubuntu/airflow-venv/lib/python3.12/site-packages/airflow/example_dags/tutorial_taskflow_api.py
[2024-08-03T09:03:28.340+0000] {processor.py:830} INFO - Processing file /home/ubuntu/airflow-venv/lib/python3.12/site-packages/airflow/example_dags/tutorial_taskflow_api.py for tasks to queue
[2024-08-03T09:03:28.341+0000] {logging_mixin.py:188} INFO - [2024-08-03T09:03:28.341+0000] {dagbag.py:545} INFO - Filling up the DagBag from /home/ubuntu/airflow-venv/lib/python3.12/site-packages/airflow/example_dags/tutorial_taskflow_api.py
[2024-08-03T09:03:28.348+0000] {processor.py:840} INFO - DAG(s) 'tutorial_taskflow_api' retrieved from /home/ubuntu/airflow-venv/lib/python3.12/site-packages/airflow/example_dags/tutorial_taskflow_api.py
[2024-08-03T09:03:28.365+0000] {logging_mixin.py:188} INFO - [2024-08-03T09:03:28.365+0000] {dag.py:3089} INFO - Sync 1 DAGs
[2024-08-03T09:03:28.378+0000] {logging_mixin.py:188} INFO - [2024-08-03T09:03:28.377+0000] {dag.py:3947} INFO - Setting next_dagrun for tutorial_taskflow_api to None, run_after=None
[2024-08-03T09:03:28.402+0000] {processor.py:183} INFO - Processing /home/ubuntu/airflow-venv/lib/python3.12/site-packages/airflow/example_dags/tutorial_taskflow_api.py took 0.072 seconds
[2024-08-03T09:04:07.761+0000] {processor.py:161} INFO - Started process (PID=6488) to work on /home/ubuntu/airflow-venv/lib/python3.12/site-packages/airflow/example_dags/tutorial_taskflow_api.py
[2024-08-03T09:04:07.763+0000] {processor.py:830} INFO - Processing file /home/ubuntu/airflow-venv/lib/python3.12/site-packages/airflow/example_dags/tutorial_taskflow_api.py for tasks to queue
[2024-08-03T09:04:07.765+0000] {logging_mixin.py:188} INFO - [2024-08-03T09:04:07.764+0000] {dagbag.py:545} INFO - Filling up the DagBag from /home/ubuntu/airflow-venv/lib/python3.12/site-packages/airflow/example_dags/tutorial_taskflow_api.py
[2024-08-03T09:04:07.772+0000] {processor.py:840} INFO - DAG(s) 'tutorial_taskflow_api' retrieved from /home/ubuntu/airflow-venv/lib/python3.12/site-packages/airflow/example_dags/tutorial_taskflow_api.py
[2024-08-03T09:04:07.790+0000] {logging_mixin.py:188} INFO - [2024-08-03T09:04:07.789+0000] {dag.py:3089} INFO - Sync 1 DAGs
[2024-08-03T09:04:07.802+0000] {logging_mixin.py:188} INFO - [2024-08-03T09:04:07.802+0000] {dag.py:3947} INFO - Setting next_dagrun for tutorial_taskflow_api to None, run_after=None
[2024-08-03T09:04:07.827+0000] {processor.py:183} INFO - Processing /home/ubuntu/airflow-venv/lib/python3.12/site-packages/airflow/example_dags/tutorial_taskflow_api.py took 0.074 seconds
[2024-08-03T09:04:50.564+0000] {processor.py:161} INFO - Started process (PID=6546) to work on /home/ubuntu/airflow-venv/lib/python3.12/site-packages/airflow/example_dags/tutorial_taskflow_api.py
[2024-08-03T09:04:50.565+0000] {processor.py:830} INFO - Processing file /home/ubuntu/airflow-venv/lib/python3.12/site-packages/airflow/example_dags/tutorial_taskflow_api.py for tasks to queue
[2024-08-03T09:04:50.567+0000] {logging_mixin.py:188} INFO - [2024-08-03T09:04:50.566+0000] {dagbag.py:545} INFO - Filling up the DagBag from /home/ubuntu/airflow-venv/lib/python3.12/site-packages/airflow/example_dags/tutorial_taskflow_api.py
[2024-08-03T09:04:50.574+0000] {processor.py:840} INFO - DAG(s) 'tutorial_taskflow_api' retrieved from /home/ubuntu/airflow-venv/lib/python3.12/site-packages/airflow/example_dags/tutorial_taskflow_api.py
[2024-08-03T09:04:50.592+0000] {logging_mixin.py:188} INFO - [2024-08-03T09:04:50.591+0000] {dag.py:3089} INFO - Sync 1 DAGs
[2024-08-03T09:04:50.605+0000] {logging_mixin.py:188} INFO - [2024-08-03T09:04:50.604+0000] {dag.py:3947} INFO - Setting next_dagrun for tutorial_taskflow_api to None, run_after=None
[2024-08-03T09:04:50.629+0000] {processor.py:183} INFO - Processing /home/ubuntu/airflow-venv/lib/python3.12/site-packages/airflow/example_dags/tutorial_taskflow_api.py took 0.074 seconds
[2024-08-03T09:05:35.516+0000] {processor.py:161} INFO - Started process (PID=6625) to work on /home/ubuntu/airflow-venv/lib/python3.12/site-packages/airflow/example_dags/tutorial_taskflow_api.py
[2024-08-03T09:05:35.517+0000] {processor.py:830} INFO - Processing file /home/ubuntu/airflow-venv/lib/python3.12/site-packages/airflow/example_dags/tutorial_taskflow_api.py for tasks to queue
[2024-08-03T09:05:35.519+0000] {logging_mixin.py:188} INFO - [2024-08-03T09:05:35.519+0000] {dagbag.py:545} INFO - Filling up the DagBag from /home/ubuntu/airflow-venv/lib/python3.12/site-packages/airflow/example_dags/tutorial_taskflow_api.py
[2024-08-03T09:05:35.526+0000] {processor.py:840} INFO - DAG(s) 'tutorial_taskflow_api' retrieved from /home/ubuntu/airflow-venv/lib/python3.12/site-packages/airflow/example_dags/tutorial_taskflow_api.py
[2024-08-03T09:05:35.543+0000] {logging_mixin.py:188} INFO - [2024-08-03T09:05:35.543+0000] {dag.py:3089} INFO - Sync 1 DAGs
[2024-08-03T09:05:35.556+0000] {logging_mixin.py:188} INFO - [2024-08-03T09:05:35.555+0000] {dag.py:3947} INFO - Setting next_dagrun for tutorial_taskflow_api to None, run_after=None
[2024-08-03T09:05:35.579+0000] {processor.py:183} INFO - Processing /home/ubuntu/airflow-venv/lib/python3.12/site-packages/airflow/example_dags/tutorial_taskflow_api.py took 0.071 seconds
[2024-08-03T09:06:18.650+0000] {processor.py:161} INFO - Started process (PID=6826) to work on /home/ubuntu/airflow-venv/lib/python3.12/site-packages/airflow/example_dags/tutorial_taskflow_api.py
[2024-08-03T09:06:18.651+0000] {processor.py:830} INFO - Processing file /home/ubuntu/airflow-venv/lib/python3.12/site-packages/airflow/example_dags/tutorial_taskflow_api.py for tasks to queue
[2024-08-03T09:06:18.653+0000] {logging_mixin.py:188} INFO - [2024-08-03T09:06:18.653+0000] {dagbag.py:545} INFO - Filling up the DagBag from /home/ubuntu/airflow-venv/lib/python3.12/site-packages/airflow/example_dags/tutorial_taskflow_api.py
[2024-08-03T09:06:18.660+0000] {processor.py:840} INFO - DAG(s) 'tutorial_taskflow_api' retrieved from /home/ubuntu/airflow-venv/lib/python3.12/site-packages/airflow/example_dags/tutorial_taskflow_api.py
[2024-08-03T09:06:18.678+0000] {logging_mixin.py:188} INFO - [2024-08-03T09:06:18.678+0000] {dag.py:3089} INFO - Sync 1 DAGs
[2024-08-03T09:06:18.690+0000] {logging_mixin.py:188} INFO - [2024-08-03T09:06:18.690+0000] {dag.py:3947} INFO - Setting next_dagrun for tutorial_taskflow_api to None, run_after=None
[2024-08-03T09:06:18.714+0000] {processor.py:183} INFO - Processing /home/ubuntu/airflow-venv/lib/python3.12/site-packages/airflow/example_dags/tutorial_taskflow_api.py took 0.072 seconds
[2024-08-03T09:07:03.531+0000] {processor.py:161} INFO - Started process (PID=7016) to work on /home/ubuntu/airflow-venv/lib/python3.12/site-packages/airflow/example_dags/tutorial_taskflow_api.py
[2024-08-03T09:07:03.532+0000] {processor.py:830} INFO - Processing file /home/ubuntu/airflow-venv/lib/python3.12/site-packages/airflow/example_dags/tutorial_taskflow_api.py for tasks to queue
[2024-08-03T09:07:03.534+0000] {logging_mixin.py:188} INFO - [2024-08-03T09:07:03.534+0000] {dagbag.py:545} INFO - Filling up the DagBag from /home/ubuntu/airflow-venv/lib/python3.12/site-packages/airflow/example_dags/tutorial_taskflow_api.py
[2024-08-03T09:07:03.541+0000] {processor.py:840} INFO - DAG(s) 'tutorial_taskflow_api' retrieved from /home/ubuntu/airflow-venv/lib/python3.12/site-packages/airflow/example_dags/tutorial_taskflow_api.py
[2024-08-03T09:07:03.559+0000] {logging_mixin.py:188} INFO - [2024-08-03T09:07:03.559+0000] {dag.py:3089} INFO - Sync 1 DAGs
[2024-08-03T09:07:03.573+0000] {logging_mixin.py:188} INFO - [2024-08-03T09:07:03.573+0000] {dag.py:3947} INFO - Setting next_dagrun for tutorial_taskflow_api to None, run_after=None
[2024-08-03T09:07:03.598+0000] {processor.py:183} INFO - Processing /home/ubuntu/airflow-venv/lib/python3.12/site-packages/airflow/example_dags/tutorial_taskflow_api.py took 0.076 seconds
[2024-08-03T09:07:48.222+0000] {processor.py:161} INFO - Started process (PID=7174) to work on /home/ubuntu/airflow-venv/lib/python3.12/site-packages/airflow/example_dags/tutorial_taskflow_api.py
[2024-08-03T09:07:48.223+0000] {processor.py:830} INFO - Processing file /home/ubuntu/airflow-venv/lib/python3.12/site-packages/airflow/example_dags/tutorial_taskflow_api.py for tasks to queue
[2024-08-03T09:07:48.225+0000] {logging_mixin.py:188} INFO - [2024-08-03T09:07:48.225+0000] {dagbag.py:545} INFO - Filling up the DagBag from /home/ubuntu/airflow-venv/lib/python3.12/site-packages/airflow/example_dags/tutorial_taskflow_api.py
[2024-08-03T09:07:48.232+0000] {processor.py:840} INFO - DAG(s) 'tutorial_taskflow_api' retrieved from /home/ubuntu/airflow-venv/lib/python3.12/site-packages/airflow/example_dags/tutorial_taskflow_api.py
[2024-08-03T09:07:48.250+0000] {logging_mixin.py:188} INFO - [2024-08-03T09:07:48.250+0000] {dag.py:3089} INFO - Sync 1 DAGs
[2024-08-03T09:07:48.263+0000] {logging_mixin.py:188} INFO - [2024-08-03T09:07:48.263+0000] {dag.py:3947} INFO - Setting next_dagrun for tutorial_taskflow_api to None, run_after=None
[2024-08-03T09:07:48.287+0000] {processor.py:183} INFO - Processing /home/ubuntu/airflow-venv/lib/python3.12/site-packages/airflow/example_dags/tutorial_taskflow_api.py took 0.074 seconds
[2024-08-03T09:08:31.727+0000] {processor.py:161} INFO - Started process (PID=7363) to work on /home/ubuntu/airflow-venv/lib/python3.12/site-packages/airflow/example_dags/tutorial_taskflow_api.py
[2024-08-03T09:08:31.728+0000] {processor.py:830} INFO - Processing file /home/ubuntu/airflow-venv/lib/python3.12/site-packages/airflow/example_dags/tutorial_taskflow_api.py for tasks to queue
[2024-08-03T09:08:31.730+0000] {logging_mixin.py:188} INFO - [2024-08-03T09:08:31.730+0000] {dagbag.py:545} INFO - Filling up the DagBag from /home/ubuntu/airflow-venv/lib/python3.12/site-packages/airflow/example_dags/tutorial_taskflow_api.py
[2024-08-03T09:08:31.737+0000] {processor.py:840} INFO - DAG(s) 'tutorial_taskflow_api' retrieved from /home/ubuntu/airflow-venv/lib/python3.12/site-packages/airflow/example_dags/tutorial_taskflow_api.py
[2024-08-03T09:08:31.755+0000] {logging_mixin.py:188} INFO - [2024-08-03T09:08:31.754+0000] {dag.py:3089} INFO - Sync 1 DAGs
[2024-08-03T09:08:31.768+0000] {logging_mixin.py:188} INFO - [2024-08-03T09:08:31.768+0000] {dag.py:3947} INFO - Setting next_dagrun for tutorial_taskflow_api to None, run_after=None
[2024-08-03T09:08:31.793+0000] {processor.py:183} INFO - Processing /home/ubuntu/airflow-venv/lib/python3.12/site-packages/airflow/example_dags/tutorial_taskflow_api.py took 0.075 seconds
[2024-08-03T09:09:13.065+0000] {processor.py:161} INFO - Started process (PID=7580) to work on /home/ubuntu/airflow-venv/lib/python3.12/site-packages/airflow/example_dags/tutorial_taskflow_api.py
[2024-08-03T09:09:13.067+0000] {processor.py:830} INFO - Processing file /home/ubuntu/airflow-venv/lib/python3.12/site-packages/airflow/example_dags/tutorial_taskflow_api.py for tasks to queue
[2024-08-03T09:09:13.069+0000] {logging_mixin.py:188} INFO - [2024-08-03T09:09:13.068+0000] {dagbag.py:545} INFO - Filling up the DagBag from /home/ubuntu/airflow-venv/lib/python3.12/site-packages/airflow/example_dags/tutorial_taskflow_api.py
[2024-08-03T09:09:13.076+0000] {processor.py:840} INFO - DAG(s) 'tutorial_taskflow_api' retrieved from /home/ubuntu/airflow-venv/lib/python3.12/site-packages/airflow/example_dags/tutorial_taskflow_api.py
[2024-08-03T09:09:13.093+0000] {logging_mixin.py:188} INFO - [2024-08-03T09:09:13.093+0000] {dag.py:3089} INFO - Sync 1 DAGs
[2024-08-03T09:09:13.106+0000] {logging_mixin.py:188} INFO - [2024-08-03T09:09:13.106+0000] {dag.py:3947} INFO - Setting next_dagrun for tutorial_taskflow_api to None, run_after=None
[2024-08-03T09:09:13.130+0000] {processor.py:183} INFO - Processing /home/ubuntu/airflow-venv/lib/python3.12/site-packages/airflow/example_dags/tutorial_taskflow_api.py took 0.073 seconds
[2024-08-03T09:09:56.302+0000] {processor.py:161} INFO - Started process (PID=7752) to work on /home/ubuntu/airflow-venv/lib/python3.12/site-packages/airflow/example_dags/tutorial_taskflow_api.py
[2024-08-03T09:09:56.304+0000] {processor.py:830} INFO - Processing file /home/ubuntu/airflow-venv/lib/python3.12/site-packages/airflow/example_dags/tutorial_taskflow_api.py for tasks to queue
[2024-08-03T09:09:56.305+0000] {logging_mixin.py:188} INFO - [2024-08-03T09:09:56.305+0000] {dagbag.py:545} INFO - Filling up the DagBag from /home/ubuntu/airflow-venv/lib/python3.12/site-packages/airflow/example_dags/tutorial_taskflow_api.py
[2024-08-03T09:09:56.313+0000] {processor.py:840} INFO - DAG(s) 'tutorial_taskflow_api' retrieved from /home/ubuntu/airflow-venv/lib/python3.12/site-packages/airflow/example_dags/tutorial_taskflow_api.py
[2024-08-03T09:09:56.330+0000] {logging_mixin.py:188} INFO - [2024-08-03T09:09:56.329+0000] {dag.py:3089} INFO - Sync 1 DAGs
[2024-08-03T09:09:56.342+0000] {logging_mixin.py:188} INFO - [2024-08-03T09:09:56.342+0000] {dag.py:3947} INFO - Setting next_dagrun for tutorial_taskflow_api to None, run_after=None
[2024-08-03T09:09:56.367+0000] {processor.py:183} INFO - Processing /home/ubuntu/airflow-venv/lib/python3.12/site-packages/airflow/example_dags/tutorial_taskflow_api.py took 0.073 seconds
[2024-08-03T09:10:37.812+0000] {processor.py:161} INFO - Started process (PID=7884) to work on /home/ubuntu/airflow-venv/lib/python3.12/site-packages/airflow/example_dags/tutorial_taskflow_api.py
[2024-08-03T09:10:37.813+0000] {processor.py:830} INFO - Processing file /home/ubuntu/airflow-venv/lib/python3.12/site-packages/airflow/example_dags/tutorial_taskflow_api.py for tasks to queue
[2024-08-03T09:10:37.815+0000] {logging_mixin.py:188} INFO - [2024-08-03T09:10:37.815+0000] {dagbag.py:545} INFO - Filling up the DagBag from /home/ubuntu/airflow-venv/lib/python3.12/site-packages/airflow/example_dags/tutorial_taskflow_api.py
[2024-08-03T09:10:37.822+0000] {processor.py:840} INFO - DAG(s) 'tutorial_taskflow_api' retrieved from /home/ubuntu/airflow-venv/lib/python3.12/site-packages/airflow/example_dags/tutorial_taskflow_api.py
[2024-08-03T09:10:37.839+0000] {logging_mixin.py:188} INFO - [2024-08-03T09:10:37.838+0000] {dag.py:3089} INFO - Sync 1 DAGs
[2024-08-03T09:10:37.851+0000] {logging_mixin.py:188} INFO - [2024-08-03T09:10:37.851+0000] {dag.py:3947} INFO - Setting next_dagrun for tutorial_taskflow_api to None, run_after=None
[2024-08-03T09:10:37.875+0000] {processor.py:183} INFO - Processing /home/ubuntu/airflow-venv/lib/python3.12/site-packages/airflow/example_dags/tutorial_taskflow_api.py took 0.072 seconds
[2024-08-03T09:11:18.481+0000] {processor.py:161} INFO - Started process (PID=7997) to work on /home/ubuntu/airflow-venv/lib/python3.12/site-packages/airflow/example_dags/tutorial_taskflow_api.py
[2024-08-03T09:11:18.483+0000] {processor.py:830} INFO - Processing file /home/ubuntu/airflow-venv/lib/python3.12/site-packages/airflow/example_dags/tutorial_taskflow_api.py for tasks to queue
[2024-08-03T09:11:18.485+0000] {logging_mixin.py:188} INFO - [2024-08-03T09:11:18.484+0000] {dagbag.py:545} INFO - Filling up the DagBag from /home/ubuntu/airflow-venv/lib/python3.12/site-packages/airflow/example_dags/tutorial_taskflow_api.py
[2024-08-03T09:11:18.491+0000] {processor.py:840} INFO - DAG(s) 'tutorial_taskflow_api' retrieved from /home/ubuntu/airflow-venv/lib/python3.12/site-packages/airflow/example_dags/tutorial_taskflow_api.py
[2024-08-03T09:11:18.509+0000] {logging_mixin.py:188} INFO - [2024-08-03T09:11:18.508+0000] {dag.py:3089} INFO - Sync 1 DAGs
[2024-08-03T09:11:18.521+0000] {logging_mixin.py:188} INFO - [2024-08-03T09:11:18.521+0000] {dag.py:3947} INFO - Setting next_dagrun for tutorial_taskflow_api to None, run_after=None
[2024-08-03T09:11:18.546+0000] {processor.py:183} INFO - Processing /home/ubuntu/airflow-venv/lib/python3.12/site-packages/airflow/example_dags/tutorial_taskflow_api.py took 0.073 seconds
[2024-08-03T09:12:00.901+0000] {processor.py:161} INFO - Started process (PID=8124) to work on /home/ubuntu/airflow-venv/lib/python3.12/site-packages/airflow/example_dags/tutorial_taskflow_api.py
[2024-08-03T09:12:00.902+0000] {processor.py:830} INFO - Processing file /home/ubuntu/airflow-venv/lib/python3.12/site-packages/airflow/example_dags/tutorial_taskflow_api.py for tasks to queue
[2024-08-03T09:12:00.904+0000] {logging_mixin.py:188} INFO - [2024-08-03T09:12:00.903+0000] {dagbag.py:545} INFO - Filling up the DagBag from /home/ubuntu/airflow-venv/lib/python3.12/site-packages/airflow/example_dags/tutorial_taskflow_api.py
[2024-08-03T09:12:00.911+0000] {processor.py:840} INFO - DAG(s) 'tutorial_taskflow_api' retrieved from /home/ubuntu/airflow-venv/lib/python3.12/site-packages/airflow/example_dags/tutorial_taskflow_api.py
[2024-08-03T09:12:00.928+0000] {logging_mixin.py:188} INFO - [2024-08-03T09:12:00.927+0000] {dag.py:3089} INFO - Sync 1 DAGs
[2024-08-03T09:12:00.941+0000] {logging_mixin.py:188} INFO - [2024-08-03T09:12:00.941+0000] {dag.py:3947} INFO - Setting next_dagrun for tutorial_taskflow_api to None, run_after=None
[2024-08-03T09:12:00.977+0000] {processor.py:183} INFO - Processing /home/ubuntu/airflow-venv/lib/python3.12/site-packages/airflow/example_dags/tutorial_taskflow_api.py took 0.085 seconds
[2024-08-03T09:12:41.294+0000] {processor.py:161} INFO - Started process (PID=8286) to work on /home/ubuntu/airflow-venv/lib/python3.12/site-packages/airflow/example_dags/tutorial_taskflow_api.py
[2024-08-03T09:12:41.296+0000] {processor.py:830} INFO - Processing file /home/ubuntu/airflow-venv/lib/python3.12/site-packages/airflow/example_dags/tutorial_taskflow_api.py for tasks to queue
[2024-08-03T09:12:41.298+0000] {logging_mixin.py:188} INFO - [2024-08-03T09:12:41.297+0000] {dagbag.py:545} INFO - Filling up the DagBag from /home/ubuntu/airflow-venv/lib/python3.12/site-packages/airflow/example_dags/tutorial_taskflow_api.py
[2024-08-03T09:12:41.310+0000] {processor.py:840} INFO - DAG(s) 'tutorial_taskflow_api' retrieved from /home/ubuntu/airflow-venv/lib/python3.12/site-packages/airflow/example_dags/tutorial_taskflow_api.py
[2024-08-03T09:12:41.330+0000] {logging_mixin.py:188} INFO - [2024-08-03T09:12:41.330+0000] {dag.py:3089} INFO - Sync 1 DAGs
[2024-08-03T09:12:41.347+0000] {logging_mixin.py:188} INFO - [2024-08-03T09:12:41.347+0000] {dag.py:3947} INFO - Setting next_dagrun for tutorial_taskflow_api to None, run_after=None
[2024-08-03T09:12:41.376+0000] {processor.py:183} INFO - Processing /home/ubuntu/airflow-venv/lib/python3.12/site-packages/airflow/example_dags/tutorial_taskflow_api.py took 0.096 seconds
