[2024-08-03T08:30:21.034+0000] {processor.py:161} INFO - Started process (PID=1801) to work on /home/ubuntu/airflow-venv/lib/python3.12/site-packages/airflow/example_dags/tutorial.py
[2024-08-03T08:30:21.035+0000] {processor.py:830} INFO - Processing file /home/ubuntu/airflow-venv/lib/python3.12/site-packages/airflow/example_dags/tutorial.py for tasks to queue
[2024-08-03T08:30:21.037+0000] {logging_mixin.py:188} INFO - [2024-08-03T08:30:21.036+0000] {dagbag.py:545} INFO - Filling up the DagBag from /home/ubuntu/airflow-venv/lib/python3.12/site-packages/airflow/example_dags/tutorial.py
[2024-08-03T08:30:21.046+0000] {processor.py:840} INFO - DAG(s) 'tutorial' retrieved from /home/ubuntu/airflow-venv/lib/python3.12/site-packages/airflow/example_dags/tutorial.py
[2024-08-03T08:30:21.158+0000] {logging_mixin.py:188} INFO - [2024-08-03T08:30:21.158+0000] {dag.py:3089} INFO - Sync 1 DAGs
[2024-08-03T08:30:21.176+0000] {logging_mixin.py:188} INFO - [2024-08-03T08:30:21.176+0000] {dag.py:3947} INFO - Setting next_dagrun for tutorial to 2024-08-02 00:00:00+00:00, run_after=2024-08-03 00:00:00+00:00
[2024-08-03T08:30:21.200+0000] {processor.py:183} INFO - Processing /home/ubuntu/airflow-venv/lib/python3.12/site-packages/airflow/example_dags/tutorial.py took 0.171 seconds
[2024-08-03T08:31:19.458+0000] {processor.py:161} INFO - Started process (PID=1859) to work on /home/ubuntu/airflow-venv/lib/python3.12/site-packages/airflow/example_dags/tutorial.py
[2024-08-03T08:31:19.459+0000] {processor.py:830} INFO - Processing file /home/ubuntu/airflow-venv/lib/python3.12/site-packages/airflow/example_dags/tutorial.py for tasks to queue
[2024-08-03T08:31:19.461+0000] {logging_mixin.py:188} INFO - [2024-08-03T08:31:19.460+0000] {dagbag.py:545} INFO - Filling up the DagBag from /home/ubuntu/airflow-venv/lib/python3.12/site-packages/airflow/example_dags/tutorial.py
[2024-08-03T08:31:19.467+0000] {processor.py:840} INFO - DAG(s) 'tutorial' retrieved from /home/ubuntu/airflow-venv/lib/python3.12/site-packages/airflow/example_dags/tutorial.py
[2024-08-03T08:31:19.484+0000] {logging_mixin.py:188} INFO - [2024-08-03T08:31:19.484+0000] {dag.py:3089} INFO - Sync 1 DAGs
[2024-08-03T08:31:19.505+0000] {logging_mixin.py:188} INFO - [2024-08-03T08:31:19.505+0000] {dag.py:3947} INFO - Setting next_dagrun for tutorial to 2024-08-02 00:00:00+00:00, run_after=2024-08-03 00:00:00+00:00
[2024-08-03T08:31:19.530+0000] {processor.py:183} INFO - Processing /home/ubuntu/airflow-venv/lib/python3.12/site-packages/airflow/example_dags/tutorial.py took 0.078 seconds
[2024-08-03T08:32:09.559+0000] {processor.py:161} INFO - Started process (PID=1917) to work on /home/ubuntu/airflow-venv/lib/python3.12/site-packages/airflow/example_dags/tutorial.py
[2024-08-03T08:32:09.560+0000] {processor.py:830} INFO - Processing file /home/ubuntu/airflow-venv/lib/python3.12/site-packages/airflow/example_dags/tutorial.py for tasks to queue
[2024-08-03T08:32:09.562+0000] {logging_mixin.py:188} INFO - [2024-08-03T08:32:09.561+0000] {dagbag.py:545} INFO - Filling up the DagBag from /home/ubuntu/airflow-venv/lib/python3.12/site-packages/airflow/example_dags/tutorial.py
[2024-08-03T08:32:09.569+0000] {processor.py:840} INFO - DAG(s) 'tutorial' retrieved from /home/ubuntu/airflow-venv/lib/python3.12/site-packages/airflow/example_dags/tutorial.py
[2024-08-03T08:32:09.585+0000] {logging_mixin.py:188} INFO - [2024-08-03T08:32:09.585+0000] {dag.py:3089} INFO - Sync 1 DAGs
[2024-08-03T08:32:09.607+0000] {logging_mixin.py:188} INFO - [2024-08-03T08:32:09.607+0000] {dag.py:3947} INFO - Setting next_dagrun for tutorial to 2024-08-02 00:00:00+00:00, run_after=2024-08-03 00:00:00+00:00
[2024-08-03T08:32:09.631+0000] {processor.py:183} INFO - Processing /home/ubuntu/airflow-venv/lib/python3.12/site-packages/airflow/example_dags/tutorial.py took 0.079 seconds
[2024-08-03T08:32:53.925+0000] {processor.py:161} INFO - Started process (PID=1967) to work on /home/ubuntu/airflow-venv/lib/python3.12/site-packages/airflow/example_dags/tutorial.py
[2024-08-03T08:32:53.927+0000] {processor.py:830} INFO - Processing file /home/ubuntu/airflow-venv/lib/python3.12/site-packages/airflow/example_dags/tutorial.py for tasks to queue
[2024-08-03T08:32:53.928+0000] {logging_mixin.py:188} INFO - [2024-08-03T08:32:53.928+0000] {dagbag.py:545} INFO - Filling up the DagBag from /home/ubuntu/airflow-venv/lib/python3.12/site-packages/airflow/example_dags/tutorial.py
[2024-08-03T08:32:53.938+0000] {processor.py:840} INFO - DAG(s) 'tutorial' retrieved from /home/ubuntu/airflow-venv/lib/python3.12/site-packages/airflow/example_dags/tutorial.py
[2024-08-03T08:32:53.946+0000] {logging_mixin.py:188} INFO - [2024-08-03T08:32:53.946+0000] {dag.py:3089} INFO - Sync 1 DAGs
[2024-08-03T08:32:53.969+0000] {logging_mixin.py:188} INFO - [2024-08-03T08:32:53.968+0000] {dag.py:3947} INFO - Setting next_dagrun for tutorial to 2024-08-02 00:00:00+00:00, run_after=2024-08-03 00:00:00+00:00
[2024-08-03T08:32:53.991+0000] {processor.py:183} INFO - Processing /home/ubuntu/airflow-venv/lib/python3.12/site-packages/airflow/example_dags/tutorial.py took 0.072 seconds
[2024-08-03T08:33:46.198+0000] {processor.py:161} INFO - Started process (PID=2022) to work on /home/ubuntu/airflow-venv/lib/python3.12/site-packages/airflow/example_dags/tutorial.py
[2024-08-03T08:33:46.199+0000] {processor.py:830} INFO - Processing file /home/ubuntu/airflow-venv/lib/python3.12/site-packages/airflow/example_dags/tutorial.py for tasks to queue
[2024-08-03T08:33:46.201+0000] {logging_mixin.py:188} INFO - [2024-08-03T08:33:46.201+0000] {dagbag.py:545} INFO - Filling up the DagBag from /home/ubuntu/airflow-venv/lib/python3.12/site-packages/airflow/example_dags/tutorial.py
[2024-08-03T08:33:46.207+0000] {processor.py:840} INFO - DAG(s) 'tutorial' retrieved from /home/ubuntu/airflow-venv/lib/python3.12/site-packages/airflow/example_dags/tutorial.py
[2024-08-03T08:33:46.312+0000] {logging_mixin.py:188} INFO - [2024-08-03T08:33:46.311+0000] {dag.py:3089} INFO - Sync 1 DAGs
[2024-08-03T08:33:46.329+0000] {logging_mixin.py:188} INFO - [2024-08-03T08:33:46.329+0000] {dag.py:3947} INFO - Setting next_dagrun for tutorial to 2024-08-02 00:00:00+00:00, run_after=2024-08-03 00:00:00+00:00
[2024-08-03T08:33:46.353+0000] {processor.py:183} INFO - Processing /home/ubuntu/airflow-venv/lib/python3.12/site-packages/airflow/example_dags/tutorial.py took 0.161 seconds
[2024-08-03T08:34:45.093+0000] {processor.py:161} INFO - Started process (PID=2085) to work on /home/ubuntu/airflow-venv/lib/python3.12/site-packages/airflow/example_dags/tutorial.py
[2024-08-03T08:34:45.094+0000] {processor.py:830} INFO - Processing file /home/ubuntu/airflow-venv/lib/python3.12/site-packages/airflow/example_dags/tutorial.py for tasks to queue
[2024-08-03T08:34:45.096+0000] {logging_mixin.py:188} INFO - [2024-08-03T08:34:45.096+0000] {dagbag.py:545} INFO - Filling up the DagBag from /home/ubuntu/airflow-venv/lib/python3.12/site-packages/airflow/example_dags/tutorial.py
[2024-08-03T08:34:45.102+0000] {processor.py:840} INFO - DAG(s) 'tutorial' retrieved from /home/ubuntu/airflow-venv/lib/python3.12/site-packages/airflow/example_dags/tutorial.py
[2024-08-03T08:34:45.119+0000] {logging_mixin.py:188} INFO - [2024-08-03T08:34:45.119+0000] {dag.py:3089} INFO - Sync 1 DAGs
[2024-08-03T08:34:45.140+0000] {logging_mixin.py:188} INFO - [2024-08-03T08:34:45.140+0000] {dag.py:3947} INFO - Setting next_dagrun for tutorial to 2024-08-02 00:00:00+00:00, run_after=2024-08-03 00:00:00+00:00
[2024-08-03T08:34:45.164+0000] {processor.py:183} INFO - Processing /home/ubuntu/airflow-venv/lib/python3.12/site-packages/airflow/example_dags/tutorial.py took 0.077 seconds
[2024-08-03T08:35:53.437+0000] {processor.py:161} INFO - Started process (PID=2165) to work on /home/ubuntu/airflow-venv/lib/python3.12/site-packages/airflow/example_dags/tutorial.py
[2024-08-03T08:35:53.439+0000] {processor.py:830} INFO - Processing file /home/ubuntu/airflow-venv/lib/python3.12/site-packages/airflow/example_dags/tutorial.py for tasks to queue
[2024-08-03T08:35:53.441+0000] {logging_mixin.py:188} INFO - [2024-08-03T08:35:53.440+0000] {dagbag.py:545} INFO - Filling up the DagBag from /home/ubuntu/airflow-venv/lib/python3.12/site-packages/airflow/example_dags/tutorial.py
[2024-08-03T08:35:53.447+0000] {processor.py:840} INFO - DAG(s) 'tutorial' retrieved from /home/ubuntu/airflow-venv/lib/python3.12/site-packages/airflow/example_dags/tutorial.py
[2024-08-03T08:35:53.464+0000] {logging_mixin.py:188} INFO - [2024-08-03T08:35:53.464+0000] {dag.py:3089} INFO - Sync 1 DAGs
[2024-08-03T08:35:53.484+0000] {logging_mixin.py:188} INFO - [2024-08-03T08:35:53.484+0000] {dag.py:3947} INFO - Setting next_dagrun for tutorial to 2024-08-02 00:00:00+00:00, run_after=2024-08-03 00:00:00+00:00
[2024-08-03T08:35:53.507+0000] {processor.py:183} INFO - Processing /home/ubuntu/airflow-venv/lib/python3.12/site-packages/airflow/example_dags/tutorial.py took 0.076 seconds
[2024-08-03T08:36:41.164+0000] {processor.py:161} INFO - Started process (PID=2217) to work on /home/ubuntu/airflow-venv/lib/python3.12/site-packages/airflow/example_dags/tutorial.py
[2024-08-03T08:36:41.166+0000] {processor.py:830} INFO - Processing file /home/ubuntu/airflow-venv/lib/python3.12/site-packages/airflow/example_dags/tutorial.py for tasks to queue
[2024-08-03T08:36:41.168+0000] {logging_mixin.py:188} INFO - [2024-08-03T08:36:41.167+0000] {dagbag.py:545} INFO - Filling up the DagBag from /home/ubuntu/airflow-venv/lib/python3.12/site-packages/airflow/example_dags/tutorial.py
[2024-08-03T08:36:41.174+0000] {processor.py:840} INFO - DAG(s) 'tutorial' retrieved from /home/ubuntu/airflow-venv/lib/python3.12/site-packages/airflow/example_dags/tutorial.py
[2024-08-03T08:36:41.191+0000] {logging_mixin.py:188} INFO - [2024-08-03T08:36:41.191+0000] {dag.py:3089} INFO - Sync 1 DAGs
[2024-08-03T08:36:41.212+0000] {logging_mixin.py:188} INFO - [2024-08-03T08:36:41.211+0000] {dag.py:3947} INFO - Setting next_dagrun for tutorial to 2024-08-02 00:00:00+00:00, run_after=2024-08-03 00:00:00+00:00
[2024-08-03T08:36:41.236+0000] {processor.py:183} INFO - Processing /home/ubuntu/airflow-venv/lib/python3.12/site-packages/airflow/example_dags/tutorial.py took 0.078 seconds
[2024-08-03T08:37:30.400+0000] {processor.py:161} INFO - Started process (PID=2282) to work on /home/ubuntu/airflow-venv/lib/python3.12/site-packages/airflow/example_dags/tutorial.py
[2024-08-03T08:37:30.401+0000] {processor.py:830} INFO - Processing file /home/ubuntu/airflow-venv/lib/python3.12/site-packages/airflow/example_dags/tutorial.py for tasks to queue
[2024-08-03T08:37:30.403+0000] {logging_mixin.py:188} INFO - [2024-08-03T08:37:30.403+0000] {dagbag.py:545} INFO - Filling up the DagBag from /home/ubuntu/airflow-venv/lib/python3.12/site-packages/airflow/example_dags/tutorial.py
[2024-08-03T08:37:30.410+0000] {processor.py:840} INFO - DAG(s) 'tutorial' retrieved from /home/ubuntu/airflow-venv/lib/python3.12/site-packages/airflow/example_dags/tutorial.py
[2024-08-03T08:37:30.426+0000] {logging_mixin.py:188} INFO - [2024-08-03T08:37:30.426+0000] {dag.py:3089} INFO - Sync 1 DAGs
[2024-08-03T08:37:30.446+0000] {logging_mixin.py:188} INFO - [2024-08-03T08:37:30.446+0000] {dag.py:3947} INFO - Setting next_dagrun for tutorial to 2024-08-02 00:00:00+00:00, run_after=2024-08-03 00:00:00+00:00
[2024-08-03T08:37:30.471+0000] {processor.py:183} INFO - Processing /home/ubuntu/airflow-venv/lib/python3.12/site-packages/airflow/example_dags/tutorial.py took 0.077 seconds
[2024-08-03T08:38:25.616+0000] {processor.py:161} INFO - Started process (PID=2359) to work on /home/ubuntu/airflow-venv/lib/python3.12/site-packages/airflow/example_dags/tutorial.py
[2024-08-03T08:38:25.617+0000] {processor.py:830} INFO - Processing file /home/ubuntu/airflow-venv/lib/python3.12/site-packages/airflow/example_dags/tutorial.py for tasks to queue
[2024-08-03T08:38:25.619+0000] {logging_mixin.py:188} INFO - [2024-08-03T08:38:25.619+0000] {dagbag.py:545} INFO - Filling up the DagBag from /home/ubuntu/airflow-venv/lib/python3.12/site-packages/airflow/example_dags/tutorial.py
[2024-08-03T08:38:25.626+0000] {processor.py:840} INFO - DAG(s) 'tutorial' retrieved from /home/ubuntu/airflow-venv/lib/python3.12/site-packages/airflow/example_dags/tutorial.py
[2024-08-03T08:38:25.642+0000] {logging_mixin.py:188} INFO - [2024-08-03T08:38:25.642+0000] {dag.py:3089} INFO - Sync 1 DAGs
[2024-08-03T08:38:25.663+0000] {logging_mixin.py:188} INFO - [2024-08-03T08:38:25.663+0000] {dag.py:3947} INFO - Setting next_dagrun for tutorial to 2024-08-02 00:00:00+00:00, run_after=2024-08-03 00:00:00+00:00
[2024-08-03T08:38:25.686+0000] {processor.py:183} INFO - Processing /home/ubuntu/airflow-venv/lib/python3.12/site-packages/airflow/example_dags/tutorial.py took 0.077 seconds
[2024-08-03T08:39:28.327+0000] {processor.py:161} INFO - Started process (PID=2427) to work on /home/ubuntu/airflow-venv/lib/python3.12/site-packages/airflow/example_dags/tutorial.py
[2024-08-03T08:39:28.328+0000] {processor.py:830} INFO - Processing file /home/ubuntu/airflow-venv/lib/python3.12/site-packages/airflow/example_dags/tutorial.py for tasks to queue
[2024-08-03T08:39:28.330+0000] {logging_mixin.py:188} INFO - [2024-08-03T08:39:28.330+0000] {dagbag.py:545} INFO - Filling up the DagBag from /home/ubuntu/airflow-venv/lib/python3.12/site-packages/airflow/example_dags/tutorial.py
[2024-08-03T08:39:28.336+0000] {processor.py:840} INFO - DAG(s) 'tutorial' retrieved from /home/ubuntu/airflow-venv/lib/python3.12/site-packages/airflow/example_dags/tutorial.py
[2024-08-03T08:39:28.353+0000] {logging_mixin.py:188} INFO - [2024-08-03T08:39:28.353+0000] {dag.py:3089} INFO - Sync 1 DAGs
[2024-08-03T08:39:28.373+0000] {logging_mixin.py:188} INFO - [2024-08-03T08:39:28.373+0000] {dag.py:3947} INFO - Setting next_dagrun for tutorial to 2024-08-02 00:00:00+00:00, run_after=2024-08-03 00:00:00+00:00
[2024-08-03T08:39:28.397+0000] {processor.py:183} INFO - Processing /home/ubuntu/airflow-venv/lib/python3.12/site-packages/airflow/example_dags/tutorial.py took 0.076 seconds
[2024-08-03T08:40:23.022+0000] {processor.py:161} INFO - Started process (PID=2494) to work on /home/ubuntu/airflow-venv/lib/python3.12/site-packages/airflow/example_dags/tutorial.py
[2024-08-03T08:40:23.024+0000] {processor.py:830} INFO - Processing file /home/ubuntu/airflow-venv/lib/python3.12/site-packages/airflow/example_dags/tutorial.py for tasks to queue
[2024-08-03T08:40:23.025+0000] {logging_mixin.py:188} INFO - [2024-08-03T08:40:23.025+0000] {dagbag.py:545} INFO - Filling up the DagBag from /home/ubuntu/airflow-venv/lib/python3.12/site-packages/airflow/example_dags/tutorial.py
[2024-08-03T08:40:23.032+0000] {processor.py:840} INFO - DAG(s) 'tutorial' retrieved from /home/ubuntu/airflow-venv/lib/python3.12/site-packages/airflow/example_dags/tutorial.py
[2024-08-03T08:40:23.049+0000] {logging_mixin.py:188} INFO - [2024-08-03T08:40:23.048+0000] {dag.py:3089} INFO - Sync 1 DAGs
[2024-08-03T08:40:23.069+0000] {logging_mixin.py:188} INFO - [2024-08-03T08:40:23.069+0000] {dag.py:3947} INFO - Setting next_dagrun for tutorial to 2024-08-02 00:00:00+00:00, run_after=2024-08-03 00:00:00+00:00
[2024-08-03T08:40:23.093+0000] {processor.py:183} INFO - Processing /home/ubuntu/airflow-venv/lib/python3.12/site-packages/airflow/example_dags/tutorial.py took 0.077 seconds
[2024-08-03T08:41:12.638+0000] {processor.py:161} INFO - Started process (PID=2547) to work on /home/ubuntu/airflow-venv/lib/python3.12/site-packages/airflow/example_dags/tutorial.py
[2024-08-03T08:41:12.639+0000] {processor.py:830} INFO - Processing file /home/ubuntu/airflow-venv/lib/python3.12/site-packages/airflow/example_dags/tutorial.py for tasks to queue
[2024-08-03T08:41:12.641+0000] {logging_mixin.py:188} INFO - [2024-08-03T08:41:12.641+0000] {dagbag.py:545} INFO - Filling up the DagBag from /home/ubuntu/airflow-venv/lib/python3.12/site-packages/airflow/example_dags/tutorial.py
[2024-08-03T08:41:12.648+0000] {processor.py:840} INFO - DAG(s) 'tutorial' retrieved from /home/ubuntu/airflow-venv/lib/python3.12/site-packages/airflow/example_dags/tutorial.py
[2024-08-03T08:41:12.664+0000] {logging_mixin.py:188} INFO - [2024-08-03T08:41:12.664+0000] {dag.py:3089} INFO - Sync 1 DAGs
[2024-08-03T08:41:12.685+0000] {logging_mixin.py:188} INFO - [2024-08-03T08:41:12.684+0000] {dag.py:3947} INFO - Setting next_dagrun for tutorial to 2024-08-02 00:00:00+00:00, run_after=2024-08-03 00:00:00+00:00
[2024-08-03T08:41:12.709+0000] {processor.py:183} INFO - Processing /home/ubuntu/airflow-venv/lib/python3.12/site-packages/airflow/example_dags/tutorial.py took 0.078 seconds
[2024-08-03T08:41:57.613+0000] {processor.py:161} INFO - Started process (PID=2596) to work on /home/ubuntu/airflow-venv/lib/python3.12/site-packages/airflow/example_dags/tutorial.py
[2024-08-03T08:41:57.614+0000] {processor.py:830} INFO - Processing file /home/ubuntu/airflow-venv/lib/python3.12/site-packages/airflow/example_dags/tutorial.py for tasks to queue
[2024-08-03T08:41:57.616+0000] {logging_mixin.py:188} INFO - [2024-08-03T08:41:57.616+0000] {dagbag.py:545} INFO - Filling up the DagBag from /home/ubuntu/airflow-venv/lib/python3.12/site-packages/airflow/example_dags/tutorial.py
[2024-08-03T08:41:57.623+0000] {processor.py:840} INFO - DAG(s) 'tutorial' retrieved from /home/ubuntu/airflow-venv/lib/python3.12/site-packages/airflow/example_dags/tutorial.py
[2024-08-03T08:41:57.640+0000] {logging_mixin.py:188} INFO - [2024-08-03T08:41:57.640+0000] {dag.py:3089} INFO - Sync 1 DAGs
[2024-08-03T08:41:57.661+0000] {logging_mixin.py:188} INFO - [2024-08-03T08:41:57.661+0000] {dag.py:3947} INFO - Setting next_dagrun for tutorial to 2024-08-02 00:00:00+00:00, run_after=2024-08-03 00:00:00+00:00
[2024-08-03T08:41:57.685+0000] {processor.py:183} INFO - Processing /home/ubuntu/airflow-venv/lib/python3.12/site-packages/airflow/example_dags/tutorial.py took 0.078 seconds
[2024-08-03T08:42:43.689+0000] {processor.py:161} INFO - Started process (PID=2646) to work on /home/ubuntu/airflow-venv/lib/python3.12/site-packages/airflow/example_dags/tutorial.py
[2024-08-03T08:42:43.691+0000] {processor.py:830} INFO - Processing file /home/ubuntu/airflow-venv/lib/python3.12/site-packages/airflow/example_dags/tutorial.py for tasks to queue
[2024-08-03T08:42:43.693+0000] {logging_mixin.py:188} INFO - [2024-08-03T08:42:43.692+0000] {dagbag.py:545} INFO - Filling up the DagBag from /home/ubuntu/airflow-venv/lib/python3.12/site-packages/airflow/example_dags/tutorial.py
[2024-08-03T08:42:43.700+0000] {processor.py:840} INFO - DAG(s) 'tutorial' retrieved from /home/ubuntu/airflow-venv/lib/python3.12/site-packages/airflow/example_dags/tutorial.py
[2024-08-03T08:42:43.717+0000] {logging_mixin.py:188} INFO - [2024-08-03T08:42:43.717+0000] {dag.py:3089} INFO - Sync 1 DAGs
[2024-08-03T08:42:43.739+0000] {logging_mixin.py:188} INFO - [2024-08-03T08:42:43.738+0000] {dag.py:3947} INFO - Setting next_dagrun for tutorial to 2024-08-02 00:00:00+00:00, run_after=2024-08-03 00:00:00+00:00
[2024-08-03T08:42:43.764+0000] {processor.py:183} INFO - Processing /home/ubuntu/airflow-venv/lib/python3.12/site-packages/airflow/example_dags/tutorial.py took 0.082 seconds
[2024-08-03T08:43:26.059+0000] {processor.py:161} INFO - Started process (PID=2693) to work on /home/ubuntu/airflow-venv/lib/python3.12/site-packages/airflow/example_dags/tutorial.py
[2024-08-03T08:43:26.060+0000] {processor.py:830} INFO - Processing file /home/ubuntu/airflow-venv/lib/python3.12/site-packages/airflow/example_dags/tutorial.py for tasks to queue
[2024-08-03T08:43:26.062+0000] {logging_mixin.py:188} INFO - [2024-08-03T08:43:26.062+0000] {dagbag.py:545} INFO - Filling up the DagBag from /home/ubuntu/airflow-venv/lib/python3.12/site-packages/airflow/example_dags/tutorial.py
[2024-08-03T08:43:26.069+0000] {processor.py:840} INFO - DAG(s) 'tutorial' retrieved from /home/ubuntu/airflow-venv/lib/python3.12/site-packages/airflow/example_dags/tutorial.py
[2024-08-03T08:43:26.086+0000] {logging_mixin.py:188} INFO - [2024-08-03T08:43:26.086+0000] {dag.py:3089} INFO - Sync 1 DAGs
[2024-08-03T08:43:26.107+0000] {logging_mixin.py:188} INFO - [2024-08-03T08:43:26.107+0000] {dag.py:3947} INFO - Setting next_dagrun for tutorial to 2024-08-02 00:00:00+00:00, run_after=2024-08-03 00:00:00+00:00
[2024-08-03T08:43:26.131+0000] {processor.py:183} INFO - Processing /home/ubuntu/airflow-venv/lib/python3.12/site-packages/airflow/example_dags/tutorial.py took 0.079 seconds
[2024-08-03T08:44:07.932+0000] {processor.py:161} INFO - Started process (PID=2834) to work on /home/ubuntu/airflow-venv/lib/python3.12/site-packages/airflow/example_dags/tutorial.py
[2024-08-03T08:44:07.934+0000] {processor.py:830} INFO - Processing file /home/ubuntu/airflow-venv/lib/python3.12/site-packages/airflow/example_dags/tutorial.py for tasks to queue
[2024-08-03T08:44:07.935+0000] {logging_mixin.py:188} INFO - [2024-08-03T08:44:07.935+0000] {dagbag.py:545} INFO - Filling up the DagBag from /home/ubuntu/airflow-venv/lib/python3.12/site-packages/airflow/example_dags/tutorial.py
[2024-08-03T08:44:07.942+0000] {processor.py:840} INFO - DAG(s) 'tutorial' retrieved from /home/ubuntu/airflow-venv/lib/python3.12/site-packages/airflow/example_dags/tutorial.py
[2024-08-03T08:44:07.959+0000] {logging_mixin.py:188} INFO - [2024-08-03T08:44:07.959+0000] {dag.py:3089} INFO - Sync 1 DAGs
[2024-08-03T08:44:07.979+0000] {logging_mixin.py:188} INFO - [2024-08-03T08:44:07.979+0000] {dag.py:3947} INFO - Setting next_dagrun for tutorial to 2024-08-02 00:00:00+00:00, run_after=2024-08-03 00:00:00+00:00
[2024-08-03T08:44:08.004+0000] {processor.py:183} INFO - Processing /home/ubuntu/airflow-venv/lib/python3.12/site-packages/airflow/example_dags/tutorial.py took 0.078 seconds
[2024-08-03T08:44:50.485+0000] {processor.py:161} INFO - Started process (PID=2945) to work on /home/ubuntu/airflow-venv/lib/python3.12/site-packages/airflow/example_dags/tutorial.py
[2024-08-03T08:44:50.487+0000] {processor.py:830} INFO - Processing file /home/ubuntu/airflow-venv/lib/python3.12/site-packages/airflow/example_dags/tutorial.py for tasks to queue
[2024-08-03T08:44:50.488+0000] {logging_mixin.py:188} INFO - [2024-08-03T08:44:50.488+0000] {dagbag.py:545} INFO - Filling up the DagBag from /home/ubuntu/airflow-venv/lib/python3.12/site-packages/airflow/example_dags/tutorial.py
[2024-08-03T08:44:50.495+0000] {processor.py:840} INFO - DAG(s) 'tutorial' retrieved from /home/ubuntu/airflow-venv/lib/python3.12/site-packages/airflow/example_dags/tutorial.py
[2024-08-03T08:44:50.512+0000] {logging_mixin.py:188} INFO - [2024-08-03T08:44:50.512+0000] {dag.py:3089} INFO - Sync 1 DAGs
[2024-08-03T08:44:50.533+0000] {logging_mixin.py:188} INFO - [2024-08-03T08:44:50.532+0000] {dag.py:3947} INFO - Setting next_dagrun for tutorial to 2024-08-02 00:00:00+00:00, run_after=2024-08-03 00:00:00+00:00
[2024-08-03T08:44:50.558+0000] {processor.py:183} INFO - Processing /home/ubuntu/airflow-venv/lib/python3.12/site-packages/airflow/example_dags/tutorial.py took 0.078 seconds
[2024-08-03T08:45:35.378+0000] {processor.py:161} INFO - Started process (PID=3093) to work on /home/ubuntu/airflow-venv/lib/python3.12/site-packages/airflow/example_dags/tutorial.py
[2024-08-03T08:45:35.380+0000] {processor.py:830} INFO - Processing file /home/ubuntu/airflow-venv/lib/python3.12/site-packages/airflow/example_dags/tutorial.py for tasks to queue
[2024-08-03T08:45:35.381+0000] {logging_mixin.py:188} INFO - [2024-08-03T08:45:35.381+0000] {dagbag.py:545} INFO - Filling up the DagBag from /home/ubuntu/airflow-venv/lib/python3.12/site-packages/airflow/example_dags/tutorial.py
[2024-08-03T08:45:35.388+0000] {processor.py:840} INFO - DAG(s) 'tutorial' retrieved from /home/ubuntu/airflow-venv/lib/python3.12/site-packages/airflow/example_dags/tutorial.py
[2024-08-03T08:45:35.405+0000] {logging_mixin.py:188} INFO - [2024-08-03T08:45:35.404+0000] {dag.py:3089} INFO - Sync 1 DAGs
[2024-08-03T08:45:35.426+0000] {logging_mixin.py:188} INFO - [2024-08-03T08:45:35.425+0000] {dag.py:3947} INFO - Setting next_dagrun for tutorial to 2024-08-02 00:00:00+00:00, run_after=2024-08-03 00:00:00+00:00
[2024-08-03T08:45:35.449+0000] {processor.py:183} INFO - Processing /home/ubuntu/airflow-venv/lib/python3.12/site-packages/airflow/example_dags/tutorial.py took 0.077 seconds
[2024-08-03T08:46:17.264+0000] {processor.py:161} INFO - Started process (PID=3141) to work on /home/ubuntu/airflow-venv/lib/python3.12/site-packages/airflow/example_dags/tutorial.py
[2024-08-03T08:46:17.265+0000] {processor.py:830} INFO - Processing file /home/ubuntu/airflow-venv/lib/python3.12/site-packages/airflow/example_dags/tutorial.py for tasks to queue
[2024-08-03T08:46:17.267+0000] {logging_mixin.py:188} INFO - [2024-08-03T08:46:17.266+0000] {dagbag.py:545} INFO - Filling up the DagBag from /home/ubuntu/airflow-venv/lib/python3.12/site-packages/airflow/example_dags/tutorial.py
[2024-08-03T08:46:17.274+0000] {processor.py:840} INFO - DAG(s) 'tutorial' retrieved from /home/ubuntu/airflow-venv/lib/python3.12/site-packages/airflow/example_dags/tutorial.py
[2024-08-03T08:46:17.290+0000] {logging_mixin.py:188} INFO - [2024-08-03T08:46:17.290+0000] {dag.py:3089} INFO - Sync 1 DAGs
[2024-08-03T08:46:17.310+0000] {logging_mixin.py:188} INFO - [2024-08-03T08:46:17.310+0000] {dag.py:3947} INFO - Setting next_dagrun for tutorial to 2024-08-02 00:00:00+00:00, run_after=2024-08-03 00:00:00+00:00
[2024-08-03T08:46:17.333+0000] {processor.py:183} INFO - Processing /home/ubuntu/airflow-venv/lib/python3.12/site-packages/airflow/example_dags/tutorial.py took 0.075 seconds
[2024-08-03T08:46:59.681+0000] {processor.py:161} INFO - Started process (PID=3187) to work on /home/ubuntu/airflow-venv/lib/python3.12/site-packages/airflow/example_dags/tutorial.py
[2024-08-03T08:46:59.683+0000] {processor.py:830} INFO - Processing file /home/ubuntu/airflow-venv/lib/python3.12/site-packages/airflow/example_dags/tutorial.py for tasks to queue
[2024-08-03T08:46:59.684+0000] {logging_mixin.py:188} INFO - [2024-08-03T08:46:59.684+0000] {dagbag.py:545} INFO - Filling up the DagBag from /home/ubuntu/airflow-venv/lib/python3.12/site-packages/airflow/example_dags/tutorial.py
[2024-08-03T08:46:59.691+0000] {processor.py:840} INFO - DAG(s) 'tutorial' retrieved from /home/ubuntu/airflow-venv/lib/python3.12/site-packages/airflow/example_dags/tutorial.py
[2024-08-03T08:46:59.710+0000] {logging_mixin.py:188} INFO - [2024-08-03T08:46:59.710+0000] {dag.py:3089} INFO - Sync 1 DAGs
[2024-08-03T08:46:59.731+0000] {logging_mixin.py:188} INFO - [2024-08-03T08:46:59.730+0000] {dag.py:3947} INFO - Setting next_dagrun for tutorial to 2024-08-02 00:00:00+00:00, run_after=2024-08-03 00:00:00+00:00
[2024-08-03T08:46:59.756+0000] {processor.py:183} INFO - Processing /home/ubuntu/airflow-venv/lib/python3.12/site-packages/airflow/example_dags/tutorial.py took 0.081 seconds
[2024-08-03T08:47:43.119+0000] {processor.py:161} INFO - Started process (PID=3662) to work on /home/ubuntu/airflow-venv/lib/python3.12/site-packages/airflow/example_dags/tutorial.py
[2024-08-03T08:47:43.121+0000] {processor.py:830} INFO - Processing file /home/ubuntu/airflow-venv/lib/python3.12/site-packages/airflow/example_dags/tutorial.py for tasks to queue
[2024-08-03T08:47:43.123+0000] {logging_mixin.py:188} INFO - [2024-08-03T08:47:43.122+0000] {dagbag.py:545} INFO - Filling up the DagBag from /home/ubuntu/airflow-venv/lib/python3.12/site-packages/airflow/example_dags/tutorial.py
[2024-08-03T08:47:43.129+0000] {processor.py:840} INFO - DAG(s) 'tutorial' retrieved from /home/ubuntu/airflow-venv/lib/python3.12/site-packages/airflow/example_dags/tutorial.py
[2024-08-03T08:47:43.145+0000] {logging_mixin.py:188} INFO - [2024-08-03T08:47:43.145+0000] {dag.py:3089} INFO - Sync 1 DAGs
[2024-08-03T08:47:43.166+0000] {logging_mixin.py:188} INFO - [2024-08-03T08:47:43.165+0000] {dag.py:3947} INFO - Setting next_dagrun for tutorial to 2024-08-02 00:00:00+00:00, run_after=2024-08-03 00:00:00+00:00
[2024-08-03T08:47:43.192+0000] {processor.py:183} INFO - Processing /home/ubuntu/airflow-venv/lib/python3.12/site-packages/airflow/example_dags/tutorial.py took 0.079 seconds
[2024-08-03T08:48:27.556+0000] {processor.py:161} INFO - Started process (PID=3783) to work on /home/ubuntu/airflow-venv/lib/python3.12/site-packages/airflow/example_dags/tutorial.py
[2024-08-03T08:48:27.558+0000] {processor.py:830} INFO - Processing file /home/ubuntu/airflow-venv/lib/python3.12/site-packages/airflow/example_dags/tutorial.py for tasks to queue
[2024-08-03T08:48:27.559+0000] {logging_mixin.py:188} INFO - [2024-08-03T08:48:27.559+0000] {dagbag.py:545} INFO - Filling up the DagBag from /home/ubuntu/airflow-venv/lib/python3.12/site-packages/airflow/example_dags/tutorial.py
[2024-08-03T08:48:27.566+0000] {processor.py:840} INFO - DAG(s) 'tutorial' retrieved from /home/ubuntu/airflow-venv/lib/python3.12/site-packages/airflow/example_dags/tutorial.py
[2024-08-03T08:48:27.583+0000] {logging_mixin.py:188} INFO - [2024-08-03T08:48:27.582+0000] {dag.py:3089} INFO - Sync 1 DAGs
[2024-08-03T08:48:27.603+0000] {logging_mixin.py:188} INFO - [2024-08-03T08:48:27.603+0000] {dag.py:3947} INFO - Setting next_dagrun for tutorial to 2024-08-02 00:00:00+00:00, run_after=2024-08-03 00:00:00+00:00
[2024-08-03T08:48:27.627+0000] {processor.py:183} INFO - Processing /home/ubuntu/airflow-venv/lib/python3.12/site-packages/airflow/example_dags/tutorial.py took 0.077 seconds
[2024-08-03T08:49:09.877+0000] {processor.py:161} INFO - Started process (PID=3908) to work on /home/ubuntu/airflow-venv/lib/python3.12/site-packages/airflow/example_dags/tutorial.py
[2024-08-03T08:49:09.879+0000] {processor.py:830} INFO - Processing file /home/ubuntu/airflow-venv/lib/python3.12/site-packages/airflow/example_dags/tutorial.py for tasks to queue
[2024-08-03T08:49:09.881+0000] {logging_mixin.py:188} INFO - [2024-08-03T08:49:09.880+0000] {dagbag.py:545} INFO - Filling up the DagBag from /home/ubuntu/airflow-venv/lib/python3.12/site-packages/airflow/example_dags/tutorial.py
[2024-08-03T08:49:09.887+0000] {processor.py:840} INFO - DAG(s) 'tutorial' retrieved from /home/ubuntu/airflow-venv/lib/python3.12/site-packages/airflow/example_dags/tutorial.py
[2024-08-03T08:49:09.905+0000] {logging_mixin.py:188} INFO - [2024-08-03T08:49:09.904+0000] {dag.py:3089} INFO - Sync 1 DAGs
[2024-08-03T08:49:09.926+0000] {logging_mixin.py:188} INFO - [2024-08-03T08:49:09.925+0000] {dag.py:3947} INFO - Setting next_dagrun for tutorial to 2024-08-02 00:00:00+00:00, run_after=2024-08-03 00:00:00+00:00
[2024-08-03T08:49:09.952+0000] {processor.py:183} INFO - Processing /home/ubuntu/airflow-venv/lib/python3.12/site-packages/airflow/example_dags/tutorial.py took 0.080 seconds
[2024-08-03T08:49:53.567+0000] {processor.py:161} INFO - Started process (PID=4237) to work on /home/ubuntu/airflow-venv/lib/python3.12/site-packages/airflow/example_dags/tutorial.py
[2024-08-03T08:49:53.569+0000] {processor.py:830} INFO - Processing file /home/ubuntu/airflow-venv/lib/python3.12/site-packages/airflow/example_dags/tutorial.py for tasks to queue
[2024-08-03T08:49:53.571+0000] {logging_mixin.py:188} INFO - [2024-08-03T08:49:53.570+0000] {dagbag.py:545} INFO - Filling up the DagBag from /home/ubuntu/airflow-venv/lib/python3.12/site-packages/airflow/example_dags/tutorial.py
[2024-08-03T08:49:53.577+0000] {processor.py:840} INFO - DAG(s) 'tutorial' retrieved from /home/ubuntu/airflow-venv/lib/python3.12/site-packages/airflow/example_dags/tutorial.py
[2024-08-03T08:49:53.596+0000] {logging_mixin.py:188} INFO - [2024-08-03T08:49:53.596+0000] {dag.py:3089} INFO - Sync 1 DAGs
[2024-08-03T08:49:53.617+0000] {logging_mixin.py:188} INFO - [2024-08-03T08:49:53.617+0000] {dag.py:3947} INFO - Setting next_dagrun for tutorial to 2024-08-02 00:00:00+00:00, run_after=2024-08-03 00:00:00+00:00
[2024-08-03T08:49:53.658+0000] {processor.py:183} INFO - Processing /home/ubuntu/airflow-venv/lib/python3.12/site-packages/airflow/example_dags/tutorial.py took 0.096 seconds
[2024-08-03T08:50:40.182+0000] {processor.py:161} INFO - Started process (PID=4486) to work on /home/ubuntu/airflow-venv/lib/python3.12/site-packages/airflow/example_dags/tutorial.py
[2024-08-03T08:50:40.184+0000] {processor.py:830} INFO - Processing file /home/ubuntu/airflow-venv/lib/python3.12/site-packages/airflow/example_dags/tutorial.py for tasks to queue
[2024-08-03T08:50:40.186+0000] {logging_mixin.py:188} INFO - [2024-08-03T08:50:40.185+0000] {dagbag.py:545} INFO - Filling up the DagBag from /home/ubuntu/airflow-venv/lib/python3.12/site-packages/airflow/example_dags/tutorial.py
[2024-08-03T08:50:40.192+0000] {processor.py:840} INFO - DAG(s) 'tutorial' retrieved from /home/ubuntu/airflow-venv/lib/python3.12/site-packages/airflow/example_dags/tutorial.py
[2024-08-03T08:50:40.208+0000] {logging_mixin.py:188} INFO - [2024-08-03T08:50:40.208+0000] {dag.py:3089} INFO - Sync 1 DAGs
[2024-08-03T08:50:40.229+0000] {logging_mixin.py:188} INFO - [2024-08-03T08:50:40.229+0000] {dag.py:3947} INFO - Setting next_dagrun for tutorial to 2024-08-02 00:00:00+00:00, run_after=2024-08-03 00:00:00+00:00
[2024-08-03T08:50:40.253+0000] {processor.py:183} INFO - Processing /home/ubuntu/airflow-venv/lib/python3.12/site-packages/airflow/example_dags/tutorial.py took 0.079 seconds
[2024-08-03T08:51:31.232+0000] {processor.py:161} INFO - Started process (PID=4651) to work on /home/ubuntu/airflow-venv/lib/python3.12/site-packages/airflow/example_dags/tutorial.py
[2024-08-03T08:51:31.234+0000] {processor.py:830} INFO - Processing file /home/ubuntu/airflow-venv/lib/python3.12/site-packages/airflow/example_dags/tutorial.py for tasks to queue
[2024-08-03T08:51:31.236+0000] {logging_mixin.py:188} INFO - [2024-08-03T08:51:31.236+0000] {dagbag.py:545} INFO - Filling up the DagBag from /home/ubuntu/airflow-venv/lib/python3.12/site-packages/airflow/example_dags/tutorial.py
[2024-08-03T08:51:31.242+0000] {processor.py:840} INFO - DAG(s) 'tutorial' retrieved from /home/ubuntu/airflow-venv/lib/python3.12/site-packages/airflow/example_dags/tutorial.py
[2024-08-03T08:51:31.260+0000] {logging_mixin.py:188} INFO - [2024-08-03T08:51:31.259+0000] {dag.py:3089} INFO - Sync 1 DAGs
[2024-08-03T08:51:31.281+0000] {logging_mixin.py:188} INFO - [2024-08-03T08:51:31.280+0000] {dag.py:3947} INFO - Setting next_dagrun for tutorial to 2024-08-02 00:00:00+00:00, run_after=2024-08-03 00:00:00+00:00
[2024-08-03T08:51:31.307+0000] {processor.py:183} INFO - Processing /home/ubuntu/airflow-venv/lib/python3.12/site-packages/airflow/example_dags/tutorial.py took 0.083 seconds
[2024-08-03T08:52:17.906+0000] {processor.py:161} INFO - Started process (PID=4729) to work on /home/ubuntu/airflow-venv/lib/python3.12/site-packages/airflow/example_dags/tutorial.py
[2024-08-03T08:52:17.908+0000] {processor.py:830} INFO - Processing file /home/ubuntu/airflow-venv/lib/python3.12/site-packages/airflow/example_dags/tutorial.py for tasks to queue
[2024-08-03T08:52:17.910+0000] {logging_mixin.py:188} INFO - [2024-08-03T08:52:17.910+0000] {dagbag.py:545} INFO - Filling up the DagBag from /home/ubuntu/airflow-venv/lib/python3.12/site-packages/airflow/example_dags/tutorial.py
[2024-08-03T08:52:17.916+0000] {processor.py:840} INFO - DAG(s) 'tutorial' retrieved from /home/ubuntu/airflow-venv/lib/python3.12/site-packages/airflow/example_dags/tutorial.py
[2024-08-03T08:52:17.933+0000] {logging_mixin.py:188} INFO - [2024-08-03T08:52:17.933+0000] {dag.py:3089} INFO - Sync 1 DAGs
[2024-08-03T08:52:17.953+0000] {logging_mixin.py:188} INFO - [2024-08-03T08:52:17.953+0000] {dag.py:3947} INFO - Setting next_dagrun for tutorial to 2024-08-02 00:00:00+00:00, run_after=2024-08-03 00:00:00+00:00
[2024-08-03T08:52:17.976+0000] {processor.py:183} INFO - Processing /home/ubuntu/airflow-venv/lib/python3.12/site-packages/airflow/example_dags/tutorial.py took 0.077 seconds
[2024-08-03T08:53:00.601+0000] {processor.py:161} INFO - Started process (PID=4831) to work on /home/ubuntu/airflow-venv/lib/python3.12/site-packages/airflow/example_dags/tutorial.py
[2024-08-03T08:53:00.602+0000] {processor.py:830} INFO - Processing file /home/ubuntu/airflow-venv/lib/python3.12/site-packages/airflow/example_dags/tutorial.py for tasks to queue
[2024-08-03T08:53:00.604+0000] {logging_mixin.py:188} INFO - [2024-08-03T08:53:00.604+0000] {dagbag.py:545} INFO - Filling up the DagBag from /home/ubuntu/airflow-venv/lib/python3.12/site-packages/airflow/example_dags/tutorial.py
[2024-08-03T08:53:00.611+0000] {processor.py:840} INFO - DAG(s) 'tutorial' retrieved from /home/ubuntu/airflow-venv/lib/python3.12/site-packages/airflow/example_dags/tutorial.py
[2024-08-03T08:53:00.628+0000] {logging_mixin.py:188} INFO - [2024-08-03T08:53:00.628+0000] {dag.py:3089} INFO - Sync 1 DAGs
[2024-08-03T08:53:00.650+0000] {logging_mixin.py:188} INFO - [2024-08-03T08:53:00.650+0000] {dag.py:3947} INFO - Setting next_dagrun for tutorial to 2024-08-02 00:00:00+00:00, run_after=2024-08-03 00:00:00+00:00
[2024-08-03T08:53:00.674+0000] {processor.py:183} INFO - Processing /home/ubuntu/airflow-venv/lib/python3.12/site-packages/airflow/example_dags/tutorial.py took 0.080 seconds
[2024-08-03T08:53:45.116+0000] {processor.py:161} INFO - Started process (PID=4885) to work on /home/ubuntu/airflow-venv/lib/python3.12/site-packages/airflow/example_dags/tutorial.py
[2024-08-03T08:53:45.118+0000] {processor.py:830} INFO - Processing file /home/ubuntu/airflow-venv/lib/python3.12/site-packages/airflow/example_dags/tutorial.py for tasks to queue
[2024-08-03T08:53:45.120+0000] {logging_mixin.py:188} INFO - [2024-08-03T08:53:45.119+0000] {dagbag.py:545} INFO - Filling up the DagBag from /home/ubuntu/airflow-venv/lib/python3.12/site-packages/airflow/example_dags/tutorial.py
[2024-08-03T08:53:45.130+0000] {processor.py:840} INFO - DAG(s) 'tutorial' retrieved from /home/ubuntu/airflow-venv/lib/python3.12/site-packages/airflow/example_dags/tutorial.py
[2024-08-03T08:53:45.156+0000] {logging_mixin.py:188} INFO - [2024-08-03T08:53:45.156+0000] {dag.py:3089} INFO - Sync 1 DAGs
[2024-08-03T08:53:45.179+0000] {logging_mixin.py:188} INFO - [2024-08-03T08:53:45.179+0000] {dag.py:3947} INFO - Setting next_dagrun for tutorial to 2024-08-02 00:00:00+00:00, run_after=2024-08-03 00:00:00+00:00
[2024-08-03T08:53:45.213+0000] {processor.py:183} INFO - Processing /home/ubuntu/airflow-venv/lib/python3.12/site-packages/airflow/example_dags/tutorial.py took 0.106 seconds
[2024-08-03T08:54:30.573+0000] {processor.py:161} INFO - Started process (PID=4931) to work on /home/ubuntu/airflow-venv/lib/python3.12/site-packages/airflow/example_dags/tutorial.py
[2024-08-03T08:54:30.575+0000] {processor.py:830} INFO - Processing file /home/ubuntu/airflow-venv/lib/python3.12/site-packages/airflow/example_dags/tutorial.py for tasks to queue
[2024-08-03T08:54:30.577+0000] {logging_mixin.py:188} INFO - [2024-08-03T08:54:30.576+0000] {dagbag.py:545} INFO - Filling up the DagBag from /home/ubuntu/airflow-venv/lib/python3.12/site-packages/airflow/example_dags/tutorial.py
[2024-08-03T08:54:30.583+0000] {processor.py:840} INFO - DAG(s) 'tutorial' retrieved from /home/ubuntu/airflow-venv/lib/python3.12/site-packages/airflow/example_dags/tutorial.py
[2024-08-03T08:54:30.600+0000] {logging_mixin.py:188} INFO - [2024-08-03T08:54:30.599+0000] {dag.py:3089} INFO - Sync 1 DAGs
[2024-08-03T08:54:30.620+0000] {logging_mixin.py:188} INFO - [2024-08-03T08:54:30.620+0000] {dag.py:3947} INFO - Setting next_dagrun for tutorial to 2024-08-02 00:00:00+00:00, run_after=2024-08-03 00:00:00+00:00
[2024-08-03T08:54:30.643+0000] {processor.py:183} INFO - Processing /home/ubuntu/airflow-venv/lib/python3.12/site-packages/airflow/example_dags/tutorial.py took 0.077 seconds
[2024-08-03T08:55:35.950+0000] {processor.py:161} INFO - Started process (PID=5010) to work on /home/ubuntu/airflow-venv/lib/python3.12/site-packages/airflow/example_dags/tutorial.py
[2024-08-03T08:55:35.951+0000] {processor.py:830} INFO - Processing file /home/ubuntu/airflow-venv/lib/python3.12/site-packages/airflow/example_dags/tutorial.py for tasks to queue
[2024-08-03T08:55:35.953+0000] {logging_mixin.py:188} INFO - [2024-08-03T08:55:35.953+0000] {dagbag.py:545} INFO - Filling up the DagBag from /home/ubuntu/airflow-venv/lib/python3.12/site-packages/airflow/example_dags/tutorial.py
[2024-08-03T08:55:35.960+0000] {processor.py:840} INFO - DAG(s) 'tutorial' retrieved from /home/ubuntu/airflow-venv/lib/python3.12/site-packages/airflow/example_dags/tutorial.py
[2024-08-03T08:55:35.977+0000] {logging_mixin.py:188} INFO - [2024-08-03T08:55:35.977+0000] {dag.py:3089} INFO - Sync 1 DAGs
[2024-08-03T08:55:36.117+0000] {logging_mixin.py:188} INFO - [2024-08-03T08:55:36.117+0000] {dag.py:3947} INFO - Setting next_dagrun for tutorial to 2024-08-02 00:00:00+00:00, run_after=2024-08-03 00:00:00+00:00
[2024-08-03T08:55:36.140+0000] {processor.py:183} INFO - Processing /home/ubuntu/airflow-venv/lib/python3.12/site-packages/airflow/example_dags/tutorial.py took 0.198 seconds
[2024-08-03T08:56:37.307+0000] {processor.py:161} INFO - Started process (PID=5088) to work on /home/ubuntu/airflow-venv/lib/python3.12/site-packages/airflow/example_dags/tutorial.py
[2024-08-03T08:56:37.308+0000] {processor.py:830} INFO - Processing file /home/ubuntu/airflow-venv/lib/python3.12/site-packages/airflow/example_dags/tutorial.py for tasks to queue
[2024-08-03T08:56:37.310+0000] {logging_mixin.py:188} INFO - [2024-08-03T08:56:37.310+0000] {dagbag.py:545} INFO - Filling up the DagBag from /home/ubuntu/airflow-venv/lib/python3.12/site-packages/airflow/example_dags/tutorial.py
[2024-08-03T08:56:37.316+0000] {processor.py:840} INFO - DAG(s) 'tutorial' retrieved from /home/ubuntu/airflow-venv/lib/python3.12/site-packages/airflow/example_dags/tutorial.py
[2024-08-03T08:56:37.333+0000] {logging_mixin.py:188} INFO - [2024-08-03T08:56:37.332+0000] {dag.py:3089} INFO - Sync 1 DAGs
[2024-08-03T08:56:37.354+0000] {logging_mixin.py:188} INFO - [2024-08-03T08:56:37.354+0000] {dag.py:3947} INFO - Setting next_dagrun for tutorial to 2024-08-02 00:00:00+00:00, run_after=2024-08-03 00:00:00+00:00
[2024-08-03T08:56:37.492+0000] {processor.py:183} INFO - Processing /home/ubuntu/airflow-venv/lib/python3.12/site-packages/airflow/example_dags/tutorial.py took 0.192 seconds
[2024-08-03T08:57:26.698+0000] {processor.py:161} INFO - Started process (PID=5200) to work on /home/ubuntu/airflow-venv/lib/python3.12/site-packages/airflow/example_dags/tutorial.py
[2024-08-03T08:57:26.699+0000] {processor.py:830} INFO - Processing file /home/ubuntu/airflow-venv/lib/python3.12/site-packages/airflow/example_dags/tutorial.py for tasks to queue
[2024-08-03T08:57:26.701+0000] {logging_mixin.py:188} INFO - [2024-08-03T08:57:26.700+0000] {dagbag.py:545} INFO - Filling up the DagBag from /home/ubuntu/airflow-venv/lib/python3.12/site-packages/airflow/example_dags/tutorial.py
[2024-08-03T08:57:26.707+0000] {processor.py:840} INFO - DAG(s) 'tutorial' retrieved from /home/ubuntu/airflow-venv/lib/python3.12/site-packages/airflow/example_dags/tutorial.py
[2024-08-03T08:57:26.724+0000] {logging_mixin.py:188} INFO - [2024-08-03T08:57:26.724+0000] {dag.py:3089} INFO - Sync 1 DAGs
[2024-08-03T08:57:26.745+0000] {logging_mixin.py:188} INFO - [2024-08-03T08:57:26.745+0000] {dag.py:3947} INFO - Setting next_dagrun for tutorial to 2024-08-02 00:00:00+00:00, run_after=2024-08-03 00:00:00+00:00
[2024-08-03T08:57:26.769+0000] {processor.py:183} INFO - Processing /home/ubuntu/airflow-venv/lib/python3.12/site-packages/airflow/example_dags/tutorial.py took 0.079 seconds
[2024-08-03T08:58:18.806+0000] {processor.py:161} INFO - Started process (PID=5344) to work on /home/ubuntu/airflow-venv/lib/python3.12/site-packages/airflow/example_dags/tutorial.py
[2024-08-03T08:58:18.809+0000] {processor.py:830} INFO - Processing file /home/ubuntu/airflow-venv/lib/python3.12/site-packages/airflow/example_dags/tutorial.py for tasks to queue
[2024-08-03T08:58:18.811+0000] {logging_mixin.py:188} INFO - [2024-08-03T08:58:18.810+0000] {dagbag.py:545} INFO - Filling up the DagBag from /home/ubuntu/airflow-venv/lib/python3.12/site-packages/airflow/example_dags/tutorial.py
[2024-08-03T08:58:18.817+0000] {processor.py:840} INFO - DAG(s) 'tutorial' retrieved from /home/ubuntu/airflow-venv/lib/python3.12/site-packages/airflow/example_dags/tutorial.py
[2024-08-03T08:58:18.955+0000] {logging_mixin.py:188} INFO - [2024-08-03T08:58:18.955+0000] {dag.py:3089} INFO - Sync 1 DAGs
[2024-08-03T08:58:18.972+0000] {logging_mixin.py:188} INFO - [2024-08-03T08:58:18.972+0000] {dag.py:3947} INFO - Setting next_dagrun for tutorial to 2024-08-02 00:00:00+00:00, run_after=2024-08-03 00:00:00+00:00
[2024-08-03T08:58:18.994+0000] {processor.py:183} INFO - Processing /home/ubuntu/airflow-venv/lib/python3.12/site-packages/airflow/example_dags/tutorial.py took 0.196 seconds
[2024-08-03T08:59:09.673+0000] {processor.py:161} INFO - Started process (PID=5455) to work on /home/ubuntu/airflow-venv/lib/python3.12/site-packages/airflow/example_dags/tutorial.py
[2024-08-03T08:59:09.675+0000] {processor.py:830} INFO - Processing file /home/ubuntu/airflow-venv/lib/python3.12/site-packages/airflow/example_dags/tutorial.py for tasks to queue
[2024-08-03T08:59:09.677+0000] {logging_mixin.py:188} INFO - [2024-08-03T08:59:09.676+0000] {dagbag.py:545} INFO - Filling up the DagBag from /home/ubuntu/airflow-venv/lib/python3.12/site-packages/airflow/example_dags/tutorial.py
[2024-08-03T08:59:09.683+0000] {processor.py:840} INFO - DAG(s) 'tutorial' retrieved from /home/ubuntu/airflow-venv/lib/python3.12/site-packages/airflow/example_dags/tutorial.py
[2024-08-03T08:59:09.701+0000] {logging_mixin.py:188} INFO - [2024-08-03T08:59:09.700+0000] {dag.py:3089} INFO - Sync 1 DAGs
[2024-08-03T08:59:09.722+0000] {logging_mixin.py:188} INFO - [2024-08-03T08:59:09.721+0000] {dag.py:3947} INFO - Setting next_dagrun for tutorial to 2024-08-02 00:00:00+00:00, run_after=2024-08-03 00:00:00+00:00
[2024-08-03T08:59:09.754+0000] {processor.py:183} INFO - Processing /home/ubuntu/airflow-venv/lib/python3.12/site-packages/airflow/example_dags/tutorial.py took 0.089 seconds
[2024-08-03T08:59:57.611+0000] {processor.py:161} INFO - Started process (PID=5564) to work on /home/ubuntu/airflow-venv/lib/python3.12/site-packages/airflow/example_dags/tutorial.py
[2024-08-03T08:59:57.613+0000] {processor.py:830} INFO - Processing file /home/ubuntu/airflow-venv/lib/python3.12/site-packages/airflow/example_dags/tutorial.py for tasks to queue
[2024-08-03T08:59:57.615+0000] {logging_mixin.py:188} INFO - [2024-08-03T08:59:57.614+0000] {dagbag.py:545} INFO - Filling up the DagBag from /home/ubuntu/airflow-venv/lib/python3.12/site-packages/airflow/example_dags/tutorial.py
[2024-08-03T08:59:57.621+0000] {processor.py:840} INFO - DAG(s) 'tutorial' retrieved from /home/ubuntu/airflow-venv/lib/python3.12/site-packages/airflow/example_dags/tutorial.py
[2024-08-03T08:59:57.638+0000] {logging_mixin.py:188} INFO - [2024-08-03T08:59:57.638+0000] {dag.py:3089} INFO - Sync 1 DAGs
[2024-08-03T08:59:57.659+0000] {logging_mixin.py:188} INFO - [2024-08-03T08:59:57.658+0000] {dag.py:3947} INFO - Setting next_dagrun for tutorial to 2024-08-02 00:00:00+00:00, run_after=2024-08-03 00:00:00+00:00
[2024-08-03T08:59:57.687+0000] {processor.py:183} INFO - Processing /home/ubuntu/airflow-venv/lib/python3.12/site-packages/airflow/example_dags/tutorial.py took 0.084 seconds
[2024-08-03T09:00:42.830+0000] {processor.py:161} INFO - Started process (PID=5779) to work on /home/ubuntu/airflow-venv/lib/python3.12/site-packages/airflow/example_dags/tutorial.py
[2024-08-03T09:00:42.832+0000] {processor.py:830} INFO - Processing file /home/ubuntu/airflow-venv/lib/python3.12/site-packages/airflow/example_dags/tutorial.py for tasks to queue
[2024-08-03T09:00:42.833+0000] {logging_mixin.py:188} INFO - [2024-08-03T09:00:42.833+0000] {dagbag.py:545} INFO - Filling up the DagBag from /home/ubuntu/airflow-venv/lib/python3.12/site-packages/airflow/example_dags/tutorial.py
[2024-08-03T09:00:42.840+0000] {processor.py:840} INFO - DAG(s) 'tutorial' retrieved from /home/ubuntu/airflow-venv/lib/python3.12/site-packages/airflow/example_dags/tutorial.py
[2024-08-03T09:00:42.857+0000] {logging_mixin.py:188} INFO - [2024-08-03T09:00:42.857+0000] {dag.py:3089} INFO - Sync 1 DAGs
[2024-08-03T09:00:42.877+0000] {logging_mixin.py:188} INFO - [2024-08-03T09:00:42.877+0000] {dag.py:3947} INFO - Setting next_dagrun for tutorial to 2024-08-02 00:00:00+00:00, run_after=2024-08-03 00:00:00+00:00
[2024-08-03T09:00:42.902+0000] {processor.py:183} INFO - Processing /home/ubuntu/airflow-venv/lib/python3.12/site-packages/airflow/example_dags/tutorial.py took 0.080 seconds
[2024-08-03T09:01:22.035+0000] {processor.py:161} INFO - Started process (PID=5934) to work on /home/ubuntu/airflow-venv/lib/python3.12/site-packages/airflow/example_dags/tutorial.py
[2024-08-03T09:01:22.037+0000] {processor.py:830} INFO - Processing file /home/ubuntu/airflow-venv/lib/python3.12/site-packages/airflow/example_dags/tutorial.py for tasks to queue
[2024-08-03T09:01:22.038+0000] {logging_mixin.py:188} INFO - [2024-08-03T09:01:22.038+0000] {dagbag.py:545} INFO - Filling up the DagBag from /home/ubuntu/airflow-venv/lib/python3.12/site-packages/airflow/example_dags/tutorial.py
[2024-08-03T09:01:22.045+0000] {processor.py:840} INFO - DAG(s) 'tutorial' retrieved from /home/ubuntu/airflow-venv/lib/python3.12/site-packages/airflow/example_dags/tutorial.py
[2024-08-03T09:01:22.061+0000] {logging_mixin.py:188} INFO - [2024-08-03T09:01:22.061+0000] {dag.py:3089} INFO - Sync 1 DAGs
[2024-08-03T09:01:22.082+0000] {logging_mixin.py:188} INFO - [2024-08-03T09:01:22.081+0000] {dag.py:3947} INFO - Setting next_dagrun for tutorial to 2024-08-02 00:00:00+00:00, run_after=2024-08-03 00:00:00+00:00
[2024-08-03T09:01:22.107+0000] {processor.py:183} INFO - Processing /home/ubuntu/airflow-venv/lib/python3.12/site-packages/airflow/example_dags/tutorial.py took 0.080 seconds
[2024-08-03T09:02:05.602+0000] {processor.py:161} INFO - Started process (PID=6148) to work on /home/ubuntu/airflow-venv/lib/python3.12/site-packages/airflow/example_dags/tutorial.py
[2024-08-03T09:02:05.604+0000] {processor.py:830} INFO - Processing file /home/ubuntu/airflow-venv/lib/python3.12/site-packages/airflow/example_dags/tutorial.py for tasks to queue
[2024-08-03T09:02:05.605+0000] {logging_mixin.py:188} INFO - [2024-08-03T09:02:05.605+0000] {dagbag.py:545} INFO - Filling up the DagBag from /home/ubuntu/airflow-venv/lib/python3.12/site-packages/airflow/example_dags/tutorial.py
[2024-08-03T09:02:05.611+0000] {processor.py:840} INFO - DAG(s) 'tutorial' retrieved from /home/ubuntu/airflow-venv/lib/python3.12/site-packages/airflow/example_dags/tutorial.py
[2024-08-03T09:02:05.628+0000] {logging_mixin.py:188} INFO - [2024-08-03T09:02:05.628+0000] {dag.py:3089} INFO - Sync 1 DAGs
[2024-08-03T09:02:05.648+0000] {logging_mixin.py:188} INFO - [2024-08-03T09:02:05.648+0000] {dag.py:3947} INFO - Setting next_dagrun for tutorial to 2024-08-02 00:00:00+00:00, run_after=2024-08-03 00:00:00+00:00
[2024-08-03T09:02:05.673+0000] {processor.py:183} INFO - Processing /home/ubuntu/airflow-venv/lib/python3.12/site-packages/airflow/example_dags/tutorial.py took 0.079 seconds
[2024-08-03T09:02:48.514+0000] {processor.py:161} INFO - Started process (PID=6265) to work on /home/ubuntu/airflow-venv/lib/python3.12/site-packages/airflow/example_dags/tutorial.py
[2024-08-03T09:02:48.516+0000] {processor.py:830} INFO - Processing file /home/ubuntu/airflow-venv/lib/python3.12/site-packages/airflow/example_dags/tutorial.py for tasks to queue
[2024-08-03T09:02:48.517+0000] {logging_mixin.py:188} INFO - [2024-08-03T09:02:48.517+0000] {dagbag.py:545} INFO - Filling up the DagBag from /home/ubuntu/airflow-venv/lib/python3.12/site-packages/airflow/example_dags/tutorial.py
[2024-08-03T09:02:48.523+0000] {processor.py:840} INFO - DAG(s) 'tutorial' retrieved from /home/ubuntu/airflow-venv/lib/python3.12/site-packages/airflow/example_dags/tutorial.py
[2024-08-03T09:02:48.541+0000] {logging_mixin.py:188} INFO - [2024-08-03T09:02:48.540+0000] {dag.py:3089} INFO - Sync 1 DAGs
[2024-08-03T09:02:48.561+0000] {logging_mixin.py:188} INFO - [2024-08-03T09:02:48.561+0000] {dag.py:3947} INFO - Setting next_dagrun for tutorial to 2024-08-02 00:00:00+00:00, run_after=2024-08-03 00:00:00+00:00
[2024-08-03T09:02:48.584+0000] {processor.py:183} INFO - Processing /home/ubuntu/airflow-venv/lib/python3.12/site-packages/airflow/example_dags/tutorial.py took 0.079 seconds
[2024-08-03T09:03:29.476+0000] {processor.py:161} INFO - Started process (PID=6379) to work on /home/ubuntu/airflow-venv/lib/python3.12/site-packages/airflow/example_dags/tutorial.py
[2024-08-03T09:03:29.477+0000] {processor.py:830} INFO - Processing file /home/ubuntu/airflow-venv/lib/python3.12/site-packages/airflow/example_dags/tutorial.py for tasks to queue
[2024-08-03T09:03:29.479+0000] {logging_mixin.py:188} INFO - [2024-08-03T09:03:29.478+0000] {dagbag.py:545} INFO - Filling up the DagBag from /home/ubuntu/airflow-venv/lib/python3.12/site-packages/airflow/example_dags/tutorial.py
[2024-08-03T09:03:29.485+0000] {processor.py:840} INFO - DAG(s) 'tutorial' retrieved from /home/ubuntu/airflow-venv/lib/python3.12/site-packages/airflow/example_dags/tutorial.py
[2024-08-03T09:03:29.503+0000] {logging_mixin.py:188} INFO - [2024-08-03T09:03:29.502+0000] {dag.py:3089} INFO - Sync 1 DAGs
[2024-08-03T09:03:29.524+0000] {logging_mixin.py:188} INFO - [2024-08-03T09:03:29.524+0000] {dag.py:3947} INFO - Setting next_dagrun for tutorial to 2024-08-02 00:00:00+00:00, run_after=2024-08-03 00:00:00+00:00
[2024-08-03T09:03:29.549+0000] {processor.py:183} INFO - Processing /home/ubuntu/airflow-venv/lib/python3.12/site-packages/airflow/example_dags/tutorial.py took 0.082 seconds
[2024-08-03T09:04:08.902+0000] {processor.py:161} INFO - Started process (PID=6490) to work on /home/ubuntu/airflow-venv/lib/python3.12/site-packages/airflow/example_dags/tutorial.py
[2024-08-03T09:04:08.904+0000] {processor.py:830} INFO - Processing file /home/ubuntu/airflow-venv/lib/python3.12/site-packages/airflow/example_dags/tutorial.py for tasks to queue
[2024-08-03T09:04:08.905+0000] {logging_mixin.py:188} INFO - [2024-08-03T09:04:08.905+0000] {dagbag.py:545} INFO - Filling up the DagBag from /home/ubuntu/airflow-venv/lib/python3.12/site-packages/airflow/example_dags/tutorial.py
[2024-08-03T09:04:08.912+0000] {processor.py:840} INFO - DAG(s) 'tutorial' retrieved from /home/ubuntu/airflow-venv/lib/python3.12/site-packages/airflow/example_dags/tutorial.py
[2024-08-03T09:04:08.929+0000] {logging_mixin.py:188} INFO - [2024-08-03T09:04:08.929+0000] {dag.py:3089} INFO - Sync 1 DAGs
[2024-08-03T09:04:08.950+0000] {logging_mixin.py:188} INFO - [2024-08-03T09:04:08.949+0000] {dag.py:3947} INFO - Setting next_dagrun for tutorial to 2024-08-02 00:00:00+00:00, run_after=2024-08-03 00:00:00+00:00
[2024-08-03T09:04:08.974+0000] {processor.py:183} INFO - Processing /home/ubuntu/airflow-venv/lib/python3.12/site-packages/airflow/example_dags/tutorial.py took 0.080 seconds
[2024-08-03T09:04:51.700+0000] {processor.py:161} INFO - Started process (PID=6547) to work on /home/ubuntu/airflow-venv/lib/python3.12/site-packages/airflow/example_dags/tutorial.py
[2024-08-03T09:04:51.701+0000] {processor.py:830} INFO - Processing file /home/ubuntu/airflow-venv/lib/python3.12/site-packages/airflow/example_dags/tutorial.py for tasks to queue
[2024-08-03T09:04:51.703+0000] {logging_mixin.py:188} INFO - [2024-08-03T09:04:51.703+0000] {dagbag.py:545} INFO - Filling up the DagBag from /home/ubuntu/airflow-venv/lib/python3.12/site-packages/airflow/example_dags/tutorial.py
[2024-08-03T09:04:51.709+0000] {processor.py:840} INFO - DAG(s) 'tutorial' retrieved from /home/ubuntu/airflow-venv/lib/python3.12/site-packages/airflow/example_dags/tutorial.py
[2024-08-03T09:04:51.726+0000] {logging_mixin.py:188} INFO - [2024-08-03T09:04:51.726+0000] {dag.py:3089} INFO - Sync 1 DAGs
[2024-08-03T09:04:51.747+0000] {logging_mixin.py:188} INFO - [2024-08-03T09:04:51.747+0000] {dag.py:3947} INFO - Setting next_dagrun for tutorial to 2024-08-02 00:00:00+00:00, run_after=2024-08-03 00:00:00+00:00
[2024-08-03T09:04:51.774+0000] {processor.py:183} INFO - Processing /home/ubuntu/airflow-venv/lib/python3.12/site-packages/airflow/example_dags/tutorial.py took 0.082 seconds
[2024-08-03T09:05:36.653+0000] {processor.py:161} INFO - Started process (PID=6626) to work on /home/ubuntu/airflow-venv/lib/python3.12/site-packages/airflow/example_dags/tutorial.py
[2024-08-03T09:05:36.654+0000] {processor.py:830} INFO - Processing file /home/ubuntu/airflow-venv/lib/python3.12/site-packages/airflow/example_dags/tutorial.py for tasks to queue
[2024-08-03T09:05:36.656+0000] {logging_mixin.py:188} INFO - [2024-08-03T09:05:36.655+0000] {dagbag.py:545} INFO - Filling up the DagBag from /home/ubuntu/airflow-venv/lib/python3.12/site-packages/airflow/example_dags/tutorial.py
[2024-08-03T09:05:36.663+0000] {processor.py:840} INFO - DAG(s) 'tutorial' retrieved from /home/ubuntu/airflow-venv/lib/python3.12/site-packages/airflow/example_dags/tutorial.py
[2024-08-03T09:05:36.680+0000] {logging_mixin.py:188} INFO - [2024-08-03T09:05:36.680+0000] {dag.py:3089} INFO - Sync 1 DAGs
[2024-08-03T09:05:36.701+0000] {logging_mixin.py:188} INFO - [2024-08-03T09:05:36.700+0000] {dag.py:3947} INFO - Setting next_dagrun for tutorial to 2024-08-02 00:00:00+00:00, run_after=2024-08-03 00:00:00+00:00
[2024-08-03T09:05:36.726+0000] {processor.py:183} INFO - Processing /home/ubuntu/airflow-venv/lib/python3.12/site-packages/airflow/example_dags/tutorial.py took 0.081 seconds
[2024-08-03T09:06:19.787+0000] {processor.py:161} INFO - Started process (PID=6827) to work on /home/ubuntu/airflow-venv/lib/python3.12/site-packages/airflow/example_dags/tutorial.py
[2024-08-03T09:06:19.788+0000] {processor.py:830} INFO - Processing file /home/ubuntu/airflow-venv/lib/python3.12/site-packages/airflow/example_dags/tutorial.py for tasks to queue
[2024-08-03T09:06:19.790+0000] {logging_mixin.py:188} INFO - [2024-08-03T09:06:19.789+0000] {dagbag.py:545} INFO - Filling up the DagBag from /home/ubuntu/airflow-venv/lib/python3.12/site-packages/airflow/example_dags/tutorial.py
[2024-08-03T09:06:19.797+0000] {processor.py:840} INFO - DAG(s) 'tutorial' retrieved from /home/ubuntu/airflow-venv/lib/python3.12/site-packages/airflow/example_dags/tutorial.py
[2024-08-03T09:06:19.813+0000] {logging_mixin.py:188} INFO - [2024-08-03T09:06:19.813+0000] {dag.py:3089} INFO - Sync 1 DAGs
[2024-08-03T09:06:19.834+0000] {logging_mixin.py:188} INFO - [2024-08-03T09:06:19.834+0000] {dag.py:3947} INFO - Setting next_dagrun for tutorial to 2024-08-02 00:00:00+00:00, run_after=2024-08-03 00:00:00+00:00
[2024-08-03T09:06:19.857+0000] {processor.py:183} INFO - Processing /home/ubuntu/airflow-venv/lib/python3.12/site-packages/airflow/example_dags/tutorial.py took 0.079 seconds
[2024-08-03T09:07:04.668+0000] {processor.py:161} INFO - Started process (PID=7017) to work on /home/ubuntu/airflow-venv/lib/python3.12/site-packages/airflow/example_dags/tutorial.py
[2024-08-03T09:07:04.670+0000] {processor.py:830} INFO - Processing file /home/ubuntu/airflow-venv/lib/python3.12/site-packages/airflow/example_dags/tutorial.py for tasks to queue
[2024-08-03T09:07:04.671+0000] {logging_mixin.py:188} INFO - [2024-08-03T09:07:04.671+0000] {dagbag.py:545} INFO - Filling up the DagBag from /home/ubuntu/airflow-venv/lib/python3.12/site-packages/airflow/example_dags/tutorial.py
[2024-08-03T09:07:04.678+0000] {processor.py:840} INFO - DAG(s) 'tutorial' retrieved from /home/ubuntu/airflow-venv/lib/python3.12/site-packages/airflow/example_dags/tutorial.py
[2024-08-03T09:07:04.696+0000] {logging_mixin.py:188} INFO - [2024-08-03T09:07:04.695+0000] {dag.py:3089} INFO - Sync 1 DAGs
[2024-08-03T09:07:04.716+0000] {logging_mixin.py:188} INFO - [2024-08-03T09:07:04.716+0000] {dag.py:3947} INFO - Setting next_dagrun for tutorial to 2024-08-02 00:00:00+00:00, run_after=2024-08-03 00:00:00+00:00
[2024-08-03T09:07:04.743+0000] {processor.py:183} INFO - Processing /home/ubuntu/airflow-venv/lib/python3.12/site-packages/airflow/example_dags/tutorial.py took 0.083 seconds
[2024-08-03T09:07:48.950+0000] {processor.py:161} INFO - Started process (PID=7175) to work on /home/ubuntu/airflow-venv/lib/python3.12/site-packages/airflow/example_dags/tutorial.py
[2024-08-03T09:07:48.951+0000] {processor.py:830} INFO - Processing file /home/ubuntu/airflow-venv/lib/python3.12/site-packages/airflow/example_dags/tutorial.py for tasks to queue
[2024-08-03T09:07:48.953+0000] {logging_mixin.py:188} INFO - [2024-08-03T09:07:48.953+0000] {dagbag.py:545} INFO - Filling up the DagBag from /home/ubuntu/airflow-venv/lib/python3.12/site-packages/airflow/example_dags/tutorial.py
[2024-08-03T09:07:48.959+0000] {processor.py:840} INFO - DAG(s) 'tutorial' retrieved from /home/ubuntu/airflow-venv/lib/python3.12/site-packages/airflow/example_dags/tutorial.py
[2024-08-03T09:07:48.976+0000] {logging_mixin.py:188} INFO - [2024-08-03T09:07:48.976+0000] {dag.py:3089} INFO - Sync 1 DAGs
[2024-08-03T09:07:48.997+0000] {logging_mixin.py:188} INFO - [2024-08-03T09:07:48.996+0000] {dag.py:3947} INFO - Setting next_dagrun for tutorial to 2024-08-02 00:00:00+00:00, run_after=2024-08-03 00:00:00+00:00
[2024-08-03T09:07:49.022+0000] {processor.py:183} INFO - Processing /home/ubuntu/airflow-venv/lib/python3.12/site-packages/airflow/example_dags/tutorial.py took 0.080 seconds
[2024-08-03T09:08:32.517+0000] {processor.py:161} INFO - Started process (PID=7364) to work on /home/ubuntu/airflow-venv/lib/python3.12/site-packages/airflow/example_dags/tutorial.py
[2024-08-03T09:08:32.519+0000] {processor.py:830} INFO - Processing file /home/ubuntu/airflow-venv/lib/python3.12/site-packages/airflow/example_dags/tutorial.py for tasks to queue
[2024-08-03T09:08:32.521+0000] {logging_mixin.py:188} INFO - [2024-08-03T09:08:32.520+0000] {dagbag.py:545} INFO - Filling up the DagBag from /home/ubuntu/airflow-venv/lib/python3.12/site-packages/airflow/example_dags/tutorial.py
[2024-08-03T09:08:32.527+0000] {processor.py:840} INFO - DAG(s) 'tutorial' retrieved from /home/ubuntu/airflow-venv/lib/python3.12/site-packages/airflow/example_dags/tutorial.py
[2024-08-03T09:08:32.546+0000] {logging_mixin.py:188} INFO - [2024-08-03T09:08:32.545+0000] {dag.py:3089} INFO - Sync 1 DAGs
[2024-08-03T09:08:32.568+0000] {logging_mixin.py:188} INFO - [2024-08-03T09:08:32.568+0000] {dag.py:3947} INFO - Setting next_dagrun for tutorial to 2024-08-02 00:00:00+00:00, run_after=2024-08-03 00:00:00+00:00
[2024-08-03T09:08:32.593+0000] {processor.py:183} INFO - Processing /home/ubuntu/airflow-venv/lib/python3.12/site-packages/airflow/example_dags/tutorial.py took 0.085 seconds
[2024-08-03T09:09:14.205+0000] {processor.py:161} INFO - Started process (PID=7593) to work on /home/ubuntu/airflow-venv/lib/python3.12/site-packages/airflow/example_dags/tutorial.py
[2024-08-03T09:09:14.206+0000] {processor.py:830} INFO - Processing file /home/ubuntu/airflow-venv/lib/python3.12/site-packages/airflow/example_dags/tutorial.py for tasks to queue
[2024-08-03T09:09:14.208+0000] {logging_mixin.py:188} INFO - [2024-08-03T09:09:14.207+0000] {dagbag.py:545} INFO - Filling up the DagBag from /home/ubuntu/airflow-venv/lib/python3.12/site-packages/airflow/example_dags/tutorial.py
[2024-08-03T09:09:14.214+0000] {processor.py:840} INFO - DAG(s) 'tutorial' retrieved from /home/ubuntu/airflow-venv/lib/python3.12/site-packages/airflow/example_dags/tutorial.py
[2024-08-03T09:09:14.231+0000] {logging_mixin.py:188} INFO - [2024-08-03T09:09:14.230+0000] {dag.py:3089} INFO - Sync 1 DAGs
[2024-08-03T09:09:14.251+0000] {logging_mixin.py:188} INFO - [2024-08-03T09:09:14.250+0000] {dag.py:3947} INFO - Setting next_dagrun for tutorial to 2024-08-02 00:00:00+00:00, run_after=2024-08-03 00:00:00+00:00
[2024-08-03T09:09:14.274+0000] {processor.py:183} INFO - Processing /home/ubuntu/airflow-venv/lib/python3.12/site-packages/airflow/example_dags/tutorial.py took 0.077 seconds
[2024-08-03T09:09:57.439+0000] {processor.py:161} INFO - Started process (PID=7753) to work on /home/ubuntu/airflow-venv/lib/python3.12/site-packages/airflow/example_dags/tutorial.py
[2024-08-03T09:09:57.441+0000] {processor.py:830} INFO - Processing file /home/ubuntu/airflow-venv/lib/python3.12/site-packages/airflow/example_dags/tutorial.py for tasks to queue
[2024-08-03T09:09:57.442+0000] {logging_mixin.py:188} INFO - [2024-08-03T09:09:57.442+0000] {dagbag.py:545} INFO - Filling up the DagBag from /home/ubuntu/airflow-venv/lib/python3.12/site-packages/airflow/example_dags/tutorial.py
[2024-08-03T09:09:57.449+0000] {processor.py:840} INFO - DAG(s) 'tutorial' retrieved from /home/ubuntu/airflow-venv/lib/python3.12/site-packages/airflow/example_dags/tutorial.py
[2024-08-03T09:09:57.466+0000] {logging_mixin.py:188} INFO - [2024-08-03T09:09:57.465+0000] {dag.py:3089} INFO - Sync 1 DAGs
[2024-08-03T09:09:57.487+0000] {logging_mixin.py:188} INFO - [2024-08-03T09:09:57.487+0000] {dag.py:3947} INFO - Setting next_dagrun for tutorial to 2024-08-02 00:00:00+00:00, run_after=2024-08-03 00:00:00+00:00
[2024-08-03T09:09:57.511+0000] {processor.py:183} INFO - Processing /home/ubuntu/airflow-venv/lib/python3.12/site-packages/airflow/example_dags/tutorial.py took 0.080 seconds
[2024-08-03T09:10:38.949+0000] {processor.py:161} INFO - Started process (PID=7885) to work on /home/ubuntu/airflow-venv/lib/python3.12/site-packages/airflow/example_dags/tutorial.py
[2024-08-03T09:10:38.951+0000] {processor.py:830} INFO - Processing file /home/ubuntu/airflow-venv/lib/python3.12/site-packages/airflow/example_dags/tutorial.py for tasks to queue
[2024-08-03T09:10:38.952+0000] {logging_mixin.py:188} INFO - [2024-08-03T09:10:38.952+0000] {dagbag.py:545} INFO - Filling up the DagBag from /home/ubuntu/airflow-venv/lib/python3.12/site-packages/airflow/example_dags/tutorial.py
[2024-08-03T09:10:38.959+0000] {processor.py:840} INFO - DAG(s) 'tutorial' retrieved from /home/ubuntu/airflow-venv/lib/python3.12/site-packages/airflow/example_dags/tutorial.py
[2024-08-03T09:10:38.976+0000] {logging_mixin.py:188} INFO - [2024-08-03T09:10:38.976+0000] {dag.py:3089} INFO - Sync 1 DAGs
[2024-08-03T09:10:38.997+0000] {logging_mixin.py:188} INFO - [2024-08-03T09:10:38.997+0000] {dag.py:3947} INFO - Setting next_dagrun for tutorial to 2024-08-02 00:00:00+00:00, run_after=2024-08-03 00:00:00+00:00
[2024-08-03T09:10:39.021+0000] {processor.py:183} INFO - Processing /home/ubuntu/airflow-venv/lib/python3.12/site-packages/airflow/example_dags/tutorial.py took 0.080 seconds
[2024-08-03T09:11:19.348+0000] {processor.py:161} INFO - Started process (PID=7998) to work on /home/ubuntu/airflow-venv/lib/python3.12/site-packages/airflow/example_dags/tutorial.py
[2024-08-03T09:11:19.350+0000] {processor.py:830} INFO - Processing file /home/ubuntu/airflow-venv/lib/python3.12/site-packages/airflow/example_dags/tutorial.py for tasks to queue
[2024-08-03T09:11:19.352+0000] {logging_mixin.py:188} INFO - [2024-08-03T09:11:19.351+0000] {dagbag.py:545} INFO - Filling up the DagBag from /home/ubuntu/airflow-venv/lib/python3.12/site-packages/airflow/example_dags/tutorial.py
[2024-08-03T09:11:19.358+0000] {processor.py:840} INFO - DAG(s) 'tutorial' retrieved from /home/ubuntu/airflow-venv/lib/python3.12/site-packages/airflow/example_dags/tutorial.py
[2024-08-03T09:11:19.376+0000] {logging_mixin.py:188} INFO - [2024-08-03T09:11:19.376+0000] {dag.py:3089} INFO - Sync 1 DAGs
[2024-08-03T09:11:19.398+0000] {logging_mixin.py:188} INFO - [2024-08-03T09:11:19.398+0000] {dag.py:3947} INFO - Setting next_dagrun for tutorial to 2024-08-02 00:00:00+00:00, run_after=2024-08-03 00:00:00+00:00
[2024-08-03T09:11:19.423+0000] {processor.py:183} INFO - Processing /home/ubuntu/airflow-venv/lib/python3.12/site-packages/airflow/example_dags/tutorial.py took 0.083 seconds
[2024-08-03T09:12:02.041+0000] {processor.py:161} INFO - Started process (PID=8137) to work on /home/ubuntu/airflow-venv/lib/python3.12/site-packages/airflow/example_dags/tutorial.py
[2024-08-03T09:12:02.043+0000] {processor.py:830} INFO - Processing file /home/ubuntu/airflow-venv/lib/python3.12/site-packages/airflow/example_dags/tutorial.py for tasks to queue
[2024-08-03T09:12:02.045+0000] {logging_mixin.py:188} INFO - [2024-08-03T09:12:02.044+0000] {dagbag.py:545} INFO - Filling up the DagBag from /home/ubuntu/airflow-venv/lib/python3.12/site-packages/airflow/example_dags/tutorial.py
[2024-08-03T09:12:02.051+0000] {processor.py:840} INFO - DAG(s) 'tutorial' retrieved from /home/ubuntu/airflow-venv/lib/python3.12/site-packages/airflow/example_dags/tutorial.py
[2024-08-03T09:12:02.069+0000] {logging_mixin.py:188} INFO - [2024-08-03T09:12:02.068+0000] {dag.py:3089} INFO - Sync 1 DAGs
[2024-08-03T09:12:02.089+0000] {logging_mixin.py:188} INFO - [2024-08-03T09:12:02.089+0000] {dag.py:3947} INFO - Setting next_dagrun for tutorial to 2024-08-02 00:00:00+00:00, run_after=2024-08-03 00:00:00+00:00
[2024-08-03T09:12:02.115+0000] {processor.py:183} INFO - Processing /home/ubuntu/airflow-venv/lib/python3.12/site-packages/airflow/example_dags/tutorial.py took 0.083 seconds
[2024-08-03T09:12:42.434+0000] {processor.py:161} INFO - Started process (PID=8287) to work on /home/ubuntu/airflow-venv/lib/python3.12/site-packages/airflow/example_dags/tutorial.py
[2024-08-03T09:12:42.436+0000] {processor.py:830} INFO - Processing file /home/ubuntu/airflow-venv/lib/python3.12/site-packages/airflow/example_dags/tutorial.py for tasks to queue
[2024-08-03T09:12:42.438+0000] {logging_mixin.py:188} INFO - [2024-08-03T09:12:42.437+0000] {dagbag.py:545} INFO - Filling up the DagBag from /home/ubuntu/airflow-venv/lib/python3.12/site-packages/airflow/example_dags/tutorial.py
[2024-08-03T09:12:42.444+0000] {processor.py:840} INFO - DAG(s) 'tutorial' retrieved from /home/ubuntu/airflow-venv/lib/python3.12/site-packages/airflow/example_dags/tutorial.py
[2024-08-03T09:12:42.461+0000] {logging_mixin.py:188} INFO - [2024-08-03T09:12:42.461+0000] {dag.py:3089} INFO - Sync 1 DAGs
[2024-08-03T09:12:42.482+0000] {logging_mixin.py:188} INFO - [2024-08-03T09:12:42.482+0000] {dag.py:3947} INFO - Setting next_dagrun for tutorial to 2024-08-02 00:00:00+00:00, run_after=2024-08-03 00:00:00+00:00
[2024-08-03T09:12:42.506+0000] {processor.py:183} INFO - Processing /home/ubuntu/airflow-venv/lib/python3.12/site-packages/airflow/example_dags/tutorial.py took 0.080 seconds
