[2024-08-03T08:30:18.482+0000] {processor.py:161} INFO - Started process (PID=1799) to work on /home/ubuntu/airflow-venv/lib/python3.12/site-packages/airflow/example_dags/tutorial_objectstorage.py
[2024-08-03T08:30:18.482+0000] {processor.py:830} INFO - Processing file /home/ubuntu/airflow-venv/lib/python3.12/site-packages/airflow/example_dags/tutorial_objectstorage.py for tasks to queue
[2024-08-03T08:30:18.484+0000] {logging_mixin.py:188} INFO - [2024-08-03T08:30:18.484+0000] {dagbag.py:545} INFO - Filling up the DagBag from /home/ubuntu/airflow-venv/lib/python3.12/site-packages/airflow/example_dags/tutorial_objectstorage.py
[2024-08-03T08:30:18.496+0000] {processor.py:840} INFO - DAG(s) 'tutorial_objectstorage' retrieved from /home/ubuntu/airflow-venv/lib/python3.12/site-packages/airflow/example_dags/tutorial_objectstorage.py
[2024-08-03T08:30:18.611+0000] {logging_mixin.py:188} INFO - [2024-08-03T08:30:18.610+0000] {dag.py:3089} INFO - Sync 1 DAGs
[2024-08-03T08:30:18.621+0000] {logging_mixin.py:188} INFO - [2024-08-03T08:30:18.621+0000] {dag.py:3947} INFO - Setting next_dagrun for tutorial_objectstorage to None, run_after=None
[2024-08-03T08:30:18.645+0000] {processor.py:183} INFO - Processing /home/ubuntu/airflow-venv/lib/python3.12/site-packages/airflow/example_dags/tutorial_objectstorage.py took 0.170 seconds
[2024-08-03T08:31:17.216+0000] {processor.py:161} INFO - Started process (PID=1855) to work on /home/ubuntu/airflow-venv/lib/python3.12/site-packages/airflow/example_dags/tutorial_objectstorage.py
[2024-08-03T08:31:17.217+0000] {processor.py:830} INFO - Processing file /home/ubuntu/airflow-venv/lib/python3.12/site-packages/airflow/example_dags/tutorial_objectstorage.py for tasks to queue
[2024-08-03T08:31:17.219+0000] {logging_mixin.py:188} INFO - [2024-08-03T08:31:17.219+0000] {dagbag.py:545} INFO - Filling up the DagBag from /home/ubuntu/airflow-venv/lib/python3.12/site-packages/airflow/example_dags/tutorial_objectstorage.py
[2024-08-03T08:31:17.227+0000] {processor.py:840} INFO - DAG(s) 'tutorial_objectstorage' retrieved from /home/ubuntu/airflow-venv/lib/python3.12/site-packages/airflow/example_dags/tutorial_objectstorage.py
[2024-08-03T08:31:17.244+0000] {logging_mixin.py:188} INFO - [2024-08-03T08:31:17.244+0000] {dag.py:3089} INFO - Sync 1 DAGs
[2024-08-03T08:31:17.256+0000] {logging_mixin.py:188} INFO - [2024-08-03T08:31:17.256+0000] {dag.py:3947} INFO - Setting next_dagrun for tutorial_objectstorage to None, run_after=None
[2024-08-03T08:31:17.280+0000] {processor.py:183} INFO - Processing /home/ubuntu/airflow-venv/lib/python3.12/site-packages/airflow/example_dags/tutorial_objectstorage.py took 0.070 seconds
[2024-08-03T08:32:08.104+0000] {processor.py:161} INFO - Started process (PID=1915) to work on /home/ubuntu/airflow-venv/lib/python3.12/site-packages/airflow/example_dags/tutorial_objectstorage.py
[2024-08-03T08:32:08.106+0000] {processor.py:830} INFO - Processing file /home/ubuntu/airflow-venv/lib/python3.12/site-packages/airflow/example_dags/tutorial_objectstorage.py for tasks to queue
[2024-08-03T08:32:08.108+0000] {logging_mixin.py:188} INFO - [2024-08-03T08:32:08.107+0000] {dagbag.py:545} INFO - Filling up the DagBag from /home/ubuntu/airflow-venv/lib/python3.12/site-packages/airflow/example_dags/tutorial_objectstorage.py
[2024-08-03T08:32:08.116+0000] {processor.py:840} INFO - DAG(s) 'tutorial_objectstorage' retrieved from /home/ubuntu/airflow-venv/lib/python3.12/site-packages/airflow/example_dags/tutorial_objectstorage.py
[2024-08-03T08:32:08.132+0000] {logging_mixin.py:188} INFO - [2024-08-03T08:32:08.132+0000] {dag.py:3089} INFO - Sync 1 DAGs
[2024-08-03T08:32:08.145+0000] {logging_mixin.py:188} INFO - [2024-08-03T08:32:08.144+0000] {dag.py:3947} INFO - Setting next_dagrun for tutorial_objectstorage to None, run_after=None
[2024-08-03T08:32:08.170+0000] {processor.py:183} INFO - Processing /home/ubuntu/airflow-venv/lib/python3.12/site-packages/airflow/example_dags/tutorial_objectstorage.py took 0.072 seconds
[2024-08-03T08:32:52.476+0000] {processor.py:161} INFO - Started process (PID=1965) to work on /home/ubuntu/airflow-venv/lib/python3.12/site-packages/airflow/example_dags/tutorial_objectstorage.py
[2024-08-03T08:32:52.477+0000] {processor.py:830} INFO - Processing file /home/ubuntu/airflow-venv/lib/python3.12/site-packages/airflow/example_dags/tutorial_objectstorage.py for tasks to queue
[2024-08-03T08:32:52.479+0000] {logging_mixin.py:188} INFO - [2024-08-03T08:32:52.479+0000] {dagbag.py:545} INFO - Filling up the DagBag from /home/ubuntu/airflow-venv/lib/python3.12/site-packages/airflow/example_dags/tutorial_objectstorage.py
[2024-08-03T08:32:52.490+0000] {processor.py:840} INFO - DAG(s) 'tutorial_objectstorage' retrieved from /home/ubuntu/airflow-venv/lib/python3.12/site-packages/airflow/example_dags/tutorial_objectstorage.py
[2024-08-03T08:32:52.498+0000] {logging_mixin.py:188} INFO - [2024-08-03T08:32:52.498+0000] {dag.py:3089} INFO - Sync 1 DAGs
[2024-08-03T08:32:52.514+0000] {logging_mixin.py:188} INFO - [2024-08-03T08:32:52.513+0000] {dag.py:3947} INFO - Setting next_dagrun for tutorial_objectstorage to None, run_after=None
[2024-08-03T08:32:52.538+0000] {processor.py:183} INFO - Processing /home/ubuntu/airflow-venv/lib/python3.12/site-packages/airflow/example_dags/tutorial_objectstorage.py took 0.068 seconds
[2024-08-03T08:33:43.727+0000] {processor.py:161} INFO - Started process (PID=2020) to work on /home/ubuntu/airflow-venv/lib/python3.12/site-packages/airflow/example_dags/tutorial_objectstorage.py
[2024-08-03T08:33:43.728+0000] {processor.py:830} INFO - Processing file /home/ubuntu/airflow-venv/lib/python3.12/site-packages/airflow/example_dags/tutorial_objectstorage.py for tasks to queue
[2024-08-03T08:33:43.730+0000] {logging_mixin.py:188} INFO - [2024-08-03T08:33:43.730+0000] {dagbag.py:545} INFO - Filling up the DagBag from /home/ubuntu/airflow-venv/lib/python3.12/site-packages/airflow/example_dags/tutorial_objectstorage.py
[2024-08-03T08:33:43.738+0000] {processor.py:840} INFO - DAG(s) 'tutorial_objectstorage' retrieved from /home/ubuntu/airflow-venv/lib/python3.12/site-packages/airflow/example_dags/tutorial_objectstorage.py
[2024-08-03T08:33:43.845+0000] {logging_mixin.py:188} INFO - [2024-08-03T08:33:43.844+0000] {dag.py:3089} INFO - Sync 1 DAGs
[2024-08-03T08:33:43.854+0000] {logging_mixin.py:188} INFO - [2024-08-03T08:33:43.854+0000] {dag.py:3947} INFO - Setting next_dagrun for tutorial_objectstorage to None, run_after=None
[2024-08-03T08:33:43.877+0000] {processor.py:183} INFO - Processing /home/ubuntu/airflow-venv/lib/python3.12/site-packages/airflow/example_dags/tutorial_objectstorage.py took 0.157 seconds
[2024-08-03T08:34:42.732+0000] {processor.py:161} INFO - Started process (PID=2083) to work on /home/ubuntu/airflow-venv/lib/python3.12/site-packages/airflow/example_dags/tutorial_objectstorage.py
[2024-08-03T08:34:42.734+0000] {processor.py:830} INFO - Processing file /home/ubuntu/airflow-venv/lib/python3.12/site-packages/airflow/example_dags/tutorial_objectstorage.py for tasks to queue
[2024-08-03T08:34:42.736+0000] {logging_mixin.py:188} INFO - [2024-08-03T08:34:42.736+0000] {dagbag.py:545} INFO - Filling up the DagBag from /home/ubuntu/airflow-venv/lib/python3.12/site-packages/airflow/example_dags/tutorial_objectstorage.py
[2024-08-03T08:34:42.745+0000] {processor.py:840} INFO - DAG(s) 'tutorial_objectstorage' retrieved from /home/ubuntu/airflow-venv/lib/python3.12/site-packages/airflow/example_dags/tutorial_objectstorage.py
[2024-08-03T08:34:42.761+0000] {logging_mixin.py:188} INFO - [2024-08-03T08:34:42.761+0000] {dag.py:3089} INFO - Sync 1 DAGs
[2024-08-03T08:34:42.774+0000] {logging_mixin.py:188} INFO - [2024-08-03T08:34:42.773+0000] {dag.py:3947} INFO - Setting next_dagrun for tutorial_objectstorage to None, run_after=None
[2024-08-03T08:34:42.799+0000] {processor.py:183} INFO - Processing /home/ubuntu/airflow-venv/lib/python3.12/site-packages/airflow/example_dags/tutorial_objectstorage.py took 0.073 seconds
[2024-08-03T08:35:51.386+0000] {processor.py:161} INFO - Started process (PID=2163) to work on /home/ubuntu/airflow-venv/lib/python3.12/site-packages/airflow/example_dags/tutorial_objectstorage.py
[2024-08-03T08:35:51.388+0000] {processor.py:830} INFO - Processing file /home/ubuntu/airflow-venv/lib/python3.12/site-packages/airflow/example_dags/tutorial_objectstorage.py for tasks to queue
[2024-08-03T08:35:51.389+0000] {logging_mixin.py:188} INFO - [2024-08-03T08:35:51.389+0000] {dagbag.py:545} INFO - Filling up the DagBag from /home/ubuntu/airflow-venv/lib/python3.12/site-packages/airflow/example_dags/tutorial_objectstorage.py
[2024-08-03T08:35:51.398+0000] {processor.py:840} INFO - DAG(s) 'tutorial_objectstorage' retrieved from /home/ubuntu/airflow-venv/lib/python3.12/site-packages/airflow/example_dags/tutorial_objectstorage.py
[2024-08-03T08:35:51.413+0000] {logging_mixin.py:188} INFO - [2024-08-03T08:35:51.413+0000] {dag.py:3089} INFO - Sync 1 DAGs
[2024-08-03T08:35:51.426+0000] {logging_mixin.py:188} INFO - [2024-08-03T08:35:51.425+0000] {dag.py:3947} INFO - Setting next_dagrun for tutorial_objectstorage to None, run_after=None
[2024-08-03T08:35:51.449+0000] {processor.py:183} INFO - Processing /home/ubuntu/airflow-venv/lib/python3.12/site-packages/airflow/example_dags/tutorial_objectstorage.py took 0.068 seconds
[2024-08-03T08:36:38.838+0000] {processor.py:161} INFO - Started process (PID=2215) to work on /home/ubuntu/airflow-venv/lib/python3.12/site-packages/airflow/example_dags/tutorial_objectstorage.py
[2024-08-03T08:36:38.839+0000] {processor.py:830} INFO - Processing file /home/ubuntu/airflow-venv/lib/python3.12/site-packages/airflow/example_dags/tutorial_objectstorage.py for tasks to queue
[2024-08-03T08:36:38.841+0000] {logging_mixin.py:188} INFO - [2024-08-03T08:36:38.841+0000] {dagbag.py:545} INFO - Filling up the DagBag from /home/ubuntu/airflow-venv/lib/python3.12/site-packages/airflow/example_dags/tutorial_objectstorage.py
[2024-08-03T08:36:38.850+0000] {processor.py:840} INFO - DAG(s) 'tutorial_objectstorage' retrieved from /home/ubuntu/airflow-venv/lib/python3.12/site-packages/airflow/example_dags/tutorial_objectstorage.py
[2024-08-03T08:36:38.866+0000] {logging_mixin.py:188} INFO - [2024-08-03T08:36:38.866+0000] {dag.py:3089} INFO - Sync 1 DAGs
[2024-08-03T08:36:38.878+0000] {logging_mixin.py:188} INFO - [2024-08-03T08:36:38.878+0000] {dag.py:3947} INFO - Setting next_dagrun for tutorial_objectstorage to None, run_after=None
[2024-08-03T08:36:38.902+0000] {processor.py:183} INFO - Processing /home/ubuntu/airflow-venv/lib/python3.12/site-packages/airflow/example_dags/tutorial_objectstorage.py took 0.070 seconds
[2024-08-03T08:37:29.073+0000] {processor.py:161} INFO - Started process (PID=2273) to work on /home/ubuntu/airflow-venv/lib/python3.12/site-packages/airflow/example_dags/tutorial_objectstorage.py
[2024-08-03T08:37:29.075+0000] {processor.py:830} INFO - Processing file /home/ubuntu/airflow-venv/lib/python3.12/site-packages/airflow/example_dags/tutorial_objectstorage.py for tasks to queue
[2024-08-03T08:37:29.077+0000] {logging_mixin.py:188} INFO - [2024-08-03T08:37:29.076+0000] {dagbag.py:545} INFO - Filling up the DagBag from /home/ubuntu/airflow-venv/lib/python3.12/site-packages/airflow/example_dags/tutorial_objectstorage.py
[2024-08-03T08:37:29.085+0000] {processor.py:840} INFO - DAG(s) 'tutorial_objectstorage' retrieved from /home/ubuntu/airflow-venv/lib/python3.12/site-packages/airflow/example_dags/tutorial_objectstorage.py
[2024-08-03T08:37:29.101+0000] {logging_mixin.py:188} INFO - [2024-08-03T08:37:29.101+0000] {dag.py:3089} INFO - Sync 1 DAGs
[2024-08-03T08:37:29.114+0000] {logging_mixin.py:188} INFO - [2024-08-03T08:37:29.114+0000] {dag.py:3947} INFO - Setting next_dagrun for tutorial_objectstorage to None, run_after=None
[2024-08-03T08:37:29.137+0000] {processor.py:183} INFO - Processing /home/ubuntu/airflow-venv/lib/python3.12/site-packages/airflow/example_dags/tutorial_objectstorage.py took 0.070 seconds
[2024-08-03T08:38:23.309+0000] {processor.py:161} INFO - Started process (PID=2357) to work on /home/ubuntu/airflow-venv/lib/python3.12/site-packages/airflow/example_dags/tutorial_objectstorage.py
[2024-08-03T08:38:23.311+0000] {processor.py:830} INFO - Processing file /home/ubuntu/airflow-venv/lib/python3.12/site-packages/airflow/example_dags/tutorial_objectstorage.py for tasks to queue
[2024-08-03T08:38:23.313+0000] {logging_mixin.py:188} INFO - [2024-08-03T08:38:23.312+0000] {dagbag.py:545} INFO - Filling up the DagBag from /home/ubuntu/airflow-venv/lib/python3.12/site-packages/airflow/example_dags/tutorial_objectstorage.py
[2024-08-03T08:38:23.321+0000] {processor.py:840} INFO - DAG(s) 'tutorial_objectstorage' retrieved from /home/ubuntu/airflow-venv/lib/python3.12/site-packages/airflow/example_dags/tutorial_objectstorage.py
[2024-08-03T08:38:23.337+0000] {logging_mixin.py:188} INFO - [2024-08-03T08:38:23.337+0000] {dag.py:3089} INFO - Sync 1 DAGs
[2024-08-03T08:38:23.350+0000] {logging_mixin.py:188} INFO - [2024-08-03T08:38:23.350+0000] {dag.py:3947} INFO - Setting next_dagrun for tutorial_objectstorage to None, run_after=None
[2024-08-03T08:38:23.374+0000] {processor.py:183} INFO - Processing /home/ubuntu/airflow-venv/lib/python3.12/site-packages/airflow/example_dags/tutorial_objectstorage.py took 0.071 seconds
[2024-08-03T08:39:26.009+0000] {processor.py:161} INFO - Started process (PID=2425) to work on /home/ubuntu/airflow-venv/lib/python3.12/site-packages/airflow/example_dags/tutorial_objectstorage.py
[2024-08-03T08:39:26.010+0000] {processor.py:830} INFO - Processing file /home/ubuntu/airflow-venv/lib/python3.12/site-packages/airflow/example_dags/tutorial_objectstorage.py for tasks to queue
[2024-08-03T08:39:26.012+0000] {logging_mixin.py:188} INFO - [2024-08-03T08:39:26.012+0000] {dagbag.py:545} INFO - Filling up the DagBag from /home/ubuntu/airflow-venv/lib/python3.12/site-packages/airflow/example_dags/tutorial_objectstorage.py
[2024-08-03T08:39:26.021+0000] {processor.py:840} INFO - DAG(s) 'tutorial_objectstorage' retrieved from /home/ubuntu/airflow-venv/lib/python3.12/site-packages/airflow/example_dags/tutorial_objectstorage.py
[2024-08-03T08:39:26.037+0000] {logging_mixin.py:188} INFO - [2024-08-03T08:39:26.037+0000] {dag.py:3089} INFO - Sync 1 DAGs
[2024-08-03T08:39:26.050+0000] {logging_mixin.py:188} INFO - [2024-08-03T08:39:26.050+0000] {dag.py:3947} INFO - Setting next_dagrun for tutorial_objectstorage to None, run_after=None
[2024-08-03T08:39:26.074+0000] {processor.py:183} INFO - Processing /home/ubuntu/airflow-venv/lib/python3.12/site-packages/airflow/example_dags/tutorial_objectstorage.py took 0.071 seconds
[2024-08-03T08:40:21.163+0000] {processor.py:161} INFO - Started process (PID=2492) to work on /home/ubuntu/airflow-venv/lib/python3.12/site-packages/airflow/example_dags/tutorial_objectstorage.py
[2024-08-03T08:40:21.165+0000] {processor.py:830} INFO - Processing file /home/ubuntu/airflow-venv/lib/python3.12/site-packages/airflow/example_dags/tutorial_objectstorage.py for tasks to queue
[2024-08-03T08:40:21.167+0000] {logging_mixin.py:188} INFO - [2024-08-03T08:40:21.167+0000] {dagbag.py:545} INFO - Filling up the DagBag from /home/ubuntu/airflow-venv/lib/python3.12/site-packages/airflow/example_dags/tutorial_objectstorage.py
[2024-08-03T08:40:21.175+0000] {processor.py:840} INFO - DAG(s) 'tutorial_objectstorage' retrieved from /home/ubuntu/airflow-venv/lib/python3.12/site-packages/airflow/example_dags/tutorial_objectstorage.py
[2024-08-03T08:40:21.191+0000] {logging_mixin.py:188} INFO - [2024-08-03T08:40:21.191+0000] {dag.py:3089} INFO - Sync 1 DAGs
[2024-08-03T08:40:21.204+0000] {logging_mixin.py:188} INFO - [2024-08-03T08:40:21.204+0000] {dag.py:3947} INFO - Setting next_dagrun for tutorial_objectstorage to None, run_after=None
[2024-08-03T08:40:21.229+0000] {processor.py:183} INFO - Processing /home/ubuntu/airflow-venv/lib/python3.12/site-packages/airflow/example_dags/tutorial_objectstorage.py took 0.072 seconds
[2024-08-03T08:41:11.211+0000] {processor.py:161} INFO - Started process (PID=2545) to work on /home/ubuntu/airflow-venv/lib/python3.12/site-packages/airflow/example_dags/tutorial_objectstorage.py
[2024-08-03T08:41:11.212+0000] {processor.py:830} INFO - Processing file /home/ubuntu/airflow-venv/lib/python3.12/site-packages/airflow/example_dags/tutorial_objectstorage.py for tasks to queue
[2024-08-03T08:41:11.214+0000] {logging_mixin.py:188} INFO - [2024-08-03T08:41:11.214+0000] {dagbag.py:545} INFO - Filling up the DagBag from /home/ubuntu/airflow-venv/lib/python3.12/site-packages/airflow/example_dags/tutorial_objectstorage.py
[2024-08-03T08:41:11.223+0000] {processor.py:840} INFO - DAG(s) 'tutorial_objectstorage' retrieved from /home/ubuntu/airflow-venv/lib/python3.12/site-packages/airflow/example_dags/tutorial_objectstorage.py
[2024-08-03T08:41:11.239+0000] {logging_mixin.py:188} INFO - [2024-08-03T08:41:11.238+0000] {dag.py:3089} INFO - Sync 1 DAGs
[2024-08-03T08:41:11.251+0000] {logging_mixin.py:188} INFO - [2024-08-03T08:41:11.251+0000] {dag.py:3947} INFO - Setting next_dagrun for tutorial_objectstorage to None, run_after=None
[2024-08-03T08:41:11.275+0000] {processor.py:183} INFO - Processing /home/ubuntu/airflow-venv/lib/python3.12/site-packages/airflow/example_dags/tutorial_objectstorage.py took 0.070 seconds
[2024-08-03T08:41:55.831+0000] {processor.py:161} INFO - Started process (PID=2594) to work on /home/ubuntu/airflow-venv/lib/python3.12/site-packages/airflow/example_dags/tutorial_objectstorage.py
[2024-08-03T08:41:55.832+0000] {processor.py:830} INFO - Processing file /home/ubuntu/airflow-venv/lib/python3.12/site-packages/airflow/example_dags/tutorial_objectstorage.py for tasks to queue
[2024-08-03T08:41:55.834+0000] {logging_mixin.py:188} INFO - [2024-08-03T08:41:55.833+0000] {dagbag.py:545} INFO - Filling up the DagBag from /home/ubuntu/airflow-venv/lib/python3.12/site-packages/airflow/example_dags/tutorial_objectstorage.py
[2024-08-03T08:41:55.842+0000] {processor.py:840} INFO - DAG(s) 'tutorial_objectstorage' retrieved from /home/ubuntu/airflow-venv/lib/python3.12/site-packages/airflow/example_dags/tutorial_objectstorage.py
[2024-08-03T08:41:55.858+0000] {logging_mixin.py:188} INFO - [2024-08-03T08:41:55.858+0000] {dag.py:3089} INFO - Sync 1 DAGs
[2024-08-03T08:41:55.870+0000] {logging_mixin.py:188} INFO - [2024-08-03T08:41:55.870+0000] {dag.py:3947} INFO - Setting next_dagrun for tutorial_objectstorage to None, run_after=None
[2024-08-03T08:41:55.894+0000] {processor.py:183} INFO - Processing /home/ubuntu/airflow-venv/lib/python3.12/site-packages/airflow/example_dags/tutorial_objectstorage.py took 0.069 seconds
[2024-08-03T08:42:42.342+0000] {processor.py:161} INFO - Started process (PID=2644) to work on /home/ubuntu/airflow-venv/lib/python3.12/site-packages/airflow/example_dags/tutorial_objectstorage.py
[2024-08-03T08:42:42.347+0000] {processor.py:830} INFO - Processing file /home/ubuntu/airflow-venv/lib/python3.12/site-packages/airflow/example_dags/tutorial_objectstorage.py for tasks to queue
[2024-08-03T08:42:42.348+0000] {logging_mixin.py:188} INFO - [2024-08-03T08:42:42.348+0000] {dagbag.py:545} INFO - Filling up the DagBag from /home/ubuntu/airflow-venv/lib/python3.12/site-packages/airflow/example_dags/tutorial_objectstorage.py
[2024-08-03T08:42:42.357+0000] {processor.py:840} INFO - DAG(s) 'tutorial_objectstorage' retrieved from /home/ubuntu/airflow-venv/lib/python3.12/site-packages/airflow/example_dags/tutorial_objectstorage.py
[2024-08-03T08:42:42.373+0000] {logging_mixin.py:188} INFO - [2024-08-03T08:42:42.373+0000] {dag.py:3089} INFO - Sync 1 DAGs
[2024-08-03T08:42:42.386+0000] {logging_mixin.py:188} INFO - [2024-08-03T08:42:42.386+0000] {dag.py:3947} INFO - Setting next_dagrun for tutorial_objectstorage to None, run_after=None
[2024-08-03T08:42:42.411+0000] {processor.py:183} INFO - Processing /home/ubuntu/airflow-venv/lib/python3.12/site-packages/airflow/example_dags/tutorial_objectstorage.py took 0.075 seconds
[2024-08-03T08:43:24.332+0000] {processor.py:161} INFO - Started process (PID=2691) to work on /home/ubuntu/airflow-venv/lib/python3.12/site-packages/airflow/example_dags/tutorial_objectstorage.py
[2024-08-03T08:43:24.334+0000] {processor.py:830} INFO - Processing file /home/ubuntu/airflow-venv/lib/python3.12/site-packages/airflow/example_dags/tutorial_objectstorage.py for tasks to queue
[2024-08-03T08:43:24.335+0000] {logging_mixin.py:188} INFO - [2024-08-03T08:43:24.335+0000] {dagbag.py:545} INFO - Filling up the DagBag from /home/ubuntu/airflow-venv/lib/python3.12/site-packages/airflow/example_dags/tutorial_objectstorage.py
[2024-08-03T08:43:24.344+0000] {processor.py:840} INFO - DAG(s) 'tutorial_objectstorage' retrieved from /home/ubuntu/airflow-venv/lib/python3.12/site-packages/airflow/example_dags/tutorial_objectstorage.py
[2024-08-03T08:43:24.359+0000] {logging_mixin.py:188} INFO - [2024-08-03T08:43:24.359+0000] {dag.py:3089} INFO - Sync 1 DAGs
[2024-08-03T08:43:24.372+0000] {logging_mixin.py:188} INFO - [2024-08-03T08:43:24.371+0000] {dag.py:3947} INFO - Setting next_dagrun for tutorial_objectstorage to None, run_after=None
[2024-08-03T08:43:24.395+0000] {processor.py:183} INFO - Processing /home/ubuntu/airflow-venv/lib/python3.12/site-packages/airflow/example_dags/tutorial_objectstorage.py took 0.068 seconds
[2024-08-03T08:44:06.423+0000] {processor.py:161} INFO - Started process (PID=2828) to work on /home/ubuntu/airflow-venv/lib/python3.12/site-packages/airflow/example_dags/tutorial_objectstorage.py
[2024-08-03T08:44:06.425+0000] {processor.py:830} INFO - Processing file /home/ubuntu/airflow-venv/lib/python3.12/site-packages/airflow/example_dags/tutorial_objectstorage.py for tasks to queue
[2024-08-03T08:44:06.427+0000] {logging_mixin.py:188} INFO - [2024-08-03T08:44:06.427+0000] {dagbag.py:545} INFO - Filling up the DagBag from /home/ubuntu/airflow-venv/lib/python3.12/site-packages/airflow/example_dags/tutorial_objectstorage.py
[2024-08-03T08:44:06.435+0000] {processor.py:840} INFO - DAG(s) 'tutorial_objectstorage' retrieved from /home/ubuntu/airflow-venv/lib/python3.12/site-packages/airflow/example_dags/tutorial_objectstorage.py
[2024-08-03T08:44:06.452+0000] {logging_mixin.py:188} INFO - [2024-08-03T08:44:06.452+0000] {dag.py:3089} INFO - Sync 1 DAGs
[2024-08-03T08:44:06.465+0000] {logging_mixin.py:188} INFO - [2024-08-03T08:44:06.464+0000] {dag.py:3947} INFO - Setting next_dagrun for tutorial_objectstorage to None, run_after=None
[2024-08-03T08:44:06.489+0000] {processor.py:183} INFO - Processing /home/ubuntu/airflow-venv/lib/python3.12/site-packages/airflow/example_dags/tutorial_objectstorage.py took 0.072 seconds
[2024-08-03T08:44:48.369+0000] {processor.py:161} INFO - Started process (PID=2943) to work on /home/ubuntu/airflow-venv/lib/python3.12/site-packages/airflow/example_dags/tutorial_objectstorage.py
[2024-08-03T08:44:48.371+0000] {processor.py:830} INFO - Processing file /home/ubuntu/airflow-venv/lib/python3.12/site-packages/airflow/example_dags/tutorial_objectstorage.py for tasks to queue
[2024-08-03T08:44:48.373+0000] {logging_mixin.py:188} INFO - [2024-08-03T08:44:48.372+0000] {dagbag.py:545} INFO - Filling up the DagBag from /home/ubuntu/airflow-venv/lib/python3.12/site-packages/airflow/example_dags/tutorial_objectstorage.py
[2024-08-03T08:44:48.381+0000] {processor.py:840} INFO - DAG(s) 'tutorial_objectstorage' retrieved from /home/ubuntu/airflow-venv/lib/python3.12/site-packages/airflow/example_dags/tutorial_objectstorage.py
[2024-08-03T08:44:48.397+0000] {logging_mixin.py:188} INFO - [2024-08-03T08:44:48.397+0000] {dag.py:3089} INFO - Sync 1 DAGs
[2024-08-03T08:44:48.409+0000] {logging_mixin.py:188} INFO - [2024-08-03T08:44:48.409+0000] {dag.py:3947} INFO - Setting next_dagrun for tutorial_objectstorage to None, run_after=None
[2024-08-03T08:44:48.432+0000] {processor.py:183} INFO - Processing /home/ubuntu/airflow-venv/lib/python3.12/site-packages/airflow/example_dags/tutorial_objectstorage.py took 0.069 seconds
[2024-08-03T08:45:33.105+0000] {processor.py:161} INFO - Started process (PID=3091) to work on /home/ubuntu/airflow-venv/lib/python3.12/site-packages/airflow/example_dags/tutorial_objectstorage.py
[2024-08-03T08:45:33.106+0000] {processor.py:830} INFO - Processing file /home/ubuntu/airflow-venv/lib/python3.12/site-packages/airflow/example_dags/tutorial_objectstorage.py for tasks to queue
[2024-08-03T08:45:33.108+0000] {logging_mixin.py:188} INFO - [2024-08-03T08:45:33.108+0000] {dagbag.py:545} INFO - Filling up the DagBag from /home/ubuntu/airflow-venv/lib/python3.12/site-packages/airflow/example_dags/tutorial_objectstorage.py
[2024-08-03T08:45:33.116+0000] {processor.py:840} INFO - DAG(s) 'tutorial_objectstorage' retrieved from /home/ubuntu/airflow-venv/lib/python3.12/site-packages/airflow/example_dags/tutorial_objectstorage.py
[2024-08-03T08:45:33.132+0000] {logging_mixin.py:188} INFO - [2024-08-03T08:45:33.132+0000] {dag.py:3089} INFO - Sync 1 DAGs
[2024-08-03T08:45:33.144+0000] {logging_mixin.py:188} INFO - [2024-08-03T08:45:33.144+0000] {dag.py:3947} INFO - Setting next_dagrun for tutorial_objectstorage to None, run_after=None
[2024-08-03T08:45:33.168+0000] {processor.py:183} INFO - Processing /home/ubuntu/airflow-venv/lib/python3.12/site-packages/airflow/example_dags/tutorial_objectstorage.py took 0.069 seconds
[2024-08-03T08:46:15.901+0000] {processor.py:161} INFO - Started process (PID=3139) to work on /home/ubuntu/airflow-venv/lib/python3.12/site-packages/airflow/example_dags/tutorial_objectstorage.py
[2024-08-03T08:46:15.903+0000] {processor.py:830} INFO - Processing file /home/ubuntu/airflow-venv/lib/python3.12/site-packages/airflow/example_dags/tutorial_objectstorage.py for tasks to queue
[2024-08-03T08:46:15.905+0000] {logging_mixin.py:188} INFO - [2024-08-03T08:46:15.904+0000] {dagbag.py:545} INFO - Filling up the DagBag from /home/ubuntu/airflow-venv/lib/python3.12/site-packages/airflow/example_dags/tutorial_objectstorage.py
[2024-08-03T08:46:15.913+0000] {processor.py:840} INFO - DAG(s) 'tutorial_objectstorage' retrieved from /home/ubuntu/airflow-venv/lib/python3.12/site-packages/airflow/example_dags/tutorial_objectstorage.py
[2024-08-03T08:46:15.929+0000] {logging_mixin.py:188} INFO - [2024-08-03T08:46:15.929+0000] {dag.py:3089} INFO - Sync 1 DAGs
[2024-08-03T08:46:15.941+0000] {logging_mixin.py:188} INFO - [2024-08-03T08:46:15.941+0000] {dag.py:3947} INFO - Setting next_dagrun for tutorial_objectstorage to None, run_after=None
[2024-08-03T08:46:15.964+0000] {processor.py:183} INFO - Processing /home/ubuntu/airflow-venv/lib/python3.12/site-packages/airflow/example_dags/tutorial_objectstorage.py took 0.069 seconds
[2024-08-03T08:46:58.224+0000] {processor.py:161} INFO - Started process (PID=3185) to work on /home/ubuntu/airflow-venv/lib/python3.12/site-packages/airflow/example_dags/tutorial_objectstorage.py
[2024-08-03T08:46:58.225+0000] {processor.py:830} INFO - Processing file /home/ubuntu/airflow-venv/lib/python3.12/site-packages/airflow/example_dags/tutorial_objectstorage.py for tasks to queue
[2024-08-03T08:46:58.227+0000] {logging_mixin.py:188} INFO - [2024-08-03T08:46:58.227+0000] {dagbag.py:545} INFO - Filling up the DagBag from /home/ubuntu/airflow-venv/lib/python3.12/site-packages/airflow/example_dags/tutorial_objectstorage.py
[2024-08-03T08:46:58.236+0000] {processor.py:840} INFO - DAG(s) 'tutorial_objectstorage' retrieved from /home/ubuntu/airflow-venv/lib/python3.12/site-packages/airflow/example_dags/tutorial_objectstorage.py
[2024-08-03T08:46:58.253+0000] {logging_mixin.py:188} INFO - [2024-08-03T08:46:58.253+0000] {dag.py:3089} INFO - Sync 1 DAGs
[2024-08-03T08:46:58.266+0000] {logging_mixin.py:188} INFO - [2024-08-03T08:46:58.266+0000] {dag.py:3947} INFO - Setting next_dagrun for tutorial_objectstorage to None, run_after=None
[2024-08-03T08:46:58.292+0000] {processor.py:183} INFO - Processing /home/ubuntu/airflow-venv/lib/python3.12/site-packages/airflow/example_dags/tutorial_objectstorage.py took 0.074 seconds
[2024-08-03T08:47:41.371+0000] {processor.py:161} INFO - Started process (PID=3660) to work on /home/ubuntu/airflow-venv/lib/python3.12/site-packages/airflow/example_dags/tutorial_objectstorage.py
[2024-08-03T08:47:41.373+0000] {processor.py:830} INFO - Processing file /home/ubuntu/airflow-venv/lib/python3.12/site-packages/airflow/example_dags/tutorial_objectstorage.py for tasks to queue
[2024-08-03T08:47:41.374+0000] {logging_mixin.py:188} INFO - [2024-08-03T08:47:41.374+0000] {dagbag.py:545} INFO - Filling up the DagBag from /home/ubuntu/airflow-venv/lib/python3.12/site-packages/airflow/example_dags/tutorial_objectstorage.py
[2024-08-03T08:47:41.383+0000] {processor.py:840} INFO - DAG(s) 'tutorial_objectstorage' retrieved from /home/ubuntu/airflow-venv/lib/python3.12/site-packages/airflow/example_dags/tutorial_objectstorage.py
[2024-08-03T08:47:41.399+0000] {logging_mixin.py:188} INFO - [2024-08-03T08:47:41.399+0000] {dag.py:3089} INFO - Sync 1 DAGs
[2024-08-03T08:47:41.411+0000] {logging_mixin.py:188} INFO - [2024-08-03T08:47:41.411+0000] {dag.py:3947} INFO - Setting next_dagrun for tutorial_objectstorage to None, run_after=None
[2024-08-03T08:47:41.436+0000] {processor.py:183} INFO - Processing /home/ubuntu/airflow-venv/lib/python3.12/site-packages/airflow/example_dags/tutorial_objectstorage.py took 0.070 seconds
[2024-08-03T08:48:25.820+0000] {processor.py:161} INFO - Started process (PID=3781) to work on /home/ubuntu/airflow-venv/lib/python3.12/site-packages/airflow/example_dags/tutorial_objectstorage.py
[2024-08-03T08:48:25.821+0000] {processor.py:830} INFO - Processing file /home/ubuntu/airflow-venv/lib/python3.12/site-packages/airflow/example_dags/tutorial_objectstorage.py for tasks to queue
[2024-08-03T08:48:25.823+0000] {logging_mixin.py:188} INFO - [2024-08-03T08:48:25.822+0000] {dagbag.py:545} INFO - Filling up the DagBag from /home/ubuntu/airflow-venv/lib/python3.12/site-packages/airflow/example_dags/tutorial_objectstorage.py
[2024-08-03T08:48:25.831+0000] {processor.py:840} INFO - DAG(s) 'tutorial_objectstorage' retrieved from /home/ubuntu/airflow-venv/lib/python3.12/site-packages/airflow/example_dags/tutorial_objectstorage.py
[2024-08-03T08:48:25.847+0000] {logging_mixin.py:188} INFO - [2024-08-03T08:48:25.847+0000] {dag.py:3089} INFO - Sync 1 DAGs
[2024-08-03T08:48:25.860+0000] {logging_mixin.py:188} INFO - [2024-08-03T08:48:25.860+0000] {dag.py:3947} INFO - Setting next_dagrun for tutorial_objectstorage to None, run_after=None
[2024-08-03T08:48:25.885+0000] {processor.py:183} INFO - Processing /home/ubuntu/airflow-venv/lib/python3.12/site-packages/airflow/example_dags/tutorial_objectstorage.py took 0.071 seconds
[2024-08-03T08:49:07.591+0000] {processor.py:161} INFO - Started process (PID=3887) to work on /home/ubuntu/airflow-venv/lib/python3.12/site-packages/airflow/example_dags/tutorial_objectstorage.py
[2024-08-03T08:49:07.592+0000] {processor.py:830} INFO - Processing file /home/ubuntu/airflow-venv/lib/python3.12/site-packages/airflow/example_dags/tutorial_objectstorage.py for tasks to queue
[2024-08-03T08:49:07.594+0000] {logging_mixin.py:188} INFO - [2024-08-03T08:49:07.594+0000] {dagbag.py:545} INFO - Filling up the DagBag from /home/ubuntu/airflow-venv/lib/python3.12/site-packages/airflow/example_dags/tutorial_objectstorage.py
[2024-08-03T08:49:07.603+0000] {processor.py:840} INFO - DAG(s) 'tutorial_objectstorage' retrieved from /home/ubuntu/airflow-venv/lib/python3.12/site-packages/airflow/example_dags/tutorial_objectstorage.py
[2024-08-03T08:49:07.619+0000] {logging_mixin.py:188} INFO - [2024-08-03T08:49:07.618+0000] {dag.py:3089} INFO - Sync 1 DAGs
[2024-08-03T08:49:07.631+0000] {logging_mixin.py:188} INFO - [2024-08-03T08:49:07.631+0000] {dag.py:3947} INFO - Setting next_dagrun for tutorial_objectstorage to None, run_after=None
[2024-08-03T08:49:07.656+0000] {processor.py:183} INFO - Processing /home/ubuntu/airflow-venv/lib/python3.12/site-packages/airflow/example_dags/tutorial_objectstorage.py took 0.071 seconds
[2024-08-03T08:49:51.366+0000] {processor.py:161} INFO - Started process (PID=4033) to work on /home/ubuntu/airflow-venv/lib/python3.12/site-packages/airflow/example_dags/tutorial_objectstorage.py
[2024-08-03T08:49:51.367+0000] {processor.py:830} INFO - Processing file /home/ubuntu/airflow-venv/lib/python3.12/site-packages/airflow/example_dags/tutorial_objectstorage.py for tasks to queue
[2024-08-03T08:49:51.369+0000] {logging_mixin.py:188} INFO - [2024-08-03T08:49:51.369+0000] {dagbag.py:545} INFO - Filling up the DagBag from /home/ubuntu/airflow-venv/lib/python3.12/site-packages/airflow/example_dags/tutorial_objectstorage.py
[2024-08-03T08:49:51.377+0000] {processor.py:840} INFO - DAG(s) 'tutorial_objectstorage' retrieved from /home/ubuntu/airflow-venv/lib/python3.12/site-packages/airflow/example_dags/tutorial_objectstorage.py
[2024-08-03T08:49:51.393+0000] {logging_mixin.py:188} INFO - [2024-08-03T08:49:51.393+0000] {dag.py:3089} INFO - Sync 1 DAGs
[2024-08-03T08:49:51.406+0000] {logging_mixin.py:188} INFO - [2024-08-03T08:49:51.406+0000] {dag.py:3947} INFO - Setting next_dagrun for tutorial_objectstorage to None, run_after=None
[2024-08-03T08:49:51.430+0000] {processor.py:183} INFO - Processing /home/ubuntu/airflow-venv/lib/python3.12/site-packages/airflow/example_dags/tutorial_objectstorage.py took 0.071 seconds
[2024-08-03T08:50:37.907+0000] {processor.py:161} INFO - Started process (PID=4484) to work on /home/ubuntu/airflow-venv/lib/python3.12/site-packages/airflow/example_dags/tutorial_objectstorage.py
[2024-08-03T08:50:37.909+0000] {processor.py:830} INFO - Processing file /home/ubuntu/airflow-venv/lib/python3.12/site-packages/airflow/example_dags/tutorial_objectstorage.py for tasks to queue
[2024-08-03T08:50:37.911+0000] {logging_mixin.py:188} INFO - [2024-08-03T08:50:37.911+0000] {dagbag.py:545} INFO - Filling up the DagBag from /home/ubuntu/airflow-venv/lib/python3.12/site-packages/airflow/example_dags/tutorial_objectstorage.py
[2024-08-03T08:50:37.919+0000] {processor.py:840} INFO - DAG(s) 'tutorial_objectstorage' retrieved from /home/ubuntu/airflow-venv/lib/python3.12/site-packages/airflow/example_dags/tutorial_objectstorage.py
[2024-08-03T08:50:37.935+0000] {logging_mixin.py:188} INFO - [2024-08-03T08:50:37.935+0000] {dag.py:3089} INFO - Sync 1 DAGs
[2024-08-03T08:50:37.948+0000] {logging_mixin.py:188} INFO - [2024-08-03T08:50:37.947+0000] {dag.py:3947} INFO - Setting next_dagrun for tutorial_objectstorage to None, run_after=None
[2024-08-03T08:50:37.973+0000] {processor.py:183} INFO - Processing /home/ubuntu/airflow-venv/lib/python3.12/site-packages/airflow/example_dags/tutorial_objectstorage.py took 0.073 seconds
[2024-08-03T08:51:28.959+0000] {processor.py:161} INFO - Started process (PID=4649) to work on /home/ubuntu/airflow-venv/lib/python3.12/site-packages/airflow/example_dags/tutorial_objectstorage.py
[2024-08-03T08:51:28.960+0000] {processor.py:830} INFO - Processing file /home/ubuntu/airflow-venv/lib/python3.12/site-packages/airflow/example_dags/tutorial_objectstorage.py for tasks to queue
[2024-08-03T08:51:28.962+0000] {logging_mixin.py:188} INFO - [2024-08-03T08:51:28.962+0000] {dagbag.py:545} INFO - Filling up the DagBag from /home/ubuntu/airflow-venv/lib/python3.12/site-packages/airflow/example_dags/tutorial_objectstorage.py
[2024-08-03T08:51:28.970+0000] {processor.py:840} INFO - DAG(s) 'tutorial_objectstorage' retrieved from /home/ubuntu/airflow-venv/lib/python3.12/site-packages/airflow/example_dags/tutorial_objectstorage.py
[2024-08-03T08:51:28.985+0000] {logging_mixin.py:188} INFO - [2024-08-03T08:51:28.985+0000] {dag.py:3089} INFO - Sync 1 DAGs
[2024-08-03T08:51:28.998+0000] {logging_mixin.py:188} INFO - [2024-08-03T08:51:28.997+0000] {dag.py:3947} INFO - Setting next_dagrun for tutorial_objectstorage to None, run_after=None
[2024-08-03T08:51:29.023+0000] {processor.py:183} INFO - Processing /home/ubuntu/airflow-venv/lib/python3.12/site-packages/airflow/example_dags/tutorial_objectstorage.py took 0.072 seconds
[2024-08-03T08:52:15.634+0000] {processor.py:161} INFO - Started process (PID=4727) to work on /home/ubuntu/airflow-venv/lib/python3.12/site-packages/airflow/example_dags/tutorial_objectstorage.py
[2024-08-03T08:52:15.636+0000] {processor.py:830} INFO - Processing file /home/ubuntu/airflow-venv/lib/python3.12/site-packages/airflow/example_dags/tutorial_objectstorage.py for tasks to queue
[2024-08-03T08:52:15.638+0000] {logging_mixin.py:188} INFO - [2024-08-03T08:52:15.637+0000] {dagbag.py:545} INFO - Filling up the DagBag from /home/ubuntu/airflow-venv/lib/python3.12/site-packages/airflow/example_dags/tutorial_objectstorage.py
[2024-08-03T08:52:15.646+0000] {processor.py:840} INFO - DAG(s) 'tutorial_objectstorage' retrieved from /home/ubuntu/airflow-venv/lib/python3.12/site-packages/airflow/example_dags/tutorial_objectstorage.py
[2024-08-03T08:52:15.662+0000] {logging_mixin.py:188} INFO - [2024-08-03T08:52:15.661+0000] {dag.py:3089} INFO - Sync 1 DAGs
[2024-08-03T08:52:15.674+0000] {logging_mixin.py:188} INFO - [2024-08-03T08:52:15.674+0000] {dag.py:3947} INFO - Setting next_dagrun for tutorial_objectstorage to None, run_after=None
[2024-08-03T08:52:15.697+0000] {processor.py:183} INFO - Processing /home/ubuntu/airflow-venv/lib/python3.12/site-packages/airflow/example_dags/tutorial_objectstorage.py took 0.070 seconds
[2024-08-03T08:52:58.877+0000] {processor.py:161} INFO - Started process (PID=4829) to work on /home/ubuntu/airflow-venv/lib/python3.12/site-packages/airflow/example_dags/tutorial_objectstorage.py
[2024-08-03T08:52:58.878+0000] {processor.py:830} INFO - Processing file /home/ubuntu/airflow-venv/lib/python3.12/site-packages/airflow/example_dags/tutorial_objectstorage.py for tasks to queue
[2024-08-03T08:52:58.880+0000] {logging_mixin.py:188} INFO - [2024-08-03T08:52:58.880+0000] {dagbag.py:545} INFO - Filling up the DagBag from /home/ubuntu/airflow-venv/lib/python3.12/site-packages/airflow/example_dags/tutorial_objectstorage.py
[2024-08-03T08:52:58.888+0000] {processor.py:840} INFO - DAG(s) 'tutorial_objectstorage' retrieved from /home/ubuntu/airflow-venv/lib/python3.12/site-packages/airflow/example_dags/tutorial_objectstorage.py
[2024-08-03T08:52:58.905+0000] {logging_mixin.py:188} INFO - [2024-08-03T08:52:58.904+0000] {dag.py:3089} INFO - Sync 1 DAGs
[2024-08-03T08:52:58.918+0000] {logging_mixin.py:188} INFO - [2024-08-03T08:52:58.917+0000] {dag.py:3947} INFO - Setting next_dagrun for tutorial_objectstorage to None, run_after=None
[2024-08-03T08:52:58.940+0000] {processor.py:183} INFO - Processing /home/ubuntu/airflow-venv/lib/python3.12/site-packages/airflow/example_dags/tutorial_objectstorage.py took 0.071 seconds
[2024-08-03T08:53:42.823+0000] {processor.py:161} INFO - Started process (PID=4883) to work on /home/ubuntu/airflow-venv/lib/python3.12/site-packages/airflow/example_dags/tutorial_objectstorage.py
[2024-08-03T08:53:42.825+0000] {processor.py:830} INFO - Processing file /home/ubuntu/airflow-venv/lib/python3.12/site-packages/airflow/example_dags/tutorial_objectstorage.py for tasks to queue
[2024-08-03T08:53:42.827+0000] {logging_mixin.py:188} INFO - [2024-08-03T08:53:42.827+0000] {dagbag.py:545} INFO - Filling up the DagBag from /home/ubuntu/airflow-venv/lib/python3.12/site-packages/airflow/example_dags/tutorial_objectstorage.py
[2024-08-03T08:53:42.835+0000] {processor.py:840} INFO - DAG(s) 'tutorial_objectstorage' retrieved from /home/ubuntu/airflow-venv/lib/python3.12/site-packages/airflow/example_dags/tutorial_objectstorage.py
[2024-08-03T08:53:42.851+0000] {logging_mixin.py:188} INFO - [2024-08-03T08:53:42.851+0000] {dag.py:3089} INFO - Sync 1 DAGs
[2024-08-03T08:53:42.864+0000] {logging_mixin.py:188} INFO - [2024-08-03T08:53:42.863+0000] {dag.py:3947} INFO - Setting next_dagrun for tutorial_objectstorage to None, run_after=None
[2024-08-03T08:53:42.888+0000] {processor.py:183} INFO - Processing /home/ubuntu/airflow-venv/lib/python3.12/site-packages/airflow/example_dags/tutorial_objectstorage.py took 0.072 seconds
[2024-08-03T08:54:28.287+0000] {processor.py:161} INFO - Started process (PID=4929) to work on /home/ubuntu/airflow-venv/lib/python3.12/site-packages/airflow/example_dags/tutorial_objectstorage.py
[2024-08-03T08:54:28.289+0000] {processor.py:830} INFO - Processing file /home/ubuntu/airflow-venv/lib/python3.12/site-packages/airflow/example_dags/tutorial_objectstorage.py for tasks to queue
[2024-08-03T08:54:28.291+0000] {logging_mixin.py:188} INFO - [2024-08-03T08:54:28.290+0000] {dagbag.py:545} INFO - Filling up the DagBag from /home/ubuntu/airflow-venv/lib/python3.12/site-packages/airflow/example_dags/tutorial_objectstorage.py
[2024-08-03T08:54:28.299+0000] {processor.py:840} INFO - DAG(s) 'tutorial_objectstorage' retrieved from /home/ubuntu/airflow-venv/lib/python3.12/site-packages/airflow/example_dags/tutorial_objectstorage.py
[2024-08-03T08:54:28.315+0000] {logging_mixin.py:188} INFO - [2024-08-03T08:54:28.315+0000] {dag.py:3089} INFO - Sync 1 DAGs
[2024-08-03T08:54:28.327+0000] {logging_mixin.py:188} INFO - [2024-08-03T08:54:28.327+0000] {dag.py:3947} INFO - Setting next_dagrun for tutorial_objectstorage to None, run_after=None
[2024-08-03T08:54:28.352+0000] {processor.py:183} INFO - Processing /home/ubuntu/airflow-venv/lib/python3.12/site-packages/airflow/example_dags/tutorial_objectstorage.py took 0.072 seconds
[2024-08-03T08:55:31.162+0000] {processor.py:161} INFO - Started process (PID=5005) to work on /home/ubuntu/airflow-venv/lib/python3.12/site-packages/airflow/example_dags/tutorial_objectstorage.py
[2024-08-03T08:55:31.164+0000] {processor.py:830} INFO - Processing file /home/ubuntu/airflow-venv/lib/python3.12/site-packages/airflow/example_dags/tutorial_objectstorage.py for tasks to queue
[2024-08-03T08:55:31.166+0000] {logging_mixin.py:188} INFO - [2024-08-03T08:55:31.165+0000] {dagbag.py:545} INFO - Filling up the DagBag from /home/ubuntu/airflow-venv/lib/python3.12/site-packages/airflow/example_dags/tutorial_objectstorage.py
[2024-08-03T08:55:31.173+0000] {processor.py:840} INFO - DAG(s) 'tutorial_objectstorage' retrieved from /home/ubuntu/airflow-venv/lib/python3.12/site-packages/airflow/example_dags/tutorial_objectstorage.py
[2024-08-03T08:55:31.189+0000] {logging_mixin.py:188} INFO - [2024-08-03T08:55:31.189+0000] {dag.py:3089} INFO - Sync 1 DAGs
[2024-08-03T08:55:31.324+0000] {logging_mixin.py:188} INFO - [2024-08-03T08:55:31.324+0000] {dag.py:3947} INFO - Setting next_dagrun for tutorial_objectstorage to None, run_after=None
[2024-08-03T08:55:31.347+0000] {processor.py:183} INFO - Processing /home/ubuntu/airflow-venv/lib/python3.12/site-packages/airflow/example_dags/tutorial_objectstorage.py took 0.192 seconds
[2024-08-03T08:56:35.023+0000] {processor.py:161} INFO - Started process (PID=5086) to work on /home/ubuntu/airflow-venv/lib/python3.12/site-packages/airflow/example_dags/tutorial_objectstorage.py
[2024-08-03T08:56:35.024+0000] {processor.py:830} INFO - Processing file /home/ubuntu/airflow-venv/lib/python3.12/site-packages/airflow/example_dags/tutorial_objectstorage.py for tasks to queue
[2024-08-03T08:56:35.026+0000] {logging_mixin.py:188} INFO - [2024-08-03T08:56:35.026+0000] {dagbag.py:545} INFO - Filling up the DagBag from /home/ubuntu/airflow-venv/lib/python3.12/site-packages/airflow/example_dags/tutorial_objectstorage.py
[2024-08-03T08:56:35.034+0000] {processor.py:840} INFO - DAG(s) 'tutorial_objectstorage' retrieved from /home/ubuntu/airflow-venv/lib/python3.12/site-packages/airflow/example_dags/tutorial_objectstorage.py
[2024-08-03T08:56:35.051+0000] {logging_mixin.py:188} INFO - [2024-08-03T08:56:35.050+0000] {dag.py:3089} INFO - Sync 1 DAGs
[2024-08-03T08:56:35.063+0000] {logging_mixin.py:188} INFO - [2024-08-03T08:56:35.063+0000] {dag.py:3947} INFO - Setting next_dagrun for tutorial_objectstorage to None, run_after=None
[2024-08-03T08:56:35.089+0000] {processor.py:183} INFO - Processing /home/ubuntu/airflow-venv/lib/python3.12/site-packages/airflow/example_dags/tutorial_objectstorage.py took 0.074 seconds
[2024-08-03T08:57:25.188+0000] {processor.py:161} INFO - Started process (PID=5198) to work on /home/ubuntu/airflow-venv/lib/python3.12/site-packages/airflow/example_dags/tutorial_objectstorage.py
[2024-08-03T08:57:25.189+0000] {processor.py:830} INFO - Processing file /home/ubuntu/airflow-venv/lib/python3.12/site-packages/airflow/example_dags/tutorial_objectstorage.py for tasks to queue
[2024-08-03T08:57:25.191+0000] {logging_mixin.py:188} INFO - [2024-08-03T08:57:25.191+0000] {dagbag.py:545} INFO - Filling up the DagBag from /home/ubuntu/airflow-venv/lib/python3.12/site-packages/airflow/example_dags/tutorial_objectstorage.py
[2024-08-03T08:57:25.199+0000] {processor.py:840} INFO - DAG(s) 'tutorial_objectstorage' retrieved from /home/ubuntu/airflow-venv/lib/python3.12/site-packages/airflow/example_dags/tutorial_objectstorage.py
[2024-08-03T08:57:25.215+0000] {logging_mixin.py:188} INFO - [2024-08-03T08:57:25.215+0000] {dag.py:3089} INFO - Sync 1 DAGs
[2024-08-03T08:57:25.227+0000] {logging_mixin.py:188} INFO - [2024-08-03T08:57:25.227+0000] {dag.py:3947} INFO - Setting next_dagrun for tutorial_objectstorage to None, run_after=None
[2024-08-03T08:57:25.251+0000] {processor.py:183} INFO - Processing /home/ubuntu/airflow-venv/lib/python3.12/site-packages/airflow/example_dags/tutorial_objectstorage.py took 0.070 seconds
[2024-08-03T08:58:16.328+0000] {processor.py:161} INFO - Started process (PID=5330) to work on /home/ubuntu/airflow-venv/lib/python3.12/site-packages/airflow/example_dags/tutorial_objectstorage.py
[2024-08-03T08:58:16.329+0000] {processor.py:830} INFO - Processing file /home/ubuntu/airflow-venv/lib/python3.12/site-packages/airflow/example_dags/tutorial_objectstorage.py for tasks to queue
[2024-08-03T08:58:16.331+0000] {logging_mixin.py:188} INFO - [2024-08-03T08:58:16.331+0000] {dagbag.py:545} INFO - Filling up the DagBag from /home/ubuntu/airflow-venv/lib/python3.12/site-packages/airflow/example_dags/tutorial_objectstorage.py
[2024-08-03T08:58:16.339+0000] {processor.py:840} INFO - DAG(s) 'tutorial_objectstorage' retrieved from /home/ubuntu/airflow-venv/lib/python3.12/site-packages/airflow/example_dags/tutorial_objectstorage.py
[2024-08-03T08:58:16.479+0000] {logging_mixin.py:188} INFO - [2024-08-03T08:58:16.479+0000] {dag.py:3089} INFO - Sync 1 DAGs
[2024-08-03T08:58:16.489+0000] {logging_mixin.py:188} INFO - [2024-08-03T08:58:16.489+0000] {dag.py:3947} INFO - Setting next_dagrun for tutorial_objectstorage to None, run_after=None
[2024-08-03T08:58:16.512+0000] {processor.py:183} INFO - Processing /home/ubuntu/airflow-venv/lib/python3.12/site-packages/airflow/example_dags/tutorial_objectstorage.py took 0.192 seconds
[2024-08-03T08:59:07.368+0000] {processor.py:161} INFO - Started process (PID=5443) to work on /home/ubuntu/airflow-venv/lib/python3.12/site-packages/airflow/example_dags/tutorial_objectstorage.py
[2024-08-03T08:59:07.369+0000] {processor.py:830} INFO - Processing file /home/ubuntu/airflow-venv/lib/python3.12/site-packages/airflow/example_dags/tutorial_objectstorage.py for tasks to queue
[2024-08-03T08:59:07.371+0000] {logging_mixin.py:188} INFO - [2024-08-03T08:59:07.370+0000] {dagbag.py:545} INFO - Filling up the DagBag from /home/ubuntu/airflow-venv/lib/python3.12/site-packages/airflow/example_dags/tutorial_objectstorage.py
[2024-08-03T08:59:07.379+0000] {processor.py:840} INFO - DAG(s) 'tutorial_objectstorage' retrieved from /home/ubuntu/airflow-venv/lib/python3.12/site-packages/airflow/example_dags/tutorial_objectstorage.py
[2024-08-03T08:59:07.396+0000] {logging_mixin.py:188} INFO - [2024-08-03T08:59:07.395+0000] {dag.py:3089} INFO - Sync 1 DAGs
[2024-08-03T08:59:07.409+0000] {logging_mixin.py:188} INFO - [2024-08-03T08:59:07.409+0000] {dag.py:3947} INFO - Setting next_dagrun for tutorial_objectstorage to None, run_after=None
[2024-08-03T08:59:07.444+0000] {processor.py:183} INFO - Processing /home/ubuntu/airflow-venv/lib/python3.12/site-packages/airflow/example_dags/tutorial_objectstorage.py took 0.085 seconds
[2024-08-03T08:59:56.030+0000] {processor.py:161} INFO - Started process (PID=5562) to work on /home/ubuntu/airflow-venv/lib/python3.12/site-packages/airflow/example_dags/tutorial_objectstorage.py
[2024-08-03T08:59:56.032+0000] {processor.py:830} INFO - Processing file /home/ubuntu/airflow-venv/lib/python3.12/site-packages/airflow/example_dags/tutorial_objectstorage.py for tasks to queue
[2024-08-03T08:59:56.033+0000] {logging_mixin.py:188} INFO - [2024-08-03T08:59:56.033+0000] {dagbag.py:545} INFO - Filling up the DagBag from /home/ubuntu/airflow-venv/lib/python3.12/site-packages/airflow/example_dags/tutorial_objectstorage.py
[2024-08-03T08:59:56.042+0000] {processor.py:840} INFO - DAG(s) 'tutorial_objectstorage' retrieved from /home/ubuntu/airflow-venv/lib/python3.12/site-packages/airflow/example_dags/tutorial_objectstorage.py
[2024-08-03T08:59:56.059+0000] {logging_mixin.py:188} INFO - [2024-08-03T08:59:56.058+0000] {dag.py:3089} INFO - Sync 1 DAGs
[2024-08-03T08:59:56.072+0000] {logging_mixin.py:188} INFO - [2024-08-03T08:59:56.072+0000] {dag.py:3947} INFO - Setting next_dagrun for tutorial_objectstorage to None, run_after=None
[2024-08-03T08:59:56.107+0000] {processor.py:183} INFO - Processing /home/ubuntu/airflow-venv/lib/python3.12/site-packages/airflow/example_dags/tutorial_objectstorage.py took 0.086 seconds
[2024-08-03T09:00:40.555+0000] {processor.py:161} INFO - Started process (PID=5777) to work on /home/ubuntu/airflow-venv/lib/python3.12/site-packages/airflow/example_dags/tutorial_objectstorage.py
[2024-08-03T09:00:40.557+0000] {processor.py:830} INFO - Processing file /home/ubuntu/airflow-venv/lib/python3.12/site-packages/airflow/example_dags/tutorial_objectstorage.py for tasks to queue
[2024-08-03T09:00:40.559+0000] {logging_mixin.py:188} INFO - [2024-08-03T09:00:40.558+0000] {dagbag.py:545} INFO - Filling up the DagBag from /home/ubuntu/airflow-venv/lib/python3.12/site-packages/airflow/example_dags/tutorial_objectstorage.py
[2024-08-03T09:00:40.567+0000] {processor.py:840} INFO - DAG(s) 'tutorial_objectstorage' retrieved from /home/ubuntu/airflow-venv/lib/python3.12/site-packages/airflow/example_dags/tutorial_objectstorage.py
[2024-08-03T09:00:40.583+0000] {logging_mixin.py:188} INFO - [2024-08-03T09:00:40.583+0000] {dag.py:3089} INFO - Sync 1 DAGs
[2024-08-03T09:00:40.596+0000] {logging_mixin.py:188} INFO - [2024-08-03T09:00:40.596+0000] {dag.py:3947} INFO - Setting next_dagrun for tutorial_objectstorage to None, run_after=None
[2024-08-03T09:00:40.620+0000] {processor.py:183} INFO - Processing /home/ubuntu/airflow-venv/lib/python3.12/site-packages/airflow/example_dags/tutorial_objectstorage.py took 0.073 seconds
[2024-08-03T09:01:20.298+0000] {processor.py:161} INFO - Started process (PID=5932) to work on /home/ubuntu/airflow-venv/lib/python3.12/site-packages/airflow/example_dags/tutorial_objectstorage.py
[2024-08-03T09:01:20.299+0000] {processor.py:830} INFO - Processing file /home/ubuntu/airflow-venv/lib/python3.12/site-packages/airflow/example_dags/tutorial_objectstorage.py for tasks to queue
[2024-08-03T09:01:20.301+0000] {logging_mixin.py:188} INFO - [2024-08-03T09:01:20.301+0000] {dagbag.py:545} INFO - Filling up the DagBag from /home/ubuntu/airflow-venv/lib/python3.12/site-packages/airflow/example_dags/tutorial_objectstorage.py
[2024-08-03T09:01:20.309+0000] {processor.py:840} INFO - DAG(s) 'tutorial_objectstorage' retrieved from /home/ubuntu/airflow-venv/lib/python3.12/site-packages/airflow/example_dags/tutorial_objectstorage.py
[2024-08-03T09:01:20.325+0000] {logging_mixin.py:188} INFO - [2024-08-03T09:01:20.325+0000] {dag.py:3089} INFO - Sync 1 DAGs
[2024-08-03T09:01:20.338+0000] {logging_mixin.py:188} INFO - [2024-08-03T09:01:20.338+0000] {dag.py:3947} INFO - Setting next_dagrun for tutorial_objectstorage to None, run_after=None
[2024-08-03T09:01:20.363+0000] {processor.py:183} INFO - Processing /home/ubuntu/airflow-venv/lib/python3.12/site-packages/airflow/example_dags/tutorial_objectstorage.py took 0.074 seconds
[2024-08-03T09:02:03.328+0000] {processor.py:161} INFO - Started process (PID=6134) to work on /home/ubuntu/airflow-venv/lib/python3.12/site-packages/airflow/example_dags/tutorial_objectstorage.py
[2024-08-03T09:02:03.330+0000] {processor.py:830} INFO - Processing file /home/ubuntu/airflow-venv/lib/python3.12/site-packages/airflow/example_dags/tutorial_objectstorage.py for tasks to queue
[2024-08-03T09:02:03.332+0000] {logging_mixin.py:188} INFO - [2024-08-03T09:02:03.331+0000] {dagbag.py:545} INFO - Filling up the DagBag from /home/ubuntu/airflow-venv/lib/python3.12/site-packages/airflow/example_dags/tutorial_objectstorage.py
[2024-08-03T09:02:03.340+0000] {processor.py:840} INFO - DAG(s) 'tutorial_objectstorage' retrieved from /home/ubuntu/airflow-venv/lib/python3.12/site-packages/airflow/example_dags/tutorial_objectstorage.py
[2024-08-03T09:02:03.357+0000] {logging_mixin.py:188} INFO - [2024-08-03T09:02:03.356+0000] {dag.py:3089} INFO - Sync 1 DAGs
[2024-08-03T09:02:03.370+0000] {logging_mixin.py:188} INFO - [2024-08-03T09:02:03.369+0000] {dag.py:3947} INFO - Setting next_dagrun for tutorial_objectstorage to None, run_after=None
[2024-08-03T09:02:03.397+0000] {processor.py:183} INFO - Processing /home/ubuntu/airflow-venv/lib/python3.12/site-packages/airflow/example_dags/tutorial_objectstorage.py took 0.078 seconds
[2024-08-03T09:02:46.747+0000] {processor.py:161} INFO - Started process (PID=6263) to work on /home/ubuntu/airflow-venv/lib/python3.12/site-packages/airflow/example_dags/tutorial_objectstorage.py
[2024-08-03T09:02:46.748+0000] {processor.py:830} INFO - Processing file /home/ubuntu/airflow-venv/lib/python3.12/site-packages/airflow/example_dags/tutorial_objectstorage.py for tasks to queue
[2024-08-03T09:02:46.750+0000] {logging_mixin.py:188} INFO - [2024-08-03T09:02:46.749+0000] {dagbag.py:545} INFO - Filling up the DagBag from /home/ubuntu/airflow-venv/lib/python3.12/site-packages/airflow/example_dags/tutorial_objectstorage.py
[2024-08-03T09:02:46.758+0000] {processor.py:840} INFO - DAG(s) 'tutorial_objectstorage' retrieved from /home/ubuntu/airflow-venv/lib/python3.12/site-packages/airflow/example_dags/tutorial_objectstorage.py
[2024-08-03T09:02:46.774+0000] {logging_mixin.py:188} INFO - [2024-08-03T09:02:46.774+0000] {dag.py:3089} INFO - Sync 1 DAGs
[2024-08-03T09:02:46.787+0000] {logging_mixin.py:188} INFO - [2024-08-03T09:02:46.787+0000] {dag.py:3947} INFO - Setting next_dagrun for tutorial_objectstorage to None, run_after=None
[2024-08-03T09:02:46.811+0000] {processor.py:183} INFO - Processing /home/ubuntu/airflow-venv/lib/python3.12/site-packages/airflow/example_dags/tutorial_objectstorage.py took 0.072 seconds
[2024-08-03T09:03:27.198+0000] {processor.py:161} INFO - Started process (PID=6377) to work on /home/ubuntu/airflow-venv/lib/python3.12/site-packages/airflow/example_dags/tutorial_objectstorage.py
[2024-08-03T09:03:27.199+0000] {processor.py:830} INFO - Processing file /home/ubuntu/airflow-venv/lib/python3.12/site-packages/airflow/example_dags/tutorial_objectstorage.py for tasks to queue
[2024-08-03T09:03:27.201+0000] {logging_mixin.py:188} INFO - [2024-08-03T09:03:27.200+0000] {dagbag.py:545} INFO - Filling up the DagBag from /home/ubuntu/airflow-venv/lib/python3.12/site-packages/airflow/example_dags/tutorial_objectstorage.py
[2024-08-03T09:03:27.209+0000] {processor.py:840} INFO - DAG(s) 'tutorial_objectstorage' retrieved from /home/ubuntu/airflow-venv/lib/python3.12/site-packages/airflow/example_dags/tutorial_objectstorage.py
[2024-08-03T09:03:27.226+0000] {logging_mixin.py:188} INFO - [2024-08-03T09:03:27.226+0000] {dag.py:3089} INFO - Sync 1 DAGs
[2024-08-03T09:03:27.239+0000] {logging_mixin.py:188} INFO - [2024-08-03T09:03:27.239+0000] {dag.py:3947} INFO - Setting next_dagrun for tutorial_objectstorage to None, run_after=None
[2024-08-03T09:03:27.264+0000] {processor.py:183} INFO - Processing /home/ubuntu/airflow-venv/lib/python3.12/site-packages/airflow/example_dags/tutorial_objectstorage.py took 0.075 seconds
[2024-08-03T09:04:07.552+0000] {processor.py:161} INFO - Started process (PID=6487) to work on /home/ubuntu/airflow-venv/lib/python3.12/site-packages/airflow/example_dags/tutorial_objectstorage.py
[2024-08-03T09:04:07.554+0000] {processor.py:830} INFO - Processing file /home/ubuntu/airflow-venv/lib/python3.12/site-packages/airflow/example_dags/tutorial_objectstorage.py for tasks to queue
[2024-08-03T09:04:07.555+0000] {logging_mixin.py:188} INFO - [2024-08-03T09:04:07.555+0000] {dagbag.py:545} INFO - Filling up the DagBag from /home/ubuntu/airflow-venv/lib/python3.12/site-packages/airflow/example_dags/tutorial_objectstorage.py
[2024-08-03T09:04:07.564+0000] {processor.py:840} INFO - DAG(s) 'tutorial_objectstorage' retrieved from /home/ubuntu/airflow-venv/lib/python3.12/site-packages/airflow/example_dags/tutorial_objectstorage.py
[2024-08-03T09:04:07.582+0000] {logging_mixin.py:188} INFO - [2024-08-03T09:04:07.582+0000] {dag.py:3089} INFO - Sync 1 DAGs
[2024-08-03T09:04:07.595+0000] {logging_mixin.py:188} INFO - [2024-08-03T09:04:07.595+0000] {dag.py:3947} INFO - Setting next_dagrun for tutorial_objectstorage to None, run_after=None
[2024-08-03T09:04:07.619+0000] {processor.py:183} INFO - Processing /home/ubuntu/airflow-venv/lib/python3.12/site-packages/airflow/example_dags/tutorial_objectstorage.py took 0.076 seconds
[2024-08-03T09:04:49.422+0000] {processor.py:161} INFO - Started process (PID=6545) to work on /home/ubuntu/airflow-venv/lib/python3.12/site-packages/airflow/example_dags/tutorial_objectstorage.py
[2024-08-03T09:04:49.423+0000] {processor.py:830} INFO - Processing file /home/ubuntu/airflow-venv/lib/python3.12/site-packages/airflow/example_dags/tutorial_objectstorage.py for tasks to queue
[2024-08-03T09:04:49.425+0000] {logging_mixin.py:188} INFO - [2024-08-03T09:04:49.425+0000] {dagbag.py:545} INFO - Filling up the DagBag from /home/ubuntu/airflow-venv/lib/python3.12/site-packages/airflow/example_dags/tutorial_objectstorage.py
[2024-08-03T09:04:49.433+0000] {processor.py:840} INFO - DAG(s) 'tutorial_objectstorage' retrieved from /home/ubuntu/airflow-venv/lib/python3.12/site-packages/airflow/example_dags/tutorial_objectstorage.py
[2024-08-03T09:04:49.450+0000] {logging_mixin.py:188} INFO - [2024-08-03T09:04:49.449+0000] {dag.py:3089} INFO - Sync 1 DAGs
[2024-08-03T09:04:49.462+0000] {logging_mixin.py:188} INFO - [2024-08-03T09:04:49.462+0000] {dag.py:3947} INFO - Setting next_dagrun for tutorial_objectstorage to None, run_after=None
[2024-08-03T09:04:49.487+0000] {processor.py:183} INFO - Processing /home/ubuntu/airflow-venv/lib/python3.12/site-packages/airflow/example_dags/tutorial_objectstorage.py took 0.074 seconds
[2024-08-03T09:05:34.367+0000] {processor.py:161} INFO - Started process (PID=6624) to work on /home/ubuntu/airflow-venv/lib/python3.12/site-packages/airflow/example_dags/tutorial_objectstorage.py
[2024-08-03T09:05:34.368+0000] {processor.py:830} INFO - Processing file /home/ubuntu/airflow-venv/lib/python3.12/site-packages/airflow/example_dags/tutorial_objectstorage.py for tasks to queue
[2024-08-03T09:05:34.370+0000] {logging_mixin.py:188} INFO - [2024-08-03T09:05:34.369+0000] {dagbag.py:545} INFO - Filling up the DagBag from /home/ubuntu/airflow-venv/lib/python3.12/site-packages/airflow/example_dags/tutorial_objectstorage.py
[2024-08-03T09:05:34.378+0000] {processor.py:840} INFO - DAG(s) 'tutorial_objectstorage' retrieved from /home/ubuntu/airflow-venv/lib/python3.12/site-packages/airflow/example_dags/tutorial_objectstorage.py
[2024-08-03T09:05:34.394+0000] {logging_mixin.py:188} INFO - [2024-08-03T09:05:34.394+0000] {dag.py:3089} INFO - Sync 1 DAGs
[2024-08-03T09:05:34.407+0000] {logging_mixin.py:188} INFO - [2024-08-03T09:05:34.406+0000] {dag.py:3947} INFO - Setting next_dagrun for tutorial_objectstorage to None, run_after=None
[2024-08-03T09:05:34.430+0000] {processor.py:183} INFO - Processing /home/ubuntu/airflow-venv/lib/python3.12/site-packages/airflow/example_dags/tutorial_objectstorage.py took 0.072 seconds
[2024-08-03T09:06:17.512+0000] {processor.py:161} INFO - Started process (PID=6825) to work on /home/ubuntu/airflow-venv/lib/python3.12/site-packages/airflow/example_dags/tutorial_objectstorage.py
[2024-08-03T09:06:17.514+0000] {processor.py:830} INFO - Processing file /home/ubuntu/airflow-venv/lib/python3.12/site-packages/airflow/example_dags/tutorial_objectstorage.py for tasks to queue
[2024-08-03T09:06:17.516+0000] {logging_mixin.py:188} INFO - [2024-08-03T09:06:17.515+0000] {dagbag.py:545} INFO - Filling up the DagBag from /home/ubuntu/airflow-venv/lib/python3.12/site-packages/airflow/example_dags/tutorial_objectstorage.py
[2024-08-03T09:06:17.524+0000] {processor.py:840} INFO - DAG(s) 'tutorial_objectstorage' retrieved from /home/ubuntu/airflow-venv/lib/python3.12/site-packages/airflow/example_dags/tutorial_objectstorage.py
[2024-08-03T09:06:17.540+0000] {logging_mixin.py:188} INFO - [2024-08-03T09:06:17.540+0000] {dag.py:3089} INFO - Sync 1 DAGs
[2024-08-03T09:06:17.554+0000] {logging_mixin.py:188} INFO - [2024-08-03T09:06:17.553+0000] {dag.py:3947} INFO - Setting next_dagrun for tutorial_objectstorage to None, run_after=None
[2024-08-03T09:06:17.579+0000] {processor.py:183} INFO - Processing /home/ubuntu/airflow-venv/lib/python3.12/site-packages/airflow/example_dags/tutorial_objectstorage.py took 0.075 seconds
[2024-08-03T09:07:02.382+0000] {processor.py:161} INFO - Started process (PID=7012) to work on /home/ubuntu/airflow-venv/lib/python3.12/site-packages/airflow/example_dags/tutorial_objectstorage.py
[2024-08-03T09:07:02.383+0000] {processor.py:830} INFO - Processing file /home/ubuntu/airflow-venv/lib/python3.12/site-packages/airflow/example_dags/tutorial_objectstorage.py for tasks to queue
[2024-08-03T09:07:02.385+0000] {logging_mixin.py:188} INFO - [2024-08-03T09:07:02.385+0000] {dagbag.py:545} INFO - Filling up the DagBag from /home/ubuntu/airflow-venv/lib/python3.12/site-packages/airflow/example_dags/tutorial_objectstorage.py
[2024-08-03T09:07:02.393+0000] {processor.py:840} INFO - DAG(s) 'tutorial_objectstorage' retrieved from /home/ubuntu/airflow-venv/lib/python3.12/site-packages/airflow/example_dags/tutorial_objectstorage.py
[2024-08-03T09:07:02.410+0000] {logging_mixin.py:188} INFO - [2024-08-03T09:07:02.409+0000] {dag.py:3089} INFO - Sync 1 DAGs
[2024-08-03T09:07:02.422+0000] {logging_mixin.py:188} INFO - [2024-08-03T09:07:02.422+0000] {dag.py:3947} INFO - Setting next_dagrun for tutorial_objectstorage to None, run_after=None
[2024-08-03T09:07:02.447+0000] {processor.py:183} INFO - Processing /home/ubuntu/airflow-venv/lib/python3.12/site-packages/airflow/example_dags/tutorial_objectstorage.py took 0.073 seconds
[2024-08-03T09:07:47.082+0000] {processor.py:161} INFO - Started process (PID=7173) to work on /home/ubuntu/airflow-venv/lib/python3.12/site-packages/airflow/example_dags/tutorial_objectstorage.py
[2024-08-03T09:07:47.084+0000] {processor.py:830} INFO - Processing file /home/ubuntu/airflow-venv/lib/python3.12/site-packages/airflow/example_dags/tutorial_objectstorage.py for tasks to queue
[2024-08-03T09:07:47.086+0000] {logging_mixin.py:188} INFO - [2024-08-03T09:07:47.085+0000] {dagbag.py:545} INFO - Filling up the DagBag from /home/ubuntu/airflow-venv/lib/python3.12/site-packages/airflow/example_dags/tutorial_objectstorage.py
[2024-08-03T09:07:47.094+0000] {processor.py:840} INFO - DAG(s) 'tutorial_objectstorage' retrieved from /home/ubuntu/airflow-venv/lib/python3.12/site-packages/airflow/example_dags/tutorial_objectstorage.py
[2024-08-03T09:07:47.110+0000] {logging_mixin.py:188} INFO - [2024-08-03T09:07:47.110+0000] {dag.py:3089} INFO - Sync 1 DAGs
[2024-08-03T09:07:47.123+0000] {logging_mixin.py:188} INFO - [2024-08-03T09:07:47.123+0000] {dag.py:3947} INFO - Setting next_dagrun for tutorial_objectstorage to None, run_after=None
[2024-08-03T09:07:47.148+0000] {processor.py:183} INFO - Processing /home/ubuntu/airflow-venv/lib/python3.12/site-packages/airflow/example_dags/tutorial_objectstorage.py took 0.074 seconds
[2024-08-03T09:08:30.577+0000] {processor.py:161} INFO - Started process (PID=7349) to work on /home/ubuntu/airflow-venv/lib/python3.12/site-packages/airflow/example_dags/tutorial_objectstorage.py
[2024-08-03T09:08:30.579+0000] {processor.py:830} INFO - Processing file /home/ubuntu/airflow-venv/lib/python3.12/site-packages/airflow/example_dags/tutorial_objectstorage.py for tasks to queue
[2024-08-03T09:08:30.581+0000] {logging_mixin.py:188} INFO - [2024-08-03T09:08:30.580+0000] {dagbag.py:545} INFO - Filling up the DagBag from /home/ubuntu/airflow-venv/lib/python3.12/site-packages/airflow/example_dags/tutorial_objectstorage.py
[2024-08-03T09:08:30.589+0000] {processor.py:840} INFO - DAG(s) 'tutorial_objectstorage' retrieved from /home/ubuntu/airflow-venv/lib/python3.12/site-packages/airflow/example_dags/tutorial_objectstorage.py
[2024-08-03T09:08:30.606+0000] {logging_mixin.py:188} INFO - [2024-08-03T09:08:30.605+0000] {dag.py:3089} INFO - Sync 1 DAGs
[2024-08-03T09:08:30.619+0000] {logging_mixin.py:188} INFO - [2024-08-03T09:08:30.619+0000] {dag.py:3947} INFO - Setting next_dagrun for tutorial_objectstorage to None, run_after=None
[2024-08-03T09:08:30.644+0000] {processor.py:183} INFO - Processing /home/ubuntu/airflow-venv/lib/python3.12/site-packages/airflow/example_dags/tutorial_objectstorage.py took 0.075 seconds
[2024-08-03T09:09:12.475+0000] {processor.py:161} INFO - Started process (PID=7579) to work on /home/ubuntu/airflow-venv/lib/python3.12/site-packages/airflow/example_dags/tutorial_objectstorage.py
[2024-08-03T09:09:12.477+0000] {processor.py:830} INFO - Processing file /home/ubuntu/airflow-venv/lib/python3.12/site-packages/airflow/example_dags/tutorial_objectstorage.py for tasks to queue
[2024-08-03T09:09:12.479+0000] {logging_mixin.py:188} INFO - [2024-08-03T09:09:12.478+0000] {dagbag.py:545} INFO - Filling up the DagBag from /home/ubuntu/airflow-venv/lib/python3.12/site-packages/airflow/example_dags/tutorial_objectstorage.py
[2024-08-03T09:09:12.487+0000] {processor.py:840} INFO - DAG(s) 'tutorial_objectstorage' retrieved from /home/ubuntu/airflow-venv/lib/python3.12/site-packages/airflow/example_dags/tutorial_objectstorage.py
[2024-08-03T09:09:12.504+0000] {logging_mixin.py:188} INFO - [2024-08-03T09:09:12.503+0000] {dag.py:3089} INFO - Sync 1 DAGs
[2024-08-03T09:09:12.516+0000] {logging_mixin.py:188} INFO - [2024-08-03T09:09:12.516+0000] {dag.py:3947} INFO - Setting next_dagrun for tutorial_objectstorage to None, run_after=None
[2024-08-03T09:09:12.543+0000] {processor.py:183} INFO - Processing /home/ubuntu/airflow-venv/lib/python3.12/site-packages/airflow/example_dags/tutorial_objectstorage.py took 0.076 seconds
[2024-08-03T09:09:55.166+0000] {processor.py:161} INFO - Started process (PID=7751) to work on /home/ubuntu/airflow-venv/lib/python3.12/site-packages/airflow/example_dags/tutorial_objectstorage.py
[2024-08-03T09:09:55.167+0000] {processor.py:830} INFO - Processing file /home/ubuntu/airflow-venv/lib/python3.12/site-packages/airflow/example_dags/tutorial_objectstorage.py for tasks to queue
[2024-08-03T09:09:55.169+0000] {logging_mixin.py:188} INFO - [2024-08-03T09:09:55.168+0000] {dagbag.py:545} INFO - Filling up the DagBag from /home/ubuntu/airflow-venv/lib/python3.12/site-packages/airflow/example_dags/tutorial_objectstorage.py
[2024-08-03T09:09:55.177+0000] {processor.py:840} INFO - DAG(s) 'tutorial_objectstorage' retrieved from /home/ubuntu/airflow-venv/lib/python3.12/site-packages/airflow/example_dags/tutorial_objectstorage.py
[2024-08-03T09:09:55.193+0000] {logging_mixin.py:188} INFO - [2024-08-03T09:09:55.193+0000] {dag.py:3089} INFO - Sync 1 DAGs
[2024-08-03T09:09:55.206+0000] {logging_mixin.py:188} INFO - [2024-08-03T09:09:55.205+0000] {dag.py:3947} INFO - Setting next_dagrun for tutorial_objectstorage to None, run_after=None
[2024-08-03T09:09:55.231+0000] {processor.py:183} INFO - Processing /home/ubuntu/airflow-venv/lib/python3.12/site-packages/airflow/example_dags/tutorial_objectstorage.py took 0.073 seconds
[2024-08-03T09:10:36.674+0000] {processor.py:161} INFO - Started process (PID=7883) to work on /home/ubuntu/airflow-venv/lib/python3.12/site-packages/airflow/example_dags/tutorial_objectstorage.py
[2024-08-03T09:10:36.676+0000] {processor.py:830} INFO - Processing file /home/ubuntu/airflow-venv/lib/python3.12/site-packages/airflow/example_dags/tutorial_objectstorage.py for tasks to queue
[2024-08-03T09:10:36.678+0000] {logging_mixin.py:188} INFO - [2024-08-03T09:10:36.677+0000] {dagbag.py:545} INFO - Filling up the DagBag from /home/ubuntu/airflow-venv/lib/python3.12/site-packages/airflow/example_dags/tutorial_objectstorage.py
[2024-08-03T09:10:36.686+0000] {processor.py:840} INFO - DAG(s) 'tutorial_objectstorage' retrieved from /home/ubuntu/airflow-venv/lib/python3.12/site-packages/airflow/example_dags/tutorial_objectstorage.py
[2024-08-03T09:10:36.702+0000] {logging_mixin.py:188} INFO - [2024-08-03T09:10:36.702+0000] {dag.py:3089} INFO - Sync 1 DAGs
[2024-08-03T09:10:36.715+0000] {logging_mixin.py:188} INFO - [2024-08-03T09:10:36.714+0000] {dag.py:3947} INFO - Setting next_dagrun for tutorial_objectstorage to None, run_after=None
[2024-08-03T09:10:36.739+0000] {processor.py:183} INFO - Processing /home/ubuntu/airflow-venv/lib/python3.12/site-packages/airflow/example_dags/tutorial_objectstorage.py took 0.073 seconds
[2024-08-03T09:11:17.324+0000] {processor.py:161} INFO - Started process (PID=7996) to work on /home/ubuntu/airflow-venv/lib/python3.12/site-packages/airflow/example_dags/tutorial_objectstorage.py
[2024-08-03T09:11:17.325+0000] {processor.py:830} INFO - Processing file /home/ubuntu/airflow-venv/lib/python3.12/site-packages/airflow/example_dags/tutorial_objectstorage.py for tasks to queue
[2024-08-03T09:11:17.327+0000] {logging_mixin.py:188} INFO - [2024-08-03T09:11:17.327+0000] {dagbag.py:545} INFO - Filling up the DagBag from /home/ubuntu/airflow-venv/lib/python3.12/site-packages/airflow/example_dags/tutorial_objectstorage.py
[2024-08-03T09:11:17.335+0000] {processor.py:840} INFO - DAG(s) 'tutorial_objectstorage' retrieved from /home/ubuntu/airflow-venv/lib/python3.12/site-packages/airflow/example_dags/tutorial_objectstorage.py
[2024-08-03T09:11:17.352+0000] {logging_mixin.py:188} INFO - [2024-08-03T09:11:17.351+0000] {dag.py:3089} INFO - Sync 1 DAGs
[2024-08-03T09:11:17.365+0000] {logging_mixin.py:188} INFO - [2024-08-03T09:11:17.365+0000] {dag.py:3947} INFO - Setting next_dagrun for tutorial_objectstorage to None, run_after=None
[2024-08-03T09:11:17.389+0000] {processor.py:183} INFO - Processing /home/ubuntu/airflow-venv/lib/python3.12/site-packages/airflow/example_dags/tutorial_objectstorage.py took 0.073 seconds
[2024-08-03T09:11:59.762+0000] {processor.py:161} INFO - Started process (PID=8084) to work on /home/ubuntu/airflow-venv/lib/python3.12/site-packages/airflow/example_dags/tutorial_objectstorage.py
[2024-08-03T09:11:59.764+0000] {processor.py:830} INFO - Processing file /home/ubuntu/airflow-venv/lib/python3.12/site-packages/airflow/example_dags/tutorial_objectstorage.py for tasks to queue
[2024-08-03T09:11:59.765+0000] {logging_mixin.py:188} INFO - [2024-08-03T09:11:59.765+0000] {dagbag.py:545} INFO - Filling up the DagBag from /home/ubuntu/airflow-venv/lib/python3.12/site-packages/airflow/example_dags/tutorial_objectstorage.py
[2024-08-03T09:11:59.773+0000] {processor.py:840} INFO - DAG(s) 'tutorial_objectstorage' retrieved from /home/ubuntu/airflow-venv/lib/python3.12/site-packages/airflow/example_dags/tutorial_objectstorage.py
[2024-08-03T09:11:59.789+0000] {logging_mixin.py:188} INFO - [2024-08-03T09:11:59.789+0000] {dag.py:3089} INFO - Sync 1 DAGs
[2024-08-03T09:11:59.801+0000] {logging_mixin.py:188} INFO - [2024-08-03T09:11:59.801+0000] {dag.py:3947} INFO - Setting next_dagrun for tutorial_objectstorage to None, run_after=None
[2024-08-03T09:11:59.826+0000] {processor.py:183} INFO - Processing /home/ubuntu/airflow-venv/lib/python3.12/site-packages/airflow/example_dags/tutorial_objectstorage.py took 0.072 seconds
[2024-08-03T09:12:40.132+0000] {processor.py:161} INFO - Started process (PID=8282) to work on /home/ubuntu/airflow-venv/lib/python3.12/site-packages/airflow/example_dags/tutorial_objectstorage.py
[2024-08-03T09:12:40.134+0000] {processor.py:830} INFO - Processing file /home/ubuntu/airflow-venv/lib/python3.12/site-packages/airflow/example_dags/tutorial_objectstorage.py for tasks to queue
[2024-08-03T09:12:40.135+0000] {logging_mixin.py:188} INFO - [2024-08-03T09:12:40.135+0000] {dagbag.py:545} INFO - Filling up the DagBag from /home/ubuntu/airflow-venv/lib/python3.12/site-packages/airflow/example_dags/tutorial_objectstorage.py
[2024-08-03T09:12:40.144+0000] {processor.py:840} INFO - DAG(s) 'tutorial_objectstorage' retrieved from /home/ubuntu/airflow-venv/lib/python3.12/site-packages/airflow/example_dags/tutorial_objectstorage.py
[2024-08-03T09:12:40.161+0000] {logging_mixin.py:188} INFO - [2024-08-03T09:12:40.161+0000] {dag.py:3089} INFO - Sync 1 DAGs
[2024-08-03T09:12:40.176+0000] {logging_mixin.py:188} INFO - [2024-08-03T09:12:40.176+0000] {dag.py:3947} INFO - Setting next_dagrun for tutorial_objectstorage to None, run_after=None
[2024-08-03T09:12:40.202+0000] {processor.py:183} INFO - Processing /home/ubuntu/airflow-venv/lib/python3.12/site-packages/airflow/example_dags/tutorial_objectstorage.py took 0.078 seconds
[2024-08-03T09:13:24.147+0000] {processor.py:161} INFO - Started process (PID=8562) to work on /home/ubuntu/airflow-venv/lib/python3.12/site-packages/airflow/example_dags/tutorial_objectstorage.py
[2024-08-03T09:13:24.149+0000] {processor.py:830} INFO - Processing file /home/ubuntu/airflow-venv/lib/python3.12/site-packages/airflow/example_dags/tutorial_objectstorage.py for tasks to queue
[2024-08-03T09:13:24.150+0000] {logging_mixin.py:188} INFO - [2024-08-03T09:13:24.150+0000] {dagbag.py:545} INFO - Filling up the DagBag from /home/ubuntu/airflow-venv/lib/python3.12/site-packages/airflow/example_dags/tutorial_objectstorage.py
[2024-08-03T09:13:24.158+0000] {processor.py:840} INFO - DAG(s) 'tutorial_objectstorage' retrieved from /home/ubuntu/airflow-venv/lib/python3.12/site-packages/airflow/example_dags/tutorial_objectstorage.py
[2024-08-03T09:13:24.174+0000] {logging_mixin.py:188} INFO - [2024-08-03T09:13:24.174+0000] {dag.py:3089} INFO - Sync 1 DAGs
[2024-08-03T09:13:24.187+0000] {logging_mixin.py:188} INFO - [2024-08-03T09:13:24.187+0000] {dag.py:3947} INFO - Setting next_dagrun for tutorial_objectstorage to None, run_after=None
[2024-08-03T09:13:24.213+0000] {processor.py:183} INFO - Processing /home/ubuntu/airflow-venv/lib/python3.12/site-packages/airflow/example_dags/tutorial_objectstorage.py took 0.075 seconds
