[2024-08-03T08:30:17.460+0000] {processor.py:161} INFO - Started process (PID=1798) to work on /home/ubuntu/airflow-venv/lib/python3.12/site-packages/airflow/example_dags/tutorial_dag.py
[2024-08-03T08:30:17.461+0000] {processor.py:830} INFO - Processing file /home/ubuntu/airflow-venv/lib/python3.12/site-packages/airflow/example_dags/tutorial_dag.py for tasks to queue
[2024-08-03T08:30:17.463+0000] {logging_mixin.py:188} INFO - [2024-08-03T08:30:17.463+0000] {dagbag.py:545} INFO - Filling up the DagBag from /home/ubuntu/airflow-venv/lib/python3.12/site-packages/airflow/example_dags/tutorial_dag.py
[2024-08-03T08:30:17.472+0000] {processor.py:840} INFO - DAG(s) 'tutorial_dag' retrieved from /home/ubuntu/airflow-venv/lib/python3.12/site-packages/airflow/example_dags/tutorial_dag.py
[2024-08-03T08:30:17.581+0000] {logging_mixin.py:188} INFO - [2024-08-03T08:30:17.580+0000] {dag.py:3089} INFO - Sync 1 DAGs
[2024-08-03T08:30:17.590+0000] {logging_mixin.py:188} INFO - [2024-08-03T08:30:17.590+0000] {dag.py:3947} INFO - Setting next_dagrun for tutorial_dag to None, run_after=None
[2024-08-03T08:30:17.617+0000] {processor.py:183} INFO - Processing /home/ubuntu/airflow-venv/lib/python3.12/site-packages/airflow/example_dags/tutorial_dag.py took 0.163 seconds
[2024-08-03T08:31:16.034+0000] {processor.py:161} INFO - Started process (PID=1854) to work on /home/ubuntu/airflow-venv/lib/python3.12/site-packages/airflow/example_dags/tutorial_dag.py
[2024-08-03T08:31:16.036+0000] {processor.py:830} INFO - Processing file /home/ubuntu/airflow-venv/lib/python3.12/site-packages/airflow/example_dags/tutorial_dag.py for tasks to queue
[2024-08-03T08:31:16.037+0000] {logging_mixin.py:188} INFO - [2024-08-03T08:31:16.037+0000] {dagbag.py:545} INFO - Filling up the DagBag from /home/ubuntu/airflow-venv/lib/python3.12/site-packages/airflow/example_dags/tutorial_dag.py
[2024-08-03T08:31:16.043+0000] {processor.py:840} INFO - DAG(s) 'tutorial_dag' retrieved from /home/ubuntu/airflow-venv/lib/python3.12/site-packages/airflow/example_dags/tutorial_dag.py
[2024-08-03T08:31:16.060+0000] {logging_mixin.py:188} INFO - [2024-08-03T08:31:16.060+0000] {dag.py:3089} INFO - Sync 1 DAGs
[2024-08-03T08:31:16.074+0000] {logging_mixin.py:188} INFO - [2024-08-03T08:31:16.073+0000] {dag.py:3947} INFO - Setting next_dagrun for tutorial_dag to None, run_after=None
[2024-08-03T08:31:16.098+0000] {processor.py:183} INFO - Processing /home/ubuntu/airflow-venv/lib/python3.12/site-packages/airflow/example_dags/tutorial_dag.py took 0.070 seconds
[2024-08-03T08:32:07.616+0000] {processor.py:161} INFO - Started process (PID=1914) to work on /home/ubuntu/airflow-venv/lib/python3.12/site-packages/airflow/example_dags/tutorial_dag.py
[2024-08-03T08:32:07.618+0000] {processor.py:830} INFO - Processing file /home/ubuntu/airflow-venv/lib/python3.12/site-packages/airflow/example_dags/tutorial_dag.py for tasks to queue
[2024-08-03T08:32:07.620+0000] {logging_mixin.py:188} INFO - [2024-08-03T08:32:07.619+0000] {dagbag.py:545} INFO - Filling up the DagBag from /home/ubuntu/airflow-venv/lib/python3.12/site-packages/airflow/example_dags/tutorial_dag.py
[2024-08-03T08:32:07.626+0000] {processor.py:840} INFO - DAG(s) 'tutorial_dag' retrieved from /home/ubuntu/airflow-venv/lib/python3.12/site-packages/airflow/example_dags/tutorial_dag.py
[2024-08-03T08:32:07.643+0000] {logging_mixin.py:188} INFO - [2024-08-03T08:32:07.642+0000] {dag.py:3089} INFO - Sync 1 DAGs
[2024-08-03T08:32:07.655+0000] {logging_mixin.py:188} INFO - [2024-08-03T08:32:07.655+0000] {dag.py:3947} INFO - Setting next_dagrun for tutorial_dag to None, run_after=None
[2024-08-03T08:32:07.680+0000] {processor.py:183} INFO - Processing /home/ubuntu/airflow-venv/lib/python3.12/site-packages/airflow/example_dags/tutorial_dag.py took 0.070 seconds
[2024-08-03T08:32:51.262+0000] {processor.py:161} INFO - Started process (PID=1964) to work on /home/ubuntu/airflow-venv/lib/python3.12/site-packages/airflow/example_dags/tutorial_dag.py
[2024-08-03T08:32:51.264+0000] {processor.py:830} INFO - Processing file /home/ubuntu/airflow-venv/lib/python3.12/site-packages/airflow/example_dags/tutorial_dag.py for tasks to queue
[2024-08-03T08:32:51.266+0000] {logging_mixin.py:188} INFO - [2024-08-03T08:32:51.265+0000] {dagbag.py:545} INFO - Filling up the DagBag from /home/ubuntu/airflow-venv/lib/python3.12/site-packages/airflow/example_dags/tutorial_dag.py
[2024-08-03T08:32:51.275+0000] {processor.py:840} INFO - DAG(s) 'tutorial_dag' retrieved from /home/ubuntu/airflow-venv/lib/python3.12/site-packages/airflow/example_dags/tutorial_dag.py
[2024-08-03T08:32:51.283+0000] {logging_mixin.py:188} INFO - [2024-08-03T08:32:51.283+0000] {dag.py:3089} INFO - Sync 1 DAGs
[2024-08-03T08:32:51.297+0000] {logging_mixin.py:188} INFO - [2024-08-03T08:32:51.297+0000] {dag.py:3947} INFO - Setting next_dagrun for tutorial_dag to None, run_after=None
[2024-08-03T08:32:51.322+0000] {processor.py:183} INFO - Processing /home/ubuntu/airflow-venv/lib/python3.12/site-packages/airflow/example_dags/tutorial_dag.py took 0.065 seconds
[2024-08-03T08:33:43.454+0000] {processor.py:161} INFO - Started process (PID=2019) to work on /home/ubuntu/airflow-venv/lib/python3.12/site-packages/airflow/example_dags/tutorial_dag.py
[2024-08-03T08:33:43.456+0000] {processor.py:830} INFO - Processing file /home/ubuntu/airflow-venv/lib/python3.12/site-packages/airflow/example_dags/tutorial_dag.py for tasks to queue
[2024-08-03T08:33:43.458+0000] {logging_mixin.py:188} INFO - [2024-08-03T08:33:43.457+0000] {dagbag.py:545} INFO - Filling up the DagBag from /home/ubuntu/airflow-venv/lib/python3.12/site-packages/airflow/example_dags/tutorial_dag.py
[2024-08-03T08:33:43.464+0000] {processor.py:840} INFO - DAG(s) 'tutorial_dag' retrieved from /home/ubuntu/airflow-venv/lib/python3.12/site-packages/airflow/example_dags/tutorial_dag.py
[2024-08-03T08:33:43.572+0000] {logging_mixin.py:188} INFO - [2024-08-03T08:33:43.571+0000] {dag.py:3089} INFO - Sync 1 DAGs
[2024-08-03T08:33:43.582+0000] {logging_mixin.py:188} INFO - [2024-08-03T08:33:43.582+0000] {dag.py:3947} INFO - Setting next_dagrun for tutorial_dag to None, run_after=None
[2024-08-03T08:33:43.605+0000] {processor.py:183} INFO - Processing /home/ubuntu/airflow-venv/lib/python3.12/site-packages/airflow/example_dags/tutorial_dag.py took 0.157 seconds
[2024-08-03T08:34:42.559+0000] {processor.py:161} INFO - Started process (PID=2082) to work on /home/ubuntu/airflow-venv/lib/python3.12/site-packages/airflow/example_dags/tutorial_dag.py
[2024-08-03T08:34:42.560+0000] {processor.py:830} INFO - Processing file /home/ubuntu/airflow-venv/lib/python3.12/site-packages/airflow/example_dags/tutorial_dag.py for tasks to queue
[2024-08-03T08:34:42.562+0000] {logging_mixin.py:188} INFO - [2024-08-03T08:34:42.562+0000] {dagbag.py:545} INFO - Filling up the DagBag from /home/ubuntu/airflow-venv/lib/python3.12/site-packages/airflow/example_dags/tutorial_dag.py
[2024-08-03T08:34:42.568+0000] {processor.py:840} INFO - DAG(s) 'tutorial_dag' retrieved from /home/ubuntu/airflow-venv/lib/python3.12/site-packages/airflow/example_dags/tutorial_dag.py
[2024-08-03T08:34:42.584+0000] {logging_mixin.py:188} INFO - [2024-08-03T08:34:42.584+0000] {dag.py:3089} INFO - Sync 1 DAGs
[2024-08-03T08:34:42.597+0000] {logging_mixin.py:188} INFO - [2024-08-03T08:34:42.596+0000] {dag.py:3947} INFO - Setting next_dagrun for tutorial_dag to None, run_after=None
[2024-08-03T08:34:42.621+0000] {processor.py:183} INFO - Processing /home/ubuntu/airflow-venv/lib/python3.12/site-packages/airflow/example_dags/tutorial_dag.py took 0.069 seconds
[2024-08-03T08:35:50.233+0000] {processor.py:161} INFO - Started process (PID=2162) to work on /home/ubuntu/airflow-venv/lib/python3.12/site-packages/airflow/example_dags/tutorial_dag.py
[2024-08-03T08:35:50.235+0000] {processor.py:830} INFO - Processing file /home/ubuntu/airflow-venv/lib/python3.12/site-packages/airflow/example_dags/tutorial_dag.py for tasks to queue
[2024-08-03T08:35:50.236+0000] {logging_mixin.py:188} INFO - [2024-08-03T08:35:50.236+0000] {dagbag.py:545} INFO - Filling up the DagBag from /home/ubuntu/airflow-venv/lib/python3.12/site-packages/airflow/example_dags/tutorial_dag.py
[2024-08-03T08:35:50.242+0000] {processor.py:840} INFO - DAG(s) 'tutorial_dag' retrieved from /home/ubuntu/airflow-venv/lib/python3.12/site-packages/airflow/example_dags/tutorial_dag.py
[2024-08-03T08:35:50.259+0000] {logging_mixin.py:188} INFO - [2024-08-03T08:35:50.259+0000] {dag.py:3089} INFO - Sync 1 DAGs
[2024-08-03T08:35:50.272+0000] {logging_mixin.py:188} INFO - [2024-08-03T08:35:50.272+0000] {dag.py:3947} INFO - Setting next_dagrun for tutorial_dag to None, run_after=None
[2024-08-03T08:35:50.296+0000] {processor.py:183} INFO - Processing /home/ubuntu/airflow-venv/lib/python3.12/site-packages/airflow/example_dags/tutorial_dag.py took 0.069 seconds
[2024-08-03T08:36:38.568+0000] {processor.py:161} INFO - Started process (PID=2214) to work on /home/ubuntu/airflow-venv/lib/python3.12/site-packages/airflow/example_dags/tutorial_dag.py
[2024-08-03T08:36:38.569+0000] {processor.py:830} INFO - Processing file /home/ubuntu/airflow-venv/lib/python3.12/site-packages/airflow/example_dags/tutorial_dag.py for tasks to queue
[2024-08-03T08:36:38.571+0000] {logging_mixin.py:188} INFO - [2024-08-03T08:36:38.571+0000] {dagbag.py:545} INFO - Filling up the DagBag from /home/ubuntu/airflow-venv/lib/python3.12/site-packages/airflow/example_dags/tutorial_dag.py
[2024-08-03T08:36:38.577+0000] {processor.py:840} INFO - DAG(s) 'tutorial_dag' retrieved from /home/ubuntu/airflow-venv/lib/python3.12/site-packages/airflow/example_dags/tutorial_dag.py
[2024-08-03T08:36:38.594+0000] {logging_mixin.py:188} INFO - [2024-08-03T08:36:38.594+0000] {dag.py:3089} INFO - Sync 1 DAGs
[2024-08-03T08:36:38.607+0000] {logging_mixin.py:188} INFO - [2024-08-03T08:36:38.607+0000] {dag.py:3947} INFO - Setting next_dagrun for tutorial_dag to None, run_after=None
[2024-08-03T08:36:38.637+0000] {processor.py:183} INFO - Processing /home/ubuntu/airflow-venv/lib/python3.12/site-packages/airflow/example_dags/tutorial_dag.py took 0.076 seconds
[2024-08-03T08:37:28.697+0000] {processor.py:161} INFO - Started process (PID=2272) to work on /home/ubuntu/airflow-venv/lib/python3.12/site-packages/airflow/example_dags/tutorial_dag.py
[2024-08-03T08:37:28.699+0000] {processor.py:830} INFO - Processing file /home/ubuntu/airflow-venv/lib/python3.12/site-packages/airflow/example_dags/tutorial_dag.py for tasks to queue
[2024-08-03T08:37:28.701+0000] {logging_mixin.py:188} INFO - [2024-08-03T08:37:28.700+0000] {dagbag.py:545} INFO - Filling up the DagBag from /home/ubuntu/airflow-venv/lib/python3.12/site-packages/airflow/example_dags/tutorial_dag.py
[2024-08-03T08:37:28.707+0000] {processor.py:840} INFO - DAG(s) 'tutorial_dag' retrieved from /home/ubuntu/airflow-venv/lib/python3.12/site-packages/airflow/example_dags/tutorial_dag.py
[2024-08-03T08:37:28.724+0000] {logging_mixin.py:188} INFO - [2024-08-03T08:37:28.724+0000] {dag.py:3089} INFO - Sync 1 DAGs
[2024-08-03T08:37:28.736+0000] {logging_mixin.py:188} INFO - [2024-08-03T08:37:28.736+0000] {dag.py:3947} INFO - Setting next_dagrun for tutorial_dag to None, run_after=None
[2024-08-03T08:37:28.761+0000] {processor.py:183} INFO - Processing /home/ubuntu/airflow-venv/lib/python3.12/site-packages/airflow/example_dags/tutorial_dag.py took 0.069 seconds
[2024-08-03T08:38:22.154+0000] {processor.py:161} INFO - Started process (PID=2356) to work on /home/ubuntu/airflow-venv/lib/python3.12/site-packages/airflow/example_dags/tutorial_dag.py
[2024-08-03T08:38:22.156+0000] {processor.py:830} INFO - Processing file /home/ubuntu/airflow-venv/lib/python3.12/site-packages/airflow/example_dags/tutorial_dag.py for tasks to queue
[2024-08-03T08:38:22.157+0000] {logging_mixin.py:188} INFO - [2024-08-03T08:38:22.157+0000] {dagbag.py:545} INFO - Filling up the DagBag from /home/ubuntu/airflow-venv/lib/python3.12/site-packages/airflow/example_dags/tutorial_dag.py
[2024-08-03T08:38:22.163+0000] {processor.py:840} INFO - DAG(s) 'tutorial_dag' retrieved from /home/ubuntu/airflow-venv/lib/python3.12/site-packages/airflow/example_dags/tutorial_dag.py
[2024-08-03T08:38:22.180+0000] {logging_mixin.py:188} INFO - [2024-08-03T08:38:22.180+0000] {dag.py:3089} INFO - Sync 1 DAGs
[2024-08-03T08:38:22.192+0000] {logging_mixin.py:188} INFO - [2024-08-03T08:38:22.192+0000] {dag.py:3947} INFO - Setting next_dagrun for tutorial_dag to None, run_after=None
[2024-08-03T08:38:22.215+0000] {processor.py:183} INFO - Processing /home/ubuntu/airflow-venv/lib/python3.12/site-packages/airflow/example_dags/tutorial_dag.py took 0.067 seconds
[2024-08-03T08:39:25.306+0000] {processor.py:161} INFO - Started process (PID=2424) to work on /home/ubuntu/airflow-venv/lib/python3.12/site-packages/airflow/example_dags/tutorial_dag.py
[2024-08-03T08:39:25.308+0000] {processor.py:830} INFO - Processing file /home/ubuntu/airflow-venv/lib/python3.12/site-packages/airflow/example_dags/tutorial_dag.py for tasks to queue
[2024-08-03T08:39:25.310+0000] {logging_mixin.py:188} INFO - [2024-08-03T08:39:25.309+0000] {dagbag.py:545} INFO - Filling up the DagBag from /home/ubuntu/airflow-venv/lib/python3.12/site-packages/airflow/example_dags/tutorial_dag.py
[2024-08-03T08:39:25.316+0000] {processor.py:840} INFO - DAG(s) 'tutorial_dag' retrieved from /home/ubuntu/airflow-venv/lib/python3.12/site-packages/airflow/example_dags/tutorial_dag.py
[2024-08-03T08:39:25.333+0000] {logging_mixin.py:188} INFO - [2024-08-03T08:39:25.333+0000] {dag.py:3089} INFO - Sync 1 DAGs
[2024-08-03T08:39:25.345+0000] {logging_mixin.py:188} INFO - [2024-08-03T08:39:25.345+0000] {dag.py:3947} INFO - Setting next_dagrun for tutorial_dag to None, run_after=None
[2024-08-03T08:39:25.370+0000] {processor.py:183} INFO - Processing /home/ubuntu/airflow-venv/lib/python3.12/site-packages/airflow/example_dags/tutorial_dag.py took 0.069 seconds
[2024-08-03T08:40:20.012+0000] {processor.py:161} INFO - Started process (PID=2488) to work on /home/ubuntu/airflow-venv/lib/python3.12/site-packages/airflow/example_dags/tutorial_dag.py
[2024-08-03T08:40:20.013+0000] {processor.py:830} INFO - Processing file /home/ubuntu/airflow-venv/lib/python3.12/site-packages/airflow/example_dags/tutorial_dag.py for tasks to queue
[2024-08-03T08:40:20.015+0000] {logging_mixin.py:188} INFO - [2024-08-03T08:40:20.015+0000] {dagbag.py:545} INFO - Filling up the DagBag from /home/ubuntu/airflow-venv/lib/python3.12/site-packages/airflow/example_dags/tutorial_dag.py
[2024-08-03T08:40:20.021+0000] {processor.py:840} INFO - DAG(s) 'tutorial_dag' retrieved from /home/ubuntu/airflow-venv/lib/python3.12/site-packages/airflow/example_dags/tutorial_dag.py
[2024-08-03T08:40:20.038+0000] {logging_mixin.py:188} INFO - [2024-08-03T08:40:20.038+0000] {dag.py:3089} INFO - Sync 1 DAGs
[2024-08-03T08:40:20.051+0000] {logging_mixin.py:188} INFO - [2024-08-03T08:40:20.051+0000] {dag.py:3947} INFO - Setting next_dagrun for tutorial_dag to None, run_after=None
[2024-08-03T08:40:20.074+0000] {processor.py:183} INFO - Processing /home/ubuntu/airflow-venv/lib/python3.12/site-packages/airflow/example_dags/tutorial_dag.py took 0.069 seconds
[2024-08-03T08:41:10.622+0000] {processor.py:161} INFO - Started process (PID=2544) to work on /home/ubuntu/airflow-venv/lib/python3.12/site-packages/airflow/example_dags/tutorial_dag.py
[2024-08-03T08:41:10.624+0000] {processor.py:830} INFO - Processing file /home/ubuntu/airflow-venv/lib/python3.12/site-packages/airflow/example_dags/tutorial_dag.py for tasks to queue
[2024-08-03T08:41:10.625+0000] {logging_mixin.py:188} INFO - [2024-08-03T08:41:10.625+0000] {dagbag.py:545} INFO - Filling up the DagBag from /home/ubuntu/airflow-venv/lib/python3.12/site-packages/airflow/example_dags/tutorial_dag.py
[2024-08-03T08:41:10.632+0000] {processor.py:840} INFO - DAG(s) 'tutorial_dag' retrieved from /home/ubuntu/airflow-venv/lib/python3.12/site-packages/airflow/example_dags/tutorial_dag.py
[2024-08-03T08:41:10.649+0000] {logging_mixin.py:188} INFO - [2024-08-03T08:41:10.649+0000] {dag.py:3089} INFO - Sync 1 DAGs
[2024-08-03T08:41:10.662+0000] {logging_mixin.py:188} INFO - [2024-08-03T08:41:10.662+0000] {dag.py:3947} INFO - Setting next_dagrun for tutorial_dag to None, run_after=None
[2024-08-03T08:41:10.687+0000] {processor.py:183} INFO - Processing /home/ubuntu/airflow-venv/lib/python3.12/site-packages/airflow/example_dags/tutorial_dag.py took 0.071 seconds
[2024-08-03T08:41:54.687+0000] {processor.py:161} INFO - Started process (PID=2593) to work on /home/ubuntu/airflow-venv/lib/python3.12/site-packages/airflow/example_dags/tutorial_dag.py
[2024-08-03T08:41:54.689+0000] {processor.py:830} INFO - Processing file /home/ubuntu/airflow-venv/lib/python3.12/site-packages/airflow/example_dags/tutorial_dag.py for tasks to queue
[2024-08-03T08:41:54.691+0000] {logging_mixin.py:188} INFO - [2024-08-03T08:41:54.691+0000] {dagbag.py:545} INFO - Filling up the DagBag from /home/ubuntu/airflow-venv/lib/python3.12/site-packages/airflow/example_dags/tutorial_dag.py
[2024-08-03T08:41:54.697+0000] {processor.py:840} INFO - DAG(s) 'tutorial_dag' retrieved from /home/ubuntu/airflow-venv/lib/python3.12/site-packages/airflow/example_dags/tutorial_dag.py
[2024-08-03T08:41:54.714+0000] {logging_mixin.py:188} INFO - [2024-08-03T08:41:54.714+0000] {dag.py:3089} INFO - Sync 1 DAGs
[2024-08-03T08:41:54.727+0000] {logging_mixin.py:188} INFO - [2024-08-03T08:41:54.727+0000] {dag.py:3947} INFO - Setting next_dagrun for tutorial_dag to None, run_after=None
[2024-08-03T08:41:54.762+0000] {processor.py:183} INFO - Processing /home/ubuntu/airflow-venv/lib/python3.12/site-packages/airflow/example_dags/tutorial_dag.py took 0.081 seconds
[2024-08-03T08:42:41.206+0000] {processor.py:161} INFO - Started process (PID=2643) to work on /home/ubuntu/airflow-venv/lib/python3.12/site-packages/airflow/example_dags/tutorial_dag.py
[2024-08-03T08:42:41.207+0000] {processor.py:830} INFO - Processing file /home/ubuntu/airflow-venv/lib/python3.12/site-packages/airflow/example_dags/tutorial_dag.py for tasks to queue
[2024-08-03T08:42:41.209+0000] {logging_mixin.py:188} INFO - [2024-08-03T08:42:41.209+0000] {dagbag.py:545} INFO - Filling up the DagBag from /home/ubuntu/airflow-venv/lib/python3.12/site-packages/airflow/example_dags/tutorial_dag.py
[2024-08-03T08:42:41.215+0000] {processor.py:840} INFO - DAG(s) 'tutorial_dag' retrieved from /home/ubuntu/airflow-venv/lib/python3.12/site-packages/airflow/example_dags/tutorial_dag.py
[2024-08-03T08:42:41.232+0000] {logging_mixin.py:188} INFO - [2024-08-03T08:42:41.232+0000] {dag.py:3089} INFO - Sync 1 DAGs
[2024-08-03T08:42:41.245+0000] {logging_mixin.py:188} INFO - [2024-08-03T08:42:41.244+0000] {dag.py:3947} INFO - Setting next_dagrun for tutorial_dag to None, run_after=None
[2024-08-03T08:42:41.269+0000] {processor.py:183} INFO - Processing /home/ubuntu/airflow-venv/lib/python3.12/site-packages/airflow/example_dags/tutorial_dag.py took 0.070 seconds
[2024-08-03T08:43:23.195+0000] {processor.py:161} INFO - Started process (PID=2690) to work on /home/ubuntu/airflow-venv/lib/python3.12/site-packages/airflow/example_dags/tutorial_dag.py
[2024-08-03T08:43:23.197+0000] {processor.py:830} INFO - Processing file /home/ubuntu/airflow-venv/lib/python3.12/site-packages/airflow/example_dags/tutorial_dag.py for tasks to queue
[2024-08-03T08:43:23.199+0000] {logging_mixin.py:188} INFO - [2024-08-03T08:43:23.198+0000] {dagbag.py:545} INFO - Filling up the DagBag from /home/ubuntu/airflow-venv/lib/python3.12/site-packages/airflow/example_dags/tutorial_dag.py
[2024-08-03T08:43:23.205+0000] {processor.py:840} INFO - DAG(s) 'tutorial_dag' retrieved from /home/ubuntu/airflow-venv/lib/python3.12/site-packages/airflow/example_dags/tutorial_dag.py
[2024-08-03T08:43:23.221+0000] {logging_mixin.py:188} INFO - [2024-08-03T08:43:23.221+0000] {dag.py:3089} INFO - Sync 1 DAGs
[2024-08-03T08:43:23.233+0000] {logging_mixin.py:188} INFO - [2024-08-03T08:43:23.233+0000] {dag.py:3947} INFO - Setting next_dagrun for tutorial_dag to None, run_after=None
[2024-08-03T08:43:23.256+0000] {processor.py:183} INFO - Processing /home/ubuntu/airflow-venv/lib/python3.12/site-packages/airflow/example_dags/tutorial_dag.py took 0.067 seconds
[2024-08-03T08:44:05.286+0000] {processor.py:161} INFO - Started process (PID=2824) to work on /home/ubuntu/airflow-venv/lib/python3.12/site-packages/airflow/example_dags/tutorial_dag.py
[2024-08-03T08:44:05.288+0000] {processor.py:830} INFO - Processing file /home/ubuntu/airflow-venv/lib/python3.12/site-packages/airflow/example_dags/tutorial_dag.py for tasks to queue
[2024-08-03T08:44:05.289+0000] {logging_mixin.py:188} INFO - [2024-08-03T08:44:05.289+0000] {dagbag.py:545} INFO - Filling up the DagBag from /home/ubuntu/airflow-venv/lib/python3.12/site-packages/airflow/example_dags/tutorial_dag.py
[2024-08-03T08:44:05.295+0000] {processor.py:840} INFO - DAG(s) 'tutorial_dag' retrieved from /home/ubuntu/airflow-venv/lib/python3.12/site-packages/airflow/example_dags/tutorial_dag.py
[2024-08-03T08:44:05.312+0000] {logging_mixin.py:188} INFO - [2024-08-03T08:44:05.312+0000] {dag.py:3089} INFO - Sync 1 DAGs
[2024-08-03T08:44:05.325+0000] {logging_mixin.py:188} INFO - [2024-08-03T08:44:05.325+0000] {dag.py:3947} INFO - Setting next_dagrun for tutorial_dag to None, run_after=None
[2024-08-03T08:44:05.350+0000] {processor.py:183} INFO - Processing /home/ubuntu/airflow-venv/lib/python3.12/site-packages/airflow/example_dags/tutorial_dag.py took 0.070 seconds
[2024-08-03T08:44:47.230+0000] {processor.py:161} INFO - Started process (PID=2942) to work on /home/ubuntu/airflow-venv/lib/python3.12/site-packages/airflow/example_dags/tutorial_dag.py
[2024-08-03T08:44:47.231+0000] {processor.py:830} INFO - Processing file /home/ubuntu/airflow-venv/lib/python3.12/site-packages/airflow/example_dags/tutorial_dag.py for tasks to queue
[2024-08-03T08:44:47.233+0000] {logging_mixin.py:188} INFO - [2024-08-03T08:44:47.233+0000] {dagbag.py:545} INFO - Filling up the DagBag from /home/ubuntu/airflow-venv/lib/python3.12/site-packages/airflow/example_dags/tutorial_dag.py
[2024-08-03T08:44:47.239+0000] {processor.py:840} INFO - DAG(s) 'tutorial_dag' retrieved from /home/ubuntu/airflow-venv/lib/python3.12/site-packages/airflow/example_dags/tutorial_dag.py
[2024-08-03T08:44:47.256+0000] {logging_mixin.py:188} INFO - [2024-08-03T08:44:47.255+0000] {dag.py:3089} INFO - Sync 1 DAGs
[2024-08-03T08:44:47.268+0000] {logging_mixin.py:188} INFO - [2024-08-03T08:44:47.268+0000] {dag.py:3947} INFO - Setting next_dagrun for tutorial_dag to None, run_after=None
[2024-08-03T08:44:47.292+0000] {processor.py:183} INFO - Processing /home/ubuntu/airflow-venv/lib/python3.12/site-packages/airflow/example_dags/tutorial_dag.py took 0.069 seconds
[2024-08-03T08:45:31.968+0000] {processor.py:161} INFO - Started process (PID=3090) to work on /home/ubuntu/airflow-venv/lib/python3.12/site-packages/airflow/example_dags/tutorial_dag.py
[2024-08-03T08:45:31.969+0000] {processor.py:830} INFO - Processing file /home/ubuntu/airflow-venv/lib/python3.12/site-packages/airflow/example_dags/tutorial_dag.py for tasks to queue
[2024-08-03T08:45:31.971+0000] {logging_mixin.py:188} INFO - [2024-08-03T08:45:31.970+0000] {dagbag.py:545} INFO - Filling up the DagBag from /home/ubuntu/airflow-venv/lib/python3.12/site-packages/airflow/example_dags/tutorial_dag.py
[2024-08-03T08:45:31.976+0000] {processor.py:840} INFO - DAG(s) 'tutorial_dag' retrieved from /home/ubuntu/airflow-venv/lib/python3.12/site-packages/airflow/example_dags/tutorial_dag.py
[2024-08-03T08:45:31.993+0000] {logging_mixin.py:188} INFO - [2024-08-03T08:45:31.993+0000] {dag.py:3089} INFO - Sync 1 DAGs
[2024-08-03T08:45:32.006+0000] {logging_mixin.py:188} INFO - [2024-08-03T08:45:32.006+0000] {dag.py:3947} INFO - Setting next_dagrun for tutorial_dag to None, run_after=None
[2024-08-03T08:45:32.030+0000] {processor.py:183} INFO - Processing /home/ubuntu/airflow-venv/lib/python3.12/site-packages/airflow/example_dags/tutorial_dag.py took 0.068 seconds
[2024-08-03T08:46:14.764+0000] {processor.py:161} INFO - Started process (PID=3138) to work on /home/ubuntu/airflow-venv/lib/python3.12/site-packages/airflow/example_dags/tutorial_dag.py
[2024-08-03T08:46:14.765+0000] {processor.py:830} INFO - Processing file /home/ubuntu/airflow-venv/lib/python3.12/site-packages/airflow/example_dags/tutorial_dag.py for tasks to queue
[2024-08-03T08:46:14.767+0000] {logging_mixin.py:188} INFO - [2024-08-03T08:46:14.767+0000] {dagbag.py:545} INFO - Filling up the DagBag from /home/ubuntu/airflow-venv/lib/python3.12/site-packages/airflow/example_dags/tutorial_dag.py
[2024-08-03T08:46:14.773+0000] {processor.py:840} INFO - DAG(s) 'tutorial_dag' retrieved from /home/ubuntu/airflow-venv/lib/python3.12/site-packages/airflow/example_dags/tutorial_dag.py
[2024-08-03T08:46:14.790+0000] {logging_mixin.py:188} INFO - [2024-08-03T08:46:14.789+0000] {dag.py:3089} INFO - Sync 1 DAGs
[2024-08-03T08:46:14.802+0000] {logging_mixin.py:188} INFO - [2024-08-03T08:46:14.802+0000] {dag.py:3947} INFO - Setting next_dagrun for tutorial_dag to None, run_after=None
[2024-08-03T08:46:14.826+0000] {processor.py:183} INFO - Processing /home/ubuntu/airflow-venv/lib/python3.12/site-packages/airflow/example_dags/tutorial_dag.py took 0.068 seconds
[2024-08-03T08:46:57.087+0000] {processor.py:161} INFO - Started process (PID=3184) to work on /home/ubuntu/airflow-venv/lib/python3.12/site-packages/airflow/example_dags/tutorial_dag.py
[2024-08-03T08:46:57.088+0000] {processor.py:830} INFO - Processing file /home/ubuntu/airflow-venv/lib/python3.12/site-packages/airflow/example_dags/tutorial_dag.py for tasks to queue
[2024-08-03T08:46:57.090+0000] {logging_mixin.py:188} INFO - [2024-08-03T08:46:57.089+0000] {dagbag.py:545} INFO - Filling up the DagBag from /home/ubuntu/airflow-venv/lib/python3.12/site-packages/airflow/example_dags/tutorial_dag.py
[2024-08-03T08:46:57.096+0000] {processor.py:840} INFO - DAG(s) 'tutorial_dag' retrieved from /home/ubuntu/airflow-venv/lib/python3.12/site-packages/airflow/example_dags/tutorial_dag.py
[2024-08-03T08:46:57.113+0000] {logging_mixin.py:188} INFO - [2024-08-03T08:46:57.112+0000] {dag.py:3089} INFO - Sync 1 DAGs
[2024-08-03T08:46:57.125+0000] {logging_mixin.py:188} INFO - [2024-08-03T08:46:57.125+0000] {dag.py:3947} INFO - Setting next_dagrun for tutorial_dag to None, run_after=None
[2024-08-03T08:46:57.150+0000] {processor.py:183} INFO - Processing /home/ubuntu/airflow-venv/lib/python3.12/site-packages/airflow/example_dags/tutorial_dag.py took 0.070 seconds
[2024-08-03T08:47:40.222+0000] {processor.py:161} INFO - Started process (PID=3659) to work on /home/ubuntu/airflow-venv/lib/python3.12/site-packages/airflow/example_dags/tutorial_dag.py
[2024-08-03T08:47:40.223+0000] {processor.py:830} INFO - Processing file /home/ubuntu/airflow-venv/lib/python3.12/site-packages/airflow/example_dags/tutorial_dag.py for tasks to queue
[2024-08-03T08:47:40.225+0000] {logging_mixin.py:188} INFO - [2024-08-03T08:47:40.224+0000] {dagbag.py:545} INFO - Filling up the DagBag from /home/ubuntu/airflow-venv/lib/python3.12/site-packages/airflow/example_dags/tutorial_dag.py
[2024-08-03T08:47:40.231+0000] {processor.py:840} INFO - DAG(s) 'tutorial_dag' retrieved from /home/ubuntu/airflow-venv/lib/python3.12/site-packages/airflow/example_dags/tutorial_dag.py
[2024-08-03T08:47:40.247+0000] {logging_mixin.py:188} INFO - [2024-08-03T08:47:40.247+0000] {dag.py:3089} INFO - Sync 1 DAGs
[2024-08-03T08:47:40.260+0000] {logging_mixin.py:188} INFO - [2024-08-03T08:47:40.259+0000] {dag.py:3947} INFO - Setting next_dagrun for tutorial_dag to None, run_after=None
[2024-08-03T08:47:40.283+0000] {processor.py:183} INFO - Processing /home/ubuntu/airflow-venv/lib/python3.12/site-packages/airflow/example_dags/tutorial_dag.py took 0.067 seconds
[2024-08-03T08:48:24.683+0000] {processor.py:161} INFO - Started process (PID=3780) to work on /home/ubuntu/airflow-venv/lib/python3.12/site-packages/airflow/example_dags/tutorial_dag.py
[2024-08-03T08:48:24.684+0000] {processor.py:830} INFO - Processing file /home/ubuntu/airflow-venv/lib/python3.12/site-packages/airflow/example_dags/tutorial_dag.py for tasks to queue
[2024-08-03T08:48:24.686+0000] {logging_mixin.py:188} INFO - [2024-08-03T08:48:24.686+0000] {dagbag.py:545} INFO - Filling up the DagBag from /home/ubuntu/airflow-venv/lib/python3.12/site-packages/airflow/example_dags/tutorial_dag.py
[2024-08-03T08:48:24.692+0000] {processor.py:840} INFO - DAG(s) 'tutorial_dag' retrieved from /home/ubuntu/airflow-venv/lib/python3.12/site-packages/airflow/example_dags/tutorial_dag.py
[2024-08-03T08:48:24.709+0000] {logging_mixin.py:188} INFO - [2024-08-03T08:48:24.709+0000] {dag.py:3089} INFO - Sync 1 DAGs
[2024-08-03T08:48:24.722+0000] {logging_mixin.py:188} INFO - [2024-08-03T08:48:24.722+0000] {dag.py:3947} INFO - Setting next_dagrun for tutorial_dag to None, run_after=None
[2024-08-03T08:48:24.746+0000] {processor.py:183} INFO - Processing /home/ubuntu/airflow-venv/lib/python3.12/site-packages/airflow/example_dags/tutorial_dag.py took 0.070 seconds
[2024-08-03T08:49:06.595+0000] {processor.py:161} INFO - Started process (PID=3886) to work on /home/ubuntu/airflow-venv/lib/python3.12/site-packages/airflow/example_dags/tutorial_dag.py
[2024-08-03T08:49:06.597+0000] {processor.py:830} INFO - Processing file /home/ubuntu/airflow-venv/lib/python3.12/site-packages/airflow/example_dags/tutorial_dag.py for tasks to queue
[2024-08-03T08:49:06.599+0000] {logging_mixin.py:188} INFO - [2024-08-03T08:49:06.598+0000] {dagbag.py:545} INFO - Filling up the DagBag from /home/ubuntu/airflow-venv/lib/python3.12/site-packages/airflow/example_dags/tutorial_dag.py
[2024-08-03T08:49:06.605+0000] {processor.py:840} INFO - DAG(s) 'tutorial_dag' retrieved from /home/ubuntu/airflow-venv/lib/python3.12/site-packages/airflow/example_dags/tutorial_dag.py
[2024-08-03T08:49:06.623+0000] {logging_mixin.py:188} INFO - [2024-08-03T08:49:06.623+0000] {dag.py:3089} INFO - Sync 1 DAGs
[2024-08-03T08:49:06.636+0000] {logging_mixin.py:188} INFO - [2024-08-03T08:49:06.636+0000] {dag.py:3947} INFO - Setting next_dagrun for tutorial_dag to None, run_after=None
[2024-08-03T08:49:06.661+0000] {processor.py:183} INFO - Processing /home/ubuntu/airflow-venv/lib/python3.12/site-packages/airflow/example_dags/tutorial_dag.py took 0.072 seconds
[2024-08-03T08:49:50.229+0000] {processor.py:161} INFO - Started process (PID=4032) to work on /home/ubuntu/airflow-venv/lib/python3.12/site-packages/airflow/example_dags/tutorial_dag.py
[2024-08-03T08:49:50.231+0000] {processor.py:830} INFO - Processing file /home/ubuntu/airflow-venv/lib/python3.12/site-packages/airflow/example_dags/tutorial_dag.py for tasks to queue
[2024-08-03T08:49:50.232+0000] {logging_mixin.py:188} INFO - [2024-08-03T08:49:50.232+0000] {dagbag.py:545} INFO - Filling up the DagBag from /home/ubuntu/airflow-venv/lib/python3.12/site-packages/airflow/example_dags/tutorial_dag.py
[2024-08-03T08:49:50.238+0000] {processor.py:840} INFO - DAG(s) 'tutorial_dag' retrieved from /home/ubuntu/airflow-venv/lib/python3.12/site-packages/airflow/example_dags/tutorial_dag.py
[2024-08-03T08:49:50.255+0000] {logging_mixin.py:188} INFO - [2024-08-03T08:49:50.254+0000] {dag.py:3089} INFO - Sync 1 DAGs
[2024-08-03T08:49:50.267+0000] {logging_mixin.py:188} INFO - [2024-08-03T08:49:50.267+0000] {dag.py:3947} INFO - Setting next_dagrun for tutorial_dag to None, run_after=None
[2024-08-03T08:49:50.290+0000] {processor.py:183} INFO - Processing /home/ubuntu/airflow-venv/lib/python3.12/site-packages/airflow/example_dags/tutorial_dag.py took 0.067 seconds
[2024-08-03T08:50:36.770+0000] {processor.py:161} INFO - Started process (PID=4483) to work on /home/ubuntu/airflow-venv/lib/python3.12/site-packages/airflow/example_dags/tutorial_dag.py
[2024-08-03T08:50:36.771+0000] {processor.py:830} INFO - Processing file /home/ubuntu/airflow-venv/lib/python3.12/site-packages/airflow/example_dags/tutorial_dag.py for tasks to queue
[2024-08-03T08:50:36.773+0000] {logging_mixin.py:188} INFO - [2024-08-03T08:50:36.773+0000] {dagbag.py:545} INFO - Filling up the DagBag from /home/ubuntu/airflow-venv/lib/python3.12/site-packages/airflow/example_dags/tutorial_dag.py
[2024-08-03T08:50:36.779+0000] {processor.py:840} INFO - DAG(s) 'tutorial_dag' retrieved from /home/ubuntu/airflow-venv/lib/python3.12/site-packages/airflow/example_dags/tutorial_dag.py
[2024-08-03T08:50:36.796+0000] {logging_mixin.py:188} INFO - [2024-08-03T08:50:36.795+0000] {dag.py:3089} INFO - Sync 1 DAGs
[2024-08-03T08:50:36.808+0000] {logging_mixin.py:188} INFO - [2024-08-03T08:50:36.808+0000] {dag.py:3947} INFO - Setting next_dagrun for tutorial_dag to None, run_after=None
[2024-08-03T08:50:36.833+0000] {processor.py:183} INFO - Processing /home/ubuntu/airflow-venv/lib/python3.12/site-packages/airflow/example_dags/tutorial_dag.py took 0.071 seconds
[2024-08-03T08:51:27.811+0000] {processor.py:161} INFO - Started process (PID=4648) to work on /home/ubuntu/airflow-venv/lib/python3.12/site-packages/airflow/example_dags/tutorial_dag.py
[2024-08-03T08:51:27.812+0000] {processor.py:830} INFO - Processing file /home/ubuntu/airflow-venv/lib/python3.12/site-packages/airflow/example_dags/tutorial_dag.py for tasks to queue
[2024-08-03T08:51:27.814+0000] {logging_mixin.py:188} INFO - [2024-08-03T08:51:27.814+0000] {dagbag.py:545} INFO - Filling up the DagBag from /home/ubuntu/airflow-venv/lib/python3.12/site-packages/airflow/example_dags/tutorial_dag.py
[2024-08-03T08:51:27.820+0000] {processor.py:840} INFO - DAG(s) 'tutorial_dag' retrieved from /home/ubuntu/airflow-venv/lib/python3.12/site-packages/airflow/example_dags/tutorial_dag.py
[2024-08-03T08:51:27.837+0000] {logging_mixin.py:188} INFO - [2024-08-03T08:51:27.837+0000] {dag.py:3089} INFO - Sync 1 DAGs
[2024-08-03T08:51:27.850+0000] {logging_mixin.py:188} INFO - [2024-08-03T08:51:27.849+0000] {dag.py:3947} INFO - Setting next_dagrun for tutorial_dag to None, run_after=None
[2024-08-03T08:51:27.873+0000] {processor.py:183} INFO - Processing /home/ubuntu/airflow-venv/lib/python3.12/site-packages/airflow/example_dags/tutorial_dag.py took 0.069 seconds
[2024-08-03T08:52:14.496+0000] {processor.py:161} INFO - Started process (PID=4726) to work on /home/ubuntu/airflow-venv/lib/python3.12/site-packages/airflow/example_dags/tutorial_dag.py
[2024-08-03T08:52:14.497+0000] {processor.py:830} INFO - Processing file /home/ubuntu/airflow-venv/lib/python3.12/site-packages/airflow/example_dags/tutorial_dag.py for tasks to queue
[2024-08-03T08:52:14.499+0000] {logging_mixin.py:188} INFO - [2024-08-03T08:52:14.499+0000] {dagbag.py:545} INFO - Filling up the DagBag from /home/ubuntu/airflow-venv/lib/python3.12/site-packages/airflow/example_dags/tutorial_dag.py
[2024-08-03T08:52:14.505+0000] {processor.py:840} INFO - DAG(s) 'tutorial_dag' retrieved from /home/ubuntu/airflow-venv/lib/python3.12/site-packages/airflow/example_dags/tutorial_dag.py
[2024-08-03T08:52:14.521+0000] {logging_mixin.py:188} INFO - [2024-08-03T08:52:14.521+0000] {dag.py:3089} INFO - Sync 1 DAGs
[2024-08-03T08:52:14.534+0000] {logging_mixin.py:188} INFO - [2024-08-03T08:52:14.534+0000] {dag.py:3947} INFO - Setting next_dagrun for tutorial_dag to None, run_after=None
[2024-08-03T08:52:14.557+0000] {processor.py:183} INFO - Processing /home/ubuntu/airflow-venv/lib/python3.12/site-packages/airflow/example_dags/tutorial_dag.py took 0.069 seconds
[2024-08-03T08:52:57.740+0000] {processor.py:161} INFO - Started process (PID=4828) to work on /home/ubuntu/airflow-venv/lib/python3.12/site-packages/airflow/example_dags/tutorial_dag.py
[2024-08-03T08:52:57.741+0000] {processor.py:830} INFO - Processing file /home/ubuntu/airflow-venv/lib/python3.12/site-packages/airflow/example_dags/tutorial_dag.py for tasks to queue
[2024-08-03T08:52:57.744+0000] {logging_mixin.py:188} INFO - [2024-08-03T08:52:57.743+0000] {dagbag.py:545} INFO - Filling up the DagBag from /home/ubuntu/airflow-venv/lib/python3.12/site-packages/airflow/example_dags/tutorial_dag.py
[2024-08-03T08:52:57.749+0000] {processor.py:840} INFO - DAG(s) 'tutorial_dag' retrieved from /home/ubuntu/airflow-venv/lib/python3.12/site-packages/airflow/example_dags/tutorial_dag.py
[2024-08-03T08:52:57.766+0000] {logging_mixin.py:188} INFO - [2024-08-03T08:52:57.765+0000] {dag.py:3089} INFO - Sync 1 DAGs
[2024-08-03T08:52:57.778+0000] {logging_mixin.py:188} INFO - [2024-08-03T08:52:57.778+0000] {dag.py:3947} INFO - Setting next_dagrun for tutorial_dag to None, run_after=None
[2024-08-03T08:52:57.802+0000] {processor.py:183} INFO - Processing /home/ubuntu/airflow-venv/lib/python3.12/site-packages/airflow/example_dags/tutorial_dag.py took 0.069 seconds
[2024-08-03T08:53:41.673+0000] {processor.py:161} INFO - Started process (PID=4882) to work on /home/ubuntu/airflow-venv/lib/python3.12/site-packages/airflow/example_dags/tutorial_dag.py
[2024-08-03T08:53:41.675+0000] {processor.py:830} INFO - Processing file /home/ubuntu/airflow-venv/lib/python3.12/site-packages/airflow/example_dags/tutorial_dag.py for tasks to queue
[2024-08-03T08:53:41.677+0000] {logging_mixin.py:188} INFO - [2024-08-03T08:53:41.676+0000] {dagbag.py:545} INFO - Filling up the DagBag from /home/ubuntu/airflow-venv/lib/python3.12/site-packages/airflow/example_dags/tutorial_dag.py
[2024-08-03T08:53:41.683+0000] {processor.py:840} INFO - DAG(s) 'tutorial_dag' retrieved from /home/ubuntu/airflow-venv/lib/python3.12/site-packages/airflow/example_dags/tutorial_dag.py
[2024-08-03T08:53:41.699+0000] {logging_mixin.py:188} INFO - [2024-08-03T08:53:41.699+0000] {dag.py:3089} INFO - Sync 1 DAGs
[2024-08-03T08:53:41.712+0000] {logging_mixin.py:188} INFO - [2024-08-03T08:53:41.712+0000] {dag.py:3947} INFO - Setting next_dagrun for tutorial_dag to None, run_after=None
[2024-08-03T08:53:41.736+0000] {processor.py:183} INFO - Processing /home/ubuntu/airflow-venv/lib/python3.12/site-packages/airflow/example_dags/tutorial_dag.py took 0.069 seconds
[2024-08-03T08:54:27.148+0000] {processor.py:161} INFO - Started process (PID=4928) to work on /home/ubuntu/airflow-venv/lib/python3.12/site-packages/airflow/example_dags/tutorial_dag.py
[2024-08-03T08:54:27.149+0000] {processor.py:830} INFO - Processing file /home/ubuntu/airflow-venv/lib/python3.12/site-packages/airflow/example_dags/tutorial_dag.py for tasks to queue
[2024-08-03T08:54:27.151+0000] {logging_mixin.py:188} INFO - [2024-08-03T08:54:27.151+0000] {dagbag.py:545} INFO - Filling up the DagBag from /home/ubuntu/airflow-venv/lib/python3.12/site-packages/airflow/example_dags/tutorial_dag.py
[2024-08-03T08:54:27.157+0000] {processor.py:840} INFO - DAG(s) 'tutorial_dag' retrieved from /home/ubuntu/airflow-venv/lib/python3.12/site-packages/airflow/example_dags/tutorial_dag.py
[2024-08-03T08:54:27.174+0000] {logging_mixin.py:188} INFO - [2024-08-03T08:54:27.174+0000] {dag.py:3089} INFO - Sync 1 DAGs
[2024-08-03T08:54:27.186+0000] {logging_mixin.py:188} INFO - [2024-08-03T08:54:27.186+0000] {dag.py:3947} INFO - Setting next_dagrun for tutorial_dag to None, run_after=None
[2024-08-03T08:54:27.210+0000] {processor.py:183} INFO - Processing /home/ubuntu/airflow-venv/lib/python3.12/site-packages/airflow/example_dags/tutorial_dag.py took 0.070 seconds
[2024-08-03T08:55:29.921+0000] {processor.py:161} INFO - Started process (PID=5004) to work on /home/ubuntu/airflow-venv/lib/python3.12/site-packages/airflow/example_dags/tutorial_dag.py
[2024-08-03T08:55:29.923+0000] {processor.py:830} INFO - Processing file /home/ubuntu/airflow-venv/lib/python3.12/site-packages/airflow/example_dags/tutorial_dag.py for tasks to queue
[2024-08-03T08:55:29.925+0000] {logging_mixin.py:188} INFO - [2024-08-03T08:55:29.925+0000] {dagbag.py:545} INFO - Filling up the DagBag from /home/ubuntu/airflow-venv/lib/python3.12/site-packages/airflow/example_dags/tutorial_dag.py
[2024-08-03T08:55:29.931+0000] {processor.py:840} INFO - DAG(s) 'tutorial_dag' retrieved from /home/ubuntu/airflow-venv/lib/python3.12/site-packages/airflow/example_dags/tutorial_dag.py
[2024-08-03T08:55:29.947+0000] {logging_mixin.py:188} INFO - [2024-08-03T08:55:29.947+0000] {dag.py:3089} INFO - Sync 1 DAGs
[2024-08-03T08:55:30.084+0000] {logging_mixin.py:188} INFO - [2024-08-03T08:55:30.084+0000] {dag.py:3947} INFO - Setting next_dagrun for tutorial_dag to None, run_after=None
[2024-08-03T08:55:30.109+0000] {processor.py:183} INFO - Processing /home/ubuntu/airflow-venv/lib/python3.12/site-packages/airflow/example_dags/tutorial_dag.py took 0.195 seconds
[2024-08-03T08:56:33.886+0000] {processor.py:161} INFO - Started process (PID=5085) to work on /home/ubuntu/airflow-venv/lib/python3.12/site-packages/airflow/example_dags/tutorial_dag.py
[2024-08-03T08:56:33.887+0000] {processor.py:830} INFO - Processing file /home/ubuntu/airflow-venv/lib/python3.12/site-packages/airflow/example_dags/tutorial_dag.py for tasks to queue
[2024-08-03T08:56:33.889+0000] {logging_mixin.py:188} INFO - [2024-08-03T08:56:33.888+0000] {dagbag.py:545} INFO - Filling up the DagBag from /home/ubuntu/airflow-venv/lib/python3.12/site-packages/airflow/example_dags/tutorial_dag.py
[2024-08-03T08:56:33.894+0000] {processor.py:840} INFO - DAG(s) 'tutorial_dag' retrieved from /home/ubuntu/airflow-venv/lib/python3.12/site-packages/airflow/example_dags/tutorial_dag.py
[2024-08-03T08:56:33.911+0000] {logging_mixin.py:188} INFO - [2024-08-03T08:56:33.910+0000] {dag.py:3089} INFO - Sync 1 DAGs
[2024-08-03T08:56:33.923+0000] {logging_mixin.py:188} INFO - [2024-08-03T08:56:33.923+0000] {dag.py:3947} INFO - Setting next_dagrun for tutorial_dag to None, run_after=None
[2024-08-03T08:56:33.947+0000] {processor.py:183} INFO - Processing /home/ubuntu/airflow-venv/lib/python3.12/site-packages/airflow/example_dags/tutorial_dag.py took 0.069 seconds
[2024-08-03T08:57:24.051+0000] {processor.py:161} INFO - Started process (PID=5197) to work on /home/ubuntu/airflow-venv/lib/python3.12/site-packages/airflow/example_dags/tutorial_dag.py
[2024-08-03T08:57:24.053+0000] {processor.py:830} INFO - Processing file /home/ubuntu/airflow-venv/lib/python3.12/site-packages/airflow/example_dags/tutorial_dag.py for tasks to queue
[2024-08-03T08:57:24.055+0000] {logging_mixin.py:188} INFO - [2024-08-03T08:57:24.055+0000] {dagbag.py:545} INFO - Filling up the DagBag from /home/ubuntu/airflow-venv/lib/python3.12/site-packages/airflow/example_dags/tutorial_dag.py
[2024-08-03T08:57:24.061+0000] {processor.py:840} INFO - DAG(s) 'tutorial_dag' retrieved from /home/ubuntu/airflow-venv/lib/python3.12/site-packages/airflow/example_dags/tutorial_dag.py
[2024-08-03T08:57:24.077+0000] {logging_mixin.py:188} INFO - [2024-08-03T08:57:24.077+0000] {dag.py:3089} INFO - Sync 1 DAGs
[2024-08-03T08:57:24.089+0000] {logging_mixin.py:188} INFO - [2024-08-03T08:57:24.089+0000] {dag.py:3947} INFO - Setting next_dagrun for tutorial_dag to None, run_after=None
[2024-08-03T08:57:24.113+0000] {processor.py:183} INFO - Processing /home/ubuntu/airflow-venv/lib/python3.12/site-packages/airflow/example_dags/tutorial_dag.py took 0.069 seconds
[2024-08-03T08:58:15.085+0000] {processor.py:161} INFO - Started process (PID=5329) to work on /home/ubuntu/airflow-venv/lib/python3.12/site-packages/airflow/example_dags/tutorial_dag.py
[2024-08-03T08:58:15.086+0000] {processor.py:830} INFO - Processing file /home/ubuntu/airflow-venv/lib/python3.12/site-packages/airflow/example_dags/tutorial_dag.py for tasks to queue
[2024-08-03T08:58:15.088+0000] {logging_mixin.py:188} INFO - [2024-08-03T08:58:15.088+0000] {dagbag.py:545} INFO - Filling up the DagBag from /home/ubuntu/airflow-venv/lib/python3.12/site-packages/airflow/example_dags/tutorial_dag.py
[2024-08-03T08:58:15.094+0000] {processor.py:840} INFO - DAG(s) 'tutorial_dag' retrieved from /home/ubuntu/airflow-venv/lib/python3.12/site-packages/airflow/example_dags/tutorial_dag.py
[2024-08-03T08:58:15.237+0000] {logging_mixin.py:188} INFO - [2024-08-03T08:58:15.237+0000] {dag.py:3089} INFO - Sync 1 DAGs
[2024-08-03T08:58:15.248+0000] {logging_mixin.py:188} INFO - [2024-08-03T08:58:15.247+0000] {dag.py:3947} INFO - Setting next_dagrun for tutorial_dag to None, run_after=None
[2024-08-03T08:58:15.271+0000] {processor.py:183} INFO - Processing /home/ubuntu/airflow-venv/lib/python3.12/site-packages/airflow/example_dags/tutorial_dag.py took 0.194 seconds
[2024-08-03T08:59:06.215+0000] {processor.py:161} INFO - Started process (PID=5442) to work on /home/ubuntu/airflow-venv/lib/python3.12/site-packages/airflow/example_dags/tutorial_dag.py
[2024-08-03T08:59:06.216+0000] {processor.py:830} INFO - Processing file /home/ubuntu/airflow-venv/lib/python3.12/site-packages/airflow/example_dags/tutorial_dag.py for tasks to queue
[2024-08-03T08:59:06.218+0000] {logging_mixin.py:188} INFO - [2024-08-03T08:59:06.218+0000] {dagbag.py:545} INFO - Filling up the DagBag from /home/ubuntu/airflow-venv/lib/python3.12/site-packages/airflow/example_dags/tutorial_dag.py
[2024-08-03T08:59:06.224+0000] {processor.py:840} INFO - DAG(s) 'tutorial_dag' retrieved from /home/ubuntu/airflow-venv/lib/python3.12/site-packages/airflow/example_dags/tutorial_dag.py
[2024-08-03T08:59:06.241+0000] {logging_mixin.py:188} INFO - [2024-08-03T08:59:06.241+0000] {dag.py:3089} INFO - Sync 1 DAGs
[2024-08-03T08:59:06.254+0000] {logging_mixin.py:188} INFO - [2024-08-03T08:59:06.254+0000] {dag.py:3947} INFO - Setting next_dagrun for tutorial_dag to None, run_after=None
[2024-08-03T08:59:06.289+0000] {processor.py:183} INFO - Processing /home/ubuntu/airflow-venv/lib/python3.12/site-packages/airflow/example_dags/tutorial_dag.py took 0.082 seconds
[2024-08-03T08:59:54.892+0000] {processor.py:161} INFO - Started process (PID=5561) to work on /home/ubuntu/airflow-venv/lib/python3.12/site-packages/airflow/example_dags/tutorial_dag.py
[2024-08-03T08:59:54.894+0000] {processor.py:830} INFO - Processing file /home/ubuntu/airflow-venv/lib/python3.12/site-packages/airflow/example_dags/tutorial_dag.py for tasks to queue
[2024-08-03T08:59:54.896+0000] {logging_mixin.py:188} INFO - [2024-08-03T08:59:54.895+0000] {dagbag.py:545} INFO - Filling up the DagBag from /home/ubuntu/airflow-venv/lib/python3.12/site-packages/airflow/example_dags/tutorial_dag.py
[2024-08-03T08:59:54.902+0000] {processor.py:840} INFO - DAG(s) 'tutorial_dag' retrieved from /home/ubuntu/airflow-venv/lib/python3.12/site-packages/airflow/example_dags/tutorial_dag.py
[2024-08-03T08:59:54.919+0000] {logging_mixin.py:188} INFO - [2024-08-03T08:59:54.919+0000] {dag.py:3089} INFO - Sync 1 DAGs
[2024-08-03T08:59:54.932+0000] {logging_mixin.py:188} INFO - [2024-08-03T08:59:54.932+0000] {dag.py:3947} INFO - Setting next_dagrun for tutorial_dag to None, run_after=None
[2024-08-03T08:59:54.956+0000] {processor.py:183} INFO - Processing /home/ubuntu/airflow-venv/lib/python3.12/site-packages/airflow/example_dags/tutorial_dag.py took 0.072 seconds
[2024-08-03T09:00:39.407+0000] {processor.py:161} INFO - Started process (PID=5776) to work on /home/ubuntu/airflow-venv/lib/python3.12/site-packages/airflow/example_dags/tutorial_dag.py
[2024-08-03T09:00:39.408+0000] {processor.py:830} INFO - Processing file /home/ubuntu/airflow-venv/lib/python3.12/site-packages/airflow/example_dags/tutorial_dag.py for tasks to queue
[2024-08-03T09:00:39.410+0000] {logging_mixin.py:188} INFO - [2024-08-03T09:00:39.410+0000] {dagbag.py:545} INFO - Filling up the DagBag from /home/ubuntu/airflow-venv/lib/python3.12/site-packages/airflow/example_dags/tutorial_dag.py
[2024-08-03T09:00:39.416+0000] {processor.py:840} INFO - DAG(s) 'tutorial_dag' retrieved from /home/ubuntu/airflow-venv/lib/python3.12/site-packages/airflow/example_dags/tutorial_dag.py
[2024-08-03T09:00:39.433+0000] {logging_mixin.py:188} INFO - [2024-08-03T09:00:39.433+0000] {dag.py:3089} INFO - Sync 1 DAGs
[2024-08-03T09:00:39.445+0000] {logging_mixin.py:188} INFO - [2024-08-03T09:00:39.445+0000] {dag.py:3947} INFO - Setting next_dagrun for tutorial_dag to None, run_after=None
[2024-08-03T09:00:39.469+0000] {processor.py:183} INFO - Processing /home/ubuntu/airflow-venv/lib/python3.12/site-packages/airflow/example_dags/tutorial_dag.py took 0.070 seconds
[2024-08-03T09:01:19.161+0000] {processor.py:161} INFO - Started process (PID=5931) to work on /home/ubuntu/airflow-venv/lib/python3.12/site-packages/airflow/example_dags/tutorial_dag.py
[2024-08-03T09:01:19.162+0000] {processor.py:830} INFO - Processing file /home/ubuntu/airflow-venv/lib/python3.12/site-packages/airflow/example_dags/tutorial_dag.py for tasks to queue
[2024-08-03T09:01:19.164+0000] {logging_mixin.py:188} INFO - [2024-08-03T09:01:19.163+0000] {dagbag.py:545} INFO - Filling up the DagBag from /home/ubuntu/airflow-venv/lib/python3.12/site-packages/airflow/example_dags/tutorial_dag.py
[2024-08-03T09:01:19.170+0000] {processor.py:840} INFO - DAG(s) 'tutorial_dag' retrieved from /home/ubuntu/airflow-venv/lib/python3.12/site-packages/airflow/example_dags/tutorial_dag.py
[2024-08-03T09:01:19.187+0000] {logging_mixin.py:188} INFO - [2024-08-03T09:01:19.187+0000] {dag.py:3089} INFO - Sync 1 DAGs
[2024-08-03T09:01:19.200+0000] {logging_mixin.py:188} INFO - [2024-08-03T09:01:19.200+0000] {dag.py:3947} INFO - Setting next_dagrun for tutorial_dag to None, run_after=None
[2024-08-03T09:01:19.225+0000] {processor.py:183} INFO - Processing /home/ubuntu/airflow-venv/lib/python3.12/site-packages/airflow/example_dags/tutorial_dag.py took 0.073 seconds
[2024-08-03T09:02:02.180+0000] {processor.py:161} INFO - Started process (PID=6133) to work on /home/ubuntu/airflow-venv/lib/python3.12/site-packages/airflow/example_dags/tutorial_dag.py
[2024-08-03T09:02:02.182+0000] {processor.py:830} INFO - Processing file /home/ubuntu/airflow-venv/lib/python3.12/site-packages/airflow/example_dags/tutorial_dag.py for tasks to queue
[2024-08-03T09:02:02.184+0000] {logging_mixin.py:188} INFO - [2024-08-03T09:02:02.183+0000] {dagbag.py:545} INFO - Filling up the DagBag from /home/ubuntu/airflow-venv/lib/python3.12/site-packages/airflow/example_dags/tutorial_dag.py
[2024-08-03T09:02:02.190+0000] {processor.py:840} INFO - DAG(s) 'tutorial_dag' retrieved from /home/ubuntu/airflow-venv/lib/python3.12/site-packages/airflow/example_dags/tutorial_dag.py
[2024-08-03T09:02:02.208+0000] {logging_mixin.py:188} INFO - [2024-08-03T09:02:02.207+0000] {dag.py:3089} INFO - Sync 1 DAGs
[2024-08-03T09:02:02.221+0000] {logging_mixin.py:188} INFO - [2024-08-03T09:02:02.220+0000] {dag.py:3947} INFO - Setting next_dagrun for tutorial_dag to None, run_after=None
[2024-08-03T09:02:02.246+0000] {processor.py:183} INFO - Processing /home/ubuntu/airflow-venv/lib/python3.12/site-packages/airflow/example_dags/tutorial_dag.py took 0.074 seconds
[2024-08-03T09:02:46.605+0000] {processor.py:161} INFO - Started process (PID=6262) to work on /home/ubuntu/airflow-venv/lib/python3.12/site-packages/airflow/example_dags/tutorial_dag.py
[2024-08-03T09:02:46.606+0000] {processor.py:830} INFO - Processing file /home/ubuntu/airflow-venv/lib/python3.12/site-packages/airflow/example_dags/tutorial_dag.py for tasks to queue
[2024-08-03T09:02:46.608+0000] {logging_mixin.py:188} INFO - [2024-08-03T09:02:46.607+0000] {dagbag.py:545} INFO - Filling up the DagBag from /home/ubuntu/airflow-venv/lib/python3.12/site-packages/airflow/example_dags/tutorial_dag.py
[2024-08-03T09:02:46.614+0000] {processor.py:840} INFO - DAG(s) 'tutorial_dag' retrieved from /home/ubuntu/airflow-venv/lib/python3.12/site-packages/airflow/example_dags/tutorial_dag.py
[2024-08-03T09:02:46.631+0000] {logging_mixin.py:188} INFO - [2024-08-03T09:02:46.631+0000] {dag.py:3089} INFO - Sync 1 DAGs
[2024-08-03T09:02:46.644+0000] {logging_mixin.py:188} INFO - [2024-08-03T09:02:46.644+0000] {dag.py:3947} INFO - Setting next_dagrun for tutorial_dag to None, run_after=None
[2024-08-03T09:02:46.668+0000] {processor.py:183} INFO - Processing /home/ubuntu/airflow-venv/lib/python3.12/site-packages/airflow/example_dags/tutorial_dag.py took 0.072 seconds
[2024-08-03T09:03:26.059+0000] {processor.py:161} INFO - Started process (PID=6376) to work on /home/ubuntu/airflow-venv/lib/python3.12/site-packages/airflow/example_dags/tutorial_dag.py
[2024-08-03T09:03:26.061+0000] {processor.py:830} INFO - Processing file /home/ubuntu/airflow-venv/lib/python3.12/site-packages/airflow/example_dags/tutorial_dag.py for tasks to queue
[2024-08-03T09:03:26.062+0000] {logging_mixin.py:188} INFO - [2024-08-03T09:03:26.062+0000] {dagbag.py:545} INFO - Filling up the DagBag from /home/ubuntu/airflow-venv/lib/python3.12/site-packages/airflow/example_dags/tutorial_dag.py
[2024-08-03T09:03:26.068+0000] {processor.py:840} INFO - DAG(s) 'tutorial_dag' retrieved from /home/ubuntu/airflow-venv/lib/python3.12/site-packages/airflow/example_dags/tutorial_dag.py
[2024-08-03T09:03:26.085+0000] {logging_mixin.py:188} INFO - [2024-08-03T09:03:26.085+0000] {dag.py:3089} INFO - Sync 1 DAGs
[2024-08-03T09:03:26.098+0000] {logging_mixin.py:188} INFO - [2024-08-03T09:03:26.098+0000] {dag.py:3947} INFO - Setting next_dagrun for tutorial_dag to None, run_after=None
[2024-08-03T09:03:26.122+0000] {processor.py:183} INFO - Processing /home/ubuntu/airflow-venv/lib/python3.12/site-packages/airflow/example_dags/tutorial_dag.py took 0.072 seconds
[2024-08-03T09:04:06.402+0000] {processor.py:161} INFO - Started process (PID=6486) to work on /home/ubuntu/airflow-venv/lib/python3.12/site-packages/airflow/example_dags/tutorial_dag.py
[2024-08-03T09:04:06.404+0000] {processor.py:830} INFO - Processing file /home/ubuntu/airflow-venv/lib/python3.12/site-packages/airflow/example_dags/tutorial_dag.py for tasks to queue
[2024-08-03T09:04:06.406+0000] {logging_mixin.py:188} INFO - [2024-08-03T09:04:06.405+0000] {dagbag.py:545} INFO - Filling up the DagBag from /home/ubuntu/airflow-venv/lib/python3.12/site-packages/airflow/example_dags/tutorial_dag.py
[2024-08-03T09:04:06.412+0000] {processor.py:840} INFO - DAG(s) 'tutorial_dag' retrieved from /home/ubuntu/airflow-venv/lib/python3.12/site-packages/airflow/example_dags/tutorial_dag.py
[2024-08-03T09:04:06.429+0000] {logging_mixin.py:188} INFO - [2024-08-03T09:04:06.429+0000] {dag.py:3089} INFO - Sync 1 DAGs
[2024-08-03T09:04:06.443+0000] {logging_mixin.py:188} INFO - [2024-08-03T09:04:06.442+0000] {dag.py:3947} INFO - Setting next_dagrun for tutorial_dag to None, run_after=None
[2024-08-03T09:04:06.471+0000] {processor.py:183} INFO - Processing /home/ubuntu/airflow-venv/lib/python3.12/site-packages/airflow/example_dags/tutorial_dag.py took 0.077 seconds
[2024-08-03T09:04:48.372+0000] {processor.py:161} INFO - Started process (PID=6544) to work on /home/ubuntu/airflow-venv/lib/python3.12/site-packages/airflow/example_dags/tutorial_dag.py
[2024-08-03T09:04:48.374+0000] {processor.py:830} INFO - Processing file /home/ubuntu/airflow-venv/lib/python3.12/site-packages/airflow/example_dags/tutorial_dag.py for tasks to queue
[2024-08-03T09:04:48.376+0000] {logging_mixin.py:188} INFO - [2024-08-03T09:04:48.375+0000] {dagbag.py:545} INFO - Filling up the DagBag from /home/ubuntu/airflow-venv/lib/python3.12/site-packages/airflow/example_dags/tutorial_dag.py
[2024-08-03T09:04:48.381+0000] {processor.py:840} INFO - DAG(s) 'tutorial_dag' retrieved from /home/ubuntu/airflow-venv/lib/python3.12/site-packages/airflow/example_dags/tutorial_dag.py
[2024-08-03T09:04:48.399+0000] {logging_mixin.py:188} INFO - [2024-08-03T09:04:48.399+0000] {dag.py:3089} INFO - Sync 1 DAGs
[2024-08-03T09:04:48.412+0000] {logging_mixin.py:188} INFO - [2024-08-03T09:04:48.412+0000] {dag.py:3947} INFO - Setting next_dagrun for tutorial_dag to None, run_after=None
[2024-08-03T09:04:48.437+0000] {processor.py:183} INFO - Processing /home/ubuntu/airflow-venv/lib/python3.12/site-packages/airflow/example_dags/tutorial_dag.py took 0.073 seconds
[2024-08-03T09:05:33.230+0000] {processor.py:161} INFO - Started process (PID=6623) to work on /home/ubuntu/airflow-venv/lib/python3.12/site-packages/airflow/example_dags/tutorial_dag.py
[2024-08-03T09:05:33.231+0000] {processor.py:830} INFO - Processing file /home/ubuntu/airflow-venv/lib/python3.12/site-packages/airflow/example_dags/tutorial_dag.py for tasks to queue
[2024-08-03T09:05:33.233+0000] {logging_mixin.py:188} INFO - [2024-08-03T09:05:33.233+0000] {dagbag.py:545} INFO - Filling up the DagBag from /home/ubuntu/airflow-venv/lib/python3.12/site-packages/airflow/example_dags/tutorial_dag.py
[2024-08-03T09:05:33.239+0000] {processor.py:840} INFO - DAG(s) 'tutorial_dag' retrieved from /home/ubuntu/airflow-venv/lib/python3.12/site-packages/airflow/example_dags/tutorial_dag.py
[2024-08-03T09:05:33.256+0000] {logging_mixin.py:188} INFO - [2024-08-03T09:05:33.255+0000] {dag.py:3089} INFO - Sync 1 DAGs
[2024-08-03T09:05:33.268+0000] {logging_mixin.py:188} INFO - [2024-08-03T09:05:33.268+0000] {dag.py:3947} INFO - Setting next_dagrun for tutorial_dag to None, run_after=None
[2024-08-03T09:05:33.292+0000] {processor.py:183} INFO - Processing /home/ubuntu/airflow-venv/lib/python3.12/site-packages/airflow/example_dags/tutorial_dag.py took 0.071 seconds
[2024-08-03T09:06:16.373+0000] {processor.py:161} INFO - Started process (PID=6824) to work on /home/ubuntu/airflow-venv/lib/python3.12/site-packages/airflow/example_dags/tutorial_dag.py
[2024-08-03T09:06:16.375+0000] {processor.py:830} INFO - Processing file /home/ubuntu/airflow-venv/lib/python3.12/site-packages/airflow/example_dags/tutorial_dag.py for tasks to queue
[2024-08-03T09:06:16.376+0000] {logging_mixin.py:188} INFO - [2024-08-03T09:06:16.376+0000] {dagbag.py:545} INFO - Filling up the DagBag from /home/ubuntu/airflow-venv/lib/python3.12/site-packages/airflow/example_dags/tutorial_dag.py
[2024-08-03T09:06:16.382+0000] {processor.py:840} INFO - DAG(s) 'tutorial_dag' retrieved from /home/ubuntu/airflow-venv/lib/python3.12/site-packages/airflow/example_dags/tutorial_dag.py
[2024-08-03T09:06:16.399+0000] {logging_mixin.py:188} INFO - [2024-08-03T09:06:16.399+0000] {dag.py:3089} INFO - Sync 1 DAGs
[2024-08-03T09:06:16.411+0000] {logging_mixin.py:188} INFO - [2024-08-03T09:06:16.411+0000] {dag.py:3947} INFO - Setting next_dagrun for tutorial_dag to None, run_after=None
[2024-08-03T09:06:16.436+0000] {processor.py:183} INFO - Processing /home/ubuntu/airflow-venv/lib/python3.12/site-packages/airflow/example_dags/tutorial_dag.py took 0.071 seconds
[2024-08-03T09:07:01.663+0000] {processor.py:161} INFO - Started process (PID=7002) to work on /home/ubuntu/airflow-venv/lib/python3.12/site-packages/airflow/example_dags/tutorial_dag.py
[2024-08-03T09:07:01.664+0000] {processor.py:830} INFO - Processing file /home/ubuntu/airflow-venv/lib/python3.12/site-packages/airflow/example_dags/tutorial_dag.py for tasks to queue
[2024-08-03T09:07:01.666+0000] {logging_mixin.py:188} INFO - [2024-08-03T09:07:01.666+0000] {dagbag.py:545} INFO - Filling up the DagBag from /home/ubuntu/airflow-venv/lib/python3.12/site-packages/airflow/example_dags/tutorial_dag.py
[2024-08-03T09:07:01.672+0000] {processor.py:840} INFO - DAG(s) 'tutorial_dag' retrieved from /home/ubuntu/airflow-venv/lib/python3.12/site-packages/airflow/example_dags/tutorial_dag.py
[2024-08-03T09:07:01.690+0000] {logging_mixin.py:188} INFO - [2024-08-03T09:07:01.690+0000] {dag.py:3089} INFO - Sync 1 DAGs
[2024-08-03T09:07:01.703+0000] {logging_mixin.py:188} INFO - [2024-08-03T09:07:01.703+0000] {dag.py:3947} INFO - Setting next_dagrun for tutorial_dag to None, run_after=None
[2024-08-03T09:07:01.729+0000] {processor.py:183} INFO - Processing /home/ubuntu/airflow-venv/lib/python3.12/site-packages/airflow/example_dags/tutorial_dag.py took 0.075 seconds
[2024-08-03T09:07:46.090+0000] {processor.py:161} INFO - Started process (PID=7172) to work on /home/ubuntu/airflow-venv/lib/python3.12/site-packages/airflow/example_dags/tutorial_dag.py
[2024-08-03T09:07:46.092+0000] {processor.py:830} INFO - Processing file /home/ubuntu/airflow-venv/lib/python3.12/site-packages/airflow/example_dags/tutorial_dag.py for tasks to queue
[2024-08-03T09:07:46.094+0000] {logging_mixin.py:188} INFO - [2024-08-03T09:07:46.094+0000] {dagbag.py:545} INFO - Filling up the DagBag from /home/ubuntu/airflow-venv/lib/python3.12/site-packages/airflow/example_dags/tutorial_dag.py
[2024-08-03T09:07:46.100+0000] {processor.py:840} INFO - DAG(s) 'tutorial_dag' retrieved from /home/ubuntu/airflow-venv/lib/python3.12/site-packages/airflow/example_dags/tutorial_dag.py
[2024-08-03T09:07:46.117+0000] {logging_mixin.py:188} INFO - [2024-08-03T09:07:46.117+0000] {dag.py:3089} INFO - Sync 1 DAGs
[2024-08-03T09:07:46.130+0000] {logging_mixin.py:188} INFO - [2024-08-03T09:07:46.130+0000] {dag.py:3947} INFO - Setting next_dagrun for tutorial_dag to None, run_after=None
[2024-08-03T09:07:46.154+0000] {processor.py:183} INFO - Processing /home/ubuntu/airflow-venv/lib/python3.12/site-packages/airflow/example_dags/tutorial_dag.py took 0.071 seconds
[2024-08-03T09:08:29.990+0000] {processor.py:161} INFO - Started process (PID=7334) to work on /home/ubuntu/airflow-venv/lib/python3.12/site-packages/airflow/example_dags/tutorial_dag.py
[2024-08-03T09:08:29.992+0000] {processor.py:830} INFO - Processing file /home/ubuntu/airflow-venv/lib/python3.12/site-packages/airflow/example_dags/tutorial_dag.py for tasks to queue
[2024-08-03T09:08:29.994+0000] {logging_mixin.py:188} INFO - [2024-08-03T09:08:29.993+0000] {dagbag.py:545} INFO - Filling up the DagBag from /home/ubuntu/airflow-venv/lib/python3.12/site-packages/airflow/example_dags/tutorial_dag.py
[2024-08-03T09:08:29.999+0000] {processor.py:840} INFO - DAG(s) 'tutorial_dag' retrieved from /home/ubuntu/airflow-venv/lib/python3.12/site-packages/airflow/example_dags/tutorial_dag.py
[2024-08-03T09:08:30.018+0000] {logging_mixin.py:188} INFO - [2024-08-03T09:08:30.017+0000] {dag.py:3089} INFO - Sync 1 DAGs
[2024-08-03T09:08:30.031+0000] {logging_mixin.py:188} INFO - [2024-08-03T09:08:30.031+0000] {dag.py:3947} INFO - Setting next_dagrun for tutorial_dag to None, run_after=None
[2024-08-03T09:08:30.058+0000] {processor.py:183} INFO - Processing /home/ubuntu/airflow-venv/lib/python3.12/site-packages/airflow/example_dags/tutorial_dag.py took 0.076 seconds
[2024-08-03T09:09:11.891+0000] {processor.py:161} INFO - Started process (PID=7575) to work on /home/ubuntu/airflow-venv/lib/python3.12/site-packages/airflow/example_dags/tutorial_dag.py
[2024-08-03T09:09:11.892+0000] {processor.py:830} INFO - Processing file /home/ubuntu/airflow-venv/lib/python3.12/site-packages/airflow/example_dags/tutorial_dag.py for tasks to queue
[2024-08-03T09:09:11.894+0000] {logging_mixin.py:188} INFO - [2024-08-03T09:09:11.893+0000] {dagbag.py:545} INFO - Filling up the DagBag from /home/ubuntu/airflow-venv/lib/python3.12/site-packages/airflow/example_dags/tutorial_dag.py
[2024-08-03T09:09:11.900+0000] {processor.py:840} INFO - DAG(s) 'tutorial_dag' retrieved from /home/ubuntu/airflow-venv/lib/python3.12/site-packages/airflow/example_dags/tutorial_dag.py
[2024-08-03T09:09:11.917+0000] {logging_mixin.py:188} INFO - [2024-08-03T09:09:11.917+0000] {dag.py:3089} INFO - Sync 1 DAGs
[2024-08-03T09:09:11.929+0000] {logging_mixin.py:188} INFO - [2024-08-03T09:09:11.929+0000] {dag.py:3947} INFO - Setting next_dagrun for tutorial_dag to None, run_after=None
[2024-08-03T09:09:11.954+0000] {processor.py:183} INFO - Processing /home/ubuntu/airflow-venv/lib/python3.12/site-packages/airflow/example_dags/tutorial_dag.py took 0.072 seconds
[2024-08-03T09:09:54.018+0000] {processor.py:161} INFO - Started process (PID=7750) to work on /home/ubuntu/airflow-venv/lib/python3.12/site-packages/airflow/example_dags/tutorial_dag.py
[2024-08-03T09:09:54.020+0000] {processor.py:830} INFO - Processing file /home/ubuntu/airflow-venv/lib/python3.12/site-packages/airflow/example_dags/tutorial_dag.py for tasks to queue
[2024-08-03T09:09:54.022+0000] {logging_mixin.py:188} INFO - [2024-08-03T09:09:54.021+0000] {dagbag.py:545} INFO - Filling up the DagBag from /home/ubuntu/airflow-venv/lib/python3.12/site-packages/airflow/example_dags/tutorial_dag.py
[2024-08-03T09:09:54.028+0000] {processor.py:840} INFO - DAG(s) 'tutorial_dag' retrieved from /home/ubuntu/airflow-venv/lib/python3.12/site-packages/airflow/example_dags/tutorial_dag.py
[2024-08-03T09:09:54.045+0000] {logging_mixin.py:188} INFO - [2024-08-03T09:09:54.045+0000] {dag.py:3089} INFO - Sync 1 DAGs
[2024-08-03T09:09:54.058+0000] {logging_mixin.py:188} INFO - [2024-08-03T09:09:54.058+0000] {dag.py:3947} INFO - Setting next_dagrun for tutorial_dag to None, run_after=None
[2024-08-03T09:09:54.084+0000] {processor.py:183} INFO - Processing /home/ubuntu/airflow-venv/lib/python3.12/site-packages/airflow/example_dags/tutorial_dag.py took 0.074 seconds
[2024-08-03T09:10:35.523+0000] {processor.py:161} INFO - Started process (PID=7882) to work on /home/ubuntu/airflow-venv/lib/python3.12/site-packages/airflow/example_dags/tutorial_dag.py
[2024-08-03T09:10:35.524+0000] {processor.py:830} INFO - Processing file /home/ubuntu/airflow-venv/lib/python3.12/site-packages/airflow/example_dags/tutorial_dag.py for tasks to queue
[2024-08-03T09:10:35.526+0000] {logging_mixin.py:188} INFO - [2024-08-03T09:10:35.525+0000] {dagbag.py:545} INFO - Filling up the DagBag from /home/ubuntu/airflow-venv/lib/python3.12/site-packages/airflow/example_dags/tutorial_dag.py
[2024-08-03T09:10:35.532+0000] {processor.py:840} INFO - DAG(s) 'tutorial_dag' retrieved from /home/ubuntu/airflow-venv/lib/python3.12/site-packages/airflow/example_dags/tutorial_dag.py
[2024-08-03T09:10:35.548+0000] {logging_mixin.py:188} INFO - [2024-08-03T09:10:35.548+0000] {dag.py:3089} INFO - Sync 1 DAGs
[2024-08-03T09:10:35.561+0000] {logging_mixin.py:188} INFO - [2024-08-03T09:10:35.561+0000] {dag.py:3947} INFO - Setting next_dagrun for tutorial_dag to None, run_after=None
[2024-08-03T09:10:35.586+0000] {processor.py:183} INFO - Processing /home/ubuntu/airflow-venv/lib/python3.12/site-packages/airflow/example_dags/tutorial_dag.py took 0.071 seconds
[2024-08-03T09:11:16.740+0000] {processor.py:161} INFO - Started process (PID=7995) to work on /home/ubuntu/airflow-venv/lib/python3.12/site-packages/airflow/example_dags/tutorial_dag.py
[2024-08-03T09:11:16.742+0000] {processor.py:830} INFO - Processing file /home/ubuntu/airflow-venv/lib/python3.12/site-packages/airflow/example_dags/tutorial_dag.py for tasks to queue
[2024-08-03T09:11:16.743+0000] {logging_mixin.py:188} INFO - [2024-08-03T09:11:16.743+0000] {dagbag.py:545} INFO - Filling up the DagBag from /home/ubuntu/airflow-venv/lib/python3.12/site-packages/airflow/example_dags/tutorial_dag.py
[2024-08-03T09:11:16.749+0000] {processor.py:840} INFO - DAG(s) 'tutorial_dag' retrieved from /home/ubuntu/airflow-venv/lib/python3.12/site-packages/airflow/example_dags/tutorial_dag.py
[2024-08-03T09:11:16.767+0000] {logging_mixin.py:188} INFO - [2024-08-03T09:11:16.767+0000] {dag.py:3089} INFO - Sync 1 DAGs
[2024-08-03T09:11:16.781+0000] {logging_mixin.py:188} INFO - [2024-08-03T09:11:16.780+0000] {dag.py:3947} INFO - Setting next_dagrun for tutorial_dag to None, run_after=None
[2024-08-03T09:11:16.806+0000] {processor.py:183} INFO - Processing /home/ubuntu/airflow-venv/lib/python3.12/site-packages/airflow/example_dags/tutorial_dag.py took 0.074 seconds
[2024-08-03T09:11:58.614+0000] {processor.py:161} INFO - Started process (PID=8083) to work on /home/ubuntu/airflow-venv/lib/python3.12/site-packages/airflow/example_dags/tutorial_dag.py
[2024-08-03T09:11:58.616+0000] {processor.py:830} INFO - Processing file /home/ubuntu/airflow-venv/lib/python3.12/site-packages/airflow/example_dags/tutorial_dag.py for tasks to queue
[2024-08-03T09:11:58.618+0000] {logging_mixin.py:188} INFO - [2024-08-03T09:11:58.617+0000] {dagbag.py:545} INFO - Filling up the DagBag from /home/ubuntu/airflow-venv/lib/python3.12/site-packages/airflow/example_dags/tutorial_dag.py
[2024-08-03T09:11:58.623+0000] {processor.py:840} INFO - DAG(s) 'tutorial_dag' retrieved from /home/ubuntu/airflow-venv/lib/python3.12/site-packages/airflow/example_dags/tutorial_dag.py
[2024-08-03T09:11:58.640+0000] {logging_mixin.py:188} INFO - [2024-08-03T09:11:58.640+0000] {dag.py:3089} INFO - Sync 1 DAGs
[2024-08-03T09:11:58.652+0000] {logging_mixin.py:188} INFO - [2024-08-03T09:11:58.652+0000] {dag.py:3947} INFO - Setting next_dagrun for tutorial_dag to None, run_after=None
[2024-08-03T09:11:58.675+0000] {processor.py:183} INFO - Processing /home/ubuntu/airflow-venv/lib/python3.12/site-packages/airflow/example_dags/tutorial_dag.py took 0.069 seconds
[2024-08-03T09:12:39.099+0000] {processor.py:161} INFO - Started process (PID=8242) to work on /home/ubuntu/airflow-venv/lib/python3.12/site-packages/airflow/example_dags/tutorial_dag.py
[2024-08-03T09:12:39.100+0000] {processor.py:830} INFO - Processing file /home/ubuntu/airflow-venv/lib/python3.12/site-packages/airflow/example_dags/tutorial_dag.py for tasks to queue
[2024-08-03T09:12:39.102+0000] {logging_mixin.py:188} INFO - [2024-08-03T09:12:39.102+0000] {dagbag.py:545} INFO - Filling up the DagBag from /home/ubuntu/airflow-venv/lib/python3.12/site-packages/airflow/example_dags/tutorial_dag.py
[2024-08-03T09:12:39.108+0000] {processor.py:840} INFO - DAG(s) 'tutorial_dag' retrieved from /home/ubuntu/airflow-venv/lib/python3.12/site-packages/airflow/example_dags/tutorial_dag.py
[2024-08-03T09:12:39.126+0000] {logging_mixin.py:188} INFO - [2024-08-03T09:12:39.125+0000] {dag.py:3089} INFO - Sync 1 DAGs
[2024-08-03T09:12:39.139+0000] {logging_mixin.py:188} INFO - [2024-08-03T09:12:39.139+0000] {dag.py:3947} INFO - Setting next_dagrun for tutorial_dag to None, run_after=None
[2024-08-03T09:12:39.165+0000] {processor.py:183} INFO - Processing /home/ubuntu/airflow-venv/lib/python3.12/site-packages/airflow/example_dags/tutorial_dag.py took 0.075 seconds
