2024-07-31 18:48:05.367 [info] Log level: Info
2024-07-31 18:48:05.367 [info] Validating found git in: "git"
2024-07-31 18:48:05.367 [info] Using git "2.43.0" from "git"
2024-07-31 18:48:05.506 [info] > git rev-parse --show-toplevel [273ms]
2024-07-31 18:48:05.506 [info] fatal: not a git repository (or any of the parent directories): .git
2024-07-31 18:48:05.518 [info] > git rev-parse --show-toplevel [4ms]
2024-07-31 18:48:05.518 [info] fatal: not a git repository (or any of the parent directories): .git
2024-07-31 18:48:05.523 [info] > git rev-parse --show-toplevel [1ms]
2024-07-31 18:48:05.523 [info] fatal: not a git repository (or any of the parent directories): .git
2024-07-31 18:48:05.527 [info] > git rev-parse --show-toplevel [1ms]
2024-07-31 18:48:05.527 [info] fatal: not a git repository (or any of the parent directories): .git
2024-07-31 18:48:05.532 [info] > git rev-parse --show-toplevel [1ms]
2024-07-31 18:48:05.532 [info] fatal: not a git repository (or any of the parent directories): .git
2024-07-31 18:48:05.536 [info] > git rev-parse --show-toplevel [1ms]
2024-07-31 18:48:05.536 [info] fatal: not a git repository (or any of the parent directories): .git
2024-07-31 18:49:54.340 [info] > git rev-parse --show-toplevel [1ms]
2024-07-31 18:49:54.340 [info] fatal: not a git repository (or any of the parent directories): .git
2024-07-31 18:56:26.905 [info] > git rev-parse --show-toplevel [5ms]
2024-07-31 18:56:26.905 [info] fatal: not a git repository (or any of the parent directories): .git
2024-07-31 18:56:27.917 [warning] Failed to get repository realpath for: "/home/ubuntu/.vscode-server/extensions/.3ff66c91-5060-45bb-9499-b1d47eb4cc1c/bundled/libs/debugpy/_vendored/pydevd/_pydevd_frame_eval/". Error: ENOENT: no such file or directory, realpath '/home/ubuntu/.vscode-server/extensions/.3ff66c91-5060-45bb-9499-b1d47eb4cc1c/bundled/libs/debugpy/_vendored/pydevd/_pydevd_frame_eval/'
2024-07-31 18:56:27.921 [warning] Failed to get repository realpath for: "/home/ubuntu/.vscode-server/extensions/.3ff66c91-5060-45bb-9499-b1d47eb4cc1c/bundled/libs/debugpy/_vendored/pydevd/pydevd_attach_to_process/linux_and_mac/". Error: ENOENT: no such file or directory, realpath '/home/ubuntu/.vscode-server/extensions/.3ff66c91-5060-45bb-9499-b1d47eb4cc1c/bundled/libs/debugpy/_vendored/pydevd/pydevd_attach_to_process/linux_and_mac/'
2024-07-31 18:56:33.690 [info] > git rev-parse --show-toplevel [2ms]
2024-07-31 18:56:33.690 [info] fatal: not a git repository (or any of the parent directories): .git
2024-07-31 18:56:36.920 [info] > git rev-parse --show-toplevel [2ms]
2024-07-31 18:56:36.920 [info] fatal: not a git repository (or any of the parent directories): .git
2024-07-31 18:56:37.111 [info] > git rev-parse --show-toplevel [1ms]
2024-07-31 18:56:37.112 [info] fatal: not a git repository (or any of the parent directories): .git
2024-07-31 19:16:49.202 [info] > git rev-parse --show-toplevel [1ms]
2024-07-31 19:16:49.202 [info] fatal: not a git repository (or any of the parent directories): .git
2024-07-31 19:16:54.214 [info] > git rev-parse --show-toplevel [1ms]
2024-07-31 19:16:54.214 [info] fatal: not a git repository (or any of the parent directories): .git
