2024-08-03 08:28:30.394 [info] [main] Log level: Info
2024-08-03 08:28:30.394 [info] [main] Validating found git in: "git"
2024-08-03 08:28:30.395 [info] [main] Using git "2.43.0" from "git"
2024-08-03 08:28:30.395 [info] [Model][doInitialScan] Initial repository scan started
2024-08-03 08:28:30.395 [info] > git rev-parse --show-toplevel [15ms]
2024-08-03 08:28:30.395 [info] fatal: not a git repository (or any of the parent directories): .git
2024-08-03 08:28:30.395 [info] > git rev-parse --show-toplevel [1ms]
2024-08-03 08:28:30.395 [info] fatal: not a git repository (or any of the parent directories): .git
2024-08-03 08:28:30.395 [info] > git rev-parse --show-toplevel [1ms]
2024-08-03 08:28:30.395 [info] fatal: not a git repository (or any of the parent directories): .git
2024-08-03 08:28:30.395 [info] > git rev-parse --show-toplevel [1ms]
2024-08-03 08:28:30.395 [info] fatal: not a git repository (or any of the parent directories): .git
2024-08-03 08:28:30.395 [info] > git rev-parse --show-toplevel [1ms]
2024-08-03 08:28:30.395 [info] fatal: not a git repository (or any of the parent directories): .git
2024-08-03 08:28:30.395 [info] > git rev-parse --show-toplevel [2ms]
2024-08-03 08:28:30.395 [info] fatal: not a git repository (or any of the parent directories): .git
2024-08-03 08:28:30.395 [info] > git rev-parse --show-toplevel [1ms]
2024-08-03 08:28:30.395 [info] fatal: not a git repository (or any of the parent directories): .git
2024-08-03 08:28:30.395 [info] [Model][doInitialScan] Initial repository scan completed - repositories (0), closed repositories (0), parent repositories (0), unsafe repositories (0)
2024-08-03 08:29:41.909 [info] > git rev-parse --show-toplevel [7ms]
2024-08-03 08:29:41.909 [info] fatal: not a git repository (or any of the parent directories): .git
2024-08-03 08:37:19.039 [info] > git rev-parse --show-toplevel [2ms]
2024-08-03 08:37:19.039 [info] fatal: not a git repository (or any of the parent directories): .git
2024-08-03 08:37:21.917 [info] > git rev-parse --show-toplevel [2ms]
2024-08-03 08:37:21.917 [info] fatal: not a git repository (or any of the parent directories): .git
2024-08-03 08:37:30.703 [info] > git rev-parse --show-toplevel [5ms]
2024-08-03 08:37:30.703 [info] fatal: not a git repository (or any of the parent directories): .git
2024-08-03 08:37:40.824 [info] > git rev-parse --show-toplevel [2ms]
2024-08-03 08:37:40.824 [info] fatal: not a git repository (or any of the parent directories): .git
2024-08-03 08:43:45.953 [info] > git rev-parse --show-toplevel [2ms]
2024-08-03 08:43:45.953 [info] fatal: not a git repository (or any of the parent directories): .git
2024-08-03 08:51:25.476 [info] > git rev-parse --show-toplevel [1ms]
2024-08-03 08:51:25.476 [info] fatal: not a git repository (or any of the parent directories): .git
2024-08-03 08:52:32.868 [info] > git rev-parse --show-toplevel [1ms]
2024-08-03 08:52:32.868 [info] fatal: not a git repository (or any of the parent directories): .git
2024-08-03 08:56:51.538 [info] > git rev-parse --show-toplevel [1ms]
2024-08-03 08:56:51.543 [info] > git rev-parse --git-dir --git-common-dir [1ms]
2024-08-03 08:56:51.559 [info] [Model][openRepository] Opened repository: /home/ubuntu
2024-08-03 08:56:51.567 [info] [Git][getRemotes] No remotes found in the git config file
2024-08-03 08:56:51.573 [info] > git config --get commit.template [6ms]
2024-08-03 08:56:51.575 [info] > git for-each-ref --format=%(refname)%00%(upstream:short)%00%(objectname)%00%(upstream:track)%00%(upstream:remotename)%00%(upstream:remoteref) refs/heads/master refs/remotes/master [3ms]
2024-08-03 08:56:51.575 [warning] [Git][getBranch] No such branch: master
2024-08-03 08:56:51.959 [info] > git status -z -uall [380ms] (cancelled)
2024-08-03 08:56:52.417 [info] > git show --textconv :airflow/dags/weather_dags.py [4ms]
2024-08-03 08:56:52.419 [info] > git ls-files --stage -- /home/ubuntu/airflow/dags/weather_dags.py [1ms]
2024-08-03 08:56:52.461 [info] > git check-ignore -v -z --stdin [1ms]
2024-08-03 08:57:00.127 [info] > git for-each-ref --format=%(refname)%00%(upstream:short)%00%(objectname)%00%(upstream:track)%00%(upstream:remotename)%00%(upstream:remoteref) refs/heads/master refs/remotes/master [1428ms]
2024-08-03 08:57:00.127 [warning] [Git][getBranch] No such branch: master
2024-08-03 08:57:00.144 [info] > git config --get commit.template [18ms]
2024-08-03 08:57:00.150 [info] [Git][getRemotes] No remotes found in the git config file
2024-08-03 08:57:00.151 [info] > git for-each-ref --format=%(refname)%00%(upstream:short)%00%(objectname)%00%(upstream:track)%00%(upstream:remotename)%00%(upstream:remoteref) refs/heads/master refs/remotes/master [1ms]
2024-08-03 08:57:00.151 [warning] [Git][getBranch] No such branch: master
2024-08-03 08:57:00.476 [info] > git status -z -uall [319ms] (cancelled)
2024-08-03 08:57:00.476 [info] > git for-each-ref --format=%(refname)%00%(upstream:short)%00%(objectname)%00%(upstream:track)%00%(upstream:remotename)%00%(upstream:remoteref) refs/heads/master refs/remotes/master [67ms]
2024-08-03 08:57:00.476 [warning] [Git][getBranch] No such branch: master
2024-08-03 08:58:10.924 [info] > git ls-files --stage -- /home/ubuntu/airflow/dags/weather_dags.py [4ms]
2024-08-03 08:58:11.150 [info] > git show --textconv :airflow/dags/weather_dags.py [2ms]
2024-08-03 08:58:35.209 [info] > git check-ignore -v -z --stdin [2ms]
2024-08-03 08:59:29.220 [info] [Git][getRemotes] No remotes found in the git config file
2024-08-03 08:59:29.222 [info] > git for-each-ref --format=%(refname)%00%(upstream:short)%00%(objectname)%00%(upstream:track)%00%(upstream:remotename)%00%(upstream:remoteref) refs/heads/master refs/remotes/master [2ms]
2024-08-03 08:59:29.222 [warning] [Git][getBranch] No such branch: master
2024-08-03 08:59:29.222 [info] > git config --get commit.template [8ms]
2024-08-03 08:59:31.079 [info] > git status -z -uall [1853ms] (cancelled)
2024-08-03 08:59:31.079 [info] > git for-each-ref --format=%(refname)%00%(upstream:short)%00%(objectname)%00%(upstream:track)%00%(upstream:remotename)%00%(upstream:remoteref) refs/heads/master refs/remotes/master [1491ms]
2024-08-03 08:59:31.080 [warning] [Git][getBranch] No such branch: master
2024-08-03 08:59:37.927 [info] > git ls-files --stage -- /home/ubuntu/airflow/dags/weather_dags.py [11ms]
2024-08-03 08:59:37.936 [info] > git cat-file -s 69777f9741be5c3c38dad8ff06dcc8591395331e [2ms]
2024-08-03 08:59:38.266 [info] > git show --textconv :airflow/dags/weather_dags.py [12ms]
2024-08-03 09:00:06.023 [info] [Git][getRemotes] No remotes found in the git config file
2024-08-03 09:00:06.024 [info] > git config --get commit.template [5ms]
2024-08-03 09:00:06.024 [info] > git for-each-ref --format=%(refname)%00%(upstream:short)%00%(objectname)%00%(upstream:track)%00%(upstream:remotename)%00%(upstream:remoteref) refs/heads/main refs/remotes/main [2ms]
2024-08-03 09:00:06.024 [warning] [Git][getBranch] No such branch: main
2024-08-03 09:00:06.429 [info] > git status -z -uall [400ms] (cancelled)
2024-08-03 09:00:06.429 [info] > git for-each-ref --format=%(refname)%00%(upstream:short)%00%(objectname)%00%(upstream:track)%00%(upstream:remotename)%00%(upstream:remoteref) refs/heads/main refs/remotes/main [87ms]
2024-08-03 09:00:06.429 [warning] [Git][getBranch] No such branch: main
2024-08-03 09:00:08.455 [info] > git ls-files --stage -- /home/ubuntu/airflow/dags/weather_dags.py [12ms]
2024-08-03 09:00:08.461 [info] > git cat-file -s 69777f9741be5c3c38dad8ff06dcc8591395331e [2ms]
2024-08-03 09:00:08.760 [info] > git show --textconv :airflow/dags/weather_dags.py [12ms]
2024-08-03 09:00:20.332 [info] [Git][getRemotes] No remotes found in the git config file
2024-08-03 09:00:20.334 [info] > git config --get commit.template [6ms]
2024-08-03 09:00:20.335 [info] > git for-each-ref --format=%(refname)%00%(upstream:short)%00%(objectname)%00%(upstream:track)%00%(upstream:remotename)%00%(upstream:remoteref) refs/heads/master refs/remotes/master [3ms]
2024-08-03 09:00:20.335 [warning] [Git][getBranch] No such branch: master
2024-08-03 09:00:20.694 [info] > git status -z -uall [356ms] (cancelled)
2024-08-03 09:00:20.694 [info] > git for-each-ref --format=%(refname)%00%(upstream:short)%00%(objectname)%00%(upstream:track)%00%(upstream:remotename)%00%(upstream:remoteref) refs/heads/master refs/remotes/master [75ms]
2024-08-03 09:00:20.694 [warning] [Git][getBranch] No such branch: master
2024-08-03 09:00:22.189 [info] > git ls-files --stage -- /home/ubuntu/airflow/dags/weather_dags.py [11ms]
2024-08-03 09:00:22.195 [info] > git cat-file -s 69777f9741be5c3c38dad8ff06dcc8591395331e [1ms]
2024-08-03 09:00:22.385 [info] > git show --textconv :airflow/dags/weather_dags.py [12ms]
2024-08-03 09:00:34.649 [info] > git ls-files --stage -- /home/ubuntu/airflow/dags/weather_dags.py [11ms]
2024-08-03 09:00:34.655 [info] > git cat-file -s 69777f9741be5c3c38dad8ff06dcc8591395331e [2ms]
2024-08-03 09:00:34.904 [info] > git show --textconv :airflow/dags/weather_dags.py [12ms]
2024-08-03 09:01:59.618 [info] > git config --get commit.template [5ms]
2024-08-03 09:01:59.619 [info] > git for-each-ref --format=%(refname)%00%(upstream:short)%00%(objectname)%00%(upstream:track)%00%(upstream:remotename)%00%(upstream:remoteref) refs/heads/main refs/remotes/main [2ms]
2024-08-03 09:01:59.619 [warning] [Git][getBranch] No such branch: main
2024-08-03 09:01:59.994 [info] > git status -z -uall [372ms] (cancelled)
2024-08-03 09:01:59.994 [info] > git for-each-ref --format=%(refname)%00%(upstream:short)%00%(objectname)%00%(upstream:track)%00%(upstream:remotename)%00%(upstream:remoteref) refs/heads/main refs/remotes/main [74ms]
2024-08-03 09:01:59.994 [warning] [Git][getBranch] No such branch: main
2024-08-03 09:02:07.354 [info] > git ls-files --stage -- /home/ubuntu/airflow/dags/weather_dags.py [18ms]
2024-08-03 09:02:07.364 [info] > git cat-file -s 69777f9741be5c3c38dad8ff06dcc8591395331e [1ms]
2024-08-03 09:02:07.619 [info] > git show --textconv :airflow/dags/weather_dags.py [12ms]
2024-08-03 09:03:06.154 [info] > git config --get commit.template [5ms]
2024-08-03 09:03:06.154 [info] > git for-each-ref --format=%(refname)%00%(upstream:short)%00%(objectname)%00%(upstream:track)%00%(upstream:remotename)%00%(upstream:remoteref) refs/heads/main refs/remotes/main [1ms]
2024-08-03 09:03:06.154 [warning] [Git][getBranch] No such branch: main
2024-08-03 09:03:06.530 [info] > git status -z -uall [372ms] (cancelled)
2024-08-03 09:03:06.530 [info] > git for-each-ref --format=%(refname)%00%(upstream:short)%00%(objectname)%00%(upstream:track)%00%(upstream:remotename)%00%(upstream:remoteref) refs/heads/main refs/remotes/main [81ms]
2024-08-03 09:03:06.530 [warning] [Git][getBranch] No such branch: main
2024-08-03 09:03:08.437 [info] > git check-ignore -v -z --stdin [13ms]
2024-08-03 09:05:02.731 [info] > git check-ignore -v -z --stdin [18ms]
2024-08-03 09:05:39.844 [info] > git check-ignore -v -z --stdin [12ms]
2024-08-03 09:05:39.929 [info] > git show --textconv :airflow/.gitignore [11ms]
2024-08-03 09:05:39.933 [info] > git ls-files --stage -- /home/ubuntu/airflow/.gitignore [12ms]
2024-08-03 09:05:43.787 [info] > git check-ignore -v -z --stdin [50ms]
2024-08-03 09:05:45.524 [info] > git show --textconv :airflow/dags/weather_dags.py [15ms]
2024-08-03 09:05:45.526 [info] > git ls-files --stage -- /home/ubuntu/airflow/dags/weather_dags.py [13ms]
2024-08-03 09:05:45.531 [info] > git cat-file -s 69777f9741be5c3c38dad8ff06dcc8591395331e [1ms]
2024-08-03 09:05:46.720 [info] > git check-ignore -v -z --stdin [12ms]
2024-08-03 09:06:00.115 [info] > git config --get commit.template [5ms]
2024-08-03 09:06:00.115 [info] > git for-each-ref --format=%(refname)%00%(upstream:short)%00%(objectname)%00%(upstream:track)%00%(upstream:remotename)%00%(upstream:remoteref) refs/heads/main refs/remotes/main [2ms]
2024-08-03 09:06:00.115 [warning] [Git][getBranch] No such branch: main
2024-08-03 09:06:00.508 [info] > git status -z -uall [389ms] (cancelled)
2024-08-03 09:06:00.508 [info] > git for-each-ref --format=%(refname)%00%(upstream:short)%00%(objectname)%00%(upstream:track)%00%(upstream:remotename)%00%(upstream:remoteref) refs/heads/main refs/remotes/main [81ms]
2024-08-03 09:06:00.508 [warning] [Git][getBranch] No such branch: main
2024-08-03 09:06:12.989 [info] > git config --get commit.template [4ms]
2024-08-03 09:06:12.989 [info] > git for-each-ref --format=%(refname)%00%(upstream:short)%00%(objectname)%00%(upstream:track)%00%(upstream:remotename)%00%(upstream:remoteref) refs/heads/main refs/remotes/main [1ms]
2024-08-03 09:06:12.989 [warning] [Git][getBranch] No such branch: main
2024-08-03 09:06:13.381 [info] > git status -z -uall [388ms] (cancelled)
2024-08-03 09:06:13.381 [info] > git for-each-ref --format=%(refname)%00%(upstream:short)%00%(objectname)%00%(upstream:track)%00%(upstream:remotename)%00%(upstream:remoteref) refs/heads/main refs/remotes/main [80ms]
2024-08-03 09:06:13.381 [warning] [Git][getBranch] No such branch: main
2024-08-03 09:07:18.625 [info] > git check-ignore -v -z --stdin [21ms]
2024-08-03 09:08:14.325 [info] > git for-each-ref --format=%(refname)%00%(upstream:short)%00%(objectname)%00%(upstream:track)%00%(upstream:remotename)%00%(upstream:remoteref) refs/heads/main refs/remotes/main [1ms]
2024-08-03 09:08:14.325 [warning] [Git][getBranch] No such branch: main
2024-08-03 09:08:14.325 [info] > git config --get commit.template [6ms]
2024-08-03 09:08:14.622 [info] > git status -z -uall [294ms] (cancelled)
2024-08-03 09:08:14.622 [info] > git for-each-ref --format=%(refname)%00%(upstream:short)%00%(objectname)%00%(upstream:track)%00%(upstream:remotename)%00%(upstream:remoteref) refs/heads/main refs/remotes/main [83ms]
2024-08-03 09:08:14.623 [warning] [Git][getBranch] No such branch: main
2024-08-03 09:09:07.844 [info] > git config --get commit.template [5ms]
2024-08-03 09:09:07.844 [info] > git for-each-ref --format=%(refname)%00%(upstream:short)%00%(objectname)%00%(upstream:track)%00%(upstream:remotename)%00%(upstream:remoteref) refs/heads/main refs/remotes/main [1ms]
2024-08-03 09:09:07.844 [warning] [Git][getBranch] No such branch: main
2024-08-03 09:09:08.117 [info] > git status -z -uall [269ms] (cancelled)
2024-08-03 09:09:08.117 [info] > git for-each-ref --format=%(refname)%00%(upstream:short)%00%(objectname)%00%(upstream:track)%00%(upstream:remotename)%00%(upstream:remoteref) refs/heads/main refs/remotes/main [70ms]
2024-08-03 09:09:08.117 [warning] [Git][getBranch] No such branch: main
2024-08-03 09:10:00.700 [info] > git check-ignore -v -z --stdin [143ms]
2024-08-03 09:10:17.473 [info] > git -c user.useConfigOnly=true commit --quiet --allow-empty-message --file - [1775ms]
2024-08-03 09:10:17.474 [info] Author identity unknown

*** Please tell me who you are.

Run

  git config --global user.email "you@example.com"
  git config --global user.name "Your Name"

to set your account's default identity.
Omit --global to set the identity only in this repository.

fatal: no email was given and auto-detection is disabled
2024-08-03 09:10:17.479 [info] > git config --get-all user.name [1ms]
2024-08-03 09:10:17.487 [info] > git config --get commit.template [4ms]
2024-08-03 09:10:17.488 [info] > git for-each-ref --format=%(refname)%00%(upstream:short)%00%(objectname)%00%(upstream:track)%00%(upstream:remotename)%00%(upstream:remoteref) refs/heads/main refs/remotes/main [1ms]
2024-08-03 09:10:17.488 [warning] [Git][getBranch] No such branch: main
2024-08-03 09:10:17.813 [info] > git status -z -uall [321ms] (cancelled)
2024-08-03 09:10:17.813 [info] > git for-each-ref --format=%(refname)%00%(upstream:short)%00%(objectname)%00%(upstream:track)%00%(upstream:remotename)%00%(upstream:remoteref) refs/heads/main refs/remotes/main [118ms]
2024-08-03 09:10:17.813 [warning] [Git][getBranch] No such branch: main
2024-08-03 09:10:26.762 [info] > git ls-files --stage -- /home/ubuntu/airflow/dags/weather_dags.py [14ms]
2024-08-03 09:10:26.769 [info] > git cat-file -s 69777f9741be5c3c38dad8ff06dcc8591395331e [2ms]
2024-08-03 09:10:27.066 [info] > git show --textconv :airflow/dags/weather_dags.py [13ms]
2024-08-03 09:10:35.270 [info] > git check-ignore -v -z --stdin [64ms]
2024-08-03 09:10:54.000 [info] > git -c user.useConfigOnly=true commit --quiet --allow-empty-message --file - [152ms]
2024-08-03 09:10:54.000 [info] Author identity unknown

*** Please tell me who you are.

Run

  git config --global user.email "you@example.com"
  git config --global user.name "Your Name"

to set your account's default identity.
Omit --global to set the identity only in this repository.

fatal: no email was given and auto-detection is disabled
2024-08-03 09:10:54.006 [info] > git config --get-all user.name [1ms]
2024-08-03 09:10:54.016 [info] > git config --get commit.template [5ms]
2024-08-03 09:10:54.017 [info] > git for-each-ref --format=%(refname)%00%(upstream:short)%00%(objectname)%00%(upstream:track)%00%(upstream:remotename)%00%(upstream:remoteref) refs/heads/main refs/remotes/main [1ms]
2024-08-03 09:10:54.017 [warning] [Git][getBranch] No such branch: main
2024-08-03 09:10:54.301 [info] > git status -z -uall [280ms] (cancelled)
2024-08-03 09:10:54.301 [info] > git for-each-ref --format=%(refname)%00%(upstream:short)%00%(objectname)%00%(upstream:track)%00%(upstream:remotename)%00%(upstream:remoteref) refs/heads/main refs/remotes/main [79ms]
2024-08-03 09:10:54.301 [warning] [Git][getBranch] No such branch: main
2024-08-03 09:10:57.476 [info] > git ls-files --stage -- /home/ubuntu/airflow/dags/weather_dags.py [13ms]
2024-08-03 09:10:57.482 [info] > git cat-file -s 69777f9741be5c3c38dad8ff06dcc8591395331e [2ms]
2024-08-03 09:10:57.787 [info] > git show --textconv :airflow/dags/weather_dags.py [14ms]
2024-08-03 09:10:58.626 [info] > git for-each-ref --sort -committerdate --format %(refname) %(objectname) %(*objectname) [1ms]
2024-08-03 09:12:00.230 [info] > git for-each-ref --format=%(refname)%00%(upstream:short)%00%(objectname)%00%(upstream:track)%00%(upstream:remotename)%00%(upstream:remoteref) refs/heads/main refs/remotes/main [2ms]
2024-08-03 09:12:00.230 [warning] [Git][getBranch] No such branch: main
2024-08-03 09:12:00.230 [info] > git config --get commit.template [6ms]
2024-08-03 09:12:00.512 [info] > git status -z -uall [278ms] (cancelled)
2024-08-03 09:12:00.512 [info] > git for-each-ref --format=%(refname)%00%(upstream:short)%00%(objectname)%00%(upstream:track)%00%(upstream:remotename)%00%(upstream:remoteref) refs/heads/main refs/remotes/main [73ms]
2024-08-03 09:12:00.512 [warning] [Git][getBranch] No such branch: main
2024-08-03 09:12:07.607 [info] > git ls-files --stage -- /home/ubuntu/airflow/dags/weather_dags.py [14ms]
2024-08-03 09:12:07.615 [info] > git cat-file -s 69777f9741be5c3c38dad8ff06dcc8591395331e [2ms]
2024-08-03 09:12:07.851 [info] > git show --textconv :airflow/dags/weather_dags.py [13ms]
2024-08-03 09:12:39.864 [info] > git config --get commit.template [4ms]
2024-08-03 09:12:39.865 [info] > git for-each-ref --format=%(refname)%00%(upstream:short)%00%(objectname)%00%(upstream:track)%00%(upstream:remotename)%00%(upstream:remoteref) refs/heads/main refs/remotes/main [1ms]
2024-08-03 09:12:39.865 [warning] [Git][getBranch] No such branch: main
2024-08-03 09:12:41.579 [info] > git status -z -uall [1710ms] (cancelled)
2024-08-03 09:12:41.579 [info] > git for-each-ref --format=%(refname)%00%(upstream:short)%00%(objectname)%00%(upstream:track)%00%(upstream:remotename)%00%(upstream:remoteref) refs/heads/main refs/remotes/main [1512ms]
2024-08-03 09:12:41.580 [warning] [Git][getBranch] No such branch: main
2024-08-03 09:12:46.785 [info] > git config --get commit.template [1ms]
2024-08-03 09:12:46.791 [info] > git for-each-ref --format=%(refname)%00%(upstream:short)%00%(objectname)%00%(upstream:track)%00%(upstream:remotename)%00%(upstream:remoteref) refs/heads/main refs/remotes/main [1ms]
2024-08-03 09:12:46.791 [warning] [Git][getBranch] No such branch: main
2024-08-03 09:12:47.062 [info] > git status -z -uall [267ms] (cancelled)
2024-08-03 09:12:47.062 [info] > git for-each-ref --format=%(refname)%00%(upstream:short)%00%(objectname)%00%(upstream:track)%00%(upstream:remotename)%00%(upstream:remoteref) refs/heads/main refs/remotes/main [76ms]
2024-08-03 09:12:47.063 [warning] [Git][getBranch] No such branch: main
2024-08-03 09:12:48.626 [info] > git ls-files --stage -- /home/ubuntu/airflow/dags/weather_dags.py [14ms]
2024-08-03 09:12:48.632 [info] > git cat-file -s 69777f9741be5c3c38dad8ff06dcc8591395331e [2ms]
2024-08-03 09:12:48.866 [info] > git show --textconv :airflow/dags/weather_dags.py [14ms]
2024-08-03 09:12:57.636 [info] > git ls-files --stage -- /home/ubuntu/airflow/dags/weather_dags.py [13ms]
2024-08-03 09:12:57.643 [info] > git cat-file -s 69777f9741be5c3c38dad8ff06dcc8591395331e [1ms]
2024-08-03 09:12:57.960 [info] > git show --textconv :airflow/dags/weather_dags.py [15ms]
2024-08-03 09:13:27.676 [info] > git config --get commit.template [9ms]
2024-08-03 09:13:27.682 [info] > git for-each-ref --format=%(refname)%00%(upstream:short)%00%(objectname)%00%(upstream:track)%00%(upstream:remotename)%00%(upstream:remoteref) refs/heads/main refs/remotes/main [5ms]
2024-08-03 09:13:27.940 [info] > git status -z -uall [249ms]
2024-08-03 09:13:28.020 [info] > git for-each-ref --format=%(refname)%00%(upstream:short)%00%(objectname)%00%(upstream:track)%00%(upstream:remotename)%00%(upstream:remoteref) refs/heads/main refs/remotes/main [68ms]
2024-08-03 09:13:28.033 [info] > git config --local branch.main.vscode-merge-base [4ms]
2024-08-03 09:13:28.034 [warning] [Git][config] git config failed: Failed to execute git
2024-08-03 09:13:28.138 [info] > git reflog main --grep-reflog=branch: Created from *. [97ms]
2024-08-03 09:13:28.164 [info] > git symbolic-ref --short refs/remotes/origin/HEAD [15ms]
2024-08-03 09:13:28.164 [info] fatal: ref refs/remotes/origin/HEAD is not a symbolic ref
2024-08-03 09:13:29.152 [info] > git ls-files --stage -- /home/ubuntu/airflow/dags/weather_dags.py [14ms]
2024-08-03 09:13:29.158 [info] > git cat-file -s 69777f9741be5c3c38dad8ff06dcc8591395331e [1ms]
2024-08-03 09:13:29.486 [info] > git show --textconv :airflow/dags/weather_dags.py [22ms]
2024-08-03 09:13:33.657 [info] > git config --get commit.template [2ms]
2024-08-03 09:13:33.663 [info] > git for-each-ref --format=%(refname)%00%(upstream:short)%00%(objectname)%00%(upstream:track)%00%(upstream:remotename)%00%(upstream:remoteref) refs/heads/main refs/remotes/main [1ms]
2024-08-03 09:13:33.810 [info] > git status -z -uall [142ms]
2024-08-03 09:13:33.821 [info] > git for-each-ref --format=%(refname)%00%(upstream:short)%00%(objectname)%00%(upstream:track)%00%(upstream:remotename)%00%(upstream:remoteref) refs/heads/main refs/remotes/main [3ms]
2024-08-03 09:13:33.827 [info] > git config --local branch.main.vscode-merge-base [1ms]
2024-08-03 09:13:33.828 [warning] [Git][config] git config failed: Failed to execute git
2024-08-03 09:13:33.833 [info] > git reflog main --grep-reflog=branch: Created from *. [2ms]
2024-08-03 09:13:33.839 [info] > git symbolic-ref --short refs/remotes/origin/HEAD [2ms]
2024-08-03 09:13:33.839 [info] fatal: ref refs/remotes/origin/HEAD is not a symbolic ref
